04-06-2022 @ 21:08:07 - Braspress Braspress - Rodoviário envio: Array
(
    [cnpjRemetente] => 27399462000180
    [cnpjDestinatario] => 11111111111111
    [modal] => R
    [tipoFrete] => 1
    [cepOrigem] => 96412830
    [cepDestino] => 80230070
    [vlrMercadoria] => 309.00
    [peso] => 2.00
    [cubagem] => Array
        (
            [0] => Array
                (
                    [largura] => 0.30
                    [altura] => 0.08
                    [comprimento] => 0.30
                    [volumes] => 1
                )

        )

    [volumes] => 1
)

04-06-2022 @ 21:08:07 - Braspress Braspress - Rodoviário resposta 200: {"id":162501299,"prazo":3,"totalFrete":74.6}
04-06-2022 @ 21:16:18 - Braspress Braspress - Rodoviário envio: Array
(
    [cnpjRemetente] => 27399462000180
    [cnpjDestinatario] => 11111111111111
    [modal] => R
    [tipoFrete] => 1
    [cepOrigem] => 96412830
    [cepDestino] => 78652000
    [vlrMercadoria] => 189.00
    [peso] => 1.50
    [cubagem] => Array
        (
            [0] => Array
                (
                    [largura] => 0.40
                    [altura] => 0.08
                    [comprimento] => 0.30
                    [volumes] => 1
                )

        )

    [volumes] => 1
)

04-06-2022 @ 21:16:18 - Braspress Braspress - Rodoviário resposta 200: {"id":162502202,"prazo":14,"totalFrete":138.16}
04-06-2022 @ 22:39:20 - Braspress Braspress - Rodoviário envio: Array
(
    [cnpjRemetente] => 27399462000180
    [cnpjDestinatario] => 11111111111111
    [modal] => R
    [tipoFrete] => 1
    [cepOrigem] => 96412830
    [cepDestino] => 05794400
    [vlrMercadoria] => 619.00
    [peso] => 5.00
    [cubagem] => Array
        (
            [0] => Array
                (
                    [largura] => 0.40
                    [altura] => 0.12
                    [comprimento] => 0.50
                    [volumes] => 1
                )

        )

    [volumes] => 1
)

04-06-2022 @ 22:39:20 - Braspress Braspress - Rodoviário resposta 200: {"id":162513181,"prazo":4,"totalFrete":108.83}
04-06-2022 @ 23:22:49 - Braspress Braspress - Rodoviário envio: Array
(
    [cnpjRemetente] => 27399462000180
    [cnpjDestinatario] => 11111111111111
    [modal] => R
    [tipoFrete] => 1
    [cepOrigem] => 96412830
    [cepDestino] => 88336095
    [vlrMercadoria] => 389.00
    [peso] => 10.00
    [cubagem] => Array
        (
            [0] => Array
                (
                    [largura] => 0.70
                    [altura] => 0.42
                    [comprimento] => 0.70
                    [volumes] => 1
                )

        )

    [volumes] => 1
)

04-06-2022 @ 23:22:49 - Braspress Braspress - Rodoviário resposta 200: {"id":162517135,"prazo":3,"totalFrete":117.54}
04-07-2022 @ 00:42:12 - Braspress Braspress - Rodoviário envio: Array
(
    [cnpjRemetente] => 27399462000180
    [cnpjDestinatario] => 11111111111111
    [modal] => R
    [tipoFrete] => 1
    [cepOrigem] => 96412830
    [cepDestino] => 93020370
    [vlrMercadoria] => 159.00
    [peso] => 1.50
    [cubagem] => Array
        (
            [0] => Array
                (
                    [largura] => 0.40
                    [altura] => 0.08
                    [comprimento] => 0.30
                    [volumes] => 1
                )

        )

    [volumes] => 1
)

04-07-2022 @ 00:42:12 - Braspress Braspress - Rodoviário resposta 200: {"id":162521505,"prazo":1,"totalFrete":36.99}
04-07-2022 @ 06:46:16 - Braspress Braspress - Rodoviário envio: Array
(
    [cnpjRemetente] => 27399462000180
    [cnpjDestinatario] => 11111111111111
    [modal] => R
    [tipoFrete] => 1
    [cepOrigem] => 96412830
    [cepDestino] => 17300000
    [vlrMercadoria] => 490.00
    [peso] => 4.00
    [cubagem] => Array
        (
            [0] => Array
                (
                    [largura] => 0.35
                    [altura] => 0.10
                    [comprimento] => 0.40
                    [volumes] => 1
                )

        )

    [volumes] => 1
)

04-07-2022 @ 06:46:16 - Braspress Braspress - Rodoviário resposta 200: {"id":162528222,"prazo":6,"totalFrete":61.07}
04-07-2022 @ 08:11:16 - Braspress Braspress - Rodoviário envio: Array
(
    [cnpjRemetente] => 27399462000180
    [cnpjDestinatario] => 11111111111111
    [modal] => R
    [tipoFrete] => 1
    [cepOrigem] => 96412830
    [cepDestino] => 01034000
    [vlrMercadoria] => 239.00
    [peso] => 3.00
    [cubagem] => Array
        (
            [0] => Array
                (
                    [largura] => 0.35
                    [altura] => 0.33
                    [comprimento] => 0.35
                    [volumes] => 1
                )

        )

    [volumes] => 1
)

04-07-2022 @ 08:11:16 - Braspress Braspress - Rodoviário resposta 200: {"id":162532675,"prazo":4,"totalFrete":119.12}
04-07-2022 @ 08:51:01 - Braspress Braspress - Rodoviário envio: Array
(
    [cnpjRemetente] => 27399462000180
    [cnpjDestinatario] => 11111111111111
    [modal] => R
    [tipoFrete] => 1
    [cepOrigem] => 96412830
    [cepDestino] => 88132147
    [vlrMercadoria] => 879.00
    [peso] => 3.50
    [cubagem] => Array
        (
            [0] => Array
                (
                    [largura] => 0.40
                    [altura] => 0.10
                    [comprimento] => 0.40
                    [volumes] => 1
                )

        )

    [volumes] => 1
)

04-07-2022 @ 08:51:01 - Braspress Braspress - Rodoviário resposta 200: {"id":162537974,"prazo":4,"totalFrete":46.65}
04-07-2022 @ 10:52:12 - Braspress Braspress - Rodoviário envio: Array
(
    [cnpjRemetente] => 27399462000180
    [cnpjDestinatario] => 11111111111111
    [modal] => R
    [tipoFrete] => 1
    [cepOrigem] => 96412830
    [cepDestino] => 98740000
    [vlrMercadoria] => 1317.00
    [peso] => 14.50
    [cubagem] => Array
        (
            [0] => Array
                (
                    [largura] => 0.20
                    [altura] => 0.15
                    [comprimento] => 0.20
                    [volumes] => 4
                )

            [1] => Array
                (
                    [largura] => 0.30
                    [altura] => 0.20
                    [comprimento] => 0.35
                    [volumes] => 2
                )

            [2] => Array
                (
                    [largura] => 0.45
                    [altura] => 0.45
                    [comprimento] => 0.45
                    [volumes] => 1
                )

        )

    [volumes] => 7
)

04-07-2022 @ 10:52:12 - Braspress Braspress - Rodoviário resposta 200: {"id":162561590,"prazo":6,"totalFrete":74.95}
04-07-2022 @ 10:52:25 - Braspress Braspress - Rodoviário envio: Array
(
    [cnpjRemetente] => 27399462000180
    [cnpjDestinatario] => 11111111111111
    [modal] => R
    [tipoFrete] => 1
    [cepOrigem] => 96412830
    [cepDestino] => 98740000
    [vlrMercadoria] => 679.00
    [peso] => 7.50
    [cubagem] => Array
        (
            [0] => Array
                (
                    [largura] => 0.20
                    [altura] => 0.15
                    [comprimento] => 0.20
                    [volumes] => 4
                )

            [1] => Array
                (
                    [largura] => 0.45
                    [altura] => 0.45
                    [comprimento] => 0.45
                    [volumes] => 1
                )

        )

    [volumes] => 5
)

04-07-2022 @ 10:52:25 - Braspress Braspress - Rodoviário resposta 200: {"id":162561634,"prazo":6,"totalFrete":65.74}
04-07-2022 @ 11:02:05 - Braspress Braspress - Rodoviário envio: Array
(
    [cnpjRemetente] => 27399462000180
    [cnpjDestinatario] => 11111111111111
    [modal] => R
    [tipoFrete] => 1
    [cepOrigem] => 96412830
    [cepDestino] => 85900040
    [vlrMercadoria] => 548.00
    [peso] => 11.00
    [cubagem] => Array
        (
            [0] => Array
                (
                    [largura] => 0.30
                    [altura] => 0.10
                    [comprimento] => 0.30
                    [volumes] => 1
                )

            [1] => Array
                (
                    [largura] => 0.37
                    [altura] => 0.70
                    [comprimento] => 0.42
                    [volumes] => 1
                )

        )

    [volumes] => 2
)

04-07-2022 @ 11:02:05 - Braspress Braspress - Rodoviário resposta 200: {"id":162563608,"prazo":4,"totalFrete":116.19}
04-07-2022 @ 11:02:39 - Braspress Braspress - Rodoviário envio: Array
(
    [cnpjRemetente] => 27399462000180
    [cnpjDestinatario] => 11111111111111
    [modal] => R
    [tipoFrete] => 1
    [cepOrigem] => 96412830
    [cepDestino] => 85900040
    [vlrMercadoria] => 359.00
    [peso] => 8.00
    [cubagem] => Array
        (
            [0] => Array
                (
                    [largura] => 0.37
                    [altura] => 0.70
                    [comprimento] => 0.42
                    [volumes] => 1
                )

        )

    [volumes] => 1
)

04-07-2022 @ 11:02:39 - Braspress Braspress - Rodoviário resposta 200: {"id":162563727,"prazo":4,"totalFrete":103.12}
04-07-2022 @ 11:03:19 - Braspress Braspress - Rodoviário envio: Array
(
    [cnpjRemetente] => 27399462000180
    [cnpjDestinatario] => 11111111111111
    [modal] => R
    [tipoFrete] => 1
    [cepOrigem] => 96412830
    [cepDestino] => 90470260
    [vlrMercadoria] => 359.00
    [peso] => 8.00
    [cubagem] => Array
        (
            [0] => Array
                (
                    [largura] => 0.37
                    [altura] => 0.70
                    [comprimento] => 0.42
                    [volumes] => 1
                )

        )

    [volumes] => 1
)

04-07-2022 @ 11:03:19 - Braspress Braspress - Rodoviário resposta 200: {"id":162563871,"prazo":1,"totalFrete":48.67}
04-07-2022 @ 11:03:45 - Braspress Braspress - Rodoviário envio: Array
(
    [cnpjRemetente] => 27399462000180
    [cnpjDestinatario] => 11111111111111
    [modal] => R
    [tipoFrete] => 1
    [cepOrigem] => 96412830
    [cepDestino] => 98740000
    [vlrMercadoria] => 339.00
    [peso] => 3.50
    [cubagem] => Array
        (
            [0] => Array
                (
                    [largura] => 0.45
                    [altura] => 0.45
                    [comprimento] => 0.45
                    [volumes] => 1
                )

        )

    [volumes] => 1
)

04-07-2022 @ 11:03:45 - Braspress Braspress - Rodoviário resposta 200: {"id":162563985,"prazo":6,"totalFrete":55.48}
04-07-2022 @ 11:06:39 - Braspress Braspress - Rodoviário envio: Array
(
    [cnpjRemetente] => 27399462000180
    [cnpjDestinatario] => 11111111111111
    [modal] => R
    [tipoFrete] => 1
    [cepOrigem] => 96412830
    [cepDestino] => 98740000
    [vlrMercadoria] => 678.00
    [peso] => 7.00
    [cubagem] => Array
        (
            [0] => Array
                (
                    [largura] => 0.45
                    [altura] => 0.45
                    [comprimento] => 0.45
                    [volumes] => 1
                )

            [1] => Array
                (
                    [largura] => 0.45
                    [altura] => 0.45
                    [comprimento] => 0.45
                    [volumes] => 1
                )

        )

    [volumes] => 2
)

04-07-2022 @ 11:06:39 - Braspress Braspress - Rodoviário resposta 200: {"id":162564632,"prazo":6,"totalFrete":72.68}
04-07-2022 @ 11:09:04 - Braspress Braspress - Rodoviário envio: Array
(
    [cnpjRemetente] => 27399462000180
    [cnpjDestinatario] => 11111111111111
    [modal] => R
    [tipoFrete] => 1
    [cepOrigem] => 96412830
    [cepDestino] => 29315711
    [vlrMercadoria] => 678.00
    [peso] => 7.00
    [cubagem] => Array
        (
            [0] => Array
                (
                    [largura] => 0.45
                    [altura] => 0.45
                    [comprimento] => 0.45
                    [volumes] => 1
                )

            [1] => Array
                (
                    [largura] => 0.45
                    [altura] => 0.45
                    [comprimento] => 0.45
                    [volumes] => 1
                )

        )

    [volumes] => 2
)

04-07-2022 @ 11:09:04 - Braspress Braspress - Rodoviário resposta 200: {"id":162565242,"prazo":4,"totalFrete":133.38}
04-07-2022 @ 11:39:22 - Braspress Braspress - Rodoviário envio: Array
(
    [cnpjRemetente] => 27399462000180
    [cnpjDestinatario] => 11111111111111
    [modal] => R
    [tipoFrete] => 1
    [cepOrigem] => 96412830
    [cepDestino] => 96160000
    [vlrMercadoria] => 319.00
    [peso] => 3.50
    [cubagem] => Array
        (
            [0] => Array
                (
                    [largura] => 0.30
                    [altura] => 0.20
                    [comprimento] => 0.35
                    [volumes] => 1
                )

        )

    [volumes] => 1
)

04-07-2022 @ 11:39:22 - Braspress Braspress - Rodoviário resposta 200: {"id":162571269,"prazo":6,"totalFrete":37.56}
04-07-2022 @ 11:43:54 - Braspress Braspress - Rodoviário envio: Array
(
    [cnpjRemetente] => 27399462000180
    [cnpjDestinatario] => 11111111111111
    [modal] => R
    [tipoFrete] => 1
    [cepOrigem] => 96412830
    [cepDestino] => 98280000
    [vlrMercadoria] => 109.00
    [peso] => 0.40
    [cubagem] => Array
        (
            [0] => Array
                (
                    [largura] => 0.23
                    [altura] => 0.10
                    [comprimento] => 0.30
                    [volumes] => 1
                )

        )

    [volumes] => 1
)

04-07-2022 @ 11:43:54 - Braspress Braspress - Rodoviário resposta 200: {"id":162572206,"prazo":3,"totalFrete":38.36}
04-07-2022 @ 12:08:53 - Braspress Braspress - Rodoviário envio: Array
(
    [cnpjRemetente] => 27399462000180
    [cnpjDestinatario] => 11111111111111
    [modal] => R
    [tipoFrete] => 1
    [cepOrigem] => 96412830
    [cepDestino] => 56302090
    [vlrMercadoria] => 249.00
    [peso] => 2.00
    [cubagem] => Array
        (
            [0] => Array
                (
                    [largura] => 0.40
                    [altura] => 0.08
                    [comprimento] => 0.40
                    [volumes] => 1
                )

        )

    [volumes] => 1
)

04-07-2022 @ 12:08:53 - Braspress Braspress - Rodoviário resposta 200: {"id":162576458,"prazo":8,"totalFrete":104.55}
04-07-2022 @ 12:56:49 - Braspress Braspress - Rodoviário envio: Array
(
    [cnpjRemetente] => 27399462000180
    [cnpjDestinatario] => 11111111111111
    [modal] => R
    [tipoFrete] => 1
    [cepOrigem] => 96412830
    [cepDestino] => 89703130
    [vlrMercadoria] => 1589.00
    [peso] => 10.00
    [cubagem] => Array
        (
            [0] => Array
                (
                    [largura] => 0.55
                    [altura] => 0.15
                    [comprimento] => 0.65
                    [volumes] => 1
                )

        )

    [volumes] => 1
)

04-07-2022 @ 12:56:49 - Braspress Braspress - Rodoviário resposta 200: {"id":162582743,"prazo":4,"totalFrete":64.86}
04-07-2022 @ 12:56:51 - Braspress Braspress - Rodoviário envio: Array
(
    [cnpjRemetente] => 27399462000180
    [cnpjDestinatario] => 11111111111111
    [modal] => R
    [tipoFrete] => 1
    [cepOrigem] => 96412830
    [cepDestino] => 89703130
    [vlrMercadoria] => 1589.00
    [peso] => 10.00
    [cubagem] => Array
        (
            [0] => Array
                (
                    [largura] => 0.55
                    [altura] => 0.15
                    [comprimento] => 0.65
                    [volumes] => 1
                )

        )

    [volumes] => 1
)

04-07-2022 @ 12:56:51 - Braspress Braspress - Rodoviário resposta 200: {"id":162582745,"prazo":4,"totalFrete":64.86}
04-07-2022 @ 13:57:49 - Braspress Braspress - Rodoviário envio: Array
(
    [cnpjRemetente] => 27399462000180
    [cnpjDestinatario] => 11111111111111
    [modal] => R
    [tipoFrete] => 1
    [cepOrigem] => 96412830
    [cepDestino] => 29120568
    [vlrMercadoria] => 849.00
    [peso] => 8.00
    [cubagem] => Array
        (
            [0] => Array
                (
                    [largura] => 0.50
                    [altura] => 0.12
                    [comprimento] => 0.60
                    [volumes] => 1
                )

        )

    [volumes] => 1
)

04-07-2022 @ 13:57:49 - Braspress Braspress - Rodoviário resposta 200: {"id":162592714,"prazo":5,"totalFrete":91.67}
04-07-2022 @ 15:09:39 - Braspress Braspress - Rodoviário envio: Array
(
    [cnpjRemetente] => 27399462000180
    [cnpjDestinatario] => 11111111111111
    [modal] => R
    [tipoFrete] => 1
    [cepOrigem] => 96412830
    [cepDestino] => 08735200
    [vlrMercadoria] => 2476.00
    [peso] => 36.00
    [cubagem] => Array
        (
            [0] => Array
                (
                    [largura] => 0.68
                    [altura] => 0.20
                    [comprimento] => 0.40
                    [volumes] => 4
                )

        )

    [volumes] => 4
)

04-07-2022 @ 15:09:39 - Braspress Braspress - Rodoviário resposta 200: {"id":162608316,"prazo":5,"totalFrete":190.09}
04-07-2022 @ 16:06:55 - Braspress Braspress - Rodoviário envio: Array
(
    [cnpjRemetente] => 27399462000180
    [cnpjDestinatario] => 11111111111111
    [modal] => R
    [tipoFrete] => 1
    [cepOrigem] => 96412830
    [cepDestino] => 04248060
    [vlrMercadoria] => 249.00
    [peso] => 2.00
    [cubagem] => Array
        (
            [0] => Array
                (
                    [largura] => 0.40
                    [altura] => 0.08
                    [comprimento] => 0.40
                    [volumes] => 1
                )

        )

    [volumes] => 1
)

04-07-2022 @ 16:06:55 - Braspress Braspress - Rodoviário resposta 200: {"id":162620559,"prazo":4,"totalFrete":105.6}
04-07-2022 @ 16:35:32 - Braspress Braspress - Rodoviário envio: Array
(
    [cnpjRemetente] => 27399462000180
    [cnpjDestinatario] => 11111111111111
    [modal] => R
    [tipoFrete] => 1
    [cepOrigem] => 96412830
    [cepDestino] => 89801015
    [vlrMercadoria] => 399.00
    [peso] => 2.00
    [cubagem] => Array
        (
            [0] => Array
                (
                    [largura] => 0.40
                    [altura] => 0.10
                    [comprimento] => 0.30
                    [volumes] => 1
                )

        )

    [volumes] => 1
)

04-07-2022 @ 16:35:32 - Braspress Braspress - Rodoviário resposta 200: {"id":162626412,"prazo":3,"totalFrete":77.57}
04-07-2022 @ 16:39:46 - Braspress Braspress - Rodoviário envio: Array
(
    [cnpjRemetente] => 27399462000180
    [cnpjDestinatario] => 11111111111111
    [modal] => R
    [tipoFrete] => 1
    [cepOrigem] => 96412830
    [cepDestino] => 95214080
    [vlrMercadoria] => 109.00
    [peso] => 0.40
    [cubagem] => Array
        (
            [0] => Array
                (
                    [largura] => 0.23
                    [altura] => 0.10
                    [comprimento] => 0.30
                    [volumes] => 1
                )

        )

    [volumes] => 1
)

04-07-2022 @ 16:39:46 - Braspress Braspress - Rodoviário resposta 200: {"id":162627380,"prazo":2,"totalFrete":63.83}
04-07-2022 @ 16:55:25 - Braspress Braspress - Rodoviário envio: Array
(
    [cnpjRemetente] => 27399462000180
    [cnpjDestinatario] => 11111111111111
    [modal] => R
    [tipoFrete] => 1
    [cepOrigem] => 96412830
    [cepDestino] => 08735200
    [vlrMercadoria] => 619.00
    [peso] => 9.00
    [cubagem] => Array
        (
            [0] => Array
                (
                    [largura] => 0.68
                    [altura] => 0.20
                    [comprimento] => 0.40
                    [volumes] => 1
                )

        )

    [volumes] => 1
)

04-07-2022 @ 16:55:25 - Braspress Braspress - Rodoviário resposta 200: {"id":162630554,"prazo":5,"totalFrete":122.42}
04-07-2022 @ 16:55:42 - Braspress Braspress - Rodoviário envio: Array
(
    [cnpjRemetente] => 27399462000180
    [cnpjDestinatario] => 11111111111111
    [modal] => R
    [tipoFrete] => 1
    [cepOrigem] => 96412830
    [cepDestino] => 08735200
    [vlrMercadoria] => 2476.00
    [peso] => 36.00
    [cubagem] => Array
        (
            [0] => Array
                (
                    [largura] => 0.68
                    [altura] => 0.20
                    [comprimento] => 0.40
                    [volumes] => 4
                )

        )

    [volumes] => 4
)

04-07-2022 @ 16:55:42 - Braspress Braspress - Rodoviário resposta 200: {"id":162630625,"prazo":5,"totalFrete":190.09}
04-07-2022 @ 17:49:48 - Braspress Braspress - Rodoviário envio: Array
(
    [cnpjRemetente] => 27399462000180
    [cnpjDestinatario] => 11111111111111
    [modal] => R
    [tipoFrete] => 1
    [cepOrigem] => 96412830
    [cepDestino] => 84061230
    [vlrMercadoria] => 839.00
    [peso] => 5.00
    [cubagem] => Array
        (
            [0] => Array
                (
                    [largura] => 0.40
                    [altura] => 0.10
                    [comprimento] => 0.40
                    [volumes] => 1
                )

        )

    [volumes] => 1
)

04-07-2022 @ 17:49:48 - Braspress Braspress - Rodoviário resposta 200: {"id":162639959,"prazo":4,"totalFrete":81.52}
04-07-2022 @ 20:51:45 - Braspress Braspress - Rodoviário envio: Array
(
    [cnpjRemetente] => 27399462000180
    [cnpjDestinatario] => 11111111111111
    [modal] => R
    [tipoFrete] => 1
    [cepOrigem] => 96412830
    [cepDestino] => 01222010
    [vlrMercadoria] => 309.00
    [peso] => 2.50
    [cubagem] => Array
        (
            [0] => Array
                (
                    [largura] => 0.40
                    [altura] => 0.08
                    [comprimento] => 0.40
                    [volumes] => 1
                )

        )

    [volumes] => 1
)

04-07-2022 @ 20:51:45 - Braspress Braspress - Rodoviário resposta 200: {"id":162657836,"prazo":4,"totalFrete":106.13}
04-07-2022 @ 20:57:07 - Braspress Braspress - Rodoviário envio: Array
(
    [cnpjRemetente] => 27399462000180
    [cnpjDestinatario] => 11111111111111
    [modal] => R
    [tipoFrete] => 1
    [cepOrigem] => 96412830
    [cepDestino] => 86192170
    [vlrMercadoria] => 699.00
    [peso] => 2.00
    [cubagem] => Array
        (
            [0] => Array
                (
                    [largura] => 0.40
                    [altura] => 0.10
                    [comprimento] => 0.30
                    [volumes] => 1
                )

        )

    [volumes] => 1
)

04-07-2022 @ 20:57:07 - Braspress Braspress - Rodoviário resposta 200: {"id":162658450,"prazo":5,"totalFrete":53.96}
