03-11-2022 @ 21:12:17 - Braspress Braspress - Rodoviário envio: Array
(
    [cnpjRemetente] => 27399462000180
    [cnpjDestinatario] => 11111111111111
    [modal] => R
    [tipoFrete] => 1
    [cepOrigem] => 96412830
    [cepDestino] => 12246015
    [vlrMercadoria] => 1589.00
    [peso] => 10.00
    [cubagem] => Array
        (
            [0] => Array
                (
                    [largura] => 0.55
                    [altura] => 0.15
                    [comprimento] => 0.65
                    [volumes] => 1
                )

        )

    [volumes] => 1
)

03-11-2022 @ 21:12:17 - Braspress Braspress - Rodoviário resposta 401: {"statusCode":403,"message":"Authentication failed","dateTime":"11/03/2022 21:12:17","errorList":null}

03-11-2022 @ 21:12:17 - Braspress Braspress - Rodoviário erro: Array
(
    [statusCode] => 403
    [message] => Authentication failed
    [dateTime] => 11/03/2022 21:12:17
    [errorList] => 
    [ambiente] => https://api.braspress.com/v1/cotacao/calcular/json
)

03-11-2022 @ 21:16:39 - Braspress Braspress - Rodoviário envio: Array
(
    [cnpjRemetente] => 27399462000180
    [cnpjDestinatario] => 11111111111111
    [modal] => R
    [tipoFrete] => 1
    [cepOrigem] => 96412830
    [cepDestino] => 03691120
    [vlrMercadoria] => 369.00
    [peso] => 3.00
    [cubagem] => Array
        (
            [0] => Array
                (
                    [largura] => 0.50
                    [altura] => 0.10
                    [comprimento] => 0.40
                    [volumes] => 1
                )

        )

    [volumes] => 1
)

03-11-2022 @ 21:16:39 - Braspress Braspress - Rodoviário resposta 401: {"statusCode":403,"message":"Authentication failed","dateTime":"11/03/2022 21:16:39","errorList":null}

03-11-2022 @ 21:16:39 - Braspress Braspress - Rodoviário erro: Array
(
    [statusCode] => 403
    [message] => Authentication failed
    [dateTime] => 11/03/2022 21:16:39
    [errorList] => 
    [ambiente] => https://api.braspress.com/v1/cotacao/calcular/json
)

03-11-2022 @ 22:22:05 - Braspress Braspress - Rodoviário envio: Array
(
    [cnpjRemetente] => 27399462000180
    [cnpjDestinatario] => 11111111111111
    [modal] => R
    [tipoFrete] => 1
    [cepOrigem] => 96412830
    [cepDestino] => 06756070
    [vlrMercadoria] => 209.00
    [peso] => 2.00
    [cubagem] => Array
        (
            [0] => Array
                (
                    [largura] => 0.30
                    [altura] => 0.08
                    [comprimento] => 0.30
                    [volumes] => 1
                )

        )

    [volumes] => 1
)

03-11-2022 @ 22:22:05 - Braspress Braspress - Rodoviário resposta 401: {"statusCode":403,"message":"Authentication failed","dateTime":"11/03/2022 22:22:05","errorList":null}

03-11-2022 @ 22:22:05 - Braspress Braspress - Rodoviário erro: Array
(
    [statusCode] => 403
    [message] => Authentication failed
    [dateTime] => 11/03/2022 22:22:05
    [errorList] => 
    [ambiente] => https://api.braspress.com/v1/cotacao/calcular/json
)

03-12-2022 @ 00:01:38 - Braspress Braspress - Rodoviário envio: Array
(
    [cnpjRemetente] => 27399462000180
    [cnpjDestinatario] => 11111111111111
    [modal] => R
    [tipoFrete] => 1
    [cepOrigem] => 96412830
    [cepDestino] => 14802190
    [vlrMercadoria] => 49.00
    [peso] => 1.00
    [cubagem] => Array
        (
            [0] => Array
                (
                    [largura] => 0.33
                    [altura] => 0.10
                    [comprimento] => 0.25
                    [volumes] => 1
                )

        )

    [volumes] => 1
)

03-12-2022 @ 00:01:38 - Braspress Braspress - Rodoviário resposta 401: {"statusCode":403,"message":"Authentication failed","dateTime":"12/03/2022 00:01:37","errorList":null}

03-12-2022 @ 00:01:38 - Braspress Braspress - Rodoviário erro: Array
(
    [statusCode] => 403
    [message] => Authentication failed
    [dateTime] => 12/03/2022 00:01:37
    [errorList] => 
    [ambiente] => https://api.braspress.com/v1/cotacao/calcular/json
)

03-12-2022 @ 09:48:22 - Braspress Braspress - Rodoviário envio: Array
(
    [cnpjRemetente] => 27399462000180
    [cnpjDestinatario] => 11111111111111
    [modal] => R
    [tipoFrete] => 1
    [cepOrigem] => 96412830
    [cepDestino] => 29400000
    [vlrMercadoria] => 309.00
    [peso] => 3.00
    [cubagem] => Array
        (
            [0] => Array
                (
                    [largura] => 0.30
                    [altura] => 0.10
                    [comprimento] => 0.40
                    [volumes] => 1
                )

        )

    [volumes] => 1
)

03-12-2022 @ 09:48:22 - Braspress Braspress - Rodoviário resposta 401: {"statusCode":403,"message":"Authentication failed","dateTime":"12/03/2022 09:48:22","errorList":null}

03-12-2022 @ 09:48:22 - Braspress Braspress - Rodoviário erro: Array
(
    [statusCode] => 403
    [message] => Authentication failed
    [dateTime] => 12/03/2022 09:48:22
    [errorList] => 
    [ambiente] => https://api.braspress.com/v1/cotacao/calcular/json
)

03-12-2022 @ 10:48:19 - Braspress Braspress - Rodoviário envio: Array
(
    [cnpjRemetente] => 27399462000180
    [cnpjDestinatario] => 11111111111111
    [modal] => R
    [tipoFrete] => 1
    [cepOrigem] => 96412830
    [cepDestino] => 84600210
    [vlrMercadoria] => 49.00
    [peso] => 1.00
    [cubagem] => Array
        (
            [0] => Array
                (
                    [largura] => 0.33
                    [altura] => 0.10
                    [comprimento] => 0.25
                    [volumes] => 1
                )

        )

    [volumes] => 1
)

03-12-2022 @ 10:48:19 - Braspress Braspress - Rodoviário resposta 401: {"statusCode":403,"message":"Authentication failed","dateTime":"12/03/2022 10:48:19","errorList":null}

03-12-2022 @ 10:48:19 - Braspress Braspress - Rodoviário erro: Array
(
    [statusCode] => 403
    [message] => Authentication failed
    [dateTime] => 12/03/2022 10:48:19
    [errorList] => 
    [ambiente] => https://api.braspress.com/v1/cotacao/calcular/json
)

03-12-2022 @ 10:54:18 - Braspress Braspress - Rodoviário envio: Array
(
    [cnpjRemetente] => 27399462000180
    [cnpjDestinatario] => 11111111111111
    [modal] => R
    [tipoFrete] => 1
    [cepOrigem] => 96412830
    [cepDestino] => 89138000
    [vlrMercadoria] => 1199.00
    [peso] => 8.00
    [cubagem] => Array
        (
            [0] => Array
                (
                    [largura] => 0.50
                    [altura] => 0.15
                    [comprimento] => 0.60
                    [volumes] => 1
                )

        )

    [volumes] => 1
)

03-12-2022 @ 10:54:18 - Braspress Braspress - Rodoviário resposta 401: {"statusCode":403,"message":"Authentication failed","dateTime":"12/03/2022 10:54:18","errorList":null}

03-12-2022 @ 10:54:18 - Braspress Braspress - Rodoviário erro: Array
(
    [statusCode] => 403
    [message] => Authentication failed
    [dateTime] => 12/03/2022 10:54:18
    [errorList] => 
    [ambiente] => https://api.braspress.com/v1/cotacao/calcular/json
)

03-12-2022 @ 11:00:46 - Braspress Braspress - Rodoviário envio: Array
(
    [cnpjRemetente] => 27399462000180
    [cnpjDestinatario] => 11111111111111
    [modal] => R
    [tipoFrete] => 1
    [cepOrigem] => 96412830
    [cepDestino] => 85805000
    [vlrMercadoria] => 799.00
    [peso] => 5.00
    [cubagem] => Array
        (
            [0] => Array
                (
                    [largura] => 0.40
                    [altura] => 0.12
                    [comprimento] => 0.50
                    [volumes] => 1
                )

        )

    [volumes] => 1
)

03-12-2022 @ 11:00:46 - Braspress Braspress - Rodoviário resposta 401: {"statusCode":403,"message":"Authentication failed","dateTime":"12/03/2022 11:00:46","errorList":null}

03-12-2022 @ 11:00:46 - Braspress Braspress - Rodoviário erro: Array
(
    [statusCode] => 403
    [message] => Authentication failed
    [dateTime] => 12/03/2022 11:00:46
    [errorList] => 
    [ambiente] => https://api.braspress.com/v1/cotacao/calcular/json
)

03-12-2022 @ 11:05:46 - Braspress Braspress - Rodoviário envio: Array
(
    [cnpjRemetente] => 27399462000180
    [cnpjDestinatario] => 11111111111111
    [modal] => R
    [tipoFrete] => 1
    [cepOrigem] => 96412830
    [cepDestino] => 98785145
    [vlrMercadoria] => 1269.00
    [peso] => 7.50
    [cubagem] => Array
        (
            [0] => Array
                (
                    [largura] => 0.35
                    [altura] => 0.10
                    [comprimento] => 0.40
                    [volumes] => 1
                )

            [1] => Array
                (
                    [largura] => 0.40
                    [altura] => 0.10
                    [comprimento] => 0.40
                    [volumes] => 1
                )

        )

    [volumes] => 2
)

03-12-2022 @ 11:05:46 - Braspress Braspress - Rodoviário resposta 401: {"statusCode":403,"message":"Authentication failed","dateTime":"12/03/2022 11:05:46","errorList":null}

03-12-2022 @ 11:05:46 - Braspress Braspress - Rodoviário erro: Array
(
    [statusCode] => 403
    [message] => Authentication failed
    [dateTime] => 12/03/2022 11:05:46
    [errorList] => 
    [ambiente] => https://api.braspress.com/v1/cotacao/calcular/json
)

03-12-2022 @ 11:08:06 - Braspress Braspress - Rodoviário envio: Array
(
    [cnpjRemetente] => 27399462000180
    [cnpjDestinatario] => 89655761053
    [modal] => R
    [tipoFrete] => 1
    [cepOrigem] => 96412830
    [cepDestino] => 98785145
    [vlrMercadoria] => 1269.00
    [peso] => 7.50
    [cubagem] => Array
        (
            [0] => Array
                (
                    [largura] => 0.35
                    [altura] => 0.10
                    [comprimento] => 0.40
                    [volumes] => 1
                )

            [1] => Array
                (
                    [largura] => 0.40
                    [altura] => 0.10
                    [comprimento] => 0.40
                    [volumes] => 1
                )

        )

    [volumes] => 2
)

03-12-2022 @ 11:08:06 - Braspress Braspress - Rodoviário resposta 401: {"statusCode":403,"message":"Authentication failed","dateTime":"12/03/2022 11:08:06","errorList":null}

03-12-2022 @ 11:08:06 - Braspress Braspress - Rodoviário erro: Array
(
    [statusCode] => 403
    [message] => Authentication failed
    [dateTime] => 12/03/2022 11:08:06
    [errorList] => 
    [ambiente] => https://api.braspress.com/v1/cotacao/calcular/json
)

03-12-2022 @ 11:08:07 - Braspress Braspress - Rodoviário envio: Array
(
    [cnpjRemetente] => 27399462000180
    [cnpjDestinatario] => 89655761053
    [modal] => R
    [tipoFrete] => 1
    [cepOrigem] => 96412830
    [cepDestino] => 98785145
    [vlrMercadoria] => 1269.00
    [peso] => 7.50
    [cubagem] => Array
        (
            [0] => Array
                (
                    [largura] => 0.35
                    [altura] => 0.10
                    [comprimento] => 0.40
                    [volumes] => 1
                )

            [1] => Array
                (
                    [largura] => 0.40
                    [altura] => 0.10
                    [comprimento] => 0.40
                    [volumes] => 1
                )

        )

    [volumes] => 2
)

03-12-2022 @ 11:08:07 - Braspress Braspress - Rodoviário resposta 401: {"statusCode":403,"message":"Authentication failed","dateTime":"12/03/2022 11:08:07","errorList":null}

03-12-2022 @ 11:08:07 - Braspress Braspress - Rodoviário erro: Array
(
    [statusCode] => 403
    [message] => Authentication failed
    [dateTime] => 12/03/2022 11:08:07
    [errorList] => 
    [ambiente] => https://api.braspress.com/v1/cotacao/calcular/json
)

03-12-2022 @ 11:08:12 - Braspress Braspress - Rodoviário envio: Array
(
    [cnpjRemetente] => 27399462000180
    [cnpjDestinatario] => 89655761053
    [modal] => R
    [tipoFrete] => 1
    [cepOrigem] => 96412830
    [cepDestino] => 98785145
    [vlrMercadoria] => 1269.00
    [peso] => 7.50
    [cubagem] => Array
        (
            [0] => Array
                (
                    [largura] => 0.35
                    [altura] => 0.10
                    [comprimento] => 0.40
                    [volumes] => 1
                )

            [1] => Array
                (
                    [largura] => 0.40
                    [altura] => 0.10
                    [comprimento] => 0.40
                    [volumes] => 1
                )

        )

    [volumes] => 2
)

03-12-2022 @ 11:08:12 - Braspress Braspress - Rodoviário resposta 401: {"statusCode":403,"message":"Authentication failed","dateTime":"12/03/2022 11:08:12","errorList":null}

03-12-2022 @ 11:08:12 - Braspress Braspress - Rodoviário erro: Array
(
    [statusCode] => 403
    [message] => Authentication failed
    [dateTime] => 12/03/2022 11:08:12
    [errorList] => 
    [ambiente] => https://api.braspress.com/v1/cotacao/calcular/json
)

03-12-2022 @ 13:33:37 - Braspress Braspress - Rodoviário envio: Array
(
    [cnpjRemetente] => 27399462000180
    [cnpjDestinatario] => 11111111111111
    [modal] => R
    [tipoFrete] => 1
    [cepOrigem] => 96412830
    [cepDestino] => 97050620
    [vlrMercadoria] => 1659.00
    [peso] => 11.00
    [cubagem] => Array
        (
            [0] => Array
                (
                    [largura] => 0.60
                    [altura] => 0.15
                    [comprimento] => 0.60
                    [volumes] => 1
                )

        )

    [volumes] => 1
)

03-12-2022 @ 13:33:37 - Braspress Braspress - Rodoviário resposta 401: {"statusCode":403,"message":"Authentication failed","dateTime":"12/03/2022 13:33:37","errorList":null}

03-12-2022 @ 13:33:37 - Braspress Braspress - Rodoviário erro: Array
(
    [statusCode] => 403
    [message] => Authentication failed
    [dateTime] => 12/03/2022 13:33:37
    [errorList] => 
    [ambiente] => https://api.braspress.com/v1/cotacao/calcular/json
)

03-12-2022 @ 14:03:05 - Braspress Braspress - Rodoviário envio: Array
(
    [cnpjRemetente] => 27399462000180
    [cnpjDestinatario] => 11111111111111
    [modal] => R
    [tipoFrete] => 1
    [cepOrigem] => 96412830
    [cepDestino] => 78850000
    [vlrMercadoria] => 579.00
    [peso] => 4.00
    [cubagem] => Array
        (
            [0] => Array
                (
                    [largura] => 0.50
                    [altura] => 0.10
                    [comprimento] => 0.50
                    [volumes] => 1
                )

        )

    [volumes] => 1
)

03-12-2022 @ 14:03:05 - Braspress Braspress - Rodoviário resposta 401: {"statusCode":403,"message":"Authentication failed","dateTime":"12/03/2022 14:03:05","errorList":null}

03-12-2022 @ 14:03:05 - Braspress Braspress - Rodoviário erro: Array
(
    [statusCode] => 403
    [message] => Authentication failed
    [dateTime] => 12/03/2022 14:03:05
    [errorList] => 
    [ambiente] => https://api.braspress.com/v1/cotacao/calcular/json
)

03-12-2022 @ 14:38:47 - Braspress Braspress - Rodoviário envio: Array
(
    [cnpjRemetente] => 27399462000180
    [cnpjDestinatario] => 11111111111111
    [modal] => R
    [tipoFrete] => 1
    [cepOrigem] => 96412830
    [cepDestino] => 37150000
    [vlrMercadoria] => 209.00
    [peso] => 2.00
    [cubagem] => Array
        (
            [0] => Array
                (
                    [largura] => 0.30
                    [altura] => 0.08
                    [comprimento] => 0.30
                    [volumes] => 1
                )

        )

    [volumes] => 1
)

03-12-2022 @ 14:38:47 - Braspress Braspress - Rodoviário resposta 401: {"statusCode":403,"message":"Authentication failed","dateTime":"12/03/2022 14:38:47","errorList":null}

03-12-2022 @ 14:38:47 - Braspress Braspress - Rodoviário erro: Array
(
    [statusCode] => 403
    [message] => Authentication failed
    [dateTime] => 12/03/2022 14:38:47
    [errorList] => 
    [ambiente] => https://api.braspress.com/v1/cotacao/calcular/json
)

03-12-2022 @ 14:50:16 - Braspress Braspress - Rodoviário envio: Array
(
    [cnpjRemetente] => 27399462000180
    [cnpjDestinatario] => 89655761053
    [modal] => R
    [tipoFrete] => 1
    [cepOrigem] => 96412830
    [cepDestino] => 98785145
    [vlrMercadoria] => 490.00
    [peso] => 4.00
    [cubagem] => Array
        (
            [0] => Array
                (
                    [largura] => 0.35
                    [altura] => 0.10
                    [comprimento] => 0.40
                    [volumes] => 1
                )

        )

    [volumes] => 1
)

03-12-2022 @ 14:50:16 - Braspress Braspress - Rodoviário resposta 401: {"statusCode":403,"message":"Authentication failed","dateTime":"12/03/2022 14:50:16","errorList":null}

03-12-2022 @ 14:50:16 - Braspress Braspress - Rodoviário erro: Array
(
    [statusCode] => 403
    [message] => Authentication failed
    [dateTime] => 12/03/2022 14:50:16
    [errorList] => 
    [ambiente] => https://api.braspress.com/v1/cotacao/calcular/json
)

03-12-2022 @ 14:50:17 - Braspress Braspress - Rodoviário envio: Array
(
    [cnpjRemetente] => 27399462000180
    [cnpjDestinatario] => 89655761053
    [modal] => R
    [tipoFrete] => 1
    [cepOrigem] => 96412830
    [cepDestino] => 98785145
    [vlrMercadoria] => 490.00
    [peso] => 4.00
    [cubagem] => Array
        (
            [0] => Array
                (
                    [largura] => 0.35
                    [altura] => 0.10
                    [comprimento] => 0.40
                    [volumes] => 1
                )

        )

    [volumes] => 1
)

03-12-2022 @ 14:50:17 - Braspress Braspress - Rodoviário resposta 401: {"statusCode":403,"message":"Authentication failed","dateTime":"12/03/2022 14:50:17","errorList":null}

03-12-2022 @ 14:50:17 - Braspress Braspress - Rodoviário erro: Array
(
    [statusCode] => 403
    [message] => Authentication failed
    [dateTime] => 12/03/2022 14:50:17
    [errorList] => 
    [ambiente] => https://api.braspress.com/v1/cotacao/calcular/json
)

03-12-2022 @ 14:50:22 - Braspress Braspress - Rodoviário envio: Array
(
    [cnpjRemetente] => 27399462000180
    [cnpjDestinatario] => 89655761053
    [modal] => R
    [tipoFrete] => 1
    [cepOrigem] => 96412830
    [cepDestino] => 98785145
    [vlrMercadoria] => 490.00
    [peso] => 4.00
    [cubagem] => Array
        (
            [0] => Array
                (
                    [largura] => 0.35
                    [altura] => 0.10
                    [comprimento] => 0.40
                    [volumes] => 1
                )

        )

    [volumes] => 1
)

03-12-2022 @ 14:50:22 - Braspress Braspress - Rodoviário resposta 401: {"statusCode":403,"message":"Authentication failed","dateTime":"12/03/2022 14:50:22","errorList":null}

03-12-2022 @ 14:50:22 - Braspress Braspress - Rodoviário erro: Array
(
    [statusCode] => 403
    [message] => Authentication failed
    [dateTime] => 12/03/2022 14:50:22
    [errorList] => 
    [ambiente] => https://api.braspress.com/v1/cotacao/calcular/json
)

03-12-2022 @ 15:14:09 - Braspress Braspress - Rodoviário envio: Array
(
    [cnpjRemetente] => 27399462000180
    [cnpjDestinatario] => 11111111111111
    [modal] => R
    [tipoFrete] => 1
    [cepOrigem] => 96412830
    [cepDestino] => 35162391
    [vlrMercadoria] => 1329.00
    [peso] => 8.00
    [cubagem] => Array
        (
            [0] => Array
                (
                    [largura] => 0.50
                    [altura] => 0.15
                    [comprimento] => 0.60
                    [volumes] => 1
                )

        )

    [volumes] => 1
)

03-12-2022 @ 15:14:09 - Braspress Braspress - Rodoviário resposta 401: {"statusCode":403,"message":"Authentication failed","dateTime":"12/03/2022 15:14:09","errorList":null}

03-12-2022 @ 15:14:09 - Braspress Braspress - Rodoviário erro: Array
(
    [statusCode] => 403
    [message] => Authentication failed
    [dateTime] => 12/03/2022 15:14:09
    [errorList] => 
    [ambiente] => https://api.braspress.com/v1/cotacao/calcular/json
)

03-12-2022 @ 17:09:04 - Braspress Braspress - Rodoviário envio: Array
(
    [cnpjRemetente] => 27399462000180
    [cnpjDestinatario] => 11111111111111
    [modal] => R
    [tipoFrete] => 1
    [cepOrigem] => 96412830
    [cepDestino] => 85801020
    [vlrMercadoria] => 1329.00
    [peso] => 8.00
    [cubagem] => Array
        (
            [0] => Array
                (
                    [largura] => 0.50
                    [altura] => 0.15
                    [comprimento] => 0.60
                    [volumes] => 1
                )

        )

    [volumes] => 1
)

03-12-2022 @ 17:09:04 - Braspress Braspress - Rodoviário resposta 401: {"statusCode":403,"message":"Authentication failed","dateTime":"12/03/2022 17:09:04","errorList":null}

03-12-2022 @ 17:09:04 - Braspress Braspress - Rodoviário erro: Array
(
    [statusCode] => 403
    [message] => Authentication failed
    [dateTime] => 12/03/2022 17:09:04
    [errorList] => 
    [ambiente] => https://api.braspress.com/v1/cotacao/calcular/json
)

03-12-2022 @ 17:26:11 - Braspress Braspress - Rodoviário envio: Array
(
    [cnpjRemetente] => 27399462000180
    [cnpjDestinatario] => 11111111111111
    [modal] => R
    [tipoFrete] => 1
    [cepOrigem] => 96412830
    [cepDestino] => 88015360
    [vlrMercadoria] => 679.00
    [peso] => 4.50
    [cubagem] => Array
        (
            [0] => Array
                (
                    [largura] => 0.40
                    [altura] => 0.10
                    [comprimento] => 0.40
                    [volumes] => 1
                )

        )

    [volumes] => 1
)

03-12-2022 @ 17:26:11 - Braspress Braspress - Rodoviário resposta 401: {"statusCode":403,"message":"Authentication failed","dateTime":"12/03/2022 17:26:11","errorList":null}

03-12-2022 @ 17:26:11 - Braspress Braspress - Rodoviário erro: Array
(
    [statusCode] => 403
    [message] => Authentication failed
    [dateTime] => 12/03/2022 17:26:11
    [errorList] => 
    [ambiente] => https://api.braspress.com/v1/cotacao/calcular/json
)

03-12-2022 @ 18:35:20 - Braspress Braspress - Rodoviário envio: Array
(
    [cnpjRemetente] => 27399462000180
    [cnpjDestinatario] => 11111111111111
    [modal] => R
    [tipoFrete] => 1
    [cepOrigem] => 96412830
    [cepDestino] => 32618065
    [vlrMercadoria] => 619.00
    [peso] => 9.00
    [cubagem] => Array
        (
            [0] => Array
                (
                    [largura] => 0.68
                    [altura] => 0.20
                    [comprimento] => 0.40
                    [volumes] => 1
                )

        )

    [volumes] => 1
)

03-12-2022 @ 18:35:20 - Braspress Braspress - Rodoviário resposta 401: {"statusCode":403,"message":"Authentication failed","dateTime":"12/03/2022 18:35:20","errorList":null}

03-12-2022 @ 18:35:20 - Braspress Braspress - Rodoviário erro: Array
(
    [statusCode] => 403
    [message] => Authentication failed
    [dateTime] => 12/03/2022 18:35:20
    [errorList] => 
    [ambiente] => https://api.braspress.com/v1/cotacao/calcular/json
)

03-12-2022 @ 19:31:17 - Braspress Braspress - Rodoviário envio: Array
(
    [cnpjRemetente] => 27399462000180
    [cnpjDestinatario] => 11111111111111
    [modal] => R
    [tipoFrete] => 1
    [cepOrigem] => 96412830
    [cepDestino] => 29141165
    [vlrMercadoria] => 49.00
    [peso] => 1.00
    [cubagem] => Array
        (
            [0] => Array
                (
                    [largura] => 0.33
                    [altura] => 0.10
                    [comprimento] => 0.25
                    [volumes] => 1
                )

        )

    [volumes] => 1
)

03-12-2022 @ 19:31:17 - Braspress Braspress - Rodoviário resposta 401: {"statusCode":403,"message":"Authentication failed","dateTime":"12/03/2022 19:31:17","errorList":null}

03-12-2022 @ 19:31:17 - Braspress Braspress - Rodoviário erro: Array
(
    [statusCode] => 403
    [message] => Authentication failed
    [dateTime] => 12/03/2022 19:31:17
    [errorList] => 
    [ambiente] => https://api.braspress.com/v1/cotacao/calcular/json
)

03-12-2022 @ 19:32:10 - Braspress Braspress - Rodoviário envio: Array
(
    [cnpjRemetente] => 27399462000180
    [cnpjDestinatario] => 11111111111111
    [modal] => R
    [tipoFrete] => 1
    [cepOrigem] => 96412830
    [cepDestino] => 04001081
    [vlrMercadoria] => 939.00
    [peso] => 4.50
    [cubagem] => Array
        (
            [0] => Array
                (
                    [largura] => 0.40
                    [altura] => 0.10
                    [comprimento] => 0.40
                    [volumes] => 1
                )

        )

    [volumes] => 1
)

03-12-2022 @ 19:32:10 - Braspress Braspress - Rodoviário resposta 401: {"statusCode":403,"message":"Authentication failed","dateTime":"12/03/2022 19:32:10","errorList":null}

03-12-2022 @ 19:32:10 - Braspress Braspress - Rodoviário erro: Array
(
    [statusCode] => 403
    [message] => Authentication failed
    [dateTime] => 12/03/2022 19:32:10
    [errorList] => 
    [ambiente] => https://api.braspress.com/v1/cotacao/calcular/json
)

03-12-2022 @ 19:56:32 - Braspress Braspress - Rodoviário envio: Array
(
    [cnpjRemetente] => 27399462000180
    [cnpjDestinatario] => 11111111111111
    [modal] => R
    [tipoFrete] => 1
    [cepOrigem] => 96412830
    [cepDestino] => 08676150
    [vlrMercadoria] => 309.00
    [peso] => 3.00
    [cubagem] => Array
        (
            [0] => Array
                (
                    [largura] => 0.50
                    [altura] => 0.10
                    [comprimento] => 0.40
                    [volumes] => 1
                )

        )

    [volumes] => 1
)

03-12-2022 @ 19:56:32 - Braspress Braspress - Rodoviário resposta 401: {"statusCode":403,"message":"Authentication failed","dateTime":"12/03/2022 19:56:32","errorList":null}

03-12-2022 @ 19:56:32 - Braspress Braspress - Rodoviário erro: Array
(
    [statusCode] => 403
    [message] => Authentication failed
    [dateTime] => 12/03/2022 19:56:32
    [errorList] => 
    [ambiente] => https://api.braspress.com/v1/cotacao/calcular/json
)

03-12-2022 @ 19:56:43 - Braspress Braspress - Rodoviário envio: Array
(
    [cnpjRemetente] => 27399462000180
    [cnpjDestinatario] => 11111111111111
    [modal] => R
    [tipoFrete] => 1
    [cepOrigem] => 96412830
    [cepDestino] => 08676150
    [vlrMercadoria] => 309.00
    [peso] => 3.00
    [cubagem] => Array
        (
            [0] => Array
                (
                    [largura] => 0.50
                    [altura] => 0.10
                    [comprimento] => 0.40
                    [volumes] => 1
                )

        )

    [volumes] => 1
)

03-12-2022 @ 19:56:43 - Braspress Braspress - Rodoviário resposta 401: {"statusCode":403,"message":"Authentication failed","dateTime":"12/03/2022 19:56:43","errorList":null}

03-12-2022 @ 19:56:43 - Braspress Braspress - Rodoviário erro: Array
(
    [statusCode] => 403
    [message] => Authentication failed
    [dateTime] => 12/03/2022 19:56:43
    [errorList] => 
    [ambiente] => https://api.braspress.com/v1/cotacao/calcular/json
)

03-12-2022 @ 19:56:48 - Braspress Braspress - Rodoviário envio: Array
(
    [cnpjRemetente] => 27399462000180
    [cnpjDestinatario] => 11111111111111
    [modal] => R
    [tipoFrete] => 1
    [cepOrigem] => 96412830
    [cepDestino] => 08676150
    [vlrMercadoria] => 309.00
    [peso] => 3.00
    [cubagem] => Array
        (
            [0] => Array
                (
                    [largura] => 0.50
                    [altura] => 0.10
                    [comprimento] => 0.40
                    [volumes] => 1
                )

        )

    [volumes] => 1
)

03-12-2022 @ 19:56:48 - Braspress Braspress - Rodoviário resposta 401: {"statusCode":403,"message":"Authentication failed","dateTime":"12/03/2022 19:56:48","errorList":null}

03-12-2022 @ 19:56:48 - Braspress Braspress - Rodoviário erro: Array
(
    [statusCode] => 403
    [message] => Authentication failed
    [dateTime] => 12/03/2022 19:56:48
    [errorList] => 
    [ambiente] => https://api.braspress.com/v1/cotacao/calcular/json
)

03-12-2022 @ 20:01:40 - Braspress Braspress - Rodoviário envio: Array
(
    [cnpjRemetente] => 27399462000180
    [cnpjDestinatario] => 11111111111111
    [modal] => R
    [tipoFrete] => 1
    [cepOrigem] => 96412830
    [cepDestino] => 76600000
    [vlrMercadoria] => 619.00
    [peso] => 9.00
    [cubagem] => Array
        (
            [0] => Array
                (
                    [largura] => 0.68
                    [altura] => 0.20
                    [comprimento] => 0.40
                    [volumes] => 1
                )

        )

    [volumes] => 1
)

03-12-2022 @ 20:01:40 - Braspress Braspress - Rodoviário resposta 401: {"statusCode":403,"message":"Authentication failed","dateTime":"12/03/2022 20:01:40","errorList":null}

03-12-2022 @ 20:01:40 - Braspress Braspress - Rodoviário erro: Array
(
    [statusCode] => 403
    [message] => Authentication failed
    [dateTime] => 12/03/2022 20:01:40
    [errorList] => 
    [ambiente] => https://api.braspress.com/v1/cotacao/calcular/json
)

03-12-2022 @ 20:03:56 - Braspress Braspress - Rodoviário envio: Array
(
    [cnpjRemetente] => 27399462000180
    [cnpjDestinatario] => 11111111111111
    [modal] => R
    [tipoFrete] => 1
    [cepOrigem] => 96412830
    [cepDestino] => 90160001
    [vlrMercadoria] => 219.00
    [peso] => 10.00
    [cubagem] => Array
        (
            [0] => Array
                (
                    [largura] => 0.40
                    [altura] => 0.45
                    [comprimento] => 0.40
                    [volumes] => 1
                )

        )

    [volumes] => 1
)

03-12-2022 @ 20:03:56 - Braspress Braspress - Rodoviário resposta 401: {"statusCode":403,"message":"Authentication failed","dateTime":"12/03/2022 20:03:56","errorList":null}

03-12-2022 @ 20:03:56 - Braspress Braspress - Rodoviário erro: Array
(
    [statusCode] => 403
    [message] => Authentication failed
    [dateTime] => 12/03/2022 20:03:56
    [errorList] => 
    [ambiente] => https://api.braspress.com/v1/cotacao/calcular/json
)

03-12-2022 @ 20:20:27 - Braspress Braspress - Rodoviário envio: Array
(
    [cnpjRemetente] => 27399462000180
    [cnpjDestinatario] => 11111111111111
    [modal] => R
    [tipoFrete] => 1
    [cepOrigem] => 96412830
    [cepDestino] => 88370416
    [vlrMercadoria] => 109.00
    [peso] => 0.40
    [cubagem] => Array
        (
            [0] => Array
                (
                    [largura] => 0.23
                    [altura] => 0.10
                    [comprimento] => 0.30
                    [volumes] => 1
                )

        )

    [volumes] => 1
)

03-12-2022 @ 20:20:27 - Braspress Braspress - Rodoviário resposta 401: {"statusCode":403,"message":"Authentication failed","dateTime":"12/03/2022 20:20:27","errorList":null}

03-12-2022 @ 20:20:27 - Braspress Braspress - Rodoviário erro: Array
(
    [statusCode] => 403
    [message] => Authentication failed
    [dateTime] => 12/03/2022 20:20:27
    [errorList] => 
    [ambiente] => https://api.braspress.com/v1/cotacao/calcular/json
)

03-12-2022 @ 20:52:43 - Braspress Braspress - Rodoviário envio: Array
(
    [cnpjRemetente] => 27399462000180
    [cnpjDestinatario] => 11111111111111
    [modal] => R
    [tipoFrete] => 1
    [cepOrigem] => 96412830
    [cepDestino] => 29147625
    [vlrMercadoria] => 49.00
    [peso] => 1.00
    [cubagem] => Array
        (
            [0] => Array
                (
                    [largura] => 0.33
                    [altura] => 0.10
                    [comprimento] => 0.25
                    [volumes] => 1
                )

        )

    [volumes] => 1
)

03-12-2022 @ 20:52:43 - Braspress Braspress - Rodoviário resposta 401: {"statusCode":403,"message":"Authentication failed","dateTime":"12/03/2022 20:52:43","errorList":null}

03-12-2022 @ 20:52:43 - Braspress Braspress - Rodoviário erro: Array
(
    [statusCode] => 403
    [message] => Authentication failed
    [dateTime] => 12/03/2022 20:52:43
    [errorList] => 
    [ambiente] => https://api.braspress.com/v1/cotacao/calcular/json
)

03-12-2022 @ 20:53:19 - Braspress Braspress - Rodoviário envio: Array
(
    [cnpjRemetente] => 27399462000180
    [cnpjDestinatario] => 97827584772
    [modal] => R
    [tipoFrete] => 1
    [cepOrigem] => 96412830
    [cepDestino] => 29147625
    [vlrMercadoria] => 49.00
    [peso] => 1.00
    [cubagem] => Array
        (
            [0] => Array
                (
                    [largura] => 0.33
                    [altura] => 0.10
                    [comprimento] => 0.25
                    [volumes] => 1
                )

        )

    [volumes] => 1
)

03-12-2022 @ 20:53:19 - Braspress Braspress - Rodoviário resposta 401: {"statusCode":403,"message":"Authentication failed","dateTime":"12/03/2022 20:53:19","errorList":null}

03-12-2022 @ 20:53:19 - Braspress Braspress - Rodoviário erro: Array
(
    [statusCode] => 403
    [message] => Authentication failed
    [dateTime] => 12/03/2022 20:53:19
    [errorList] => 
    [ambiente] => https://api.braspress.com/v1/cotacao/calcular/json
)

03-12-2022 @ 20:53:22 - Braspress Braspress - Rodoviário envio: Array
(
    [cnpjRemetente] => 27399462000180
    [cnpjDestinatario] => 97827584772
    [modal] => R
    [tipoFrete] => 1
    [cepOrigem] => 96412830
    [cepDestino] => 29147625
    [vlrMercadoria] => 49.00
    [peso] => 1.00
    [cubagem] => Array
        (
            [0] => Array
                (
                    [largura] => 0.33
                    [altura] => 0.10
                    [comprimento] => 0.25
                    [volumes] => 1
                )

        )

    [volumes] => 1
)

03-12-2022 @ 20:53:22 - Braspress Braspress - Rodoviário resposta 401: {"statusCode":403,"message":"Authentication failed","dateTime":"12/03/2022 20:53:22","errorList":null}

03-12-2022 @ 20:53:22 - Braspress Braspress - Rodoviário erro: Array
(
    [statusCode] => 403
    [message] => Authentication failed
    [dateTime] => 12/03/2022 20:53:22
    [errorList] => 
    [ambiente] => https://api.braspress.com/v1/cotacao/calcular/json
)

03-12-2022 @ 20:53:25 - Braspress Braspress - Rodoviário envio: Array
(
    [cnpjRemetente] => 27399462000180
    [cnpjDestinatario] => 97827584772
    [modal] => R
    [tipoFrete] => 1
    [cepOrigem] => 96412830
    [cepDestino] => 29147625
    [vlrMercadoria] => 49.00
    [peso] => 1.00
    [cubagem] => Array
        (
            [0] => Array
                (
                    [largura] => 0.33
                    [altura] => 0.10
                    [comprimento] => 0.25
                    [volumes] => 1
                )

        )

    [volumes] => 1
)

03-12-2022 @ 20:53:25 - Braspress Braspress - Rodoviário resposta 401: {"statusCode":403,"message":"Authentication failed","dateTime":"12/03/2022 20:53:24","errorList":null}

03-12-2022 @ 20:53:25 - Braspress Braspress - Rodoviário erro: Array
(
    [statusCode] => 403
    [message] => Authentication failed
    [dateTime] => 12/03/2022 20:53:24
    [errorList] => 
    [ambiente] => https://api.braspress.com/v1/cotacao/calcular/json
)

03-12-2022 @ 20:53:28 - Braspress Braspress - Rodoviário envio: Array
(
    [cnpjRemetente] => 27399462000180
    [cnpjDestinatario] => 97827584772
    [modal] => R
    [tipoFrete] => 1
    [cepOrigem] => 96412830
    [cepDestino] => 29147625
    [vlrMercadoria] => 49.00
    [peso] => 1.00
    [cubagem] => Array
        (
            [0] => Array
                (
                    [largura] => 0.33
                    [altura] => 0.10
                    [comprimento] => 0.25
                    [volumes] => 1
                )

        )

    [volumes] => 1
)

03-12-2022 @ 20:53:28 - Braspress Braspress - Rodoviário resposta 401: {"statusCode":403,"message":"Authentication failed","dateTime":"12/03/2022 20:53:28","errorList":null}

03-12-2022 @ 20:53:28 - Braspress Braspress - Rodoviário erro: Array
(
    [statusCode] => 403
    [message] => Authentication failed
    [dateTime] => 12/03/2022 20:53:28
    [errorList] => 
    [ambiente] => https://api.braspress.com/v1/cotacao/calcular/json
)

03-12-2022 @ 20:53:32 - Braspress Braspress - Rodoviário envio: Array
(
    [cnpjRemetente] => 27399462000180
    [cnpjDestinatario] => 97827584772
    [modal] => R
    [tipoFrete] => 1
    [cepOrigem] => 96412830
    [cepDestino] => 29147625
    [vlrMercadoria] => 49.00
    [peso] => 1.00
    [cubagem] => Array
        (
            [0] => Array
                (
                    [largura] => 0.33
                    [altura] => 0.10
                    [comprimento] => 0.25
                    [volumes] => 1
                )

        )

    [volumes] => 1
)

03-12-2022 @ 20:53:32 - Braspress Braspress - Rodoviário resposta 401: {"statusCode":403,"message":"Authentication failed","dateTime":"12/03/2022 20:53:32","errorList":null}

03-12-2022 @ 20:53:32 - Braspress Braspress - Rodoviário erro: Array
(
    [statusCode] => 403
    [message] => Authentication failed
    [dateTime] => 12/03/2022 20:53:32
    [errorList] => 
    [ambiente] => https://api.braspress.com/v1/cotacao/calcular/json
)

03-12-2022 @ 20:53:36 - Braspress Braspress - Rodoviário envio: Array
(
    [cnpjRemetente] => 27399462000180
    [cnpjDestinatario] => 97827584772
    [modal] => R
    [tipoFrete] => 1
    [cepOrigem] => 96412830
    [cepDestino] => 29147625
    [vlrMercadoria] => 49.00
    [peso] => 1.00
    [cubagem] => Array
        (
            [0] => Array
                (
                    [largura] => 0.33
                    [altura] => 0.10
                    [comprimento] => 0.25
                    [volumes] => 1
                )

        )

    [volumes] => 1
)

03-12-2022 @ 20:53:36 - Braspress Braspress - Rodoviário resposta 401: {"statusCode":403,"message":"Authentication failed","dateTime":"12/03/2022 20:53:36","errorList":null}

03-12-2022 @ 20:53:36 - Braspress Braspress - Rodoviário erro: Array
(
    [statusCode] => 403
    [message] => Authentication failed
    [dateTime] => 12/03/2022 20:53:36
    [errorList] => 
    [ambiente] => https://api.braspress.com/v1/cotacao/calcular/json
)

