05-09-2022 @ 21:01:14 - Braspress Braspress - Rodoviário envio: Array
(
    [cnpjRemetente] => 27399462000180
    [cnpjDestinatario] => 02314366026
    [modal] => R
    [tipoFrete] => 1
    [cepOrigem] => 96412830
    [cepDestino] => 96300000
    [vlrMercadoria] => 578.00
    [peso] => 3.00
    [cubagem] => Array
        (
            [0] => Array
                (
                    [largura] => 0.30
                    [altura] => 0.20
                    [comprimento] => 0.30
                    [volumes] => 2
                )

        )

    [volumes] => 2
)

05-09-2022 @ 21:01:14 - Braspress Braspress - Rodoviário resposta 200: {"id":166947490,"prazo":3,"totalFrete":46.76}
05-09-2022 @ 21:12:55 - Braspress Braspress - Rodoviário envio: Array
(
    [cnpjRemetente] => 27399462000180
    [cnpjDestinatario] => 11111111111111
    [modal] => R
    [tipoFrete] => 1
    [cepOrigem] => 96412830
    [cepDestino] => 93228150
    [vlrMercadoria] => 109.00
    [peso] => 0.40
    [cubagem] => Array
        (
            [0] => Array
                (
                    [largura] => 0.23
                    [altura] => 0.10
                    [comprimento] => 0.30
                    [volumes] => 1
                )

        )

    [volumes] => 1
)

05-09-2022 @ 21:12:55 - Braspress Braspress - Rodoviário resposta 200: {"id":166948868,"prazo":1,"totalFrete":62.28}
05-09-2022 @ 21:57:53 - Braspress Braspress - Rodoviário envio: Array
(
    [cnpjRemetente] => 27399462000180
    [cnpjDestinatario] => 11111111111111
    [modal] => R
    [tipoFrete] => 1
    [cepOrigem] => 96412830
    [cepDestino] => 80320250
    [vlrMercadoria] => 189.00
    [peso] => 1.00
    [cubagem] => Array
        (
            [0] => Array
                (
                    [largura] => 0.25
                    [altura] => 0.05
                    [comprimento] => 0.30
                    [volumes] => 1
                )

        )

    [volumes] => 1
)

05-09-2022 @ 21:57:53 - Braspress Braspress - Rodoviário resposta 200: {"id":166956886,"prazo":3,"totalFrete":74.06}
05-10-2022 @ 01:11:18 - Braspress Braspress - Rodoviário envio: Array
(
    [cnpjRemetente] => 27399462000180
    [cnpjDestinatario] => 11111111111111
    [modal] => R
    [tipoFrete] => 1
    [cepOrigem] => 96412830
    [cepDestino] => 04580051
    [vlrMercadoria] => 199.00
    [peso] => 1.25
    [cubagem] => Array
        (
            [0] => Array
                (
                    [largura] => 0.40
                    [altura] => 0.15
                    [comprimento] => 0.40
                    [volumes] => 1
                )

        )

    [volumes] => 1
)

05-10-2022 @ 01:11:18 - Braspress Braspress - Rodoviário resposta 200: {"id":166983970,"prazo":4,"totalFrete":105.17}
05-10-2022 @ 06:46:29 - Braspress Braspress - Rodoviário envio: Array
(
    [cnpjRemetente] => 27399462000180
    [cnpjDestinatario] => 11111111111111
    [modal] => R
    [tipoFrete] => 1
    [cepOrigem] => 96412830
    [cepDestino] => 09185759
    [vlrMercadoria] => 619.00
    [peso] => 9.00
    [cubagem] => Array
        (
            [0] => Array
                (
                    [largura] => 0.68
                    [altura] => 0.20
                    [comprimento] => 0.40
                    [volumes] => 1
                )

        )

    [volumes] => 1
)

05-10-2022 @ 06:46:29 - Braspress Braspress - Rodoviário resposta 400: {"statusCode":500,"message":"Service Error","dateTime":"10/05/2022 06:46:25","errorList":["Erro ao realizar a cotação de frete: VERIFICANDO CEP DESTINO"]}
05-10-2022 @ 06:46:29 - Braspress Braspress - Rodoviário erro: Array
(
    [statusCode] => 500
    [message] => Service Error
    [dateTime] => 10/05/2022 06:46:25
    [errorList] => Array
        (
            [0] => Erro ao realizar a cotação de frete: VERIFICANDO CEP DESTINO
        )

    [ambiente] => https://api.braspress.com/v1/cotacao/calcular/json
)

05-10-2022 @ 07:54:50 - Braspress Braspress - Rodoviário envio: Array
(
    [cnpjRemetente] => 27399462000180
    [cnpjDestinatario] => 11111111111111
    [modal] => R
    [tipoFrete] => 1
    [cepOrigem] => 96412830
    [cepDestino] => 99950000
    [vlrMercadoria] => 299.00
    [peso] => 2.50
    [cubagem] => Array
        (
            [0] => Array
                (
                    [largura] => 0.32
                    [altura] => 0.08
                    [comprimento] => 0.32
                    [volumes] => 1
                )

        )

    [volumes] => 1
)

05-10-2022 @ 07:54:50 - Braspress Braspress - Rodoviário resposta 200: {"id":166992811,"prazo":2,"totalFrete":39.04}
05-10-2022 @ 07:54:52 - Braspress Braspress - Rodoviário envio: Array
(
    [cnpjRemetente] => 27399462000180
    [cnpjDestinatario] => 11111111111111
    [modal] => R
    [tipoFrete] => 1
    [cepOrigem] => 96412830
    [cepDestino] => 99950000
    [vlrMercadoria] => 299.00
    [peso] => 2.50
    [cubagem] => Array
        (
            [0] => Array
                (
                    [largura] => 0.32
                    [altura] => 0.08
                    [comprimento] => 0.32
                    [volumes] => 1
                )

        )

    [volumes] => 1
)

05-10-2022 @ 07:54:52 - Braspress Braspress - Rodoviário resposta 200: {"id":166992814,"prazo":2,"totalFrete":39.04}
05-10-2022 @ 07:54:53 - Braspress Braspress - Rodoviário envio: Array
(
    [cnpjRemetente] => 27399462000180
    [cnpjDestinatario] => 11111111111111
    [modal] => R
    [tipoFrete] => 1
    [cepOrigem] => 96412830
    [cepDestino] => 99950000
    [vlrMercadoria] => 299.00
    [peso] => 2.50
    [cubagem] => Array
        (
            [0] => Array
                (
                    [largura] => 0.32
                    [altura] => 0.08
                    [comprimento] => 0.32
                    [volumes] => 1
                )

        )

    [volumes] => 1
)

05-10-2022 @ 07:54:53 - Braspress Braspress - Rodoviário resposta 200: {"id":166992817,"prazo":2,"totalFrete":39.04}
05-10-2022 @ 08:38:01 - Braspress Braspress - Rodoviário envio: Array
(
    [cnpjRemetente] => 27399462000180
    [cnpjDestinatario] => 11111111111111
    [modal] => R
    [tipoFrete] => 1
    [cepOrigem] => 96412830
    [cepDestino] => 97590000
    [vlrMercadoria] => 249.00
    [peso] => 2.00
    [cubagem] => Array
        (
            [0] => Array
                (
                    [largura] => 0.40
                    [altura] => 0.08
                    [comprimento] => 0.30
                    [volumes] => 1
                )

        )

    [volumes] => 1
)

05-10-2022 @ 08:38:01 - Braspress Braspress - Rodoviário resposta 200: {"id":166998097,"prazo":4,"totalFrete":38.86}
05-10-2022 @ 08:58:51 - Braspress Braspress - Rodoviário envio: Array
(
    [cnpjRemetente] => 27399462000180
    [cnpjDestinatario] => 11111111111111
    [modal] => R
    [tipoFrete] => 1
    [cepOrigem] => 96412830
    [cepDestino] => 87501170
    [vlrMercadoria] => 369.00
    [peso] => 3.00
    [cubagem] => Array
        (
            [0] => Array
                (
                    [largura] => 0.50
                    [altura] => 0.10
                    [comprimento] => 0.40
                    [volumes] => 1
                )

        )

    [volumes] => 1
)

05-10-2022 @ 08:58:51 - Braspress Braspress - Rodoviário resposta 200: {"id":167001790,"prazo":3,"totalFrete":50.25}
05-10-2022 @ 09:03:57 - Braspress Braspress - Rodoviário envio: Array
(
    [cnpjRemetente] => 27399462000180
    [cnpjDestinatario] => 11111111111111
    [modal] => R
    [tipoFrete] => 1
    [cepOrigem] => 96412830
    [cepDestino] => 08090540
    [vlrMercadoria] => 409.00
    [peso] => 3.00
    [cubagem] => Array
        (
            [0] => Array
                (
                    [largura] => 0.35
                    [altura] => 0.10
                    [comprimento] => 0.35
                    [volumes] => 1
                )

        )

    [volumes] => 1
)

05-10-2022 @ 09:03:57 - Braspress Braspress - Rodoviário resposta 200: {"id":167002737,"prazo":4,"totalFrete":106.99}
05-10-2022 @ 09:35:48 - Braspress Braspress - Rodoviário envio: Array
(
    [cnpjRemetente] => 27399462000180
    [cnpjDestinatario] => 11111111111111
    [modal] => R
    [tipoFrete] => 1
    [cepOrigem] => 96412830
    [cepDestino] => 89052000
    [vlrMercadoria] => 109.00
    [peso] => 0.40
    [cubagem] => Array
        (
            [0] => Array
                (
                    [largura] => 0.23
                    [altura] => 0.10
                    [comprimento] => 0.30
                    [volumes] => 1
                )

        )

    [volumes] => 1
)

05-10-2022 @ 09:35:48 - Braspress Braspress - Rodoviário resposta 200: {"id":167009104,"prazo":4,"totalFrete":76.23}
05-10-2022 @ 09:35:54 - Braspress Braspress - Rodoviário envio: Array
(
    [cnpjRemetente] => 27399462000180
    [cnpjDestinatario] => 11111111111111
    [modal] => R
    [tipoFrete] => 1
    [cepOrigem] => 96412830
    [cepDestino] => 89052000
    [vlrMercadoria] => 109.00
    [peso] => 0.40
    [cubagem] => Array
        (
            [0] => Array
                (
                    [largura] => 0.23
                    [altura] => 0.10
                    [comprimento] => 0.30
                    [volumes] => 1
                )

        )

    [volumes] => 1
)

05-10-2022 @ 09:35:54 - Braspress Braspress - Rodoviário resposta 200: {"id":167009114,"prazo":4,"totalFrete":76.23}
05-10-2022 @ 09:49:10 - Braspress Braspress - Rodoviário envio: Array
(
    [cnpjRemetente] => 27399462000180
    [cnpjDestinatario] => 11111111111111
    [modal] => R
    [tipoFrete] => 1
    [cepOrigem] => 96412830
    [cepDestino] => 30421372
    [vlrMercadoria] => 429.00
    [peso] => 10.00
    [cubagem] => Array
        (
            [0] => Array
                (
                    [largura] => 0.70
                    [altura] => 0.42
                    [comprimento] => 0.70
                    [volumes] => 1
                )

        )

    [volumes] => 1
)

05-10-2022 @ 09:49:10 - Braspress Braspress - Rodoviário resposta 200: {"id":167011994,"prazo":4,"totalFrete":127.85}
05-10-2022 @ 10:07:38 - Braspress Braspress - Rodoviário envio: Array
(
    [cnpjRemetente] => 27399462000180
    [cnpjDestinatario] => 11111111111111
    [modal] => R
    [tipoFrete] => 1
    [cepOrigem] => 96412830
    [cepDestino] => 22230060
    [vlrMercadoria] => 1238.00
    [peso] => 18.00
    [cubagem] => Array
        (
            [0] => Array
                (
                    [largura] => 0.68
                    [altura] => 0.20
                    [comprimento] => 0.40
                    [volumes] => 2
                )

        )

    [volumes] => 2
)

05-10-2022 @ 10:07:38 - Braspress Braspress - Rodoviário resposta 200: {"id":167016382,"prazo":4,"totalFrete":130.97}
05-10-2022 @ 10:17:33 - Braspress Braspress - Rodoviário envio: Array
(
    [cnpjRemetente] => 27399462000180
    [cnpjDestinatario] => 11111111111111
    [modal] => R
    [tipoFrete] => 1
    [cepOrigem] => 96412830
    [cepDestino] => 22230060
    [vlrMercadoria] => 1756.00
    [peso] => 20.00
    [cubagem] => Array
        (
            [0] => Array
                (
                    [largura] => 0.68
                    [altura] => 0.20
                    [comprimento] => 0.40
                    [volumes] => 2
                )

            [1] => Array
                (
                    [largura] => 0.25
                    [altura] => 0.20
                    [comprimento] => 0.30
                    [volumes] => 2
                )

        )

    [volumes] => 4
)

05-10-2022 @ 10:17:33 - Braspress Braspress - Rodoviário resposta 200: {"id":167018652,"prazo":4,"totalFrete":148.41}
05-10-2022 @ 10:17:42 - Braspress Braspress - Rodoviário envio: Array
(
    [cnpjRemetente] => 27399462000180
    [cnpjDestinatario] => 11111111111111
    [modal] => R
    [tipoFrete] => 1
    [cepOrigem] => 96412830
    [cepDestino] => 22230060
    [vlrMercadoria] => 518.00
    [peso] => 2.00
    [cubagem] => Array
        (
            [0] => Array
                (
                    [largura] => 0.25
                    [altura] => 0.20
                    [comprimento] => 0.30
                    [volumes] => 2
                )

        )

    [volumes] => 2
)

05-10-2022 @ 10:17:42 - Braspress Braspress - Rodoviário resposta 200: {"id":167018694,"prazo":4,"totalFrete":110.84}
05-10-2022 @ 10:18:01 - Braspress Braspress - Rodoviário envio: Array
(
    [cnpjRemetente] => 27399462000180
    [cnpjDestinatario] => 11111111111111
    [modal] => R
    [tipoFrete] => 1
    [cepOrigem] => 96412830
    [cepDestino] => 30431315
    [vlrMercadoria] => 518.00
    [peso] => 2.00
    [cubagem] => Array
        (
            [0] => Array
                (
                    [largura] => 0.25
                    [altura] => 0.20
                    [comprimento] => 0.30
                    [volumes] => 2
                )

        )

    [volumes] => 2
)

05-10-2022 @ 10:18:01 - Braspress Braspress - Rodoviário resposta 200: {"id":167018767,"prazo":4,"totalFrete":93.82}
05-10-2022 @ 10:23:22 - Braspress Braspress - Rodoviário envio: Array
(
    [cnpjRemetente] => 27399462000180
    [cnpjDestinatario] => 11111111111111
    [modal] => R
    [tipoFrete] => 1
    [cepOrigem] => 96412830
    [cepDestino] => 08090540
    [vlrMercadoria] => 339.00
    [peso] => 3.00
    [cubagem] => Array
        (
            [0] => Array
                (
                    [largura] => 0.35
                    [altura] => 0.10
                    [comprimento] => 0.35
                    [volumes] => 1
                )

        )

    [volumes] => 1
)

05-10-2022 @ 10:23:22 - Braspress Braspress - Rodoviário resposta 200: {"id":167019945,"prazo":4,"totalFrete":106.4}
05-10-2022 @ 10:23:30 - Braspress Braspress - Rodoviário envio: Array
(
    [cnpjRemetente] => 27399462000180
    [cnpjDestinatario] => 11111111111111
    [modal] => R
    [tipoFrete] => 1
    [cepOrigem] => 96412830
    [cepDestino] => 30431315
    [vlrMercadoria] => 819.00
    [peso] => 6.00
    [cubagem] => Array
        (
            [0] => Array
                (
                    [largura] => 0.50
                    [altura] => 0.20
                    [comprimento] => 0.50
                    [volumes] => 1
                )

        )

    [volumes] => 1
)

05-10-2022 @ 10:23:30 - Braspress Braspress - Rodoviário resposta 200: {"id":167019975,"prazo":4,"totalFrete":95.65}
05-10-2022 @ 10:23:52 - Braspress Braspress - Rodoviário envio: Array
(
    [cnpjRemetente] => 27399462000180
    [cnpjDestinatario] => 11111111111111
    [modal] => R
    [tipoFrete] => 1
    [cepOrigem] => 96412830
    [cepDestino] => 30431315
    [vlrMercadoria] => 819.00
    [peso] => 6.00
    [cubagem] => Array
        (
            [0] => Array
                (
                    [largura] => 0.50
                    [altura] => 0.20
                    [comprimento] => 0.50
                    [volumes] => 1
                )

        )

    [volumes] => 1
)

05-10-2022 @ 10:23:52 - Braspress Braspress - Rodoviário resposta 200: {"id":167020070,"prazo":4,"totalFrete":95.65}
05-10-2022 @ 10:24:06 - Braspress Braspress - Rodoviário envio: Array
(
    [cnpjRemetente] => 27399462000180
    [cnpjDestinatario] => 11111111111111
    [modal] => R
    [tipoFrete] => 1
    [cepOrigem] => 96412830
    [cepDestino] => 06519085
    [vlrMercadoria] => 819.00
    [peso] => 6.00
    [cubagem] => Array
        (
            [0] => Array
                (
                    [largura] => 0.50
                    [altura] => 0.20
                    [comprimento] => 0.50
                    [volumes] => 1
                )

        )

    [volumes] => 1
)

05-10-2022 @ 10:24:06 - Braspress Braspress - Rodoviário resposta 200: {"id":167020122,"prazo":5,"totalFrete":124.14}
05-10-2022 @ 10:45:56 - Braspress Braspress - Rodoviário envio: Array
(
    [cnpjRemetente] => 27399462000180
    [cnpjDestinatario] => 11111111111111
    [modal] => R
    [tipoFrete] => 1
    [cepOrigem] => 96412830
    [cepDestino] => 99500000
    [vlrMercadoria] => 699.00
    [peso] => 2.00
    [cubagem] => Array
        (
            [0] => Array
                (
                    [largura] => 0.40
                    [altura] => 0.10
                    [comprimento] => 0.30
                    [volumes] => 1
                )

        )

    [volumes] => 1
)

05-10-2022 @ 10:45:56 - Braspress Braspress - Rodoviário resposta 200: {"id":167025780,"prazo":1,"totalFrete":40.46}
05-10-2022 @ 10:52:20 - Braspress Braspress - Rodoviário envio: Array
(
    [cnpjRemetente] => 27399462000180
    [cnpjDestinatario] => 11111111111111
    [modal] => R
    [tipoFrete] => 1
    [cepOrigem] => 96412830
    [cepDestino] => 91920350
    [vlrMercadoria] => 109.00
    [peso] => 0.40
    [cubagem] => Array
        (
            [0] => Array
                (
                    [largura] => 0.23
                    [altura] => 0.10
                    [comprimento] => 0.30
                    [volumes] => 1
                )

        )

    [volumes] => 1
)

05-10-2022 @ 10:52:20 - Braspress Braspress - Rodoviário resposta 200: {"id":167027495,"prazo":1,"totalFrete":33.69}
05-10-2022 @ 10:58:23 - Braspress Braspress - Rodoviário envio: Array
(
    [cnpjRemetente] => 27399462000180
    [cnpjDestinatario] => 11111111111111
    [modal] => R
    [tipoFrete] => 1
    [cepOrigem] => 96412830
    [cepDestino] => 13528142
    [vlrMercadoria] => 109.00
    [peso] => 0.40
    [cubagem] => Array
        (
            [0] => Array
                (
                    [largura] => 0.23
                    [altura] => 0.10
                    [comprimento] => 0.30
                    [volumes] => 1
                )

        )

    [volumes] => 1
)

05-10-2022 @ 10:58:23 - Braspress Braspress - Rodoviário resposta 500: {"statusCode":500,"message":"Erro interno","dateTime":"10/05/2022 10:58:23","errorList":["Could not open JPA EntityManager for transaction; nested exception is org.hibernate.exception.JDBCConnectionException: Unable to acquire JDBC Connection"]}
05-10-2022 @ 10:58:23 - Braspress Braspress - Rodoviário erro: Array
(
    [statusCode] => 500
    [message] => Erro interno
    [dateTime] => 10/05/2022 10:58:23
    [errorList] => Array
        (
            [0] => Could not open JPA EntityManager for transaction; nested exception is org.hibernate.exception.JDBCConnectionException: Unable to acquire JDBC Connection
        )

    [ambiente] => https://api.braspress.com/v1/cotacao/calcular/json
)

05-10-2022 @ 11:01:06 - Braspress Braspress - Rodoviário envio: Array
(
    [cnpjRemetente] => 27399462000180
    [cnpjDestinatario] => 11111111111111
    [modal] => R
    [tipoFrete] => 1
    [cepOrigem] => 96412830
    [cepDestino] => 13528142
    [vlrMercadoria] => 109.00
    [peso] => 0.40
    [cubagem] => Array
        (
            [0] => Array
                (
                    [largura] => 0.23
                    [altura] => 0.10
                    [comprimento] => 0.30
                    [volumes] => 1
                )

        )

    [volumes] => 1
)

05-10-2022 @ 11:01:06 - Braspress Braspress - Rodoviário resposta 200: {"id":167029769,"prazo":5,"totalFrete":58.49}
05-10-2022 @ 11:03:21 - Braspress Braspress - Rodoviário envio: Array
(
    [cnpjRemetente] => 27399462000180
    [cnpjDestinatario] => 11111111111111
    [modal] => R
    [tipoFrete] => 1
    [cepOrigem] => 96412830
    [cepDestino] => 92030370
    [vlrMercadoria] => 309.00
    [peso] => 2.00
    [cubagem] => Array
        (
            [0] => Array
                (
                    [largura] => 0.30
                    [altura] => 0.08
                    [comprimento] => 0.30
                    [volumes] => 1
                )

        )

    [volumes] => 1
)

05-10-2022 @ 11:03:21 - Braspress Braspress - Rodoviário resposta 200: {"id":167030318,"prazo":1,"totalFrete":34.34}
05-10-2022 @ 11:21:29 - Braspress Braspress - Rodoviário envio: Array
(
    [cnpjRemetente] => 27399462000180
    [cnpjDestinatario] => 11111111111111
    [modal] => R
    [tipoFrete] => 1
    [cepOrigem] => 96412830
    [cepDestino] => 92030370
    [vlrMercadoria] => 309.00
    [peso] => 2.00
    [cubagem] => Array
        (
            [0] => Array
                (
                    [largura] => 0.30
                    [altura] => 0.08
                    [comprimento] => 0.30
                    [volumes] => 1
                )

        )

    [volumes] => 1
)

05-10-2022 @ 11:21:29 - Braspress Braspress - Rodoviário resposta 200: {"id":167034839,"prazo":1,"totalFrete":34.34}
05-10-2022 @ 11:21:33 - Braspress Braspress - Rodoviário envio: Array
(
    [cnpjRemetente] => 27399462000180
    [cnpjDestinatario] => 11111111111111
    [modal] => R
    [tipoFrete] => 1
    [cepOrigem] => 96412830
    [cepDestino] => 92030370
    [vlrMercadoria] => 309.00
    [peso] => 2.00
    [cubagem] => Array
        (
            [0] => Array
                (
                    [largura] => 0.30
                    [altura] => 0.08
                    [comprimento] => 0.30
                    [volumes] => 1
                )

        )

    [volumes] => 1
)

05-10-2022 @ 11:21:33 - Braspress Braspress - Rodoviário resposta 200: {"id":167034853,"prazo":1,"totalFrete":34.34}
05-10-2022 @ 11:22:20 - Braspress Braspress - Rodoviário envio: Array
(
    [cnpjRemetente] => 27399462000180
    [cnpjDestinatario] => 66474418087
    [modal] => R
    [tipoFrete] => 1
    [cepOrigem] => 96412830
    [cepDestino] => 92030370
    [vlrMercadoria] => 309.00
    [peso] => 2.00
    [cubagem] => Array
        (
            [0] => Array
                (
                    [largura] => 0.30
                    [altura] => 0.08
                    [comprimento] => 0.30
                    [volumes] => 1
                )

        )

    [volumes] => 1
)

05-10-2022 @ 11:22:20 - Braspress Braspress - Rodoviário resposta 200: {"id":167035052,"prazo":1,"totalFrete":34.34}
05-10-2022 @ 11:22:23 - Braspress Braspress - Rodoviário envio: Array
(
    [cnpjRemetente] => 27399462000180
    [cnpjDestinatario] => 66474418087
    [modal] => R
    [tipoFrete] => 1
    [cepOrigem] => 96412830
    [cepDestino] => 92030370
    [vlrMercadoria] => 309.00
    [peso] => 2.00
    [cubagem] => Array
        (
            [0] => Array
                (
                    [largura] => 0.30
                    [altura] => 0.08
                    [comprimento] => 0.30
                    [volumes] => 1
                )

        )

    [volumes] => 1
)

05-10-2022 @ 11:22:23 - Braspress Braspress - Rodoviário resposta 200: {"id":167035076,"prazo":1,"totalFrete":34.34}
05-10-2022 @ 11:22:30 - Braspress Braspress - Rodoviário envio: Array
(
    [cnpjRemetente] => 27399462000180
    [cnpjDestinatario] => 66474418087
    [modal] => R
    [tipoFrete] => 1
    [cepOrigem] => 96412830
    [cepDestino] => 92030370
    [vlrMercadoria] => 309.00
    [peso] => 2.00
    [cubagem] => Array
        (
            [0] => Array
                (
                    [largura] => 0.30
                    [altura] => 0.08
                    [comprimento] => 0.30
                    [volumes] => 1
                )

        )

    [volumes] => 1
)

05-10-2022 @ 11:22:30 - Braspress Braspress - Rodoviário resposta 200: {"id":167035096,"prazo":1,"totalFrete":34.34}
05-10-2022 @ 11:22:33 - Braspress Braspress - Rodoviário envio: Array
(
    [cnpjRemetente] => 27399462000180
    [cnpjDestinatario] => 66474418087
    [modal] => R
    [tipoFrete] => 1
    [cepOrigem] => 96412830
    [cepDestino] => 92030370
    [vlrMercadoria] => 309.00
    [peso] => 2.00
    [cubagem] => Array
        (
            [0] => Array
                (
                    [largura] => 0.30
                    [altura] => 0.08
                    [comprimento] => 0.30
                    [volumes] => 1
                )

        )

    [volumes] => 1
)

05-10-2022 @ 11:22:33 - Braspress Braspress - Rodoviário resposta 200: {"id":167035113,"prazo":1,"totalFrete":34.34}
05-10-2022 @ 11:22:36 - Braspress Braspress - Rodoviário envio: Array
(
    [cnpjRemetente] => 27399462000180
    [cnpjDestinatario] => 66474418087
    [modal] => R
    [tipoFrete] => 1
    [cepOrigem] => 96412830
    [cepDestino] => 92030370
    [vlrMercadoria] => 309.00
    [peso] => 2.00
    [cubagem] => Array
        (
            [0] => Array
                (
                    [largura] => 0.30
                    [altura] => 0.08
                    [comprimento] => 0.30
                    [volumes] => 1
                )

        )

    [volumes] => 1
)

05-10-2022 @ 11:22:36 - Braspress Braspress - Rodoviário resposta 200: {"id":167035127,"prazo":1,"totalFrete":34.34}
05-10-2022 @ 11:22:41 - Braspress Braspress - Rodoviário envio: Array
(
    [cnpjRemetente] => 27399462000180
    [cnpjDestinatario] => 66474418087
    [modal] => R
    [tipoFrete] => 1
    [cepOrigem] => 96412830
    [cepDestino] => 92030370
    [vlrMercadoria] => 309.00
    [peso] => 2.00
    [cubagem] => Array
        (
            [0] => Array
                (
                    [largura] => 0.30
                    [altura] => 0.08
                    [comprimento] => 0.30
                    [volumes] => 1
                )

        )

    [volumes] => 1
)

05-10-2022 @ 11:22:41 - Braspress Braspress - Rodoviário resposta 200: {"id":167035149,"prazo":1,"totalFrete":34.34}
05-10-2022 @ 11:23:24 - Braspress Braspress - Rodoviário envio: Array
(
    [cnpjRemetente] => 27399462000180
    [cnpjDestinatario] => 11111111111111
    [modal] => R
    [tipoFrete] => 1
    [cepOrigem] => 96412830
    [cepDestino] => 15385000
    [vlrMercadoria] => 619.00
    [peso] => 9.00
    [cubagem] => Array
        (
            [0] => Array
                (
                    [largura] => 0.68
                    [altura] => 0.20
                    [comprimento] => 0.40
                    [volumes] => 1
                )

        )

    [volumes] => 1
)

05-10-2022 @ 11:23:24 - Braspress Braspress - Rodoviário resposta 200: {"id":167035339,"prazo":9,"totalFrete":72.33}
05-10-2022 @ 11:33:08 - Braspress Braspress - Rodoviário envio: Array
(
    [cnpjRemetente] => 27399462000180
    [cnpjDestinatario] => 11111111111111
    [modal] => R
    [tipoFrete] => 1
    [cepOrigem] => 96412830
    [cepDestino] => 15385000
    [vlrMercadoria] => 189.00
    [peso] => 2.00
    [cubagem] => Array
        (
            [0] => Array
                (
                    [largura] => 0.35
                    [altura] => 0.10
                    [comprimento] => 0.40
                    [volumes] => 1
                )

        )

    [volumes] => 1
)

05-10-2022 @ 11:33:08 - Braspress Braspress - Rodoviário resposta 200: {"id":167037545,"prazo":9,"totalFrete":59.05}
05-10-2022 @ 11:36:39 - Braspress Braspress - Rodoviário envio: Array
(
    [cnpjRemetente] => 27399462000180
    [cnpjDestinatario] => 11111111111111
    [modal] => R
    [tipoFrete] => 1
    [cepOrigem] => 96412830
    [cepDestino] => 09751030
    [vlrMercadoria] => 429.00
    [peso] => 10.00
    [cubagem] => Array
        (
            [0] => Array
                (
                    [largura] => 0.70
                    [altura] => 0.42
                    [comprimento] => 0.70
                    [volumes] => 1
                )

        )

    [volumes] => 1
)

05-10-2022 @ 11:36:39 - Braspress Braspress - Rodoviário resposta 200: {"id":167038278,"prazo":5,"totalFrete":172.35}
05-10-2022 @ 11:36:50 - Braspress Braspress - Rodoviário envio: Array
(
    [cnpjRemetente] => 27399462000180
    [cnpjDestinatario] => 11111111111111
    [modal] => R
    [tipoFrete] => 1
    [cepOrigem] => 96412830
    [cepDestino] => 15385000
    [vlrMercadoria] => 269.00
    [peso] => 3.50
    [cubagem] => Array
        (
            [0] => Array
                (
                    [largura] => 0.35
                    [altura] => 0.45
                    [comprimento] => 0.35
                    [volumes] => 1
                )

        )

    [volumes] => 1
)

05-10-2022 @ 11:36:50 - Braspress Braspress - Rodoviário resposta 200: {"id":167038317,"prazo":9,"totalFrete":69.98}
05-10-2022 @ 11:52:45 - Braspress Braspress - Rodoviário envio: Array
(
    [cnpjRemetente] => 27399462000180
    [cnpjDestinatario] => 11111111111111
    [modal] => R
    [tipoFrete] => 1
    [cepOrigem] => 96412830
    [cepDestino] => 81540440
    [vlrMercadoria] => 109.00
    [peso] => 0.40
    [cubagem] => Array
        (
            [0] => Array
                (
                    [largura] => 0.23
                    [altura] => 0.10
                    [comprimento] => 0.30
                    [volumes] => 1
                )

        )

    [volumes] => 1
)

05-10-2022 @ 11:52:45 - Braspress Braspress - Rodoviário resposta 200: {"id":167041906,"prazo":3,"totalFrete":73.68}
05-10-2022 @ 12:38:59 - Braspress Braspress - Rodoviário envio: Array
(
    [cnpjRemetente] => 27399462000180
    [cnpjDestinatario] => 11111111111111
    [modal] => R
    [tipoFrete] => 1
    [cepOrigem] => 96412830
    [cepDestino] => 96530000
    [vlrMercadoria] => 339.00
    [peso] => 3.50
    [cubagem] => Array
        (
            [0] => Array
                (
                    [largura] => 0.45
                    [altura] => 0.45
                    [comprimento] => 0.45
                    [volumes] => 1
                )

        )

    [volumes] => 1
)

05-10-2022 @ 12:38:59 - Braspress Braspress - Rodoviário resposta 200: {"id":167049816,"prazo":3,"totalFrete":55.48}
05-10-2022 @ 12:41:07 - Braspress Braspress - Rodoviário envio: Array
(
    [cnpjRemetente] => 27399462000180
    [cnpjDestinatario] => 11111111111111
    [modal] => R
    [tipoFrete] => 1
    [cepOrigem] => 96412830
    [cepDestino] => 98803390
    [vlrMercadoria] => 109.00
    [peso] => 0.40
    [cubagem] => Array
        (
            [0] => Array
                (
                    [largura] => 0.23
                    [altura] => 0.10
                    [comprimento] => 0.30
                    [volumes] => 1
                )

        )

    [volumes] => 1
)

05-10-2022 @ 12:41:07 - Braspress Braspress - Rodoviário resposta 200: {"id":167050181,"prazo":1,"totalFrete":36.81}
05-10-2022 @ 13:28:41 - Braspress Braspress - Rodoviário envio: Array
(
    [cnpjRemetente] => 27399462000180
    [cnpjDestinatario] => 11111111111111
    [modal] => R
    [tipoFrete] => 1
    [cepOrigem] => 96412830
    [cepDestino] => 20230026
    [vlrMercadoria] => 339.00
    [peso] => 6.00
    [cubagem] => Array
        (
            [0] => Array
                (
                    [largura] => 0.55
                    [altura] => 0.20
                    [comprimento] => 0.80
                    [volumes] => 1
                )

        )

    [volumes] => 1
)

05-10-2022 @ 13:28:41 - Braspress Braspress - Rodoviário resposta 200: {"id":167058504,"prazo":4,"totalFrete":121.89}
05-10-2022 @ 13:49:02 - Braspress Braspress - Rodoviário envio: Array
(
    [cnpjRemetente] => 27399462000180
    [cnpjDestinatario] => 11111111111111
    [modal] => R
    [tipoFrete] => 1
    [cepOrigem] => 96412830
    [cepDestino] => 08553110
    [vlrMercadoria] => 369.00
    [peso] => 3.00
    [cubagem] => Array
        (
            [0] => Array
                (
                    [largura] => 0.50
                    [altura] => 0.10
                    [comprimento] => 0.30
                    [volumes] => 1
                )

        )

    [volumes] => 1
)

05-10-2022 @ 13:49:02 - Braspress Braspress - Rodoviário resposta 200: {"id":167062921,"prazo":5,"totalFrete":106.66}
05-10-2022 @ 13:50:03 - Braspress Braspress - Rodoviário envio: Array
(
    [cnpjRemetente] => 27399462000180
    [cnpjDestinatario] => 11111111111111
    [modal] => R
    [tipoFrete] => 1
    [cepOrigem] => 96412830
    [cepDestino] => 90035140
    [vlrMercadoria] => 189.00
    [peso] => 1.00
    [cubagem] => Array
        (
            [0] => Array
                (
                    [largura] => 0.20
                    [altura] => 0.10
                    [comprimento] => 0.25
                    [volumes] => 1
                )

        )

    [volumes] => 1
)

05-10-2022 @ 13:50:03 - Braspress Braspress - Rodoviário resposta 200: {"id":167063108,"prazo":1,"totalFrete":33.95}
05-10-2022 @ 13:52:11 - Braspress Braspress - Rodoviário envio: Array
(
    [cnpjRemetente] => 27399462000180
    [cnpjDestinatario] => 11111111111111
    [modal] => R
    [tipoFrete] => 1
    [cepOrigem] => 96412830
    [cepDestino] => 58400100
    [vlrMercadoria] => 269.00
    [peso] => 3.50
    [cubagem] => Array
        (
            [0] => Array
                (
                    [largura] => 0.35
                    [altura] => 0.45
                    [comprimento] => 0.35
                    [volumes] => 1
                )

        )

    [volumes] => 1
)

05-10-2022 @ 13:52:11 - Braspress Braspress - Rodoviário resposta 200: {"id":167063628,"prazo":9,"totalFrete":125.31}
05-10-2022 @ 13:58:32 - Braspress Braspress - Rodoviário envio: Array
(
    [cnpjRemetente] => 27399462000180
    [cnpjDestinatario] => 11111111111111
    [modal] => R
    [tipoFrete] => 1
    [cepOrigem] => 96412830
    [cepDestino] => 24360340
    [vlrMercadoria] => 2476.00
    [peso] => 36.00
    [cubagem] => Array
        (
            [0] => Array
                (
                    [largura] => 0.68
                    [altura] => 0.20
                    [comprimento] => 0.40
                    [volumes] => 4
                )

        )

    [volumes] => 4
)

05-10-2022 @ 13:58:32 - Braspress Braspress - Rodoviário resposta 200: {"id":167065120,"prazo":4,"totalFrete":165.0}
05-10-2022 @ 14:12:11 - Braspress Braspress - Rodoviário envio: Array
(
    [cnpjRemetente] => 27399462000180
    [cnpjDestinatario] => 11111111111111
    [modal] => R
    [tipoFrete] => 1
    [cepOrigem] => 96412830
    [cepDestino] => 96300000
    [vlrMercadoria] => 578.00
    [peso] => 3.00
    [cubagem] => Array
        (
            [0] => Array
                (
                    [largura] => 0.30
                    [altura] => 0.20
                    [comprimento] => 0.30
                    [volumes] => 2
                )

        )

    [volumes] => 2
)

05-10-2022 @ 14:12:11 - Braspress Braspress - Rodoviário resposta 200: {"id":167068027,"prazo":3,"totalFrete":46.76}
05-10-2022 @ 14:19:49 - Braspress Braspress - Rodoviário envio: Array
(
    [cnpjRemetente] => 27399462000180
    [cnpjDestinatario] => 11111111111111
    [modal] => R
    [tipoFrete] => 1
    [cepOrigem] => 96412830
    [cepDestino] => 34007386
    [vlrMercadoria] => 77.70
    [peso] => 1.50
    [cubagem] => Array
        (
            [0] => Array
                (
                    [largura] => 0.25
                    [altura] => 0.05
                    [comprimento] => 0.30
                    [volumes] => 1
                )

            [1] => Array
                (
                    [largura] => 0.25
                    [altura] => 0.05
                    [comprimento] => 0.30
                    [volumes] => 1
                )

            [2] => Array
                (
                    [largura] => 0.25
                    [altura] => 0.05
                    [comprimento] => 0.30
                    [volumes] => 1
                )

        )

    [volumes] => 3
)

05-10-2022 @ 14:19:49 - Braspress Braspress - Rodoviário resposta 200: {"id":167069819,"prazo":5,"totalFrete":82.02}
05-10-2022 @ 14:28:42 - Braspress Braspress - Rodoviário envio: Array
(
    [cnpjRemetente] => 27399462000180
    [cnpjDestinatario] => 11111111111111
    [modal] => R
    [tipoFrete] => 1
    [cepOrigem] => 96412830
    [cepDestino] => 34007386
    [vlrMercadoria] => 1233.70
    [peso] => 7.50
    [cubagem] => Array
        (
            [0] => Array
                (
                    [largura] => 0.25
                    [altura] => 0.05
                    [comprimento] => 0.30
                    [volumes] => 1
                )

            [1] => Array
                (
                    [largura] => 0.25
                    [altura] => 0.05
                    [comprimento] => 0.30
                    [volumes] => 1
                )

            [2] => Array
                (
                    [largura] => 0.25
                    [altura] => 0.05
                    [comprimento] => 0.30
                    [volumes] => 1
                )

            [3] => Array
                (
                    [largura] => 0.30
                    [altura] => 0.20
                    [comprimento] => 0.30
                    [volumes] => 4
                )

        )

    [volumes] => 7
)

05-10-2022 @ 14:28:42 - Braspress Braspress - Rodoviário resposta 200: {"id":167072015,"prazo":5,"totalFrete":111.15}
05-10-2022 @ 14:30:51 - Braspress Braspress - Rodoviário envio: Array
(
    [cnpjRemetente] => 27399462000180
    [cnpjDestinatario] => 11111111111111
    [modal] => R
    [tipoFrete] => 1
    [cepOrigem] => 96412830
    [cepDestino] => 90035140
    [vlrMercadoria] => 259.00
    [peso] => 3.00
    [cubagem] => Array
        (
            [0] => Array
                (
                    [largura] => 0.30
                    [altura] => 0.15
                    [comprimento] => 0.40
                    [volumes] => 1
                )

        )

    [volumes] => 1
)

05-10-2022 @ 14:30:51 - Braspress Braspress - Rodoviário resposta 401: {"statusCode":403,"message":"Authentication failed","dateTime":"10/05/2022 14:30:51","errorList":null}

05-10-2022 @ 14:30:51 - Braspress Braspress - Rodoviário erro: Array
(
    [statusCode] => 403
    [message] => Authentication failed
    [dateTime] => 10/05/2022 14:30:51
    [errorList] => 
    [ambiente] => https://api.braspress.com/v1/cotacao/calcular/json
)

05-10-2022 @ 14:31:02 - Braspress Braspress - Rodoviário envio: Array
(
    [cnpjRemetente] => 27399462000180
    [cnpjDestinatario] => 11111111111111
    [modal] => R
    [tipoFrete] => 1
    [cepOrigem] => 96412830
    [cepDestino] => 90035140
    [vlrMercadoria] => 259.00
    [peso] => 3.00
    [cubagem] => Array
        (
            [0] => Array
                (
                    [largura] => 0.30
                    [altura] => 0.15
                    [comprimento] => 0.40
                    [volumes] => 1
                )

        )

    [volumes] => 1
)

05-10-2022 @ 14:31:02 - Braspress Braspress - Rodoviário resposta 200: {"id":167072458,"prazo":1,"totalFrete":34.18}
05-10-2022 @ 14:32:23 - Braspress Braspress - Rodoviário envio: Array
(
    [cnpjRemetente] => 27399462000180
    [cnpjDestinatario] => 11111111111111
    [modal] => R
    [tipoFrete] => 1
    [cepOrigem] => 96412830
    [cepDestino] => 90035140
    [vlrMercadoria] => 329.00
    [peso] => 3.00
    [cubagem] => Array
        (
            [0] => Array
                (
                    [largura] => 0.30
                    [altura] => 0.15
                    [comprimento] => 0.40
                    [volumes] => 1
                )

        )

    [volumes] => 1
)

05-10-2022 @ 14:32:23 - Braspress Braspress - Rodoviário resposta 200: {"id":167072759,"prazo":1,"totalFrete":34.41}
05-10-2022 @ 14:54:04 - Braspress Braspress - Rodoviário envio: Array
(
    [cnpjRemetente] => 27399462000180
    [cnpjDestinatario] => 79069649268
    [modal] => R
    [tipoFrete] => 1
    [cepOrigem] => 96412830
    [cepDestino] => 69037107
    [vlrMercadoria] => 2159.00
    [peso] => 8.50
    [cubagem] => Array
        (
            [0] => Array
                (
                    [largura] => 0.50
                    [altura] => 0.15
                    [comprimento] => 0.50
                    [volumes] => 1
                )

        )

    [volumes] => 1
)

05-10-2022 @ 14:54:04 - Braspress Braspress - Rodoviário resposta 200: {"id":167078180,"prazo":19,"totalFrete":122.18}
05-10-2022 @ 14:59:23 - Braspress Braspress - Rodoviário envio: Array
(
    [cnpjRemetente] => 27399462000180
    [cnpjDestinatario] => 11111111111111
    [modal] => R
    [tipoFrete] => 1
    [cepOrigem] => 96412830
    [cepDestino] => 95305000
    [vlrMercadoria] => 189.00
    [peso] => 1.00
    [cubagem] => Array
        (
            [0] => Array
                (
                    [largura] => 0.25
                    [altura] => 0.05
                    [comprimento] => 0.30
                    [volumes] => 1
                )

        )

    [volumes] => 1
)

05-10-2022 @ 14:59:23 - Braspress Braspress - Rodoviário resposta 200: {"id":167079395,"prazo":4,"totalFrete":38.65}
05-10-2022 @ 15:14:11 - Braspress Braspress - Rodoviário envio: Array
(
    [cnpjRemetente] => 27399462000180
    [cnpjDestinatario] => 79069649268
    [modal] => R
    [tipoFrete] => 1
    [cepOrigem] => 96412830
    [cepDestino] => 69037107
    [vlrMercadoria] => 3239.00
    [peso] => 15.00
    [cubagem] => Array
        (
            [0] => Array
                (
                    [largura] => 0.70
                    [altura] => 0.30
                    [comprimento] => 0.70
                    [volumes] => 1
                )

        )

    [volumes] => 1
)

05-10-2022 @ 15:14:11 - Braspress Braspress - Rodoviário resposta 200: {"id":167082912,"prazo":19,"totalFrete":163.33}
05-10-2022 @ 15:54:25 - Braspress Braspress - Rodoviário envio: Array
(
    [cnpjRemetente] => 27399462000180
    [cnpjDestinatario] => 02614660035
    [modal] => R
    [tipoFrete] => 1
    [cepOrigem] => 96412830
    [cepDestino] => 95098340
    [vlrMercadoria] => 499.00
    [peso] => 3.50
    [cubagem] => Array
        (
            [0] => Array
                (
                    [largura] => 0.50
                    [altura] => 0.10
                    [comprimento] => 0.50
                    [volumes] => 1
                )

        )

    [volumes] => 1
)

05-10-2022 @ 15:54:25 - Braspress Braspress - Rodoviário resposta 200: {"id":167092335,"prazo":1,"totalFrete":63.67}
05-10-2022 @ 15:55:07 - Braspress Braspress - Rodoviário envio: Array
(
    [cnpjRemetente] => 27399462000180
    [cnpjDestinatario] => 11111111111111
    [modal] => R
    [tipoFrete] => 1
    [cepOrigem] => 96412830
    [cepDestino] => 78217590
    [vlrMercadoria] => 1329.00
    [peso] => 8.00
    [cubagem] => Array
        (
            [0] => Array
                (
                    [largura] => 0.50
                    [altura] => 0.15
                    [comprimento] => 0.60
                    [volumes] => 1
                )

        )

    [volumes] => 1
)

05-10-2022 @ 15:55:07 - Braspress Braspress - Rodoviário resposta 400: {"statusCode":500,"message":"Service Error","dateTime":"10/05/2022 15:54:14","errorList":["Erro ao realizar a cotação de frete: VERIFICANDO CEP DESTINO"]}
05-10-2022 @ 15:55:07 - Braspress Braspress - Rodoviário erro: Array
(
    [statusCode] => 500
    [message] => Service Error
    [dateTime] => 10/05/2022 15:54:14
    [errorList] => Array
        (
            [0] => Erro ao realizar a cotação de frete: VERIFICANDO CEP DESTINO
        )

    [ambiente] => https://api.braspress.com/v1/cotacao/calcular/json
)

05-10-2022 @ 17:33:27 - Braspress Braspress - Rodoviário envio: Array
(
    [cnpjRemetente] => 27399462000180
    [cnpjDestinatario] => 11111111111111
    [modal] => R
    [tipoFrete] => 1
    [cepOrigem] => 96412830
    [cepDestino] => 90035140
    [vlrMercadoria] => 329.00
    [peso] => 3.00
    [cubagem] => Array
        (
            [0] => Array
                (
                    [largura] => 0.30
                    [altura] => 0.15
                    [comprimento] => 0.40
                    [volumes] => 1
                )

        )

    [volumes] => 1
)

05-10-2022 @ 17:33:27 - Braspress Braspress - Rodoviário resposta 401: {"statusCode":403,"message":"Authentication failed","dateTime":"10/05/2022 17:33:27","errorList":null}

05-10-2022 @ 17:33:27 - Braspress Braspress - Rodoviário erro: Array
(
    [statusCode] => 403
    [message] => Authentication failed
    [dateTime] => 10/05/2022 17:33:27
    [errorList] => 
    [ambiente] => https://api.braspress.com/v1/cotacao/calcular/json
)

05-10-2022 @ 17:48:47 - Braspress Braspress - Rodoviário envio: Array
(
    [cnpjRemetente] => 27399462000180
    [cnpjDestinatario] => 11111111111111
    [modal] => R
    [tipoFrete] => 1
    [cepOrigem] => 96412830
    [cepDestino] => 09080320
    [vlrMercadoria] => 289.00
    [peso] => 1.00
    [cubagem] => Array
        (
            [0] => Array
                (
                    [largura] => 0.25
                    [altura] => 0.20
                    [comprimento] => 0.30
                    [volumes] => 1
                )

        )

    [volumes] => 1
)

05-10-2022 @ 17:48:47 - Braspress Braspress - Rodoviário resposta 200: {"id":167116103,"prazo":5,"totalFrete":105.97}
05-10-2022 @ 17:50:20 - Braspress Braspress - Rodoviário envio: Array
(
    [cnpjRemetente] => 27399462000180
    [cnpjDestinatario] => 11111111111111
    [modal] => R
    [tipoFrete] => 1
    [cepOrigem] => 96412830
    [cepDestino] => 90035140
    [vlrMercadoria] => 329.00
    [peso] => 3.00
    [cubagem] => Array
        (
            [0] => Array
                (
                    [largura] => 0.30
                    [altura] => 0.15
                    [comprimento] => 0.40
                    [volumes] => 1
                )

        )

    [volumes] => 1
)

05-10-2022 @ 17:50:20 - Braspress Braspress - Rodoviário resposta 200: {"id":167116354,"prazo":1,"totalFrete":34.41}
05-10-2022 @ 18:07:47 - Braspress Braspress - Rodoviário envio: Array
(
    [cnpjRemetente] => 27399462000180
    [cnpjDestinatario] => 11111111111111
    [modal] => R
    [tipoFrete] => 1
    [cepOrigem] => 96412830
    [cepDestino] => 08553110
    [vlrMercadoria] => 688.00
    [peso] => 6.50
    [cubagem] => Array
        (
            [0] => Array
                (
                    [largura] => 0.50
                    [altura] => 0.10
                    [comprimento] => 0.30
                    [volumes] => 1
                )

            [1] => Array
                (
                    [largura] => 0.30
                    [altura] => 0.20
                    [comprimento] => 0.35
                    [volumes] => 1
                )

        )

    [volumes] => 2
)

05-10-2022 @ 18:07:47 - Braspress Braspress - Rodoviário resposta 200: {"id":167118984,"prazo":5,"totalFrete":123.0}
05-10-2022 @ 18:08:25 - Braspress Braspress - Rodoviário envio: Array
(
    [cnpjRemetente] => 27399462000180
    [cnpjDestinatario] => 11111111111111
    [modal] => R
    [tipoFrete] => 1
    [cepOrigem] => 96412830
    [cepDestino] => 08553110
    [vlrMercadoria] => 319.00
    [peso] => 3.50
    [cubagem] => Array
        (
            [0] => Array
                (
                    [largura] => 0.30
                    [altura] => 0.20
                    [comprimento] => 0.35
                    [volumes] => 1
                )

        )

    [volumes] => 1
)

05-10-2022 @ 18:08:25 - Braspress Braspress - Rodoviário resposta 200: {"id":167119042,"prazo":5,"totalFrete":106.22}
05-10-2022 @ 18:08:44 - Braspress Braspress - Rodoviário envio: Array
(
    [cnpjRemetente] => 27399462000180
    [cnpjDestinatario] => 11111111111111
    [modal] => R
    [tipoFrete] => 1
    [cepOrigem] => 96412830
    [cepDestino] => 08553110
    [vlrMercadoria] => 658.00
    [peso] => 9.50
    [cubagem] => Array
        (
            [0] => Array
                (
                    [largura] => 0.30
                    [altura] => 0.20
                    [comprimento] => 0.35
                    [volumes] => 1
                )

            [1] => Array
                (
                    [largura] => 0.55
                    [altura] => 0.20
                    [comprimento] => 0.80
                    [volumes] => 1
                )

        )

    [volumes] => 2
)

05-10-2022 @ 18:08:44 - Braspress Braspress - Rodoviário resposta 200: {"id":167119083,"prazo":5,"totalFrete":142.05}
05-10-2022 @ 18:09:00 - Braspress Braspress - Rodoviário envio: Array
(
    [cnpjRemetente] => 27399462000180
    [cnpjDestinatario] => 11111111111111
    [modal] => R
    [tipoFrete] => 1
    [cepOrigem] => 96412830
    [cepDestino] => 88330040
    [vlrMercadoria] => 658.00
    [peso] => 9.50
    [cubagem] => Array
        (
            [0] => Array
                (
                    [largura] => 0.30
                    [altura] => 0.20
                    [comprimento] => 0.35
                    [volumes] => 1
                )

            [1] => Array
                (
                    [largura] => 0.55
                    [altura] => 0.20
                    [comprimento] => 0.80
                    [volumes] => 1
                )

        )

    [volumes] => 2
)

05-10-2022 @ 18:09:00 - Braspress Braspress - Rodoviário resposta 200: {"id":167119117,"prazo":3,"totalFrete":98.96}
05-10-2022 @ 18:18:47 - Braspress Braspress - Rodoviário envio: Array
(
    [cnpjRemetente] => 27399462000180
    [cnpjDestinatario] => 11111111111111
    [modal] => R
    [tipoFrete] => 1
    [cepOrigem] => 96412830
    [cepDestino] => 89990000
    [vlrMercadoria] => 2459.00
    [peso] => 20.00
    [cubagem] => Array
        (
            [0] => Array
                (
                    [largura] => 0.65
                    [altura] => 0.20
                    [comprimento] => 0.70
                    [volumes] => 1
                )

        )

    [volumes] => 1
)

05-10-2022 @ 18:18:47 - Braspress Braspress - Rodoviário resposta 200: {"id":167120363,"prazo":4,"totalFrete":81.25}
05-10-2022 @ 18:29:12 - Braspress Braspress - Rodoviário envio: Array
(
    [cnpjRemetente] => 27399462000180
    [cnpjDestinatario] => 11111111111111
    [modal] => R
    [tipoFrete] => 1
    [cepOrigem] => 96412830
    [cepDestino] => 34007386
    [vlrMercadoria] => 77.70
    [peso] => 1.50
    [cubagem] => Array
        (
            [0] => Array
                (
                    [largura] => 0.25
                    [altura] => 0.05
                    [comprimento] => 0.30
                    [volumes] => 1
                )

            [1] => Array
                (
                    [largura] => 0.25
                    [altura] => 0.05
                    [comprimento] => 0.30
                    [volumes] => 1
                )

            [2] => Array
                (
                    [largura] => 0.25
                    [altura] => 0.05
                    [comprimento] => 0.30
                    [volumes] => 1
                )

        )

    [volumes] => 3
)

05-10-2022 @ 18:29:12 - Braspress Braspress - Rodoviário resposta 200: {"id":167121627,"prazo":5,"totalFrete":82.02}
