05-08-2022 @ 21:23:03 - Braspress Braspress - Rodoviário envio: Array
(
    [cnpjRemetente] => 27399462000180
    [cnpjDestinatario] => 11111111111111
    [modal] => R
    [tipoFrete] => 1
    [cepOrigem] => 96412830
    [cepDestino] => 04088002
    [vlrMercadoria] => 3179.00
    [peso] => 20.00
    [cubagem] => Array
        (
            [0] => Array
                (
                    [largura] => 0.65
                    [altura] => 0.20
                    [comprimento] => 0.70
                    [volumes] => 1
                )

        )

    [volumes] => 1
)

05-08-2022 @ 21:23:03 - Braspress Braspress - Rodoviário resposta 200: {"id":166785628,"prazo":4,"totalFrete":163.91}
05-08-2022 @ 22:01:52 - Braspress Braspress - Rodoviário envio: Array
(
    [cnpjRemetente] => 27399462000180
    [cnpjDestinatario] => 11111111111111
    [modal] => R
    [tipoFrete] => 1
    [cepOrigem] => 96412830
    [cepDestino] => 05056020
    [vlrMercadoria] => 439.00
    [peso] => 2.50
    [cubagem] => Array
        (
            [0] => Array
                (
                    [largura] => 0.30
                    [altura] => 0.10
                    [comprimento] => 0.30
                    [volumes] => 1
                )

        )

    [volumes] => 1
)

05-08-2022 @ 22:01:52 - Braspress Braspress - Rodoviário resposta 200: {"id":166789029,"prazo":4,"totalFrete":107.26}
05-08-2022 @ 22:02:41 - Braspress Braspress - Rodoviário envio: Array
(
    [cnpjRemetente] => 27399462000180
    [cnpjDestinatario] => 11111111111111
    [modal] => R
    [tipoFrete] => 1
    [cepOrigem] => 96412830
    [cepDestino] => 05056020
    [vlrMercadoria] => 439.00
    [peso] => 2.50
    [cubagem] => Array
        (
            [0] => Array
                (
                    [largura] => 0.30
                    [altura] => 0.10
                    [comprimento] => 0.30
                    [volumes] => 1
                )

        )

    [volumes] => 1
)

05-08-2022 @ 22:02:41 - Braspress Braspress - Rodoviário resposta 200: {"id":166789121,"prazo":4,"totalFrete":107.26}
05-08-2022 @ 22:03:11 - Braspress Braspress - Rodoviário envio: Array
(
    [cnpjRemetente] => 27399462000180
    [cnpjDestinatario] => 33266671830
    [modal] => R
    [tipoFrete] => 1
    [cepOrigem] => 96412830
    [cepDestino] => 05056020
    [vlrMercadoria] => 439.00
    [peso] => 2.50
    [cubagem] => Array
        (
            [0] => Array
                (
                    [largura] => 0.30
                    [altura] => 0.10
                    [comprimento] => 0.30
                    [volumes] => 1
                )

        )

    [volumes] => 1
)

05-08-2022 @ 22:03:11 - Braspress Braspress - Rodoviário resposta 200: {"id":166789153,"prazo":4,"totalFrete":107.26}
05-08-2022 @ 22:03:13 - Braspress Braspress - Rodoviário envio: Array
(
    [cnpjRemetente] => 27399462000180
    [cnpjDestinatario] => 33266671830
    [modal] => R
    [tipoFrete] => 1
    [cepOrigem] => 96412830
    [cepDestino] => 05056020
    [vlrMercadoria] => 439.00
    [peso] => 2.50
    [cubagem] => Array
        (
            [0] => Array
                (
                    [largura] => 0.30
                    [altura] => 0.10
                    [comprimento] => 0.30
                    [volumes] => 1
                )

        )

    [volumes] => 1
)

05-08-2022 @ 22:03:13 - Braspress Braspress - Rodoviário resposta 200: {"id":166789159,"prazo":4,"totalFrete":107.26}
05-08-2022 @ 22:03:16 - Braspress Braspress - Rodoviário envio: Array
(
    [cnpjRemetente] => 27399462000180
    [cnpjDestinatario] => 33266671830
    [modal] => R
    [tipoFrete] => 1
    [cepOrigem] => 96412830
    [cepDestino] => 05056020
    [vlrMercadoria] => 439.00
    [peso] => 2.50
    [cubagem] => Array
        (
            [0] => Array
                (
                    [largura] => 0.30
                    [altura] => 0.10
                    [comprimento] => 0.30
                    [volumes] => 1
                )

        )

    [volumes] => 1
)

05-08-2022 @ 22:03:16 - Braspress Braspress - Rodoviário resposta 200: {"id":166789168,"prazo":4,"totalFrete":107.26}
05-08-2022 @ 23:00:25 - Braspress Braspress - Rodoviário envio: Array
(
    [cnpjRemetente] => 27399462000180
    [cnpjDestinatario] => 11111111111111
    [modal] => R
    [tipoFrete] => 1
    [cepOrigem] => 96412830
    [cepDestino] => 03262030
    [vlrMercadoria] => 419.00
    [peso] => 2.50
    [cubagem] => Array
        (
            [0] => Array
                (
                    [largura] => 0.32
                    [altura] => 0.08
                    [comprimento] => 0.32
                    [volumes] => 1
                )

        )

    [volumes] => 1
)

05-08-2022 @ 23:00:25 - Braspress Braspress - Rodoviário resposta 200: {"id":166794122,"prazo":4,"totalFrete":107.09}
05-08-2022 @ 23:46:49 - Braspress Braspress - Rodoviário envio: Array
(
    [cnpjRemetente] => 27399462000180
    [cnpjDestinatario] => 11111111111111
    [modal] => R
    [tipoFrete] => 1
    [cepOrigem] => 96412830
    [cepDestino] => 81210370
    [vlrMercadoria] => 1199.00
    [peso] => 8.00
    [cubagem] => Array
        (
            [0] => Array
                (
                    [largura] => 0.50
                    [altura] => 0.12
                    [comprimento] => 0.60
                    [volumes] => 1
                )

        )

    [volumes] => 1
)

05-08-2022 @ 23:46:49 - Braspress Braspress - Rodoviário resposta 200: {"id":166797063,"prazo":3,"totalFrete":86.48}
05-09-2022 @ 02:21:46 - Braspress Braspress - Rodoviário envio: Array
(
    [cnpjRemetente] => 27399462000180
    [cnpjDestinatario] => 11111111111111
    [modal] => R
    [tipoFrete] => 1
    [cepOrigem] => 96412830
    [cepDestino] => 07435000
    [vlrMercadoria] => 109.00
    [peso] => 0.40
    [cubagem] => Array
        (
            [0] => Array
                (
                    [largura] => 0.23
                    [altura] => 0.10
                    [comprimento] => 0.30
                    [volumes] => 1
                )

        )

    [volumes] => 1
)

05-09-2022 @ 02:21:46 - Braspress Braspress - Rodoviário resposta 200: {"id":166801691,"prazo":5,"totalFrete":104.4}
05-09-2022 @ 07:35:32 - Braspress Braspress - Rodoviário envio: Array
(
    [cnpjRemetente] => 27399462000180
    [cnpjDestinatario] => 11111111111111
    [modal] => R
    [tipoFrete] => 1
    [cepOrigem] => 96412830
    [cepDestino] => 88840000
    [vlrMercadoria] => 339.00
    [peso] => 6.00
    [cubagem] => Array
        (
            [0] => Array
                (
                    [largura] => 0.55
                    [altura] => 0.20
                    [comprimento] => 0.80
                    [volumes] => 1
                )

        )

    [volumes] => 1
)

05-09-2022 @ 07:35:32 - Braspress Braspress - Rodoviário resposta 200: {"id":166805939,"prazo":4,"totalFrete":68.53}
05-09-2022 @ 07:57:24 - Braspress Braspress - Rodoviário envio: Array
(
    [cnpjRemetente] => 27399462000180
    [cnpjDestinatario] => 11111111111111
    [modal] => R
    [tipoFrete] => 1
    [cepOrigem] => 96412830
    [cepDestino] => 95720000
    [vlrMercadoria] => 2419.00
    [peso] => 10.00
    [cubagem] => Array
        (
            [0] => Array
                (
                    [largura] => 0.70
                    [altura] => 0.25
                    [comprimento] => 0.60
                    [volumes] => 1
                )

        )

    [volumes] => 1
)

05-09-2022 @ 07:57:24 - Braspress Braspress - Rodoviário resposta 200: {"id":166807124,"prazo":2,"totalFrete":62.89}
05-09-2022 @ 08:49:07 - Braspress Braspress - Rodoviário envio: Array
(
    [cnpjRemetente] => 27399462000180
    [cnpjDestinatario] => 11111111111111
    [modal] => R
    [tipoFrete] => 1
    [cepOrigem] => 96412830
    [cepDestino] => 93334290
    [vlrMercadoria] => 309.00
    [peso] => 2.50
    [cubagem] => Array
        (
            [0] => Array
                (
                    [largura] => 0.40
                    [altura] => 0.08
                    [comprimento] => 0.40
                    [volumes] => 1
                )

        )

    [volumes] => 1
)

05-09-2022 @ 08:49:07 - Braspress Braspress - Rodoviário resposta 200: {"id":166812873,"prazo":1,"totalFrete":62.99}
05-09-2022 @ 09:09:35 - Braspress Braspress - Rodoviário envio: Array
(
    [cnpjRemetente] => 27399462000180
    [cnpjDestinatario] => 11111111111111
    [modal] => R
    [tipoFrete] => 1
    [cepOrigem] => 96412830
    [cepDestino] => 04562002
    [vlrMercadoria] => 109.00
    [peso] => 0.40
    [cubagem] => Array
        (
            [0] => Array
                (
                    [largura] => 0.23
                    [altura] => 0.10
                    [comprimento] => 0.30
                    [volumes] => 1
                )

        )

    [volumes] => 1
)

05-09-2022 @ 09:09:35 - Braspress Braspress - Rodoviário resposta 200: {"id":166815764,"prazo":4,"totalFrete":104.4}
05-09-2022 @ 09:14:08 - Braspress Braspress - Rodoviário envio: Array
(
    [cnpjRemetente] => 27399462000180
    [cnpjDestinatario] => 11111111111111
    [modal] => R
    [tipoFrete] => 1
    [cepOrigem] => 96412830
    [cepDestino] => 12301330
    [vlrMercadoria] => 109.00
    [peso] => 0.40
    [cubagem] => Array
        (
            [0] => Array
                (
                    [largura] => 0.23
                    [altura] => 0.10
                    [comprimento] => 0.30
                    [volumes] => 1
                )

        )

    [volumes] => 1
)

05-09-2022 @ 09:14:08 - Braspress Braspress - Rodoviário resposta 200: {"id":166816556,"prazo":3,"totalFrete":56.08}
05-09-2022 @ 10:01:12 - Braspress Braspress - Rodoviário envio: Array
(
    [cnpjRemetente] => 27399462000180
    [cnpjDestinatario] => 11111111111111
    [modal] => R
    [tipoFrete] => 1
    [cepOrigem] => 96412830
    [cepDestino] => 12321740
    [vlrMercadoria] => 627.00
    [peso] => 2.40
    [cubagem] => Array
        (
            [0] => Array
                (
                    [largura] => 0.25
                    [altura] => 0.20
                    [comprimento] => 0.30
                    [volumes] => 2
                )

            [1] => Array
                (
                    [largura] => 0.23
                    [altura] => 0.10
                    [comprimento] => 0.30
                    [volumes] => 1
                )

        )

    [volumes] => 3
)

05-09-2022 @ 10:01:12 - Braspress Braspress - Rodoviário resposta 200: {"id":166826306,"prazo":3,"totalFrete":69.54}
05-09-2022 @ 11:16:49 - Braspress Braspress - Rodoviário envio: Array
(
    [cnpjRemetente] => 27399462000180
    [cnpjDestinatario] => 11111111111111
    [modal] => R
    [tipoFrete] => 1
    [cepOrigem] => 96412830
    [cepDestino] => 99700118
    [vlrMercadoria] => 1799.00
    [peso] => 15.00
    [cubagem] => Array
        (
            [0] => Array
                (
                    [largura] => 0.70
                    [altura] => 0.18
                    [comprimento] => 0.65
                    [volumes] => 1
                )

        )

    [volumes] => 1
)

05-09-2022 @ 11:16:49 - Braspress Braspress - Rodoviário resposta 200: {"id":166843799,"prazo":2,"totalFrete":60.68}
05-09-2022 @ 11:17:20 - Braspress Braspress - Rodoviário envio: Array
(
    [cnpjRemetente] => 27399462000180
    [cnpjDestinatario] => 11111111111111
    [modal] => R
    [tipoFrete] => 1
    [cepOrigem] => 96412830
    [cepDestino] => 18087023
    [vlrMercadoria] => 429.00
    [peso] => 10.00
    [cubagem] => Array
        (
            [0] => Array
                (
                    [largura] => 0.70
                    [altura] => 0.42
                    [comprimento] => 0.70
                    [volumes] => 1
                )

        )

    [volumes] => 1
)

05-09-2022 @ 11:17:20 - Braspress Braspress - Rodoviário resposta 200: {"id":166843904,"prazo":3,"totalFrete":134.98}
05-09-2022 @ 11:54:27 - Braspress Braspress - Rodoviário envio: Array
(
    [cnpjRemetente] => 27399462000180
    [cnpjDestinatario] => 11111111111111
    [modal] => R
    [tipoFrete] => 1
    [cepOrigem] => 96412830
    [cepDestino] => 78068390
    [vlrMercadoria] => 329.00
    [peso] => 3.00
    [cubagem] => Array
        (
            [0] => Array
                (
                    [largura] => 0.30
                    [altura] => 0.15
                    [comprimento] => 0.40
                    [volumes] => 1
                )

        )

    [volumes] => 1
)

05-09-2022 @ 11:54:27 - Braspress Braspress - Rodoviário resposta 200: {"id":166851879,"prazo":6,"totalFrete":80.73}
05-09-2022 @ 12:08:12 - Braspress Braspress - Rodoviário envio: Array
(
    [cnpjRemetente] => 27399462000180
    [cnpjDestinatario] => 11111111111111
    [modal] => R
    [tipoFrete] => 1
    [cepOrigem] => 96412830
    [cepDestino] => 09291260
    [vlrMercadoria] => 339.00
    [peso] => 6.00
    [cubagem] => Array
        (
            [0] => Array
                (
                    [largura] => 0.55
                    [altura] => 0.20
                    [comprimento] => 0.80
                    [volumes] => 1
                )

        )

    [volumes] => 1
)

05-09-2022 @ 12:08:12 - Braspress Braspress - Rodoviário resposta 200: {"id":166854470,"prazo":5,"totalFrete":139.29}
05-09-2022 @ 12:28:37 - Braspress Braspress - Rodoviário envio: Array
(
    [cnpjRemetente] => 27399462000180
    [cnpjDestinatario] => 11111111111111
    [modal] => R
    [tipoFrete] => 1
    [cepOrigem] => 96412830
    [cepDestino] => 30140070
    [vlrMercadoria] => 1819.00
    [peso] => 8.50
    [cubagem] => Array
        (
            [0] => Array
                (
                    [largura] => 0.50
                    [altura] => 0.15
                    [comprimento] => 0.50
                    [volumes] => 1
                )

        )

    [volumes] => 1
)

05-09-2022 @ 12:28:37 - Braspress Braspress - Rodoviário resposta 200: {"id":166857784,"prazo":4,"totalFrete":101.78}
05-09-2022 @ 13:07:04 - Braspress Braspress - Rodoviário envio: Array
(
    [cnpjRemetente] => 27399462000180
    [cnpjDestinatario] => 11111111111111
    [modal] => R
    [tipoFrete] => 1
    [cepOrigem] => 96412830
    [cepDestino] => 85460000
    [vlrMercadoria] => 1539.00
    [peso] => 13.00
    [cubagem] => Array
        (
            [0] => Array
                (
                    [largura] => 0.65
                    [altura] => 0.15
                    [comprimento] => 0.60
                    [volumes] => 1
                )

        )

    [volumes] => 1
)

05-09-2022 @ 13:07:04 - Braspress Braspress - Rodoviário resposta 200: {"id":166863796,"prazo":5,"totalFrete":67.18}
05-09-2022 @ 13:34:46 - Braspress Braspress - Rodoviário envio: Array
(
    [cnpjRemetente] => 27399462000180
    [cnpjDestinatario] => 00662042085
    [modal] => R
    [tipoFrete] => 1
    [cepOrigem] => 96412830
    [cepDestino] => 93334290
    [vlrMercadoria] => 708.00
    [peso] => 7.00
    [cubagem] => Array
        (
            [0] => Array
                (
                    [largura] => 0.40
                    [altura] => 0.08
                    [comprimento] => 0.40
                    [volumes] => 1
                )

            [1] => Array
                (
                    [largura] => 0.35
                    [altura] => 0.25
                    [comprimento] => 0.40
                    [volumes] => 1
                )

        )

    [volumes] => 2
)

05-09-2022 @ 13:34:46 - Braspress Braspress - Rodoviário resposta 200: {"id":166868941,"prazo":1,"totalFrete":70.85}
05-09-2022 @ 14:29:32 - Braspress Braspress - Rodoviário envio: Array
(
    [cnpjRemetente] => 27399462000180
    [cnpjDestinatario] => 99056259091
    [modal] => R
    [tipoFrete] => 1
    [cepOrigem] => 96412830
    [cepDestino] => 89160226
    [vlrMercadoria] => 837.00
    [peso] => 6.00
    [cubagem] => Array
        (
            [0] => Array
                (
                    [largura] => 0.30
                    [altura] => 0.20
                    [comprimento] => 0.35
                    [volumes] => 1
                )

            [1] => Array
                (
                    [largura] => 0.40
                    [altura] => 0.15
                    [comprimento] => 0.40
                    [volumes] => 2
                )

        )

    [volumes] => 3
)

05-09-2022 @ 14:29:32 - Braspress Braspress - Rodoviário resposta 200: {"id":166881420,"prazo":4,"totalFrete":87.93}
05-09-2022 @ 15:40:08 - Braspress Braspress - Rodoviário envio: Array
(
    [cnpjRemetente] => 27399462000180
    [cnpjDestinatario] => 11111111111111
    [modal] => R
    [tipoFrete] => 1
    [cepOrigem] => 96412830
    [cepDestino] => 05009000
    [vlrMercadoria] => 109.00
    [peso] => 0.40
    [cubagem] => Array
        (
            [0] => Array
                (
                    [largura] => 0.23
                    [altura] => 0.10
                    [comprimento] => 0.30
                    [volumes] => 1
                )

        )

    [volumes] => 1
)

05-09-2022 @ 15:40:08 - Braspress Braspress - Rodoviário resposta 200: {"id":166897993,"prazo":4,"totalFrete":104.4}
05-09-2022 @ 15:42:10 - Braspress Braspress - Rodoviário envio: Array
(
    [cnpjRemetente] => 27399462000180
    [cnpjDestinatario] => 25948374823
    [modal] => R
    [tipoFrete] => 1
    [cepOrigem] => 96412830
    [cepDestino] => 05009000
    [vlrMercadoria] => 109.00
    [peso] => 0.40
    [cubagem] => Array
        (
            [0] => Array
                (
                    [largura] => 0.23
                    [altura] => 0.10
                    [comprimento] => 0.30
                    [volumes] => 1
                )

        )

    [volumes] => 1
)

05-09-2022 @ 15:42:10 - Braspress Braspress - Rodoviário resposta 200: {"id":166898482,"prazo":4,"totalFrete":104.4}
05-09-2022 @ 15:59:35 - Braspress Braspress - Rodoviário envio: Array
(
    [cnpjRemetente] => 27399462000180
    [cnpjDestinatario] => 11111111111111
    [modal] => R
    [tipoFrete] => 1
    [cepOrigem] => 96412830
    [cepDestino] => 05009000
    [vlrMercadoria] => 109.00
    [peso] => 0.40
    [cubagem] => Array
        (
            [0] => Array
                (
                    [largura] => 0.23
                    [altura] => 0.10
                    [comprimento] => 0.30
                    [volumes] => 1
                )

        )

    [volumes] => 1
)

05-09-2022 @ 15:59:35 - Braspress Braspress - Rodoviário resposta 200: {"id":166902806,"prazo":4,"totalFrete":104.4}
05-09-2022 @ 15:59:41 - Braspress Braspress - Rodoviário envio: Array
(
    [cnpjRemetente] => 27399462000180
    [cnpjDestinatario] => 11111111111111
    [modal] => R
    [tipoFrete] => 1
    [cepOrigem] => 96412830
    [cepDestino] => 05009000
    [vlrMercadoria] => 109.00
    [peso] => 0.40
    [cubagem] => Array
        (
            [0] => Array
                (
                    [largura] => 0.23
                    [altura] => 0.10
                    [comprimento] => 0.30
                    [volumes] => 1
                )

        )

    [volumes] => 1
)

05-09-2022 @ 15:59:41 - Braspress Braspress - Rodoviário resposta 200: {"id":166902825,"prazo":4,"totalFrete":104.4}
05-09-2022 @ 16:31:29 - Braspress Braspress - Rodoviário envio: Array
(
    [cnpjRemetente] => 27399462000180
    [cnpjDestinatario] => 11111111111111
    [modal] => R
    [tipoFrete] => 1
    [cepOrigem] => 96412830
    [cepDestino] => 88117310
    [vlrMercadoria] => 629.00
    [peso] => 4.50
    [cubagem] => Array
        (
            [0] => Array
                (
                    [largura] => 0.35
                    [altura] => 0.10
                    [comprimento] => 0.40
                    [volumes] => 1
                )

        )

    [volumes] => 1
)

05-09-2022 @ 16:31:29 - Braspress Braspress - Rodoviário resposta 200: {"id":166910126,"prazo":4,"totalFrete":45.54}
05-09-2022 @ 16:38:02 - Braspress Braspress - Rodoviário envio: Array
(
    [cnpjRemetente] => 27399462000180
    [cnpjDestinatario] => 11111111111111
    [modal] => R
    [tipoFrete] => 1
    [cepOrigem] => 96412830
    [cepDestino] => 09950300
    [vlrMercadoria] => 349.00
    [peso] => 4.00
    [cubagem] => Array
        (
            [0] => Array
                (
                    [largura] => 0.35
                    [altura] => 0.25
                    [comprimento] => 0.40
                    [volumes] => 1
                )

        )

    [volumes] => 1
)

05-09-2022 @ 16:38:02 - Braspress Braspress - Rodoviário resposta 200: {"id":166911604,"prazo":5,"totalFrete":120.05}
05-09-2022 @ 16:40:02 - Braspress Braspress - Rodoviário envio: Array
(
    [cnpjRemetente] => 27399462000180
    [cnpjDestinatario] => 11111111111111
    [modal] => R
    [tipoFrete] => 1
    [cepOrigem] => 96412830
    [cepDestino] => 09950300
    [vlrMercadoria] => 259.00
    [peso] => 3.00
    [cubagem] => Array
        (
            [0] => Array
                (
                    [largura] => 0.30
                    [altura] => 0.15
                    [comprimento] => 0.40
                    [volumes] => 1
                )

        )

    [volumes] => 1
)

05-09-2022 @ 16:40:02 - Braspress Braspress - Rodoviário resposta 200: {"id":166912043,"prazo":5,"totalFrete":105.7}
05-09-2022 @ 16:41:46 - Braspress Braspress - Rodoviário envio: Array
(
    [cnpjRemetente] => 27399462000180
    [cnpjDestinatario] => 11111111111111
    [modal] => R
    [tipoFrete] => 1
    [cepOrigem] => 96412830
    [cepDestino] => 88130150
    [vlrMercadoria] => 349.00
    [peso] => 4.00
    [cubagem] => Array
        (
            [0] => Array
                (
                    [largura] => 0.35
                    [altura] => 0.25
                    [comprimento] => 0.40
                    [volumes] => 1
                )

        )

    [volumes] => 1
)

05-09-2022 @ 16:41:46 - Braspress Braspress - Rodoviário resposta 200: {"id":166912407,"prazo":4,"totalFrete":51.89}
05-09-2022 @ 16:45:49 - Braspress Braspress - Rodoviário envio: Array
(
    [cnpjRemetente] => 27399462000180
    [cnpjDestinatario] => 11111111111111
    [modal] => R
    [tipoFrete] => 1
    [cepOrigem] => 96412830
    [cepDestino] => 09950300
    [vlrMercadoria] => 658.00
    [peso] => 6.00
    [cubagem] => Array
        (
            [0] => Array
                (
                    [largura] => 0.30
                    [altura] => 0.15
                    [comprimento] => 0.40
                    [volumes] => 1
                )

            [1] => Array
                (
                    [largura] => 0.30
                    [altura] => 0.15
                    [comprimento] => 0.40
                    [volumes] => 1
                )

        )

    [volumes] => 2
)

05-09-2022 @ 16:45:49 - Braspress Braspress - Rodoviário resposta 200: {"id":166913323,"prazo":5,"totalFrete":122.74}
05-09-2022 @ 17:07:48 - Braspress Braspress - Rodoviário envio: Array
(
    [cnpjRemetente] => 27399462000180
    [cnpjDestinatario] => 03644925038
    [modal] => R
    [tipoFrete] => 1
    [cepOrigem] => 96412830
    [cepDestino] => 96015000
    [vlrMercadoria] => 35.00
    [peso] => 11.00
    [cubagem] => Array
        (
            [0] => Array
                (
                    [largura] => 0.10
                    [altura] => 0.10
                    [comprimento] => 0.10
                    [volumes] => 1
                )

        )

    [volumes] => 1
)

05-09-2022 @ 17:07:48 - Braspress Braspress - Rodoviário resposta 200: {"id":166917750,"prazo":1,"totalFrete":42.99}
05-09-2022 @ 17:13:36 - Braspress Braspress - Rodoviário envio: Array
(
    [cnpjRemetente] => 27399462000180
    [cnpjDestinatario] => 11111111111111
    [modal] => R
    [tipoFrete] => 1
    [cepOrigem] => 96412830
    [cepDestino] => 88025201
    [vlrMercadoria] => 109.00
    [peso] => 0.40
    [cubagem] => Array
        (
            [0] => Array
                (
                    [largura] => 0.23
                    [altura] => 0.10
                    [comprimento] => 0.30
                    [volumes] => 1
                )

        )

    [volumes] => 1
)

05-09-2022 @ 17:13:36 - Braspress Braspress - Rodoviário resposta 200: {"id":166918934,"prazo":4,"totalFrete":72.19}
05-09-2022 @ 17:37:03 - Braspress Braspress - Rodoviário envio: Array
(
    [cnpjRemetente] => 27399462000180
    [cnpjDestinatario] => 11111111111111
    [modal] => R
    [tipoFrete] => 1
    [cepOrigem] => 96412830
    [cepDestino] => 78068390
    [vlrMercadoria] => 329.00
    [peso] => 3.00
    [cubagem] => Array
        (
            [0] => Array
                (
                    [largura] => 0.30
                    [altura] => 0.15
                    [comprimento] => 0.40
                    [volumes] => 1
                )

        )

    [volumes] => 1
)

05-09-2022 @ 17:37:03 - Braspress Braspress - Rodoviário resposta 200: {"id":166923120,"prazo":6,"totalFrete":80.73}
05-09-2022 @ 17:37:12 - Braspress Braspress - Rodoviário envio: Array
(
    [cnpjRemetente] => 27399462000180
    [cnpjDestinatario] => 11111111111111
    [modal] => R
    [tipoFrete] => 1
    [cepOrigem] => 96412830
    [cepDestino] => 78068390
    [vlrMercadoria] => 329.00
    [peso] => 3.00
    [cubagem] => Array
        (
            [0] => Array
                (
                    [largura] => 0.30
                    [altura] => 0.15
                    [comprimento] => 0.40
                    [volumes] => 1
                )

        )

    [volumes] => 1
)

05-09-2022 @ 17:37:12 - Braspress Braspress - Rodoviário resposta 200: {"id":166923154,"prazo":6,"totalFrete":80.73}
05-09-2022 @ 18:04:01 - Braspress Braspress - Rodoviário envio: Array
(
    [cnpjRemetente] => 27399462000180
    [cnpjDestinatario] => 11111111111111
    [modal] => R
    [tipoFrete] => 1
    [cepOrigem] => 96412830
    [cepDestino] => 04272300
    [vlrMercadoria] => 109.00
    [peso] => 0.40
    [cubagem] => Array
        (
            [0] => Array
                (
                    [largura] => 0.23
                    [altura] => 0.10
                    [comprimento] => 0.30
                    [volumes] => 1
                )

        )

    [volumes] => 1
)

05-09-2022 @ 18:04:01 - Braspress Braspress - Rodoviário resposta 200: {"id":166927277,"prazo":4,"totalFrete":104.4}
05-09-2022 @ 18:30:09 - Braspress Braspress - Rodoviário envio: Array
(
    [cnpjRemetente] => 27399462000180
    [cnpjDestinatario] => 11111111111111
    [modal] => R
    [tipoFrete] => 1
    [cepOrigem] => 96412830
    [cepDestino] => 88130150
    [vlrMercadoria] => 867.00
    [peso] => 6.00
    [cubagem] => Array
        (
            [0] => Array
                (
                    [largura] => 0.35
                    [altura] => 0.25
                    [comprimento] => 0.40
                    [volumes] => 1
                )

            [1] => Array
                (
                    [largura] => 0.25
                    [altura] => 0.20
                    [comprimento] => 0.30
                    [volumes] => 2
                )

        )

    [volumes] => 3
)

05-09-2022 @ 18:30:09 - Braspress Braspress - Rodoviário resposta 200: {"id":166929901,"prazo":4,"totalFrete":64.94}
05-09-2022 @ 18:33:00 - Braspress Braspress - Rodoviário envio: Array
(
    [cnpjRemetente] => 27399462000180
    [cnpjDestinatario] => 11111111111111
    [modal] => R
    [tipoFrete] => 1
    [cepOrigem] => 96412830
    [cepDestino] => 87083730
    [vlrMercadoria] => 339.00
    [peso] => 3.50
    [cubagem] => Array
        (
            [0] => Array
                (
                    [largura] => 0.45
                    [altura] => 0.45
                    [comprimento] => 0.45
                    [volumes] => 1
                )

        )

    [volumes] => 1
)

05-09-2022 @ 18:33:00 - Braspress Braspress - Rodoviário resposta 200: {"id":166930191,"prazo":4,"totalFrete":99.97}
05-09-2022 @ 18:45:30 - Braspress Braspress - Rodoviário envio: Array
(
    [cnpjRemetente] => 27399462000180
    [cnpjDestinatario] => 11111111111111
    [modal] => R
    [tipoFrete] => 1
    [cepOrigem] => 96412830
    [cepDestino] => 87083730
    [vlrMercadoria] => 2419.00
    [peso] => 10.00
    [cubagem] => Array
        (
            [0] => Array
                (
                    [largura] => 0.70
                    [altura] => 0.25
                    [comprimento] => 0.60
                    [volumes] => 1
                )

        )

    [volumes] => 1
)

05-09-2022 @ 18:45:30 - Braspress Braspress - Rodoviário resposta 200: {"id":166931558,"prazo":4,"totalFrete":110.3}
05-09-2022 @ 19:42:47 - Braspress Braspress - Rodoviário envio: Array
(
    [cnpjRemetente] => 27399462000180
    [cnpjDestinatario] => 11111111111111
    [modal] => R
    [tipoFrete] => 1
    [cepOrigem] => 96412830
    [cepDestino] => 33170890
    [vlrMercadoria] => 839.00
    [peso] => 5.00
    [cubagem] => Array
        (
            [0] => Array
                (
                    [largura] => 0.40
                    [altura] => 0.10
                    [comprimento] => 0.40
                    [volumes] => 1
                )

        )

    [volumes] => 1
)

05-09-2022 @ 19:42:47 - Braspress Braspress - Rodoviário resposta 200: {"id":166937884,"prazo":5,"totalFrete":86.68}
05-09-2022 @ 19:47:54 - Braspress Braspress - Rodoviário envio: Array
(
    [cnpjRemetente] => 27399462000180
    [cnpjDestinatario] => 11111111111111
    [modal] => R
    [tipoFrete] => 1
    [cepOrigem] => 96412830
    [cepDestino] => 87014180
    [vlrMercadoria] => 1329.00
    [peso] => 8.00
    [cubagem] => Array
        (
            [0] => Array
                (
                    [largura] => 0.50
                    [altura] => 0.15
                    [comprimento] => 0.60
                    [volumes] => 1
                )

        )

    [volumes] => 1
)

05-09-2022 @ 19:47:54 - Braspress Braspress - Rodoviário resposta 200: {"id":166938496,"prazo":4,"totalFrete":92.62}
05-09-2022 @ 20:38:21 - Braspress Braspress - Rodoviário envio: Array
(
    [cnpjRemetente] => 27399462000180
    [cnpjDestinatario] => 11111111111111
    [modal] => R
    [tipoFrete] => 1
    [cepOrigem] => 96412830
    [cepDestino] => 17018750
    [vlrMercadoria] => 619.00
    [peso] => 9.00
    [cubagem] => Array
        (
            [0] => Array
                (
                    [largura] => 0.68
                    [altura] => 0.20
                    [comprimento] => 0.40
                    [volumes] => 1
                )

        )

    [volumes] => 1
)

05-09-2022 @ 20:38:21 - Braspress Braspress - Rodoviário resposta 200: {"id":166944359,"prazo":4,"totalFrete":98.43}
05-09-2022 @ 20:41:01 - Braspress Braspress - Rodoviário envio: Array
(
    [cnpjRemetente] => 27399462000180
    [cnpjDestinatario] => 11111111111111
    [modal] => R
    [tipoFrete] => 1
    [cepOrigem] => 96412830
    [cepDestino] => 17018750
    [vlrMercadoria] => 619.00
    [peso] => 9.00
    [cubagem] => Array
        (
            [0] => Array
                (
                    [largura] => 0.40
                    [altura] => 0.85
                    [comprimento] => 0.40
                    [volumes] => 1
                )

        )

    [volumes] => 1
)

05-09-2022 @ 20:41:01 - Braspress Braspress - Rodoviário resposta 200: {"id":166944667,"prazo":4,"totalFrete":125.96}
05-09-2022 @ 20:44:14 - Braspress Braspress - Rodoviário envio: Array
(
    [cnpjRemetente] => 27399462000180
    [cnpjDestinatario] => 11111111111111
    [modal] => R
    [tipoFrete] => 1
    [cepOrigem] => 96412830
    [cepDestino] => 17018750
    [vlrMercadoria] => 619.00
    [peso] => 9.00
    [cubagem] => Array
        (
            [0] => Array
                (
                    [largura] => 0.68
                    [altura] => 0.20
                    [comprimento] => 0.40
                    [volumes] => 1
                )

        )

    [volumes] => 1
)

05-09-2022 @ 20:44:14 - Braspress Braspress - Rodoviário resposta 200: {"id":166945115,"prazo":4,"totalFrete":98.43}
05-09-2022 @ 20:51:10 - Braspress Braspress - Rodoviário envio: Array
(
    [cnpjRemetente] => 27399462000180
    [cnpjDestinatario] => 02314366026
    [modal] => R
    [tipoFrete] => 1
    [cepOrigem] => 96412830
    [cepDestino] => 96300000
    [vlrMercadoria] => 829.00
    [peso] => 5.00
    [cubagem] => Array
        (
            [0] => Array
                (
                    [largura] => 0.35
                    [altura] => 0.10
                    [comprimento] => 0.45
                    [volumes] => 1
                )

        )

    [volumes] => 1
)

05-09-2022 @ 20:51:10 - Braspress Braspress - Rodoviário resposta 200: {"id":166946068,"prazo":3,"totalFrete":40.93}
05-09-2022 @ 20:51:14 - Braspress Braspress - Rodoviário envio: Array
(
    [cnpjRemetente] => 27399462000180
    [cnpjDestinatario] => 02314366026
    [modal] => R
    [tipoFrete] => 1
    [cepOrigem] => 96412830
    [cepDestino] => 96300000
    [vlrMercadoria] => 829.00
    [peso] => 5.00
    [cubagem] => Array
        (
            [0] => Array
                (
                    [largura] => 0.35
                    [altura] => 0.10
                    [comprimento] => 0.45
                    [volumes] => 1
                )

        )

    [volumes] => 1
)

05-09-2022 @ 20:51:14 - Braspress Braspress - Rodoviário resposta 200: {"id":166946080,"prazo":3,"totalFrete":40.93}
