06-22-2022 @ 21:05:47 - Braspress Braspress - Rodoviário envio: Array
(
    [cnpjRemetente] => 27399462000180
    [cnpjDestinatario] => 11111111111111
    [modal] => R
    [tipoFrete] => 1
    [cepOrigem] => 96412830
    [cepDestino] => 89820000
    [vlrMercadoria] => 98.00
    [peso] => 2.00
    [cubagem] => Array
        (
            [0] => Array
                (
                    [largura] => 0.25
                    [altura] => 0.05
                    [comprimento] => 0.30
                    [volumes] => 2
                )

        )

    [volumes] => 2
)

06-22-2022 @ 21:05:47 - Braspress Braspress - Rodoviário resposta 200: {"id":173154242,"prazo":3,"totalFrete":49.23}
06-22-2022 @ 21:06:22 - Braspress Braspress - Rodoviário envio: Array
(
    [cnpjRemetente] => 27399462000180
    [cnpjDestinatario] => 11111111111111
    [modal] => R
    [tipoFrete] => 1
    [cepOrigem] => 96412830
    [cepDestino] => 22060021
    [vlrMercadoria] => 239.00
    [peso] => 3.00
    [cubagem] => Array
        (
            [0] => Array
                (
                    [largura] => 0.35
                    [altura] => 0.33
                    [comprimento] => 0.35
                    [volumes] => 1
                )

        )

    [volumes] => 1
)

06-22-2022 @ 21:06:22 - Braspress Braspress - Rodoviário resposta 200: {"id":173154301,"prazo":4,"totalFrete":108.03}
06-22-2022 @ 21:08:13 - Braspress Braspress - Rodoviário envio: Array
(
    [cnpjRemetente] => 27399462000180
    [cnpjDestinatario] => 03735570941
    [modal] => R
    [tipoFrete] => 1
    [cepOrigem] => 96412830
    [cepDestino] => 89820000
    [vlrMercadoria] => 98.00
    [peso] => 2.00
    [cubagem] => Array
        (
            [0] => Array
                (
                    [largura] => 0.25
                    [altura] => 0.05
                    [comprimento] => 0.30
                    [volumes] => 2
                )

        )

    [volumes] => 2
)

06-22-2022 @ 21:08:13 - Braspress Braspress - Rodoviário resposta 200: {"id":173154445,"prazo":3,"totalFrete":49.23}
06-22-2022 @ 21:08:16 - Braspress Braspress - Rodoviário envio: Array
(
    [cnpjRemetente] => 27399462000180
    [cnpjDestinatario] => 03735570941
    [modal] => R
    [tipoFrete] => 1
    [cepOrigem] => 96412830
    [cepDestino] => 89820000
    [vlrMercadoria] => 98.00
    [peso] => 2.00
    [cubagem] => Array
        (
            [0] => Array
                (
                    [largura] => 0.25
                    [altura] => 0.05
                    [comprimento] => 0.30
                    [volumes] => 2
                )

        )

    [volumes] => 2
)

06-22-2022 @ 21:08:16 - Braspress Braspress - Rodoviário resposta 200: {"id":173154453,"prazo":3,"totalFrete":49.23}
06-22-2022 @ 21:08:19 - Braspress Braspress - Rodoviário envio: Array
(
    [cnpjRemetente] => 27399462000180
    [cnpjDestinatario] => 03735570941
    [modal] => R
    [tipoFrete] => 1
    [cepOrigem] => 96412830
    [cepDestino] => 89820000
    [vlrMercadoria] => 98.00
    [peso] => 2.00
    [cubagem] => Array
        (
            [0] => Array
                (
                    [largura] => 0.25
                    [altura] => 0.05
                    [comprimento] => 0.30
                    [volumes] => 2
                )

        )

    [volumes] => 2
)

06-22-2022 @ 21:08:19 - Braspress Braspress - Rodoviário resposta 200: {"id":173154456,"prazo":3,"totalFrete":49.23}
06-22-2022 @ 21:08:22 - Braspress Braspress - Rodoviário envio: Array
(
    [cnpjRemetente] => 27399462000180
    [cnpjDestinatario] => 03735570941
    [modal] => R
    [tipoFrete] => 1
    [cepOrigem] => 96412830
    [cepDestino] => 89820000
    [vlrMercadoria] => 98.00
    [peso] => 2.00
    [cubagem] => Array
        (
            [0] => Array
                (
                    [largura] => 0.25
                    [altura] => 0.05
                    [comprimento] => 0.30
                    [volumes] => 2
                )

        )

    [volumes] => 2
)

06-22-2022 @ 21:08:22 - Braspress Braspress - Rodoviário resposta 200: {"id":173154460,"prazo":3,"totalFrete":49.23}
06-22-2022 @ 21:08:25 - Braspress Braspress - Rodoviário envio: Array
(
    [cnpjRemetente] => 27399462000180
    [cnpjDestinatario] => 03735570941
    [modal] => R
    [tipoFrete] => 1
    [cepOrigem] => 96412830
    [cepDestino] => 89820000
    [vlrMercadoria] => 98.00
    [peso] => 2.00
    [cubagem] => Array
        (
            [0] => Array
                (
                    [largura] => 0.25
                    [altura] => 0.05
                    [comprimento] => 0.30
                    [volumes] => 2
                )

        )

    [volumes] => 2
)

06-22-2022 @ 21:08:25 - Braspress Braspress - Rodoviário resposta 200: {"id":173154466,"prazo":3,"totalFrete":49.23}
06-22-2022 @ 21:08:27 - Braspress Braspress - Rodoviário envio: Array
(
    [cnpjRemetente] => 27399462000180
    [cnpjDestinatario] => 03735570941
    [modal] => R
    [tipoFrete] => 1
    [cepOrigem] => 96412830
    [cepDestino] => 89820000
    [vlrMercadoria] => 98.00
    [peso] => 2.00
    [cubagem] => Array
        (
            [0] => Array
                (
                    [largura] => 0.25
                    [altura] => 0.05
                    [comprimento] => 0.30
                    [volumes] => 2
                )

        )

    [volumes] => 2
)

06-22-2022 @ 21:08:27 - Braspress Braspress - Rodoviário resposta 200: {"id":173154470,"prazo":3,"totalFrete":49.23}
06-22-2022 @ 21:08:40 - Braspress Braspress - Rodoviário envio: Array
(
    [cnpjRemetente] => 27399462000180
    [cnpjDestinatario] => 03735570941
    [modal] => R
    [tipoFrete] => 1
    [cepOrigem] => 96412830
    [cepDestino] => 89820000
    [vlrMercadoria] => 98.00
    [peso] => 2.00
    [cubagem] => Array
        (
            [0] => Array
                (
                    [largura] => 0.25
                    [altura] => 0.05
                    [comprimento] => 0.30
                    [volumes] => 2
                )

        )

    [volumes] => 2
)

06-22-2022 @ 21:08:40 - Braspress Braspress - Rodoviário resposta 200: {"id":173154481,"prazo":3,"totalFrete":49.23}
06-22-2022 @ 21:23:33 - Braspress Braspress - Rodoviário envio: Array
(
    [cnpjRemetente] => 27399462000180
    [cnpjDestinatario] => 11111111111111
    [modal] => R
    [tipoFrete] => 1
    [cepOrigem] => 96412830
    [cepDestino] => 78330000
    [vlrMercadoria] => 498.00
    [peso] => 4.00
    [cubagem] => Array
        (
            [0] => Array
                (
                    [largura] => 0.30
                    [altura] => 0.10
                    [comprimento] => 0.30
                    [volumes] => 2
                )

        )

    [volumes] => 2
)

06-22-2022 @ 21:23:33 - Braspress Braspress - Rodoviário resposta 200: {"id":173155913,"prazo":13,"totalFrete":140.59}
06-22-2022 @ 21:46:47 - Braspress Braspress - Rodoviário envio: Array
(
    [cnpjRemetente] => 27399462000180
    [cnpjDestinatario] => 11111111111111
    [modal] => R
    [tipoFrete] => 1
    [cepOrigem] => 96412830
    [cepDestino] => 37800000
    [vlrMercadoria] => 1799.00
    [peso] => 15.00
    [cubagem] => Array
        (
            [0] => Array
                (
                    [largura] => 0.70
                    [altura] => 0.18
                    [comprimento] => 0.65
                    [volumes] => 1
                )

        )

    [volumes] => 1
)

06-22-2022 @ 21:46:47 - Braspress Braspress - Rodoviário resposta 200: {"id":173158349,"prazo":4,"totalFrete":97.21}
06-22-2022 @ 21:54:33 - Braspress Braspress - Rodoviário envio: Array
(
    [cnpjRemetente] => 27399462000180
    [cnpjDestinatario] => 11111111111111
    [modal] => R
    [tipoFrete] => 1
    [cepOrigem] => 96412830
    [cepDestino] => 37800000
    [vlrMercadoria] => 1229.00
    [peso] => 10.00
    [cubagem] => Array
        (
            [0] => Array
                (
                    [largura] => 0.50
                    [altura] => 0.20
                    [comprimento] => 0.60
                    [volumes] => 1
                )

        )

    [volumes] => 1
)

06-22-2022 @ 21:54:33 - Braspress Braspress - Rodoviário resposta 200: {"id":173159145,"prazo":4,"totalFrete":78.51}
06-22-2022 @ 21:59:59 - Braspress Braspress - Rodoviário envio: Array
(
    [cnpjRemetente] => 27399462000180
    [cnpjDestinatario] => 11111111111111
    [modal] => R
    [tipoFrete] => 1
    [cepOrigem] => 96412830
    [cepDestino] => 82640230
    [vlrMercadoria] => 219.00
    [peso] => 10.00
    [cubagem] => Array
        (
            [0] => Array
                (
                    [largura] => 0.40
                    [altura] => 0.45
                    [comprimento] => 0.40
                    [volumes] => 1
                )

        )

    [volumes] => 1
)

06-22-2022 @ 21:59:59 - Braspress Braspress - Rodoviário resposta 200: {"id":173159656,"prazo":3,"totalFrete":93.23}
06-22-2022 @ 22:09:40 - Braspress Braspress - Rodoviário envio: Array
(
    [cnpjRemetente] => 27399462000180
    [cnpjDestinatario] => 11111111111111
    [modal] => R
    [tipoFrete] => 1
    [cepOrigem] => 96412830
    [cepDestino] => 37800000
    [vlrMercadoria] => 2319.00
    [peso] => 15.00
    [cubagem] => Array
        (
            [0] => Array
                (
                    [largura] => 0.70
                    [altura] => 0.18
                    [comprimento] => 0.65
                    [volumes] => 1
                )

        )

    [volumes] => 1
)

06-22-2022 @ 22:09:40 - Braspress Braspress - Rodoviário resposta 200: {"id":173160607,"prazo":4,"totalFrete":100.7}
06-22-2022 @ 22:10:56 - Braspress Braspress - Rodoviário envio: Array
(
    [cnpjRemetente] => 27399462000180
    [cnpjDestinatario] => 11111111111111
    [modal] => R
    [tipoFrete] => 1
    [cepOrigem] => 96412830
    [cepDestino] => 89186000
    [vlrMercadoria] => 99.00
    [peso] => 1.00
    [cubagem] => Array
        (
            [0] => Array
                (
                    [largura] => 0.27
                    [altura] => 0.10
                    [comprimento] => 0.27
                    [volumes] => 1
                )

        )

    [volumes] => 1
)

06-22-2022 @ 22:10:56 - Braspress Braspress - Rodoviário resposta 200: {"id":173160739,"prazo":4,"totalFrete":47.24}
06-22-2022 @ 23:56:00 - Braspress Braspress - Rodoviário envio: Array
(
    [cnpjRemetente] => 27399462000180
    [cnpjDestinatario] => 11111111111111
    [modal] => R
    [tipoFrete] => 1
    [cepOrigem] => 96412830
    [cepDestino] => 88504480
    [vlrMercadoria] => 629.00
    [peso] => 4.50
    [cubagem] => Array
        (
            [0] => Array
                (
                    [largura] => 0.35
                    [altura] => 0.10
                    [comprimento] => 0.40
                    [volumes] => 1
                )

        )

    [volumes] => 1
)

06-22-2022 @ 23:56:00 - Braspress Braspress - Rodoviário resposta 200: {"id":173172419,"prazo":5,"totalFrete":80.65}
06-22-2022 @ 23:56:03 - Braspress Braspress - Rodoviário envio: Array
(
    [cnpjRemetente] => 27399462000180
    [cnpjDestinatario] => 11111111111111
    [modal] => R
    [tipoFrete] => 1
    [cepOrigem] => 96412830
    [cepDestino] => 88504480
    [vlrMercadoria] => 629.00
    [peso] => 4.50
    [cubagem] => Array
        (
            [0] => Array
                (
                    [largura] => 0.35
                    [altura] => 0.10
                    [comprimento] => 0.40
                    [volumes] => 1
                )

        )

    [volumes] => 1
)

06-22-2022 @ 23:56:03 - Braspress Braspress - Rodoviário resposta 200: {"id":173172424,"prazo":5,"totalFrete":80.65}
06-22-2022 @ 23:57:03 - Braspress Braspress - Rodoviário envio: Array
(
    [cnpjRemetente] => 27399462000180
    [cnpjDestinatario] => 11111111111111
    [modal] => R
    [tipoFrete] => 1
    [cepOrigem] => 96412830
    [cepDestino] => 25740240
    [vlrMercadoria] => 619.00
    [peso] => 9.00
    [cubagem] => Array
        (
            [0] => Array
                (
                    [largura] => 0.68
                    [altura] => 0.20
                    [comprimento] => 0.40
                    [volumes] => 1
                )

        )

    [volumes] => 1
)

06-22-2022 @ 23:57:03 - Braspress Braspress - Rodoviário resposta 200: {"id":173172530,"prazo":4,"totalFrete":120.76}
06-22-2022 @ 23:58:23 - Braspress Braspress - Rodoviário envio: Array
(
    [cnpjRemetente] => 27399462000180
    [cnpjDestinatario] => 11111111111111
    [modal] => R
    [tipoFrete] => 1
    [cepOrigem] => 96412830
    [cepDestino] => 25740240
    [vlrMercadoria] => 1857.00
    [peso] => 27.00
    [cubagem] => Array
        (
            [0] => Array
                (
                    [largura] => 0.68
                    [altura] => 0.20
                    [comprimento] => 0.40
                    [volumes] => 3
                )

        )

    [volumes] => 3
)

06-22-2022 @ 23:58:23 - Braspress Braspress - Rodoviário resposta 200: {"id":173172687,"prazo":4,"totalFrete":162.8}
06-23-2022 @ 00:08:31 - Braspress Braspress - Rodoviário envio: Array
(
    [cnpjRemetente] => 27399462000180
    [cnpjDestinatario] => 11111111111111
    [modal] => R
    [tipoFrete] => 1
    [cepOrigem] => 96412830
    [cepDestino] => 25740240
    [vlrMercadoria] => 619.00
    [peso] => 9.00
    [cubagem] => Array
        (
            [0] => Array
                (
                    [largura] => 0.68
                    [altura] => 0.20
                    [comprimento] => 0.40
                    [volumes] => 1
                )

        )

    [volumes] => 1
)

06-23-2022 @ 00:08:31 - Braspress Braspress - Rodoviário resposta 200: {"id":173173705,"prazo":4,"totalFrete":120.76}
06-23-2022 @ 00:08:57 - Braspress Braspress - Rodoviário envio: Array
(
    [cnpjRemetente] => 27399462000180
    [cnpjDestinatario] => 11111111111111
    [modal] => R
    [tipoFrete] => 1
    [cepOrigem] => 96412830
    [cepDestino] => 25740240
    [vlrMercadoria] => 1857.00
    [peso] => 27.00
    [cubagem] => Array
        (
            [0] => Array
                (
                    [largura] => 0.68
                    [altura] => 0.20
                    [comprimento] => 0.40
                    [volumes] => 3
                )

        )

    [volumes] => 3
)

06-23-2022 @ 00:08:57 - Braspress Braspress - Rodoviário resposta 200: {"id":173173737,"prazo":4,"totalFrete":162.8}
06-23-2022 @ 01:23:18 - Braspress Braspress - Rodoviário envio: Array
(
    [cnpjRemetente] => 27399462000180
    [cnpjDestinatario] => 11111111111111
    [modal] => R
    [tipoFrete] => 1
    [cepOrigem] => 96412830
    [cepDestino] => 97050460
    [vlrMercadoria] => 239.00
    [peso] => 3.00
    [cubagem] => Array
        (
            [0] => Array
                (
                    [largura] => 0.35
                    [altura] => 0.33
                    [comprimento] => 0.35
                    [volumes] => 1
                )

        )

    [volumes] => 1
)

06-23-2022 @ 01:23:18 - Braspress Braspress - Rodoviário resposta 200: {"id":173178686,"prazo":1,"totalFrete":69.18}
06-23-2022 @ 01:27:03 - Braspress Braspress - Rodoviário envio: Array
(
    [cnpjRemetente] => 27399462000180
    [cnpjDestinatario] => 11111111111111
    [modal] => R
    [tipoFrete] => 1
    [cepOrigem] => 96412830
    [cepDestino] => 97050460
    [vlrMercadoria] => 359.00
    [peso] => 8.00
    [cubagem] => Array
        (
            [0] => Array
                (
                    [largura] => 0.37
                    [altura] => 0.70
                    [comprimento] => 0.42
                    [volumes] => 1
                )

        )

    [volumes] => 1
)

06-23-2022 @ 01:27:03 - Braspress Braspress - Rodoviário resposta 200: {"id":173178780,"prazo":1,"totalFrete":78.75}
06-23-2022 @ 01:43:19 - Braspress Braspress - Rodoviário envio: Array
(
    [cnpjRemetente] => 27399462000180
    [cnpjDestinatario] => 32379323020
    [modal] => R
    [tipoFrete] => 1
    [cepOrigem] => 96412830
    [cepDestino] => 97050460
    [vlrMercadoria] => 757.00
    [peso] => 10.00
    [cubagem] => Array
        (
            [0] => Array
                (
                    [largura] => 0.35
                    [altura] => 0.33
                    [comprimento] => 0.35
                    [volumes] => 1
                )

            [1] => Array
                (
                    [largura] => 0.35
                    [altura] => 0.45
                    [comprimento] => 0.35
                    [volumes] => 1
                )

            [2] => Array
                (
                    [largura] => 0.35
                    [altura] => 0.45
                    [comprimento] => 0.35
                    [volumes] => 1
                )

        )

    [volumes] => 3
)

06-23-2022 @ 01:43:19 - Braspress Braspress - Rodoviário resposta 200: {"id":173179240,"prazo":1,"totalFrete":88.85}
06-23-2022 @ 01:43:34 - Braspress Braspress - Rodoviário envio: Array
(
    [cnpjRemetente] => 27399462000180
    [cnpjDestinatario] => 32379323020
    [modal] => R
    [tipoFrete] => 1
    [cepOrigem] => 96412830
    [cepDestino] => 97050460
    [vlrMercadoria] => 757.00
    [peso] => 10.00
    [cubagem] => Array
        (
            [0] => Array
                (
                    [largura] => 0.35
                    [altura] => 0.33
                    [comprimento] => 0.35
                    [volumes] => 1
                )

            [1] => Array
                (
                    [largura] => 0.35
                    [altura] => 0.45
                    [comprimento] => 0.35
                    [volumes] => 1
                )

            [2] => Array
                (
                    [largura] => 0.35
                    [altura] => 0.45
                    [comprimento] => 0.35
                    [volumes] => 1
                )

        )

    [volumes] => 3
)

06-23-2022 @ 01:43:34 - Braspress Braspress - Rodoviário resposta 200: {"id":173179254,"prazo":1,"totalFrete":88.85}
06-23-2022 @ 01:43:37 - Braspress Braspress - Rodoviário envio: Array
(
    [cnpjRemetente] => 27399462000180
    [cnpjDestinatario] => 32379323020
    [modal] => R
    [tipoFrete] => 1
    [cepOrigem] => 96412830
    [cepDestino] => 97050460
    [vlrMercadoria] => 757.00
    [peso] => 10.00
    [cubagem] => Array
        (
            [0] => Array
                (
                    [largura] => 0.35
                    [altura] => 0.33
                    [comprimento] => 0.35
                    [volumes] => 1
                )

            [1] => Array
                (
                    [largura] => 0.35
                    [altura] => 0.45
                    [comprimento] => 0.35
                    [volumes] => 1
                )

            [2] => Array
                (
                    [largura] => 0.35
                    [altura] => 0.45
                    [comprimento] => 0.35
                    [volumes] => 1
                )

        )

    [volumes] => 3
)

06-23-2022 @ 01:43:37 - Braspress Braspress - Rodoviário resposta 200: {"id":173179258,"prazo":1,"totalFrete":88.85}
06-23-2022 @ 01:43:39 - Braspress Braspress - Rodoviário envio: Array
(
    [cnpjRemetente] => 27399462000180
    [cnpjDestinatario] => 32379323020
    [modal] => R
    [tipoFrete] => 1
    [cepOrigem] => 96412830
    [cepDestino] => 97050460
    [vlrMercadoria] => 757.00
    [peso] => 10.00
    [cubagem] => Array
        (
            [0] => Array
                (
                    [largura] => 0.35
                    [altura] => 0.33
                    [comprimento] => 0.35
                    [volumes] => 1
                )

            [1] => Array
                (
                    [largura] => 0.35
                    [altura] => 0.45
                    [comprimento] => 0.35
                    [volumes] => 1
                )

            [2] => Array
                (
                    [largura] => 0.35
                    [altura] => 0.45
                    [comprimento] => 0.35
                    [volumes] => 1
                )

        )

    [volumes] => 3
)

06-23-2022 @ 01:43:39 - Braspress Braspress - Rodoviário resposta 200: {"id":173179262,"prazo":1,"totalFrete":88.85}
06-23-2022 @ 01:43:45 - Braspress Braspress - Rodoviário envio: Array
(
    [cnpjRemetente] => 27399462000180
    [cnpjDestinatario] => 32379323020
    [modal] => R
    [tipoFrete] => 1
    [cepOrigem] => 96412830
    [cepDestino] => 97050460
    [vlrMercadoria] => 757.00
    [peso] => 10.00
    [cubagem] => Array
        (
            [0] => Array
                (
                    [largura] => 0.35
                    [altura] => 0.33
                    [comprimento] => 0.35
                    [volumes] => 1
                )

            [1] => Array
                (
                    [largura] => 0.35
                    [altura] => 0.45
                    [comprimento] => 0.35
                    [volumes] => 1
                )

            [2] => Array
                (
                    [largura] => 0.35
                    [altura] => 0.45
                    [comprimento] => 0.35
                    [volumes] => 1
                )

        )

    [volumes] => 3
)

06-23-2022 @ 01:43:45 - Braspress Braspress - Rodoviário resposta 200: {"id":173179267,"prazo":1,"totalFrete":88.85}
06-23-2022 @ 01:43:48 - Braspress Braspress - Rodoviário envio: Array
(
    [cnpjRemetente] => 27399462000180
    [cnpjDestinatario] => 32379323020
    [modal] => R
    [tipoFrete] => 1
    [cepOrigem] => 96412830
    [cepDestino] => 97050460
    [vlrMercadoria] => 757.00
    [peso] => 10.00
    [cubagem] => Array
        (
            [0] => Array
                (
                    [largura] => 0.35
                    [altura] => 0.33
                    [comprimento] => 0.35
                    [volumes] => 1
                )

            [1] => Array
                (
                    [largura] => 0.35
                    [altura] => 0.45
                    [comprimento] => 0.35
                    [volumes] => 1
                )

            [2] => Array
                (
                    [largura] => 0.35
                    [altura] => 0.45
                    [comprimento] => 0.35
                    [volumes] => 1
                )

        )

    [volumes] => 3
)

06-23-2022 @ 01:43:48 - Braspress Braspress - Rodoviário resposta 200: {"id":173179269,"prazo":1,"totalFrete":88.85}
06-23-2022 @ 01:43:50 - Braspress Braspress - Rodoviário envio: Array
(
    [cnpjRemetente] => 27399462000180
    [cnpjDestinatario] => 32379323020
    [modal] => R
    [tipoFrete] => 1
    [cepOrigem] => 96412830
    [cepDestino] => 97050460
    [vlrMercadoria] => 757.00
    [peso] => 10.00
    [cubagem] => Array
        (
            [0] => Array
                (
                    [largura] => 0.35
                    [altura] => 0.33
                    [comprimento] => 0.35
                    [volumes] => 1
                )

            [1] => Array
                (
                    [largura] => 0.35
                    [altura] => 0.45
                    [comprimento] => 0.35
                    [volumes] => 1
                )

            [2] => Array
                (
                    [largura] => 0.35
                    [altura] => 0.45
                    [comprimento] => 0.35
                    [volumes] => 1
                )

        )

    [volumes] => 3
)

06-23-2022 @ 01:43:50 - Braspress Braspress - Rodoviário resposta 200: {"id":173179271,"prazo":1,"totalFrete":88.85}
06-23-2022 @ 01:43:59 - Braspress Braspress - Rodoviário envio: Array
(
    [cnpjRemetente] => 27399462000180
    [cnpjDestinatario] => 32379323020
    [modal] => R
    [tipoFrete] => 1
    [cepOrigem] => 96412830
    [cepDestino] => 97050460
    [vlrMercadoria] => 757.00
    [peso] => 10.00
    [cubagem] => Array
        (
            [0] => Array
                (
                    [largura] => 0.35
                    [altura] => 0.33
                    [comprimento] => 0.35
                    [volumes] => 1
                )

            [1] => Array
                (
                    [largura] => 0.35
                    [altura] => 0.45
                    [comprimento] => 0.35
                    [volumes] => 1
                )

            [2] => Array
                (
                    [largura] => 0.35
                    [altura] => 0.45
                    [comprimento] => 0.35
                    [volumes] => 1
                )

        )

    [volumes] => 3
)

06-23-2022 @ 01:43:59 - Braspress Braspress - Rodoviário resposta 200: {"id":173179273,"prazo":1,"totalFrete":88.85}
06-23-2022 @ 01:44:02 - Braspress Braspress - Rodoviário envio: Array
(
    [cnpjRemetente] => 27399462000180
    [cnpjDestinatario] => 32379323020
    [modal] => R
    [tipoFrete] => 1
    [cepOrigem] => 96412830
    [cepDestino] => 97050460
    [vlrMercadoria] => 757.00
    [peso] => 10.00
    [cubagem] => Array
        (
            [0] => Array
                (
                    [largura] => 0.35
                    [altura] => 0.33
                    [comprimento] => 0.35
                    [volumes] => 1
                )

            [1] => Array
                (
                    [largura] => 0.35
                    [altura] => 0.45
                    [comprimento] => 0.35
                    [volumes] => 1
                )

            [2] => Array
                (
                    [largura] => 0.35
                    [altura] => 0.45
                    [comprimento] => 0.35
                    [volumes] => 1
                )

        )

    [volumes] => 3
)

06-23-2022 @ 01:44:02 - Braspress Braspress - Rodoviário resposta 200: {"id":173179277,"prazo":1,"totalFrete":88.85}
06-23-2022 @ 01:44:06 - Braspress Braspress - Rodoviário envio: Array
(
    [cnpjRemetente] => 27399462000180
    [cnpjDestinatario] => 32379323020
    [modal] => R
    [tipoFrete] => 1
    [cepOrigem] => 96412830
    [cepDestino] => 97050460
    [vlrMercadoria] => 757.00
    [peso] => 10.00
    [cubagem] => Array
        (
            [0] => Array
                (
                    [largura] => 0.35
                    [altura] => 0.33
                    [comprimento] => 0.35
                    [volumes] => 1
                )

            [1] => Array
                (
                    [largura] => 0.35
                    [altura] => 0.45
                    [comprimento] => 0.35
                    [volumes] => 1
                )

            [2] => Array
                (
                    [largura] => 0.35
                    [altura] => 0.45
                    [comprimento] => 0.35
                    [volumes] => 1
                )

        )

    [volumes] => 3
)

06-23-2022 @ 01:44:06 - Braspress Braspress - Rodoviário resposta 200: {"id":173179279,"prazo":1,"totalFrete":88.85}
06-23-2022 @ 08:26:55 - Braspress Braspress - Rodoviário envio: Array
(
    [cnpjRemetente] => 27399462000180
    [cnpjDestinatario] => 11111111111111
    [modal] => R
    [tipoFrete] => 1
    [cepOrigem] => 96412830
    [cepDestino] => 75503160
    [vlrMercadoria] => 249.00
    [peso] => 2.00
    [cubagem] => Array
        (
            [0] => Array
                (
                    [largura] => 0.40
                    [altura] => 0.08
                    [comprimento] => 0.40
                    [volumes] => 1
                )

        )

    [volumes] => 1
)

06-23-2022 @ 08:26:55 - Braspress Braspress - Rodoviário resposta 200: {"id":173189591,"prazo":7,"totalFrete":110.26}
06-23-2022 @ 08:39:53 - Braspress Braspress - Rodoviário envio: Array
(
    [cnpjRemetente] => 27399462000180
    [cnpjDestinatario] => 11111111111111
    [modal] => R
    [tipoFrete] => 1
    [cepOrigem] => 96412830
    [cepDestino] => 06462360
    [vlrMercadoria] => 49.00
    [peso] => 1.00
    [cubagem] => Array
        (
            [0] => Array
                (
                    [largura] => 0.25
                    [altura] => 0.05
                    [comprimento] => 0.30
                    [volumes] => 1
                )

        )

    [volumes] => 1
)

06-23-2022 @ 08:39:53 - Braspress Braspress - Rodoviário resposta 200: {"id":173191141,"prazo":5,"totalFrete":103.88}
06-23-2022 @ 08:40:46 - Braspress Braspress - Rodoviário envio: Array
(
    [cnpjRemetente] => 27399462000180
    [cnpjDestinatario] => 11111111111111
    [modal] => R
    [tipoFrete] => 1
    [cepOrigem] => 96412830
    [cepDestino] => 06462360
    [vlrMercadoria] => 98.00
    [peso] => 2.00
    [cubagem] => Array
        (
            [0] => Array
                (
                    [largura] => 0.25
                    [altura] => 0.05
                    [comprimento] => 0.30
                    [volumes] => 2
                )

        )

    [volumes] => 2
)

06-23-2022 @ 08:40:46 - Braspress Braspress - Rodoviário resposta 200: {"id":173191245,"prazo":5,"totalFrete":104.3}
06-23-2022 @ 08:57:29 - Braspress Braspress - Rodoviário envio: Array
(
    [cnpjRemetente] => 27399462000180
    [cnpjDestinatario] => 11111111111111
    [modal] => R
    [tipoFrete] => 1
    [cepOrigem] => 96412830
    [cepDestino] => 89580000
    [vlrMercadoria] => 1059.00
    [peso] => 7.00
    [cubagem] => Array
        (
            [0] => Array
                (
                    [largura] => 0.50
                    [altura] => 0.12
                    [comprimento] => 0.50
                    [volumes] => 1
                )

        )

    [volumes] => 1
)

06-23-2022 @ 08:57:29 - Braspress Braspress - Rodoviário resposta 200: {"id":173193604,"prazo":4,"totalFrete":53.69}
06-23-2022 @ 09:32:13 - Braspress Braspress - Rodoviário envio: Array
(
    [cnpjRemetente] => 27399462000180
    [cnpjDestinatario] => 11111111111111
    [modal] => R
    [tipoFrete] => 1
    [cepOrigem] => 96412830
    [cepDestino] => 85055010
    [vlrMercadoria] => 629.00
    [peso] => 4.50
    [cubagem] => Array
        (
            [0] => Array
                (
                    [largura] => 0.35
                    [altura] => 0.10
                    [comprimento] => 0.40
                    [volumes] => 1
                )

        )

    [volumes] => 1
)

06-23-2022 @ 09:32:13 - Braspress Braspress - Rodoviário resposta 200: {"id":173199031,"prazo":3,"totalFrete":51.55}
06-23-2022 @ 09:54:17 - Braspress Braspress - Rodoviário envio: Array
(
    [cnpjRemetente] => 27399462000180
    [cnpjDestinatario] => 11111111111111
    [modal] => R
    [tipoFrete] => 1
    [cepOrigem] => 96412830
    [cepDestino] => 02352030
    [vlrMercadoria] => 218.00
    [peso] => 0.80
    [cubagem] => Array
        (
            [0] => Array
                (
                    [largura] => 0.23
                    [altura] => 0.10
                    [comprimento] => 0.30
                    [volumes] => 1
                )

            [1] => Array
                (
                    [largura] => 0.23
                    [altura] => 0.10
                    [comprimento] => 0.30
                    [volumes] => 1
                )

        )

    [volumes] => 2
)

06-23-2022 @ 09:54:17 - Braspress Braspress - Rodoviário resposta 200: {"id":173202961,"prazo":4,"totalFrete":105.35}
06-23-2022 @ 09:54:19 - Braspress Braspress - Rodoviário envio: Array
(
    [cnpjRemetente] => 27399462000180
    [cnpjDestinatario] => 11111111111111
    [modal] => R
    [tipoFrete] => 1
    [cepOrigem] => 96412830
    [cepDestino] => 02352030
    [vlrMercadoria] => 327.00
    [peso] => 1.20
    [cubagem] => Array
        (
            [0] => Array
                (
                    [largura] => 0.23
                    [altura] => 0.10
                    [comprimento] => 0.30
                    [volumes] => 1
                )

            [1] => Array
                (
                    [largura] => 0.23
                    [altura] => 0.10
                    [comprimento] => 0.30
                    [volumes] => 1
                )

            [2] => Array
                (
                    [largura] => 0.23
                    [altura] => 0.10
                    [comprimento] => 0.30
                    [volumes] => 1
                )

        )

    [volumes] => 3
)

06-23-2022 @ 09:54:19 - Braspress Braspress - Rodoviário resposta 200: {"id":173202971,"prazo":4,"totalFrete":106.28}
06-23-2022 @ 09:54:39 - Braspress Braspress - Rodoviário envio: Array
(
    [cnpjRemetente] => 27399462000180
    [cnpjDestinatario] => 11111111111111
    [modal] => R
    [tipoFrete] => 1
    [cepOrigem] => 96412830
    [cepDestino] => 02352030
    [vlrMercadoria] => 218.00
    [peso] => 0.80
    [cubagem] => Array
        (
            [0] => Array
                (
                    [largura] => 0.23
                    [altura] => 0.10
                    [comprimento] => 0.30
                    [volumes] => 1
                )

            [1] => Array
                (
                    [largura] => 0.23
                    [altura] => 0.10
                    [comprimento] => 0.30
                    [volumes] => 1
                )

        )

    [volumes] => 2
)

06-23-2022 @ 09:54:39 - Braspress Braspress - Rodoviário resposta 200: {"id":173203013,"prazo":4,"totalFrete":105.35}
06-23-2022 @ 09:55:13 - Braspress Braspress - Rodoviário envio: Array
(
    [cnpjRemetente] => 27399462000180
    [cnpjDestinatario] => 11111111111111
    [modal] => R
    [tipoFrete] => 1
    [cepOrigem] => 96412830
    [cepDestino] => 91030080
    [vlrMercadoria] => 218.00
    [peso] => 0.80
    [cubagem] => Array
        (
            [0] => Array
                (
                    [largura] => 0.23
                    [altura] => 0.10
                    [comprimento] => 0.30
                    [volumes] => 1
                )

            [1] => Array
                (
                    [largura] => 0.23
                    [altura] => 0.10
                    [comprimento] => 0.30
                    [volumes] => 1
                )

        )

    [volumes] => 2
)

06-23-2022 @ 09:55:13 - Braspress Braspress - Rodoviário resposta 200: {"id":173203102,"prazo":1,"totalFrete":34.04}
06-23-2022 @ 09:58:53 - Braspress Braspress - Rodoviário envio: Array
(
    [cnpjRemetente] => 27399462000180
    [cnpjDestinatario] => 11111111111111
    [modal] => R
    [tipoFrete] => 1
    [cepOrigem] => 96412830
    [cepDestino] => 37470000
    [vlrMercadoria] => 959.00
    [peso] => 7.00
    [cubagem] => Array
        (
            [0] => Array
                (
                    [largura] => 0.50
                    [altura] => 0.12
                    [comprimento] => 0.50
                    [volumes] => 1
                )

        )

    [volumes] => 1
)

06-23-2022 @ 09:58:53 - Braspress Braspress - Rodoviário resposta 200: {"id":173203726,"prazo":4,"totalFrete":68.65}
06-23-2022 @ 10:04:48 - Braspress Braspress - Rodoviário envio: Array
(
    [cnpjRemetente] => 27399462000180
    [cnpjDestinatario] => 11111111111111
    [modal] => R
    [tipoFrete] => 1
    [cepOrigem] => 96412830
    [cepDestino] => 97900000
    [vlrMercadoria] => 49.00
    [peso] => 1.00
    [cubagem] => Array
        (
            [0] => Array
                (
                    [largura] => 0.25
                    [altura] => 0.05
                    [comprimento] => 0.30
                    [volumes] => 1
                )

        )

    [volumes] => 1
)

06-23-2022 @ 10:04:48 - Braspress Braspress - Rodoviário resposta 200: {"id":173205015,"prazo":6,"totalFrete":38.15}
06-23-2022 @ 10:17:02 - Braspress Braspress - Rodoviário envio: Array
(
    [cnpjRemetente] => 27399462000180
    [cnpjDestinatario] => 11111111111111
    [modal] => R
    [tipoFrete] => 1
    [cepOrigem] => 96412830
    [cepDestino] => 98005150
    [vlrMercadoria] => 388.00
    [peso] => 2.50
    [cubagem] => Array
        (
            [0] => Array
                (
                    [largura] => 0.27
                    [altura] => 0.10
                    [comprimento] => 0.27
                    [volumes] => 1
                )

            [1] => Array
                (
                    [largura] => 0.30
                    [altura] => 0.20
                    [comprimento] => 0.30
                    [volumes] => 1
                )

        )

    [volumes] => 2
)

06-23-2022 @ 10:17:02 - Braspress Braspress - Rodoviário resposta 200: {"id":173207405,"prazo":3,"totalFrete":39.35}
06-23-2022 @ 10:18:10 - Braspress Braspress - Rodoviário envio: Array
(
    [cnpjRemetente] => 27399462000180
    [cnpjDestinatario] => 11111111111111
    [modal] => R
    [tipoFrete] => 1
    [cepOrigem] => 96412830
    [cepDestino] => 85884000
    [vlrMercadoria] => 538.00
    [peso] => 7.00
    [cubagem] => Array
        (
            [0] => Array
                (
                    [largura] => 0.35
                    [altura] => 0.45
                    [comprimento] => 0.35
                    [volumes] => 2
                )

        )

    [volumes] => 2
)

06-23-2022 @ 10:18:10 - Braspress Braspress - Rodoviário resposta 200: {"id":173207627,"prazo":4,"totalFrete":87.21}
06-23-2022 @ 10:18:29 - Braspress Braspress - Rodoviário envio: Array
(
    [cnpjRemetente] => 27399462000180
    [cnpjDestinatario] => 66582989049
    [modal] => R
    [tipoFrete] => 1
    [cepOrigem] => 96412830
    [cepDestino] => 98005150
    [vlrMercadoria] => 388.00
    [peso] => 2.50
    [cubagem] => Array
        (
            [0] => Array
                (
                    [largura] => 0.27
                    [altura] => 0.10
                    [comprimento] => 0.27
                    [volumes] => 1
                )

            [1] => Array
                (
                    [largura] => 0.30
                    [altura] => 0.20
                    [comprimento] => 0.30
                    [volumes] => 1
                )

        )

    [volumes] => 2
)

06-23-2022 @ 10:18:29 - Braspress Braspress - Rodoviário resposta 200: {"id":173207702,"prazo":3,"totalFrete":39.35}
06-23-2022 @ 10:19:17 - Braspress Braspress - Rodoviário envio: Array
(
    [cnpjRemetente] => 27399462000180
    [cnpjDestinatario] => 66582989049
    [modal] => R
    [tipoFrete] => 1
    [cepOrigem] => 96412830
    [cepDestino] => 98005150
    [vlrMercadoria] => 99.00
    [peso] => 1.00
    [cubagem] => Array
        (
            [0] => Array
                (
                    [largura] => 0.27
                    [altura] => 0.10
                    [comprimento] => 0.27
                    [volumes] => 1
                )

        )

    [volumes] => 1
)

06-23-2022 @ 10:19:17 - Braspress Braspress - Rodoviário resposta 200: {"id":173207889,"prazo":3,"totalFrete":38.33}
06-23-2022 @ 10:19:38 - Braspress Braspress - Rodoviário envio: Array
(
    [cnpjRemetente] => 27399462000180
    [cnpjDestinatario] => 11111111111111
    [modal] => R
    [tipoFrete] => 1
    [cepOrigem] => 96412830
    [cepDestino] => 75503160
    [vlrMercadoria] => 409.00
    [peso] => 3.00
    [cubagem] => Array
        (
            [0] => Array
                (
                    [largura] => 0.40
                    [altura] => 0.08
                    [comprimento] => 0.40
                    [volumes] => 1
                )

        )

    [volumes] => 1
)

06-23-2022 @ 10:19:38 - Braspress Braspress - Rodoviário resposta 200: {"id":173207967,"prazo":7,"totalFrete":111.31}
06-23-2022 @ 10:19:52 - Braspress Braspress - Rodoviário envio: Array
(
    [cnpjRemetente] => 27399462000180
    [cnpjDestinatario] => 66582989049
    [modal] => R
    [tipoFrete] => 1
    [cepOrigem] => 96412830
    [cepDestino] => 98005150
    [vlrMercadoria] => 388.00
    [peso] => 2.50
    [cubagem] => Array
        (
            [0] => Array
                (
                    [largura] => 0.27
                    [altura] => 0.10
                    [comprimento] => 0.27
                    [volumes] => 1
                )

            [1] => Array
                (
                    [largura] => 0.30
                    [altura] => 0.20
                    [comprimento] => 0.30
                    [volumes] => 1
                )

        )

    [volumes] => 2
)

06-23-2022 @ 10:19:52 - Braspress Braspress - Rodoviário resposta 200: {"id":173208024,"prazo":3,"totalFrete":39.35}
06-23-2022 @ 10:19:54 - Braspress Braspress - Rodoviário envio: Array
(
    [cnpjRemetente] => 27399462000180
    [cnpjDestinatario] => 11111111111111
    [modal] => R
    [tipoFrete] => 1
    [cepOrigem] => 96412830
    [cepDestino] => 75503060
    [vlrMercadoria] => 409.00
    [peso] => 3.00
    [cubagem] => Array
        (
            [0] => Array
                (
                    [largura] => 0.40
                    [altura] => 0.08
                    [comprimento] => 0.40
                    [volumes] => 1
                )

        )

    [volumes] => 1
)

06-23-2022 @ 10:19:54 - Braspress Braspress - Rodoviário resposta 200: {"id":173208034,"prazo":7,"totalFrete":111.31}
06-23-2022 @ 10:36:39 - Braspress Braspress - Rodoviário envio: Array
(
    [cnpjRemetente] => 27399462000180
    [cnpjDestinatario] => 11111111111111
    [modal] => R
    [tipoFrete] => 1
    [cepOrigem] => 96412830
    [cepDestino] => 32315000
    [vlrMercadoria] => 258.00
    [peso] => 2.50
    [cubagem] => Array
        (
            [0] => Array
                (
                    [largura] => 0.40
                    [altura] => 0.15
                    [comprimento] => 0.40
                    [volumes] => 2
                )

        )

    [volumes] => 2
)

06-23-2022 @ 10:36:39 - Braspress Braspress - Rodoviário resposta 200: {"id":173211528,"prazo":4,"totalFrete":92.23}
06-23-2022 @ 10:37:14 - Braspress Braspress - Rodoviário envio: Array
(
    [cnpjRemetente] => 27399462000180
    [cnpjDestinatario] => 11111111111111
    [modal] => R
    [tipoFrete] => 1
    [cepOrigem] => 96412830
    [cepDestino] => 75503060
    [vlrMercadoria] => 329.00
    [peso] => 2.50
    [cubagem] => Array
        (
            [0] => Array
                (
                    [largura] => 0.40
                    [altura] => 0.08
                    [comprimento] => 0.40
                    [volumes] => 1
                )

        )

    [volumes] => 1
)

06-23-2022 @ 10:37:14 - Braspress Braspress - Rodoviário resposta 200: {"id":173211641,"prazo":7,"totalFrete":110.78}
06-23-2022 @ 10:50:12 - Braspress Braspress - Rodoviário envio: Array
(
    [cnpjRemetente] => 27399462000180
    [cnpjDestinatario] => 11111111111111
    [modal] => R
    [tipoFrete] => 1
    [cepOrigem] => 96412830
    [cepDestino] => 25520391
    [vlrMercadoria] => 1229.00
    [peso] => 5.50
    [cubagem] => Array
        (
            [0] => Array
                (
                    [largura] => 0.40
                    [altura] => 0.15
                    [comprimento] => 0.40
                    [volumes] => 1
                )

        )

    [volumes] => 1
)

06-23-2022 @ 10:50:12 - Braspress Braspress - Rodoviário resposta 200: {"id":173214369,"prazo":4,"totalFrete":108.97}
06-23-2022 @ 10:59:50 - Braspress Braspress - Rodoviário envio: Array
(
    [cnpjRemetente] => 27399462000180
    [cnpjDestinatario] => 11111111111111
    [modal] => R
    [tipoFrete] => 1
    [cepOrigem] => 96412830
    [cepDestino] => 13211840
    [vlrMercadoria] => 1849.00
    [peso] => 8.00
    [cubagem] => Array
        (
            [0] => Array
                (
                    [largura] => 0.50
                    [altura] => 0.20
                    [comprimento] => 0.60
                    [volumes] => 1
                )

        )

    [volumes] => 1
)

06-23-2022 @ 10:59:50 - Braspress Braspress - Rodoviário resposta 200: {"id":173216426,"prazo":4,"totalFrete":80.59}
06-23-2022 @ 11:46:16 - Braspress Braspress - Rodoviário envio: Array
(
    [cnpjRemetente] => 27399462000180
    [cnpjDestinatario] => 11111111111111
    [modal] => R
    [tipoFrete] => 1
    [cepOrigem] => 96412830
    [cepDestino] => 88190000
    [vlrMercadoria] => 399.00
    [peso] => 3.00
    [cubagem] => Array
        (
            [0] => Array
                (
                    [largura] => 0.30
                    [altura] => 0.10
                    [comprimento] => 0.40
                    [volumes] => 1
                )

        )

    [volumes] => 1
)

06-23-2022 @ 11:46:16 - Braspress Braspress - Rodoviário resposta 200: {"id":173226504,"prazo":5,"totalFrete":44.53}
06-23-2022 @ 11:46:21 - Braspress Braspress - Rodoviário envio: Array
(
    [cnpjRemetente] => 27399462000180
    [cnpjDestinatario] => 11111111111111
    [modal] => R
    [tipoFrete] => 1
    [cepOrigem] => 96412830
    [cepDestino] => 88190000
    [vlrMercadoria] => 399.00
    [peso] => 3.00
    [cubagem] => Array
        (
            [0] => Array
                (
                    [largura] => 0.30
                    [altura] => 0.10
                    [comprimento] => 0.40
                    [volumes] => 1
                )

        )

    [volumes] => 1
)

06-23-2022 @ 11:46:21 - Braspress Braspress - Rodoviário resposta 200: {"id":173226520,"prazo":5,"totalFrete":44.53}
06-23-2022 @ 11:48:19 - Braspress Braspress - Rodoviário envio: Array
(
    [cnpjRemetente] => 27399462000180
    [cnpjDestinatario] => 11111111111111
    [modal] => R
    [tipoFrete] => 1
    [cepOrigem] => 96412830
    [cepDestino] => 86800520
    [vlrMercadoria] => 1989.00
    [peso] => 13.00
    [cubagem] => Array
        (
            [0] => Array
                (
                    [largura] => 0.65
                    [altura] => 0.15
                    [comprimento] => 0.60
                    [volumes] => 1
                )

        )

    [volumes] => 1
)

06-23-2022 @ 11:48:19 - Braspress Braspress - Rodoviário resposta 200: {"id":173226906,"prazo":5,"totalFrete":98.36}
06-23-2022 @ 11:52:01 - Braspress Braspress - Rodoviário envio: Array
(
    [cnpjRemetente] => 27399462000180
    [cnpjDestinatario] => 11111111111111
    [modal] => R
    [tipoFrete] => 1
    [cepOrigem] => 96412830
    [cepDestino] => 89980000
    [vlrMercadoria] => 49.00
    [peso] => 1.00
    [cubagem] => Array
        (
            [0] => Array
                (
                    [largura] => 0.25
                    [altura] => 0.05
                    [comprimento] => 0.30
                    [volumes] => 1
                )

        )

    [volumes] => 1
)

06-23-2022 @ 11:52:01 - Braspress Braspress - Rodoviário resposta 200: {"id":173227572,"prazo":5,"totalFrete":49.02}
06-23-2022 @ 12:02:01 - Braspress Braspress - Rodoviário envio: Array
(
    [cnpjRemetente] => 27399462000180
    [cnpjDestinatario] => 11111111111111
    [modal] => R
    [tipoFrete] => 1
    [cepOrigem] => 96412830
    [cepDestino] => 75503060
    [vlrMercadoria] => 658.00
    [peso] => 5.00
    [cubagem] => Array
        (
            [0] => Array
                (
                    [largura] => 0.40
                    [altura] => 0.08
                    [comprimento] => 0.40
                    [volumes] => 1
                )

            [1] => Array
                (
                    [largura] => 0.40
                    [altura] => 0.08
                    [comprimento] => 0.40
                    [volumes] => 1
                )

        )

    [volumes] => 2
)

06-23-2022 @ 12:02:01 - Braspress Braspress - Rodoviário resposta 200: {"id":173229279,"prazo":7,"totalFrete":112.94}
06-23-2022 @ 12:06:30 - Braspress Braspress - Rodoviário envio: Array
(
    [cnpjRemetente] => 27399462000180
    [cnpjDestinatario] => 11111111111111
    [modal] => R
    [tipoFrete] => 1
    [cepOrigem] => 96412830
    [cepDestino] => 87830000
    [vlrMercadoria] => 99.00
    [peso] => 1.00
    [cubagem] => Array
        (
            [0] => Array
                (
                    [largura] => 0.27
                    [altura] => 0.10
                    [comprimento] => 0.27
                    [volumes] => 1
                )

        )

    [volumes] => 1
)

06-23-2022 @ 12:06:30 - Braspress Braspress - Rodoviário resposta 200: {"id":173229912,"prazo":8,"totalFrete":51.0}
06-23-2022 @ 12:08:42 - Braspress Braspress - Rodoviário envio: Array
(
    [cnpjRemetente] => 27399462000180
    [cnpjDestinatario] => 11111111111111
    [modal] => R
    [tipoFrete] => 1
    [cepOrigem] => 96412830
    [cepDestino] => 75503060
    [vlrMercadoria] => 987.00
    [peso] => 7.50
    [cubagem] => Array
        (
            [0] => Array
                (
                    [largura] => 0.40
                    [altura] => 0.08
                    [comprimento] => 0.40
                    [volumes] => 2
                )

            [1] => Array
                (
                    [largura] => 0.40
                    [altura] => 0.08
                    [comprimento] => 0.40
                    [volumes] => 1
                )

        )

    [volumes] => 3
)

06-23-2022 @ 12:08:42 - Braspress Braspress - Rodoviário resposta 200: {"id":173230231,"prazo":7,"totalFrete":115.09}
06-23-2022 @ 12:08:47 - Braspress Braspress - Rodoviário envio: Array
(
    [cnpjRemetente] => 27399462000180
    [cnpjDestinatario] => 11111111111111
    [modal] => R
    [tipoFrete] => 1
    [cepOrigem] => 96412830
    [cepDestino] => 80730300
    [vlrMercadoria] => 2319.00
    [peso] => 15.00
    [cubagem] => Array
        (
            [0] => Array
                (
                    [largura] => 0.70
                    [altura] => 0.18
                    [comprimento] => 0.65
                    [volumes] => 1
                )

        )

    [volumes] => 1
)

06-23-2022 @ 12:08:47 - Braspress Braspress - Rodoviário resposta 200: {"id":173230236,"prazo":3,"totalFrete":102.68}
06-23-2022 @ 12:08:59 - Braspress Braspress - Rodoviário envio: Array
(
    [cnpjRemetente] => 27399462000180
    [cnpjDestinatario] => 11111111111111
    [modal] => R
    [tipoFrete] => 1
    [cepOrigem] => 96412830
    [cepDestino] => 80730300
    [vlrMercadoria] => 2319.00
    [peso] => 15.00
    [cubagem] => Array
        (
            [0] => Array
                (
                    [largura] => 0.70
                    [altura] => 0.18
                    [comprimento] => 0.65
                    [volumes] => 1
                )

        )

    [volumes] => 1
)

06-23-2022 @ 12:08:59 - Braspress Braspress - Rodoviário resposta 200: {"id":173230257,"prazo":3,"totalFrete":102.68}
06-23-2022 @ 12:13:12 - Braspress Braspress - Rodoviário envio: Array
(
    [cnpjRemetente] => 27399462000180
    [cnpjDestinatario] => 11111111111111
    [modal] => R
    [tipoFrete] => 1
    [cepOrigem] => 96412830
    [cepDestino] => 75503060
    [vlrMercadoria] => 1316.00
    [peso] => 10.00
    [cubagem] => Array
        (
            [0] => Array
                (
                    [largura] => 0.40
                    [altura] => 0.08
                    [comprimento] => 0.40
                    [volumes] => 2
                )

            [1] => Array
                (
                    [largura] => 0.40
                    [altura] => 0.08
                    [comprimento] => 0.40
                    [volumes] => 1
                )

            [2] => Array
                (
                    [largura] => 0.40
                    [altura] => 0.08
                    [comprimento] => 0.40
                    [volumes] => 1
                )

        )

    [volumes] => 4
)

06-23-2022 @ 12:13:12 - Braspress Braspress - Rodoviário resposta 200: {"id":173230861,"prazo":7,"totalFrete":126.89}
06-23-2022 @ 12:13:28 - Braspress Braspress - Rodoviário envio: Array
(
    [cnpjRemetente] => 27399462000180
    [cnpjDestinatario] => 11111111111111
    [modal] => R
    [tipoFrete] => 1
    [cepOrigem] => 96412830
    [cepDestino] => 75503060
    [vlrMercadoria] => 987.00
    [peso] => 7.50
    [cubagem] => Array
        (
            [0] => Array
                (
                    [largura] => 0.40
                    [altura] => 0.08
                    [comprimento] => 0.40
                    [volumes] => 1
                )

            [1] => Array
                (
                    [largura] => 0.40
                    [altura] => 0.08
                    [comprimento] => 0.40
                    [volumes] => 1
                )

            [2] => Array
                (
                    [largura] => 0.40
                    [altura] => 0.08
                    [comprimento] => 0.40
                    [volumes] => 1
                )

        )

    [volumes] => 3
)

06-23-2022 @ 12:13:28 - Braspress Braspress - Rodoviário resposta 200: {"id":173230897,"prazo":7,"totalFrete":115.09}
06-23-2022 @ 12:24:59 - Braspress Braspress - Rodoviário envio: Array
(
    [cnpjRemetente] => 27399462000180
    [cnpjDestinatario] => 75181061168
    [modal] => R
    [tipoFrete] => 1
    [cepOrigem] => 96412830
    [cepDestino] => 75503160
    [vlrMercadoria] => 987.00
    [peso] => 7.50
    [cubagem] => Array
        (
            [0] => Array
                (
                    [largura] => 0.40
                    [altura] => 0.08
                    [comprimento] => 0.40
                    [volumes] => 1
                )

            [1] => Array
                (
                    [largura] => 0.40
                    [altura] => 0.08
                    [comprimento] => 0.40
                    [volumes] => 1
                )

            [2] => Array
                (
                    [largura] => 0.40
                    [altura] => 0.08
                    [comprimento] => 0.40
                    [volumes] => 1
                )

        )

    [volumes] => 3
)

06-23-2022 @ 12:24:59 - Braspress Braspress - Rodoviário resposta 200: {"id":173232382,"prazo":7,"totalFrete":115.09}
06-23-2022 @ 12:25:06 - Braspress Braspress - Rodoviário envio: Array
(
    [cnpjRemetente] => 27399462000180
    [cnpjDestinatario] => 75181061168
    [modal] => R
    [tipoFrete] => 1
    [cepOrigem] => 96412830
    [cepDestino] => 75503160
    [vlrMercadoria] => 987.00
    [peso] => 7.50
    [cubagem] => Array
        (
            [0] => Array
                (
                    [largura] => 0.40
                    [altura] => 0.08
                    [comprimento] => 0.40
                    [volumes] => 1
                )

            [1] => Array
                (
                    [largura] => 0.40
                    [altura] => 0.08
                    [comprimento] => 0.40
                    [volumes] => 1
                )

            [2] => Array
                (
                    [largura] => 0.40
                    [altura] => 0.08
                    [comprimento] => 0.40
                    [volumes] => 1
                )

        )

    [volumes] => 3
)

06-23-2022 @ 12:25:06 - Braspress Braspress - Rodoviário resposta 200: {"id":173232401,"prazo":7,"totalFrete":115.09}
06-23-2022 @ 12:25:18 - Braspress Braspress - Rodoviário envio: Array
(
    [cnpjRemetente] => 27399462000180
    [cnpjDestinatario] => 75181061168
    [modal] => R
    [tipoFrete] => 1
    [cepOrigem] => 96412830
    [cepDestino] => 75503160
    [vlrMercadoria] => 987.00
    [peso] => 7.50
    [cubagem] => Array
        (
            [0] => Array
                (
                    [largura] => 0.40
                    [altura] => 0.08
                    [comprimento] => 0.40
                    [volumes] => 1
                )

            [1] => Array
                (
                    [largura] => 0.40
                    [altura] => 0.08
                    [comprimento] => 0.40
                    [volumes] => 1
                )

            [2] => Array
                (
                    [largura] => 0.40
                    [altura] => 0.08
                    [comprimento] => 0.40
                    [volumes] => 1
                )

        )

    [volumes] => 3
)

06-23-2022 @ 12:25:18 - Braspress Braspress - Rodoviário resposta 200: {"id":173232422,"prazo":7,"totalFrete":115.09}
06-23-2022 @ 12:29:28 - Braspress Braspress - Rodoviário envio: Array
(
    [cnpjRemetente] => 27399462000180
    [cnpjDestinatario] => 11111111111111
    [modal] => R
    [tipoFrete] => 1
    [cepOrigem] => 96412830
    [cepDestino] => 30575080
    [vlrMercadoria] => 259.00
    [peso] => 1.25
    [cubagem] => Array
        (
            [0] => Array
                (
                    [largura] => 0.40
                    [altura] => 0.15
                    [comprimento] => 0.40
                    [volumes] => 1
                )

        )

    [volumes] => 1
)

06-23-2022 @ 12:29:28 - Braspress Braspress - Rodoviário resposta 200: {"id":173233005,"prazo":4,"totalFrete":83.15}
06-23-2022 @ 12:38:58 - Braspress Braspress - Rodoviário envio: Array
(
    [cnpjRemetente] => 27399462000180
    [cnpjDestinatario] => 11111111111111
    [modal] => R
    [tipoFrete] => 1
    [cepOrigem] => 96412830
    [cepDestino] => 30575080
    [vlrMercadoria] => 498.00
    [peso] => 2.50
    [cubagem] => Array
        (
            [0] => Array
                (
                    [largura] => 0.40
                    [altura] => 0.15
                    [comprimento] => 0.40
                    [volumes] => 1
                )

            [1] => Array
                (
                    [largura] => 0.40
                    [altura] => 0.15
                    [comprimento] => 0.40
                    [volumes] => 1
                )

        )

    [volumes] => 2
)

06-23-2022 @ 12:38:58 - Braspress Braspress - Rodoviário resposta 200: {"id":173234316,"prazo":4,"totalFrete":93.69}
06-23-2022 @ 12:45:24 - Braspress Braspress - Rodoviário envio: Array
(
    [cnpjRemetente] => 27399462000180
    [cnpjDestinatario] => 11111111111111
    [modal] => R
    [tipoFrete] => 1
    [cepOrigem] => 96412830
    [cepDestino] => 30575080
    [vlrMercadoria] => 239.00
    [peso] => 1.25
    [cubagem] => Array
        (
            [0] => Array
                (
                    [largura] => 0.40
                    [altura] => 0.15
                    [comprimento] => 0.40
                    [volumes] => 1
                )

        )

    [volumes] => 1
)

06-23-2022 @ 12:45:24 - Braspress Braspress - Rodoviário resposta 200: {"id":173235059,"prazo":4,"totalFrete":83.0}
06-23-2022 @ 12:56:01 - Braspress Braspress - Rodoviário envio: Array
(
    [cnpjRemetente] => 27399462000180
    [cnpjDestinatario] => 11111111111111
    [modal] => R
    [tipoFrete] => 1
    [cepOrigem] => 96412830
    [cepDestino] => 38411016
    [vlrMercadoria] => 739.00
    [peso] => 3.50
    [cubagem] => Array
        (
            [0] => Array
                (
                    [largura] => 0.40
                    [altura] => 0.10
                    [comprimento] => 0.40
                    [volumes] => 1
                )

        )

    [volumes] => 1
)

06-23-2022 @ 12:56:01 - Braspress Braspress - Rodoviário resposta 200: {"id":173236419,"prazo":4,"totalFrete":91.32}
