03-10-2022 @ 22:27:41 - Braspress Braspress - Rodoviário envio: Array
(
    [cnpjRemetente] => 27399462000180
    [cnpjDestinatario] => 11111111111111
    [modal] => R
    [tipoFrete] => 1
    [cepOrigem] => 96412830
    [cepDestino] => 01034000
    [vlrMercadoria] => 189.00
    [peso] => 3.00
    [cubagem] => Array
        (
            [0] => Array
                (
                    [largura] => 0.30
                    [altura] => 0.10
                    [comprimento] => 0.30
                    [volumes] => 1
                )

        )

    [volumes] => 1
)

03-10-2022 @ 22:27:41 - Braspress Braspress - Rodoviário resposta 401: {"statusCode":403,"message":"Authentication failed","dateTime":"10/03/2022 22:27:41","errorList":null}

03-10-2022 @ 22:27:41 - Braspress Braspress - Rodoviário erro: Array
(
    [statusCode] => 403
    [message] => Authentication failed
    [dateTime] => 10/03/2022 22:27:41
    [errorList] => 
    [ambiente] => https://api.braspress.com/v1/cotacao/calcular/json
)

03-10-2022 @ 22:43:39 - Braspress Braspress - Rodoviário envio: Array
(
    [cnpjRemetente] => 27399462000180
    [cnpjDestinatario] => 11111111111111
    [modal] => R
    [tipoFrete] => 1
    [cepOrigem] => 96412830
    [cepDestino] => 85195000
    [vlrMercadoria] => 1329.00
    [peso] => 8.00
    [cubagem] => Array
        (
            [0] => Array
                (
                    [largura] => 0.50
                    [altura] => 0.15
                    [comprimento] => 0.60
                    [volumes] => 1
                )

        )

    [volumes] => 1
)

03-10-2022 @ 22:43:39 - Braspress Braspress - Rodoviário resposta 401: {"statusCode":403,"message":"Authentication failed","dateTime":"10/03/2022 22:43:39","errorList":null}

03-10-2022 @ 22:43:39 - Braspress Braspress - Rodoviário erro: Array
(
    [statusCode] => 403
    [message] => Authentication failed
    [dateTime] => 10/03/2022 22:43:39
    [errorList] => 
    [ambiente] => https://api.braspress.com/v1/cotacao/calcular/json
)

03-10-2022 @ 22:55:56 - Braspress Braspress - Rodoviário envio: Array
(
    [cnpjRemetente] => 27399462000180
    [cnpjDestinatario] => 11111111111111
    [modal] => R
    [tipoFrete] => 1
    [cepOrigem] => 96412830
    [cepDestino] => 97670000
    [vlrMercadoria] => 1989.00
    [peso] => 13.00
    [cubagem] => Array
        (
            [0] => Array
                (
                    [largura] => 0.65
                    [altura] => 0.15
                    [comprimento] => 0.60
                    [volumes] => 1
                )

        )

    [volumes] => 1
)

03-10-2022 @ 22:55:56 - Braspress Braspress - Rodoviário resposta 401: {"statusCode":403,"message":"Authentication failed","dateTime":"10/03/2022 22:55:56","errorList":null}

03-10-2022 @ 22:55:56 - Braspress Braspress - Rodoviário erro: Array
(
    [statusCode] => 403
    [message] => Authentication failed
    [dateTime] => 10/03/2022 22:55:56
    [errorList] => 
    [ambiente] => https://api.braspress.com/v1/cotacao/calcular/json
)

03-10-2022 @ 23:44:12 - Braspress Braspress - Rodoviário envio: Array
(
    [cnpjRemetente] => 27399462000180
    [cnpjDestinatario] => 11111111111111
    [modal] => R
    [tipoFrete] => 1
    [cepOrigem] => 96412830
    [cepDestino] => 24020109
    [vlrMercadoria] => 209.00
    [peso] => 2.00
    [cubagem] => Array
        (
            [0] => Array
                (
                    [largura] => 0.30
                    [altura] => 0.08
                    [comprimento] => 0.30
                    [volumes] => 1
                )

        )

    [volumes] => 1
)

03-10-2022 @ 23:44:12 - Braspress Braspress - Rodoviário resposta 401: {"statusCode":403,"message":"Authentication failed","dateTime":"10/03/2022 23:44:12","errorList":null}

03-10-2022 @ 23:44:12 - Braspress Braspress - Rodoviário erro: Array
(
    [statusCode] => 403
    [message] => Authentication failed
    [dateTime] => 10/03/2022 23:44:12
    [errorList] => 
    [ambiente] => https://api.braspress.com/v1/cotacao/calcular/json
)

03-11-2022 @ 00:10:49 - Braspress Braspress - Rodoviário erro: Array
(
    [statusCode] => 403
    [message] => Authentication failed
    [dateTime] => 11/03/2022 00:10:49
    [errorList] => 
    [ambiente] => https://api.braspress.com/v1/cotacao/calcular/json
)

03-11-2022 @ 00:12:26 - Braspress Braspress - Rodoviário erro: Array
(
    [statusCode] => 403
    [message] => Authentication failed
    [dateTime] => 11/03/2022 00:12:26
    [errorList] => 
    [ambiente] => https://api.braspress.com/v1/cotacao/calcular/json
)

03-11-2022 @ 00:12:33 - Braspress Braspress - Rodoviário envio: Array
(
    [cnpjRemetente] => 27399462000180
    [cnpjDestinatario] => 11111111111111
    [modal] => R
    [tipoFrete] => 1
    [cepOrigem] => 96412830
    [cepDestino] => 91755670
    [vlrMercadoria] => 399.00
    [peso] => 2.00
    [cubagem] => Array
        (
            [0] => Array
                (
                    [largura] => 0.40
                    [altura] => 0.10
                    [comprimento] => 0.30
                    [volumes] => 1
                )

        )

    [volumes] => 1
)

03-11-2022 @ 00:12:33 - Braspress Braspress - Rodoviário resposta 401: {"statusCode":403,"message":"Authentication failed","dateTime":"11/03/2022 00:12:33","errorList":null}

03-11-2022 @ 00:12:33 - Braspress Braspress - Rodoviário erro: Array
(
    [statusCode] => 403
    [message] => Authentication failed
    [dateTime] => 11/03/2022 00:12:33
    [errorList] => 
    [ambiente] => https://api.braspress.com/v1/cotacao/calcular/json
)

03-11-2022 @ 00:14:38 - Braspress Braspress - Rodoviário erro: Array
(
    [statusCode] => 403
    [message] => Authentication failed
    [dateTime] => 11/03/2022 00:14:38
    [errorList] => 
    [ambiente] => https://api.braspress.com/v1/cotacao/calcular/json
)

03-11-2022 @ 00:30:14 - Braspress Braspress - Rodoviário envio: Array
(
    [cnpjRemetente] => 27399462000180
    [cnpjDestinatario] => 11111111111111
    [modal] => R
    [tipoFrete] => 1
    [cepOrigem] => 96412830
    [cepDestino] => 22793924
    [vlrMercadoria] => 2389.00
    [peso] => 15.00
    [cubagem] => Array
        (
            [0] => Array
                (
                    [largura] => 0.65
                    [altura] => 0.18
                    [comprimento] => 0.65
                    [volumes] => 1
                )

        )

    [volumes] => 1
)

03-11-2022 @ 00:30:14 - Braspress Braspress - Rodoviário resposta 401: {"statusCode":403,"message":"Authentication failed","dateTime":"11/03/2022 00:30:14","errorList":null}

03-11-2022 @ 00:30:14 - Braspress Braspress - Rodoviário erro: Array
(
    [statusCode] => 403
    [message] => Authentication failed
    [dateTime] => 11/03/2022 00:30:14
    [errorList] => 
    [ambiente] => https://api.braspress.com/v1/cotacao/calcular/json
)

03-11-2022 @ 00:30:18 - Braspress Braspress - Rodoviário envio: Array
(
    [cnpjRemetente] => 27399462000180
    [cnpjDestinatario] => 11111111111111
    [modal] => R
    [tipoFrete] => 1
    [cepOrigem] => 96412830
    [cepDestino] => 22793924
    [vlrMercadoria] => 2389.00
    [peso] => 15.00
    [cubagem] => Array
        (
            [0] => Array
                (
                    [largura] => 0.65
                    [altura] => 0.18
                    [comprimento] => 0.65
                    [volumes] => 1
                )

        )

    [volumes] => 1
)

03-11-2022 @ 00:30:18 - Braspress Braspress - Rodoviário resposta 401: {"statusCode":403,"message":"Authentication failed","dateTime":"11/03/2022 00:30:17","errorList":null}

03-11-2022 @ 00:30:18 - Braspress Braspress - Rodoviário erro: Array
(
    [statusCode] => 403
    [message] => Authentication failed
    [dateTime] => 11/03/2022 00:30:17
    [errorList] => 
    [ambiente] => https://api.braspress.com/v1/cotacao/calcular/json
)

03-11-2022 @ 00:47:23 - Braspress Braspress - Rodoviário envio: Array
(
    [cnpjRemetente] => 27399462000180
    [cnpjDestinatario] => 11111111111111
    [modal] => R
    [tipoFrete] => 1
    [cepOrigem] => 96412830
    [cepDestino] => 08745250
    [vlrMercadoria] => 159.00
    [peso] => 1.50
    [cubagem] => Array
        (
            [0] => Array
                (
                    [largura] => 0.40
                    [altura] => 0.08
                    [comprimento] => 0.30
                    [volumes] => 1
                )

        )

    [volumes] => 1
)

03-11-2022 @ 00:47:23 - Braspress Braspress - Rodoviário resposta 401: {"statusCode":403,"message":"Authentication failed","dateTime":"11/03/2022 00:47:23","errorList":null}

03-11-2022 @ 00:47:23 - Braspress Braspress - Rodoviário erro: Array
(
    [statusCode] => 403
    [message] => Authentication failed
    [dateTime] => 11/03/2022 00:47:23
    [errorList] => 
    [ambiente] => https://api.braspress.com/v1/cotacao/calcular/json
)

03-11-2022 @ 06:56:34 - Braspress Braspress - Rodoviário envio: Array
(
    [cnpjRemetente] => 27399462000180
    [cnpjDestinatario] => 11111111111111
    [modal] => R
    [tipoFrete] => 1
    [cepOrigem] => 96412830
    [cepDestino] => 88337480
    [vlrMercadoria] => 490.00
    [peso] => 4.00
    [cubagem] => Array
        (
            [0] => Array
                (
                    [largura] => 0.35
                    [altura] => 0.10
                    [comprimento] => 0.40
                    [volumes] => 1
                )

        )

    [volumes] => 1
)

03-11-2022 @ 06:56:34 - Braspress Braspress - Rodoviário resposta 401: {"statusCode":403,"message":"Authentication failed","dateTime":"11/03/2022 06:56:34","errorList":null}

03-11-2022 @ 06:56:34 - Braspress Braspress - Rodoviário erro: Array
(
    [statusCode] => 403
    [message] => Authentication failed
    [dateTime] => 11/03/2022 06:56:34
    [errorList] => 
    [ambiente] => https://api.braspress.com/v1/cotacao/calcular/json
)

03-11-2022 @ 07:26:15 - Braspress Braspress - Rodoviário envio: Array
(
    [cnpjRemetente] => 27399462000180
    [cnpjDestinatario] => 02675533157
    [modal] => R
    [tipoFrete] => 1
    [cepOrigem] => 96412830
    [cepDestino] => 75620000
    [vlrMercadoria] => 229.00
    [peso] => 4.00
    [cubagem] => Array
        (
            [0] => Array
                (
                    [largura] => 0.40
                    [altura] => 0.50
                    [comprimento] => 0.40
                    [volumes] => 1
                )

        )

    [volumes] => 1
)

03-11-2022 @ 07:26:15 - Braspress Braspress - Rodoviário resposta 401: {"statusCode":403,"message":"Authentication failed","dateTime":"11/03/2022 07:26:15","errorList":null}

03-11-2022 @ 07:26:15 - Braspress Braspress - Rodoviário erro: Array
(
    [statusCode] => 403
    [message] => Authentication failed
    [dateTime] => 11/03/2022 07:26:15
    [errorList] => 
    [ambiente] => https://api.braspress.com/v1/cotacao/calcular/json
)

03-11-2022 @ 07:27:47 - Braspress Braspress - Rodoviário envio: Array
(
    [cnpjRemetente] => 27399462000180
    [cnpjDestinatario] => 02675533157
    [modal] => R
    [tipoFrete] => 1
    [cepOrigem] => 96412830
    [cepDestino] => 75620000
    [vlrMercadoria] => 490.00
    [peso] => 4.00
    [cubagem] => Array
        (
            [0] => Array
                (
                    [largura] => 0.35
                    [altura] => 0.10
                    [comprimento] => 0.40
                    [volumes] => 1
                )

        )

    [volumes] => 1
)

03-11-2022 @ 07:27:47 - Braspress Braspress - Rodoviário resposta 401: {"statusCode":403,"message":"Authentication failed","dateTime":"11/03/2022 07:27:47","errorList":null}

03-11-2022 @ 07:27:47 - Braspress Braspress - Rodoviário erro: Array
(
    [statusCode] => 403
    [message] => Authentication failed
    [dateTime] => 11/03/2022 07:27:47
    [errorList] => 
    [ambiente] => https://api.braspress.com/v1/cotacao/calcular/json
)

03-11-2022 @ 07:32:07 - Braspress Braspress - Rodoviário envio: Array
(
    [cnpjRemetente] => 27399462000180
    [cnpjDestinatario] => 11111111111111
    [modal] => R
    [tipoFrete] => 1
    [cepOrigem] => 96412830
    [cepDestino] => 13208550
    [vlrMercadoria] => 1989.00
    [peso] => 13.00
    [cubagem] => Array
        (
            [0] => Array
                (
                    [largura] => 0.65
                    [altura] => 0.15
                    [comprimento] => 0.60
                    [volumes] => 1
                )

        )

    [volumes] => 1
)

03-11-2022 @ 07:32:07 - Braspress Braspress - Rodoviário resposta 401: {"statusCode":403,"message":"Authentication failed","dateTime":"11/03/2022 07:32:07","errorList":null}

03-11-2022 @ 07:32:07 - Braspress Braspress - Rodoviário erro: Array
(
    [statusCode] => 403
    [message] => Authentication failed
    [dateTime] => 11/03/2022 07:32:07
    [errorList] => 
    [ambiente] => https://api.braspress.com/v1/cotacao/calcular/json
)

03-11-2022 @ 07:44:05 - Braspress Braspress - Rodoviário envio: Array
(
    [cnpjRemetente] => 27399462000180
    [cnpjDestinatario] => 11111111111111
    [modal] => R
    [tipoFrete] => 1
    [cepOrigem] => 96412830
    [cepDestino] => 04387003
    [vlrMercadoria] => 799.00
    [peso] => 5.00
    [cubagem] => Array
        (
            [0] => Array
                (
                    [largura] => 0.40
                    [altura] => 0.12
                    [comprimento] => 0.50
                    [volumes] => 1
                )

        )

    [volumes] => 1
)

03-11-2022 @ 07:44:05 - Braspress Braspress - Rodoviário resposta 401: {"statusCode":403,"message":"Authentication failed","dateTime":"11/03/2022 07:44:05","errorList":null}

03-11-2022 @ 07:44:05 - Braspress Braspress - Rodoviário erro: Array
(
    [statusCode] => 403
    [message] => Authentication failed
    [dateTime] => 11/03/2022 07:44:05
    [errorList] => 
    [ambiente] => https://api.braspress.com/v1/cotacao/calcular/json
)

03-11-2022 @ 08:41:54 - Braspress Braspress - Rodoviário envio: Array
(
    [cnpjRemetente] => 27399462000180
    [cnpjDestinatario] => 11111111111111
    [modal] => R
    [tipoFrete] => 1
    [cepOrigem] => 96412830
    [cepDestino] => 95703052
    [vlrMercadoria] => 819.00
    [peso] => 7.00
    [cubagem] => Array
        (
            [0] => Array
                (
                    [largura] => 0.50
                    [altura] => 0.12
                    [comprimento] => 0.50
                    [volumes] => 1
                )

        )

    [volumes] => 1
)

03-11-2022 @ 08:41:54 - Braspress Braspress - Rodoviário resposta 401: {"statusCode":403,"message":"Authentication failed","dateTime":"11/03/2022 08:41:54","errorList":null}

03-11-2022 @ 08:41:54 - Braspress Braspress - Rodoviário erro: Array
(
    [statusCode] => 403
    [message] => Authentication failed
    [dateTime] => 11/03/2022 08:41:54
    [errorList] => 
    [ambiente] => https://api.braspress.com/v1/cotacao/calcular/json
)

03-11-2022 @ 10:15:04 - Braspress Braspress - Rodoviário envio: Array
(
    [cnpjRemetente] => 27399462000180
    [cnpjDestinatario] => 11111111111111
    [modal] => R
    [tipoFrete] => 1
    [cepOrigem] => 96412830
    [cepDestino] => 12052250
    [vlrMercadoria] => 619.00
    [peso] => 9.00
    [cubagem] => Array
        (
            [0] => Array
                (
                    [largura] => 0.68
                    [altura] => 0.20
                    [comprimento] => 0.40
                    [volumes] => 1
                )

        )

    [volumes] => 1
)

03-11-2022 @ 10:15:04 - Braspress Braspress - Rodoviário resposta 401: {"statusCode":403,"message":"Authentication failed","dateTime":"11/03/2022 10:15:04","errorList":null}

03-11-2022 @ 10:15:04 - Braspress Braspress - Rodoviário erro: Array
(
    [statusCode] => 403
    [message] => Authentication failed
    [dateTime] => 11/03/2022 10:15:04
    [errorList] => 
    [ambiente] => https://api.braspress.com/v1/cotacao/calcular/json
)

03-11-2022 @ 10:15:15 - Braspress Braspress - Rodoviário envio: Array
(
    [cnpjRemetente] => 27399462000180
    [cnpjDestinatario] => 11111111111111
    [modal] => R
    [tipoFrete] => 1
    [cepOrigem] => 96412830
    [cepDestino] => 88817000
    [vlrMercadoria] => 1238.00
    [peso] => 18.00
    [cubagem] => Array
        (
            [0] => Array
                (
                    [largura] => 0.68
                    [altura] => 0.20
                    [comprimento] => 0.40
                    [volumes] => 2
                )

        )

    [volumes] => 2
)

03-11-2022 @ 10:15:15 - Braspress Braspress - Rodoviário resposta 401: {"statusCode":403,"message":"Authentication failed","dateTime":"11/03/2022 10:15:14","errorList":null}

03-11-2022 @ 10:15:15 - Braspress Braspress - Rodoviário erro: Array
(
    [statusCode] => 403
    [message] => Authentication failed
    [dateTime] => 11/03/2022 10:15:14
    [errorList] => 
    [ambiente] => https://api.braspress.com/v1/cotacao/calcular/json
)

03-11-2022 @ 10:18:33 - Braspress Braspress - Rodoviário envio: Array
(
    [cnpjRemetente] => 27399462000180
    [cnpjDestinatario] => 11111111111111
    [modal] => R
    [tipoFrete] => 1
    [cepOrigem] => 96412830
    [cepDestino] => 12052250
    [vlrMercadoria] => 1857.00
    [peso] => 27.00
    [cubagem] => Array
        (
            [0] => Array
                (
                    [largura] => 0.68
                    [altura] => 0.20
                    [comprimento] => 0.40
                    [volumes] => 3
                )

        )

    [volumes] => 3
)

03-11-2022 @ 10:18:33 - Braspress Braspress - Rodoviário resposta 401: {"statusCode":403,"message":"Authentication failed","dateTime":"11/03/2022 10:18:33","errorList":null}

03-11-2022 @ 10:18:33 - Braspress Braspress - Rodoviário erro: Array
(
    [statusCode] => 403
    [message] => Authentication failed
    [dateTime] => 11/03/2022 10:18:33
    [errorList] => 
    [ambiente] => https://api.braspress.com/v1/cotacao/calcular/json
)

03-11-2022 @ 10:19:55 - Braspress Braspress - Rodoviário envio: Array
(
    [cnpjRemetente] => 27399462000180
    [cnpjDestinatario] => 11111111111111
    [modal] => R
    [tipoFrete] => 1
    [cepOrigem] => 96412830
    [cepDestino] => 12052250
    [vlrMercadoria] => 1857.00
    [peso] => 27.00
    [cubagem] => Array
        (
            [0] => Array
                (
                    [largura] => 0.68
                    [altura] => 0.20
                    [comprimento] => 0.40
                    [volumes] => 3
                )

        )

    [volumes] => 3
)

03-11-2022 @ 10:19:55 - Braspress Braspress - Rodoviário resposta 401: {"statusCode":403,"message":"Authentication failed","dateTime":"11/03/2022 10:19:55","errorList":null}

03-11-2022 @ 10:19:55 - Braspress Braspress - Rodoviário erro: Array
(
    [statusCode] => 403
    [message] => Authentication failed
    [dateTime] => 11/03/2022 10:19:55
    [errorList] => 
    [ambiente] => https://api.braspress.com/v1/cotacao/calcular/json
)

03-11-2022 @ 10:31:47 - Braspress Braspress - Rodoviário envio: Array
(
    [cnpjRemetente] => 27399462000180
    [cnpjDestinatario] => 11111111111111
    [modal] => R
    [tipoFrete] => 1
    [cepOrigem] => 96412830
    [cepDestino] => 12052250
    [vlrMercadoria] => 1857.00
    [peso] => 27.00
    [cubagem] => Array
        (
            [0] => Array
                (
                    [largura] => 0.40
                    [altura] => 0.85
                    [comprimento] => 0.40
                    [volumes] => 3
                )

        )

    [volumes] => 3
)

03-11-2022 @ 10:31:47 - Braspress Braspress - Rodoviário resposta 401: {"statusCode":403,"message":"Authentication failed","dateTime":"11/03/2022 10:31:47","errorList":null}

03-11-2022 @ 10:31:47 - Braspress Braspress - Rodoviário erro: Array
(
    [statusCode] => 403
    [message] => Authentication failed
    [dateTime] => 11/03/2022 10:31:47
    [errorList] => 
    [ambiente] => https://api.braspress.com/v1/cotacao/calcular/json
)

03-11-2022 @ 10:38:07 - Braspress Braspress - Rodoviário envio: Array
(
    [cnpjRemetente] => 27399462000180
    [cnpjDestinatario] => 11111111111111
    [modal] => R
    [tipoFrete] => 1
    [cepOrigem] => 96412830
    [cepDestino] => 01034000
    [vlrMercadoria] => 2476.00
    [peso] => 36.00
    [cubagem] => Array
        (
            [0] => Array
                (
                    [largura] => 0.68
                    [altura] => 0.20
                    [comprimento] => 0.40
                    [volumes] => 4
                )

        )

    [volumes] => 4
)

03-11-2022 @ 10:38:07 - Braspress Braspress - Rodoviário resposta 401: {"statusCode":403,"message":"Authentication failed","dateTime":"11/03/2022 10:38:07","errorList":null}

03-11-2022 @ 10:38:07 - Braspress Braspress - Rodoviário erro: Array
(
    [statusCode] => 403
    [message] => Authentication failed
    [dateTime] => 11/03/2022 10:38:07
    [errorList] => 
    [ambiente] => https://api.braspress.com/v1/cotacao/calcular/json
)

03-11-2022 @ 10:38:18 - Braspress Braspress - Rodoviário envio: Array
(
    [cnpjRemetente] => 27399462000180
    [cnpjDestinatario] => 11111111111111
    [modal] => R
    [tipoFrete] => 1
    [cepOrigem] => 96412830
    [cepDestino] => 01034000
    [vlrMercadoria] => 1857.00
    [peso] => 27.00
    [cubagem] => Array
        (
            [0] => Array
                (
                    [largura] => 0.68
                    [altura] => 0.20
                    [comprimento] => 0.40
                    [volumes] => 3
                )

        )

    [volumes] => 3
)

03-11-2022 @ 10:38:18 - Braspress Braspress - Rodoviário resposta 401: {"statusCode":403,"message":"Authentication failed","dateTime":"11/03/2022 10:38:18","errorList":null}

03-11-2022 @ 10:38:18 - Braspress Braspress - Rodoviário erro: Array
(
    [statusCode] => 403
    [message] => Authentication failed
    [dateTime] => 11/03/2022 10:38:18
    [errorList] => 
    [ambiente] => https://api.braspress.com/v1/cotacao/calcular/json
)

03-11-2022 @ 10:38:50 - Braspress Braspress - Rodoviário envio: Array
(
    [cnpjRemetente] => 27399462000180
    [cnpjDestinatario] => 11111111111111
    [modal] => R
    [tipoFrete] => 1
    [cepOrigem] => 96412830
    [cepDestino] => 01034000
    [vlrMercadoria] => 1857.00
    [peso] => 27.00
    [cubagem] => Array
        (
            [0] => Array
                (
                    [largura] => 0.68
                    [altura] => 0.20
                    [comprimento] => 0.40
                    [volumes] => 3
                )

        )

    [volumes] => 3
)

03-11-2022 @ 10:38:50 - Braspress Braspress - Rodoviário resposta 401: {"statusCode":403,"message":"Authentication failed","dateTime":"11/03/2022 10:38:50","errorList":null}

03-11-2022 @ 10:38:50 - Braspress Braspress - Rodoviário erro: Array
(
    [statusCode] => 403
    [message] => Authentication failed
    [dateTime] => 11/03/2022 10:38:50
    [errorList] => 
    [ambiente] => https://api.braspress.com/v1/cotacao/calcular/json
)

03-11-2022 @ 10:40:07 - Braspress Braspress - Rodoviário envio: Array
(
    [cnpjRemetente] => 27399462000180
    [cnpjDestinatario] => 11111111111111
    [modal] => R
    [tipoFrete] => 1
    [cepOrigem] => 96412830
    [cepDestino] => 01034100
    [vlrMercadoria] => 1857.00
    [peso] => 27.00
    [cubagem] => Array
        (
            [0] => Array
                (
                    [largura] => 0.68
                    [altura] => 0.20
                    [comprimento] => 0.40
                    [volumes] => 3
                )

        )

    [volumes] => 3
)

03-11-2022 @ 10:40:07 - Braspress Braspress - Rodoviário resposta 401: {"statusCode":403,"message":"Authentication failed","dateTime":"11/03/2022 10:40:07","errorList":null}

03-11-2022 @ 10:40:07 - Braspress Braspress - Rodoviário erro: Array
(
    [statusCode] => 403
    [message] => Authentication failed
    [dateTime] => 11/03/2022 10:40:07
    [errorList] => 
    [ambiente] => https://api.braspress.com/v1/cotacao/calcular/json
)

03-11-2022 @ 12:47:11 - Braspress Braspress - Rodoviário envio: Array
(
    [cnpjRemetente] => 27399462000180
    [cnpjDestinatario] => 11111111111111
    [modal] => R
    [tipoFrete] => 1
    [cepOrigem] => 96412830
    [cepDestino] => 90660900
    [vlrMercadoria] => 619.00
    [peso] => 9.00
    [cubagem] => Array
        (
            [0] => Array
                (
                    [largura] => 0.68
                    [altura] => 0.20
                    [comprimento] => 0.40
                    [volumes] => 1
                )

        )

    [volumes] => 1
)

03-11-2022 @ 12:47:11 - Braspress Braspress - Rodoviário resposta 401: {"statusCode":403,"message":"Authentication failed","dateTime":"11/03/2022 12:47:11","errorList":null}

03-11-2022 @ 12:47:11 - Braspress Braspress - Rodoviário erro: Array
(
    [statusCode] => 403
    [message] => Authentication failed
    [dateTime] => 11/03/2022 12:47:11
    [errorList] => 
    [ambiente] => https://api.braspress.com/v1/cotacao/calcular/json
)

03-11-2022 @ 13:04:56 - Braspress Braspress - Rodoviário envio: Array
(
    [cnpjRemetente] => 27399462000180
    [cnpjDestinatario] => 11111111111111
    [modal] => R
    [tipoFrete] => 1
    [cepOrigem] => 96412830
    [cepDestino] => 90660900
    [vlrMercadoria] => 619.00
    [peso] => 9.00
    [cubagem] => Array
        (
            [0] => Array
                (
                    [largura] => 0.68
                    [altura] => 0.20
                    [comprimento] => 0.40
                    [volumes] => 1
                )

        )

    [volumes] => 1
)

03-11-2022 @ 13:04:56 - Braspress Braspress - Rodoviário resposta 401: {"statusCode":403,"message":"Authentication failed","dateTime":"11/03/2022 13:04:56","errorList":null}

03-11-2022 @ 13:04:56 - Braspress Braspress - Rodoviário erro: Array
(
    [statusCode] => 403
    [message] => Authentication failed
    [dateTime] => 11/03/2022 13:04:56
    [errorList] => 
    [ambiente] => https://api.braspress.com/v1/cotacao/calcular/json
)

03-11-2022 @ 14:23:30 - Braspress Braspress - Rodoviário envio: Array
(
    [cnpjRemetente] => 27399462000180
    [cnpjDestinatario] => 11111111111111
    [modal] => R
    [tipoFrete] => 1
    [cepOrigem] => 96412830
    [cepDestino] => 68695000
    [vlrMercadoria] => 319.00
    [peso] => 2.00
    [cubagem] => Array
        (
            [0] => Array
                (
                    [largura] => 0.30
                    [altura] => 0.10
                    [comprimento] => 0.30
                    [volumes] => 1
                )

        )

    [volumes] => 1
)

03-11-2022 @ 14:23:30 - Braspress Braspress - Rodoviário resposta 401: {"statusCode":403,"message":"Authentication failed","dateTime":"11/03/2022 14:23:30","errorList":null}

03-11-2022 @ 14:23:30 - Braspress Braspress - Rodoviário erro: Array
(
    [statusCode] => 403
    [message] => Authentication failed
    [dateTime] => 11/03/2022 14:23:30
    [errorList] => 
    [ambiente] => https://api.braspress.com/v1/cotacao/calcular/json
)

03-11-2022 @ 14:28:53 - Braspress Braspress - Rodoviário envio: Array
(
    [cnpjRemetente] => 27399462000180
    [cnpjDestinatario] => 11111111111111
    [modal] => R
    [tipoFrete] => 1
    [cepOrigem] => 96412830
    [cepDestino] => 04084001
    [vlrMercadoria] => 170.00
    [peso] => 2.00
    [cubagem] => Array
        (
            [0] => Array
                (
                    [largura] => 0.20
                    [altura] => 0.15
                    [comprimento] => 0.20
                    [volumes] => 2
                )

        )

    [volumes] => 2
)

03-11-2022 @ 14:28:53 - Braspress Braspress - Rodoviário resposta 401: {"statusCode":403,"message":"Authentication failed","dateTime":"11/03/2022 14:28:53","errorList":null}

03-11-2022 @ 14:28:53 - Braspress Braspress - Rodoviário erro: Array
(
    [statusCode] => 403
    [message] => Authentication failed
    [dateTime] => 11/03/2022 14:28:53
    [errorList] => 
    [ambiente] => https://api.braspress.com/v1/cotacao/calcular/json
)

03-11-2022 @ 14:31:11 - Braspress Braspress - Rodoviário envio: Array
(
    [cnpjRemetente] => 27399462000180
    [cnpjDestinatario] => 11111111111111
    [modal] => R
    [tipoFrete] => 1
    [cepOrigem] => 96412830
    [cepDestino] => 04084001
    [vlrMercadoria] => 170.00
    [peso] => 2.00
    [cubagem] => Array
        (
            [0] => Array
                (
                    [largura] => 0.20
                    [altura] => 0.15
                    [comprimento] => 0.20
                    [volumes] => 2
                )

        )

    [volumes] => 2
)

03-11-2022 @ 14:31:11 - Braspress Braspress - Rodoviário resposta 401: {"statusCode":403,"message":"Authentication failed","dateTime":"11/03/2022 14:31:11","errorList":null}

03-11-2022 @ 14:31:11 - Braspress Braspress - Rodoviário erro: Array
(
    [statusCode] => 403
    [message] => Authentication failed
    [dateTime] => 11/03/2022 14:31:11
    [errorList] => 
    [ambiente] => https://api.braspress.com/v1/cotacao/calcular/json
)

03-11-2022 @ 15:05:58 - Braspress Braspress - Rodoviário envio: Array
(
    [cnpjRemetente] => 27399462000180
    [cnpjDestinatario] => 11111111111111
    [modal] => R
    [tipoFrete] => 1
    [cepOrigem] => 96412830
    [cepDestino] => 89566838
    [vlrMercadoria] => 1229.00
    [peso] => 10.00
    [cubagem] => Array
        (
            [0] => Array
                (
                    [largura] => 0.52
                    [altura] => 0.15
                    [comprimento] => 0.63
                    [volumes] => 1
                )

        )

    [volumes] => 1
)

03-11-2022 @ 15:05:58 - Braspress Braspress - Rodoviário resposta 401: {"statusCode":403,"message":"Authentication failed","dateTime":"11/03/2022 15:05:58","errorList":null}

03-11-2022 @ 15:05:58 - Braspress Braspress - Rodoviário erro: Array
(
    [statusCode] => 403
    [message] => Authentication failed
    [dateTime] => 11/03/2022 15:05:58
    [errorList] => 
    [ambiente] => https://api.braspress.com/v1/cotacao/calcular/json
)

03-11-2022 @ 15:37:02 - Braspress Braspress - Rodoviário envio: Array
(
    [cnpjRemetente] => 27399462000180
    [cnpjDestinatario] => 08474237947
    [modal] => R
    [tipoFrete] => 1
    [cepOrigem] => 96412830
    [cepDestino] => 89566838
    [vlrMercadoria] => 1567.00
    [peso] => 14.00
    [cubagem] => Array
        (
            [0] => Array
                (
                    [largura] => 0.52
                    [altura] => 0.15
                    [comprimento] => 0.63
                    [volumes] => 1
                )

            [1] => Array
                (
                    [largura] => 0.25
                    [altura] => 0.15
                    [comprimento] => 0.40
                    [volumes] => 1
                )

            [2] => Array
                (
                    [largura] => 0.25
                    [altura] => 0.15
                    [comprimento] => 0.40
                    [volumes] => 1
                )

        )

    [volumes] => 3
)

03-11-2022 @ 15:37:02 - Braspress Braspress - Rodoviário resposta 401: {"statusCode":403,"message":"Authentication failed","dateTime":"11/03/2022 15:37:02","errorList":null}

03-11-2022 @ 15:37:02 - Braspress Braspress - Rodoviário erro: Array
(
    [statusCode] => 403
    [message] => Authentication failed
    [dateTime] => 11/03/2022 15:37:02
    [errorList] => 
    [ambiente] => https://api.braspress.com/v1/cotacao/calcular/json
)

03-11-2022 @ 18:18:23 - Braspress Braspress - Rodoviário envio: Array
(
    [cnpjRemetente] => 27399462000180
    [cnpjDestinatario] => 11111111111111
    [modal] => R
    [tipoFrete] => 1
    [cepOrigem] => 96412830
    [cepDestino] => 06543125
    [vlrMercadoria] => 1589.00
    [peso] => 10.00
    [cubagem] => Array
        (
            [0] => Array
                (
                    [largura] => 0.52
                    [altura] => 0.15
                    [comprimento] => 0.63
                    [volumes] => 1
                )

        )

    [volumes] => 1
)

03-11-2022 @ 18:18:23 - Braspress Braspress - Rodoviário resposta 401: {"statusCode":403,"message":"Authentication failed","dateTime":"11/03/2022 18:18:23","errorList":null}

03-11-2022 @ 18:18:23 - Braspress Braspress - Rodoviário erro: Array
(
    [statusCode] => 403
    [message] => Authentication failed
    [dateTime] => 11/03/2022 18:18:23
    [errorList] => 
    [ambiente] => https://api.braspress.com/v1/cotacao/calcular/json
)

03-11-2022 @ 19:28:08 - Braspress Braspress - Rodoviário envio: Array
(
    [cnpjRemetente] => 27399462000180
    [cnpjDestinatario] => 11111111111111
    [modal] => R
    [tipoFrete] => 1
    [cepOrigem] => 96412830
    [cepDestino] => 01421001
    [vlrMercadoria] => 490.00
    [peso] => 4.00
    [cubagem] => Array
        (
            [0] => Array
                (
                    [largura] => 0.35
                    [altura] => 0.10
                    [comprimento] => 0.40
                    [volumes] => 1
                )

        )

    [volumes] => 1
)

03-11-2022 @ 19:28:08 - Braspress Braspress - Rodoviário resposta 401: {"statusCode":403,"message":"Authentication failed","dateTime":"11/03/2022 19:28:08","errorList":null}

03-11-2022 @ 19:28:08 - Braspress Braspress - Rodoviário erro: Array
(
    [statusCode] => 403
    [message] => Authentication failed
    [dateTime] => 11/03/2022 19:28:08
    [errorList] => 
    [ambiente] => https://api.braspress.com/v1/cotacao/calcular/json
)

03-11-2022 @ 20:18:24 - Braspress Braspress - Rodoviário envio: Array
(
    [cnpjRemetente] => 27399462000180
    [cnpjDestinatario] => 11111111111111
    [modal] => R
    [tipoFrete] => 1
    [cepOrigem] => 96412830
    [cepDestino] => 12246015
    [vlrMercadoria] => 2319.00
    [peso] => 15.00
    [cubagem] => Array
        (
            [0] => Array
                (
                    [largura] => 0.70
                    [altura] => 0.18
                    [comprimento] => 0.65
                    [volumes] => 1
                )

        )

    [volumes] => 1
)

03-11-2022 @ 20:18:24 - Braspress Braspress - Rodoviário resposta 401: {"statusCode":403,"message":"Authentication failed","dateTime":"11/03/2022 20:18:24","errorList":null}

03-11-2022 @ 20:18:24 - Braspress Braspress - Rodoviário erro: Array
(
    [statusCode] => 403
    [message] => Authentication failed
    [dateTime] => 11/03/2022 20:18:24
    [errorList] => 
    [ambiente] => https://api.braspress.com/v1/cotacao/calcular/json
)

03-11-2022 @ 20:32:52 - Braspress Braspress - Rodoviário envio: Array
(
    [cnpjRemetente] => 27399462000180
    [cnpjDestinatario] => 11111111111111
    [modal] => R
    [tipoFrete] => 1
    [cepOrigem] => 96412830
    [cepDestino] => 96015000
    [vlrMercadoria] => 2419.00
    [peso] => 10.00
    [cubagem] => Array
        (
            [0] => Array
                (
                    [largura] => 0.70
                    [altura] => 0.25
                    [comprimento] => 0.60
                    [volumes] => 1
                )

        )

    [volumes] => 1
)

03-11-2022 @ 20:32:52 - Braspress Braspress - Rodoviário resposta 401: {"statusCode":403,"message":"Authentication failed","dateTime":"11/03/2022 20:32:52","errorList":null}

03-11-2022 @ 20:32:52 - Braspress Braspress - Rodoviário erro: Array
(
    [statusCode] => 403
    [message] => Authentication failed
    [dateTime] => 11/03/2022 20:32:52
    [errorList] => 
    [ambiente] => https://api.braspress.com/v1/cotacao/calcular/json
)

