06-15-2022 @ 21:18:03 - Braspress Braspress - Rodoviário envio: Array
(
    [cnpjRemetente] => 27399462000180
    [cnpjDestinatario] => 11111111111111
    [modal] => R
    [tipoFrete] => 1
    [cepOrigem] => 96412830
    [cepDestino] => 04304001
    [vlrMercadoria] => 779.00
    [peso] => 3.50
    [cubagem] => Array
        (
            [0] => Array
                (
                    [largura] => 0.40
                    [altura] => 0.10
                    [comprimento] => 0.40
                    [volumes] => 1
                )

        )

    [volumes] => 1
)

06-15-2022 @ 21:18:03 - Braspress Braspress - Rodoviário resposta 200: {"id":172272910,"prazo":4,"totalFrete":110.21}
06-15-2022 @ 21:24:22 - Braspress Braspress - Rodoviário envio: Array
(
    [cnpjRemetente] => 27399462000180
    [cnpjDestinatario] => 11111111111111
    [modal] => R
    [tipoFrete] => 1
    [cepOrigem] => 96412830
    [cepDestino] => 91720150
    [vlrMercadoria] => 329.00
    [peso] => 2.50
    [cubagem] => Array
        (
            [0] => Array
                (
                    [largura] => 0.40
                    [altura] => 0.08
                    [comprimento] => 0.40
                    [volumes] => 1
                )

        )

    [volumes] => 1
)

06-15-2022 @ 21:24:22 - Braspress Braspress - Rodoviário resposta 200: {"id":172273454,"prazo":1,"totalFrete":34.41}
06-15-2022 @ 21:31:30 - Braspress Braspress - Rodoviário envio: Array
(
    [cnpjRemetente] => 27399462000180
    [cnpjDestinatario] => 11111111111111
    [modal] => R
    [tipoFrete] => 1
    [cepOrigem] => 96412830
    [cepDestino] => 91720150
    [vlrMercadoria] => 329.00
    [peso] => 2.50
    [cubagem] => Array
        (
            [0] => Array
                (
                    [largura] => 0.40
                    [altura] => 0.08
                    [comprimento] => 0.40
                    [volumes] => 1
                )

        )

    [volumes] => 1
)

06-15-2022 @ 21:31:30 - Braspress Braspress - Rodoviário resposta 200: {"id":172274187,"prazo":1,"totalFrete":34.41}
06-15-2022 @ 21:33:36 - Braspress Braspress - Rodoviário envio: Array
(
    [cnpjRemetente] => 27399462000180
    [cnpjDestinatario] => 11111111111111
    [modal] => R
    [tipoFrete] => 1
    [cepOrigem] => 96412830
    [cepDestino] => 91720150
    [vlrMercadoria] => 329.00
    [peso] => 2.50
    [cubagem] => Array
        (
            [0] => Array
                (
                    [largura] => 0.40
                    [altura] => 0.08
                    [comprimento] => 0.40
                    [volumes] => 1
                )

        )

    [volumes] => 1
)

06-15-2022 @ 21:33:36 - Braspress Braspress - Rodoviário resposta 200: {"id":172274360,"prazo":1,"totalFrete":34.41}
06-15-2022 @ 21:35:06 - Braspress Braspress - Rodoviário envio: Array
(
    [cnpjRemetente] => 27399462000180
    [cnpjDestinatario] => 82173362020
    [modal] => R
    [tipoFrete] => 1
    [cepOrigem] => 96412830
    [cepDestino] => 91720150
    [vlrMercadoria] => 329.00
    [peso] => 2.50
    [cubagem] => Array
        (
            [0] => Array
                (
                    [largura] => 0.40
                    [altura] => 0.08
                    [comprimento] => 0.40
                    [volumes] => 1
                )

        )

    [volumes] => 1
)

06-15-2022 @ 21:35:06 - Braspress Braspress - Rodoviário resposta 200: {"id":172274489,"prazo":1,"totalFrete":34.41}
06-15-2022 @ 21:35:10 - Braspress Braspress - Rodoviário envio: Array
(
    [cnpjRemetente] => 27399462000180
    [cnpjDestinatario] => 82173362020
    [modal] => R
    [tipoFrete] => 1
    [cepOrigem] => 96412830
    [cepDestino] => 91720150
    [vlrMercadoria] => 329.00
    [peso] => 2.50
    [cubagem] => Array
        (
            [0] => Array
                (
                    [largura] => 0.40
                    [altura] => 0.08
                    [comprimento] => 0.40
                    [volumes] => 1
                )

        )

    [volumes] => 1
)

06-15-2022 @ 21:35:10 - Braspress Braspress - Rodoviário resposta 200: {"id":172274498,"prazo":1,"totalFrete":34.41}
06-15-2022 @ 21:42:25 - Braspress Braspress - Rodoviário envio: Array
(
    [cnpjRemetente] => 27399462000180
    [cnpjDestinatario] => 17222714855
    [modal] => R
    [tipoFrete] => 1
    [cepOrigem] => 96412830
    [cepDestino] => 13571050
    [vlrMercadoria] => 538.00
    [peso] => 7.00
    [cubagem] => Array
        (
            [0] => Array
                (
                    [largura] => 0.35
                    [altura] => 0.45
                    [comprimento] => 0.35
                    [volumes] => 1
                )

            [1] => Array
                (
                    [largura] => 0.35
                    [altura] => 0.45
                    [comprimento] => 0.35
                    [volumes] => 1
                )

        )

    [volumes] => 2
)

06-15-2022 @ 21:42:25 - Braspress Braspress - Rodoviário resposta 200: {"id":172275130,"prazo":4,"totalFrete":100.6}
06-15-2022 @ 21:42:55 - Braspress Braspress - Rodoviário envio: Array
(
    [cnpjRemetente] => 27399462000180
    [cnpjDestinatario] => 17222714855
    [modal] => R
    [tipoFrete] => 1
    [cepOrigem] => 96412830
    [cepDestino] => 13571050
    [vlrMercadoria] => 538.00
    [peso] => 7.00
    [cubagem] => Array
        (
            [0] => Array
                (
                    [largura] => 0.35
                    [altura] => 0.45
                    [comprimento] => 0.35
                    [volumes] => 1
                )

            [1] => Array
                (
                    [largura] => 0.35
                    [altura] => 0.45
                    [comprimento] => 0.35
                    [volumes] => 1
                )

        )

    [volumes] => 2
)

06-15-2022 @ 21:42:55 - Braspress Braspress - Rodoviário resposta 200: {"id":172275172,"prazo":4,"totalFrete":100.6}
06-15-2022 @ 21:43:20 - Braspress Braspress - Rodoviário envio: Array
(
    [cnpjRemetente] => 27399462000180
    [cnpjDestinatario] => 11111111111111
    [modal] => R
    [tipoFrete] => 1
    [cepOrigem] => 96412830
    [cepDestino] => 17204350
    [vlrMercadoria] => 619.00
    [peso] => 9.00
    [cubagem] => Array
        (
            [0] => Array
                (
                    [largura] => 0.50
                    [altura] => 0.65
                    [comprimento] => 0.55
                    [volumes] => 1
                )

        )

    [volumes] => 1
)

06-15-2022 @ 21:43:20 - Braspress Braspress - Rodoviário resposta 200: {"id":172275226,"prazo":4,"totalFrete":140.8}
06-15-2022 @ 21:43:54 - Braspress Braspress - Rodoviário envio: Array
(
    [cnpjRemetente] => 27399462000180
    [cnpjDestinatario] => 17222714855
    [modal] => R
    [tipoFrete] => 1
    [cepOrigem] => 96412830
    [cepDestino] => 13571050
    [vlrMercadoria] => 538.00
    [peso] => 7.00
    [cubagem] => Array
        (
            [0] => Array
                (
                    [largura] => 0.35
                    [altura] => 0.45
                    [comprimento] => 0.35
                    [volumes] => 1
                )

            [1] => Array
                (
                    [largura] => 0.35
                    [altura] => 0.45
                    [comprimento] => 0.35
                    [volumes] => 1
                )

        )

    [volumes] => 2
)

06-15-2022 @ 21:43:54 - Braspress Braspress - Rodoviário resposta 200: {"id":172275294,"prazo":4,"totalFrete":100.6}
06-15-2022 @ 22:00:22 - Braspress Braspress - Rodoviário envio: Array
(
    [cnpjRemetente] => 27399462000180
    [cnpjDestinatario] => 11111111111111
    [modal] => R
    [tipoFrete] => 1
    [cepOrigem] => 96412830
    [cepDestino] => 88702870
    [vlrMercadoria] => 719.00
    [peso] => 5.00
    [cubagem] => Array
        (
            [0] => Array
                (
                    [largura] => 0.40
                    [altura] => 0.12
                    [comprimento] => 0.50
                    [volumes] => 1
                )

        )

    [volumes] => 1
)

06-15-2022 @ 22:00:22 - Braspress Braspress - Rodoviário resposta 200: {"id":172276785,"prazo":4,"totalFrete":52.11}
06-15-2022 @ 22:23:06 - Braspress Braspress - Rodoviário envio: Array
(
    [cnpjRemetente] => 27399462000180
    [cnpjDestinatario] => 28704013883
    [modal] => R
    [tipoFrete] => 1
    [cepOrigem] => 96412830
    [cepDestino] => 09726110
    [vlrMercadoria] => 189.00
    [peso] => 3.00
    [cubagem] => Array
        (
            [0] => Array
                (
                    [largura] => 0.30
                    [altura] => 0.10
                    [comprimento] => 0.30
                    [volumes] => 1
                )

        )

    [volumes] => 1
)

06-15-2022 @ 22:23:06 - Braspress Braspress - Rodoviário resposta 200: {"id":172278848,"prazo":5,"totalFrete":105.1}
06-15-2022 @ 22:26:36 - Braspress Braspress - Rodoviário envio: Array
(
    [cnpjRemetente] => 27399462000180
    [cnpjDestinatario] => 11111111111111
    [modal] => R
    [tipoFrete] => 1
    [cepOrigem] => 96412830
    [cepDestino] => 17203350
    [vlrMercadoria] => 359.00
    [peso] => 8.00
    [cubagem] => Array
        (
            [0] => Array
                (
                    [largura] => 0.37
                    [altura] => 0.70
                    [comprimento] => 0.42
                    [volumes] => 1
                )

        )

    [volumes] => 1
)

06-15-2022 @ 22:26:36 - Braspress Braspress - Rodoviário resposta 400: {"statusCode":500,"message":"Service Error","dateTime":"15/06/2022 22:26:29","errorList":["Erro ao realizar a cotação de frete: VERIFICANDO CEP DESTINO"]}
06-15-2022 @ 22:26:36 - Braspress Braspress - Rodoviário erro: Array
(
    [statusCode] => 500
    [message] => Service Error
    [dateTime] => 15/06/2022 22:26:29
    [errorList] => Array
        (
            [0] => Erro ao realizar a cotação de frete: VERIFICANDO CEP DESTINO
        )

    [ambiente] => https://api.braspress.com/v1/cotacao/calcular/json
)

06-15-2022 @ 22:43:26 - Braspress Braspress - Rodoviário envio: Array
(
    [cnpjRemetente] => 27399462000180
    [cnpjDestinatario] => 11111111111111
    [modal] => R
    [tipoFrete] => 1
    [cepOrigem] => 96412830
    [cepDestino] => 90450100
    [vlrMercadoria] => 339.00
    [peso] => 3.50
    [cubagem] => Array
        (
            [0] => Array
                (
                    [largura] => 0.45
                    [altura] => 0.45
                    [comprimento] => 0.45
                    [volumes] => 1
                )

        )

    [volumes] => 1
)

06-15-2022 @ 22:43:26 - Braspress Braspress - Rodoviário resposta 200: {"id":172280374,"prazo":1,"totalFrete":48.6}
06-15-2022 @ 22:45:19 - Braspress Braspress - Rodoviário envio: Array
(
    [cnpjRemetente] => 27399462000180
    [cnpjDestinatario] => 04251868650
    [modal] => R
    [tipoFrete] => 1
    [cepOrigem] => 96412830
    [cepDestino] => 35164068
    [vlrMercadoria] => 98.00
    [peso] => 2.00
    [cubagem] => Array
        (
            [0] => Array
                (
                    [largura] => 0.25
                    [altura] => 0.05
                    [comprimento] => 0.30
                    [volumes] => 2
                )

        )

    [volumes] => 2
)

06-15-2022 @ 22:45:19 - Braspress Braspress - Rodoviário resposta 200: {"id":172280527,"prazo":5,"totalFrete":58.08}
06-15-2022 @ 22:45:24 - Braspress Braspress - Rodoviário envio: Array
(
    [cnpjRemetente] => 27399462000180
    [cnpjDestinatario] => 04251868650
    [modal] => R
    [tipoFrete] => 1
    [cepOrigem] => 96412830
    [cepDestino] => 35164068
    [vlrMercadoria] => 98.00
    [peso] => 2.00
    [cubagem] => Array
        (
            [0] => Array
                (
                    [largura] => 0.25
                    [altura] => 0.05
                    [comprimento] => 0.30
                    [volumes] => 2
                )

        )

    [volumes] => 2
)

06-15-2022 @ 22:45:24 - Braspress Braspress - Rodoviário resposta 200: {"id":172280531,"prazo":5,"totalFrete":58.08}
06-15-2022 @ 22:45:27 - Braspress Braspress - Rodoviário envio: Array
(
    [cnpjRemetente] => 27399462000180
    [cnpjDestinatario] => 04251868650
    [modal] => R
    [tipoFrete] => 1
    [cepOrigem] => 96412830
    [cepDestino] => 35164068
    [vlrMercadoria] => 98.00
    [peso] => 2.00
    [cubagem] => Array
        (
            [0] => Array
                (
                    [largura] => 0.25
                    [altura] => 0.05
                    [comprimento] => 0.30
                    [volumes] => 2
                )

        )

    [volumes] => 2
)

06-15-2022 @ 22:45:27 - Braspress Braspress - Rodoviário resposta 200: {"id":172280534,"prazo":5,"totalFrete":58.08}
06-15-2022 @ 22:45:32 - Braspress Braspress - Rodoviário envio: Array
(
    [cnpjRemetente] => 27399462000180
    [cnpjDestinatario] => 04251868650
    [modal] => R
    [tipoFrete] => 1
    [cepOrigem] => 96412830
    [cepDestino] => 35164068
    [vlrMercadoria] => 98.00
    [peso] => 2.00
    [cubagem] => Array
        (
            [0] => Array
                (
                    [largura] => 0.25
                    [altura] => 0.05
                    [comprimento] => 0.30
                    [volumes] => 2
                )

        )

    [volumes] => 2
)

06-15-2022 @ 22:45:32 - Braspress Braspress - Rodoviário resposta 200: {"id":172280539,"prazo":5,"totalFrete":58.08}
06-15-2022 @ 22:45:38 - Braspress Braspress - Rodoviário envio: Array
(
    [cnpjRemetente] => 27399462000180
    [cnpjDestinatario] => 04251868650
    [modal] => R
    [tipoFrete] => 1
    [cepOrigem] => 96412830
    [cepDestino] => 35164068
    [vlrMercadoria] => 98.00
    [peso] => 2.00
    [cubagem] => Array
        (
            [0] => Array
                (
                    [largura] => 0.25
                    [altura] => 0.05
                    [comprimento] => 0.30
                    [volumes] => 2
                )

        )

    [volumes] => 2
)

06-15-2022 @ 22:45:38 - Braspress Braspress - Rodoviário resposta 200: {"id":172280548,"prazo":5,"totalFrete":58.08}
06-15-2022 @ 22:45:41 - Braspress Braspress - Rodoviário envio: Array
(
    [cnpjRemetente] => 27399462000180
    [cnpjDestinatario] => 04251868650
    [modal] => R
    [tipoFrete] => 1
    [cepOrigem] => 96412830
    [cepDestino] => 35164068
    [vlrMercadoria] => 98.00
    [peso] => 2.00
    [cubagem] => Array
        (
            [0] => Array
                (
                    [largura] => 0.25
                    [altura] => 0.05
                    [comprimento] => 0.30
                    [volumes] => 2
                )

        )

    [volumes] => 2
)

06-15-2022 @ 22:45:41 - Braspress Braspress - Rodoviário resposta 200: {"id":172280551,"prazo":5,"totalFrete":58.08}
06-15-2022 @ 22:45:44 - Braspress Braspress - Rodoviário envio: Array
(
    [cnpjRemetente] => 27399462000180
    [cnpjDestinatario] => 04251868650
    [modal] => R
    [tipoFrete] => 1
    [cepOrigem] => 96412830
    [cepDestino] => 35164068
    [vlrMercadoria] => 98.00
    [peso] => 2.00
    [cubagem] => Array
        (
            [0] => Array
                (
                    [largura] => 0.25
                    [altura] => 0.05
                    [comprimento] => 0.30
                    [volumes] => 2
                )

        )

    [volumes] => 2
)

06-15-2022 @ 22:45:44 - Braspress Braspress - Rodoviário resposta 200: {"id":172280555,"prazo":5,"totalFrete":58.08}
06-15-2022 @ 22:45:48 - Braspress Braspress - Rodoviário envio: Array
(
    [cnpjRemetente] => 27399462000180
    [cnpjDestinatario] => 04251868650
    [modal] => R
    [tipoFrete] => 1
    [cepOrigem] => 96412830
    [cepDestino] => 35164068
    [vlrMercadoria] => 98.00
    [peso] => 2.00
    [cubagem] => Array
        (
            [0] => Array
                (
                    [largura] => 0.25
                    [altura] => 0.05
                    [comprimento] => 0.30
                    [volumes] => 2
                )

        )

    [volumes] => 2
)

06-15-2022 @ 22:45:48 - Braspress Braspress - Rodoviário resposta 200: {"id":172280561,"prazo":5,"totalFrete":58.08}
06-15-2022 @ 22:45:51 - Braspress Braspress - Rodoviário envio: Array
(
    [cnpjRemetente] => 27399462000180
    [cnpjDestinatario] => 04251868650
    [modal] => R
    [tipoFrete] => 1
    [cepOrigem] => 96412830
    [cepDestino] => 35164068
    [vlrMercadoria] => 98.00
    [peso] => 2.00
    [cubagem] => Array
        (
            [0] => Array
                (
                    [largura] => 0.25
                    [altura] => 0.05
                    [comprimento] => 0.30
                    [volumes] => 2
                )

        )

    [volumes] => 2
)

06-15-2022 @ 22:45:51 - Braspress Braspress - Rodoviário resposta 200: {"id":172280562,"prazo":5,"totalFrete":58.08}
06-15-2022 @ 23:02:27 - Braspress Braspress - Rodoviário envio: Array
(
    [cnpjRemetente] => 27399462000180
    [cnpjDestinatario] => 11111111111111
    [modal] => R
    [tipoFrete] => 1
    [cepOrigem] => 96412830
    [cepDestino] => 13483125
    [vlrMercadoria] => 1059.00
    [peso] => 7.00
    [cubagem] => Array
        (
            [0] => Array
                (
                    [largura] => 0.50
                    [altura] => 0.12
                    [comprimento] => 0.50
                    [volumes] => 1
                )

        )

    [volumes] => 1
)

06-15-2022 @ 23:02:27 - Braspress Braspress - Rodoviário resposta 200: {"id":172281676,"prazo":4,"totalFrete":93.83}
06-15-2022 @ 23:18:23 - Braspress Braspress - Rodoviário envio: Array
(
    [cnpjRemetente] => 27399462000180
    [cnpjDestinatario] => 11111111111111
    [modal] => R
    [tipoFrete] => 1
    [cepOrigem] => 96412830
    [cepDestino] => 28611235
    [vlrMercadoria] => 288.00
    [peso] => 2.50
    [cubagem] => Array
        (
            [0] => Array
                (
                    [largura] => 0.40
                    [altura] => 0.08
                    [comprimento] => 0.30
                    [volumes] => 1
                )

            [1] => Array
                (
                    [largura] => 0.45
                    [altura] => 0.07
                    [comprimento] => 0.45
                    [volumes] => 1
                )

        )

    [volumes] => 2
)

06-15-2022 @ 23:18:23 - Braspress Braspress - Rodoviário resposta 200: {"id":172282811,"prazo":6,"totalFrete":86.23}
06-15-2022 @ 23:21:42 - Braspress Braspress - Rodoviário envio: Array
(
    [cnpjRemetente] => 27399462000180
    [cnpjDestinatario] => 11111111111111
    [modal] => R
    [tipoFrete] => 1
    [cepOrigem] => 96412830
    [cepDestino] => 28611235
    [vlrMercadoria] => 397.00
    [peso] => 2.90
    [cubagem] => Array
        (
            [0] => Array
                (
                    [largura] => 0.40
                    [altura] => 0.08
                    [comprimento] => 0.30
                    [volumes] => 1
                )

            [1] => Array
                (
                    [largura] => 0.45
                    [altura] => 0.07
                    [comprimento] => 0.45
                    [volumes] => 1
                )

            [2] => Array
                (
                    [largura] => 0.23
                    [altura] => 0.10
                    [comprimento] => 0.30
                    [volumes] => 1
                )

        )

    [volumes] => 3
)

06-15-2022 @ 23:21:42 - Braspress Braspress - Rodoviário resposta 200: {"id":172283053,"prazo":6,"totalFrete":86.98}
06-15-2022 @ 23:28:38 - Braspress Braspress - Rodoviário envio: Array
(
    [cnpjRemetente] => 27399462000180
    [cnpjDestinatario] => 11111111111111
    [modal] => R
    [tipoFrete] => 1
    [cepOrigem] => 96412830
    [cepDestino] => 30350710
    [vlrMercadoria] => 159.00
    [peso] => 1.50
    [cubagem] => Array
        (
            [0] => Array
                (
                    [largura] => 0.40
                    [altura] => 0.08
                    [comprimento] => 0.30
                    [volumes] => 1
                )

        )

    [volumes] => 1
)

06-15-2022 @ 23:28:38 - Braspress Braspress - Rodoviário resposta 200: {"id":172283520,"prazo":4,"totalFrete":82.53}
06-15-2022 @ 23:30:33 - Braspress Braspress - Rodoviário envio: Array
(
    [cnpjRemetente] => 27399462000180
    [cnpjDestinatario] => 11111111111111
    [modal] => R
    [tipoFrete] => 1
    [cepOrigem] => 96412830
    [cepDestino] => 28611235
    [vlrMercadoria] => 586.00
    [peso] => 4.90
    [cubagem] => Array
        (
            [0] => Array
                (
                    [largura] => 0.40
                    [altura] => 0.08
                    [comprimento] => 0.30
                    [volumes] => 1
                )

            [1] => Array
                (
                    [largura] => 0.45
                    [altura] => 0.07
                    [comprimento] => 0.45
                    [volumes] => 1
                )

            [2] => Array
                (
                    [largura] => 0.23
                    [altura] => 0.10
                    [comprimento] => 0.30
                    [volumes] => 1
                )

            [3] => Array
                (
                    [largura] => 0.35
                    [altura] => 0.10
                    [comprimento] => 0.40
                    [volumes] => 1
                )

        )

    [volumes] => 4
)

06-15-2022 @ 23:30:33 - Braspress Braspress - Rodoviário resposta 200: {"id":172283644,"prazo":6,"totalFrete":98.2}
06-15-2022 @ 23:31:19 - Braspress Braspress - Rodoviário envio: Array
(
    [cnpjRemetente] => 27399462000180
    [cnpjDestinatario] => 11111111111111
    [modal] => R
    [tipoFrete] => 1
    [cepOrigem] => 96412830
    [cepDestino] => 28611235
    [vlrMercadoria] => 715.00
    [peso] => 5.90
    [cubagem] => Array
        (
            [0] => Array
                (
                    [largura] => 0.40
                    [altura] => 0.08
                    [comprimento] => 0.30
                    [volumes] => 1
                )

            [1] => Array
                (
                    [largura] => 0.45
                    [altura] => 0.07
                    [comprimento] => 0.45
                    [volumes] => 1
                )

            [2] => Array
                (
                    [largura] => 0.23
                    [altura] => 0.10
                    [comprimento] => 0.30
                    [volumes] => 1
                )

            [3] => Array
                (
                    [largura] => 0.35
                    [altura] => 0.10
                    [comprimento] => 0.40
                    [volumes] => 1
                )

            [4] => Array
                (
                    [largura] => 0.45
                    [altura] => 0.07
                    [comprimento] => 0.45
                    [volumes] => 1
                )

        )

    [volumes] => 5
)

06-15-2022 @ 23:31:19 - Braspress Braspress - Rodoviário resposta 200: {"id":172283692,"prazo":6,"totalFrete":99.08}
06-15-2022 @ 23:31:35 - Braspress Braspress - Rodoviário envio: Array
(
    [cnpjRemetente] => 27399462000180
    [cnpjDestinatario] => 11111111111111
    [modal] => R
    [tipoFrete] => 1
    [cepOrigem] => 96412830
    [cepDestino] => 28611235
    [vlrMercadoria] => 556.00
    [peso] => 4.40
    [cubagem] => Array
        (
            [0] => Array
                (
                    [largura] => 0.45
                    [altura] => 0.07
                    [comprimento] => 0.45
                    [volumes] => 1
                )

            [1] => Array
                (
                    [largura] => 0.23
                    [altura] => 0.10
                    [comprimento] => 0.30
                    [volumes] => 1
                )

            [2] => Array
                (
                    [largura] => 0.35
                    [altura] => 0.10
                    [comprimento] => 0.40
                    [volumes] => 1
                )

            [3] => Array
                (
                    [largura] => 0.45
                    [altura] => 0.07
                    [comprimento] => 0.45
                    [volumes] => 1
                )

        )

    [volumes] => 4
)

06-15-2022 @ 23:31:35 - Braspress Braspress - Rodoviário resposta 200: {"id":172283710,"prazo":6,"totalFrete":98.01}
06-15-2022 @ 23:31:52 - Braspress Braspress - Rodoviário envio: Array
(
    [cnpjRemetente] => 27399462000180
    [cnpjDestinatario] => 11111111111111
    [modal] => R
    [tipoFrete] => 1
    [cepOrigem] => 96412830
    [cepDestino] => 28611235
    [vlrMercadoria] => 427.00
    [peso] => 3.40
    [cubagem] => Array
        (
            [0] => Array
                (
                    [largura] => 0.23
                    [altura] => 0.10
                    [comprimento] => 0.30
                    [volumes] => 1
                )

            [1] => Array
                (
                    [largura] => 0.35
                    [altura] => 0.10
                    [comprimento] => 0.40
                    [volumes] => 1
                )

            [2] => Array
                (
                    [largura] => 0.45
                    [altura] => 0.07
                    [comprimento] => 0.45
                    [volumes] => 1
                )

        )

    [volumes] => 3
)

06-15-2022 @ 23:31:52 - Braspress Braspress - Rodoviário resposta 200: {"id":172283720,"prazo":6,"totalFrete":87.18}
06-15-2022 @ 23:32:17 - Braspress Braspress - Rodoviário envio: Array
(
    [cnpjRemetente] => 27399462000180
    [cnpjDestinatario] => 11111111111111
    [modal] => R
    [tipoFrete] => 1
    [cepOrigem] => 96412830
    [cepDestino] => 28611235
    [vlrMercadoria] => 318.00
    [peso] => 3.00
    [cubagem] => Array
        (
            [0] => Array
                (
                    [largura] => 0.35
                    [altura] => 0.10
                    [comprimento] => 0.40
                    [volumes] => 1
                )

            [1] => Array
                (
                    [largura] => 0.45
                    [altura] => 0.07
                    [comprimento] => 0.45
                    [volumes] => 1
                )

        )

    [volumes] => 2
)

06-15-2022 @ 23:32:17 - Braspress Braspress - Rodoviário resposta 200: {"id":172283743,"prazo":6,"totalFrete":86.45}
06-15-2022 @ 23:35:48 - Braspress Braspress - Rodoviário envio: Array
(
    [cnpjRemetente] => 27399462000180
    [cnpjDestinatario] => 15056933732
    [modal] => R
    [tipoFrete] => 1
    [cepOrigem] => 96412830
    [cepDestino] => 28611235
    [vlrMercadoria] => 318.00
    [peso] => 3.00
    [cubagem] => Array
        (
            [0] => Array
                (
                    [largura] => 0.35
                    [altura] => 0.10
                    [comprimento] => 0.40
                    [volumes] => 1
                )

            [1] => Array
                (
                    [largura] => 0.45
                    [altura] => 0.07
                    [comprimento] => 0.45
                    [volumes] => 1
                )

        )

    [volumes] => 2
)

06-15-2022 @ 23:35:48 - Braspress Braspress - Rodoviário resposta 200: {"id":172283956,"prazo":6,"totalFrete":86.45}
06-15-2022 @ 23:35:52 - Braspress Braspress - Rodoviário envio: Array
(
    [cnpjRemetente] => 27399462000180
    [cnpjDestinatario] => 15056933732
    [modal] => R
    [tipoFrete] => 1
    [cepOrigem] => 96412830
    [cepDestino] => 28611235
    [vlrMercadoria] => 318.00
    [peso] => 3.00
    [cubagem] => Array
        (
            [0] => Array
                (
                    [largura] => 0.35
                    [altura] => 0.10
                    [comprimento] => 0.40
                    [volumes] => 1
                )

            [1] => Array
                (
                    [largura] => 0.45
                    [altura] => 0.07
                    [comprimento] => 0.45
                    [volumes] => 1
                )

        )

    [volumes] => 2
)

06-15-2022 @ 23:35:52 - Braspress Braspress - Rodoviário resposta 200: {"id":172283961,"prazo":6,"totalFrete":86.45}
06-15-2022 @ 23:38:19 - Braspress Braspress - Rodoviário envio: Array
(
    [cnpjRemetente] => 27399462000180
    [cnpjDestinatario] => 11111111111111
    [modal] => R
    [tipoFrete] => 1
    [cepOrigem] => 96412830
    [cepDestino] => 28611235
    [vlrMercadoria] => 427.00
    [peso] => 3.40
    [cubagem] => Array
        (
            [0] => Array
                (
                    [largura] => 0.35
                    [altura] => 0.10
                    [comprimento] => 0.40
                    [volumes] => 1
                )

            [1] => Array
                (
                    [largura] => 0.45
                    [altura] => 0.07
                    [comprimento] => 0.45
                    [volumes] => 1
                )

            [2] => Array
                (
                    [largura] => 0.23
                    [altura] => 0.10
                    [comprimento] => 0.30
                    [volumes] => 1
                )

        )

    [volumes] => 3
)

06-15-2022 @ 23:38:19 - Braspress Braspress - Rodoviário resposta 502: <html>
<head><title>502 Bad Gateway</title></head>
<body>
<center><h1>502 Bad Gateway</h1></center>
<hr><center>nginx</center>
</body>
</html>

06-15-2022 @ 23:38:19 - Braspress Braspress - Rodoviário erro: 
06-15-2022 @ 23:38:22 - Braspress Braspress - Rodoviário envio: Array
(
    [cnpjRemetente] => 27399462000180
    [cnpjDestinatario] => 11111111111111
    [modal] => R
    [tipoFrete] => 1
    [cepOrigem] => 96412830
    [cepDestino] => 28611235
    [vlrMercadoria] => 427.00
    [peso] => 3.40
    [cubagem] => Array
        (
            [0] => Array
                (
                    [largura] => 0.35
                    [altura] => 0.10
                    [comprimento] => 0.40
                    [volumes] => 1
                )

            [1] => Array
                (
                    [largura] => 0.45
                    [altura] => 0.07
                    [comprimento] => 0.45
                    [volumes] => 1
                )

            [2] => Array
                (
                    [largura] => 0.23
                    [altura] => 0.10
                    [comprimento] => 0.30
                    [volumes] => 1
                )

        )

    [volumes] => 3
)

06-15-2022 @ 23:38:22 - Braspress Braspress - Rodoviário resposta 200: {"id":172284108,"prazo":6,"totalFrete":87.18}
06-15-2022 @ 23:38:57 - Braspress Braspress - Rodoviário envio: Array
(
    [cnpjRemetente] => 27399462000180
    [cnpjDestinatario] => 11111111111111
    [modal] => R
    [tipoFrete] => 1
    [cepOrigem] => 96412830
    [cepDestino] => 28611235
    [vlrMercadoria] => 318.00
    [peso] => 3.00
    [cubagem] => Array
        (
            [0] => Array
                (
                    [largura] => 0.35
                    [altura] => 0.10
                    [comprimento] => 0.40
                    [volumes] => 1
                )

            [1] => Array
                (
                    [largura] => 0.45
                    [altura] => 0.07
                    [comprimento] => 0.45
                    [volumes] => 1
                )

        )

    [volumes] => 2
)

06-15-2022 @ 23:38:57 - Braspress Braspress - Rodoviário resposta 200: {"id":172284150,"prazo":6,"totalFrete":86.45}
06-15-2022 @ 23:39:18 - Braspress Braspress - Rodoviário envio: Array
(
    [cnpjRemetente] => 27399462000180
    [cnpjDestinatario] => 11111111111111
    [modal] => R
    [tipoFrete] => 1
    [cepOrigem] => 96412830
    [cepDestino] => 28611235
    [vlrMercadoria] => 427.00
    [peso] => 3.40
    [cubagem] => Array
        (
            [0] => Array
                (
                    [largura] => 0.35
                    [altura] => 0.10
                    [comprimento] => 0.40
                    [volumes] => 1
                )

            [1] => Array
                (
                    [largura] => 0.45
                    [altura] => 0.07
                    [comprimento] => 0.45
                    [volumes] => 1
                )

            [2] => Array
                (
                    [largura] => 0.23
                    [altura] => 0.10
                    [comprimento] => 0.30
                    [volumes] => 1
                )

        )

    [volumes] => 3
)

06-15-2022 @ 23:39:18 - Braspress Braspress - Rodoviário resposta 200: {"id":172284168,"prazo":6,"totalFrete":87.18}
06-15-2022 @ 23:39:45 - Braspress Braspress - Rodoviário envio: Array
(
    [cnpjRemetente] => 27399462000180
    [cnpjDestinatario] => 11111111111111
    [modal] => R
    [tipoFrete] => 1
    [cepOrigem] => 96412830
    [cepDestino] => 28611235
    [vlrMercadoria] => 318.00
    [peso] => 3.00
    [cubagem] => Array
        (
            [0] => Array
                (
                    [largura] => 0.35
                    [altura] => 0.10
                    [comprimento] => 0.40
                    [volumes] => 1
                )

            [1] => Array
                (
                    [largura] => 0.45
                    [altura] => 0.07
                    [comprimento] => 0.45
                    [volumes] => 1
                )

        )

    [volumes] => 2
)

06-15-2022 @ 23:39:45 - Braspress Braspress - Rodoviário resposta 200: {"id":172284184,"prazo":6,"totalFrete":86.45}
06-15-2022 @ 23:41:02 - Braspress Braspress - Rodoviário envio: Array
(
    [cnpjRemetente] => 27399462000180
    [cnpjDestinatario] => 11111111111111
    [modal] => R
    [tipoFrete] => 1
    [cepOrigem] => 96412830
    [cepDestino] => 28611235
    [vlrMercadoria] => 427.00
    [peso] => 3.40
    [cubagem] => Array
        (
            [0] => Array
                (
                    [largura] => 0.35
                    [altura] => 0.10
                    [comprimento] => 0.40
                    [volumes] => 1
                )

            [1] => Array
                (
                    [largura] => 0.45
                    [altura] => 0.07
                    [comprimento] => 0.45
                    [volumes] => 1
                )

            [2] => Array
                (
                    [largura] => 0.23
                    [altura] => 0.10
                    [comprimento] => 0.30
                    [volumes] => 1
                )

        )

    [volumes] => 3
)

06-15-2022 @ 23:41:02 - Braspress Braspress - Rodoviário resposta 200: {"id":172284262,"prazo":6,"totalFrete":87.18}
06-15-2022 @ 23:42:06 - Braspress Braspress - Rodoviário envio: Array
(
    [cnpjRemetente] => 27399462000180
    [cnpjDestinatario] => 15056933732
    [modal] => R
    [tipoFrete] => 1
    [cepOrigem] => 96412830
    [cepDestino] => 28611235
    [vlrMercadoria] => 427.00
    [peso] => 3.40
    [cubagem] => Array
        (
            [0] => Array
                (
                    [largura] => 0.35
                    [altura] => 0.10
                    [comprimento] => 0.40
                    [volumes] => 1
                )

            [1] => Array
                (
                    [largura] => 0.45
                    [altura] => 0.07
                    [comprimento] => 0.45
                    [volumes] => 1
                )

            [2] => Array
                (
                    [largura] => 0.23
                    [altura] => 0.10
                    [comprimento] => 0.30
                    [volumes] => 1
                )

        )

    [volumes] => 3
)

06-15-2022 @ 23:42:06 - Braspress Braspress - Rodoviário resposta 200: {"id":172284324,"prazo":6,"totalFrete":87.18}
06-16-2022 @ 00:51:20 - Braspress Braspress - Rodoviário envio: Array
(
    [cnpjRemetente] => 27399462000180
    [cnpjDestinatario] => 11111111111111
    [modal] => R
    [tipoFrete] => 1
    [cepOrigem] => 96412830
    [cepDestino] => 86870000
    [vlrMercadoria] => 99.00
    [peso] => 1.00
    [cubagem] => Array
        (
            [0] => Array
                (
                    [largura] => 0.27
                    [altura] => 0.10
                    [comprimento] => 0.27
                    [volumes] => 1
                )

        )

    [volumes] => 1
)

06-16-2022 @ 00:51:20 - Braspress Braspress - Rodoviário resposta 200: {"id":172287673,"prazo":8,"totalFrete":51.0}
06-16-2022 @ 01:09:21 - Braspress Braspress - Rodoviário envio: Array
(
    [cnpjRemetente] => 27399462000180
    [cnpjDestinatario] => 11111111111111
    [modal] => R
    [tipoFrete] => 1
    [cepOrigem] => 96412830
    [cepDestino] => 13473714
    [vlrMercadoria] => 339.00
    [peso] => 6.00
    [cubagem] => Array
        (
            [0] => Array
                (
                    [largura] => 0.55
                    [altura] => 0.20
                    [comprimento] => 0.80
                    [volumes] => 1
                )

        )

    [volumes] => 1
)

06-16-2022 @ 01:09:21 - Braspress Braspress - Rodoviário resposta 200: {"id":172288262,"prazo":4,"totalFrete":114.18}
06-16-2022 @ 01:22:24 - Braspress Braspress - Rodoviário envio: Array
(
    [cnpjRemetente] => 27399462000180
    [cnpjDestinatario] => 29855937864
    [modal] => R
    [tipoFrete] => 1
    [cepOrigem] => 96412830
    [cepDestino] => 08599620
    [vlrMercadoria] => 98.00
    [peso] => 2.00
    [cubagem] => Array
        (
            [0] => Array
                (
                    [largura] => 0.25
                    [altura] => 0.05
                    [comprimento] => 0.30
                    [volumes] => 2
                )

        )

    [volumes] => 2
)

06-16-2022 @ 01:22:24 - Braspress Braspress - Rodoviário resposta 200: {"id":172288720,"prazo":5,"totalFrete":104.3}
06-16-2022 @ 01:22:28 - Braspress Braspress - Rodoviário envio: Array
(
    [cnpjRemetente] => 27399462000180
    [cnpjDestinatario] => 29855937864
    [modal] => R
    [tipoFrete] => 1
    [cepOrigem] => 96412830
    [cepDestino] => 08599620
    [vlrMercadoria] => 98.00
    [peso] => 2.00
    [cubagem] => Array
        (
            [0] => Array
                (
                    [largura] => 0.25
                    [altura] => 0.05
                    [comprimento] => 0.30
                    [volumes] => 2
                )

        )

    [volumes] => 2
)

06-16-2022 @ 01:22:28 - Braspress Braspress - Rodoviário resposta 200: {"id":172288722,"prazo":5,"totalFrete":104.3}
06-16-2022 @ 07:48:02 - Braspress Braspress - Rodoviário envio: Array
(
    [cnpjRemetente] => 27399462000180
    [cnpjDestinatario] => 11111111111111
    [modal] => R
    [tipoFrete] => 1
    [cepOrigem] => 96412830
    [cepDestino] => 27690000
    [vlrMercadoria] => 359.00
    [peso] => 8.00
    [cubagem] => Array
        (
            [0] => Array
                (
                    [largura] => 0.37
                    [altura] => 0.70
                    [comprimento] => 0.42
                    [volumes] => 1
                )

        )

    [volumes] => 1
)

06-16-2022 @ 07:48:02 - Braspress Braspress - Rodoviário resposta 200: {"id":172295274,"prazo":8,"totalFrete":85.36}
06-16-2022 @ 08:14:22 - Braspress Braspress - Rodoviário envio: Array
(
    [cnpjRemetente] => 27399462000180
    [cnpjDestinatario] => 11111111111111
    [modal] => R
    [tipoFrete] => 1
    [cepOrigem] => 96412830
    [cepDestino] => 99725000
    [vlrMercadoria] => 799.00
    [peso] => 5.00
    [cubagem] => Array
        (
            [0] => Array
                (
                    [largura] => 0.40
                    [altura] => 0.12
                    [comprimento] => 0.50
                    [volumes] => 1
                )

        )

    [volumes] => 1
)

06-16-2022 @ 08:14:22 - Braspress Braspress - Rodoviário resposta 200: {"id":172296308,"prazo":6,"totalFrete":40.82}
06-16-2022 @ 09:15:00 - Braspress Braspress - Rodoviário envio: Array
(
    [cnpjRemetente] => 27399462000180
    [cnpjDestinatario] => 11111111111111
    [modal] => R
    [tipoFrete] => 1
    [cepOrigem] => 96412830
    [cepDestino] => 97105070
    [vlrMercadoria] => 578.00
    [peso] => 3.00
    [cubagem] => Array
        (
            [0] => Array
                (
                    [largura] => 0.30
                    [altura] => 0.20
                    [comprimento] => 0.30
                    [volumes] => 2
                )

        )

    [volumes] => 2
)

06-16-2022 @ 09:15:00 - Braspress Braspress - Rodoviário resposta 200: {"id":172299419,"prazo":1,"totalFrete":70.39}
06-16-2022 @ 09:15:54 - Braspress Braspress - Rodoviário envio: Array
(
    [cnpjRemetente] => 27399462000180
    [cnpjDestinatario] => 11111111111111
    [modal] => R
    [tipoFrete] => 1
    [cepOrigem] => 96412830
    [cepDestino] => 97105070
    [vlrMercadoria] => 578.00
    [peso] => 3.00
    [cubagem] => Array
        (
            [0] => Array
                (
                    [largura] => 0.30
                    [altura] => 0.20
                    [comprimento] => 0.30
                    [volumes] => 2
                )

        )

    [volumes] => 2
)

06-16-2022 @ 09:15:54 - Braspress Braspress - Rodoviário resposta 200: {"id":172299490,"prazo":1,"totalFrete":70.39}
06-16-2022 @ 09:20:32 - Braspress Braspress - Rodoviário envio: Array
(
    [cnpjRemetente] => 27399462000180
    [cnpjDestinatario] => 01893520005
    [modal] => R
    [tipoFrete] => 1
    [cepOrigem] => 96412830
    [cepDestino] => 97105070
    [vlrMercadoria] => 578.00
    [peso] => 3.00
    [cubagem] => Array
        (
            [0] => Array
                (
                    [largura] => 0.30
                    [altura] => 0.20
                    [comprimento] => 0.30
                    [volumes] => 2
                )

        )

    [volumes] => 2
)

06-16-2022 @ 09:20:32 - Braspress Braspress - Rodoviário resposta 200: {"id":172299785,"prazo":1,"totalFrete":70.39}
06-16-2022 @ 09:20:37 - Braspress Braspress - Rodoviário envio: Array
(
    [cnpjRemetente] => 27399462000180
    [cnpjDestinatario] => 01893520005
    [modal] => R
    [tipoFrete] => 1
    [cepOrigem] => 96412830
    [cepDestino] => 97105070
    [vlrMercadoria] => 578.00
    [peso] => 3.00
    [cubagem] => Array
        (
            [0] => Array
                (
                    [largura] => 0.30
                    [altura] => 0.20
                    [comprimento] => 0.30
                    [volumes] => 2
                )

        )

    [volumes] => 2
)

06-16-2022 @ 09:20:37 - Braspress Braspress - Rodoviário resposta 200: {"id":172299790,"prazo":1,"totalFrete":70.39}
06-16-2022 @ 09:20:41 - Braspress Braspress - Rodoviário envio: Array
(
    [cnpjRemetente] => 27399462000180
    [cnpjDestinatario] => 01893520005
    [modal] => R
    [tipoFrete] => 1
    [cepOrigem] => 96412830
    [cepDestino] => 97105070
    [vlrMercadoria] => 578.00
    [peso] => 3.00
    [cubagem] => Array
        (
            [0] => Array
                (
                    [largura] => 0.30
                    [altura] => 0.20
                    [comprimento] => 0.30
                    [volumes] => 2
                )

        )

    [volumes] => 2
)

06-16-2022 @ 09:20:41 - Braspress Braspress - Rodoviário resposta 200: {"id":172299793,"prazo":1,"totalFrete":70.39}
06-16-2022 @ 09:21:30 - Braspress Braspress - Rodoviário envio: Array
(
    [cnpjRemetente] => 27399462000180
    [cnpjDestinatario] => 11111111111111
    [modal] => R
    [tipoFrete] => 1
    [cepOrigem] => 96412830
    [cepDestino] => 25740360
    [vlrMercadoria] => 2519.00
    [peso] => 10.00
    [cubagem] => Array
        (
            [0] => Array
                (
                    [largura] => 0.70
                    [altura] => 0.25
                    [comprimento] => 0.60
                    [volumes] => 1
                )

        )

    [volumes] => 1
)

06-16-2022 @ 09:21:30 - Braspress Braspress - Rodoviário resposta 200: {"id":172299869,"prazo":4,"totalFrete":155.84}
06-16-2022 @ 09:29:59 - Braspress Braspress - Rodoviário envio: Array
(
    [cnpjRemetente] => 27399462000180
    [cnpjDestinatario] => 11111111111111
    [modal] => R
    [tipoFrete] => 1
    [cepOrigem] => 96412830
    [cepDestino] => 86701400
    [vlrMercadoria] => 49.00
    [peso] => 1.00
    [cubagem] => Array
        (
            [0] => Array
                (
                    [largura] => 0.25
                    [altura] => 0.05
                    [comprimento] => 0.30
                    [volumes] => 1
                )

        )

    [volumes] => 1
)

06-16-2022 @ 09:29:59 - Braspress Braspress - Rodoviário resposta 200: {"id":172300458,"prazo":5,"totalFrete":79.69}
06-16-2022 @ 10:19:57 - Braspress Braspress - Rodoviário envio: Array
(
    [cnpjRemetente] => 27399462000180
    [cnpjDestinatario] => 07510448735
    [modal] => R
    [tipoFrete] => 1
    [cepOrigem] => 96412830
    [cepDestino] => 29304775
    [vlrMercadoria] => 619.00
    [peso] => 5.00
    [cubagem] => Array
        (
            [0] => Array
                (
                    [largura] => 0.40
                    [altura] => 0.12
                    [comprimento] => 0.50
                    [volumes] => 1
                )

        )

    [volumes] => 1
)

06-16-2022 @ 10:19:57 - Braspress Braspress - Rodoviário resposta 200: {"id":172304728,"prazo":4,"totalFrete":86.24}
06-16-2022 @ 10:23:34 - Braspress Braspress - Rodoviário envio: Array
(
    [cnpjRemetente] => 27399462000180
    [cnpjDestinatario] => 07510448735
    [modal] => R
    [tipoFrete] => 1
    [cepOrigem] => 96412830
    [cepDestino] => 29304775
    [vlrMercadoria] => 808.00
    [peso] => 6.50
    [cubagem] => Array
        (
            [0] => Array
                (
                    [largura] => 0.40
                    [altura] => 0.12
                    [comprimento] => 0.50
                    [volumes] => 1
                )

            [1] => Array
                (
                    [largura] => 0.40
                    [altura] => 0.08
                    [comprimento] => 0.30
                    [volumes] => 1
                )

        )

    [volumes] => 2
)

06-16-2022 @ 10:23:34 - Braspress Braspress - Rodoviário resposta 200: {"id":172305023,"prazo":4,"totalFrete":87.72}
06-16-2022 @ 10:25:27 - Braspress Braspress - Rodoviário envio: Array
(
    [cnpjRemetente] => 27399462000180
    [cnpjDestinatario] => 07510448735
    [modal] => R
    [tipoFrete] => 1
    [cepOrigem] => 96412830
    [cepDestino] => 29304775
    [vlrMercadoria] => 808.00
    [peso] => 6.50
    [cubagem] => Array
        (
            [0] => Array
                (
                    [largura] => 0.40
                    [altura] => 0.12
                    [comprimento] => 0.50
                    [volumes] => 1
                )

            [1] => Array
                (
                    [largura] => 0.40
                    [altura] => 0.08
                    [comprimento] => 0.30
                    [volumes] => 1
                )

        )

    [volumes] => 2
)

06-16-2022 @ 10:25:27 - Braspress Braspress - Rodoviário resposta 200: {"id":172305173,"prazo":4,"totalFrete":87.72}
06-16-2022 @ 11:36:13 - Braspress Braspress - Rodoviário envio: Array
(
    [cnpjRemetente] => 27399462000180
    [cnpjDestinatario] => 11111111111111
    [modal] => R
    [tipoFrete] => 1
    [cepOrigem] => 96412830
    [cepDestino] => 19814391
    [vlrMercadoria] => 239.00
    [peso] => 3.00
    [cubagem] => Array
        (
            [0] => Array
                (
                    [largura] => 0.35
                    [altura] => 0.33
                    [comprimento] => 0.35
                    [volumes] => 1
                )

        )

    [volumes] => 1
)

06-16-2022 @ 11:36:13 - Braspress Braspress - Rodoviário resposta 200: {"id":172311831,"prazo":5,"totalFrete":69.78}
06-16-2022 @ 11:38:20 - Braspress Braspress - Rodoviário envio: Array
(
    [cnpjRemetente] => 27399462000180
    [cnpjDestinatario] => 25258616800
    [modal] => R
    [tipoFrete] => 1
    [cepOrigem] => 96412830
    [cepDestino] => 19814391
    [vlrMercadoria] => 239.00
    [peso] => 3.00
    [cubagem] => Array
        (
            [0] => Array
                (
                    [largura] => 0.35
                    [altura] => 0.33
                    [comprimento] => 0.35
                    [volumes] => 1
                )

        )

    [volumes] => 1
)

06-16-2022 @ 11:38:20 - Braspress Braspress - Rodoviário resposta 200: {"id":172312049,"prazo":5,"totalFrete":69.78}
06-16-2022 @ 11:38:24 - Braspress Braspress - Rodoviário envio: Array
(
    [cnpjRemetente] => 27399462000180
    [cnpjDestinatario] => 25258616800
    [modal] => R
    [tipoFrete] => 1
    [cepOrigem] => 96412830
    [cepDestino] => 19814391
    [vlrMercadoria] => 239.00
    [peso] => 3.00
    [cubagem] => Array
        (
            [0] => Array
                (
                    [largura] => 0.35
                    [altura] => 0.33
                    [comprimento] => 0.35
                    [volumes] => 1
                )

        )

    [volumes] => 1
)

06-16-2022 @ 11:38:24 - Braspress Braspress - Rodoviário resposta 200: {"id":172312059,"prazo":5,"totalFrete":69.78}
06-16-2022 @ 11:38:35 - Braspress Braspress - Rodoviário envio: Array
(
    [cnpjRemetente] => 27399462000180
    [cnpjDestinatario] => 25258616800
    [modal] => R
    [tipoFrete] => 1
    [cepOrigem] => 96412830
    [cepDestino] => 19814391
    [vlrMercadoria] => 239.00
    [peso] => 3.00
    [cubagem] => Array
        (
            [0] => Array
                (
                    [largura] => 0.35
                    [altura] => 0.33
                    [comprimento] => 0.35
                    [volumes] => 1
                )

        )

    [volumes] => 1
)

06-16-2022 @ 11:38:35 - Braspress Braspress - Rodoviário resposta 200: {"id":172312072,"prazo":5,"totalFrete":69.78}
06-16-2022 @ 11:49:40 - Braspress Braspress - Rodoviário envio: Array
(
    [cnpjRemetente] => 27399462000180
    [cnpjDestinatario] => 32207288803
    [modal] => R
    [tipoFrete] => 1
    [cepOrigem] => 96412830
    [cepDestino] => 13274610
    [vlrMercadoria] => 198.00
    [peso] => 2.00
    [cubagem] => Array
        (
            [0] => Array
                (
                    [largura] => 0.27
                    [altura] => 0.10
                    [comprimento] => 0.27
                    [volumes] => 2
                )

        )

    [volumes] => 2
)

06-16-2022 @ 11:49:40 - Braspress Braspress - Rodoviário resposta 200: {"id":172313070,"prazo":3,"totalFrete":56.69}
06-16-2022 @ 11:49:43 - Braspress Braspress - Rodoviário envio: Array
(
    [cnpjRemetente] => 27399462000180
    [cnpjDestinatario] => 32207288803
    [modal] => R
    [tipoFrete] => 1
    [cepOrigem] => 96412830
    [cepDestino] => 13274610
    [vlrMercadoria] => 198.00
    [peso] => 2.00
    [cubagem] => Array
        (
            [0] => Array
                (
                    [largura] => 0.27
                    [altura] => 0.10
                    [comprimento] => 0.27
                    [volumes] => 2
                )

        )

    [volumes] => 2
)

06-16-2022 @ 11:49:43 - Braspress Braspress - Rodoviário resposta 200: {"id":172313074,"prazo":3,"totalFrete":56.69}
06-16-2022 @ 12:23:14 - Braspress Braspress - Rodoviário envio: Array
(
    [cnpjRemetente] => 27399462000180
    [cnpjDestinatario] => 14773518847
    [modal] => R
    [tipoFrete] => 1
    [cepOrigem] => 96412830
    [cepDestino] => 05716110
    [vlrMercadoria] => 289.00
    [peso] => 1.50
    [cubagem] => Array
        (
            [0] => Array
                (
                    [largura] => 0.30
                    [altura] => 0.20
                    [comprimento] => 0.30
                    [volumes] => 1
                )

        )

    [volumes] => 1
)

06-16-2022 @ 12:23:14 - Braspress Braspress - Rodoviário resposta 200: {"id":172316090,"prazo":4,"totalFrete":105.97}
06-16-2022 @ 12:23:18 - Braspress Braspress - Rodoviário envio: Array
(
    [cnpjRemetente] => 27399462000180
    [cnpjDestinatario] => 14773518847
    [modal] => R
    [tipoFrete] => 1
    [cepOrigem] => 96412830
    [cepDestino] => 05716110
    [vlrMercadoria] => 289.00
    [peso] => 1.50
    [cubagem] => Array
        (
            [0] => Array
                (
                    [largura] => 0.30
                    [altura] => 0.20
                    [comprimento] => 0.30
                    [volumes] => 1
                )

        )

    [volumes] => 1
)

06-16-2022 @ 12:23:18 - Braspress Braspress - Rodoviário resposta 200: {"id":172316099,"prazo":4,"totalFrete":105.97}
06-16-2022 @ 12:23:21 - Braspress Braspress - Rodoviário envio: Array
(
    [cnpjRemetente] => 27399462000180
    [cnpjDestinatario] => 14773518847
    [modal] => R
    [tipoFrete] => 1
    [cepOrigem] => 96412830
    [cepDestino] => 05716110
    [vlrMercadoria] => 289.00
    [peso] => 1.50
    [cubagem] => Array
        (
            [0] => Array
                (
                    [largura] => 0.30
                    [altura] => 0.20
                    [comprimento] => 0.30
                    [volumes] => 1
                )

        )

    [volumes] => 1
)

06-16-2022 @ 12:23:21 - Braspress Braspress - Rodoviário resposta 200: {"id":172316108,"prazo":4,"totalFrete":105.97}
06-16-2022 @ 12:38:41 - Braspress Braspress - Rodoviário envio: Array
(
    [cnpjRemetente] => 27399462000180
    [cnpjDestinatario] => 11111111111111
    [modal] => R
    [tipoFrete] => 1
    [cepOrigem] => 96412830
    [cepDestino] => 02415001
    [vlrMercadoria] => 499.00
    [peso] => 3.50
    [cubagem] => Array
        (
            [0] => Array
                (
                    [largura] => 0.50
                    [altura] => 0.10
                    [comprimento] => 0.40
                    [volumes] => 1
                )

        )

    [volumes] => 1
)

06-16-2022 @ 12:38:41 - Braspress Braspress - Rodoviário resposta 200: {"id":172317214,"prazo":4,"totalFrete":107.78}
06-16-2022 @ 14:50:37 - Braspress Braspress - Rodoviário envio: Array
(
    [cnpjRemetente] => 27399462000180
    [cnpjDestinatario] => 11111111111111
    [modal] => R
    [tipoFrete] => 1
    [cepOrigem] => 96412830
    [cepDestino] => 14404011
    [vlrMercadoria] => 189.00
    [peso] => 3.00
    [cubagem] => Array
        (
            [0] => Array
                (
                    [largura] => 0.30
                    [altura] => 0.10
                    [comprimento] => 0.30
                    [volumes] => 1
                )

        )

    [volumes] => 1
)

06-16-2022 @ 14:50:37 - Braspress Braspress - Rodoviário resposta 200: {"id":172328781,"prazo":4,"totalFrete":56.65}
06-16-2022 @ 14:52:36 - Braspress Braspress - Rodoviário envio: Array
(
    [cnpjRemetente] => 27399462000180
    [cnpjDestinatario] => 04559291900
    [modal] => R
    [tipoFrete] => 1
    [cepOrigem] => 96412830
    [cepDestino] => 87045020
    [vlrMercadoria] => 619.00
    [peso] => 5.00
    [cubagem] => Array
        (
            [0] => Array
                (
                    [largura] => 0.40
                    [altura] => 0.12
                    [comprimento] => 0.50
                    [volumes] => 1
                )

        )

    [volumes] => 1
)

06-16-2022 @ 14:52:36 - Braspress Braspress - Rodoviário resposta 200: {"id":172328935,"prazo":4,"totalFrete":80.43}
06-16-2022 @ 14:52:42 - Braspress Braspress - Rodoviário envio: Array
(
    [cnpjRemetente] => 27399462000180
    [cnpjDestinatario] => 04559291900
    [modal] => R
    [tipoFrete] => 1
    [cepOrigem] => 96412830
    [cepDestino] => 87045020
    [vlrMercadoria] => 619.00
    [peso] => 5.00
    [cubagem] => Array
        (
            [0] => Array
                (
                    [largura] => 0.40
                    [altura] => 0.12
                    [comprimento] => 0.50
                    [volumes] => 1
                )

        )

    [volumes] => 1
)

06-16-2022 @ 14:52:42 - Braspress Braspress - Rodoviário resposta 200: {"id":172328947,"prazo":4,"totalFrete":80.43}
06-16-2022 @ 15:24:24 - Braspress Braspress - Rodoviário envio: Array
(
    [cnpjRemetente] => 27399462000180
    [cnpjDestinatario] => 11111111111111
    [modal] => R
    [tipoFrete] => 1
    [cepOrigem] => 96412830
    [cepDestino] => 03122020
    [vlrMercadoria] => 49.00
    [peso] => 1.00
    [cubagem] => Array
        (
            [0] => Array
                (
                    [largura] => 0.25
                    [altura] => 0.05
                    [comprimento] => 0.30
                    [volumes] => 1
                )

        )

    [volumes] => 1
)

06-16-2022 @ 15:24:24 - Braspress Braspress - Rodoviário resposta 200: {"id":172331846,"prazo":4,"totalFrete":103.88}
06-16-2022 @ 15:40:56 - Braspress Braspress - Rodoviário envio: Array
(
    [cnpjRemetente] => 27399462000180
    [cnpjDestinatario] => 11111111111111
    [modal] => R
    [tipoFrete] => 1
    [cepOrigem] => 96412830
    [cepDestino] => 97015050
    [vlrMercadoria] => 2879.00
    [peso] => 20.00
    [cubagem] => Array
        (
            [0] => Array
                (
                    [largura] => 0.65
                    [altura] => 0.20
                    [comprimento] => 0.70
                    [volumes] => 1
                )

        )

    [volumes] => 1
)

06-16-2022 @ 15:40:56 - Braspress Braspress - Rodoviário resposta 200: {"id":172333360,"prazo":1,"totalFrete":87.73}
06-16-2022 @ 15:47:35 - Braspress Braspress - Rodoviário envio: Array
(
    [cnpjRemetente] => 27399462000180
    [cnpjDestinatario] => 11111111111111
    [modal] => R
    [tipoFrete] => 1
    [cepOrigem] => 96412830
    [cepDestino] => 12281150
    [vlrMercadoria] => 1059.00
    [peso] => 7.00
    [cubagem] => Array
        (
            [0] => Array
                (
                    [largura] => 0.50
                    [altura] => 0.12
                    [comprimento] => 0.50
                    [volumes] => 1
                )

        )

    [volumes] => 1
)

06-16-2022 @ 15:47:35 - Braspress Braspress - Rodoviário resposta 200: {"id":172334014,"prazo":4,"totalFrete":64.88}
06-16-2022 @ 16:49:32 - Braspress Braspress - Rodoviário envio: Array
(
    [cnpjRemetente] => 27399462000180
    [cnpjDestinatario] => 11111111111111
    [modal] => R
    [tipoFrete] => 1
    [cepOrigem] => 96412830
    [cepDestino] => 48108000
    [vlrMercadoria] => 399.00
    [peso] => 3.00
    [cubagem] => Array
        (
            [0] => Array
                (
                    [largura] => 0.30
                    [altura] => 0.10
                    [comprimento] => 0.40
                    [volumes] => 1
                )

        )

    [volumes] => 1
)

06-16-2022 @ 16:49:32 - Braspress Braspress - Rodoviário resposta 200: {"id":172338809,"prazo":14,"totalFrete":106.26}
06-16-2022 @ 18:05:32 - Braspress Braspress - Rodoviário envio: Array
(
    [cnpjRemetente] => 27399462000180
    [cnpjDestinatario] => 11111111111111
    [modal] => R
    [tipoFrete] => 1
    [cepOrigem] => 96412830
    [cepDestino] => 80420080
    [vlrMercadoria] => 1329.00
    [peso] => 8.00
    [cubagem] => Array
        (
            [0] => Array
                (
                    [largura] => 0.50
                    [altura] => 0.15
                    [comprimento] => 0.60
                    [volumes] => 1
                )

        )

    [volumes] => 1
)

06-16-2022 @ 18:05:32 - Braspress Braspress - Rodoviário resposta 200: {"id":172345361,"prazo":3,"totalFrete":87.05}
06-16-2022 @ 18:09:06 - Braspress Braspress - Rodoviário envio: Array
(
    [cnpjRemetente] => 27399462000180
    [cnpjDestinatario] => 11111111111111
    [modal] => R
    [tipoFrete] => 1
    [cepOrigem] => 96412830
    [cepDestino] => 88338460
    [vlrMercadoria] => 799.00
    [peso] => 5.00
    [cubagem] => Array
        (
            [0] => Array
                (
                    [largura] => 0.40
                    [altura] => 0.12
                    [comprimento] => 0.50
                    [volumes] => 1
                )

        )

    [volumes] => 1
)

06-16-2022 @ 18:09:06 - Braspress Braspress - Rodoviário resposta 200: {"id":172345680,"prazo":3,"totalFrete":79.43}
06-16-2022 @ 18:43:08 - Braspress Braspress - Rodoviário envio: Array
(
    [cnpjRemetente] => 27399462000180
    [cnpjDestinatario] => 11111111111111
    [modal] => R
    [tipoFrete] => 1
    [cepOrigem] => 96412830
    [cepDestino] => 35065006
    [vlrMercadoria] => 429.00
    [peso] => 10.00
    [cubagem] => Array
        (
            [0] => Array
                (
                    [largura] => 0.70
                    [altura] => 0.42
                    [comprimento] => 0.70
                    [volumes] => 1
                )

        )

    [volumes] => 1
)

06-16-2022 @ 18:43:08 - Braspress Braspress - Rodoviário resposta 200: {"id":172348493,"prazo":6,"totalFrete":108.33}
06-16-2022 @ 20:42:03 - Braspress Braspress - Rodoviário envio: Array
(
    [cnpjRemetente] => 27399462000180
    [cnpjDestinatario] => 11111111111111
    [modal] => R
    [tipoFrete] => 1
    [cepOrigem] => 96412830
    [cepDestino] => 35400000
    [vlrMercadoria] => 129.00
    [peso] => 1.25
    [cubagem] => Array
        (
            [0] => Array
                (
                    [largura] => 0.40
                    [altura] => 0.15
                    [comprimento] => 0.40
                    [volumes] => 1
                )

        )

    [volumes] => 1
)

06-16-2022 @ 20:42:03 - Braspress Braspress - Rodoviário resposta 200: {"id":172358281,"prazo":7,"totalFrete":92.03}
06-16-2022 @ 20:50:06 - Braspress Braspress - Rodoviário envio: Array
(
    [cnpjRemetente] => 27399462000180
    [cnpjDestinatario] => 11111111111111
    [modal] => R
    [tipoFrete] => 1
    [cepOrigem] => 96412830
    [cepDestino] => 35400000
    [vlrMercadoria] => 318.00
    [peso] => 2.25
    [cubagem] => Array
        (
            [0] => Array
                (
                    [largura] => 0.40
                    [altura] => 0.15
                    [comprimento] => 0.40
                    [volumes] => 1
                )

            [1] => Array
                (
                    [largura] => 0.25
                    [altura] => 0.05
                    [comprimento] => 0.30
                    [volumes] => 1
                )

        )

    [volumes] => 2
)

06-16-2022 @ 20:50:06 - Braspress Braspress - Rodoviário resposta 200: {"id":172359031,"prazo":7,"totalFrete":93.3}
