03-25-2022 @ 21:26:52 - Braspress Braspress - Rodoviário envio: Array
(
    [cnpjRemetente] => 27399462000180
    [cnpjDestinatario] => 11111111111111
    [modal] => R
    [tipoFrete] => 1
    [cepOrigem] => 96412830
    [cepDestino] => 01034000
    [vlrMercadoria] => 759.00
    [peso] => 4.50
    [cubagem] => Array
        (
            [0] => Array
                (
                    [largura] => 0.35
                    [altura] => 0.10
                    [comprimento] => 0.40
                    [volumes] => 1
                )

        )

    [volumes] => 1
)

03-25-2022 @ 21:26:52 - Braspress Braspress - Rodoviário resposta 200: {"id":160881377,"prazo":4,"totalFrete":110.03}
03-25-2022 @ 22:09:45 - Braspress Braspress - Rodoviário envio: Array
(
    [cnpjRemetente] => 27399462000180
    [cnpjDestinatario] => 11111111111111
    [modal] => R
    [tipoFrete] => 1
    [cepOrigem] => 96412830
    [cepDestino] => 06543385
    [vlrMercadoria] => 359.00
    [peso] => 8.00
    [cubagem] => Array
        (
            [0] => Array
                (
                    [largura] => 0.37
                    [altura] => 0.70
                    [comprimento] => 0.42
                    [volumes] => 1
                )

        )

    [volumes] => 1
)

03-25-2022 @ 22:09:45 - Braspress Braspress - Rodoviário resposta 200: {"id":160884590,"prazo":5,"totalFrete":139.45}
03-25-2022 @ 22:19:11 - Braspress Braspress - Rodoviário envio: Array
(
    [cnpjRemetente] => 27399462000180
    [cnpjDestinatario] => 11111111111111
    [modal] => R
    [tipoFrete] => 1
    [cepOrigem] => 96412830
    [cepDestino] => 33500000
    [vlrMercadoria] => 1539.00
    [peso] => 13.00
    [cubagem] => Array
        (
            [0] => Array
                (
                    [largura] => 0.65
                    [altura] => 0.15
                    [comprimento] => 0.60
                    [volumes] => 1
                )

        )

    [volumes] => 1
)

03-25-2022 @ 22:19:11 - Braspress Braspress - Rodoviário resposta 200: {"id":160885313,"prazo":5,"totalFrete":112.42}
03-26-2022 @ 00:33:52 - Braspress Braspress - Rodoviário envio: Array
(
    [cnpjRemetente] => 27399462000180
    [cnpjDestinatario] => 06129845324
    [modal] => R
    [tipoFrete] => 1
    [cepOrigem] => 96412830
    [cepDestino] => 14883356
    [vlrMercadoria] => 509.00
    [peso] => 3.00
    [cubagem] => Array
        (
            [0] => Array
                (
                    [largura] => 0.35
                    [altura] => 0.15
                    [comprimento] => 0.40
                    [volumes] => 1
                )

        )

    [volumes] => 1
)

03-26-2022 @ 00:33:52 - Braspress Braspress - Rodoviário resposta 200: {"id":160892040,"prazo":5,"totalFrete":176.51}
03-26-2022 @ 00:33:56 - Braspress Braspress - Rodoviário envio: Array
(
    [cnpjRemetente] => 27399462000180
    [cnpjDestinatario] => 06129845324
    [modal] => R
    [tipoFrete] => 1
    [cepOrigem] => 96412830
    [cepDestino] => 14883356
    [vlrMercadoria] => 509.00
    [peso] => 3.00
    [cubagem] => Array
        (
            [0] => Array
                (
                    [largura] => 0.35
                    [altura] => 0.15
                    [comprimento] => 0.40
                    [volumes] => 1
                )

        )

    [volumes] => 1
)

03-26-2022 @ 00:33:56 - Braspress Braspress - Rodoviário resposta 200: {"id":160892042,"prazo":5,"totalFrete":176.51}
03-26-2022 @ 08:49:21 - Braspress Braspress - Rodoviário envio: Array
(
    [cnpjRemetente] => 27399462000180
    [cnpjDestinatario] => 11111111111111
    [modal] => R
    [tipoFrete] => 1
    [cepOrigem] => 96412830
    [cepDestino] => 01239010
    [vlrMercadoria] => 1659.00
    [peso] => 11.00
    [cubagem] => Array
        (
            [0] => Array
                (
                    [largura] => 0.60
                    [altura] => 0.15
                    [comprimento] => 0.60
                    [volumes] => 1
                )

        )

    [volumes] => 1
)

03-26-2022 @ 08:49:21 - Braspress Braspress - Rodoviário resposta 401: {"statusCode":403,"message":"Authentication failed","dateTime":"26/03/2022 08:49:21","errorList":null}

03-26-2022 @ 08:49:21 - Braspress Braspress - Rodoviário erro: Array
(
    [statusCode] => 403
    [message] => Authentication failed
    [dateTime] => 26/03/2022 08:49:21
    [errorList] => 
    [ambiente] => https://api.braspress.com/v1/cotacao/calcular/json
)

03-26-2022 @ 10:00:25 - Braspress Braspress - Rodoviário envio: Array
(
    [cnpjRemetente] => 27399462000180
    [cnpjDestinatario] => 11111111111111
    [modal] => R
    [tipoFrete] => 1
    [cepOrigem] => 96412830
    [cepDestino] => 80420200
    [vlrMercadoria] => 109.00
    [peso] => 0.40
    [cubagem] => Array
        (
            [0] => Array
                (
                    [largura] => 0.23
                    [altura] => 0.10
                    [comprimento] => 0.30
                    [volumes] => 1
                )

        )

    [volumes] => 1
)

03-26-2022 @ 10:00:25 - Braspress Braspress - Rodoviário resposta 200: {"id":160908237,"prazo":3,"totalFrete":73.68}
03-26-2022 @ 10:49:16 - Braspress Braspress - Rodoviário envio: Array
(
    [cnpjRemetente] => 27399462000180
    [cnpjDestinatario] => 11111111111111
    [modal] => R
    [tipoFrete] => 1
    [cepOrigem] => 96412830
    [cepDestino] => 03308030
    [vlrMercadoria] => 579.00
    [peso] => 4.00
    [cubagem] => Array
        (
            [0] => Array
                (
                    [largura] => 0.50
                    [altura] => 0.10
                    [comprimento] => 0.40
                    [volumes] => 1
                )

        )

    [volumes] => 1
)

03-26-2022 @ 10:49:16 - Braspress Braspress - Rodoviário resposta 200: {"id":160912618,"prazo":4,"totalFrete":108.48}
03-26-2022 @ 11:44:41 - Braspress Braspress - Rodoviário envio: Array
(
    [cnpjRemetente] => 27399462000180
    [cnpjDestinatario] => 11111111111111
    [modal] => R
    [tipoFrete] => 1
    [cepOrigem] => 96412830
    [cepDestino] => 29900060
    [vlrMercadoria] => 49.00
    [peso] => 1.00
    [cubagem] => Array
        (
            [0] => Array
                (
                    [largura] => 0.33
                    [altura] => 0.10
                    [comprimento] => 0.25
                    [volumes] => 1
                )

        )

    [volumes] => 1
)

03-26-2022 @ 11:44:41 - Braspress Braspress - Rodoviário resposta 500: {"statusCode":500,"message":"Erro interno","dateTime":"26/03/2022 11:44:41","errorList":["Could not open JPA EntityManager for transaction; nested exception is org.hibernate.exception.JDBCConnectionException: Unable to acquire JDBC Connection"]}
03-26-2022 @ 11:44:41 - Braspress Braspress - Rodoviário erro: Array
(
    [statusCode] => 500
    [message] => Erro interno
    [dateTime] => 26/03/2022 11:44:41
    [errorList] => Array
        (
            [0] => Could not open JPA EntityManager for transaction; nested exception is org.hibernate.exception.JDBCConnectionException: Unable to acquire JDBC Connection
        )

    [ambiente] => https://api.braspress.com/v1/cotacao/calcular/json
)

03-26-2022 @ 11:47:34 - Braspress Braspress - Rodoviário envio: Array
(
    [cnpjRemetente] => 27399462000180
    [cnpjDestinatario] => 11111111111111
    [modal] => R
    [tipoFrete] => 1
    [cepOrigem] => 96412830
    [cepDestino] => 29900060
    [vlrMercadoria] => 49.00
    [peso] => 1.00
    [cubagem] => Array
        (
            [0] => Array
                (
                    [largura] => 0.33
                    [altura] => 0.10
                    [comprimento] => 0.25
                    [volumes] => 1
                )

        )

    [volumes] => 1
)

03-26-2022 @ 11:47:34 - Braspress Braspress - Rodoviário resposta 200: {"id":160918146,"prazo":6,"totalFrete":56.71}
03-26-2022 @ 12:11:32 - Braspress Braspress - Rodoviário envio: Array
(
    [cnpjRemetente] => 27399462000180
    [cnpjDestinatario] => 11111111111111
    [modal] => R
    [tipoFrete] => 1
    [cepOrigem] => 96412830
    [cepDestino] => 88134770
    [vlrMercadoria] => 490.00
    [peso] => 4.00
    [cubagem] => Array
        (
            [0] => Array
                (
                    [largura] => 0.35
                    [altura] => 0.10
                    [comprimento] => 0.40
                    [volumes] => 1
                )

        )

    [volumes] => 1
)

03-26-2022 @ 12:11:32 - Braspress Braspress - Rodoviário resposta 500: {"statusCode":500,"message":"Erro interno","dateTime":"26/03/2022 12:11:32","errorList":["Could not open JPA EntityManager for transaction; nested exception is org.hibernate.exception.JDBCConnectionException: Unable to acquire JDBC Connection"]}
03-26-2022 @ 12:11:32 - Braspress Braspress - Rodoviário erro: Array
(
    [statusCode] => 500
    [message] => Erro interno
    [dateTime] => 26/03/2022 12:11:32
    [errorList] => Array
        (
            [0] => Could not open JPA EntityManager for transaction; nested exception is org.hibernate.exception.JDBCConnectionException: Unable to acquire JDBC Connection
        )

    [ambiente] => https://api.braspress.com/v1/cotacao/calcular/json
)

03-26-2022 @ 12:11:38 - Braspress Braspress - Rodoviário envio: Array
(
    [cnpjRemetente] => 27399462000180
    [cnpjDestinatario] => 11111111111111
    [modal] => R
    [tipoFrete] => 1
    [cepOrigem] => 96412830
    [cepDestino] => 88134770
    [vlrMercadoria] => 490.00
    [peso] => 4.00
    [cubagem] => Array
        (
            [0] => Array
                (
                    [largura] => 0.35
                    [altura] => 0.10
                    [comprimento] => 0.40
                    [volumes] => 1
                )

        )

    [volumes] => 1
)

03-26-2022 @ 12:11:38 - Braspress Braspress - Rodoviário resposta 200: {"id":160920011,"prazo":4,"totalFrete":44.93}
03-26-2022 @ 12:34:18 - Braspress Braspress - Rodoviário envio: Array
(
    [cnpjRemetente] => 27399462000180
    [cnpjDestinatario] => 11111111111111
    [modal] => R
    [tipoFrete] => 1
    [cepOrigem] => 96412830
    [cepDestino] => 14020640
    [vlrMercadoria] => 619.00
    [peso] => 9.00
    [cubagem] => Array
        (
            [0] => Array
                (
                    [largura] => 0.68
                    [altura] => 0.20
                    [comprimento] => 0.40
                    [volumes] => 1
                )

        )

    [volumes] => 1
)

03-26-2022 @ 12:34:18 - Braspress Braspress - Rodoviário resposta 200: {"id":160921636,"prazo":4,"totalFrete":98.43}
03-26-2022 @ 12:34:37 - Braspress Braspress - Rodoviário envio: Array
(
    [cnpjRemetente] => 27399462000180
    [cnpjDestinatario] => 11111111111111
    [modal] => R
    [tipoFrete] => 1
    [cepOrigem] => 96412830
    [cepDestino] => 14020640
    [vlrMercadoria] => 619.00
    [peso] => 9.00
    [cubagem] => Array
        (
            [0] => Array
                (
                    [largura] => 0.68
                    [altura] => 0.20
                    [comprimento] => 0.40
                    [volumes] => 1
                )

        )

    [volumes] => 1
)

03-26-2022 @ 12:34:37 - Braspress Braspress - Rodoviário resposta 500: {"statusCode":500,"message":"Erro interno","dateTime":"26/03/2022 12:34:37","errorList":["Could not open JPA EntityManager for transaction; nested exception is org.hibernate.exception.JDBCConnectionException: Unable to acquire JDBC Connection"]}
03-26-2022 @ 12:34:37 - Braspress Braspress - Rodoviário erro: Array
(
    [statusCode] => 500
    [message] => Erro interno
    [dateTime] => 26/03/2022 12:34:37
    [errorList] => Array
        (
            [0] => Could not open JPA EntityManager for transaction; nested exception is org.hibernate.exception.JDBCConnectionException: Unable to acquire JDBC Connection
        )

    [ambiente] => https://api.braspress.com/v1/cotacao/calcular/json
)

03-26-2022 @ 12:46:14 - Braspress Braspress - Rodoviário envio: Array
(
    [cnpjRemetente] => 27399462000180
    [cnpjDestinatario] => 11111111111111
    [modal] => R
    [tipoFrete] => 1
    [cepOrigem] => 96412830
    [cepDestino] => 88062250
    [vlrMercadoria] => 269.00
    [peso] => 3.50
    [cubagem] => Array
        (
            [0] => Array
                (
                    [largura] => 0.35
                    [altura] => 0.45
                    [comprimento] => 0.35
                    [volumes] => 1
                )

        )

    [volumes] => 1
)

03-26-2022 @ 12:46:14 - Braspress Braspress - Rodoviário resposta 200: {"id":160922806,"prazo":4,"totalFrete":80.49}
03-26-2022 @ 13:06:20 - Braspress Braspress - Rodoviário envio: Array
(
    [cnpjRemetente] => 27399462000180
    [cnpjDestinatario] => 11111111111111
    [modal] => R
    [tipoFrete] => 1
    [cepOrigem] => 96412830
    [cepDestino] => 96640000
    [vlrMercadoria] => 490.00
    [peso] => 4.00
    [cubagem] => Array
        (
            [0] => Array
                (
                    [largura] => 0.35
                    [altura] => 0.10
                    [comprimento] => 0.40
                    [volumes] => 1
                )

        )

    [volumes] => 1
)

03-26-2022 @ 13:06:20 - Braspress Braspress - Rodoviário resposta 200: {"id":160924351,"prazo":3,"totalFrete":39.72}
03-26-2022 @ 13:13:04 - Braspress Braspress - Rodoviário envio: Array
(
    [cnpjRemetente] => 27399462000180
    [cnpjDestinatario] => 11111111111111
    [modal] => R
    [tipoFrete] => 1
    [cepOrigem] => 96412830
    [cepDestino] => 30350590
    [vlrMercadoria] => 259.00
    [peso] => 1.00
    [cubagem] => Array
        (
            [0] => Array
                (
                    [largura] => 0.25
                    [altura] => 0.20
                    [comprimento] => 0.30
                    [volumes] => 1
                )

        )

    [volumes] => 1
)

03-26-2022 @ 13:13:04 - Braspress Braspress - Rodoviário resposta 200: {"id":160924776,"prazo":4,"totalFrete":83.15}
03-26-2022 @ 13:29:20 - Braspress Braspress - Rodoviário envio: Array
(
    [cnpjRemetente] => 27399462000180
    [cnpjDestinatario] => 11111111111111
    [modal] => R
    [tipoFrete] => 1
    [cepOrigem] => 96412830
    [cepDestino] => 37545000
    [vlrMercadoria] => 490.00
    [peso] => 4.00
    [cubagem] => Array
        (
            [0] => Array
                (
                    [largura] => 0.35
                    [altura] => 0.10
                    [comprimento] => 0.40
                    [volumes] => 1
                )

        )

    [volumes] => 1
)

03-26-2022 @ 13:29:20 - Braspress Braspress - Rodoviário resposta 401: {"statusCode":403,"message":"Authentication failed","dateTime":"26/03/2022 13:29:20","errorList":null}

03-26-2022 @ 13:29:20 - Braspress Braspress - Rodoviário erro: Array
(
    [statusCode] => 403
    [message] => Authentication failed
    [dateTime] => 26/03/2022 13:29:20
    [errorList] => 
    [ambiente] => https://api.braspress.com/v1/cotacao/calcular/json
)

03-26-2022 @ 13:51:20 - Braspress Braspress - Rodoviário envio: Array
(
    [cnpjRemetente] => 27399462000180
    [cnpjDestinatario] => 11111111111111
    [modal] => R
    [tipoFrete] => 1
    [cepOrigem] => 96412830
    [cepDestino] => 88190000
    [vlrMercadoria] => 99.00
    [peso] => 1.00
    [cubagem] => Array
        (
            [0] => Array
                (
                    [largura] => 0.27
                    [altura] => 0.10
                    [comprimento] => 0.27
                    [volumes] => 1
                )

        )

    [volumes] => 1
)

03-26-2022 @ 13:51:20 - Braspress Braspress - Rodoviário resposta 200: {"id":160927339,"prazo":5,"totalFrete":43.21}
03-26-2022 @ 14:37:47 - Braspress Braspress - Rodoviário envio: Array
(
    [cnpjRemetente] => 27399462000180
    [cnpjDestinatario] => 11111111111111
    [modal] => R
    [tipoFrete] => 1
    [cepOrigem] => 96412830
    [cepDestino] => 38444321
    [vlrMercadoria] => 2099.00
    [peso] => 8.00
    [cubagem] => Array
        (
            [0] => Array
                (
                    [largura] => 0.50
                    [altura] => 0.20
                    [comprimento] => 0.60
                    [volumes] => 1
                )

        )

    [volumes] => 1
)

03-26-2022 @ 14:37:47 - Braspress Braspress - Rodoviário resposta 200: {"id":160930563,"prazo":6,"totalFrete":113.3}
03-26-2022 @ 15:02:46 - Braspress Braspress - Rodoviário envio: Array
(
    [cnpjRemetente] => 27399462000180
    [cnpjDestinatario] => 11111111111111
    [modal] => R
    [tipoFrete] => 1
    [cepOrigem] => 96412830
    [cepDestino] => 99150000
    [vlrMercadoria] => 2319.00
    [peso] => 15.00
    [cubagem] => Array
        (
            [0] => Array
                (
                    [largura] => 0.70
                    [altura] => 0.18
                    [comprimento] => 0.65
                    [volumes] => 1
                )

        )

    [volumes] => 1
)

03-26-2022 @ 15:02:46 - Braspress Braspress - Rodoviário resposta 401: {"statusCode":403,"message":"Authentication failed","dateTime":"26/03/2022 15:02:46","errorList":null}

03-26-2022 @ 15:02:46 - Braspress Braspress - Rodoviário erro: Array
(
    [statusCode] => 403
    [message] => Authentication failed
    [dateTime] => 26/03/2022 15:02:46
    [errorList] => 
    [ambiente] => https://api.braspress.com/v1/cotacao/calcular/json
)

03-26-2022 @ 15:22:45 - Braspress Braspress - Rodoviário envio: Array
(
    [cnpjRemetente] => 27399462000180
    [cnpjDestinatario] => 11111111111111
    [modal] => R
    [tipoFrete] => 1
    [cepOrigem] => 96412830
    [cepDestino] => 89223262
    [vlrMercadoria] => 189.00
    [peso] => 1.00
    [cubagem] => Array
        (
            [0] => Array
                (
                    [largura] => 0.20
                    [altura] => 0.10
                    [comprimento] => 0.25
                    [volumes] => 1
                )

        )

    [volumes] => 1
)

03-26-2022 @ 15:22:45 - Braspress Braspress - Rodoviário resposta 200: {"id":160934115,"prazo":4,"totalFrete":76.61}
03-26-2022 @ 15:25:14 - Braspress Braspress - Rodoviário envio: Array
(
    [cnpjRemetente] => 27399462000180
    [cnpjDestinatario] => 11111111111111
    [modal] => R
    [tipoFrete] => 1
    [cepOrigem] => 96412830
    [cepDestino] => 20541155
    [vlrMercadoria] => 1329.00
    [peso] => 8.00
    [cubagem] => Array
        (
            [0] => Array
                (
                    [largura] => 0.50
                    [altura] => 0.15
                    [comprimento] => 0.60
                    [volumes] => 1
                )

        )

    [volumes] => 1
)

03-26-2022 @ 15:25:14 - Braspress Braspress - Rodoviário resposta 200: {"id":160934331,"prazo":4,"totalFrete":119.04}
03-26-2022 @ 15:34:37 - Braspress Braspress - Rodoviário envio: Array
(
    [cnpjRemetente] => 27399462000180
    [cnpjDestinatario] => 11111111111111
    [modal] => R
    [tipoFrete] => 1
    [cepOrigem] => 96412830
    [cepDestino] => 24450200
    [vlrMercadoria] => 409.00
    [peso] => 3.50
    [cubagem] => Array
        (
            [0] => Array
                (
                    [largura] => 0.50
                    [altura] => 0.10
                    [comprimento] => 0.50
                    [volumes] => 1
                )

        )

    [volumes] => 1
)

03-26-2022 @ 15:34:37 - Braspress Braspress - Rodoviário resposta 200: {"id":160935204,"prazo":4,"totalFrete":100.69}
03-26-2022 @ 15:57:58 - Braspress Braspress - Rodoviário envio: Array
(
    [cnpjRemetente] => 27399462000180
    [cnpjDestinatario] => 11111111111111
    [modal] => R
    [tipoFrete] => 1
    [cepOrigem] => 96412830
    [cepDestino] => 89223262
    [vlrMercadoria] => 189.00
    [peso] => 1.00
    [cubagem] => Array
        (
            [0] => Array
                (
                    [largura] => 0.20
                    [altura] => 0.10
                    [comprimento] => 0.25
                    [volumes] => 1
                )

        )

    [volumes] => 1
)

03-26-2022 @ 15:57:58 - Braspress Braspress - Rodoviário resposta 200: {"id":160937035,"prazo":4,"totalFrete":76.61}
03-26-2022 @ 16:43:49 - Braspress Braspress - Rodoviário envio: Array
(
    [cnpjRemetente] => 27399462000180
    [cnpjDestinatario] => 11111111111111
    [modal] => R
    [tipoFrete] => 1
    [cepOrigem] => 96412830
    [cepDestino] => 04125030
    [vlrMercadoria] => 490.00
    [peso] => 4.00
    [cubagem] => Array
        (
            [0] => Array
                (
                    [largura] => 0.35
                    [altura] => 0.10
                    [comprimento] => 0.40
                    [volumes] => 1
                )

        )

    [volumes] => 1
)

03-26-2022 @ 16:43:49 - Braspress Braspress - Rodoviário resposta 200: {"id":160940347,"prazo":4,"totalFrete":107.71}
03-26-2022 @ 17:46:04 - Braspress Braspress - Rodoviário envio: Array
(
    [cnpjRemetente] => 27399462000180
    [cnpjDestinatario] => 11111111111111
    [modal] => R
    [tipoFrete] => 1
    [cepOrigem] => 96412830
    [cepDestino] => 04570050
    [vlrMercadoria] => 409.00
    [peso] => 3.00
    [cubagem] => Array
        (
            [0] => Array
                (
                    [largura] => 0.40
                    [altura] => 0.08
                    [comprimento] => 0.40
                    [volumes] => 1
                )

        )

    [volumes] => 1
)

03-26-2022 @ 17:46:04 - Braspress Braspress - Rodoviário resposta 200: {"id":160944422,"prazo":4,"totalFrete":106.99}
03-26-2022 @ 18:45:03 - Braspress Braspress - Rodoviário envio: Array
(
    [cnpjRemetente] => 27399462000180
    [cnpjDestinatario] => 11111111111111
    [modal] => R
    [tipoFrete] => 1
    [cepOrigem] => 96412830
    [cepDestino] => 02435000
    [vlrMercadoria] => 359.00
    [peso] => 3.00
    [cubagem] => Array
        (
            [0] => Array
                (
                    [largura] => 0.40
                    [altura] => 0.08
                    [comprimento] => 0.40
                    [volumes] => 1
                )

        )

    [volumes] => 1
)

03-26-2022 @ 18:45:03 - Braspress Braspress - Rodoviário resposta 200: {"id":160948206,"prazo":4,"totalFrete":106.56}
03-26-2022 @ 19:04:09 - Braspress Braspress - Rodoviário envio: Array
(
    [cnpjRemetente] => 27399462000180
    [cnpjDestinatario] => 11111111111111
    [modal] => R
    [tipoFrete] => 1
    [cepOrigem] => 96412830
    [cepDestino] => 09041410
    [vlrMercadoria] => 339.00
    [peso] => 3.50
    [cubagem] => Array
        (
            [0] => Array
                (
                    [largura] => 0.45
                    [altura] => 0.45
                    [comprimento] => 0.45
                    [volumes] => 1
                )

        )

    [volumes] => 1
)

03-26-2022 @ 19:04:09 - Braspress Braspress - Rodoviário resposta 200: {"id":160949323,"prazo":5,"totalFrete":139.29}
03-26-2022 @ 19:11:02 - Braspress Braspress - Rodoviário envio: Array
(
    [cnpjRemetente] => 27399462000180
    [cnpjDestinatario] => 11111111111111
    [modal] => R
    [tipoFrete] => 1
    [cepOrigem] => 96412830
    [cepDestino] => 09041410
    [vlrMercadoria] => 678.00
    [peso] => 7.00
    [cubagem] => Array
        (
            [0] => Array
                (
                    [largura] => 0.45
                    [altura] => 0.45
                    [comprimento] => 0.45
                    [volumes] => 1
                )

            [1] => Array
                (
                    [largura] => 0.45
                    [altura] => 0.45
                    [comprimento] => 0.45
                    [volumes] => 1
                )

        )

    [volumes] => 2
)

03-26-2022 @ 19:11:02 - Braspress Braspress - Rodoviário resposta 200: {"id":160949692,"prazo":5,"totalFrete":174.5}
03-26-2022 @ 19:17:31 - Braspress Braspress - Rodoviário envio: Array
(
    [cnpjRemetente] => 27399462000180
    [cnpjDestinatario] => 11111111111111
    [modal] => R
    [tipoFrete] => 1
    [cepOrigem] => 96412830
    [cepDestino] => 09041410
    [vlrMercadoria] => 678.00
    [peso] => 7.00
    [cubagem] => Array
        (
            [0] => Array
                (
                    [largura] => 0.45
                    [altura] => 0.45
                    [comprimento] => 0.45
                    [volumes] => 1
                )

            [1] => Array
                (
                    [largura] => 0.45
                    [altura] => 0.45
                    [comprimento] => 0.45
                    [volumes] => 1
                )

        )

    [volumes] => 2
)

03-26-2022 @ 19:17:31 - Braspress Braspress - Rodoviário resposta 200: {"id":160950035,"prazo":5,"totalFrete":174.5}
03-26-2022 @ 19:17:33 - Braspress Braspress - Rodoviário envio: Array
(
    [cnpjRemetente] => 27399462000180
    [cnpjDestinatario] => 11111111111111
    [modal] => R
    [tipoFrete] => 1
    [cepOrigem] => 96412830
    [cepDestino] => 09041410
    [vlrMercadoria] => 678.00
    [peso] => 7.00
    [cubagem] => Array
        (
            [0] => Array
                (
                    [largura] => 0.45
                    [altura] => 0.45
                    [comprimento] => 0.45
                    [volumes] => 1
                )

            [1] => Array
                (
                    [largura] => 0.45
                    [altura] => 0.45
                    [comprimento] => 0.45
                    [volumes] => 1
                )

        )

    [volumes] => 2
)

03-26-2022 @ 19:17:33 - Braspress Braspress - Rodoviário resposta 200: {"id":160950037,"prazo":5,"totalFrete":174.5}
03-26-2022 @ 20:07:37 - Braspress Braspress - Rodoviário envio: Array
(
    [cnpjRemetente] => 27399462000180
    [cnpjDestinatario] => 11111111111111
    [modal] => R
    [tipoFrete] => 1
    [cepOrigem] => 96412830
    [cepDestino] => 04570050
    [vlrMercadoria] => 667.00
    [peso] => 5.00
    [cubagem] => Array
        (
            [0] => Array
                (
                    [largura] => 0.40
                    [altura] => 0.08
                    [comprimento] => 0.40
                    [volumes] => 1
                )

            [1] => Array
                (
                    [largura] => 0.45
                    [altura] => 0.07
                    [comprimento] => 0.45
                    [volumes] => 2
                )

        )

    [volumes] => 3
)

03-26-2022 @ 20:07:37 - Braspress Braspress - Rodoviário resposta 200: {"id":160953401,"prazo":4,"totalFrete":109.24}
03-26-2022 @ 20:09:15 - Braspress Braspress - Rodoviário envio: Array
(
    [cnpjRemetente] => 27399462000180
    [cnpjDestinatario] => 11111111111111
    [modal] => R
    [tipoFrete] => 1
    [cepOrigem] => 96412830
    [cepDestino] => 98280000
    [vlrMercadoria] => 339.00
    [peso] => 3.50
    [cubagem] => Array
        (
            [0] => Array
                (
                    [largura] => 0.45
                    [altura] => 0.45
                    [comprimento] => 0.45
                    [volumes] => 1
                )

        )

    [volumes] => 1
)

03-26-2022 @ 20:09:15 - Braspress Braspress - Rodoviário resposta 200: {"id":160953574,"prazo":3,"totalFrete":55.48}
03-26-2022 @ 20:09:43 - Braspress Braspress - Rodoviário envio: Array
(
    [cnpjRemetente] => 27399462000180
    [cnpjDestinatario] => 02992889946
    [modal] => R
    [tipoFrete] => 1
    [cepOrigem] => 96412830
    [cepDestino] => 04570050
    [vlrMercadoria] => 667.00
    [peso] => 5.00
    [cubagem] => Array
        (
            [0] => Array
                (
                    [largura] => 0.40
                    [altura] => 0.08
                    [comprimento] => 0.40
                    [volumes] => 1
                )

            [1] => Array
                (
                    [largura] => 0.45
                    [altura] => 0.07
                    [comprimento] => 0.45
                    [volumes] => 2
                )

        )

    [volumes] => 3
)

03-26-2022 @ 20:09:43 - Braspress Braspress - Rodoviário resposta 200: {"id":160953620,"prazo":4,"totalFrete":206.2}
03-26-2022 @ 20:09:49 - Braspress Braspress - Rodoviário envio: Array
(
    [cnpjRemetente] => 27399462000180
    [cnpjDestinatario] => 02992889946
    [modal] => R
    [tipoFrete] => 1
    [cepOrigem] => 96412830
    [cepDestino] => 04570050
    [vlrMercadoria] => 667.00
    [peso] => 5.00
    [cubagem] => Array
        (
            [0] => Array
                (
                    [largura] => 0.40
                    [altura] => 0.08
                    [comprimento] => 0.40
                    [volumes] => 1
                )

            [1] => Array
                (
                    [largura] => 0.45
                    [altura] => 0.07
                    [comprimento] => 0.45
                    [volumes] => 2
                )

        )

    [volumes] => 3
)

03-26-2022 @ 20:09:49 - Braspress Braspress - Rodoviário resposta 200: {"id":160953631,"prazo":4,"totalFrete":206.2}
03-26-2022 @ 20:48:12 - Braspress Braspress - Rodoviário envio: Array
(
    [cnpjRemetente] => 27399462000180
    [cnpjDestinatario] => 11111111111111
    [modal] => R
    [tipoFrete] => 1
    [cepOrigem] => 96412830
    [cepDestino] => 76974000
    [vlrMercadoria] => 799.00
    [peso] => 5.00
    [cubagem] => Array
        (
            [0] => Array
                (
                    [largura] => 0.40
                    [altura] => 0.12
                    [comprimento] => 0.50
                    [volumes] => 1
                )

        )

    [volumes] => 1
)

03-26-2022 @ 20:48:12 - Braspress Braspress - Rodoviário resposta 200: {"id":160956595,"prazo":23,"totalFrete":148.57}
