05-15-2022 @ 21:33:55 - Braspress Braspress - Rodoviário envio: Array
(
    [cnpjRemetente] => 27399462000180
    [cnpjDestinatario] => 11111111111111
    [modal] => R
    [tipoFrete] => 1
    [cepOrigem] => 96412830
    [cepDestino] => 91060100
    [vlrMercadoria] => 209.00
    [peso] => 2.00
    [cubagem] => Array
        (
            [0] => Array
                (
                    [largura] => 0.30
                    [altura] => 0.08
                    [comprimento] => 0.30
                    [volumes] => 1
                )

        )

    [volumes] => 1
)

05-15-2022 @ 21:33:55 - Braspress Braspress - Rodoviário resposta 200: {"id":167809185,"prazo":1,"totalFrete":34.01}
05-15-2022 @ 22:06:28 - Braspress Braspress - Rodoviário envio: Array
(
    [cnpjRemetente] => 27399462000180
    [cnpjDestinatario] => 11111111111111
    [modal] => R
    [tipoFrete] => 1
    [cepOrigem] => 96412830
    [cepDestino] => 03405040
    [vlrMercadoria] => 498.00
    [peso] => 7.00
    [cubagem] => Array
        (
            [0] => Array
                (
                    [largura] => 0.35
                    [altura] => 0.30
                    [comprimento] => 0.35
                    [volumes] => 2
                )

        )

    [volumes] => 2
)

05-15-2022 @ 22:06:28 - Braspress Braspress - Rodoviário resposta 401: {"statusCode":403,"message":"Authentication failed","dateTime":"15/05/2022 22:06:28","errorList":null}

05-15-2022 @ 22:06:28 - Braspress Braspress - Rodoviário erro: Array
(
    [statusCode] => 403
    [message] => Authentication failed
    [dateTime] => 15/05/2022 22:06:28
    [errorList] => 
    [ambiente] => https://api.braspress.com/v1/cotacao/calcular/json
)

05-15-2022 @ 22:07:25 - Braspress Braspress - Rodoviário envio: Array
(
    [cnpjRemetente] => 27399462000180
    [cnpjDestinatario] => 11111111111111
    [modal] => R
    [tipoFrete] => 1
    [cepOrigem] => 96412830
    [cepDestino] => 03405040
    [vlrMercadoria] => 498.00
    [peso] => 7.00
    [cubagem] => Array
        (
            [0] => Array
                (
                    [largura] => 0.35
                    [altura] => 0.30
                    [comprimento] => 0.35
                    [volumes] => 2
                )

        )

    [volumes] => 2
)

05-15-2022 @ 22:07:25 - Braspress Braspress - Rodoviário resposta 401: {"statusCode":403,"message":"Authentication failed","dateTime":"15/05/2022 22:07:24","errorList":null}

05-15-2022 @ 22:07:25 - Braspress Braspress - Rodoviário erro: Array
(
    [statusCode] => 403
    [message] => Authentication failed
    [dateTime] => 15/05/2022 22:07:24
    [errorList] => 
    [ambiente] => https://api.braspress.com/v1/cotacao/calcular/json
)

05-15-2022 @ 22:09:42 - Braspress Braspress - Rodoviário envio: Array
(
    [cnpjRemetente] => 27399462000180
    [cnpjDestinatario] => 12791918809
    [modal] => R
    [tipoFrete] => 1
    [cepOrigem] => 96412830
    [cepDestino] => 03405040
    [vlrMercadoria] => 498.00
    [peso] => 7.00
    [cubagem] => Array
        (
            [0] => Array
                (
                    [largura] => 0.35
                    [altura] => 0.30
                    [comprimento] => 0.35
                    [volumes] => 2
                )

        )

    [volumes] => 2
)

05-15-2022 @ 22:09:42 - Braspress Braspress - Rodoviário resposta 401: {"statusCode":403,"message":"Authentication failed","dateTime":"15/05/2022 22:09:42","errorList":null}

05-15-2022 @ 22:09:42 - Braspress Braspress - Rodoviário erro: Array
(
    [statusCode] => 403
    [message] => Authentication failed
    [dateTime] => 15/05/2022 22:09:42
    [errorList] => 
    [ambiente] => https://api.braspress.com/v1/cotacao/calcular/json
)

05-15-2022 @ 22:10:29 - Braspress Braspress - Rodoviário envio: Array
(
    [cnpjRemetente] => 27399462000180
    [cnpjDestinatario] => 12791918809
    [modal] => R
    [tipoFrete] => 1
    [cepOrigem] => 96412830
    [cepDestino] => 03405040
    [vlrMercadoria] => 498.00
    [peso] => 7.00
    [cubagem] => Array
        (
            [0] => Array
                (
                    [largura] => 0.35
                    [altura] => 0.30
                    [comprimento] => 0.35
                    [volumes] => 2
                )

        )

    [volumes] => 2
)

05-15-2022 @ 22:10:29 - Braspress Braspress - Rodoviário resposta 401: {"statusCode":403,"message":"Authentication failed","dateTime":"15/05/2022 22:10:28","errorList":null}

05-15-2022 @ 22:10:29 - Braspress Braspress - Rodoviário erro: Array
(
    [statusCode] => 403
    [message] => Authentication failed
    [dateTime] => 15/05/2022 22:10:28
    [errorList] => 
    [ambiente] => https://api.braspress.com/v1/cotacao/calcular/json
)

05-15-2022 @ 22:10:41 - Braspress Braspress - Rodoviário envio: Array
(
    [cnpjRemetente] => 27399462000180
    [cnpjDestinatario] => 12791918809
    [modal] => R
    [tipoFrete] => 1
    [cepOrigem] => 96412830
    [cepDestino] => 03405040
    [vlrMercadoria] => 498.00
    [peso] => 7.00
    [cubagem] => Array
        (
            [0] => Array
                (
                    [largura] => 0.35
                    [altura] => 0.30
                    [comprimento] => 0.35
                    [volumes] => 2
                )

        )

    [volumes] => 2
)

05-15-2022 @ 22:10:41 - Braspress Braspress - Rodoviário resposta 200: {"id":167812842,"prazo":4,"totalFrete":140.66}
05-15-2022 @ 22:10:53 - Braspress Braspress - Rodoviário envio: Array
(
    [cnpjRemetente] => 27399462000180
    [cnpjDestinatario] => 12791918809
    [modal] => R
    [tipoFrete] => 1
    [cepOrigem] => 96412830
    [cepDestino] => 03325000
    [vlrMercadoria] => 498.00
    [peso] => 7.00
    [cubagem] => Array
        (
            [0] => Array
                (
                    [largura] => 0.35
                    [altura] => 0.30
                    [comprimento] => 0.35
                    [volumes] => 2
                )

        )

    [volumes] => 2
)

05-15-2022 @ 22:10:53 - Braspress Braspress - Rodoviário resposta 200: {"id":167812861,"prazo":4,"totalFrete":140.66}
05-15-2022 @ 22:11:15 - Braspress Braspress - Rodoviário envio: Array
(
    [cnpjRemetente] => 27399462000180
    [cnpjDestinatario] => 12791918809
    [modal] => R
    [tipoFrete] => 1
    [cepOrigem] => 96412830
    [cepDestino] => 03405040
    [vlrMercadoria] => 498.00
    [peso] => 7.00
    [cubagem] => Array
        (
            [0] => Array
                (
                    [largura] => 0.35
                    [altura] => 0.30
                    [comprimento] => 0.35
                    [volumes] => 2
                )

        )

    [volumes] => 2
)

05-15-2022 @ 22:11:15 - Braspress Braspress - Rodoviário resposta 200: {"id":167812905,"prazo":4,"totalFrete":140.66}
05-15-2022 @ 22:11:27 - Braspress Braspress - Rodoviário envio: Array
(
    [cnpjRemetente] => 27399462000180
    [cnpjDestinatario] => 12791918809
    [modal] => R
    [tipoFrete] => 1
    [cepOrigem] => 96412830
    [cepDestino] => 03405040
    [vlrMercadoria] => 498.00
    [peso] => 7.00
    [cubagem] => Array
        (
            [0] => Array
                (
                    [largura] => 0.35
                    [altura] => 0.30
                    [comprimento] => 0.35
                    [volumes] => 2
                )

        )

    [volumes] => 2
)

05-15-2022 @ 22:11:27 - Braspress Braspress - Rodoviário resposta 200: {"id":167812923,"prazo":4,"totalFrete":140.66}
05-15-2022 @ 22:11:48 - Braspress Braspress - Rodoviário envio: Array
(
    [cnpjRemetente] => 27399462000180
    [cnpjDestinatario] => 12791918809
    [modal] => R
    [tipoFrete] => 1
    [cepOrigem] => 96412830
    [cepDestino] => 03325000
    [vlrMercadoria] => 498.00
    [peso] => 7.00
    [cubagem] => Array
        (
            [0] => Array
                (
                    [largura] => 0.35
                    [altura] => 0.30
                    [comprimento] => 0.35
                    [volumes] => 2
                )

        )

    [volumes] => 2
)

05-15-2022 @ 22:11:48 - Braspress Braspress - Rodoviário resposta 200: {"id":167812962,"prazo":4,"totalFrete":140.66}
05-15-2022 @ 22:12:00 - Braspress Braspress - Rodoviário envio: Array
(
    [cnpjRemetente] => 27399462000180
    [cnpjDestinatario] => 12791918809
    [modal] => R
    [tipoFrete] => 1
    [cepOrigem] => 96412830
    [cepDestino] => 03405040
    [vlrMercadoria] => 498.00
    [peso] => 7.00
    [cubagem] => Array
        (
            [0] => Array
                (
                    [largura] => 0.35
                    [altura] => 0.30
                    [comprimento] => 0.35
                    [volumes] => 2
                )

        )

    [volumes] => 2
)

05-15-2022 @ 22:12:00 - Braspress Braspress - Rodoviário resposta 200: {"id":167812978,"prazo":4,"totalFrete":140.66}
05-15-2022 @ 22:12:12 - Braspress Braspress - Rodoviário envio: Array
(
    [cnpjRemetente] => 27399462000180
    [cnpjDestinatario] => 12791918809
    [modal] => R
    [tipoFrete] => 1
    [cepOrigem] => 96412830
    [cepDestino] => 03405040
    [vlrMercadoria] => 498.00
    [peso] => 7.00
    [cubagem] => Array
        (
            [0] => Array
                (
                    [largura] => 0.35
                    [altura] => 0.30
                    [comprimento] => 0.35
                    [volumes] => 2
                )

        )

    [volumes] => 2
)

05-15-2022 @ 22:12:12 - Braspress Braspress - Rodoviário resposta 200: {"id":167812998,"prazo":4,"totalFrete":140.66}
05-15-2022 @ 22:12:34 - Braspress Braspress - Rodoviário envio: Array
(
    [cnpjRemetente] => 27399462000180
    [cnpjDestinatario] => 12791918809
    [modal] => R
    [tipoFrete] => 1
    [cepOrigem] => 96412830
    [cepDestino] => 03405040
    [vlrMercadoria] => 498.00
    [peso] => 7.00
    [cubagem] => Array
        (
            [0] => Array
                (
                    [largura] => 0.35
                    [altura] => 0.30
                    [comprimento] => 0.35
                    [volumes] => 2
                )

        )

    [volumes] => 2
)

05-15-2022 @ 22:12:34 - Braspress Braspress - Rodoviário resposta 200: {"id":167813035,"prazo":4,"totalFrete":140.66}
05-15-2022 @ 22:12:56 - Braspress Braspress - Rodoviário envio: Array
(
    [cnpjRemetente] => 27399462000180
    [cnpjDestinatario] => 12791918809
    [modal] => R
    [tipoFrete] => 1
    [cepOrigem] => 96412830
    [cepDestino] => 03405040
    [vlrMercadoria] => 498.00
    [peso] => 7.00
    [cubagem] => Array
        (
            [0] => Array
                (
                    [largura] => 0.35
                    [altura] => 0.30
                    [comprimento] => 0.35
                    [volumes] => 2
                )

        )

    [volumes] => 2
)

05-15-2022 @ 22:12:56 - Braspress Braspress - Rodoviário resposta 200: {"id":167813076,"prazo":4,"totalFrete":140.66}
05-15-2022 @ 22:13:17 - Braspress Braspress - Rodoviário envio: Array
(
    [cnpjRemetente] => 27399462000180
    [cnpjDestinatario] => 11111111111111
    [modal] => R
    [tipoFrete] => 1
    [cepOrigem] => 96412830
    [cepDestino] => 03325000
    [vlrMercadoria] => 498.00
    [peso] => 7.00
    [cubagem] => Array
        (
            [0] => Array
                (
                    [largura] => 0.35
                    [altura] => 0.30
                    [comprimento] => 0.35
                    [volumes] => 2
                )

        )

    [volumes] => 2
)

05-15-2022 @ 22:13:17 - Braspress Braspress - Rodoviário resposta 200: {"id":167813112,"prazo":4,"totalFrete":140.66}
05-15-2022 @ 22:14:17 - Braspress Braspress - Rodoviário envio: Array
(
    [cnpjRemetente] => 27399462000180
    [cnpjDestinatario] => 12791918809
    [modal] => R
    [tipoFrete] => 1
    [cepOrigem] => 96412830
    [cepDestino] => 03325000
    [vlrMercadoria] => 498.00
    [peso] => 7.00
    [cubagem] => Array
        (
            [0] => Array
                (
                    [largura] => 0.35
                    [altura] => 0.30
                    [comprimento] => 0.35
                    [volumes] => 2
                )

        )

    [volumes] => 2
)

05-15-2022 @ 22:14:17 - Braspress Braspress - Rodoviário resposta 200: {"id":167813219,"prazo":4,"totalFrete":140.66}
05-15-2022 @ 22:14:39 - Braspress Braspress - Rodoviário envio: Array
(
    [cnpjRemetente] => 27399462000180
    [cnpjDestinatario] => 12791918809
    [modal] => R
    [tipoFrete] => 1
    [cepOrigem] => 96412830
    [cepDestino] => 03325000
    [vlrMercadoria] => 498.00
    [peso] => 7.00
    [cubagem] => Array
        (
            [0] => Array
                (
                    [largura] => 0.35
                    [altura] => 0.30
                    [comprimento] => 0.35
                    [volumes] => 2
                )

        )

    [volumes] => 2
)

05-15-2022 @ 22:14:39 - Braspress Braspress - Rodoviário resposta 200: {"id":167813264,"prazo":4,"totalFrete":140.66}
05-15-2022 @ 22:15:00 - Braspress Braspress - Rodoviário envio: Array
(
    [cnpjRemetente] => 27399462000180
    [cnpjDestinatario] => 12791918809
    [modal] => R
    [tipoFrete] => 1
    [cepOrigem] => 96412830
    [cepDestino] => 03405040
    [vlrMercadoria] => 498.00
    [peso] => 7.00
    [cubagem] => Array
        (
            [0] => Array
                (
                    [largura] => 0.35
                    [altura] => 0.30
                    [comprimento] => 0.35
                    [volumes] => 2
                )

        )

    [volumes] => 2
)

05-15-2022 @ 22:15:00 - Braspress Braspress - Rodoviário resposta 200: {"id":167813308,"prazo":4,"totalFrete":140.66}
05-15-2022 @ 22:15:22 - Braspress Braspress - Rodoviário envio: Array
(
    [cnpjRemetente] => 27399462000180
    [cnpjDestinatario] => 12791918809
    [modal] => R
    [tipoFrete] => 1
    [cepOrigem] => 96412830
    [cepDestino] => 03405040
    [vlrMercadoria] => 498.00
    [peso] => 7.00
    [cubagem] => Array
        (
            [0] => Array
                (
                    [largura] => 0.35
                    [altura] => 0.30
                    [comprimento] => 0.35
                    [volumes] => 2
                )

        )

    [volumes] => 2
)

05-15-2022 @ 22:15:22 - Braspress Braspress - Rodoviário resposta 200: {"id":167813342,"prazo":4,"totalFrete":140.66}
05-15-2022 @ 22:15:43 - Braspress Braspress - Rodoviário envio: Array
(
    [cnpjRemetente] => 27399462000180
    [cnpjDestinatario] => 12791918809
    [modal] => R
    [tipoFrete] => 1
    [cepOrigem] => 96412830
    [cepDestino] => 03405040
    [vlrMercadoria] => 498.00
    [peso] => 7.00
    [cubagem] => Array
        (
            [0] => Array
                (
                    [largura] => 0.35
                    [altura] => 0.30
                    [comprimento] => 0.35
                    [volumes] => 2
                )

        )

    [volumes] => 2
)

05-15-2022 @ 22:15:43 - Braspress Braspress - Rodoviário resposta 200: {"id":167813384,"prazo":4,"totalFrete":140.66}
05-15-2022 @ 22:15:59 - Braspress Braspress - Rodoviário envio: Array
(
    [cnpjRemetente] => 27399462000180
    [cnpjDestinatario] => 12791918809
    [modal] => R
    [tipoFrete] => 1
    [cepOrigem] => 96412830
    [cepDestino] => 03405040
    [vlrMercadoria] => 498.00
    [peso] => 7.00
    [cubagem] => Array
        (
            [0] => Array
                (
                    [largura] => 0.35
                    [altura] => 0.30
                    [comprimento] => 0.35
                    [volumes] => 2
                )

        )

    [volumes] => 2
)

05-15-2022 @ 22:15:59 - Braspress Braspress - Rodoviário resposta 200: {"id":167813412,"prazo":4,"totalFrete":140.66}
05-15-2022 @ 22:16:21 - Braspress Braspress - Rodoviário envio: Array
(
    [cnpjRemetente] => 27399462000180
    [cnpjDestinatario] => 12791918809
    [modal] => R
    [tipoFrete] => 1
    [cepOrigem] => 96412830
    [cepDestino] => 03405040
    [vlrMercadoria] => 498.00
    [peso] => 7.00
    [cubagem] => Array
        (
            [0] => Array
                (
                    [largura] => 0.35
                    [altura] => 0.30
                    [comprimento] => 0.35
                    [volumes] => 2
                )

        )

    [volumes] => 2
)

05-15-2022 @ 22:16:21 - Braspress Braspress - Rodoviário resposta 200: {"id":167813444,"prazo":4,"totalFrete":140.66}
05-15-2022 @ 22:16:43 - Braspress Braspress - Rodoviário envio: Array
(
    [cnpjRemetente] => 27399462000180
    [cnpjDestinatario] => 12791918809
    [modal] => R
    [tipoFrete] => 1
    [cepOrigem] => 96412830
    [cepDestino] => 03405040
    [vlrMercadoria] => 498.00
    [peso] => 7.00
    [cubagem] => Array
        (
            [0] => Array
                (
                    [largura] => 0.35
                    [altura] => 0.30
                    [comprimento] => 0.35
                    [volumes] => 2
                )

        )

    [volumes] => 2
)

05-15-2022 @ 22:16:43 - Braspress Braspress - Rodoviário resposta 200: {"id":167813482,"prazo":4,"totalFrete":140.66}
05-15-2022 @ 22:22:37 - Braspress Braspress - Rodoviário envio: Array
(
    [cnpjRemetente] => 27399462000180
    [cnpjDestinatario] => 11111111111111
    [modal] => R
    [tipoFrete] => 1
    [cepOrigem] => 96412830
    [cepDestino] => 03405040
    [vlrMercadoria] => 498.00
    [peso] => 7.00
    [cubagem] => Array
        (
            [0] => Array
                (
                    [largura] => 0.35
                    [altura] => 0.30
                    [comprimento] => 0.35
                    [volumes] => 2
                )

        )

    [volumes] => 2
)

05-15-2022 @ 22:22:37 - Braspress Braspress - Rodoviário resposta 200: {"id":167814019,"prazo":4,"totalFrete":140.66}
05-15-2022 @ 22:23:53 - Braspress Braspress - Rodoviário envio: Array
(
    [cnpjRemetente] => 27399462000180
    [cnpjDestinatario] => 12791918809
    [modal] => R
    [tipoFrete] => 1
    [cepOrigem] => 96412830
    [cepDestino] => 03325000
    [vlrMercadoria] => 498.00
    [peso] => 7.00
    [cubagem] => Array
        (
            [0] => Array
                (
                    [largura] => 0.35
                    [altura] => 0.30
                    [comprimento] => 0.35
                    [volumes] => 2
                )

        )

    [volumes] => 2
)

05-15-2022 @ 22:23:53 - Braspress Braspress - Rodoviário resposta 200: {"id":167814143,"prazo":4,"totalFrete":140.66}
05-15-2022 @ 22:24:14 - Braspress Braspress - Rodoviário envio: Array
(
    [cnpjRemetente] => 27399462000180
    [cnpjDestinatario] => 12791918809
    [modal] => R
    [tipoFrete] => 1
    [cepOrigem] => 96412830
    [cepDestino] => 03325000
    [vlrMercadoria] => 498.00
    [peso] => 7.00
    [cubagem] => Array
        (
            [0] => Array
                (
                    [largura] => 0.35
                    [altura] => 0.30
                    [comprimento] => 0.35
                    [volumes] => 2
                )

        )

    [volumes] => 2
)

05-15-2022 @ 22:24:14 - Braspress Braspress - Rodoviário resposta 200: {"id":167814173,"prazo":4,"totalFrete":140.66}
05-15-2022 @ 22:24:36 - Braspress Braspress - Rodoviário envio: Array
(
    [cnpjRemetente] => 27399462000180
    [cnpjDestinatario] => 12791918809
    [modal] => R
    [tipoFrete] => 1
    [cepOrigem] => 96412830
    [cepDestino] => 03325000
    [vlrMercadoria] => 498.00
    [peso] => 7.00
    [cubagem] => Array
        (
            [0] => Array
                (
                    [largura] => 0.35
                    [altura] => 0.30
                    [comprimento] => 0.35
                    [volumes] => 2
                )

        )

    [volumes] => 2
)

05-15-2022 @ 22:24:36 - Braspress Braspress - Rodoviário resposta 200: {"id":167814213,"prazo":4,"totalFrete":140.66}
05-15-2022 @ 22:24:57 - Braspress Braspress - Rodoviário envio: Array
(
    [cnpjRemetente] => 27399462000180
    [cnpjDestinatario] => 12791918809
    [modal] => R
    [tipoFrete] => 1
    [cepOrigem] => 96412830
    [cepDestino] => 03405040
    [vlrMercadoria] => 498.00
    [peso] => 7.00
    [cubagem] => Array
        (
            [0] => Array
                (
                    [largura] => 0.35
                    [altura] => 0.30
                    [comprimento] => 0.35
                    [volumes] => 2
                )

        )

    [volumes] => 2
)

05-15-2022 @ 22:24:57 - Braspress Braspress - Rodoviário resposta 200: {"id":167814250,"prazo":4,"totalFrete":140.66}
05-15-2022 @ 22:25:19 - Braspress Braspress - Rodoviário envio: Array
(
    [cnpjRemetente] => 27399462000180
    [cnpjDestinatario] => 12791918809
    [modal] => R
    [tipoFrete] => 1
    [cepOrigem] => 96412830
    [cepDestino] => 03405040
    [vlrMercadoria] => 498.00
    [peso] => 7.00
    [cubagem] => Array
        (
            [0] => Array
                (
                    [largura] => 0.35
                    [altura] => 0.30
                    [comprimento] => 0.35
                    [volumes] => 2
                )

        )

    [volumes] => 2
)

05-15-2022 @ 22:25:19 - Braspress Braspress - Rodoviário resposta 200: {"id":167814281,"prazo":4,"totalFrete":140.66}
05-15-2022 @ 23:06:52 - Braspress Braspress - Rodoviário envio: Array
(
    [cnpjRemetente] => 27399462000180
    [cnpjDestinatario] => 11111111111111
    [modal] => R
    [tipoFrete] => 1
    [cepOrigem] => 96412830
    [cepDestino] => 96780024
    [vlrMercadoria] => 2099.00
    [peso] => 8.00
    [cubagem] => Array
        (
            [0] => Array
                (
                    [largura] => 0.60
                    [altura] => 0.15
                    [comprimento] => 0.50
                    [volumes] => 1
                )

        )

    [volumes] => 1
)

05-15-2022 @ 23:06:52 - Braspress Braspress - Rodoviário resposta 200: {"id":167817810,"prazo":2,"totalFrete":52.17}
05-15-2022 @ 23:46:03 - Braspress Braspress - Rodoviário envio: Array
(
    [cnpjRemetente] => 27399462000180
    [cnpjDestinatario] => 11111111111111
    [modal] => R
    [tipoFrete] => 1
    [cepOrigem] => 96412830
    [cepDestino] => 90035010
    [vlrMercadoria] => 109.00
    [peso] => 0.40
    [cubagem] => Array
        (
            [0] => Array
                (
                    [largura] => 0.23
                    [altura] => 0.10
                    [comprimento] => 0.30
                    [volumes] => 1
                )

        )

    [volumes] => 1
)

05-15-2022 @ 23:46:03 - Braspress Braspress - Rodoviário resposta 200: {"id":167820800,"prazo":1,"totalFrete":33.69}
05-15-2022 @ 23:52:01 - Braspress Braspress - Rodoviário envio: Array
(
    [cnpjRemetente] => 27399462000180
    [cnpjDestinatario] => 11111111111111
    [modal] => R
    [tipoFrete] => 1
    [cepOrigem] => 96412830
    [cepDestino] => 06708740
    [vlrMercadoria] => 2459.00
    [peso] => 20.00
    [cubagem] => Array
        (
            [0] => Array
                (
                    [largura] => 0.65
                    [altura] => 0.20
                    [comprimento] => 0.70
                    [volumes] => 1
                )

        )

    [volumes] => 1
)

05-15-2022 @ 23:52:01 - Braspress Braspress - Rodoviário resposta 200: {"id":167821133,"prazo":5,"totalFrete":157.67}
05-16-2022 @ 05:12:11 - Braspress Braspress - Rodoviário envio: Array
(
    [cnpjRemetente] => 27399462000180
    [cnpjDestinatario] => 64633209000
    [modal] => R
    [tipoFrete] => 1
    [cepOrigem] => 96412830
    [cepDestino] => 95177130
    [vlrMercadoria] => 49.00
    [peso] => 1.00
    [cubagem] => Array
        (
            [0] => Array
                (
                    [largura] => 0.25
                    [altura] => 0.05
                    [comprimento] => 0.30
                    [volumes] => 1
                )

        )

    [volumes] => 1
)

05-16-2022 @ 05:12:11 - Braspress Braspress - Rodoviário resposta 200: {"id":167827795,"prazo":1,"totalFrete":38.15}
05-16-2022 @ 06:25:47 - Braspress Braspress - Rodoviário envio: Array
(
    [cnpjRemetente] => 27399462000180
    [cnpjDestinatario] => 11111111111111
    [modal] => R
    [tipoFrete] => 1
    [cepOrigem] => 96412830
    [cepDestino] => 99950000
    [vlrMercadoria] => 390.00
    [peso] => 2.00
    [cubagem] => Array
        (
            [0] => Array
                (
                    [largura] => 0.35
                    [altura] => 0.10
                    [comprimento] => 0.25
                    [volumes] => 1
                )

        )

    [volumes] => 1
)

05-16-2022 @ 06:25:47 - Braspress Braspress - Rodoviário resposta 200: {"id":167828799,"prazo":2,"totalFrete":39.36}
05-16-2022 @ 07:10:51 - Braspress Braspress - Rodoviário envio: Array
(
    [cnpjRemetente] => 27399462000180
    [cnpjDestinatario] => 11111111111111
    [modal] => R
    [tipoFrete] => 1
    [cepOrigem] => 96412830
    [cepDestino] => 89031470
    [vlrMercadoria] => 49.00
    [peso] => 1.00
    [cubagem] => Array
        (
            [0] => Array
                (
                    [largura] => 0.25
                    [altura] => 0.05
                    [comprimento] => 0.30
                    [volumes] => 1
                )

        )

    [volumes] => 1
)

05-16-2022 @ 07:10:51 - Braspress Braspress - Rodoviário resposta 200: {"id":167829940,"prazo":4,"totalFrete":75.96}
05-16-2022 @ 08:08:10 - Braspress Braspress - Rodoviário envio: Array
(
    [cnpjRemetente] => 27399462000180
    [cnpjDestinatario] => 11111111111111
    [modal] => R
    [tipoFrete] => 1
    [cepOrigem] => 96412830
    [cepDestino] => 38184022
    [vlrMercadoria] => 399.00
    [peso] => 3.00
    [cubagem] => Array
        (
            [0] => Array
                (
                    [largura] => 0.30
                    [altura] => 0.10
                    [comprimento] => 0.40
                    [volumes] => 1
                )

        )

    [volumes] => 1
)

05-16-2022 @ 08:08:10 - Braspress Braspress - Rodoviário resposta 200: {"id":167833165,"prazo":5,"totalFrete":93.85}
05-16-2022 @ 08:08:19 - Braspress Braspress - Rodoviário envio: Array
(
    [cnpjRemetente] => 27399462000180
    [cnpjDestinatario] => 11111111111111
    [modal] => R
    [tipoFrete] => 1
    [cepOrigem] => 96412830
    [cepDestino] => 38174022
    [vlrMercadoria] => 399.00
    [peso] => 3.00
    [cubagem] => Array
        (
            [0] => Array
                (
                    [largura] => 0.30
                    [altura] => 0.10
                    [comprimento] => 0.40
                    [volumes] => 1
                )

        )

    [volumes] => 1
)

05-16-2022 @ 08:08:19 - Braspress Braspress - Rodoviário resposta 400: {"statusCode":500,"message":"Service Error","dateTime":"16/05/2022 08:08:00","errorList":["Erro ao realizar a cotação de frete: VERIFICANDO CEP DESTINO"]}
05-16-2022 @ 08:08:19 - Braspress Braspress - Rodoviário erro: Array
(
    [statusCode] => 500
    [message] => Service Error
    [dateTime] => 16/05/2022 08:08:00
    [errorList] => Array
        (
            [0] => Erro ao realizar a cotação de frete: VERIFICANDO CEP DESTINO
        )

    [ambiente] => https://api.braspress.com/v1/cotacao/calcular/json
)

05-16-2022 @ 08:32:18 - Braspress Braspress - Rodoviário envio: Array
(
    [cnpjRemetente] => 27399462000180
    [cnpjDestinatario] => 11111111111111
    [modal] => R
    [tipoFrete] => 1
    [cepOrigem] => 96412830
    [cepDestino] => 89206500
    [vlrMercadoria] => 49.00
    [peso] => 1.00
    [cubagem] => Array
        (
            [0] => Array
                (
                    [largura] => 0.25
                    [altura] => 0.05
                    [comprimento] => 0.30
                    [volumes] => 1
                )

        )

    [volumes] => 1
)

05-16-2022 @ 08:32:18 - Braspress Braspress - Rodoviário resposta 200: {"id":167835672,"prazo":4,"totalFrete":75.96}
05-16-2022 @ 08:48:54 - Braspress Braspress - Rodoviário envio: Array
(
    [cnpjRemetente] => 27399462000180
    [cnpjDestinatario] => 09345596941
    [modal] => R
    [tipoFrete] => 1
    [cepOrigem] => 96412830
    [cepDestino] => 87710230
    [vlrMercadoria] => 629.00
    [peso] => 4.50
    [cubagem] => Array
        (
            [0] => Array
                (
                    [largura] => 0.35
                    [altura] => 0.10
                    [comprimento] => 0.40
                    [volumes] => 1
                )

        )

    [volumes] => 1
)

05-16-2022 @ 08:48:54 - Braspress Braspress - Rodoviário resposta 200: {"id":167837866,"prazo":4,"totalFrete":53.63}
05-16-2022 @ 08:48:58 - Braspress Braspress - Rodoviário envio: Array
(
    [cnpjRemetente] => 27399462000180
    [cnpjDestinatario] => 09345596941
    [modal] => R
    [tipoFrete] => 1
    [cepOrigem] => 96412830
    [cepDestino] => 87710230
    [vlrMercadoria] => 629.00
    [peso] => 4.50
    [cubagem] => Array
        (
            [0] => Array
                (
                    [largura] => 0.35
                    [altura] => 0.10
                    [comprimento] => 0.40
                    [volumes] => 1
                )

        )

    [volumes] => 1
)

05-16-2022 @ 08:48:58 - Braspress Braspress - Rodoviário resposta 200: {"id":167837876,"prazo":4,"totalFrete":53.63}
05-16-2022 @ 09:14:10 - Braspress Braspress - Rodoviário envio: Array
(
    [cnpjRemetente] => 27399462000180
    [cnpjDestinatario] => 11111111111111
    [modal] => R
    [tipoFrete] => 1
    [cepOrigem] => 96412830
    [cepDestino] => 97070360
    [vlrMercadoria] => 49.00
    [peso] => 1.00
    [cubagem] => Array
        (
            [0] => Array
                (
                    [largura] => 0.25
                    [altura] => 0.05
                    [comprimento] => 0.30
                    [volumes] => 1
                )

        )

    [volumes] => 1
)

05-16-2022 @ 09:14:10 - Braspress Braspress - Rodoviário resposta 200: {"id":167841799,"prazo":1,"totalFrete":62.08}
05-16-2022 @ 09:33:06 - Braspress Braspress - Rodoviário envio: Array
(
    [cnpjRemetente] => 27399462000180
    [cnpjDestinatario] => 11111111111111
    [modal] => R
    [tipoFrete] => 1
    [cepOrigem] => 96412830
    [cepDestino] => 25720170
    [vlrMercadoria] => 1329.00
    [peso] => 8.00
    [cubagem] => Array
        (
            [0] => Array
                (
                    [largura] => 0.50
                    [altura] => 0.15
                    [comprimento] => 0.60
                    [volumes] => 1
                )

        )

    [volumes] => 1
)

05-16-2022 @ 09:33:06 - Braspress Braspress - Rodoviário resposta 200: {"id":167845387,"prazo":4,"totalFrete":128.34}
05-16-2022 @ 09:58:01 - Braspress Braspress - Rodoviário envio: Array
(
    [cnpjRemetente] => 27399462000180
    [cnpjDestinatario] => 11111111111111
    [modal] => R
    [tipoFrete] => 1
    [cepOrigem] => 96412830
    [cepDestino] => 13091606
    [vlrMercadoria] => 95.00
    [peso] => 1.00
    [cubagem] => Array
        (
            [0] => Array
                (
                    [largura] => 0.20
                    [altura] => 0.15
                    [comprimento] => 0.20
                    [volumes] => 1
                )

        )

    [volumes] => 1
)

05-16-2022 @ 09:58:01 - Braspress Braspress - Rodoviário resposta 200: {"id":167850530,"prazo":3,"totalFrete":84.95}
05-16-2022 @ 10:21:54 - Braspress Braspress - Rodoviário envio: Array
(
    [cnpjRemetente] => 27399462000180
    [cnpjDestinatario] => 11111111111111
    [modal] => R
    [tipoFrete] => 1
    [cepOrigem] => 96412830
    [cepDestino] => 25955650
    [vlrMercadoria] => 49.00
    [peso] => 1.00
    [cubagem] => Array
        (
            [0] => Array
                (
                    [largura] => 0.25
                    [altura] => 0.05
                    [comprimento] => 0.30
                    [volumes] => 1
                )

        )

    [volumes] => 1
)

05-16-2022 @ 10:21:54 - Braspress Braspress - Rodoviário resposta 200: {"id":167855808,"prazo":6,"totalFrete":58.1}
05-16-2022 @ 10:25:24 - Braspress Braspress - Rodoviário envio: Array
(
    [cnpjRemetente] => 27399462000180
    [cnpjDestinatario] => 11111111111111
    [modal] => R
    [tipoFrete] => 1
    [cepOrigem] => 96412830
    [cepDestino] => 89820000
    [vlrMercadoria] => 49.00
    [peso] => 1.00
    [cubagem] => Array
        (
            [0] => Array
                (
                    [largura] => 0.25
                    [altura] => 0.05
                    [comprimento] => 0.30
                    [volumes] => 1
                )

        )

    [volumes] => 1
)

05-16-2022 @ 10:25:24 - Braspress Braspress - Rodoviário resposta 200: {"id":167856572,"prazo":3,"totalFrete":49.02}
05-16-2022 @ 10:29:57 - Braspress Braspress - Rodoviário envio: Array
(
    [cnpjRemetente] => 27399462000180
    [cnpjDestinatario] => 11111111111111
    [modal] => R
    [tipoFrete] => 1
    [cepOrigem] => 96412830
    [cepDestino] => 89820000
    [vlrMercadoria] => 98.00
    [peso] => 2.00
    [cubagem] => Array
        (
            [0] => Array
                (
                    [largura] => 0.25
                    [altura] => 0.05
                    [comprimento] => 0.30
                    [volumes] => 1
                )

            [1] => Array
                (
                    [largura] => 0.25
                    [altura] => 0.05
                    [comprimento] => 0.30
                    [volumes] => 1
                )

        )

    [volumes] => 2
)

05-16-2022 @ 10:29:57 - Braspress Braspress - Rodoviário resposta 200: {"id":167857589,"prazo":3,"totalFrete":49.23}
05-16-2022 @ 10:30:57 - Braspress Braspress - Rodoviário envio: Array
(
    [cnpjRemetente] => 27399462000180
    [cnpjDestinatario] => 11111111111111
    [modal] => R
    [tipoFrete] => 1
    [cepOrigem] => 96412830
    [cepDestino] => 89820000
    [vlrMercadoria] => 357.00
    [peso] => 3.00
    [cubagem] => Array
        (
            [0] => Array
                (
                    [largura] => 0.25
                    [altura] => 0.05
                    [comprimento] => 0.30
                    [volumes] => 1
                )

            [1] => Array
                (
                    [largura] => 0.25
                    [altura] => 0.05
                    [comprimento] => 0.30
                    [volumes] => 1
                )

            [2] => Array
                (
                    [largura] => 0.25
                    [altura] => 0.20
                    [comprimento] => 0.30
                    [volumes] => 1
                )

        )

    [volumes] => 3
)

05-16-2022 @ 10:30:57 - Braspress Braspress - Rodoviário resposta 200: {"id":167857860,"prazo":3,"totalFrete":50.44}
05-16-2022 @ 10:33:38 - Braspress Braspress - Rodoviário envio: Array
(
    [cnpjRemetente] => 27399462000180
    [cnpjDestinatario] => 11111111111111
    [modal] => R
    [tipoFrete] => 1
    [cepOrigem] => 96412830
    [cepDestino] => 89820000
    [vlrMercadoria] => 98.00
    [peso] => 2.00
    [cubagem] => Array
        (
            [0] => Array
                (
                    [largura] => 0.25
                    [altura] => 0.05
                    [comprimento] => 0.30
                    [volumes] => 1
                )

            [1] => Array
                (
                    [largura] => 0.25
                    [altura] => 0.05
                    [comprimento] => 0.30
                    [volumes] => 1
                )

        )

    [volumes] => 2
)

05-16-2022 @ 10:33:38 - Braspress Braspress - Rodoviário resposta 200: {"id":167858586,"prazo":3,"totalFrete":49.23}
05-16-2022 @ 11:03:11 - Braspress Braspress - Rodoviário envio: Array
(
    [cnpjRemetente] => 27399462000180
    [cnpjDestinatario] => 11111111111111
    [modal] => R
    [tipoFrete] => 1
    [cepOrigem] => 96412830
    [cepDestino] => 89820000
    [vlrMercadoria] => 49.00
    [peso] => 1.00
    [cubagem] => Array
        (
            [0] => Array
                (
                    [largura] => 0.25
                    [altura] => 0.05
                    [comprimento] => 0.30
                    [volumes] => 1
                )

        )

    [volumes] => 1
)

05-16-2022 @ 11:03:11 - Braspress Braspress - Rodoviário resposta 200: {"id":167865485,"prazo":3,"totalFrete":49.02}
05-16-2022 @ 11:05:24 - Braspress Braspress - Rodoviário envio: Array
(
    [cnpjRemetente] => 27399462000180
    [cnpjDestinatario] => 08540221985
    [modal] => R
    [tipoFrete] => 1
    [cepOrigem] => 96412830
    [cepDestino] => 89820000
    [vlrMercadoria] => 49.00
    [peso] => 1.00
    [cubagem] => Array
        (
            [0] => Array
                (
                    [largura] => 0.25
                    [altura] => 0.05
                    [comprimento] => 0.30
                    [volumes] => 1
                )

        )

    [volumes] => 1
)

05-16-2022 @ 11:05:24 - Braspress Braspress - Rodoviário resposta 200: {"id":167865959,"prazo":3,"totalFrete":49.02}
05-16-2022 @ 11:07:56 - Braspress Braspress - Rodoviário envio: Array
(
    [cnpjRemetente] => 27399462000180
    [cnpjDestinatario] => 08540221985
    [modal] => R
    [tipoFrete] => 1
    [cepOrigem] => 96412830
    [cepDestino] => 89820000
    [vlrMercadoria] => 98.00
    [peso] => 2.00
    [cubagem] => Array
        (
            [0] => Array
                (
                    [largura] => 0.25
                    [altura] => 0.05
                    [comprimento] => 0.30
                    [volumes] => 1
                )

            [1] => Array
                (
                    [largura] => 0.25
                    [altura] => 0.05
                    [comprimento] => 0.30
                    [volumes] => 1
                )

        )

    [volumes] => 2
)

05-16-2022 @ 11:07:56 - Braspress Braspress - Rodoviário resposta 200: {"id":167866511,"prazo":3,"totalFrete":49.23}
05-16-2022 @ 11:08:10 - Braspress Braspress - Rodoviário envio: Array
(
    [cnpjRemetente] => 27399462000180
    [cnpjDestinatario] => 08540221985
    [modal] => R
    [tipoFrete] => 1
    [cepOrigem] => 96412830
    [cepDestino] => 89820000
    [vlrMercadoria] => 49.00
    [peso] => 1.00
    [cubagem] => Array
        (
            [0] => Array
                (
                    [largura] => 0.25
                    [altura] => 0.05
                    [comprimento] => 0.30
                    [volumes] => 1
                )

        )

    [volumes] => 1
)

05-16-2022 @ 11:08:10 - Braspress Braspress - Rodoviário resposta 200: {"id":167866573,"prazo":3,"totalFrete":49.02}
05-16-2022 @ 11:54:53 - Braspress Braspress - Rodoviário envio: Array
(
    [cnpjRemetente] => 27399462000180
    [cnpjDestinatario] => 11111111111111
    [modal] => R
    [tipoFrete] => 1
    [cepOrigem] => 96412830
    [cepDestino] => 95041520
    [vlrMercadoria] => 638.00
    [peso] => 7.00
    [cubagem] => Array
        (
            [0] => Array
                (
                    [largura] => 0.30
                    [altura] => 0.20
                    [comprimento] => 0.35
                    [volumes] => 2
                )

        )

    [volumes] => 2
)

05-16-2022 @ 11:54:53 - Braspress Braspress - Rodoviário resposta 200: {"id":167877822,"prazo":1,"totalFrete":70.6}
05-16-2022 @ 11:56:37 - Braspress Braspress - Rodoviário envio: Array
(
    [cnpjRemetente] => 27399462000180
    [cnpjDestinatario] => 11111111111111
    [modal] => R
    [tipoFrete] => 1
    [cepOrigem] => 96412830
    [cepDestino] => 18045460
    [vlrMercadoria] => 759.00
    [peso] => 4.50
    [cubagem] => Array
        (
            [0] => Array
                (
                    [largura] => 0.35
                    [altura] => 0.10
                    [comprimento] => 0.40
                    [volumes] => 1
                )

        )

    [volumes] => 1
)

05-16-2022 @ 11:56:37 - Braspress Braspress - Rodoviário resposta 200: {"id":167878191,"prazo":3,"totalFrete":89.41}
05-16-2022 @ 12:23:14 - Braspress Braspress - Rodoviário envio: Array
(
    [cnpjRemetente] => 27399462000180
    [cnpjDestinatario] => 11111111111111
    [modal] => R
    [tipoFrete] => 1
    [cepOrigem] => 96412830
    [cepDestino] => 89813824
    [vlrMercadoria] => 109.00
    [peso] => 0.40
    [cubagem] => Array
        (
            [0] => Array
                (
                    [largura] => 0.23
                    [altura] => 0.10
                    [comprimento] => 0.30
                    [volumes] => 1
                )

        )

    [volumes] => 1
)

05-16-2022 @ 12:23:14 - Braspress Braspress - Rodoviário resposta 200: {"id":167883290,"prazo":3,"totalFrete":76.23}
05-16-2022 @ 13:36:56 - Braspress Braspress - Rodoviário envio: Array
(
    [cnpjRemetente] => 27399462000180
    [cnpjDestinatario] => 11111111111111
    [modal] => R
    [tipoFrete] => 1
    [cepOrigem] => 96412830
    [cepDestino] => 99220000
    [vlrMercadoria] => 109.00
    [peso] => 0.40
    [cubagem] => Array
        (
            [0] => Array
                (
                    [largura] => 0.23
                    [altura] => 0.10
                    [comprimento] => 0.30
                    [volumes] => 1
                )

        )

    [volumes] => 1
)

05-16-2022 @ 13:36:56 - Braspress Braspress - Rodoviário resposta 200: {"id":167897011,"prazo":4,"totalFrete":38.36}
05-16-2022 @ 14:17:26 - Braspress Braspress - Rodoviário envio: Array
(
    [cnpjRemetente] => 27399462000180
    [cnpjDestinatario] => 11111111111111
    [modal] => R
    [tipoFrete] => 1
    [cepOrigem] => 96412830
    [cepDestino] => 88220000
    [vlrMercadoria] => 629.00
    [peso] => 4.50
    [cubagem] => Array
        (
            [0] => Array
                (
                    [largura] => 0.35
                    [altura] => 0.10
                    [comprimento] => 0.40
                    [volumes] => 1
                )

        )

    [volumes] => 1
)

05-16-2022 @ 14:17:26 - Braspress Braspress - Rodoviário resposta 200: {"id":167906555,"prazo":3,"totalFrete":51.71}
05-16-2022 @ 14:50:12 - Braspress Braspress - Rodoviário envio: Array
(
    [cnpjRemetente] => 27399462000180
    [cnpjDestinatario] => 11111111111111
    [modal] => R
    [tipoFrete] => 1
    [cepOrigem] => 96412830
    [cepDestino] => 03325000
    [vlrMercadoria] => 498.00
    [peso] => 7.00
    [cubagem] => Array
        (
            [0] => Array
                (
                    [largura] => 0.35
                    [altura] => 0.30
                    [comprimento] => 0.35
                    [volumes] => 2
                )

        )

    [volumes] => 2
)

05-16-2022 @ 14:50:12 - Braspress Braspress - Rodoviário resposta 200: {"id":167914678,"prazo":4,"totalFrete":140.66}
05-16-2022 @ 14:51:23 - Braspress Braspress - Rodoviário envio: Array
(
    [cnpjRemetente] => 27399462000180
    [cnpjDestinatario] => 12791918809
    [modal] => R
    [tipoFrete] => 1
    [cepOrigem] => 96412830
    [cepDestino] => 03405040
    [vlrMercadoria] => 498.00
    [peso] => 7.00
    [cubagem] => Array
        (
            [0] => Array
                (
                    [largura] => 0.35
                    [altura] => 0.30
                    [comprimento] => 0.35
                    [volumes] => 2
                )

        )

    [volumes] => 2
)

05-16-2022 @ 14:51:23 - Braspress Braspress - Rodoviário resposta 200: {"id":167914967,"prazo":4,"totalFrete":140.66}
05-16-2022 @ 14:57:29 - Braspress Braspress - Rodoviário envio: Array
(
    [cnpjRemetente] => 27399462000180
    [cnpjDestinatario] => 11111111111111
    [modal] => R
    [tipoFrete] => 1
    [cepOrigem] => 96412830
    [cepDestino] => 37701313
    [vlrMercadoria] => 109.00
    [peso] => 0.40
    [cubagem] => Array
        (
            [0] => Array
                (
                    [largura] => 0.23
                    [altura] => 0.10
                    [comprimento] => 0.30
                    [volumes] => 1
                )

        )

    [volumes] => 1
)

05-16-2022 @ 14:57:29 - Braspress Braspress - Rodoviário resposta 200: {"id":167916648,"prazo":5,"totalFrete":91.88}
05-16-2022 @ 14:59:58 - Braspress Braspress - Rodoviário envio: Array
(
    [cnpjRemetente] => 27399462000180
    [cnpjDestinatario] => 11111111111111
    [modal] => R
    [tipoFrete] => 1
    [cepOrigem] => 96412830
    [cepDestino] => 37701313
    [vlrMercadoria] => 109.00
    [peso] => 0.40
    [cubagem] => Array
        (
            [0] => Array
                (
                    [largura] => 0.23
                    [altura] => 0.10
                    [comprimento] => 0.30
                    [volumes] => 1
                )

        )

    [volumes] => 1
)

05-16-2022 @ 14:59:58 - Braspress Braspress - Rodoviário resposta 200: {"id":167917279,"prazo":5,"totalFrete":91.88}
05-16-2022 @ 15:15:43 - Braspress Braspress - Rodoviário envio: Array
(
    [cnpjRemetente] => 27399462000180
    [cnpjDestinatario] => 11111111111111
    [modal] => R
    [tipoFrete] => 1
    [cepOrigem] => 96412830
    [cepDestino] => 15115000
    [vlrMercadoria] => 390.00
    [peso] => 2.00
    [cubagem] => Array
        (
            [0] => Array
                (
                    [largura] => 0.35
                    [altura] => 0.10
                    [comprimento] => 0.25
                    [volumes] => 1
                )

        )

    [volumes] => 1
)

05-16-2022 @ 15:15:43 - Braspress Braspress - Rodoviário resposta 200: {"id":167921255,"prazo":5,"totalFrete":57.99}
05-16-2022 @ 15:34:50 - Braspress Braspress - Rodoviário envio: Array
(
    [cnpjRemetente] => 27399462000180
    [cnpjDestinatario] => 11111111111111
    [modal] => R
    [tipoFrete] => 1
    [cepOrigem] => 96412830
    [cepDestino] => 25955650
    [vlrMercadoria] => 49.00
    [peso] => 1.00
    [cubagem] => Array
        (
            [0] => Array
                (
                    [largura] => 0.25
                    [altura] => 0.05
                    [comprimento] => 0.30
                    [volumes] => 1
                )

        )

    [volumes] => 1
)

05-16-2022 @ 15:34:50 - Braspress Braspress - Rodoviário resposta 200: {"id":167926069,"prazo":6,"totalFrete":58.1}
05-16-2022 @ 15:55:22 - Braspress Braspress - Rodoviário envio: Array
(
    [cnpjRemetente] => 27399462000180
    [cnpjDestinatario] => 11111111111111
    [modal] => R
    [tipoFrete] => 1
    [cepOrigem] => 96412830
    [cepDestino] => 95041520
    [vlrMercadoria] => 687.00
    [peso] => 8.00
    [cubagem] => Array
        (
            [0] => Array
                (
                    [largura] => 0.30
                    [altura] => 0.20
                    [comprimento] => 0.35
                    [volumes] => 2
                )

            [1] => Array
                (
                    [largura] => 0.25
                    [altura] => 0.05
                    [comprimento] => 0.30
                    [volumes] => 1
                )

        )

    [volumes] => 3
)

05-16-2022 @ 15:55:22 - Braspress Braspress - Rodoviário resposta 200: {"id":167931057,"prazo":1,"totalFrete":70.77}
05-16-2022 @ 15:55:24 - Braspress Braspress - Rodoviário envio: Array
(
    [cnpjRemetente] => 27399462000180
    [cnpjDestinatario] => 11111111111111
    [modal] => R
    [tipoFrete] => 1
    [cepOrigem] => 96412830
    [cepDestino] => 95041520
    [vlrMercadoria] => 687.00
    [peso] => 8.00
    [cubagem] => Array
        (
            [0] => Array
                (
                    [largura] => 0.30
                    [altura] => 0.20
                    [comprimento] => 0.35
                    [volumes] => 2
                )

            [1] => Array
                (
                    [largura] => 0.25
                    [altura] => 0.05
                    [comprimento] => 0.30
                    [volumes] => 1
                )

        )

    [volumes] => 3
)

05-16-2022 @ 15:55:24 - Braspress Braspress - Rodoviário resposta 200: {"id":167931070,"prazo":1,"totalFrete":70.77}
05-16-2022 @ 15:55:32 - Braspress Braspress - Rodoviário envio: Array
(
    [cnpjRemetente] => 27399462000180
    [cnpjDestinatario] => 11111111111111
    [modal] => R
    [tipoFrete] => 1
    [cepOrigem] => 96412830
    [cepDestino] => 95041520
    [vlrMercadoria] => 712.90
    [peso] => 8.50
    [cubagem] => Array
        (
            [0] => Array
                (
                    [largura] => 0.30
                    [altura] => 0.20
                    [comprimento] => 0.35
                    [volumes] => 2
                )

            [1] => Array
                (
                    [largura] => 0.25
                    [altura] => 0.05
                    [comprimento] => 0.30
                    [volumes] => 1
                )

            [2] => Array
                (
                    [largura] => 0.25
                    [altura] => 0.05
                    [comprimento] => 0.30
                    [volumes] => 1
                )

        )

    [volumes] => 4
)

05-16-2022 @ 15:55:32 - Braspress Braspress - Rodoviário resposta 200: {"id":167931096,"prazo":1,"totalFrete":70.87}
05-16-2022 @ 16:00:59 - Braspress Braspress - Rodoviário envio: Array
(
    [cnpjRemetente] => 27399462000180
    [cnpjDestinatario] => 11111111111111
    [modal] => R
    [tipoFrete] => 1
    [cepOrigem] => 96412830
    [cepDestino] => 95041520
    [vlrMercadoria] => 1153.90
    [peso] => 17.50
    [cubagem] => Array
        (
            [0] => Array
                (
                    [largura] => 0.30
                    [altura] => 0.20
                    [comprimento] => 0.35
                    [volumes] => 2
                )

            [1] => Array
                (
                    [largura] => 0.25
                    [altura] => 0.05
                    [comprimento] => 0.30
                    [volumes] => 10
                )

            [2] => Array
                (
                    [largura] => 0.25
                    [altura] => 0.05
                    [comprimento] => 0.30
                    [volumes] => 1
                )

        )

    [volumes] => 13
)

05-16-2022 @ 16:00:59 - Braspress Braspress - Rodoviário resposta 200: {"id":167932425,"prazo":1,"totalFrete":72.43}
05-16-2022 @ 16:02:35 - Braspress Braspress - Rodoviário envio: Array
(
    [cnpjRemetente] => 27399462000180
    [cnpjDestinatario] => 11111111111111
    [modal] => R
    [tipoFrete] => 1
    [cepOrigem] => 96412830
    [cepDestino] => 95041520
    [vlrMercadoria] => 1202.90
    [peso] => 18.50
    [cubagem] => Array
        (
            [0] => Array
                (
                    [largura] => 0.30
                    [altura] => 0.20
                    [comprimento] => 0.35
                    [volumes] => 2
                )

            [1] => Array
                (
                    [largura] => 0.25
                    [altura] => 0.05
                    [comprimento] => 0.30
                    [volumes] => 10
                )

            [2] => Array
                (
                    [largura] => 0.25
                    [altura] => 0.05
                    [comprimento] => 0.30
                    [volumes] => 1
                )

            [3] => Array
                (
                    [largura] => 0.25
                    [altura] => 0.05
                    [comprimento] => 0.30
                    [volumes] => 1
                )

        )

    [volumes] => 14
)

05-16-2022 @ 16:02:35 - Braspress Braspress - Rodoviário resposta 200: {"id":167932764,"prazo":1,"totalFrete":72.62}
05-16-2022 @ 16:02:41 - Braspress Braspress - Rodoviário envio: Array
(
    [cnpjRemetente] => 27399462000180
    [cnpjDestinatario] => 11111111111111
    [modal] => R
    [tipoFrete] => 1
    [cepOrigem] => 96412830
    [cepDestino] => 95041520
    [vlrMercadoria] => 1228.80
    [peso] => 19.00
    [cubagem] => Array
        (
            [0] => Array
                (
                    [largura] => 0.30
                    [altura] => 0.20
                    [comprimento] => 0.35
                    [volumes] => 2
                )

            [1] => Array
                (
                    [largura] => 0.25
                    [altura] => 0.05
                    [comprimento] => 0.30
                    [volumes] => 10
                )

            [2] => Array
                (
                    [largura] => 0.25
                    [altura] => 0.05
                    [comprimento] => 0.30
                    [volumes] => 1
                )

            [3] => Array
                (
                    [largura] => 0.25
                    [altura] => 0.05
                    [comprimento] => 0.30
                    [volumes] => 1
                )

            [4] => Array
                (
                    [largura] => 0.25
                    [altura] => 0.05
                    [comprimento] => 0.30
                    [volumes] => 1
                )

        )

    [volumes] => 15
)

05-16-2022 @ 16:02:41 - Braspress Braspress - Rodoviário resposta 200: {"id":167932792,"prazo":1,"totalFrete":72.7}
05-16-2022 @ 16:03:17 - Braspress Braspress - Rodoviário envio: Array
(
    [cnpjRemetente] => 27399462000180
    [cnpjDestinatario] => 11111111111111
    [modal] => R
    [tipoFrete] => 1
    [cepOrigem] => 96412830
    [cepDestino] => 95041520
    [vlrMercadoria] => 1254.70
    [peso] => 19.50
    [cubagem] => Array
        (
            [0] => Array
                (
                    [largura] => 0.30
                    [altura] => 0.20
                    [comprimento] => 0.35
                    [volumes] => 2
                )

            [1] => Array
                (
                    [largura] => 0.25
                    [altura] => 0.05
                    [comprimento] => 0.30
                    [volumes] => 10
                )

            [2] => Array
                (
                    [largura] => 0.25
                    [altura] => 0.05
                    [comprimento] => 0.30
                    [volumes] => 1
                )

            [3] => Array
                (
                    [largura] => 0.25
                    [altura] => 0.05
                    [comprimento] => 0.30
                    [volumes] => 1
                )

            [4] => Array
                (
                    [largura] => 0.25
                    [altura] => 0.05
                    [comprimento] => 0.30
                    [volumes] => 1
                )

            [5] => Array
                (
                    [largura] => 0.25
                    [altura] => 0.05
                    [comprimento] => 0.30
                    [volumes] => 1
                )

        )

    [volumes] => 16
)

05-16-2022 @ 16:03:17 - Braspress Braspress - Rodoviário resposta 200: {"id":167932914,"prazo":1,"totalFrete":72.79}
05-16-2022 @ 16:03:20 - Braspress Braspress - Rodoviário envio: Array
(
    [cnpjRemetente] => 27399462000180
    [cnpjDestinatario] => 11111111111111
    [modal] => R
    [tipoFrete] => 1
    [cepOrigem] => 96412830
    [cepDestino] => 95041520
    [vlrMercadoria] => 1277.80
    [peso] => 20.00
    [cubagem] => Array
        (
            [0] => Array
                (
                    [largura] => 0.30
                    [altura] => 0.20
                    [comprimento] => 0.35
                    [volumes] => 2
                )

            [1] => Array
                (
                    [largura] => 0.25
                    [altura] => 0.05
                    [comprimento] => 0.30
                    [volumes] => 10
                )

            [2] => Array
                (
                    [largura] => 0.25
                    [altura] => 0.05
                    [comprimento] => 0.30
                    [volumes] => 1
                )

            [3] => Array
                (
                    [largura] => 0.25
                    [altura] => 0.05
                    [comprimento] => 0.30
                    [volumes] => 1
                )

            [4] => Array
                (
                    [largura] => 0.25
                    [altura] => 0.05
                    [comprimento] => 0.30
                    [volumes] => 1
                )

            [5] => Array
                (
                    [largura] => 0.25
                    [altura] => 0.05
                    [comprimento] => 0.30
                    [volumes] => 1
                )

        )

    [volumes] => 16
)

05-16-2022 @ 16:03:20 - Braspress Braspress - Rodoviário resposta 200: {"id":167932927,"prazo":1,"totalFrete":72.88}
05-16-2022 @ 16:04:52 - Braspress Braspress - Rodoviário envio: Array
(
    [cnpjRemetente] => 27399462000180
    [cnpjDestinatario] => 11111111111111
    [modal] => R
    [tipoFrete] => 1
    [cepOrigem] => 96412830
    [cepDestino] => 95041520
    [vlrMercadoria] => 1329.60
    [peso] => 21.00
    [cubagem] => Array
        (
            [0] => Array
                (
                    [largura] => 0.30
                    [altura] => 0.20
                    [comprimento] => 0.35
                    [volumes] => 2
                )

            [1] => Array
                (
                    [largura] => 0.25
                    [altura] => 0.05
                    [comprimento] => 0.30
                    [volumes] => 10
                )

            [2] => Array
                (
                    [largura] => 0.25
                    [altura] => 0.05
                    [comprimento] => 0.30
                    [volumes] => 1
                )

            [3] => Array
                (
                    [largura] => 0.25
                    [altura] => 0.05
                    [comprimento] => 0.30
                    [volumes] => 1
                )

            [4] => Array
                (
                    [largura] => 0.25
                    [altura] => 0.05
                    [comprimento] => 0.30
                    [volumes] => 1
                )

            [5] => Array
                (
                    [largura] => 0.25
                    [altura] => 0.05
                    [comprimento] => 0.30
                    [volumes] => 1
                )

            [6] => Array
                (
                    [largura] => 0.25
                    [altura] => 0.05
                    [comprimento] => 0.30
                    [volumes] => 2
                )

        )

    [volumes] => 18
)

05-16-2022 @ 16:04:52 - Braspress Braspress - Rodoviário resposta 200: {"id":167933343,"prazo":1,"totalFrete":82.21}
05-16-2022 @ 16:12:10 - Braspress Braspress - Rodoviário envio: Array
(
    [cnpjRemetente] => 27399462000180
    [cnpjDestinatario] => 11111111111111
    [modal] => R
    [tipoFrete] => 1
    [cepOrigem] => 96412830
    [cepDestino] => 95041520
    [vlrMercadoria] => 1355.50
    [peso] => 21.50
    [cubagem] => Array
        (
            [0] => Array
                (
                    [largura] => 0.30
                    [altura] => 0.20
                    [comprimento] => 0.35
                    [volumes] => 2
                )

            [1] => Array
                (
                    [largura] => 0.25
                    [altura] => 0.05
                    [comprimento] => 0.30
                    [volumes] => 10
                )

            [2] => Array
                (
                    [largura] => 0.25
                    [altura] => 0.05
                    [comprimento] => 0.30
                    [volumes] => 1
                )

            [3] => Array
                (
                    [largura] => 0.25
                    [altura] => 0.05
                    [comprimento] => 0.30
                    [volumes] => 1
                )

            [4] => Array
                (
                    [largura] => 0.25
                    [altura] => 0.05
                    [comprimento] => 0.30
                    [volumes] => 1
                )

            [5] => Array
                (
                    [largura] => 0.25
                    [altura] => 0.05
                    [comprimento] => 0.30
                    [volumes] => 1
                )

            [6] => Array
                (
                    [largura] => 0.25
                    [altura] => 0.05
                    [comprimento] => 0.30
                    [volumes] => 2
                )

            [7] => Array
                (
                    [largura] => 0.25
                    [altura] => 0.05
                    [comprimento] => 0.30
                    [volumes] => 1
                )

        )

    [volumes] => 19
)

05-16-2022 @ 16:12:10 - Braspress Braspress - Rodoviário resposta 200: {"id":167935101,"prazo":1,"totalFrete":82.29}
05-16-2022 @ 16:12:15 - Braspress Braspress - Rodoviário envio: Array
(
    [cnpjRemetente] => 27399462000180
    [cnpjDestinatario] => 11111111111111
    [modal] => R
    [tipoFrete] => 1
    [cepOrigem] => 96412830
    [cepDestino] => 95041520
    [vlrMercadoria] => 1355.50
    [peso] => 21.50
    [cubagem] => Array
        (
            [0] => Array
                (
                    [largura] => 0.30
                    [altura] => 0.20
                    [comprimento] => 0.35
                    [volumes] => 2
                )

            [1] => Array
                (
                    [largura] => 0.25
                    [altura] => 0.05
                    [comprimento] => 0.30
                    [volumes] => 10
                )

            [2] => Array
                (
                    [largura] => 0.25
                    [altura] => 0.05
                    [comprimento] => 0.30
                    [volumes] => 1
                )

            [3] => Array
                (
                    [largura] => 0.25
                    [altura] => 0.05
                    [comprimento] => 0.30
                    [volumes] => 1
                )

            [4] => Array
                (
                    [largura] => 0.25
                    [altura] => 0.05
                    [comprimento] => 0.30
                    [volumes] => 1
                )

            [5] => Array
                (
                    [largura] => 0.25
                    [altura] => 0.05
                    [comprimento] => 0.30
                    [volumes] => 1
                )

            [6] => Array
                (
                    [largura] => 0.25
                    [altura] => 0.05
                    [comprimento] => 0.30
                    [volumes] => 2
                )

            [7] => Array
                (
                    [largura] => 0.25
                    [altura] => 0.05
                    [comprimento] => 0.30
                    [volumes] => 1
                )

        )

    [volumes] => 19
)

05-16-2022 @ 16:12:15 - Braspress Braspress - Rodoviário resposta 200: {"id":167935130,"prazo":1,"totalFrete":82.29}
05-16-2022 @ 16:13:36 - Braspress Braspress - Rodoviário envio: Array
(
    [cnpjRemetente] => 27399462000180
    [cnpjDestinatario] => 11111111111111
    [modal] => R
    [tipoFrete] => 1
    [cepOrigem] => 96412830
    [cepDestino] => 95041520
    [vlrMercadoria] => 1381.40
    [peso] => 22.00
    [cubagem] => Array
        (
            [0] => Array
                (
                    [largura] => 0.30
                    [altura] => 0.20
                    [comprimento] => 0.35
                    [volumes] => 2
                )

            [1] => Array
                (
                    [largura] => 0.25
                    [altura] => 0.05
                    [comprimento] => 0.30
                    [volumes] => 10
                )

            [2] => Array
                (
                    [largura] => 0.25
                    [altura] => 0.05
                    [comprimento] => 0.30
                    [volumes] => 1
                )

            [3] => Array
                (
                    [largura] => 0.25
                    [altura] => 0.05
                    [comprimento] => 0.30
                    [volumes] => 1
                )

            [4] => Array
                (
                    [largura] => 0.25
                    [altura] => 0.05
                    [comprimento] => 0.30
                    [volumes] => 1
                )

            [5] => Array
                (
                    [largura] => 0.25
                    [altura] => 0.05
                    [comprimento] => 0.30
                    [volumes] => 1
                )

            [6] => Array
                (
                    [largura] => 0.25
                    [altura] => 0.05
                    [comprimento] => 0.30
                    [volumes] => 2
                )

            [7] => Array
                (
                    [largura] => 0.25
                    [altura] => 0.05
                    [comprimento] => 0.30
                    [volumes] => 1
                )

            [8] => Array
                (
                    [largura] => 0.25
                    [altura] => 0.05
                    [comprimento] => 0.30
                    [volumes] => 1
                )

        )

    [volumes] => 20
)

05-16-2022 @ 16:13:36 - Braspress Braspress - Rodoviário resposta 200: {"id":167935432,"prazo":1,"totalFrete":82.39}
05-16-2022 @ 16:30:26 - Braspress Braspress - Rodoviário envio: Array
(
    [cnpjRemetente] => 27399462000180
    [cnpjDestinatario] => 11111111111111
    [modal] => R
    [tipoFrete] => 1
    [cepOrigem] => 96412830
    [cepDestino] => 85501058
    [vlrMercadoria] => 578.00
    [peso] => 3.00
    [cubagem] => Array
        (
            [0] => Array
                (
                    [largura] => 0.30
                    [altura] => 0.20
                    [comprimento] => 0.30
                    [volumes] => 2
                )

        )

    [volumes] => 2
)

05-16-2022 @ 16:30:26 - Braspress Braspress - Rodoviário resposta 200: {"id":167939498,"prazo":3,"totalFrete":88.9}
05-16-2022 @ 17:09:29 - Braspress Braspress - Rodoviário envio: Array
(
    [cnpjRemetente] => 27399462000180
    [cnpjDestinatario] => 11111111111111
    [modal] => R
    [tipoFrete] => 1
    [cepOrigem] => 96412830
    [cepDestino] => 88820000
    [vlrMercadoria] => 319.00
    [peso] => 2.00
    [cubagem] => Array
        (
            [0] => Array
                (
                    [largura] => 0.30
                    [altura] => 0.10
                    [comprimento] => 0.30
                    [volumes] => 1
                )

        )

    [volumes] => 1
)

05-16-2022 @ 17:09:29 - Braspress Braspress - Rodoviário resposta 200: {"id":167948576,"prazo":4,"totalFrete":48.27}
05-16-2022 @ 17:09:31 - Braspress Braspress - Rodoviário envio: Array
(
    [cnpjRemetente] => 27399462000180
    [cnpjDestinatario] => 11111111111111
    [modal] => R
    [tipoFrete] => 1
    [cepOrigem] => 96412830
    [cepDestino] => 88820000
    [vlrMercadoria] => 319.00
    [peso] => 2.00
    [cubagem] => Array
        (
            [0] => Array
                (
                    [largura] => 0.30
                    [altura] => 0.10
                    [comprimento] => 0.30
                    [volumes] => 1
                )

        )

    [volumes] => 1
)

05-16-2022 @ 17:09:31 - Braspress Braspress - Rodoviário resposta 200: {"id":167948581,"prazo":4,"totalFrete":48.27}
05-16-2022 @ 17:12:55 - Braspress Braspress - Rodoviário envio: Array
(
    [cnpjRemetente] => 27399462000180
    [cnpjDestinatario] => 11111111111111
    [modal] => R
    [tipoFrete] => 1
    [cepOrigem] => 96412830
    [cepDestino] => 94425370
    [vlrMercadoria] => 109.00
    [peso] => 0.40
    [cubagem] => Array
        (
            [0] => Array
                (
                    [largura] => 0.23
                    [altura] => 0.10
                    [comprimento] => 0.30
                    [volumes] => 1
                )

        )

    [volumes] => 1
)

05-16-2022 @ 17:12:55 - Braspress Braspress - Rodoviário resposta 200: {"id":167949330,"prazo":3,"totalFrete":33.69}
05-16-2022 @ 17:49:04 - Braspress Braspress - Rodoviário envio: Array
(
    [cnpjRemetente] => 27399462000180
    [cnpjDestinatario] => 11111111111111
    [modal] => R
    [tipoFrete] => 1
    [cepOrigem] => 96412830
    [cepDestino] => 38613206
    [vlrMercadoria] => 390.00
    [peso] => 2.00
    [cubagem] => Array
        (
            [0] => Array
                (
                    [largura] => 0.35
                    [altura] => 0.10
                    [comprimento] => 0.25
                    [volumes] => 1
                )

        )

    [volumes] => 1
)

05-16-2022 @ 17:49:04 - Braspress Braspress - Rodoviário resposta 200: {"id":167955668,"prazo":9,"totalFrete":64.84}
05-16-2022 @ 18:29:23 - Braspress Braspress - Rodoviário envio: Array
(
    [cnpjRemetente] => 27399462000180
    [cnpjDestinatario] => 11111111111111
    [modal] => R
    [tipoFrete] => 1
    [cepOrigem] => 96412830
    [cepDestino] => 03081015
    [vlrMercadoria] => 329.00
    [peso] => 2.50
    [cubagem] => Array
        (
            [0] => Array
                (
                    [largura] => 0.40
                    [altura] => 0.08
                    [comprimento] => 0.40
                    [volumes] => 1
                )

        )

    [volumes] => 1
)

05-16-2022 @ 18:29:23 - Braspress Braspress - Rodoviário resposta 200: {"id":167962193,"prazo":4,"totalFrete":106.3}
05-16-2022 @ 19:07:06 - Braspress Braspress - Rodoviário envio: Array
(
    [cnpjRemetente] => 27399462000180
    [cnpjDestinatario] => 11111111111111
    [modal] => R
    [tipoFrete] => 1
    [cepOrigem] => 96412830
    [cepDestino] => 09041410
    [vlrMercadoria] => 269.00
    [peso] => 10.00
    [cubagem] => Array
        (
            [0] => Array
                (
                    [largura] => 0.40
                    [altura] => 0.45
                    [comprimento] => 0.40
                    [volumes] => 1
                )

        )

    [volumes] => 1
)

05-16-2022 @ 19:07:06 - Braspress Braspress - Rodoviário resposta 200: {"id":167966754,"prazo":5,"totalFrete":138.68}
05-16-2022 @ 20:38:03 - Braspress Braspress - Rodoviário envio: Array
(
    [cnpjRemetente] => 27399462000180
    [cnpjDestinatario] => 11111111111111
    [modal] => R
    [tipoFrete] => 1
    [cepOrigem] => 96412830
    [cepDestino] => 89900000
    [vlrMercadoria] => 779.00
    [peso] => 3.50
    [cubagem] => Array
        (
            [0] => Array
                (
                    [largura] => 0.40
                    [altura] => 0.10
                    [comprimento] => 0.40
                    [volumes] => 1
                )

        )

    [volumes] => 1
)

05-16-2022 @ 20:38:03 - Braspress Braspress - Rodoviário resposta 200: {"id":167977690,"prazo":3,"totalFrete":52.4}
05-16-2022 @ 20:43:15 - Braspress Braspress - Rodoviário envio: Array
(
    [cnpjRemetente] => 27399462000180
    [cnpjDestinatario] => 11111111111111
    [modal] => R
    [tipoFrete] => 1
    [cepOrigem] => 96412830
    [cepDestino] => 29300100
    [vlrMercadoria] => 629.00
    [peso] => 3.00
    [cubagem] => Array
        (
            [0] => Array
                (
                    [largura] => 0.35
                    [altura] => 0.15
                    [comprimento] => 0.40
                    [volumes] => 1
                )

        )

    [volumes] => 1
)

05-16-2022 @ 20:43:15 - Braspress Braspress - Rodoviário resposta 200: {"id":167978434,"prazo":4,"totalFrete":86.32}
