04-09-2022 @ 21:06:47 - Braspress Braspress - Rodoviário envio: Array
(
    [cnpjRemetente] => 27399462000180
    [cnpjDestinatario] => 11111111111111
    [modal] => R
    [tipoFrete] => 1
    [cepOrigem] => 96412830
    [cepDestino] => 95098340
    [vlrMercadoria] => 499.00
    [peso] => 3.50
    [cubagem] => Array
        (
            [0] => Array
                (
                    [largura] => 0.50
                    [altura] => 0.10
                    [comprimento] => 0.50
                    [volumes] => 1
                )

        )

    [volumes] => 1
)

04-09-2022 @ 21:06:47 - Braspress Braspress - Rodoviário resposta 200: {"id":162891294,"prazo":1,"totalFrete":63.67}
04-09-2022 @ 21:09:17 - Braspress Braspress - Rodoviário envio: Array
(
    [cnpjRemetente] => 27399462000180
    [cnpjDestinatario] => 02614660035
    [modal] => R
    [tipoFrete] => 1
    [cepOrigem] => 96412830
    [cepDestino] => 95098340
    [vlrMercadoria] => 499.00
    [peso] => 3.50
    [cubagem] => Array
        (
            [0] => Array
                (
                    [largura] => 0.50
                    [altura] => 0.10
                    [comprimento] => 0.50
                    [volumes] => 1
                )

        )

    [volumes] => 1
)

04-09-2022 @ 21:09:17 - Braspress Braspress - Rodoviário resposta 200: {"id":162891464,"prazo":1,"totalFrete":63.67}
04-09-2022 @ 21:09:21 - Braspress Braspress - Rodoviário envio: Array
(
    [cnpjRemetente] => 27399462000180
    [cnpjDestinatario] => 02614660035
    [modal] => R
    [tipoFrete] => 1
    [cepOrigem] => 96412830
    [cepDestino] => 95098340
    [vlrMercadoria] => 499.00
    [peso] => 3.50
    [cubagem] => Array
        (
            [0] => Array
                (
                    [largura] => 0.50
                    [altura] => 0.10
                    [comprimento] => 0.50
                    [volumes] => 1
                )

        )

    [volumes] => 1
)

04-09-2022 @ 21:09:21 - Braspress Braspress - Rodoviário resposta 200: {"id":162891470,"prazo":1,"totalFrete":63.67}
04-09-2022 @ 21:41:23 - Braspress Braspress - Rodoviário envio: Array
(
    [cnpjRemetente] => 27399462000180
    [cnpjDestinatario] => 11111111111111
    [modal] => R
    [tipoFrete] => 1
    [cepOrigem] => 96412830
    [cepDestino] => 82600590
    [vlrMercadoria] => 289.00
    [peso] => 1.50
    [cubagem] => Array
        (
            [0] => Array
                (
                    [largura] => 0.30
                    [altura] => 0.20
                    [comprimento] => 0.30
                    [volumes] => 1
                )

        )

    [volumes] => 1
)

04-09-2022 @ 21:41:23 - Braspress Braspress - Rodoviário resposta 200: {"id":162893600,"prazo":3,"totalFrete":74.52}
04-09-2022 @ 21:52:47 - Braspress Braspress - Rodoviário envio: Array
(
    [cnpjRemetente] => 27399462000180
    [cnpjDestinatario] => 11111111111111
    [modal] => R
    [tipoFrete] => 1
    [cepOrigem] => 96412830
    [cepDestino] => 05564000
    [vlrMercadoria] => 309.00
    [peso] => 3.00
    [cubagem] => Array
        (
            [0] => Array
                (
                    [largura] => 0.50
                    [altura] => 0.10
                    [comprimento] => 0.40
                    [volumes] => 1
                )

        )

    [volumes] => 1
)

04-09-2022 @ 21:52:47 - Braspress Braspress - Rodoviário resposta 200: {"id":162894405,"prazo":4,"totalFrete":106.13}
04-10-2022 @ 00:03:45 - Braspress Braspress - Rodoviário envio: Array
(
    [cnpjRemetente] => 27399462000180
    [cnpjDestinatario] => 11111111111111
    [modal] => R
    [tipoFrete] => 1
    [cepOrigem] => 96412830
    [cepDestino] => 90020130
    [vlrMercadoria] => 389.00
    [peso] => 10.00
    [cubagem] => Array
        (
            [0] => Array
                (
                    [largura] => 0.70
                    [altura] => 0.42
                    [comprimento] => 0.70
                    [volumes] => 1
                )

        )

    [volumes] => 1
)

04-10-2022 @ 00:03:45 - Braspress Braspress - Rodoviário resposta 200: {"id":162901855,"prazo":1,"totalFrete":62.68}
04-10-2022 @ 00:32:06 - Braspress Braspress - Rodoviário envio: Array
(
    [cnpjRemetente] => 27399462000180
    [cnpjDestinatario] => 11111111111111
    [modal] => R
    [tipoFrete] => 1
    [cepOrigem] => 96412830
    [cepDestino] => 89015208
    [vlrMercadoria] => 99.00
    [peso] => 1.00
    [cubagem] => Array
        (
            [0] => Array
                (
                    [largura] => 0.27
                    [altura] => 0.10
                    [comprimento] => 0.27
                    [volumes] => 1
                )

        )

    [volumes] => 1
)

04-10-2022 @ 00:32:06 - Braspress Braspress - Rodoviário resposta 200: {"id":162903154,"prazo":4,"totalFrete":76.18}
04-10-2022 @ 01:28:32 - Braspress Braspress - Rodoviário envio: Array
(
    [cnpjRemetente] => 27399462000180
    [cnpjDestinatario] => 11111111111111
    [modal] => R
    [tipoFrete] => 1
    [cepOrigem] => 96412830
    [cepDestino] => 96600000
    [vlrMercadoria] => 359.00
    [peso] => 8.00
    [cubagem] => Array
        (
            [0] => Array
                (
                    [largura] => 0.37
                    [altura] => 0.70
                    [comprimento] => 0.42
                    [volumes] => 1
                )

        )

    [volumes] => 1
)

04-10-2022 @ 01:28:32 - Braspress Braspress - Rodoviário resposta 200: {"id":162904962,"prazo":4,"totalFrete":55.55}
04-10-2022 @ 01:31:35 - Braspress Braspress - Rodoviário envio: Array
(
    [cnpjRemetente] => 27399462000180
    [cnpjDestinatario] => 11111111111111
    [modal] => R
    [tipoFrete] => 1
    [cepOrigem] => 96412830
    [cepDestino] => 96600000
    [vlrMercadoria] => 549.00
    [peso] => 10.00
    [cubagem] => Array
        (
            [0] => Array
                (
                    [largura] => 0.45
                    [altura] => 0.48
                    [comprimento] => 0.45
                    [volumes] => 1
                )

        )

    [volumes] => 1
)

04-10-2022 @ 01:31:35 - Braspress Braspress - Rodoviário resposta 200: {"id":162905018,"prazo":4,"totalFrete":56.23}
04-10-2022 @ 02:43:21 - Braspress Braspress - Rodoviário envio: Array
(
    [cnpjRemetente] => 27399462000180
    [cnpjDestinatario] => 11111111111111
    [modal] => R
    [tipoFrete] => 1
    [cepOrigem] => 96412830
    [cepDestino] => 88056250
    [vlrMercadoria] => 619.00
    [peso] => 5.00
    [cubagem] => Array
        (
            [0] => Array
                (
                    [largura] => 0.40
                    [altura] => 0.12
                    [comprimento] => 0.50
                    [volumes] => 1
                )

        )

    [volumes] => 1
)

04-10-2022 @ 02:43:21 - Braspress Braspress - Rodoviário resposta 200: {"id":162906433,"prazo":4,"totalFrete":74.45}
04-10-2022 @ 08:13:27 - Braspress Braspress - Rodoviário envio: Array
(
    [cnpjRemetente] => 27399462000180
    [cnpjDestinatario] => 11111111111111
    [modal] => R
    [tipoFrete] => 1
    [cepOrigem] => 96412830
    [cepDestino] => 95270000
    [vlrMercadoria] => 369.00
    [peso] => 3.00
    [cubagem] => Array
        (
            [0] => Array
                (
                    [largura] => 0.50
                    [altura] => 0.10
                    [comprimento] => 0.40
                    [volumes] => 1
                )

        )

    [volumes] => 1
)

04-10-2022 @ 08:13:27 - Braspress Braspress - Rodoviário resposta 200: {"id":162911123,"prazo":1,"totalFrete":37.75}
04-10-2022 @ 08:16:14 - Braspress Braspress - Rodoviário envio: Array
(
    [cnpjRemetente] => 27399462000180
    [cnpjDestinatario] => 02334664014
    [modal] => R
    [tipoFrete] => 1
    [cepOrigem] => 96412830
    [cepDestino] => 95270000
    [vlrMercadoria] => 369.00
    [peso] => 3.00
    [cubagem] => Array
        (
            [0] => Array
                (
                    [largura] => 0.50
                    [altura] => 0.10
                    [comprimento] => 0.40
                    [volumes] => 1
                )

        )

    [volumes] => 1
)

04-10-2022 @ 08:16:14 - Braspress Braspress - Rodoviário resposta 200: {"id":162911208,"prazo":1,"totalFrete":37.75}
04-10-2022 @ 08:49:29 - Braspress Braspress - Rodoviário envio: Array
(
    [cnpjRemetente] => 27399462000180
    [cnpjDestinatario] => 11111111111111
    [modal] => R
    [tipoFrete] => 1
    [cepOrigem] => 96412830
    [cepDestino] => 89209435
    [vlrMercadoria] => 189.00
    [peso] => 3.00
    [cubagem] => Array
        (
            [0] => Array
                (
                    [largura] => 0.30
                    [altura] => 0.10
                    [comprimento] => 0.30
                    [volumes] => 1
                )

        )

    [volumes] => 1
)

04-10-2022 @ 08:49:29 - Braspress Braspress - Rodoviário resposta 200: {"id":162912561,"prazo":4,"totalFrete":76.61}
04-10-2022 @ 08:58:43 - Braspress Braspress - Rodoviário envio: Array
(
    [cnpjRemetente] => 27399462000180
    [cnpjDestinatario] => 11111111111111
    [modal] => R
    [tipoFrete] => 1
    [cepOrigem] => 96412830
    [cepDestino] => 30110008
    [vlrMercadoria] => 259.00
    [peso] => 1.00
    [cubagem] => Array
        (
            [0] => Array
                (
                    [largura] => 0.25
                    [altura] => 0.20
                    [comprimento] => 0.30
                    [volumes] => 1
                )

        )

    [volumes] => 1
)

04-10-2022 @ 08:58:43 - Braspress Braspress - Rodoviário resposta 200: {"id":162912908,"prazo":4,"totalFrete":83.15}
04-10-2022 @ 09:06:32 - Braspress Braspress - Rodoviário envio: Array
(
    [cnpjRemetente] => 27399462000180
    [cnpjDestinatario] => 11111111111111
    [modal] => R
    [tipoFrete] => 1
    [cepOrigem] => 96412830
    [cepDestino] => 30110008
    [vlrMercadoria] => 339.00
    [peso] => 3.50
    [cubagem] => Array
        (
            [0] => Array
                (
                    [largura] => 0.30
                    [altura] => 0.20
                    [comprimento] => 0.35
                    [volumes] => 1
                )

        )

    [volumes] => 1
)

04-10-2022 @ 09:06:32 - Braspress Braspress - Rodoviário resposta 200: {"id":162913219,"prazo":4,"totalFrete":83.62}
04-10-2022 @ 09:09:29 - Braspress Braspress - Rodoviário envio: Array
(
    [cnpjRemetente] => 27399462000180
    [cnpjDestinatario] => 11111111111111
    [modal] => R
    [tipoFrete] => 1
    [cepOrigem] => 96412830
    [cepDestino] => 30110008
    [vlrMercadoria] => 359.00
    [peso] => 3.00
    [cubagem] => Array
        (
            [0] => Array
                (
                    [largura] => 0.30
                    [altura] => 0.10
                    [comprimento] => 0.40
                    [volumes] => 1
                )

        )

    [volumes] => 1
)

04-10-2022 @ 09:09:29 - Braspress Braspress - Rodoviário resposta 200: {"id":162913365,"prazo":4,"totalFrete":83.75}
04-10-2022 @ 09:13:41 - Braspress Braspress - Rodoviário envio: Array
(
    [cnpjRemetente] => 27399462000180
    [cnpjDestinatario] => 11111111111111
    [modal] => R
    [tipoFrete] => 1
    [cepOrigem] => 96412830
    [cepDestino] => 36038430
    [vlrMercadoria] => 419.00
    [peso] => 4.00
    [cubagem] => Array
        (
            [0] => Array
                (
                    [largura] => 0.40
                    [altura] => 0.10
                    [comprimento] => 0.40
                    [volumes] => 1
                )

        )

    [volumes] => 1
)

04-10-2022 @ 09:13:41 - Braspress Braspress - Rodoviário resposta 200: {"id":162913540,"prazo":5,"totalFrete":89.18}
04-10-2022 @ 09:26:23 - Braspress Braspress - Rodoviário envio: Array
(
    [cnpjRemetente] => 27399462000180
    [cnpjDestinatario] => 11111111111111
    [modal] => R
    [tipoFrete] => 1
    [cepOrigem] => 96412830
    [cepDestino] => 30110008
    [vlrMercadoria] => 569.00
    [peso] => 3.00
    [cubagem] => Array
        (
            [0] => Array
                (
                    [largura] => 0.35
                    [altura] => 0.10
                    [comprimento] => 0.35
                    [volumes] => 1
                )

        )

    [volumes] => 1
)

04-10-2022 @ 09:26:23 - Braspress Braspress - Rodoviário resposta 200: {"id":162914091,"prazo":4,"totalFrete":85.03}
04-10-2022 @ 09:46:32 - Braspress Braspress - Rodoviário envio: Array
(
    [cnpjRemetente] => 27399462000180
    [cnpjDestinatario] => 11111111111111
    [modal] => R
    [tipoFrete] => 1
    [cepOrigem] => 96412830
    [cepDestino] => 30110008
    [vlrMercadoria] => 289.00
    [peso] => 1.50
    [cubagem] => Array
        (
            [0] => Array
                (
                    [largura] => 0.30
                    [altura] => 0.20
                    [comprimento] => 0.30
                    [volumes] => 1
                )

        )

    [volumes] => 1
)

04-10-2022 @ 09:46:32 - Braspress Braspress - Rodoviário resposta 200: {"id":162915170,"prazo":4,"totalFrete":83.33}
04-10-2022 @ 10:30:07 - Braspress Braspress - Rodoviário envio: Array
(
    [cnpjRemetente] => 27399462000180
    [cnpjDestinatario] => 11111111111111
    [modal] => R
    [tipoFrete] => 1
    [cepOrigem] => 96412830
    [cepDestino] => 20320270
    [vlrMercadoria] => 419.00
    [peso] => 2.50
    [cubagem] => Array
        (
            [0] => Array
                (
                    [largura] => 0.32
                    [altura] => 0.08
                    [comprimento] => 0.32
                    [volumes] => 1
                )

        )

    [volumes] => 1
)

04-10-2022 @ 10:30:07 - Braspress Braspress - Rodoviário resposta 400: {"statusCode":500,"message":"Service Error","dateTime":"10/04/2022 10:29:59","errorList":["Erro ao realizar a cotação de frete: VERIFICANDO CEP DESTINO"]}
04-10-2022 @ 10:30:07 - Braspress Braspress - Rodoviário erro: Array
(
    [statusCode] => 500
    [message] => Service Error
    [dateTime] => 10/04/2022 10:29:59
    [errorList] => Array
        (
            [0] => Erro ao realizar a cotação de frete: VERIFICANDO CEP DESTINO
        )

    [ambiente] => https://api.braspress.com/v1/cotacao/calcular/json
)

04-10-2022 @ 10:34:33 - Braspress Braspress - Rodoviário envio: Array
(
    [cnpjRemetente] => 27399462000180
    [cnpjDestinatario] => 11111111111111
    [modal] => R
    [tipoFrete] => 1
    [cepOrigem] => 96412830
    [cepDestino] => 20320270
    [vlrMercadoria] => 419.00
    [peso] => 2.50
    [cubagem] => Array
        (
            [0] => Array
                (
                    [largura] => 0.32
                    [altura] => 0.08
                    [comprimento] => 0.32
                    [volumes] => 1
                )

        )

    [volumes] => 1
)

04-10-2022 @ 10:34:33 - Braspress Braspress - Rodoviário resposta 400: {"statusCode":500,"message":"Service Error","dateTime":"10/04/2022 10:34:29","errorList":["Erro ao realizar a cotação de frete: VERIFICANDO CEP DESTINO"]}
04-10-2022 @ 10:34:33 - Braspress Braspress - Rodoviário erro: Array
(
    [statusCode] => 500
    [message] => Service Error
    [dateTime] => 10/04/2022 10:34:29
    [errorList] => Array
        (
            [0] => Erro ao realizar a cotação de frete: VERIFICANDO CEP DESTINO
        )

    [ambiente] => https://api.braspress.com/v1/cotacao/calcular/json
)

04-10-2022 @ 10:44:44 - Braspress Braspress - Rodoviário envio: Array
(
    [cnpjRemetente] => 27399462000180
    [cnpjDestinatario] => 11111111111111
    [modal] => R
    [tipoFrete] => 1
    [cepOrigem] => 96412830
    [cepDestino] => 30110008
    [vlrMercadoria] => 629.00
    [peso] => 3.00
    [cubagem] => Array
        (
            [0] => Array
                (
                    [largura] => 0.35
                    [altura] => 0.15
                    [comprimento] => 0.40
                    [volumes] => 1
                )

        )

    [volumes] => 1
)

04-10-2022 @ 10:44:44 - Braspress Braspress - Rodoviário resposta 200: {"id":162918834,"prazo":4,"totalFrete":85.41}
04-10-2022 @ 11:00:47 - Braspress Braspress - Rodoviário envio: Array
(
    [cnpjRemetente] => 27399462000180
    [cnpjDestinatario] => 11111111111111
    [modal] => R
    [tipoFrete] => 1
    [cepOrigem] => 96412830
    [cepDestino] => 96600000
    [vlrMercadoria] => 309.00
    [peso] => 2.00
    [cubagem] => Array
        (
            [0] => Array
                (
                    [largura] => 0.30
                    [altura] => 0.08
                    [comprimento] => 0.30
                    [volumes] => 1
                )

        )

    [volumes] => 1
)

04-10-2022 @ 11:00:47 - Braspress Braspress - Rodoviário resposta 200: {"id":162919892,"prazo":4,"totalFrete":39.07}
04-10-2022 @ 11:24:23 - Braspress Braspress - Rodoviário envio: Array
(
    [cnpjRemetente] => 27399462000180
    [cnpjDestinatario] => 11111111111111
    [modal] => R
    [tipoFrete] => 1
    [cepOrigem] => 96412830
    [cepDestino] => 14021575
    [vlrMercadoria] => 3679.00
    [peso] => 15.00
    [cubagem] => Array
        (
            [0] => Array
                (
                    [largura] => 0.70
                    [altura] => 0.30
                    [comprimento] => 0.70
                    [volumes] => 1
                )

        )

    [volumes] => 1
)

04-10-2022 @ 11:24:23 - Braspress Braspress - Rodoviário resposta 200: {"id":162921484,"prazo":4,"totalFrete":146.49}
04-10-2022 @ 12:22:08 - Braspress Braspress - Rodoviário envio: Array
(
    [cnpjRemetente] => 27399462000180
    [cnpjDestinatario] => 11111111111111
    [modal] => R
    [tipoFrete] => 1
    [cepOrigem] => 96412830
    [cepDestino] => 38405387
    [vlrMercadoria] => 1169.00
    [peso] => 5.00
    [cubagem] => Array
        (
            [0] => Array
                (
                    [largura] => 0.40
                    [altura] => 0.10
                    [comprimento] => 0.40
                    [volumes] => 1
                )

        )

    [volumes] => 1
)

04-10-2022 @ 12:22:08 - Braspress Braspress - Rodoviário resposta 200: {"id":162925328,"prazo":4,"totalFrete":94.21}
04-10-2022 @ 12:57:55 - Braspress Braspress - Rodoviário envio: Array
(
    [cnpjRemetente] => 27399462000180
    [cnpjDestinatario] => 29940883803
    [modal] => R
    [tipoFrete] => 1
    [cepOrigem] => 96412830
    [cepDestino] => 13604532
    [vlrMercadoria] => 759.00
    [peso] => 4.50
    [cubagem] => Array
        (
            [0] => Array
                (
                    [largura] => 0.35
                    [altura] => 0.10
                    [comprimento] => 0.40
                    [volumes] => 1
                )

        )

    [volumes] => 1
)

04-10-2022 @ 12:57:55 - Braspress Braspress - Rodoviário resposta 200: {"id":162928120,"prazo":4,"totalFrete":62.87}
04-10-2022 @ 13:04:41 - Braspress Braspress - Rodoviário envio: Array
(
    [cnpjRemetente] => 27399462000180
    [cnpjDestinatario] => 11111111111111
    [modal] => R
    [tipoFrete] => 1
    [cepOrigem] => 96412830
    [cepDestino] => 76330000
    [vlrMercadoria] => 799.00
    [peso] => 5.00
    [cubagem] => Array
        (
            [0] => Array
                (
                    [largura] => 0.40
                    [altura] => 0.12
                    [comprimento] => 0.50
                    [volumes] => 1
                )

        )

    [volumes] => 1
)

04-10-2022 @ 13:04:41 - Braspress Braspress - Rodoviário resposta 200: {"id":162928623,"prazo":7,"totalFrete":118.46}
04-10-2022 @ 13:17:40 - Braspress Braspress - Rodoviário envio: Array
(
    [cnpjRemetente] => 27399462000180
    [cnpjDestinatario] => 11111111111111
    [modal] => R
    [tipoFrete] => 1
    [cepOrigem] => 96412830
    [cepDestino] => 95870000
    [vlrMercadoria] => 319.00
    [peso] => 2.00
    [cubagem] => Array
        (
            [0] => Array
                (
                    [largura] => 0.30
                    [altura] => 0.10
                    [comprimento] => 0.30
                    [volumes] => 1
                )

        )

    [volumes] => 1
)

04-10-2022 @ 13:17:40 - Braspress Braspress - Rodoviário resposta 200: {"id":162929560,"prazo":3,"totalFrete":39.11}
04-10-2022 @ 13:24:05 - Braspress Braspress - Rodoviário envio: Array
(
    [cnpjRemetente] => 27399462000180
    [cnpjDestinatario] => 11111111111111
    [modal] => R
    [tipoFrete] => 1
    [cepOrigem] => 96412830
    [cepDestino] => 18078381
    [vlrMercadoria] => 619.00
    [peso] => 5.00
    [cubagem] => Array
        (
            [0] => Array
                (
                    [largura] => 0.40
                    [altura] => 0.12
                    [comprimento] => 0.50
                    [volumes] => 1
                )

        )

    [volumes] => 1
)

04-10-2022 @ 13:24:05 - Braspress Braspress - Rodoviário resposta 400: {"statusCode":500,"message":"Service Error","dateTime":"10/04/2022 13:24:00","errorList":["Erro ao realizar a cotação de frete: VERIFICANDO CEP DESTINO"]}
04-10-2022 @ 13:24:05 - Braspress Braspress - Rodoviário erro: Array
(
    [statusCode] => 500
    [message] => Service Error
    [dateTime] => 10/04/2022 13:24:00
    [errorList] => Array
        (
            [0] => Erro ao realizar a cotação de frete: VERIFICANDO CEP DESTINO
        )

    [ambiente] => https://api.braspress.com/v1/cotacao/calcular/json
)

04-10-2022 @ 13:31:44 - Braspress Braspress - Rodoviário envio: Array
(
    [cnpjRemetente] => 27399462000180
    [cnpjDestinatario] => 11111111111111
    [modal] => R
    [tipoFrete] => 1
    [cepOrigem] => 96412830
    [cepDestino] => 88502125
    [vlrMercadoria] => 189.00
    [peso] => 3.00
    [cubagem] => Array
        (
            [0] => Array
                (
                    [largura] => 0.30
                    [altura] => 0.10
                    [comprimento] => 0.30
                    [volumes] => 1
                )

        )

    [volumes] => 1
)

04-10-2022 @ 13:31:44 - Braspress Braspress - Rodoviário resposta 200: {"id":162930566,"prazo":5,"totalFrete":78.62}
04-10-2022 @ 13:31:48 - Braspress Braspress - Rodoviário envio: Array
(
    [cnpjRemetente] => 27399462000180
    [cnpjDestinatario] => 11111111111111
    [modal] => R
    [tipoFrete] => 1
    [cepOrigem] => 96412830
    [cepDestino] => 88502125
    [vlrMercadoria] => 189.00
    [peso] => 3.00
    [cubagem] => Array
        (
            [0] => Array
                (
                    [largura] => 0.30
                    [altura] => 0.10
                    [comprimento] => 0.30
                    [volumes] => 1
                )

        )

    [volumes] => 1
)

04-10-2022 @ 13:31:48 - Braspress Braspress - Rodoviário resposta 200: {"id":162930574,"prazo":5,"totalFrete":78.62}
04-10-2022 @ 13:44:56 - Braspress Braspress - Rodoviário envio: Array
(
    [cnpjRemetente] => 27399462000180
    [cnpjDestinatario] => 11111111111111
    [modal] => R
    [tipoFrete] => 1
    [cepOrigem] => 96412830
    [cepDestino] => 88865000
    [vlrMercadoria] => 1059.00
    [peso] => 7.00
    [cubagem] => Array
        (
            [0] => Array
                (
                    [largura] => 0.50
                    [altura] => 0.12
                    [comprimento] => 0.50
                    [volumes] => 1
                )

        )

    [volumes] => 1
)

04-10-2022 @ 13:44:56 - Braspress Braspress - Rodoviário resposta 200: {"id":162931572,"prazo":4,"totalFrete":51.69}
04-10-2022 @ 14:44:35 - Braspress Braspress - Rodoviário envio: Array
(
    [cnpjRemetente] => 27399462000180
    [cnpjDestinatario] => 11111111111111
    [modal] => R
    [tipoFrete] => 1
    [cepOrigem] => 96412830
    [cepDestino] => 85580000
    [vlrMercadoria] => 629.00
    [peso] => 3.00
    [cubagem] => Array
        (
            [0] => Array
                (
                    [largura] => 0.35
                    [altura] => 0.15
                    [comprimento] => 0.40
                    [volumes] => 1
                )

        )

    [volumes] => 1
)

04-10-2022 @ 14:44:35 - Braspress Braspress - Rodoviário resposta 200: {"id":162935967,"prazo":4,"totalFrete":53.63}
04-10-2022 @ 14:46:42 - Braspress Braspress - Rodoviário envio: Array
(
    [cnpjRemetente] => 27399462000180
    [cnpjDestinatario] => 06807788967
    [modal] => R
    [tipoFrete] => 1
    [cepOrigem] => 96412830
    [cepDestino] => 85580000
    [vlrMercadoria] => 629.00
    [peso] => 3.00
    [cubagem] => Array
        (
            [0] => Array
                (
                    [largura] => 0.35
                    [altura] => 0.15
                    [comprimento] => 0.40
                    [volumes] => 1
                )

        )

    [volumes] => 1
)

04-10-2022 @ 14:46:42 - Braspress Braspress - Rodoviário resposta 200: {"id":162936125,"prazo":4,"totalFrete":53.63}
04-10-2022 @ 14:46:45 - Braspress Braspress - Rodoviário envio: Array
(
    [cnpjRemetente] => 27399462000180
    [cnpjDestinatario] => 06807788967
    [modal] => R
    [tipoFrete] => 1
    [cepOrigem] => 96412830
    [cepDestino] => 85580000
    [vlrMercadoria] => 629.00
    [peso] => 3.00
    [cubagem] => Array
        (
            [0] => Array
                (
                    [largura] => 0.35
                    [altura] => 0.15
                    [comprimento] => 0.40
                    [volumes] => 1
                )

        )

    [volumes] => 1
)

04-10-2022 @ 14:46:45 - Braspress Braspress - Rodoviário resposta 200: {"id":162936129,"prazo":4,"totalFrete":53.63}
04-10-2022 @ 14:46:50 - Braspress Braspress - Rodoviário envio: Array
(
    [cnpjRemetente] => 27399462000180
    [cnpjDestinatario] => 06807788967
    [modal] => R
    [tipoFrete] => 1
    [cepOrigem] => 96412830
    [cepDestino] => 85580000
    [vlrMercadoria] => 629.00
    [peso] => 3.00
    [cubagem] => Array
        (
            [0] => Array
                (
                    [largura] => 0.35
                    [altura] => 0.15
                    [comprimento] => 0.40
                    [volumes] => 1
                )

        )

    [volumes] => 1
)

04-10-2022 @ 14:46:50 - Braspress Braspress - Rodoviário resposta 200: {"id":162936134,"prazo":4,"totalFrete":53.63}
04-10-2022 @ 14:46:53 - Braspress Braspress - Rodoviário envio: Array
(
    [cnpjRemetente] => 27399462000180
    [cnpjDestinatario] => 11111111111111
    [modal] => R
    [tipoFrete] => 1
    [cepOrigem] => 96412830
    [cepDestino] => 79428000
    [vlrMercadoria] => 698.00
    [peso] => 7.00
    [cubagem] => Array
        (
            [0] => Array
                (
                    [largura] => 0.30
                    [altura] => 0.20
                    [comprimento] => 0.35
                    [volumes] => 2
                )

        )

    [volumes] => 2
)

04-10-2022 @ 14:46:53 - Braspress Braspress - Rodoviário resposta 200: {"id":162936139,"prazo":20,"totalFrete":109.54}
04-10-2022 @ 14:46:55 - Braspress Braspress - Rodoviário envio: Array
(
    [cnpjRemetente] => 27399462000180
    [cnpjDestinatario] => 06807788967
    [modal] => R
    [tipoFrete] => 1
    [cepOrigem] => 96412830
    [cepDestino] => 85580000
    [vlrMercadoria] => 629.00
    [peso] => 3.00
    [cubagem] => Array
        (
            [0] => Array
                (
                    [largura] => 0.35
                    [altura] => 0.15
                    [comprimento] => 0.40
                    [volumes] => 1
                )

        )

    [volumes] => 1
)

04-10-2022 @ 14:46:55 - Braspress Braspress - Rodoviário resposta 200: {"id":162936141,"prazo":4,"totalFrete":53.63}
04-10-2022 @ 14:47:08 - Braspress Braspress - Rodoviário envio: Array
(
    [cnpjRemetente] => 27399462000180
    [cnpjDestinatario] => 06807788967
    [modal] => R
    [tipoFrete] => 1
    [cepOrigem] => 96412830
    [cepDestino] => 85580000
    [vlrMercadoria] => 629.00
    [peso] => 3.00
    [cubagem] => Array
        (
            [0] => Array
                (
                    [largura] => 0.35
                    [altura] => 0.15
                    [comprimento] => 0.40
                    [volumes] => 1
                )

        )

    [volumes] => 1
)

04-10-2022 @ 14:47:08 - Braspress Braspress - Rodoviário resposta 200: {"id":162936154,"prazo":4,"totalFrete":53.63}
04-10-2022 @ 14:48:57 - Braspress Braspress - Rodoviário envio: Array
(
    [cnpjRemetente] => 27399462000180
    [cnpjDestinatario] => 00409407992
    [modal] => R
    [tipoFrete] => 1
    [cepOrigem] => 96412830
    [cepDestino] => 88502125
    [vlrMercadoria] => 189.00
    [peso] => 3.00
    [cubagem] => Array
        (
            [0] => Array
                (
                    [largura] => 0.30
                    [altura] => 0.10
                    [comprimento] => 0.30
                    [volumes] => 1
                )

        )

    [volumes] => 1
)

04-10-2022 @ 14:48:57 - Braspress Braspress - Rodoviário resposta 200: {"id":162936301,"prazo":5,"totalFrete":78.62}
04-10-2022 @ 14:48:59 - Braspress Braspress - Rodoviário envio: Array
(
    [cnpjRemetente] => 27399462000180
    [cnpjDestinatario] => 00409407992
    [modal] => R
    [tipoFrete] => 1
    [cepOrigem] => 96412830
    [cepDestino] => 88502125
    [vlrMercadoria] => 189.00
    [peso] => 3.00
    [cubagem] => Array
        (
            [0] => Array
                (
                    [largura] => 0.30
                    [altura] => 0.10
                    [comprimento] => 0.30
                    [volumes] => 1
                )

        )

    [volumes] => 1
)

04-10-2022 @ 14:48:59 - Braspress Braspress - Rodoviário resposta 200: {"id":162936306,"prazo":5,"totalFrete":78.62}
04-10-2022 @ 14:49:33 - Braspress Braspress - Rodoviário envio: Array
(
    [cnpjRemetente] => 27399462000180
    [cnpjDestinatario] => 00409407992
    [modal] => R
    [tipoFrete] => 1
    [cepOrigem] => 96412830
    [cepDestino] => 88502125
    [vlrMercadoria] => 189.00
    [peso] => 3.00
    [cubagem] => Array
        (
            [0] => Array
                (
                    [largura] => 0.30
                    [altura] => 0.10
                    [comprimento] => 0.30
                    [volumes] => 1
                )

        )

    [volumes] => 1
)

04-10-2022 @ 14:49:33 - Braspress Braspress - Rodoviário resposta 200: {"id":162936356,"prazo":5,"totalFrete":78.62}
04-10-2022 @ 15:38:46 - Braspress Braspress - Rodoviário envio: Array
(
    [cnpjRemetente] => 27399462000180
    [cnpjDestinatario] => 11111111111111
    [modal] => R
    [tipoFrete] => 1
    [cepOrigem] => 96412830
    [cepDestino] => 90850130
    [vlrMercadoria] => 109.00
    [peso] => 0.40
    [cubagem] => Array
        (
            [0] => Array
                (
                    [largura] => 0.23
                    [altura] => 0.10
                    [comprimento] => 0.30
                    [volumes] => 1
                )

        )

    [volumes] => 1
)

04-10-2022 @ 15:38:46 - Braspress Braspress - Rodoviário resposta 200: {"id":162940148,"prazo":1,"totalFrete":33.69}
04-10-2022 @ 15:56:06 - Braspress Braspress - Rodoviário envio: Array
(
    [cnpjRemetente] => 27399462000180
    [cnpjDestinatario] => 11111111111111
    [modal] => R
    [tipoFrete] => 1
    [cepOrigem] => 96412830
    [cepDestino] => 89700015
    [vlrMercadoria] => 1169.00
    [peso] => 5.00
    [cubagem] => Array
        (
            [0] => Array
                (
                    [largura] => 0.40
                    [altura] => 0.10
                    [comprimento] => 0.40
                    [volumes] => 1
                )

        )

    [volumes] => 1
)

04-10-2022 @ 15:56:06 - Braspress Braspress - Rodoviário resposta 200: {"id":162941522,"prazo":4,"totalFrete":54.19}
04-10-2022 @ 16:12:54 - Braspress Braspress - Rodoviário envio: Array
(
    [cnpjRemetente] => 27399462000180
    [cnpjDestinatario] => 11111111111111
    [modal] => R
    [tipoFrete] => 1
    [cepOrigem] => 96412830
    [cepDestino] => 17211680
    [vlrMercadoria] => 319.00
    [peso] => 2.00
    [cubagem] => Array
        (
            [0] => Array
                (
                    [largura] => 0.30
                    [altura] => 0.10
                    [comprimento] => 0.30
                    [volumes] => 1
                )

        )

    [volumes] => 1
)

04-10-2022 @ 16:12:54 - Braspress Braspress - Rodoviário resposta 400: {"statusCode":500,"message":"Service Error","dateTime":"10/04/2022 16:12:50","errorList":["Erro ao realizar a cotação de frete: VERIFICANDO CEP DESTINO"]}
04-10-2022 @ 16:12:54 - Braspress Braspress - Rodoviário erro: Array
(
    [statusCode] => 500
    [message] => Service Error
    [dateTime] => 10/04/2022 16:12:50
    [errorList] => Array
        (
            [0] => Erro ao realizar a cotação de frete: VERIFICANDO CEP DESTINO
        )

    [ambiente] => https://api.braspress.com/v1/cotacao/calcular/json
)

04-10-2022 @ 17:34:04 - Braspress Braspress - Rodoviário envio: Array
(
    [cnpjRemetente] => 27399462000180
    [cnpjDestinatario] => 11111111111111
    [modal] => R
    [tipoFrete] => 1
    [cepOrigem] => 96412830
    [cepDestino] => 99010100
    [vlrMercadoria] => 1989.00
    [peso] => 13.00
    [cubagem] => Array
        (
            [0] => Array
                (
                    [largura] => 0.65
                    [altura] => 0.15
                    [comprimento] => 0.60
                    [volumes] => 1
                )

        )

    [volumes] => 1
)

04-10-2022 @ 17:34:04 - Braspress Braspress - Rodoviário resposta 200: {"id":162949641,"prazo":1,"totalFrete":75.41}
04-10-2022 @ 17:34:58 - Braspress Braspress - Rodoviário envio: Array
(
    [cnpjRemetente] => 27399462000180
    [cnpjDestinatario] => 11111111111111
    [modal] => R
    [tipoFrete] => 1
    [cepOrigem] => 96412830
    [cepDestino] => 99010100
    [vlrMercadoria] => 1989.00
    [peso] => 13.00
    [cubagem] => Array
        (
            [0] => Array
                (
                    [largura] => 0.65
                    [altura] => 0.15
                    [comprimento] => 0.60
                    [volumes] => 1
                )

        )

    [volumes] => 1
)

04-10-2022 @ 17:34:58 - Braspress Braspress - Rodoviário resposta 500: {"statusCode":500,"message":"Erro interno","dateTime":"10/04/2022 17:34:58","errorList":["Could not open JPA EntityManager for transaction; nested exception is org.hibernate.exception.JDBCConnectionException: Unable to acquire JDBC Connection"]}
04-10-2022 @ 17:34:58 - Braspress Braspress - Rodoviário erro: Array
(
    [statusCode] => 500
    [message] => Erro interno
    [dateTime] => 10/04/2022 17:34:58
    [errorList] => Array
        (
            [0] => Could not open JPA EntityManager for transaction; nested exception is org.hibernate.exception.JDBCConnectionException: Unable to acquire JDBC Connection
        )

    [ambiente] => https://api.braspress.com/v1/cotacao/calcular/json
)

04-10-2022 @ 17:35:33 - Braspress Braspress - Rodoviário envio: Array
(
    [cnpjRemetente] => 27399462000180
    [cnpjDestinatario] => 00984331050
    [modal] => R
    [tipoFrete] => 1
    [cepOrigem] => 96412830
    [cepDestino] => 99010100
    [vlrMercadoria] => 1989.00
    [peso] => 13.00
    [cubagem] => Array
        (
            [0] => Array
                (
                    [largura] => 0.65
                    [altura] => 0.15
                    [comprimento] => 0.60
                    [volumes] => 1
                )

        )

    [volumes] => 1
)

04-10-2022 @ 17:35:33 - Braspress Braspress - Rodoviário resposta 401: {"statusCode":403,"message":"Authentication failed","dateTime":"10/04/2022 17:35:32","errorList":null}

04-10-2022 @ 17:35:33 - Braspress Braspress - Rodoviário erro: Array
(
    [statusCode] => 403
    [message] => Authentication failed
    [dateTime] => 10/04/2022 17:35:32
    [errorList] => 
    [ambiente] => https://api.braspress.com/v1/cotacao/calcular/json
)

04-10-2022 @ 17:36:37 - Braspress Braspress - Rodoviário envio: Array
(
    [cnpjRemetente] => 27399462000180
    [cnpjDestinatario] => 00984331050
    [modal] => R
    [tipoFrete] => 1
    [cepOrigem] => 96412830
    [cepDestino] => 99010100
    [vlrMercadoria] => 1989.00
    [peso] => 13.00
    [cubagem] => Array
        (
            [0] => Array
                (
                    [largura] => 0.65
                    [altura] => 0.15
                    [comprimento] => 0.60
                    [volumes] => 1
                )

        )

    [volumes] => 1
)

04-10-2022 @ 17:36:37 - Braspress Braspress - Rodoviário resposta 200: {"id":162949801,"prazo":1,"totalFrete":75.41}
04-10-2022 @ 17:37:03 - Braspress Braspress - Rodoviário envio: Array
(
    [cnpjRemetente] => 27399462000180
    [cnpjDestinatario] => 11111111111111
    [modal] => R
    [tipoFrete] => 1
    [cepOrigem] => 96412830
    [cepDestino] => 89280280
    [vlrMercadoria] => 1589.00
    [peso] => 10.00
    [cubagem] => Array
        (
            [0] => Array
                (
                    [largura] => 0.55
                    [altura] => 0.15
                    [comprimento] => 0.65
                    [volumes] => 1
                )

        )

    [volumes] => 1
)

04-10-2022 @ 17:37:03 - Braspress Braspress - Rodoviário resposta 200: {"id":162949855,"prazo":5,"totalFrete":64.86}
04-10-2022 @ 17:37:10 - Braspress Braspress - Rodoviário envio: Array
(
    [cnpjRemetente] => 27399462000180
    [cnpjDestinatario] => 00984331050
    [modal] => R
    [tipoFrete] => 1
    [cepOrigem] => 96412830
    [cepDestino] => 99010100
    [vlrMercadoria] => 1989.00
    [peso] => 13.00
    [cubagem] => Array
        (
            [0] => Array
                (
                    [largura] => 0.65
                    [altura] => 0.15
                    [comprimento] => 0.60
                    [volumes] => 1
                )

        )

    [volumes] => 1
)

04-10-2022 @ 17:37:10 - Braspress Braspress - Rodoviário resposta 401: {"statusCode":403,"message":"Authentication failed","dateTime":"10/04/2022 17:37:09","errorList":null}

04-10-2022 @ 17:37:10 - Braspress Braspress - Rodoviário erro: Array
(
    [statusCode] => 403
    [message] => Authentication failed
    [dateTime] => 10/04/2022 17:37:09
    [errorList] => 
    [ambiente] => https://api.braspress.com/v1/cotacao/calcular/json
)

04-10-2022 @ 17:37:42 - Braspress Braspress - Rodoviário envio: Array
(
    [cnpjRemetente] => 27399462000180
    [cnpjDestinatario] => 11111111111111
    [modal] => R
    [tipoFrete] => 1
    [cepOrigem] => 96412830
    [cepDestino] => 99010100
    [vlrMercadoria] => 1989.00
    [peso] => 13.00
    [cubagem] => Array
        (
            [0] => Array
                (
                    [largura] => 0.65
                    [altura] => 0.15
                    [comprimento] => 0.60
                    [volumes] => 1
                )

        )

    [volumes] => 1
)

04-10-2022 @ 17:37:42 - Braspress Braspress - Rodoviário resposta 401: {"statusCode":403,"message":"Authentication failed","dateTime":"10/04/2022 17:37:42","errorList":null}

04-10-2022 @ 17:37:42 - Braspress Braspress - Rodoviário erro: Array
(
    [statusCode] => 403
    [message] => Authentication failed
    [dateTime] => 10/04/2022 17:37:42
    [errorList] => 
    [ambiente] => https://api.braspress.com/v1/cotacao/calcular/json
)

04-10-2022 @ 17:37:44 - Braspress Braspress - Rodoviário envio: Array
(
    [cnpjRemetente] => 27399462000180
    [cnpjDestinatario] => 00984331050
    [modal] => R
    [tipoFrete] => 1
    [cepOrigem] => 96412830
    [cepDestino] => 99010100
    [vlrMercadoria] => 1989.00
    [peso] => 13.00
    [cubagem] => Array
        (
            [0] => Array
                (
                    [largura] => 0.65
                    [altura] => 0.15
                    [comprimento] => 0.60
                    [volumes] => 1
                )

        )

    [volumes] => 1
)

04-10-2022 @ 17:37:44 - Braspress Braspress - Rodoviário resposta 200: {"id":162949909,"prazo":1,"totalFrete":75.41}
04-10-2022 @ 17:38:49 - Braspress Braspress - Rodoviário envio: Array
(
    [cnpjRemetente] => 27399462000180
    [cnpjDestinatario] => 11111111111111
    [modal] => R
    [tipoFrete] => 1
    [cepOrigem] => 96412830
    [cepDestino] => 99010100
    [vlrMercadoria] => 1989.00
    [peso] => 13.00
    [cubagem] => Array
        (
            [0] => Array
                (
                    [largura] => 0.65
                    [altura] => 0.15
                    [comprimento] => 0.60
                    [volumes] => 1
                )

        )

    [volumes] => 1
)

04-10-2022 @ 17:38:49 - Braspress Braspress - Rodoviário resposta 200: {"id":162949957,"prazo":1,"totalFrete":75.41}
04-10-2022 @ 17:39:13 - Braspress Braspress - Rodoviário envio: Array
(
    [cnpjRemetente] => 27399462000180
    [cnpjDestinatario] => 00984331050
    [modal] => R
    [tipoFrete] => 1
    [cepOrigem] => 96412830
    [cepDestino] => 99010100
    [vlrMercadoria] => 1989.00
    [peso] => 13.00
    [cubagem] => Array
        (
            [0] => Array
                (
                    [largura] => 0.65
                    [altura] => 0.15
                    [comprimento] => 0.60
                    [volumes] => 1
                )

        )

    [volumes] => 1
)

04-10-2022 @ 17:39:13 - Braspress Braspress - Rodoviário resposta 200: {"id":162950022,"prazo":1,"totalFrete":75.41}
04-10-2022 @ 17:40:04 - Braspress Braspress - Rodoviário envio: Array
(
    [cnpjRemetente] => 27399462000180
    [cnpjDestinatario] => 11111111111111
    [modal] => R
    [tipoFrete] => 1
    [cepOrigem] => 96412830
    [cepDestino] => 89280280
    [vlrMercadoria] => 359.00
    [peso] => 8.00
    [cubagem] => Array
        (
            [0] => Array
                (
                    [largura] => 0.37
                    [altura] => 0.70
                    [comprimento] => 0.42
                    [volumes] => 1
                )

        )

    [volumes] => 1
)

04-10-2022 @ 17:40:04 - Braspress Braspress - Rodoviário resposta 200: {"id":162950046,"prazo":5,"totalFrete":71.54}
04-10-2022 @ 17:40:29 - Braspress Braspress - Rodoviário envio: Array
(
    [cnpjRemetente] => 27399462000180
    [cnpjDestinatario] => 00984331050
    [modal] => R
    [tipoFrete] => 1
    [cepOrigem] => 96412830
    [cepDestino] => 99010100
    [vlrMercadoria] => 1989.00
    [peso] => 13.00
    [cubagem] => Array
        (
            [0] => Array
                (
                    [largura] => 0.65
                    [altura] => 0.15
                    [comprimento] => 0.60
                    [volumes] => 1
                )

        )

    [volumes] => 1
)

04-10-2022 @ 17:40:29 - Braspress Braspress - Rodoviário resposta 400: {"statusCode":500,"message":"Erro Interno","dateTime":"10/04/2022 17:40:29","errorList":["Unable to acquire JDBC Connection; nested exception is org.hibernate.exception.JDBCConnectionException: Unable to acquire JDBC Connection"]}
04-10-2022 @ 17:40:29 - Braspress Braspress - Rodoviário erro: Array
(
    [statusCode] => 500
    [message] => Erro Interno
    [dateTime] => 10/04/2022 17:40:29
    [errorList] => Array
        (
            [0] => Unable to acquire JDBC Connection; nested exception is org.hibernate.exception.JDBCConnectionException: Unable to acquire JDBC Connection
        )

    [ambiente] => https://api.braspress.com/v1/cotacao/calcular/json
)

04-10-2022 @ 20:35:43 - Braspress Braspress - Rodoviário envio: Array
(
    [cnpjRemetente] => 27399462000180
    [cnpjDestinatario] => 11111111111111
    [modal] => R
    [tipoFrete] => 1
    [cepOrigem] => 96412830
    [cepDestino] => 88348435
    [vlrMercadoria] => 1799.00
    [peso] => 15.00
    [cubagem] => Array
        (
            [0] => Array
                (
                    [largura] => 0.70
                    [altura] => 0.18
                    [comprimento] => 0.65
                    [volumes] => 1
                )

        )

    [volumes] => 1
)

04-10-2022 @ 20:35:43 - Braspress Braspress - Rodoviário resposta 200: {"id":162964640,"prazo":3,"totalFrete":75.28}
