03-17-2022 @ 22:15:45 - Braspress Braspress - Rodoviário envio: Array
(
    [cnpjRemetente] => 27399462000180
    [cnpjDestinatario] => 11111111111111
    [modal] => R
    [tipoFrete] => 1
    [cepOrigem] => 96412830
    [cepDestino] => 23142420
    [vlrMercadoria] => 619.00
    [peso] => 9.00
    [cubagem] => Array
        (
            [0] => Array
                (
                    [largura] => 0.68
                    [altura] => 0.20
                    [comprimento] => 0.40
                    [volumes] => 1
                )

        )

    [volumes] => 1
)

03-17-2022 @ 22:15:45 - Braspress Braspress - Rodoviário resposta 400: {"statusCode":500,"message":"Service Error","dateTime":"17/03/2022 22:15:43","errorList":["Erro ao realizar a cotação de frete: VERIFICANDO CEP DESTINO"]}
03-17-2022 @ 22:15:45 - Braspress Braspress - Rodoviário erro: Array
(
    [statusCode] => 500
    [message] => Service Error
    [dateTime] => 17/03/2022 22:15:43
    [errorList] => Array
        (
            [0] => Erro ao realizar a cotação de frete: VERIFICANDO CEP DESTINO
        )

    [ambiente] => https://api.braspress.com/v1/cotacao/calcular/json
)

03-17-2022 @ 22:16:24 - Braspress Braspress - Rodoviário envio: Array
(
    [cnpjRemetente] => 27399462000180
    [cnpjDestinatario] => 11111111111111
    [modal] => R
    [tipoFrete] => 1
    [cepOrigem] => 96412830
    [cepDestino] => 89239220
    [vlrMercadoria] => 390.00
    [peso] => 2.00
    [cubagem] => Array
        (
            [0] => Array
                (
                    [largura] => 0.35
                    [altura] => 0.10
                    [comprimento] => 0.25
                    [volumes] => 1
                )

        )

    [volumes] => 1
)

03-17-2022 @ 22:16:24 - Braspress Braspress - Rodoviário resposta 200: {"id":159687804,"prazo":4,"totalFrete":77.54}
03-17-2022 @ 23:34:21 - Braspress Braspress - Rodoviário envio: Array
(
    [cnpjRemetente] => 27399462000180
    [cnpjDestinatario] => 11111111111111
    [modal] => R
    [tipoFrete] => 1
    [cepOrigem] => 96412830
    [cepDestino] => 07240054
    [vlrMercadoria] => 209.00
    [peso] => 2.00
    [cubagem] => Array
        (
            [0] => Array
                (
                    [largura] => 0.40
                    [altura] => 0.08
                    [comprimento] => 0.40
                    [volumes] => 1
                )

        )

    [volumes] => 1
)

03-17-2022 @ 23:34:21 - Braspress Braspress - Rodoviário resposta 200: {"id":159694479,"prazo":5,"totalFrete":105.26}
03-18-2022 @ 00:03:51 - Braspress Braspress - Rodoviário envio: Array
(
    [cnpjRemetente] => 27399462000180
    [cnpjDestinatario] => 11111111111111
    [modal] => R
    [tipoFrete] => 1
    [cepOrigem] => 96412830
    [cepDestino] => 06020190
    [vlrMercadoria] => 239.00
    [peso] => 1.00
    [cubagem] => Array
        (
            [0] => Array
                (
                    [largura] => 0.25
                    [altura] => 0.20
                    [comprimento] => 0.30
                    [volumes] => 1
                )

        )

    [volumes] => 1
)

03-18-2022 @ 00:03:51 - Braspress Braspress - Rodoviário resposta 200: {"id":159696800,"prazo":5,"totalFrete":105.53}
03-18-2022 @ 00:16:09 - Braspress Braspress - Rodoviário envio: Array
(
    [cnpjRemetente] => 27399462000180
    [cnpjDestinatario] => 11111111111111
    [modal] => R
    [tipoFrete] => 1
    [cepOrigem] => 96412830
    [cepDestino] => 71050211
    [vlrMercadoria] => 289.00
    [peso] => 2.00
    [cubagem] => Array
        (
            [0] => Array
                (
                    [largura] => 0.30
                    [altura] => 0.08
                    [comprimento] => 0.30
                    [volumes] => 1
                )

        )

    [volumes] => 1
)

03-18-2022 @ 00:16:09 - Braspress Braspress - Rodoviário resposta 200: {"id":159697726,"prazo":5,"totalFrete":80.44}
03-18-2022 @ 00:20:12 - Braspress Braspress - Rodoviário envio: Array
(
    [cnpjRemetente] => 27399462000180
    [cnpjDestinatario] => 01646530152
    [modal] => R
    [tipoFrete] => 1
    [cepOrigem] => 96412830
    [cepDestino] => 71050211
    [vlrMercadoria] => 289.00
    [peso] => 2.00
    [cubagem] => Array
        (
            [0] => Array
                (
                    [largura] => 0.30
                    [altura] => 0.08
                    [comprimento] => 0.30
                    [volumes] => 1
                )

        )

    [volumes] => 1
)

03-18-2022 @ 00:20:12 - Braspress Braspress - Rodoviário resposta 200: {"id":159697952,"prazo":5,"totalFrete":159.93}
03-18-2022 @ 00:20:16 - Braspress Braspress - Rodoviário envio: Array
(
    [cnpjRemetente] => 27399462000180
    [cnpjDestinatario] => 01646530152
    [modal] => R
    [tipoFrete] => 1
    [cepOrigem] => 96412830
    [cepDestino] => 71050211
    [vlrMercadoria] => 289.00
    [peso] => 2.00
    [cubagem] => Array
        (
            [0] => Array
                (
                    [largura] => 0.30
                    [altura] => 0.08
                    [comprimento] => 0.30
                    [volumes] => 1
                )

        )

    [volumes] => 1
)

03-18-2022 @ 00:20:16 - Braspress Braspress - Rodoviário resposta 200: {"id":159697958,"prazo":5,"totalFrete":159.93}
03-18-2022 @ 06:16:20 - Braspress Braspress - Rodoviário envio: Array
(
    [cnpjRemetente] => 27399462000180
    [cnpjDestinatario] => 11111111111111
    [modal] => R
    [tipoFrete] => 1
    [cepOrigem] => 96412830
    [cepDestino] => 95705200
    [vlrMercadoria] => 109.00
    [peso] => 0.40
    [cubagem] => Array
        (
            [0] => Array
                (
                    [largura] => 0.23
                    [altura] => 0.10
                    [comprimento] => 0.30
                    [volumes] => 1
                )

        )

    [volumes] => 1
)

03-18-2022 @ 06:16:20 - Braspress Braspress - Rodoviário resposta 200: {"id":159706969,"prazo":2,"totalFrete":63.83}
03-18-2022 @ 06:16:36 - Braspress Braspress - Rodoviário envio: Array
(
    [cnpjRemetente] => 27399462000180
    [cnpjDestinatario] => 11111111111111
    [modal] => R
    [tipoFrete] => 1
    [cepOrigem] => 96412830
    [cepDestino] => 95705200
    [vlrMercadoria] => 218.00
    [peso] => 0.80
    [cubagem] => Array
        (
            [0] => Array
                (
                    [largura] => 0.23
                    [altura] => 0.10
                    [comprimento] => 0.30
                    [volumes] => 2
                )

        )

    [volumes] => 2
)

03-18-2022 @ 06:16:36 - Braspress Braspress - Rodoviário resposta 200: {"id":159706981,"prazo":2,"totalFrete":64.22}
03-18-2022 @ 06:16:58 - Braspress Braspress - Rodoviário envio: Array
(
    [cnpjRemetente] => 27399462000180
    [cnpjDestinatario] => 11111111111111
    [modal] => R
    [tipoFrete] => 1
    [cepOrigem] => 96412830
    [cepDestino] => 95705200
    [vlrMercadoria] => 327.00
    [peso] => 1.20
    [cubagem] => Array
        (
            [0] => Array
                (
                    [largura] => 0.23
                    [altura] => 0.10
                    [comprimento] => 0.30
                    [volumes] => 3
                )

        )

    [volumes] => 3
)

03-18-2022 @ 06:16:58 - Braspress Braspress - Rodoviário resposta 200: {"id":159706994,"prazo":2,"totalFrete":64.61}
03-18-2022 @ 07:05:00 - Braspress Braspress - Rodoviário envio: Array
(
    [cnpjRemetente] => 27399462000180
    [cnpjDestinatario] => 11111111111111
    [modal] => R
    [tipoFrete] => 1
    [cepOrigem] => 96412830
    [cepDestino] => 95588000
    [vlrMercadoria] => 319.00
    [peso] => 3.50
    [cubagem] => Array
        (
            [0] => Array
                (
                    [largura] => 0.30
                    [altura] => 0.20
                    [comprimento] => 0.35
                    [volumes] => 1
                )

        )

    [volumes] => 1
)

03-18-2022 @ 07:05:00 - Braspress Braspress - Rodoviário resposta 200: {"id":159708230,"prazo":2,"totalFrete":39.11}
03-18-2022 @ 09:14:22 - Braspress Braspress - Rodoviário envio: Array
(
    [cnpjRemetente] => 27399462000180
    [cnpjDestinatario] => 11111111111111
    [modal] => R
    [tipoFrete] => 1
    [cepOrigem] => 96412830
    [cepDestino] => 34580030
    [vlrMercadoria] => 209.00
    [peso] => 2.00
    [cubagem] => Array
        (
            [0] => Array
                (
                    [largura] => 0.30
                    [altura] => 0.08
                    [comprimento] => 0.30
                    [volumes] => 1
                )

        )

    [volumes] => 1
)

03-18-2022 @ 09:14:22 - Braspress Braspress - Rodoviário resposta 200: {"id":159720377,"prazo":6,"totalFrete":82.82}
03-18-2022 @ 09:27:24 - Braspress Braspress - Rodoviário envio: Array
(
    [cnpjRemetente] => 27399462000180
    [cnpjDestinatario] => 11111111111111
    [modal] => R
    [tipoFrete] => 1
    [cepOrigem] => 96412830
    [cepDestino] => 09732480
    [vlrMercadoria] => 287.20
    [peso] => 8.00
    [cubagem] => Array
        (
            [0] => Array
                (
                    [largura] => 0.37
                    [altura] => 0.70
                    [comprimento] => 0.42
                    [volumes] => 1
                )

        )

    [volumes] => 1
)

03-18-2022 @ 09:27:24 - Braspress Braspress - Rodoviário resposta 200: {"id":159722662,"prazo":5,"totalFrete":138.83}
03-18-2022 @ 09:57:42 - Braspress Braspress - Rodoviário envio: Array
(
    [cnpjRemetente] => 27399462000180
    [cnpjDestinatario] => 11111111111111
    [modal] => R
    [tipoFrete] => 1
    [cepOrigem] => 96412830
    [cepDestino] => 86050320
    [vlrMercadoria] => 1028.00
    [peso] => 8.00
    [cubagem] => Array
        (
            [0] => Array
                (
                    [largura] => 0.40
                    [altura] => 0.08
                    [comprimento] => 0.40
                    [volumes] => 1
                )

            [1] => Array
                (
                    [largura] => 0.40
                    [altura] => 0.12
                    [comprimento] => 0.50
                    [volumes] => 1
                )

        )

    [volumes] => 2
)

03-18-2022 @ 09:57:42 - Braspress Braspress - Rodoviário resposta 200: {"id":159728614,"prazo":3,"totalFrete":53.54}
03-18-2022 @ 10:00:54 - Braspress Braspress - Rodoviário envio: Array
(
    [cnpjRemetente] => 27399462000180
    [cnpjDestinatario] => 11111111111111
    [modal] => R
    [tipoFrete] => 1
    [cepOrigem] => 96412830
    [cepDestino] => 88810050
    [vlrMercadoria] => 1197.00
    [peso] => 12.00
    [cubagem] => Array
        (
            [0] => Array
                (
                    [largura] => 0.30
                    [altura] => 0.20
                    [comprimento] => 0.30
                    [volumes] => 2
                )

            [1] => Array
                (
                    [largura] => 0.68
                    [altura] => 0.20
                    [comprimento] => 0.40
                    [volumes] => 1
                )

        )

    [volumes] => 3
)

03-18-2022 @ 10:00:54 - Braspress Braspress - Rodoviário resposta 200: {"id":159729593,"prazo":4,"totalFrete":72.51}
03-18-2022 @ 10:01:06 - Braspress Braspress - Rodoviário envio: Array
(
    [cnpjRemetente] => 27399462000180
    [cnpjDestinatario] => 11111111111111
    [modal] => R
    [tipoFrete] => 1
    [cepOrigem] => 96412830
    [cepDestino] => 88810050
    [vlrMercadoria] => 619.00
    [peso] => 9.00
    [cubagem] => Array
        (
            [0] => Array
                (
                    [largura] => 0.68
                    [altura] => 0.20
                    [comprimento] => 0.40
                    [volumes] => 1
                )

        )

    [volumes] => 1
)

03-18-2022 @ 10:01:06 - Braspress Braspress - Rodoviário resposta 200: {"id":159729652,"prazo":4,"totalFrete":57.99}
03-18-2022 @ 10:01:28 - Braspress Braspress - Rodoviário envio: Array
(
    [cnpjRemetente] => 27399462000180
    [cnpjDestinatario] => 11111111111111
    [modal] => R
    [tipoFrete] => 1
    [cepOrigem] => 96412830
    [cepDestino] => 90470260
    [vlrMercadoria] => 619.00
    [peso] => 9.00
    [cubagem] => Array
        (
            [0] => Array
                (
                    [largura] => 0.68
                    [altura] => 0.20
                    [comprimento] => 0.40
                    [volumes] => 1
                )

        )

    [volumes] => 1
)

03-18-2022 @ 10:01:28 - Braspress Braspress - Rodoviário resposta 200: {"id":159729738,"prazo":1,"totalFrete":41.19}
03-18-2022 @ 10:10:22 - Braspress Braspress - Rodoviário envio: Array
(
    [cnpjRemetente] => 27399462000180
    [cnpjDestinatario] => 11111111111111
    [modal] => R
    [tipoFrete] => 1
    [cepOrigem] => 96412830
    [cepDestino] => 90660900
    [vlrMercadoria] => 619.00
    [peso] => 9.00
    [cubagem] => Array
        (
            [0] => Array
                (
                    [largura] => 0.68
                    [altura] => 0.20
                    [comprimento] => 0.40
                    [volumes] => 1
                )

        )

    [volumes] => 1
)

03-18-2022 @ 10:10:22 - Braspress Braspress - Rodoviário resposta 200: {"id":159731536,"prazo":1,"totalFrete":41.19}
03-18-2022 @ 10:13:48 - Braspress Braspress - Rodoviário envio: Array
(
    [cnpjRemetente] => 27399462000180
    [cnpjDestinatario] => 11111111111111
    [modal] => R
    [tipoFrete] => 1
    [cepOrigem] => 96412830
    [cepDestino] => 95702000
    [vlrMercadoria] => 239.00
    [peso] => 3.00
    [cubagem] => Array
        (
            [0] => Array
                (
                    [largura] => 0.35
                    [altura] => 0.33
                    [comprimento] => 0.35
                    [volumes] => 1
                )

        )

    [volumes] => 1
)

03-18-2022 @ 10:13:48 - Braspress Braspress - Rodoviário resposta 200: {"id":159732249,"prazo":2,"totalFrete":71.02}
03-18-2022 @ 10:48:23 - Braspress Braspress - Rodoviário envio: Array
(
    [cnpjRemetente] => 27399462000180
    [cnpjDestinatario] => 00342214926
    [modal] => R
    [tipoFrete] => 1
    [cepOrigem] => 96412830
    [cepDestino] => 88054601
    [vlrMercadoria] => 1229.00
    [peso] => 5.50
    [cubagem] => Array
        (
            [0] => Array
                (
                    [largura] => 0.40
                    [altura] => 0.15
                    [comprimento] => 0.40
                    [volumes] => 1
                )

        )

    [volumes] => 1
)

03-18-2022 @ 10:48:23 - Braspress Braspress - Rodoviário resposta 200: {"id":159739922,"prazo":4,"totalFrete":157.44}
03-18-2022 @ 10:48:27 - Braspress Braspress - Rodoviário envio: Array
(
    [cnpjRemetente] => 27399462000180
    [cnpjDestinatario] => 00342214926
    [modal] => R
    [tipoFrete] => 1
    [cepOrigem] => 96412830
    [cepDestino] => 88054601
    [vlrMercadoria] => 1229.00
    [peso] => 5.50
    [cubagem] => Array
        (
            [0] => Array
                (
                    [largura] => 0.40
                    [altura] => 0.15
                    [comprimento] => 0.40
                    [volumes] => 1
                )

        )

    [volumes] => 1
)

03-18-2022 @ 10:48:27 - Braspress Braspress - Rodoviário resposta 200: {"id":159739943,"prazo":4,"totalFrete":157.44}
03-18-2022 @ 10:48:32 - Braspress Braspress - Rodoviário envio: Array
(
    [cnpjRemetente] => 27399462000180
    [cnpjDestinatario] => 00342214926
    [modal] => R
    [tipoFrete] => 1
    [cepOrigem] => 96412830
    [cepDestino] => 88054601
    [vlrMercadoria] => 1229.00
    [peso] => 5.50
    [cubagem] => Array
        (
            [0] => Array
                (
                    [largura] => 0.40
                    [altura] => 0.15
                    [comprimento] => 0.40
                    [volumes] => 1
                )

        )

    [volumes] => 1
)

03-18-2022 @ 10:48:32 - Braspress Braspress - Rodoviário resposta 200: {"id":159739969,"prazo":4,"totalFrete":157.44}
03-18-2022 @ 10:48:38 - Braspress Braspress - Rodoviário envio: Array
(
    [cnpjRemetente] => 27399462000180
    [cnpjDestinatario] => 00342214926
    [modal] => R
    [tipoFrete] => 1
    [cepOrigem] => 96412830
    [cepDestino] => 88054601
    [vlrMercadoria] => 1229.00
    [peso] => 5.50
    [cubagem] => Array
        (
            [0] => Array
                (
                    [largura] => 0.40
                    [altura] => 0.15
                    [comprimento] => 0.40
                    [volumes] => 1
                )

        )

    [volumes] => 1
)

03-18-2022 @ 10:48:38 - Braspress Braspress - Rodoviário resposta 200: {"id":159739996,"prazo":4,"totalFrete":157.44}
03-18-2022 @ 10:50:43 - Braspress Braspress - Rodoviário envio: Array
(
    [cnpjRemetente] => 27399462000180
    [cnpjDestinatario] => 11111111111111
    [modal] => R
    [tipoFrete] => 1
    [cepOrigem] => 96412830
    [cepDestino] => 88054601
    [vlrMercadoria] => 1229.00
    [peso] => 5.50
    [cubagem] => Array
        (
            [0] => Array
                (
                    [largura] => 0.40
                    [altura] => 0.15
                    [comprimento] => 0.40
                    [volumes] => 1
                )

        )

    [volumes] => 1
)

03-18-2022 @ 10:50:43 - Braspress Braspress - Rodoviário resposta 200: {"id":159740489,"prazo":4,"totalFrete":77.11}
03-18-2022 @ 11:16:25 - Braspress Braspress - Rodoviário envio: Array
(
    [cnpjRemetente] => 27399462000180
    [cnpjDestinatario] => 11111111111111
    [modal] => R
    [tipoFrete] => 1
    [cepOrigem] => 96412830
    [cepDestino] => 30441028
    [vlrMercadoria] => 49.00
    [peso] => 1.00
    [cubagem] => Array
        (
            [0] => Array
                (
                    [largura] => 0.33
                    [altura] => 0.10
                    [comprimento] => 0.25
                    [volumes] => 1
                )

        )

    [volumes] => 1
)

03-18-2022 @ 11:16:25 - Braspress Braspress - Rodoviário resposta 200: {"id":159745543,"prazo":4,"totalFrete":81.86}
03-18-2022 @ 11:17:48 - Braspress Braspress - Rodoviário envio: Array
(
    [cnpjRemetente] => 27399462000180
    [cnpjDestinatario] => 11111111111111
    [modal] => R
    [tipoFrete] => 1
    [cepOrigem] => 96412830
    [cepDestino] => 78110002
    [vlrMercadoria] => 1989.00
    [peso] => 13.00
    [cubagem] => Array
        (
            [0] => Array
                (
                    [largura] => 0.65
                    [altura] => 0.15
                    [comprimento] => 0.60
                    [volumes] => 1
                )

        )

    [volumes] => 1
)

03-18-2022 @ 11:17:48 - Braspress Braspress - Rodoviário resposta 200: {"id":159745778,"prazo":6,"totalFrete":74.17}
03-18-2022 @ 11:49:36 - Braspress Braspress - Rodoviário envio: Array
(
    [cnpjRemetente] => 27399462000180
    [cnpjDestinatario] => 11111111111111
    [modal] => R
    [tipoFrete] => 1
    [cepOrigem] => 96412830
    [cepDestino] => 88056685
    [vlrMercadoria] => 619.00
    [peso] => 9.00
    [cubagem] => Array
        (
            [0] => Array
                (
                    [largura] => 0.68
                    [altura] => 0.20
                    [comprimento] => 0.40
                    [volumes] => 1
                )

        )

    [volumes] => 1
)

03-18-2022 @ 11:49:36 - Braspress Braspress - Rodoviário resposta 200: {"id":159751739,"prazo":4,"totalFrete":82.03}
03-18-2022 @ 12:56:43 - Braspress Braspress - Rodoviário envio: Array
(
    [cnpjRemetente] => 27399462000180
    [cnpjDestinatario] => 11111111111111
    [modal] => R
    [tipoFrete] => 1
    [cepOrigem] => 96412830
    [cepDestino] => 04321120
    [vlrMercadoria] => 249.00
    [peso] => 2.00
    [cubagem] => Array
        (
            [0] => Array
                (
                    [largura] => 0.40
                    [altura] => 0.08
                    [comprimento] => 0.40
                    [volumes] => 1
                )

        )

    [volumes] => 1
)

03-18-2022 @ 12:56:43 - Braspress Braspress - Rodoviário resposta 200: {"id":159761136,"prazo":4,"totalFrete":105.6}
03-18-2022 @ 13:10:05 - Braspress Braspress - Rodoviário envio: Array
(
    [cnpjRemetente] => 27399462000180
    [cnpjDestinatario] => 11111111111111
    [modal] => R
    [tipoFrete] => 1
    [cepOrigem] => 96412830
    [cepDestino] => 04321120
    [vlrMercadoria] => 518.00
    [peso] => 6.00
    [cubagem] => Array
        (
            [0] => Array
                (
                    [largura] => 0.30
                    [altura] => 0.15
                    [comprimento] => 0.40
                    [volumes] => 2
                )

        )

    [volumes] => 2
)

03-18-2022 @ 13:10:05 - Braspress Braspress - Rodoviário resposta 200: {"id":159762726,"prazo":4,"totalFrete":121.52}
03-18-2022 @ 13:14:41 - Braspress Braspress - Rodoviário envio: Array
(
    [cnpjRemetente] => 27399462000180
    [cnpjDestinatario] => 11111111111111
    [modal] => R
    [tipoFrete] => 1
    [cepOrigem] => 96412830
    [cepDestino] => 14900000
    [vlrMercadoria] => 679.00
    [peso] => 6.00
    [cubagem] => Array
        (
            [0] => Array
                (
                    [largura] => 0.50
                    [altura] => 0.20
                    [comprimento] => 0.50
                    [volumes] => 1
                )

        )

    [volumes] => 1
)

03-18-2022 @ 13:14:41 - Braspress Braspress - Rodoviário resposta 200: {"id":159763376,"prazo":4,"totalFrete":72.73}
03-18-2022 @ 13:14:42 - Braspress Braspress - Rodoviário envio: Array
(
    [cnpjRemetente] => 27399462000180
    [cnpjDestinatario] => 11111111111111
    [modal] => R
    [tipoFrete] => 1
    [cepOrigem] => 96412830
    [cepDestino] => 11730000
    [vlrMercadoria] => 799.00
    [peso] => 5.00
    [cubagem] => Array
        (
            [0] => Array
                (
                    [largura] => 0.40
                    [altura] => 0.12
                    [comprimento] => 0.50
                    [volumes] => 1
                )

        )

    [volumes] => 1
)

03-18-2022 @ 13:14:42 - Braspress Braspress - Rodoviário resposta 200: {"id":159763382,"prazo":4,"totalFrete":63.13}
03-18-2022 @ 13:21:55 - Braspress Braspress - Rodoviário envio: Array
(
    [cnpjRemetente] => 27399462000180
    [cnpjDestinatario] => 11111111111111
    [modal] => R
    [tipoFrete] => 1
    [cepOrigem] => 96412830
    [cepDestino] => 08506010
    [vlrMercadoria] => 419.00
    [peso] => 2.50
    [cubagem] => Array
        (
            [0] => Array
                (
                    [largura] => 0.32
                    [altura] => 0.08
                    [comprimento] => 0.32
                    [volumes] => 1
                )

        )

    [volumes] => 1
)

03-18-2022 @ 13:21:55 - Braspress Braspress - Rodoviário resposta 200: {"id":159764449,"prazo":5,"totalFrete":107.09}
03-18-2022 @ 13:55:58 - Braspress Braspress - Rodoviário envio: Array
(
    [cnpjRemetente] => 27399462000180
    [cnpjDestinatario] => 11111111111111
    [modal] => R
    [tipoFrete] => 1
    [cepOrigem] => 96412830
    [cepDestino] => 04321120
    [vlrMercadoria] => 1064.00
    [peso] => 11.00
    [cubagem] => Array
        (
            [0] => Array
                (
                    [largura] => 0.30
                    [altura] => 0.10
                    [comprimento] => 0.30
                    [volumes] => 1
                )

            [1] => Array
                (
                    [largura] => 0.30
                    [altura] => 0.15
                    [comprimento] => 0.40
                    [volumes] => 2
                )

            [2] => Array
                (
                    [largura] => 0.27
                    [altura] => 0.10
                    [comprimento] => 0.27
                    [volumes] => 3
                )

        )

    [volumes] => 6
)

03-18-2022 @ 13:55:58 - Braspress Braspress - Rodoviário resposta 200: {"id":159770659,"prazo":4,"totalFrete":145.57}
03-18-2022 @ 13:56:03 - Braspress Braspress - Rodoviário envio: Array
(
    [cnpjRemetente] => 27399462000180
    [cnpjDestinatario] => 11111111111111
    [modal] => R
    [tipoFrete] => 1
    [cepOrigem] => 96412830
    [cepDestino] => 04321120
    [vlrMercadoria] => 1064.00
    [peso] => 11.00
    [cubagem] => Array
        (
            [0] => Array
                (
                    [largura] => 0.30
                    [altura] => 0.10
                    [comprimento] => 0.30
                    [volumes] => 1
                )

            [1] => Array
                (
                    [largura] => 0.30
                    [altura] => 0.15
                    [comprimento] => 0.40
                    [volumes] => 2
                )

            [2] => Array
                (
                    [largura] => 0.27
                    [altura] => 0.10
                    [comprimento] => 0.27
                    [volumes] => 3
                )

        )

    [volumes] => 6
)

03-18-2022 @ 13:56:03 - Braspress Braspress - Rodoviário resposta 200: {"id":159770674,"prazo":4,"totalFrete":145.57}
03-18-2022 @ 13:59:10 - Braspress Braspress - Rodoviário envio: Array
(
    [cnpjRemetente] => 27399462000180
    [cnpjDestinatario] => 11111111111111
    [modal] => R
    [tipoFrete] => 1
    [cepOrigem] => 96412830
    [cepDestino] => 04321120
    [vlrMercadoria] => 1353.00
    [peso] => 13.00
    [cubagem] => Array
        (
            [0] => Array
                (
                    [largura] => 0.30
                    [altura] => 0.10
                    [comprimento] => 0.30
                    [volumes] => 1
                )

            [1] => Array
                (
                    [largura] => 0.30
                    [altura] => 0.15
                    [comprimento] => 0.40
                    [volumes] => 2
                )

            [2] => Array
                (
                    [largura] => 0.27
                    [altura] => 0.10
                    [comprimento] => 0.27
                    [volumes] => 3
                )

            [3] => Array
                (
                    [largura] => 0.30
                    [altura] => 0.10
                    [comprimento] => 0.30
                    [volumes] => 1
                )

        )

    [volumes] => 7
)

03-18-2022 @ 13:59:10 - Braspress Braspress - Rodoviário resposta 0: 
03-18-2022 @ 13:59:10 - Braspress Braspress - Rodoviário erro: 
03-18-2022 @ 13:59:46 - Braspress Braspress - Rodoviário envio: Array
(
    [cnpjRemetente] => 27399462000180
    [cnpjDestinatario] => 11111111111111
    [modal] => R
    [tipoFrete] => 1
    [cepOrigem] => 96412830
    [cepDestino] => 04321120
    [vlrMercadoria] => 546.00
    [peso] => 5.00
    [cubagem] => Array
        (
            [0] => Array
                (
                    [largura] => 0.30
                    [altura] => 0.10
                    [comprimento] => 0.30
                    [volumes] => 1
                )

            [1] => Array
                (
                    [largura] => 0.27
                    [altura] => 0.10
                    [comprimento] => 0.27
                    [volumes] => 3
                )

        )

    [volumes] => 4
)

03-18-2022 @ 13:59:46 - Braspress Braspress - Rodoviário resposta 0: 
03-18-2022 @ 13:59:46 - Braspress Braspress - Rodoviário erro: 
03-18-2022 @ 13:59:53 - Braspress Braspress - Rodoviário envio: Array
(
    [cnpjRemetente] => 27399462000180
    [cnpjDestinatario] => 11111111111111
    [modal] => R
    [tipoFrete] => 1
    [cepOrigem] => 96412830
    [cepDestino] => 04321120
    [vlrMercadoria] => 1353.00
    [peso] => 13.00
    [cubagem] => Array
        (
            [0] => Array
                (
                    [largura] => 0.30
                    [altura] => 0.10
                    [comprimento] => 0.30
                    [volumes] => 1
                )

            [1] => Array
                (
                    [largura] => 0.30
                    [altura] => 0.15
                    [comprimento] => 0.40
                    [volumes] => 2
                )

            [2] => Array
                (
                    [largura] => 0.27
                    [altura] => 0.10
                    [comprimento] => 0.27
                    [volumes] => 3
                )

            [3] => Array
                (
                    [largura] => 0.30
                    [altura] => 0.10
                    [comprimento] => 0.30
                    [volumes] => 1
                )

        )

    [volumes] => 7
)

03-18-2022 @ 13:59:53 - Braspress Braspress - Rodoviário resposta 200: {"id":159770887,"prazo":4,"totalFrete":148.08}
03-18-2022 @ 13:59:58 - Braspress Braspress - Rodoviário envio: Array
(
    [cnpjRemetente] => 27399462000180
    [cnpjDestinatario] => 11111111111111
    [modal] => R
    [tipoFrete] => 1
    [cepOrigem] => 96412830
    [cepDestino] => 04321120
    [vlrMercadoria] => 1353.00
    [peso] => 13.00
    [cubagem] => Array
        (
            [0] => Array
                (
                    [largura] => 0.30
                    [altura] => 0.10
                    [comprimento] => 0.30
                    [volumes] => 1
                )

            [1] => Array
                (
                    [largura] => 0.30
                    [altura] => 0.15
                    [comprimento] => 0.40
                    [volumes] => 2
                )

            [2] => Array
                (
                    [largura] => 0.27
                    [altura] => 0.10
                    [comprimento] => 0.27
                    [volumes] => 3
                )

            [3] => Array
                (
                    [largura] => 0.30
                    [altura] => 0.10
                    [comprimento] => 0.30
                    [volumes] => 1
                )

        )

    [volumes] => 7
)

03-18-2022 @ 13:59:58 - Braspress Braspress - Rodoviário resposta 200: {"id":159770928,"prazo":4,"totalFrete":148.08}
03-18-2022 @ 14:00:03 - Braspress Braspress - Rodoviário envio: Array
(
    [cnpjRemetente] => 27399462000180
    [cnpjDestinatario] => 11111111111111
    [modal] => R
    [tipoFrete] => 1
    [cepOrigem] => 96412830
    [cepDestino] => 04321120
    [vlrMercadoria] => 1353.00
    [peso] => 13.00
    [cubagem] => Array
        (
            [0] => Array
                (
                    [largura] => 0.30
                    [altura] => 0.10
                    [comprimento] => 0.30
                    [volumes] => 1
                )

            [1] => Array
                (
                    [largura] => 0.30
                    [altura] => 0.15
                    [comprimento] => 0.40
                    [volumes] => 2
                )

            [2] => Array
                (
                    [largura] => 0.27
                    [altura] => 0.10
                    [comprimento] => 0.27
                    [volumes] => 3
                )

            [3] => Array
                (
                    [largura] => 0.30
                    [altura] => 0.10
                    [comprimento] => 0.30
                    [volumes] => 1
                )

        )

    [volumes] => 7
)

03-18-2022 @ 14:00:03 - Braspress Braspress - Rodoviário resposta 200: {"id":159770952,"prazo":4,"totalFrete":148.08}
03-18-2022 @ 14:01:51 - Braspress Braspress - Rodoviário envio: Array
(
    [cnpjRemetente] => 27399462000180
    [cnpjDestinatario] => 11111111111111
    [modal] => R
    [tipoFrete] => 1
    [cepOrigem] => 96412830
    [cepDestino] => 04321120
    [vlrMercadoria] => 1712.00
    [peso] => 16.00
    [cubagem] => Array
        (
            [0] => Array
                (
                    [largura] => 0.30
                    [altura] => 0.10
                    [comprimento] => 0.30
                    [volumes] => 1
                )

            [1] => Array
                (
                    [largura] => 0.30
                    [altura] => 0.15
                    [comprimento] => 0.40
                    [volumes] => 2
                )

            [2] => Array
                (
                    [largura] => 0.27
                    [altura] => 0.10
                    [comprimento] => 0.27
                    [volumes] => 3
                )

            [3] => Array
                (
                    [largura] => 0.30
                    [altura] => 0.10
                    [comprimento] => 0.30
                    [volumes] => 1
                )

            [4] => Array
                (
                    [largura] => 0.30
                    [altura] => 0.10
                    [comprimento] => 0.40
                    [volumes] => 1
                )

        )

    [volumes] => 8
)

03-18-2022 @ 14:01:51 - Braspress Braspress - Rodoviário resposta 0: 
03-18-2022 @ 14:01:51 - Braspress Braspress - Rodoviário erro: 
03-18-2022 @ 14:02:26 - Braspress Braspress - Rodoviário envio: Array
(
    [cnpjRemetente] => 27399462000180
    [cnpjDestinatario] => 11111111111111
    [modal] => R
    [tipoFrete] => 1
    [cepOrigem] => 96412830
    [cepDestino] => 04321120
    [vlrMercadoria] => 1712.00
    [peso] => 16.00
    [cubagem] => Array
        (
            [0] => Array
                (
                    [largura] => 0.30
                    [altura] => 0.10
                    [comprimento] => 0.30
                    [volumes] => 1
                )

            [1] => Array
                (
                    [largura] => 0.30
                    [altura] => 0.15
                    [comprimento] => 0.40
                    [volumes] => 2
                )

            [2] => Array
                (
                    [largura] => 0.27
                    [altura] => 0.10
                    [comprimento] => 0.27
                    [volumes] => 3
                )

            [3] => Array
                (
                    [largura] => 0.30
                    [altura] => 0.10
                    [comprimento] => 0.30
                    [volumes] => 1
                )

            [4] => Array
                (
                    [largura] => 0.30
                    [altura] => 0.10
                    [comprimento] => 0.40
                    [volumes] => 1
                )

        )

    [volumes] => 8
)

03-18-2022 @ 14:02:26 - Braspress Braspress - Rodoviário resposta 0: 
03-18-2022 @ 14:02:26 - Braspress Braspress - Rodoviário erro: 
03-18-2022 @ 14:03:00 - Braspress Braspress - Rodoviário envio: Array
(
    [cnpjRemetente] => 27399462000180
    [cnpjDestinatario] => 11111111111111
    [modal] => R
    [tipoFrete] => 1
    [cepOrigem] => 96412830
    [cepDestino] => 04321120
    [vlrMercadoria] => 2071.00
    [peso] => 19.00
    [cubagem] => Array
        (
            [0] => Array
                (
                    [largura] => 0.30
                    [altura] => 0.10
                    [comprimento] => 0.30
                    [volumes] => 1
                )

            [1] => Array
                (
                    [largura] => 0.30
                    [altura] => 0.15
                    [comprimento] => 0.40
                    [volumes] => 2
                )

            [2] => Array
                (
                    [largura] => 0.27
                    [altura] => 0.10
                    [comprimento] => 0.27
                    [volumes] => 3
                )

            [3] => Array
                (
                    [largura] => 0.30
                    [altura] => 0.10
                    [comprimento] => 0.30
                    [volumes] => 1
                )

            [4] => Array
                (
                    [largura] => 0.30
                    [altura] => 0.10
                    [comprimento] => 0.40
                    [volumes] => 2
                )

        )

    [volumes] => 9
)

03-18-2022 @ 14:03:00 - Braspress Braspress - Rodoviário resposta 0: 
03-18-2022 @ 14:03:00 - Braspress Braspress - Rodoviário erro: 
03-18-2022 @ 14:03:35 - Braspress Braspress - Rodoviário envio: Array
(
    [cnpjRemetente] => 27399462000180
    [cnpjDestinatario] => 11111111111111
    [modal] => R
    [tipoFrete] => 1
    [cepOrigem] => 96412830
    [cepDestino] => 04321120
    [vlrMercadoria] => 2071.00
    [peso] => 19.00
    [cubagem] => Array
        (
            [0] => Array
                (
                    [largura] => 0.30
                    [altura] => 0.10
                    [comprimento] => 0.30
                    [volumes] => 1
                )

            [1] => Array
                (
                    [largura] => 0.30
                    [altura] => 0.15
                    [comprimento] => 0.40
                    [volumes] => 2
                )

            [2] => Array
                (
                    [largura] => 0.27
                    [altura] => 0.10
                    [comprimento] => 0.27
                    [volumes] => 3
                )

            [3] => Array
                (
                    [largura] => 0.30
                    [altura] => 0.10
                    [comprimento] => 0.30
                    [volumes] => 1
                )

            [4] => Array
                (
                    [largura] => 0.30
                    [altura] => 0.10
                    [comprimento] => 0.40
                    [volumes] => 2
                )

        )

    [volumes] => 9
)

03-18-2022 @ 14:03:35 - Braspress Braspress - Rodoviário resposta 0: 
03-18-2022 @ 14:03:35 - Braspress Braspress - Rodoviário erro: 
03-18-2022 @ 14:04:03 - Braspress Braspress - Rodoviário envio: Array
(
    [cnpjRemetente] => 27399462000180
    [cnpjDestinatario] => 11111111111111
    [modal] => R
    [tipoFrete] => 1
    [cepOrigem] => 96412830
    [cepDestino] => 04321120
    [vlrMercadoria] => 1782.00
    [peso] => 17.00
    [cubagem] => Array
        (
            [0] => Array
                (
                    [largura] => 0.30
                    [altura] => 0.10
                    [comprimento] => 0.30
                    [volumes] => 1
                )

            [1] => Array
                (
                    [largura] => 0.30
                    [altura] => 0.15
                    [comprimento] => 0.40
                    [volumes] => 2
                )

            [2] => Array
                (
                    [largura] => 0.27
                    [altura] => 0.10
                    [comprimento] => 0.27
                    [volumes] => 3
                )

            [3] => Array
                (
                    [largura] => 0.30
                    [altura] => 0.10
                    [comprimento] => 0.40
                    [volumes] => 2
                )

        )

    [volumes] => 8
)

03-18-2022 @ 14:04:03 - Braspress Braspress - Rodoviário resposta 200: {"id":159771168,"prazo":4,"totalFrete":151.8}
03-18-2022 @ 14:04:15 - Braspress Braspress - Rodoviário envio: Array
(
    [cnpjRemetente] => 27399462000180
    [cnpjDestinatario] => 11111111111111
    [modal] => R
    [tipoFrete] => 1
    [cepOrigem] => 96412830
    [cepDestino] => 04321120
    [vlrMercadoria] => 1064.00
    [peso] => 11.00
    [cubagem] => Array
        (
            [0] => Array
                (
                    [largura] => 0.30
                    [altura] => 0.10
                    [comprimento] => 0.30
                    [volumes] => 1
                )

            [1] => Array
                (
                    [largura] => 0.30
                    [altura] => 0.15
                    [comprimento] => 0.40
                    [volumes] => 2
                )

            [2] => Array
                (
                    [largura] => 0.27
                    [altura] => 0.10
                    [comprimento] => 0.27
                    [volumes] => 3
                )

        )

    [volumes] => 6
)

03-18-2022 @ 14:04:15 - Braspress Braspress - Rodoviário resposta 200: {"id":159771198,"prazo":4,"totalFrete":145.57}
03-18-2022 @ 14:23:39 - Braspress Braspress - Rodoviário envio: Array
(
    [cnpjRemetente] => 27399462000180
    [cnpjDestinatario] => 11111111111111
    [modal] => R
    [tipoFrete] => 1
    [cepOrigem] => 96412830
    [cepDestino] => 05515050
    [vlrMercadoria] => 3714.00
    [peso] => 54.00
    [cubagem] => Array
        (
            [0] => Array
                (
                    [largura] => 0.68
                    [altura] => 0.20
                    [comprimento] => 0.40
                    [volumes] => 6
                )

        )

    [volumes] => 6
)

03-18-2022 @ 14:23:39 - Braspress Braspress - Rodoviário resposta 200: {"id":159774734,"prazo":4,"totalFrete":267.06}
03-18-2022 @ 14:26:41 - Braspress Braspress - Rodoviário envio: Array
(
    [cnpjRemetente] => 27399462000180
    [cnpjDestinatario] => 11111111111111
    [modal] => R
    [tipoFrete] => 1
    [cepOrigem] => 96412830
    [cepDestino] => 04123020
    [vlrMercadoria] => 629.00
    [peso] => 4.50
    [cubagem] => Array
        (
            [0] => Array
                (
                    [largura] => 0.35
                    [altura] => 0.10
                    [comprimento] => 0.40
                    [volumes] => 1
                )

        )

    [volumes] => 1
)

03-18-2022 @ 14:26:41 - Braspress Braspress - Rodoviário resposta 200: {"id":159775387,"prazo":4,"totalFrete":108.91}
03-18-2022 @ 14:54:14 - Braspress Braspress - Rodoviário envio: Array
(
    [cnpjRemetente] => 27399462000180
    [cnpjDestinatario] => 11111111111111
    [modal] => R
    [tipoFrete] => 1
    [cepOrigem] => 96412830
    [cepDestino] => 14790000
    [vlrMercadoria] => 1659.00
    [peso] => 11.00
    [cubagem] => Array
        (
            [0] => Array
                (
                    [largura] => 0.60
                    [altura] => 0.15
                    [comprimento] => 0.60
                    [volumes] => 1
                )

        )

    [volumes] => 1
)

03-18-2022 @ 14:54:14 - Braspress Braspress - Rodoviário resposta 200: {"id":159781316,"prazo":6,"totalFrete":79.3}
03-18-2022 @ 15:16:42 - Braspress Braspress - Rodoviário envio: Array
(
    [cnpjRemetente] => 27399462000180
    [cnpjDestinatario] => 14001930870
    [modal] => R
    [tipoFrete] => 1
    [cepOrigem] => 96412830
    [cepDestino] => 04079000
    [vlrMercadoria] => 289.00
    [peso] => 1.50
    [cubagem] => Array
        (
            [0] => Array
                (
                    [largura] => 0.30
                    [altura] => 0.20
                    [comprimento] => 0.30
                    [volumes] => 1
                )

        )

    [volumes] => 1
)

03-18-2022 @ 15:16:42 - Braspress Braspress - Rodoviário resposta 200: {"id":159786195,"prazo":4,"totalFrete":200.57}
03-18-2022 @ 15:16:45 - Braspress Braspress - Rodoviário envio: Array
(
    [cnpjRemetente] => 27399462000180
    [cnpjDestinatario] => 14001930870
    [modal] => R
    [tipoFrete] => 1
    [cepOrigem] => 96412830
    [cepDestino] => 04079000
    [vlrMercadoria] => 289.00
    [peso] => 1.50
    [cubagem] => Array
        (
            [0] => Array
                (
                    [largura] => 0.30
                    [altura] => 0.20
                    [comprimento] => 0.30
                    [volumes] => 1
                )

        )

    [volumes] => 1
)

03-18-2022 @ 15:16:45 - Braspress Braspress - Rodoviário resposta 200: {"id":159786208,"prazo":4,"totalFrete":200.57}
03-18-2022 @ 15:48:04 - Braspress Braspress - Rodoviário envio: Array
(
    [cnpjRemetente] => 27399462000180
    [cnpjDestinatario] => 11111111111111
    [modal] => R
    [tipoFrete] => 1
    [cepOrigem] => 96412830
    [cepDestino] => 86825000
    [vlrMercadoria] => 147.00
    [peso] => 3.00
    [cubagem] => Array
        (
            [0] => Array
                (
                    [largura] => 0.33
                    [altura] => 0.10
                    [comprimento] => 0.25
                    [volumes] => 1
                )

            [1] => Array
                (
                    [largura] => 0.33
                    [altura] => 0.10
                    [comprimento] => 0.25
                    [volumes] => 1
                )

            [2] => Array
                (
                    [largura] => 0.33
                    [altura] => 0.10
                    [comprimento] => 0.25
                    [volumes] => 1
                )

        )

    [volumes] => 3
)

03-18-2022 @ 15:48:04 - Braspress Braspress - Rodoviário resposta 200: {"id":159792823,"prazo":8,"totalFrete":51.24}
03-18-2022 @ 16:00:51 - Braspress Braspress - Rodoviário envio: Array
(
    [cnpjRemetente] => 27399462000180
    [cnpjDestinatario] => 11111111111111
    [modal] => R
    [tipoFrete] => 1
    [cepOrigem] => 96412830
    [cepDestino] => 04123020
    [vlrMercadoria] => 748.00
    [peso] => 6.50
    [cubagem] => Array
        (
            [0] => Array
                (
                    [largura] => 0.35
                    [altura] => 0.10
                    [comprimento] => 0.40
                    [volumes] => 1
                )

            [1] => Array
                (
                    [largura] => 0.30
                    [altura] => 0.10
                    [comprimento] => 0.30
                    [volumes] => 1
                )

        )

    [volumes] => 2
)

03-18-2022 @ 16:00:51 - Braspress Braspress - Rodoviário resposta 200: {"id":159795578,"prazo":4,"totalFrete":109.94}
03-18-2022 @ 16:01:23 - Braspress Braspress - Rodoviário envio: Array
(
    [cnpjRemetente] => 27399462000180
    [cnpjDestinatario] => 11111111111111
    [modal] => R
    [tipoFrete] => 1
    [cepOrigem] => 96412830
    [cepDestino] => 04123020
    [vlrMercadoria] => 119.00
    [peso] => 2.00
    [cubagem] => Array
        (
            [0] => Array
                (
                    [largura] => 0.30
                    [altura] => 0.10
                    [comprimento] => 0.30
                    [volumes] => 1
                )

        )

    [volumes] => 1
)

03-18-2022 @ 16:01:23 - Braspress Braspress - Rodoviário resposta 200: {"id":159795656,"prazo":4,"totalFrete":104.49}
03-18-2022 @ 16:02:16 - Braspress Braspress - Rodoviário envio: Array
(
    [cnpjRemetente] => 27399462000180
    [cnpjDestinatario] => 11111111111111
    [modal] => R
    [tipoFrete] => 1
    [cepOrigem] => 96412830
    [cepDestino] => 24230052
    [vlrMercadoria] => 119.00
    [peso] => 2.00
    [cubagem] => Array
        (
            [0] => Array
                (
                    [largura] => 0.30
                    [altura] => 0.10
                    [comprimento] => 0.30
                    [volumes] => 1
                )

        )

    [volumes] => 1
)

03-18-2022 @ 16:02:16 - Braspress Braspress - Rodoviário resposta 200: {"id":159795827,"prazo":4,"totalFrete":97.75}
03-18-2022 @ 16:03:48 - Braspress Braspress - Rodoviário envio: Array
(
    [cnpjRemetente] => 27399462000180
    [cnpjDestinatario] => 11111111111111
    [modal] => R
    [tipoFrete] => 1
    [cepOrigem] => 96412830
    [cepDestino] => 01034100
    [vlrMercadoria] => 619.00
    [peso] => 9.00
    [cubagem] => Array
        (
            [0] => Array
                (
                    [largura] => 0.68
                    [altura] => 0.20
                    [comprimento] => 0.40
                    [volumes] => 1
                )

        )

    [volumes] => 1
)

03-18-2022 @ 16:03:48 - Braspress Braspress - Rodoviário resposta 400: {"statusCode":500,"message":"Service Error","dateTime":"18/03/2022 16:03:44","errorList":["Erro ao realizar a cotação de frete: VERIFICANDO CEP DESTINO"]}
03-18-2022 @ 16:03:48 - Braspress Braspress - Rodoviário erro: Array
(
    [statusCode] => 500
    [message] => Service Error
    [dateTime] => 18/03/2022 16:03:44
    [errorList] => Array
        (
            [0] => Erro ao realizar a cotação de frete: VERIFICANDO CEP DESTINO
        )

    [ambiente] => https://api.braspress.com/v1/cotacao/calcular/json
)

03-18-2022 @ 16:37:11 - Braspress Braspress - Rodoviário envio: Array
(
    [cnpjRemetente] => 27399462000180
    [cnpjDestinatario] => 11111111111111
    [modal] => R
    [tipoFrete] => 1
    [cepOrigem] => 96412830
    [cepDestino] => 91360450
    [vlrMercadoria] => 98.00
    [peso] => 2.00
    [cubagem] => Array
        (
            [0] => Array
                (
                    [largura] => 0.25
                    [altura] => 0.05
                    [comprimento] => 0.30
                    [volumes] => 2
                )

        )

    [volumes] => 2
)

03-18-2022 @ 16:37:11 - Braspress Braspress - Rodoviário resposta 200: {"id":159802732,"prazo":1,"totalFrete":33.66}
03-18-2022 @ 16:38:00 - Braspress Braspress - Rodoviário envio: Array
(
    [cnpjRemetente] => 27399462000180
    [cnpjDestinatario] => 11111111111111
    [modal] => R
    [tipoFrete] => 1
    [cepOrigem] => 96412830
    [cepDestino] => 91360450
    [vlrMercadoria] => 49.00
    [peso] => 1.00
    [cubagem] => Array
        (
            [0] => Array
                (
                    [largura] => 0.25
                    [altura] => 0.05
                    [comprimento] => 0.30
                    [volumes] => 1
                )

        )

    [volumes] => 1
)

03-18-2022 @ 16:38:00 - Braspress Braspress - Rodoviário resposta 200: {"id":159802884,"prazo":1,"totalFrete":33.49}
03-18-2022 @ 16:38:11 - Braspress Braspress - Rodoviário envio: Array
(
    [cnpjRemetente] => 27399462000180
    [cnpjDestinatario] => 11111111111111
    [modal] => R
    [tipoFrete] => 1
    [cepOrigem] => 96412830
    [cepDestino] => 91360450
    [vlrMercadoria] => 487.00
    [peso] => 6.00
    [cubagem] => Array
        (
            [0] => Array
                (
                    [largura] => 0.35
                    [altura] => 0.10
                    [comprimento] => 0.25
                    [volumes] => 1
                )

            [1] => Array
                (
                    [largura] => 0.30
                    [altura] => 0.05
                    [comprimento] => 0.30
                    [volumes] => 1
                )

            [2] => Array
                (
                    [largura] => 0.25
                    [altura] => 0.05
                    [comprimento] => 0.30
                    [volumes] => 2
                )

        )

    [volumes] => 4
)

03-18-2022 @ 16:38:11 - Braspress Braspress - Rodoviário resposta 200: {"id":159802918,"prazo":1,"totalFrete":34.92}
03-18-2022 @ 16:38:22 - Braspress Braspress - Rodoviário envio: Array
(
    [cnpjRemetente] => 27399462000180
    [cnpjDestinatario] => 11111111111111
    [modal] => R
    [tipoFrete] => 1
    [cepOrigem] => 96412830
    [cepDestino] => 91360450
    [vlrMercadoria] => 197.00
    [peso] => 4.00
    [cubagem] => Array
        (
            [0] => Array
                (
                    [largura] => 0.30
                    [altura] => 0.05
                    [comprimento] => 0.30
                    [volumes] => 1
                )

            [1] => Array
                (
                    [largura] => 0.25
                    [altura] => 0.05
                    [comprimento] => 0.30
                    [volumes] => 2
                )

        )

    [volumes] => 3
)

03-18-2022 @ 16:38:22 - Braspress Braspress - Rodoviário resposta 200: {"id":159802952,"prazo":1,"totalFrete":33.97}
03-18-2022 @ 16:38:31 - Braspress Braspress - Rodoviário envio: Array
(
    [cnpjRemetente] => 27399462000180
    [cnpjDestinatario] => 11111111111111
    [modal] => R
    [tipoFrete] => 1
    [cepOrigem] => 96412830
    [cepDestino] => 91360450
    [vlrMercadoria] => 98.00
    [peso] => 2.00
    [cubagem] => Array
        (
            [0] => Array
                (
                    [largura] => 0.25
                    [altura] => 0.05
                    [comprimento] => 0.30
                    [volumes] => 2
                )

        )

    [volumes] => 2
)

03-18-2022 @ 16:38:31 - Braspress Braspress - Rodoviário resposta 200: {"id":159802980,"prazo":1,"totalFrete":33.66}
03-18-2022 @ 16:38:52 - Braspress Braspress - Rodoviário envio: Array
(
    [cnpjRemetente] => 27399462000180
    [cnpjDestinatario] => 11111111111111
    [modal] => R
    [tipoFrete] => 1
    [cepOrigem] => 96412830
    [cepDestino] => 91360450
    [vlrMercadoria] => 49.00
    [peso] => 1.00
    [cubagem] => Array
        (
            [0] => Array
                (
                    [largura] => 0.25
                    [altura] => 0.05
                    [comprimento] => 0.30
                    [volumes] => 1
                )

        )

    [volumes] => 1
)

03-18-2022 @ 16:38:52 - Braspress Braspress - Rodoviário resposta 200: {"id":159803026,"prazo":1,"totalFrete":33.49}
03-18-2022 @ 16:39:03 - Braspress Braspress - Rodoviário envio: Array
(
    [cnpjRemetente] => 27399462000180
    [cnpjDestinatario] => 11111111111111
    [modal] => R
    [tipoFrete] => 1
    [cepOrigem] => 96412830
    [cepDestino] => 91360450
    [vlrMercadoria] => 98.00
    [peso] => 2.00
    [cubagem] => Array
        (
            [0] => Array
                (
                    [largura] => 0.25
                    [altura] => 0.05
                    [comprimento] => 0.30
                    [volumes] => 2
                )

        )

    [volumes] => 2
)

03-18-2022 @ 16:39:04 - Braspress Braspress - Rodoviário resposta 200: {"id":159803056,"prazo":1,"totalFrete":33.66}
03-18-2022 @ 17:31:07 - Braspress Braspress - Rodoviário envio: Array
(
    [cnpjRemetente] => 27399462000180
    [cnpjDestinatario] => 11111111111111
    [modal] => R
    [tipoFrete] => 1
    [cepOrigem] => 96412830
    [cepDestino] => 17012431
    [vlrMercadoria] => 619.00
    [peso] => 9.00
    [cubagem] => Array
        (
            [0] => Array
                (
                    [largura] => 0.68
                    [altura] => 0.20
                    [comprimento] => 0.40
                    [volumes] => 1
                )

        )

    [volumes] => 1
)

03-18-2022 @ 17:31:07 - Braspress Braspress - Rodoviário resposta 200: {"id":159812479,"prazo":4,"totalFrete":98.43}
03-18-2022 @ 18:16:09 - Braspress Braspress - Rodoviário envio: Array
(
    [cnpjRemetente] => 27399462000180
    [cnpjDestinatario] => 34495588893
    [modal] => R
    [tipoFrete] => 1
    [cepOrigem] => 96412830
    [cepDestino] => 05715040
    [vlrMercadoria] => 287.20
    [peso] => 8.00
    [cubagem] => Array
        (
            [0] => Array
                (
                    [largura] => 0.37
                    [altura] => 0.70
                    [comprimento] => 0.42
                    [volumes] => 1
                )

        )

    [volumes] => 1
)

03-18-2022 @ 18:16:09 - Braspress Braspress - Rodoviário resposta 200: {"id":159817938,"prazo":4,"totalFrete":257.12}
03-18-2022 @ 18:16:13 - Braspress Braspress - Rodoviário envio: Array
(
    [cnpjRemetente] => 27399462000180
    [cnpjDestinatario] => 34495588893
    [modal] => R
    [tipoFrete] => 1
    [cepOrigem] => 96412830
    [cepDestino] => 05715040
    [vlrMercadoria] => 287.20
    [peso] => 8.00
    [cubagem] => Array
        (
            [0] => Array
                (
                    [largura] => 0.37
                    [altura] => 0.70
                    [comprimento] => 0.42
                    [volumes] => 1
                )

        )

    [volumes] => 1
)

03-18-2022 @ 18:16:13 - Braspress Braspress - Rodoviário resposta 200: {"id":159817945,"prazo":4,"totalFrete":257.12}
03-18-2022 @ 18:21:57 - Braspress Braspress - Rodoviário envio: Array
(
    [cnpjRemetente] => 27399462000180
    [cnpjDestinatario] => 34495588893
    [modal] => R
    [tipoFrete] => 1
    [cepOrigem] => 96412830
    [cepDestino] => 05715040
    [vlrMercadoria] => 287.20
    [peso] => 8.00
    [cubagem] => Array
        (
            [0] => Array
                (
                    [largura] => 0.37
                    [altura] => 0.70
                    [comprimento] => 0.42
                    [volumes] => 1
                )

        )

    [volumes] => 1
)

03-18-2022 @ 18:21:57 - Braspress Braspress - Rodoviário resposta 200: {"id":159818491,"prazo":4,"totalFrete":257.12}
03-18-2022 @ 19:14:51 - Braspress Braspress - Rodoviário envio: Array
(
    [cnpjRemetente] => 27399462000180
    [cnpjDestinatario] => 30001899805
    [modal] => R
    [tipoFrete] => 1
    [cepOrigem] => 96412830
    [cepDestino] => 13406042
    [vlrMercadoria] => 458.00
    [peso] => 9.00
    [cubagem] => Array
        (
            [0] => Array
                (
                    [largura] => 0.37
                    [altura] => 0.70
                    [comprimento] => 0.42
                    [volumes] => 1
                )

            [1] => Array
                (
                    [largura] => 0.27
                    [altura] => 0.10
                    [comprimento] => 0.27
                    [volumes] => 1
                )

        )

    [volumes] => 2
)

03-18-2022 @ 19:14:51 - Braspress Braspress - Rodoviário resposta 200: {"id":159822819,"prazo":4,"totalFrete":233.12}
03-18-2022 @ 19:28:07 - Braspress Braspress - Rodoviário envio: Array
(
    [cnpjRemetente] => 27399462000180
    [cnpjDestinatario] => 30001899805
    [modal] => R
    [tipoFrete] => 1
    [cepOrigem] => 96412830
    [cepDestino] => 13406042
    [vlrMercadoria] => 1087.00
    [peso] => 13.50
    [cubagem] => Array
        (
            [0] => Array
                (
                    [largura] => 0.37
                    [altura] => 0.70
                    [comprimento] => 0.42
                    [volumes] => 1
                )

            [1] => Array
                (
                    [largura] => 0.27
                    [altura] => 0.10
                    [comprimento] => 0.27
                    [volumes] => 1
                )

            [2] => Array
                (
                    [largura] => 0.35
                    [altura] => 0.10
                    [comprimento] => 0.40
                    [volumes] => 1
                )

        )

    [volumes] => 3
)

03-18-2022 @ 19:28:07 - Braspress Braspress - Rodoviário resposta 200: {"id":159823919,"prazo":4,"totalFrete":240.38}
03-18-2022 @ 19:50:29 - Braspress Braspress - Rodoviário envio: Array
(
    [cnpjRemetente] => 27399462000180
    [cnpjDestinatario] => 11111111111111
    [modal] => R
    [tipoFrete] => 1
    [cepOrigem] => 96412830
    [cepDestino] => 74210050
    [vlrMercadoria] => 3149.00
    [peso] => 13.00
    [cubagem] => Array
        (
            [0] => Array
                (
                    [largura] => 0.70
                    [altura] => 0.25
                    [comprimento] => 0.60
                    [volumes] => 1
                )

        )

    [volumes] => 1
)

03-18-2022 @ 19:50:29 - Braspress Braspress - Rodoviário resposta 200: {"id":159825636,"prazo":6,"totalFrete":118.41}
03-18-2022 @ 20:10:39 - Braspress Braspress - Rodoviário envio: Array
(
    [cnpjRemetente] => 27399462000180
    [cnpjDestinatario] => 11111111111111
    [modal] => R
    [tipoFrete] => 1
    [cepOrigem] => 96412830
    [cepDestino] => 94410280
    [vlrMercadoria] => 629.00
    [peso] => 4.50
    [cubagem] => Array
        (
            [0] => Array
                (
                    [largura] => 0.35
                    [altura] => 0.10
                    [comprimento] => 0.40
                    [volumes] => 1
                )

        )

    [volumes] => 1
)

03-18-2022 @ 20:10:39 - Braspress Braspress - Rodoviário resposta 200: {"id":159827072,"prazo":3,"totalFrete":35.39}
03-18-2022 @ 20:11:48 - Braspress Braspress - Rodoviário envio: Array
(
    [cnpjRemetente] => 27399462000180
    [cnpjDestinatario] => 11111111111111
    [modal] => R
    [tipoFrete] => 1
    [cepOrigem] => 96412830
    [cepDestino] => 94415620
    [vlrMercadoria] => 629.00
    [peso] => 4.50
    [cubagem] => Array
        (
            [0] => Array
                (
                    [largura] => 0.35
                    [altura] => 0.10
                    [comprimento] => 0.40
                    [volumes] => 1
                )

        )

    [volumes] => 1
)

03-18-2022 @ 20:11:48 - Braspress Braspress - Rodoviário resposta 200: {"id":159827148,"prazo":3,"totalFrete":35.39}
