05-16-2022 @ 21:29:22 - Braspress Braspress - Rodoviário envio: Array
(
    [cnpjRemetente] => 27399462000180
    [cnpjDestinatario] => 55429394068
    [modal] => R
    [tipoFrete] => 1
    [cepOrigem] => 96412830
    [cepDestino] => 97650000
    [vlrMercadoria] => 784.00
    [peso] => 16.00
    [cubagem] => Array
        (
            [0] => Array
                (
                    [largura] => 0.25
                    [altura] => 0.05
                    [comprimento] => 0.30
                    [volumes] => 16
                )

        )

    [volumes] => 16
)

05-16-2022 @ 21:29:22 - Braspress Braspress - Rodoviário resposta 200: {"id":167984768,"prazo":3,"totalFrete":47.49}
05-16-2022 @ 22:06:55 - Braspress Braspress - Rodoviário envio: Array
(
    [cnpjRemetente] => 27399462000180
    [cnpjDestinatario] => 11111111111111
    [modal] => R
    [tipoFrete] => 1
    [cepOrigem] => 96412830
    [cepDestino] => 13076008
    [vlrMercadoria] => 998.00
    [peso] => 5.00
    [cubagem] => Array
        (
            [0] => Array
                (
                    [largura] => 0.32
                    [altura] => 0.08
                    [comprimento] => 0.32
                    [volumes] => 2
                )

        )

    [volumes] => 2
)

05-16-2022 @ 22:06:55 - Braspress Braspress - Rodoviário resposta 200: {"id":167993001,"prazo":3,"totalFrete":91.0}
05-16-2022 @ 22:07:13 - Braspress Braspress - Rodoviário envio: Array
(
    [cnpjRemetente] => 27399462000180
    [cnpjDestinatario] => 55429394068
    [modal] => R
    [tipoFrete] => 1
    [cepOrigem] => 96412830
    [cepDestino] => 97650000
    [vlrMercadoria] => 735.00
    [peso] => 15.00
    [cubagem] => Array
        (
            [0] => Array
                (
                    [largura] => 0.25
                    [altura] => 0.05
                    [comprimento] => 0.30
                    [volumes] => 1
                )

            [1] => Array
                (
                    [largura] => 0.25
                    [altura] => 0.05
                    [comprimento] => 0.30
                    [volumes] => 14
                )

        )

    [volumes] => 15
)

05-16-2022 @ 22:07:13 - Braspress Braspress - Rodoviário resposta 200: {"id":167993137,"prazo":3,"totalFrete":47.32}
05-16-2022 @ 22:07:19 - Braspress Braspress - Rodoviário envio: Array
(
    [cnpjRemetente] => 27399462000180
    [cnpjDestinatario] => 11111111111111
    [modal] => R
    [tipoFrete] => 1
    [cepOrigem] => 96412830
    [cepDestino] => 13076008
    [vlrMercadoria] => 499.00
    [peso] => 2.50
    [cubagem] => Array
        (
            [0] => Array
                (
                    [largura] => 0.32
                    [altura] => 0.08
                    [comprimento] => 0.32
                    [volumes] => 1
                )

        )

    [volumes] => 1
)

05-16-2022 @ 22:07:19 - Braspress Braspress - Rodoviário resposta 200: {"id":167993174,"prazo":3,"totalFrete":87.65}
05-16-2022 @ 22:07:19 - Braspress Braspress - Rodoviário envio: Array
(
    [cnpjRemetente] => 27399462000180
    [cnpjDestinatario] => 55429394068
    [modal] => R
    [tipoFrete] => 1
    [cepOrigem] => 96412830
    [cepDestino] => 97650000
    [vlrMercadoria] => 735.00
    [peso] => 15.00
    [cubagem] => Array
        (
            [0] => Array
                (
                    [largura] => 0.25
                    [altura] => 0.05
                    [comprimento] => 0.30
                    [volumes] => 1
                )

            [1] => Array
                (
                    [largura] => 0.25
                    [altura] => 0.05
                    [comprimento] => 0.30
                    [volumes] => 14
                )

        )

    [volumes] => 15
)

05-16-2022 @ 22:07:19 - Braspress Braspress - Rodoviário resposta 200: {"id":167993177,"prazo":3,"totalFrete":47.32}
05-16-2022 @ 22:07:23 - Braspress Braspress - Rodoviário envio: Array
(
    [cnpjRemetente] => 27399462000180
    [cnpjDestinatario] => 55429394068
    [modal] => R
    [tipoFrete] => 1
    [cepOrigem] => 96412830
    [cepDestino] => 97650000
    [vlrMercadoria] => 735.00
    [peso] => 15.00
    [cubagem] => Array
        (
            [0] => Array
                (
                    [largura] => 0.25
                    [altura] => 0.05
                    [comprimento] => 0.30
                    [volumes] => 1
                )

            [1] => Array
                (
                    [largura] => 0.25
                    [altura] => 0.05
                    [comprimento] => 0.30
                    [volumes] => 14
                )

        )

    [volumes] => 15
)

05-16-2022 @ 22:07:23 - Braspress Braspress - Rodoviário resposta 200: {"id":167993200,"prazo":3,"totalFrete":47.32}
05-16-2022 @ 22:07:25 - Braspress Braspress - Rodoviário envio: Array
(
    [cnpjRemetente] => 27399462000180
    [cnpjDestinatario] => 55429394068
    [modal] => R
    [tipoFrete] => 1
    [cepOrigem] => 96412830
    [cepDestino] => 97650000
    [vlrMercadoria] => 735.00
    [peso] => 15.00
    [cubagem] => Array
        (
            [0] => Array
                (
                    [largura] => 0.25
                    [altura] => 0.05
                    [comprimento] => 0.30
                    [volumes] => 1
                )

            [1] => Array
                (
                    [largura] => 0.25
                    [altura] => 0.05
                    [comprimento] => 0.30
                    [volumes] => 14
                )

        )

    [volumes] => 15
)

05-16-2022 @ 22:07:25 - Braspress Braspress - Rodoviário resposta 200: {"id":167993212,"prazo":3,"totalFrete":47.32}
05-16-2022 @ 22:09:19 - Braspress Braspress - Rodoviário envio: Array
(
    [cnpjRemetente] => 27399462000180
    [cnpjDestinatario] => 01040494307
    [modal] => R
    [tipoFrete] => 1
    [cepOrigem] => 96412830
    [cepDestino] => 13076008
    [vlrMercadoria] => 499.00
    [peso] => 2.50
    [cubagem] => Array
        (
            [0] => Array
                (
                    [largura] => 0.32
                    [altura] => 0.08
                    [comprimento] => 0.32
                    [volumes] => 1
                )

        )

    [volumes] => 1
)

05-16-2022 @ 22:09:19 - Braspress Braspress - Rodoviário resposta 200: {"id":167993954,"prazo":3,"totalFrete":87.65}
05-16-2022 @ 22:09:24 - Braspress Braspress - Rodoviário envio: Array
(
    [cnpjRemetente] => 27399462000180
    [cnpjDestinatario] => 01040494307
    [modal] => R
    [tipoFrete] => 1
    [cepOrigem] => 96412830
    [cepDestino] => 13076008
    [vlrMercadoria] => 499.00
    [peso] => 2.50
    [cubagem] => Array
        (
            [0] => Array
                (
                    [largura] => 0.32
                    [altura] => 0.08
                    [comprimento] => 0.32
                    [volumes] => 1
                )

        )

    [volumes] => 1
)

05-16-2022 @ 22:09:24 - Braspress Braspress - Rodoviário resposta 200: {"id":167993996,"prazo":3,"totalFrete":87.65}
05-16-2022 @ 22:33:09 - Braspress Braspress - Rodoviário envio: Array
(
    [cnpjRemetente] => 27399462000180
    [cnpjDestinatario] => 11111111111111
    [modal] => R
    [tipoFrete] => 1
    [cepOrigem] => 96412830
    [cepDestino] => 05713420
    [vlrMercadoria] => 388.00
    [peso] => 4.25
    [cubagem] => Array
        (
            [0] => Array
                (
                    [largura] => 0.30
                    [altura] => 0.15
                    [comprimento] => 0.40
                    [volumes] => 1
                )

            [1] => Array
                (
                    [largura] => 0.40
                    [altura] => 0.10
                    [comprimento] => 0.40
                    [volumes] => 1
                )

        )

    [volumes] => 2
)

05-16-2022 @ 22:33:09 - Braspress Braspress - Rodoviário resposta 200: {"id":168000109,"prazo":4,"totalFrete":120.4}
05-16-2022 @ 22:47:46 - Braspress Braspress - Rodoviário envio: Array
(
    [cnpjRemetente] => 27399462000180
    [cnpjDestinatario] => 11111111111111
    [modal] => R
    [tipoFrete] => 1
    [cepOrigem] => 96412830
    [cepDestino] => 04610001
    [vlrMercadoria] => 1259.00
    [peso] => 5.00
    [cubagem] => Array
        (
            [0] => Array
                (
                    [largura] => 0.40
                    [altura] => 0.15
                    [comprimento] => 0.50
                    [volumes] => 1
                )

        )

    [volumes] => 1
)

05-16-2022 @ 22:47:46 - Braspress Braspress - Rodoviário resposta 200: {"id":168002435,"prazo":4,"totalFrete":114.37}
05-17-2022 @ 07:50:07 - Braspress Braspress - Rodoviário envio: Array
(
    [cnpjRemetente] => 27399462000180
    [cnpjDestinatario] => 11111111111111
    [modal] => R
    [tipoFrete] => 1
    [cepOrigem] => 96412830
    [cepDestino] => 12924000
    [vlrMercadoria] => 575.00
    [peso] => 7.00
    [cubagem] => Array
        (
            [0] => Array
                (
                    [largura] => 0.35
                    [altura] => 0.10
                    [comprimento] => 0.40
                    [volumes] => 2
                )

            [1] => Array
                (
                    [largura] => 0.25
                    [altura] => 0.05
                    [comprimento] => 0.30
                    [volumes] => 2
                )

            [2] => Array
                (
                    [largura] => 0.27
                    [altura] => 0.10
                    [comprimento] => 0.27
                    [volumes] => 1
                )

        )

    [volumes] => 5
)

05-17-2022 @ 07:50:07 - Braspress Braspress - Rodoviário resposta 200: {"id":168021607,"prazo":4,"totalFrete":61.63}
05-17-2022 @ 07:53:02 - Braspress Braspress - Rodoviário envio: Array
(
    [cnpjRemetente] => 27399462000180
    [cnpjDestinatario] => 26435539855
    [modal] => R
    [tipoFrete] => 1
    [cepOrigem] => 96412830
    [cepDestino] => 12924000
    [vlrMercadoria] => 575.00
    [peso] => 7.00
    [cubagem] => Array
        (
            [0] => Array
                (
                    [largura] => 0.35
                    [altura] => 0.10
                    [comprimento] => 0.40
                    [volumes] => 2
                )

            [1] => Array
                (
                    [largura] => 0.25
                    [altura] => 0.05
                    [comprimento] => 0.30
                    [volumes] => 2
                )

            [2] => Array
                (
                    [largura] => 0.27
                    [altura] => 0.10
                    [comprimento] => 0.27
                    [volumes] => 1
                )

        )

    [volumes] => 5
)

05-17-2022 @ 07:53:02 - Braspress Braspress - Rodoviário resposta 200: {"id":168021834,"prazo":4,"totalFrete":61.63}
05-17-2022 @ 07:55:07 - Braspress Braspress - Rodoviário envio: Array
(
    [cnpjRemetente] => 27399462000180
    [cnpjDestinatario] => 11111111111111
    [modal] => R
    [tipoFrete] => 1
    [cepOrigem] => 96412830
    [cepDestino] => 29260000
    [vlrMercadoria] => 269.00
    [peso] => 10.00
    [cubagem] => Array
        (
            [0] => Array
                (
                    [largura] => 0.40
                    [altura] => 0.45
                    [comprimento] => 0.40
                    [volumes] => 1
                )

        )

    [volumes] => 1
)

05-17-2022 @ 07:55:07 - Braspress Braspress - Rodoviário resposta 200: {"id":168022041,"prazo":7,"totalFrete":83.05}
05-17-2022 @ 08:01:15 - Braspress Braspress - Rodoviário envio: Array
(
    [cnpjRemetente] => 27399462000180
    [cnpjDestinatario] => 11111111111111
    [modal] => R
    [tipoFrete] => 1
    [cepOrigem] => 96412830
    [cepDestino] => 9042006
    [vlrMercadoria] => 2777.00
    [peso] => 35.00
    [cubagem] => Array
        (
            [0] => Array
                (
                    [largura] => 0.70
                    [altura] => 0.18
                    [comprimento] => 0.65
                    [volumes] => 1
                )

            [1] => Array
                (
                    [largura] => 0.45
                    [altura] => 0.48
                    [comprimento] => 0.45
                    [volumes] => 1
                )

            [2] => Array
                (
                    [largura] => 0.70
                    [altura] => 0.42
                    [comprimento] => 0.70
                    [volumes] => 1
                )

        )

    [volumes] => 3
)

05-17-2022 @ 08:01:15 - Braspress Braspress - Rodoviário resposta 400: {"statusCode":500,"message":"Service Error","dateTime":"17/05/2022 08:01:13","errorList":["Erro ao realizar a cotação de frete: VERIFICANDO CEP DESTINO"]}
05-17-2022 @ 08:01:15 - Braspress Braspress - Rodoviário erro: Array
(
    [statusCode] => 500
    [message] => Service Error
    [dateTime] => 17/05/2022 08:01:13
    [errorList] => Array
        (
            [0] => Erro ao realizar a cotação de frete: VERIFICANDO CEP DESTINO
        )

    [ambiente] => https://api.braspress.com/v1/cotacao/calcular/json
)

05-17-2022 @ 08:01:20 - Braspress Braspress - Rodoviário envio: Array
(
    [cnpjRemetente] => 27399462000180
    [cnpjDestinatario] => 11111111111111
    [modal] => R
    [tipoFrete] => 1
    [cepOrigem] => 96412830
    [cepDestino] => 9042006
    [vlrMercadoria] => 2777.00
    [peso] => 35.00
    [cubagem] => Array
        (
            [0] => Array
                (
                    [largura] => 0.70
                    [altura] => 0.18
                    [comprimento] => 0.65
                    [volumes] => 1
                )

            [1] => Array
                (
                    [largura] => 0.45
                    [altura] => 0.48
                    [comprimento] => 0.45
                    [volumes] => 1
                )

            [2] => Array
                (
                    [largura] => 0.70
                    [altura] => 0.42
                    [comprimento] => 0.70
                    [volumes] => 1
                )

        )

    [volumes] => 3
)

05-17-2022 @ 08:01:20 - Braspress Braspress - Rodoviário resposta 400: {"statusCode":500,"message":"Service Error","dateTime":"17/05/2022 08:01:16","errorList":["Erro ao realizar a cotação de frete: VERIFICANDO CEP DESTINO"]}
05-17-2022 @ 08:01:20 - Braspress Braspress - Rodoviário erro: Array
(
    [statusCode] => 500
    [message] => Service Error
    [dateTime] => 17/05/2022 08:01:16
    [errorList] => Array
        (
            [0] => Erro ao realizar a cotação de frete: VERIFICANDO CEP DESTINO
        )

    [ambiente] => https://api.braspress.com/v1/cotacao/calcular/json
)

05-17-2022 @ 08:03:05 - Braspress Braspress - Rodoviário envio: Array
(
    [cnpjRemetente] => 27399462000180
    [cnpjDestinatario] => 11111111111111
    [modal] => R
    [tipoFrete] => 1
    [cepOrigem] => 96412830
    [cepDestino] => 9042006
    [vlrMercadoria] => 978.00
    [peso] => 20.00
    [cubagem] => Array
        (
            [0] => Array
                (
                    [largura] => 0.45
                    [altura] => 0.48
                    [comprimento] => 0.45
                    [volumes] => 1
                )

            [1] => Array
                (
                    [largura] => 0.70
                    [altura] => 0.42
                    [comprimento] => 0.70
                    [volumes] => 1
                )

        )

    [volumes] => 2
)

05-17-2022 @ 08:03:05 - Braspress Braspress - Rodoviário resposta 400: {"statusCode":500,"message":"Service Error","dateTime":"17/05/2022 08:03:03","errorList":["Erro ao realizar a cotação de frete: VERIFICANDO CEP DESTINO"]}
05-17-2022 @ 08:03:05 - Braspress Braspress - Rodoviário erro: Array
(
    [statusCode] => 500
    [message] => Service Error
    [dateTime] => 17/05/2022 08:03:03
    [errorList] => Array
        (
            [0] => Erro ao realizar a cotação de frete: VERIFICANDO CEP DESTINO
        )

    [ambiente] => https://api.braspress.com/v1/cotacao/calcular/json
)

05-17-2022 @ 08:51:05 - Braspress Braspress - Rodoviário envio: Array
(
    [cnpjRemetente] => 27399462000180
    [cnpjDestinatario] => 11111111111111
    [modal] => R
    [tipoFrete] => 1
    [cepOrigem] => 96412830
    [cepDestino] => 95705200
    [vlrMercadoria] => 317.00
    [peso] => 1.80
    [cubagem] => Array
        (
            [0] => Array
                (
                    [largura] => 0.27
                    [altura] => 0.10
                    [comprimento] => 0.27
                    [volumes] => 1
                )

            [1] => Array
                (
                    [largura] => 0.23
                    [altura] => 0.10
                    [comprimento] => 0.30
                    [volumes] => 1
                )

            [2] => Array
                (
                    [largura] => 0.23
                    [altura] => 0.10
                    [comprimento] => 0.30
                    [volumes] => 1
                )

        )

    [volumes] => 3
)

05-17-2022 @ 08:51:05 - Braspress Braspress - Rodoviário resposta 200: {"id":168029590,"prazo":2,"totalFrete":64.57}
05-17-2022 @ 08:53:10 - Braspress Braspress - Rodoviário envio: Array
(
    [cnpjRemetente] => 27399462000180
    [cnpjDestinatario] => 11111111111111
    [modal] => R
    [tipoFrete] => 1
    [cepOrigem] => 96412830
    [cepDestino] => 95705200
    [vlrMercadoria] => 426.00
    [peso] => 2.20
    [cubagem] => Array
        (
            [0] => Array
                (
                    [largura] => 0.27
                    [altura] => 0.10
                    [comprimento] => 0.27
                    [volumes] => 1
                )

            [1] => Array
                (
                    [largura] => 0.23
                    [altura] => 0.10
                    [comprimento] => 0.30
                    [volumes] => 1
                )

            [2] => Array
                (
                    [largura] => 0.23
                    [altura] => 0.10
                    [comprimento] => 0.30
                    [volumes] => 1
                )

            [3] => Array
                (
                    [largura] => 0.23
                    [altura] => 0.10
                    [comprimento] => 0.30
                    [volumes] => 1
                )

        )

    [volumes] => 4
)

05-17-2022 @ 08:53:10 - Braspress Braspress - Rodoviário resposta 200: {"id":168029902,"prazo":2,"totalFrete":71.69}
05-17-2022 @ 08:55:11 - Braspress Braspress - Rodoviário envio: Array
(
    [cnpjRemetente] => 27399462000180
    [cnpjDestinatario] => 11111111111111
    [modal] => R
    [tipoFrete] => 1
    [cepOrigem] => 96412830
    [cepDestino] => 95705200
    [vlrMercadoria] => 327.00
    [peso] => 1.20
    [cubagem] => Array
        (
            [0] => Array
                (
                    [largura] => 0.23
                    [altura] => 0.10
                    [comprimento] => 0.30
                    [volumes] => 1
                )

            [1] => Array
                (
                    [largura] => 0.23
                    [altura] => 0.10
                    [comprimento] => 0.30
                    [volumes] => 1
                )

            [2] => Array
                (
                    [largura] => 0.23
                    [altura] => 0.10
                    [comprimento] => 0.30
                    [volumes] => 1
                )

        )

    [volumes] => 3
)

05-17-2022 @ 08:55:11 - Braspress Braspress - Rodoviário resposta 200: {"id":168030241,"prazo":2,"totalFrete":64.61}
05-17-2022 @ 09:15:42 - Braspress Braspress - Rodoviário envio: Array
(
    [cnpjRemetente] => 27399462000180
    [cnpjDestinatario] => 11111111111111
    [modal] => R
    [tipoFrete] => 1
    [cepOrigem] => 96412830
    [cepDestino] => 11070300
    [vlrMercadoria] => 1229.00
    [peso] => 10.00
    [cubagem] => Array
        (
            [0] => Array
                (
                    [largura] => 0.55
                    [altura] => 0.15
                    [comprimento] => 0.65
                    [volumes] => 1
                )

        )

    [volumes] => 1
)

05-17-2022 @ 09:15:42 - Braspress Braspress - Rodoviário resposta 200: {"id":168034570,"prazo":3,"totalFrete":73.57}
05-17-2022 @ 09:39:01 - Braspress Braspress - Rodoviário envio: Array
(
    [cnpjRemetente] => 27399462000180
    [cnpjDestinatario] => 92281800725
    [modal] => R
    [tipoFrete] => 1
    [cepOrigem] => 96412830
    [cepDestino] => 29126726
    [vlrMercadoria] => 1999.00
    [peso] => 3.00
    [cubagem] => Array
        (
            [0] => Array
                (
                    [largura] => 0.30
                    [altura] => 0.15
                    [comprimento] => 0.40
                    [volumes] => 1
                )

        )

    [volumes] => 1
)

05-17-2022 @ 09:39:01 - Braspress Braspress - Rodoviário resposta 200: {"id":168040049,"prazo":5,"totalFrete":91.12}
05-17-2022 @ 09:50:47 - Braspress Braspress - Rodoviário envio: Array
(
    [cnpjRemetente] => 27399462000180
    [cnpjDestinatario] => 11111111111111
    [modal] => R
    [tipoFrete] => 1
    [cepOrigem] => 96412830
    [cepDestino] => 13091606
    [vlrMercadoria] => 629.00
    [peso] => 4.50
    [cubagem] => Array
        (
            [0] => Array
                (
                    [largura] => 0.35
                    [altura] => 0.10
                    [comprimento] => 0.40
                    [volumes] => 1
                )

        )

    [volumes] => 1
)

05-17-2022 @ 09:50:47 - Braspress Braspress - Rodoviário resposta 200: {"id":168042830,"prazo":3,"totalFrete":88.54}
05-17-2022 @ 09:51:05 - Braspress Braspress - Rodoviário envio: Array
(
    [cnpjRemetente] => 27399462000180
    [cnpjDestinatario] => 11111111111111
    [modal] => R
    [tipoFrete] => 1
    [cepOrigem] => 96412830
    [cepDestino] => 88220000
    [vlrMercadoria] => 629.00
    [peso] => 4.50
    [cubagem] => Array
        (
            [0] => Array
                (
                    [largura] => 0.35
                    [altura] => 0.10
                    [comprimento] => 0.40
                    [volumes] => 1
                )

        )

    [volumes] => 1
)

05-17-2022 @ 09:51:05 - Braspress Braspress - Rodoviário resposta 200: {"id":168042903,"prazo":3,"totalFrete":51.71}
05-17-2022 @ 10:49:39 - Braspress Braspress - Rodoviário envio: Array
(
    [cnpjRemetente] => 27399462000180
    [cnpjDestinatario] => 11111111111111
    [modal] => R
    [tipoFrete] => 1
    [cepOrigem] => 96412830
    [cepDestino] => 89176000
    [vlrMercadoria] => 490.00
    [peso] => 4.00
    [cubagem] => Array
        (
            [0] => Array
                (
                    [largura] => 0.35
                    [altura] => 0.10
                    [comprimento] => 0.40
                    [volumes] => 1
                )

        )

    [volumes] => 1
)

05-17-2022 @ 10:49:39 - Braspress Braspress - Rodoviário resposta 200: {"id":168056507,"prazo":4,"totalFrete":49.06}
05-17-2022 @ 10:54:36 - Braspress Braspress - Rodoviário envio: Array
(
    [cnpjRemetente] => 27399462000180
    [cnpjDestinatario] => 05815872946
    [modal] => R
    [tipoFrete] => 1
    [cepOrigem] => 96412830
    [cepDestino] => 89176000
    [vlrMercadoria] => 490.00
    [peso] => 4.00
    [cubagem] => Array
        (
            [0] => Array
                (
                    [largura] => 0.35
                    [altura] => 0.10
                    [comprimento] => 0.40
                    [volumes] => 1
                )

        )

    [volumes] => 1
)

05-17-2022 @ 10:54:36 - Braspress Braspress - Rodoviário resposta 200: {"id":168057726,"prazo":4,"totalFrete":49.06}
05-17-2022 @ 10:54:41 - Braspress Braspress - Rodoviário envio: Array
(
    [cnpjRemetente] => 27399462000180
    [cnpjDestinatario] => 05815872946
    [modal] => R
    [tipoFrete] => 1
    [cepOrigem] => 96412830
    [cepDestino] => 89176000
    [vlrMercadoria] => 490.00
    [peso] => 4.00
    [cubagem] => Array
        (
            [0] => Array
                (
                    [largura] => 0.35
                    [altura] => 0.10
                    [comprimento] => 0.40
                    [volumes] => 1
                )

        )

    [volumes] => 1
)

05-17-2022 @ 10:54:41 - Braspress Braspress - Rodoviário resposta 200: {"id":168057750,"prazo":4,"totalFrete":49.06}
05-17-2022 @ 10:54:44 - Braspress Braspress - Rodoviário envio: Array
(
    [cnpjRemetente] => 27399462000180
    [cnpjDestinatario] => 05815872946
    [modal] => R
    [tipoFrete] => 1
    [cepOrigem] => 96412830
    [cepDestino] => 89176000
    [vlrMercadoria] => 490.00
    [peso] => 4.00
    [cubagem] => Array
        (
            [0] => Array
                (
                    [largura] => 0.35
                    [altura] => 0.10
                    [comprimento] => 0.40
                    [volumes] => 1
                )

        )

    [volumes] => 1
)

05-17-2022 @ 10:54:44 - Braspress Braspress - Rodoviário resposta 200: {"id":168057767,"prazo":4,"totalFrete":49.06}
05-17-2022 @ 10:56:08 - Braspress Braspress - Rodoviário envio: Array
(
    [cnpjRemetente] => 27399462000180
    [cnpjDestinatario] => 11111111111111
    [modal] => R
    [tipoFrete] => 1
    [cepOrigem] => 96412830
    [cepDestino] => 85816570
    [vlrMercadoria] => 189.00
    [peso] => 1.00
    [cubagem] => Array
        (
            [0] => Array
                (
                    [largura] => 0.20
                    [altura] => 0.10
                    [comprimento] => 0.25
                    [volumes] => 1
                )

        )

    [volumes] => 1
)

05-17-2022 @ 10:56:08 - Braspress Braspress - Rodoviário resposta 200: {"id":168058103,"prazo":3,"totalFrete":78.29}
05-17-2022 @ 11:10:27 - Braspress Braspress - Rodoviário envio: Array
(
    [cnpjRemetente] => 27399462000180
    [cnpjDestinatario] => 11111111111111
    [modal] => R
    [tipoFrete] => 1
    [cepOrigem] => 96412830
    [cepDestino] => 89176000
    [vlrMercadoria] => 490.00
    [peso] => 4.00
    [cubagem] => Array
        (
            [0] => Array
                (
                    [largura] => 0.35
                    [altura] => 0.10
                    [comprimento] => 0.40
                    [volumes] => 1
                )

        )

    [volumes] => 1
)

05-17-2022 @ 11:10:27 - Braspress Braspress - Rodoviário resposta 200: {"id":168061566,"prazo":4,"totalFrete":49.06}
05-17-2022 @ 11:13:24 - Braspress Braspress - Rodoviário envio: Array
(
    [cnpjRemetente] => 27399462000180
    [cnpjDestinatario] => 11111111111111
    [modal] => R
    [tipoFrete] => 1
    [cepOrigem] => 96412830
    [cepDestino] => 89176000
    [vlrMercadoria] => 490.00
    [peso] => 4.00
    [cubagem] => Array
        (
            [0] => Array
                (
                    [largura] => 0.35
                    [altura] => 0.10
                    [comprimento] => 0.40
                    [volumes] => 1
                )

        )

    [volumes] => 1
)

05-17-2022 @ 11:13:24 - Braspress Braspress - Rodoviário resposta 200: {"id":168062239,"prazo":4,"totalFrete":49.06}
05-17-2022 @ 11:32:45 - Braspress Braspress - Rodoviário envio: Array
(
    [cnpjRemetente] => 27399462000180
    [cnpjDestinatario] => 08438178952
    [modal] => R
    [tipoFrete] => 1
    [cepOrigem] => 96412830
    [cepDestino] => 85810200
    [vlrMercadoria] => 619.00
    [peso] => 5.00
    [cubagem] => Array
        (
            [0] => Array
                (
                    [largura] => 0.40
                    [altura] => 0.12
                    [comprimento] => 0.50
                    [volumes] => 1
                )

        )

    [volumes] => 1
)

05-17-2022 @ 11:32:45 - Braspress Braspress - Rodoviário resposta 200: {"id":168067161,"prazo":3,"totalFrete":80.43}
05-17-2022 @ 11:50:27 - Braspress Braspress - Rodoviário envio: Array
(
    [cnpjRemetente] => 27399462000180
    [cnpjDestinatario] => 11111111111111
    [modal] => R
    [tipoFrete] => 1
    [cepOrigem] => 96412830
    [cepDestino] => 25955650
    [vlrMercadoria] => 49.00
    [peso] => 1.00
    [cubagem] => Array
        (
            [0] => Array
                (
                    [largura] => 0.25
                    [altura] => 0.05
                    [comprimento] => 0.30
                    [volumes] => 1
                )

        )

    [volumes] => 1
)

05-17-2022 @ 11:50:27 - Braspress Braspress - Rodoviário resposta 200: {"id":168071243,"prazo":6,"totalFrete":58.1}
05-17-2022 @ 11:51:34 - Braspress Braspress - Rodoviário envio: Array
(
    [cnpjRemetente] => 27399462000180
    [cnpjDestinatario] => 11111111111111
    [modal] => R
    [tipoFrete] => 1
    [cepOrigem] => 96412830
    [cepDestino] => 15115000
    [vlrMercadoria] => 390.00
    [peso] => 2.00
    [cubagem] => Array
        (
            [0] => Array
                (
                    [largura] => 0.35
                    [altura] => 0.10
                    [comprimento] => 0.25
                    [volumes] => 1
                )

        )

    [volumes] => 1
)

05-17-2022 @ 11:51:34 - Braspress Braspress - Rodoviário resposta 200: {"id":168071471,"prazo":5,"totalFrete":57.99}
05-17-2022 @ 12:22:12 - Braspress Braspress - Rodoviário envio: Array
(
    [cnpjRemetente] => 27399462000180
    [cnpjDestinatario] => 08825200404
    [modal] => R
    [tipoFrete] => 1
    [cepOrigem] => 96412830
    [cepDestino] => 05713420
    [vlrMercadoria] => 388.00
    [peso] => 4.25
    [cubagem] => Array
        (
            [0] => Array
                (
                    [largura] => 0.30
                    [altura] => 0.15
                    [comprimento] => 0.40
                    [volumes] => 1
                )

            [1] => Array
                (
                    [largura] => 0.40
                    [altura] => 0.10
                    [comprimento] => 0.40
                    [volumes] => 1
                )

        )

    [volumes] => 2
)

05-17-2022 @ 12:22:12 - Braspress Braspress - Rodoviário resposta 200: {"id":168076684,"prazo":4,"totalFrete":120.4}
05-17-2022 @ 12:22:15 - Braspress Braspress - Rodoviário envio: Array
(
    [cnpjRemetente] => 27399462000180
    [cnpjDestinatario] => 08825200404
    [modal] => R
    [tipoFrete] => 1
    [cepOrigem] => 96412830
    [cepDestino] => 05713420
    [vlrMercadoria] => 388.00
    [peso] => 4.25
    [cubagem] => Array
        (
            [0] => Array
                (
                    [largura] => 0.30
                    [altura] => 0.15
                    [comprimento] => 0.40
                    [volumes] => 1
                )

            [1] => Array
                (
                    [largura] => 0.40
                    [altura] => 0.10
                    [comprimento] => 0.40
                    [volumes] => 1
                )

        )

    [volumes] => 2
)

05-17-2022 @ 12:22:15 - Braspress Braspress - Rodoviário resposta 200: {"id":168076692,"prazo":4,"totalFrete":120.4}
05-17-2022 @ 12:46:55 - Braspress Braspress - Rodoviário envio: Array
(
    [cnpjRemetente] => 27399462000180
    [cnpjDestinatario] => 11111111111111
    [modal] => R
    [tipoFrete] => 1
    [cepOrigem] => 96412830
    [cepDestino] => 99900000
    [vlrMercadoria] => 759.00
    [peso] => 4.50
    [cubagem] => Array
        (
            [0] => Array
                (
                    [largura] => 0.35
                    [altura] => 0.10
                    [comprimento] => 0.40
                    [volumes] => 1
                )

        )

    [volumes] => 1
)

05-17-2022 @ 12:46:55 - Braspress Braspress - Rodoviário resposta 200: {"id":168080680,"prazo":2,"totalFrete":40.68}
05-17-2022 @ 13:32:58 - Braspress Braspress - Rodoviário envio: Array
(
    [cnpjRemetente] => 27399462000180
    [cnpjDestinatario] => 11111111111111
    [modal] => R
    [tipoFrete] => 1
    [cepOrigem] => 96412830
    [cepDestino] => 80610280
    [vlrMercadoria] => 2465.00
    [peso] => 34.00
    [cubagem] => Array
        (
            [0] => Array
                (
                    [largura] => 0.68
                    [altura] => 0.20
                    [comprimento] => 0.40
                    [volumes] => 3
                )

            [1] => Array
                (
                    [largura] => 0.35
                    [altura] => 0.30
                    [comprimento] => 0.35
                    [volumes] => 1
                )

            [2] => Array
                (
                    [largura] => 0.45
                    [altura] => 0.45
                    [comprimento] => 0.45
                    [volumes] => 1
                )

        )

    [volumes] => 5
)

05-17-2022 @ 13:32:58 - Braspress Braspress - Rodoviário resposta 200: {"id":168089444,"prazo":3,"totalFrete":145.7}
05-17-2022 @ 13:45:37 - Braspress Braspress - Rodoviário envio: Array
(
    [cnpjRemetente] => 27399462000180
    [cnpjDestinatario] => 11111111111111
    [modal] => R
    [tipoFrete] => 1
    [cepOrigem] => 96412830
    [cepDestino] => 12041113
    [vlrMercadoria] => 85.00
    [peso] => 1.00
    [cubagem] => Array
        (
            [0] => Array
                (
                    [largura] => 0.20
                    [altura] => 0.15
                    [comprimento] => 0.20
                    [volumes] => 1
                )

        )

    [volumes] => 1
)

05-17-2022 @ 13:45:37 - Braspress Braspress - Rodoviário resposta 200: {"id":168092261,"prazo":3,"totalFrete":58.35}
05-17-2022 @ 13:46:13 - Braspress Braspress - Rodoviário envio: Array
(
    [cnpjRemetente] => 27399462000180
    [cnpjDestinatario] => 11111111111111
    [modal] => R
    [tipoFrete] => 1
    [cepOrigem] => 96412830
    [cepDestino] => 12041113
    [vlrMercadoria] => 170.00
    [peso] => 2.00
    [cubagem] => Array
        (
            [0] => Array
                (
                    [largura] => 0.20
                    [altura] => 0.15
                    [comprimento] => 0.20
                    [volumes] => 2
                )

        )

    [volumes] => 2
)

05-17-2022 @ 13:46:13 - Braspress Braspress - Rodoviário resposta 200: {"id":168092406,"prazo":3,"totalFrete":58.91}
05-17-2022 @ 13:48:50 - Braspress Braspress - Rodoviário envio: Array
(
    [cnpjRemetente] => 27399462000180
    [cnpjDestinatario] => 00860420922
    [modal] => R
    [tipoFrete] => 1
    [cepOrigem] => 96412830
    [cepDestino] => 88034500
    [vlrMercadoria] => 499.00
    [peso] => 3.50
    [cubagem] => Array
        (
            [0] => Array
                (
                    [largura] => 0.50
                    [altura] => 0.10
                    [comprimento] => 0.40
                    [volumes] => 1
                )

        )

    [volumes] => 1
)

05-17-2022 @ 13:48:50 - Braspress Braspress - Rodoviário resposta 200: {"id":168093028,"prazo":4,"totalFrete":73.92}
05-17-2022 @ 13:49:00 - Braspress Braspress - Rodoviário envio: Array
(
    [cnpjRemetente] => 27399462000180
    [cnpjDestinatario] => 00860420922
    [modal] => R
    [tipoFrete] => 1
    [cepOrigem] => 96412830
    [cepDestino] => 88034500
    [vlrMercadoria] => 499.00
    [peso] => 3.50
    [cubagem] => Array
        (
            [0] => Array
                (
                    [largura] => 0.50
                    [altura] => 0.10
                    [comprimento] => 0.40
                    [volumes] => 1
                )

        )

    [volumes] => 1
)

05-17-2022 @ 13:49:00 - Braspress Braspress - Rodoviário resposta 200: {"id":168093079,"prazo":4,"totalFrete":73.92}
05-17-2022 @ 13:51:58 - Braspress Braspress - Rodoviário envio: Array
(
    [cnpjRemetente] => 27399462000180
    [cnpjDestinatario] => 11111111111111
    [modal] => R
    [tipoFrete] => 1
    [cepOrigem] => 96412830
    [cepDestino] => 96600000
    [vlrMercadoria] => 289.00
    [peso] => 3.00
    [cubagem] => Array
        (
            [0] => Array
                (
                    [largura] => 0.30
                    [altura] => 0.10
                    [comprimento] => 0.30
                    [volumes] => 1
                )

        )

    [volumes] => 1
)

05-17-2022 @ 13:51:58 - Braspress Braspress - Rodoviário resposta 200: {"id":168093777,"prazo":4,"totalFrete":39.01}
05-17-2022 @ 14:03:30 - Braspress Braspress - Rodoviário envio: Array
(
    [cnpjRemetente] => 27399462000180
    [cnpjDestinatario] => 11111111111111
    [modal] => R
    [tipoFrete] => 1
    [cepOrigem] => 96412830
    [cepDestino] => 96600000
    [vlrMercadoria] => 1199.00
    [peso] => 8.00
    [cubagem] => Array
        (
            [0] => Array
                (
                    [largura] => 0.50
                    [altura] => 0.12
                    [comprimento] => 0.60
                    [volumes] => 1
                )

        )

    [volumes] => 1
)

05-17-2022 @ 14:03:30 - Braspress Braspress - Rodoviário resposta 200: {"id":168096345,"prazo":4,"totalFrete":48.97}
05-17-2022 @ 14:03:45 - Braspress Braspress - Rodoviário envio: Array
(
    [cnpjRemetente] => 27399462000180
    [cnpjDestinatario] => 11111111111111
    [modal] => R
    [tipoFrete] => 1
    [cepOrigem] => 96412830
    [cepDestino] => 12041113
    [vlrMercadoria] => 479.00
    [peso] => 5.00
    [cubagem] => Array
        (
            [0] => Array
                (
                    [largura] => 0.20
                    [altura] => 0.15
                    [comprimento] => 0.20
                    [volumes] => 2
                )

            [1] => Array
                (
                    [largura] => 0.30
                    [altura] => 0.15
                    [comprimento] => 0.40
                    [volumes] => 1
                )

        )

    [volumes] => 3
)

05-17-2022 @ 14:03:45 - Braspress Braspress - Rodoviário resposta 200: {"id":168096416,"prazo":3,"totalFrete":71.4}
05-17-2022 @ 14:04:07 - Braspress Braspress - Rodoviário envio: Array
(
    [cnpjRemetente] => 27399462000180
    [cnpjDestinatario] => 11111111111111
    [modal] => R
    [tipoFrete] => 1
    [cepOrigem] => 96412830
    [cepDestino] => 12041113
    [vlrMercadoria] => 479.00
    [peso] => 5.00
    [cubagem] => Array
        (
            [0] => Array
                (
                    [largura] => 0.20
                    [altura] => 0.15
                    [comprimento] => 0.20
                    [volumes] => 2
                )

            [1] => Array
                (
                    [largura] => 0.30
                    [altura] => 0.15
                    [comprimento] => 0.40
                    [volumes] => 1
                )

        )

    [volumes] => 3
)

05-17-2022 @ 14:04:07 - Braspress Braspress - Rodoviário resposta 200: {"id":168096510,"prazo":3,"totalFrete":71.4}
05-17-2022 @ 14:05:05 - Braspress Braspress - Rodoviário envio: Array
(
    [cnpjRemetente] => 27399462000180
    [cnpjDestinatario] => 11111111111111
    [modal] => R
    [tipoFrete] => 1
    [cepOrigem] => 96412830
    [cepDestino] => 12041113
    [vlrMercadoria] => 309.00
    [peso] => 3.00
    [cubagem] => Array
        (
            [0] => Array
                (
                    [largura] => 0.30
                    [altura] => 0.15
                    [comprimento] => 0.40
                    [volumes] => 1
                )

        )

    [volumes] => 1
)

05-17-2022 @ 14:05:05 - Braspress Braspress - Rodoviário resposta 200: {"id":168096771,"prazo":3,"totalFrete":59.84}
05-17-2022 @ 14:05:33 - Braspress Braspress - Rodoviário envio: Array
(
    [cnpjRemetente] => 27399462000180
    [cnpjDestinatario] => 11111111111111
    [modal] => R
    [tipoFrete] => 1
    [cepOrigem] => 96412830
    [cepDestino] => 86191050
    [vlrMercadoria] => 309.00
    [peso] => 3.00
    [cubagem] => Array
        (
            [0] => Array
                (
                    [largura] => 0.30
                    [altura] => 0.15
                    [comprimento] => 0.40
                    [volumes] => 1
                )

        )

    [volumes] => 1
)

05-17-2022 @ 14:05:33 - Braspress Braspress - Rodoviário resposta 200: {"id":168096875,"prazo":5,"totalFrete":52.03}
05-17-2022 @ 14:08:59 - Braspress Braspress - Rodoviário envio: Array
(
    [cnpjRemetente] => 27399462000180
    [cnpjDestinatario] => 11111111111111
    [modal] => R
    [tipoFrete] => 1
    [cepOrigem] => 96412830
    [cepDestino] => 02042001
    [vlrMercadoria] => 109.00
    [peso] => 0.40
    [cubagem] => Array
        (
            [0] => Array
                (
                    [largura] => 0.23
                    [altura] => 0.10
                    [comprimento] => 0.30
                    [volumes] => 1
                )

        )

    [volumes] => 1
)

05-17-2022 @ 14:08:59 - Braspress Braspress - Rodoviário resposta 200: {"id":168097751,"prazo":4,"totalFrete":104.4}
05-17-2022 @ 14:09:41 - Braspress Braspress - Rodoviário envio: Array
(
    [cnpjRemetente] => 27399462000180
    [cnpjDestinatario] => 08592807808
    [modal] => R
    [tipoFrete] => 1
    [cepOrigem] => 96412830
    [cepDestino] => 02042001
    [vlrMercadoria] => 109.00
    [peso] => 0.40
    [cubagem] => Array
        (
            [0] => Array
                (
                    [largura] => 0.23
                    [altura] => 0.10
                    [comprimento] => 0.30
                    [volumes] => 1
                )

        )

    [volumes] => 1
)

05-17-2022 @ 14:09:41 - Braspress Braspress - Rodoviário resposta 200: {"id":168097924,"prazo":4,"totalFrete":104.4}
05-17-2022 @ 14:09:47 - Braspress Braspress - Rodoviário envio: Array
(
    [cnpjRemetente] => 27399462000180
    [cnpjDestinatario] => 08592807808
    [modal] => R
    [tipoFrete] => 1
    [cepOrigem] => 96412830
    [cepDestino] => 02042001
    [vlrMercadoria] => 109.00
    [peso] => 0.40
    [cubagem] => Array
        (
            [0] => Array
                (
                    [largura] => 0.23
                    [altura] => 0.10
                    [comprimento] => 0.30
                    [volumes] => 1
                )

        )

    [volumes] => 1
)

05-17-2022 @ 14:09:47 - Braspress Braspress - Rodoviário resposta 200: {"id":168097956,"prazo":4,"totalFrete":104.4}
05-17-2022 @ 14:09:51 - Braspress Braspress - Rodoviário envio: Array
(
    [cnpjRemetente] => 27399462000180
    [cnpjDestinatario] => 08592807808
    [modal] => R
    [tipoFrete] => 1
    [cepOrigem] => 96412830
    [cepDestino] => 02042001
    [vlrMercadoria] => 109.00
    [peso] => 0.40
    [cubagem] => Array
        (
            [0] => Array
                (
                    [largura] => 0.23
                    [altura] => 0.10
                    [comprimento] => 0.30
                    [volumes] => 1
                )

        )

    [volumes] => 1
)

05-17-2022 @ 14:09:51 - Braspress Braspress - Rodoviário resposta 200: {"id":168097966,"prazo":4,"totalFrete":104.4}
05-17-2022 @ 14:10:13 - Braspress Braspress - Rodoviário envio: Array
(
    [cnpjRemetente] => 27399462000180
    [cnpjDestinatario] => 08592807808
    [modal] => R
    [tipoFrete] => 1
    [cepOrigem] => 96412830
    [cepDestino] => 02042001
    [vlrMercadoria] => 109.00
    [peso] => 0.40
    [cubagem] => Array
        (
            [0] => Array
                (
                    [largura] => 0.23
                    [altura] => 0.10
                    [comprimento] => 0.30
                    [volumes] => 1
                )

        )

    [volumes] => 1
)

05-17-2022 @ 14:10:13 - Braspress Braspress - Rodoviário resposta 200: {"id":168098048,"prazo":4,"totalFrete":104.4}
05-17-2022 @ 14:10:35 - Braspress Braspress - Rodoviário envio: Array
(
    [cnpjRemetente] => 27399462000180
    [cnpjDestinatario] => 08592807808
    [modal] => R
    [tipoFrete] => 1
    [cepOrigem] => 96412830
    [cepDestino] => 02042001
    [vlrMercadoria] => 109.00
    [peso] => 0.40
    [cubagem] => Array
        (
            [0] => Array
                (
                    [largura] => 0.23
                    [altura] => 0.10
                    [comprimento] => 0.30
                    [volumes] => 1
                )

        )

    [volumes] => 1
)

05-17-2022 @ 14:10:35 - Braspress Braspress - Rodoviário resposta 200: {"id":168098150,"prazo":4,"totalFrete":104.4}
05-17-2022 @ 14:10:57 - Braspress Braspress - Rodoviário envio: Array
(
    [cnpjRemetente] => 27399462000180
    [cnpjDestinatario] => 08592807808
    [modal] => R
    [tipoFrete] => 1
    [cepOrigem] => 96412830
    [cepDestino] => 02042001
    [vlrMercadoria] => 109.00
    [peso] => 0.40
    [cubagem] => Array
        (
            [0] => Array
                (
                    [largura] => 0.23
                    [altura] => 0.10
                    [comprimento] => 0.30
                    [volumes] => 1
                )

        )

    [volumes] => 1
)

05-17-2022 @ 14:10:57 - Braspress Braspress - Rodoviário resposta 200: {"id":168098242,"prazo":4,"totalFrete":104.4}
05-17-2022 @ 14:17:47 - Braspress Braspress - Rodoviário envio: Array
(
    [cnpjRemetente] => 27399462000180
    [cnpjDestinatario] => 83333118068
    [modal] => R
    [tipoFrete] => 1
    [cepOrigem] => 96412830
    [cepDestino] => 96600000
    [vlrMercadoria] => 1488.00
    [peso] => 11.00
    [cubagem] => Array
        (
            [0] => Array
                (
                    [largura] => 0.30
                    [altura] => 0.10
                    [comprimento] => 0.30
                    [volumes] => 1
                )

            [1] => Array
                (
                    [largura] => 0.50
                    [altura] => 0.12
                    [comprimento] => 0.60
                    [volumes] => 1
                )

        )

    [volumes] => 2
)

05-17-2022 @ 14:17:47 - Braspress Braspress - Rodoviário resposta 200: {"id":168099930,"prazo":4,"totalFrete":50.0}
05-17-2022 @ 14:17:54 - Braspress Braspress - Rodoviário envio: Array
(
    [cnpjRemetente] => 27399462000180
    [cnpjDestinatario] => 11111111111111
    [modal] => R
    [tipoFrete] => 1
    [cepOrigem] => 96412830
    [cepDestino] => 86191050
    [vlrMercadoria] => 947.00
    [peso] => 10.00
    [cubagem] => Array
        (
            [0] => Array
                (
                    [largura] => 0.30
                    [altura] => 0.15
                    [comprimento] => 0.40
                    [volumes] => 1
                )

            [1] => Array
                (
                    [largura] => 0.30
                    [altura] => 0.20
                    [comprimento] => 0.35
                    [volumes] => 2
                )

        )

    [volumes] => 3
)

05-17-2022 @ 14:17:54 - Braspress Braspress - Rodoviário resposta 200: {"id":168099946,"prazo":5,"totalFrete":64.25}
05-17-2022 @ 14:18:10 - Braspress Braspress - Rodoviário envio: Array
(
    [cnpjRemetente] => 27399462000180
    [cnpjDestinatario] => 83333118068
    [modal] => R
    [tipoFrete] => 1
    [cepOrigem] => 96412830
    [cepDestino] => 96600000
    [vlrMercadoria] => 1488.00
    [peso] => 11.00
    [cubagem] => Array
        (
            [0] => Array
                (
                    [largura] => 0.30
                    [altura] => 0.10
                    [comprimento] => 0.30
                    [volumes] => 1
                )

            [1] => Array
                (
                    [largura] => 0.50
                    [altura] => 0.12
                    [comprimento] => 0.60
                    [volumes] => 1
                )

        )

    [volumes] => 2
)

05-17-2022 @ 14:18:10 - Braspress Braspress - Rodoviário resposta 200: {"id":168100005,"prazo":4,"totalFrete":50.0}
05-17-2022 @ 14:18:23 - Braspress Braspress - Rodoviário envio: Array
(
    [cnpjRemetente] => 27399462000180
    [cnpjDestinatario] => 11111111111111
    [modal] => R
    [tipoFrete] => 1
    [cepOrigem] => 96412830
    [cepDestino] => 86191050
    [vlrMercadoria] => 638.00
    [peso] => 7.00
    [cubagem] => Array
        (
            [0] => Array
                (
                    [largura] => 0.30
                    [altura] => 0.20
                    [comprimento] => 0.35
                    [volumes] => 2
                )

        )

    [volumes] => 2
)

05-17-2022 @ 14:18:23 - Braspress Braspress - Rodoviário resposta 200: {"id":168100050,"prazo":5,"totalFrete":62.71}
05-17-2022 @ 14:18:32 - Braspress Braspress - Rodoviário envio: Array
(
    [cnpjRemetente] => 27399462000180
    [cnpjDestinatario] => 83333118068
    [modal] => R
    [tipoFrete] => 1
    [cepOrigem] => 96412830
    [cepDestino] => 96600000
    [vlrMercadoria] => 1488.00
    [peso] => 11.00
    [cubagem] => Array
        (
            [0] => Array
                (
                    [largura] => 0.30
                    [altura] => 0.10
                    [comprimento] => 0.30
                    [volumes] => 1
                )

            [1] => Array
                (
                    [largura] => 0.50
                    [altura] => 0.12
                    [comprimento] => 0.60
                    [volumes] => 1
                )

        )

    [volumes] => 2
)

05-17-2022 @ 14:18:32 - Braspress Braspress - Rodoviário resposta 200: {"id":168100087,"prazo":4,"totalFrete":50.0}
05-17-2022 @ 14:18:45 - Braspress Braspress - Rodoviário envio: Array
(
    [cnpjRemetente] => 27399462000180
    [cnpjDestinatario] => 83333118068
    [modal] => R
    [tipoFrete] => 1
    [cepOrigem] => 96412830
    [cepDestino] => 96600000
    [vlrMercadoria] => 1488.00
    [peso] => 11.00
    [cubagem] => Array
        (
            [0] => Array
                (
                    [largura] => 0.30
                    [altura] => 0.10
                    [comprimento] => 0.30
                    [volumes] => 1
                )

            [1] => Array
                (
                    [largura] => 0.50
                    [altura] => 0.12
                    [comprimento] => 0.60
                    [volumes] => 1
                )

        )

    [volumes] => 2
)

05-17-2022 @ 14:18:45 - Braspress Braspress - Rodoviário resposta 200: {"id":168100141,"prazo":4,"totalFrete":50.0}
05-17-2022 @ 14:21:06 - Braspress Braspress - Rodoviário envio: Array
(
    [cnpjRemetente] => 27399462000180
    [cnpjDestinatario] => 11111111111111
    [modal] => R
    [tipoFrete] => 1
    [cepOrigem] => 96412830
    [cepDestino] => 86191050
    [vlrMercadoria] => 747.00
    [peso] => 7.40
    [cubagem] => Array
        (
            [0] => Array
                (
                    [largura] => 0.30
                    [altura] => 0.20
                    [comprimento] => 0.35
                    [volumes] => 2
                )

            [1] => Array
                (
                    [largura] => 0.23
                    [altura] => 0.10
                    [comprimento] => 0.30
                    [volumes] => 1
                )

        )

    [volumes] => 3
)

05-17-2022 @ 14:21:06 - Braspress Braspress - Rodoviário resposta 200: {"id":168100719,"prazo":5,"totalFrete":63.25}
05-17-2022 @ 14:21:28 - Braspress Braspress - Rodoviário envio: Array
(
    [cnpjRemetente] => 27399462000180
    [cnpjDestinatario] => 11111111111111
    [modal] => R
    [tipoFrete] => 1
    [cepOrigem] => 96412830
    [cepDestino] => 86191050
    [vlrMercadoria] => 747.00
    [peso] => 7.40
    [cubagem] => Array
        (
            [0] => Array
                (
                    [largura] => 0.30
                    [altura] => 0.20
                    [comprimento] => 0.35
                    [volumes] => 2
                )

            [1] => Array
                (
                    [largura] => 0.23
                    [altura] => 0.10
                    [comprimento] => 0.30
                    [volumes] => 1
                )

        )

    [volumes] => 3
)

05-17-2022 @ 14:21:28 - Braspress Braspress - Rodoviário resposta 200: {"id":168100798,"prazo":5,"totalFrete":63.25}
05-17-2022 @ 14:23:03 - Braspress Braspress - Rodoviário envio: Array
(
    [cnpjRemetente] => 27399462000180
    [cnpjDestinatario] => 11111111111111
    [modal] => R
    [tipoFrete] => 1
    [cepOrigem] => 96412830
    [cepDestino] => 90450231
    [vlrMercadoria] => 747.00
    [peso] => 7.40
    [cubagem] => Array
        (
            [0] => Array
                (
                    [largura] => 0.30
                    [altura] => 0.20
                    [comprimento] => 0.35
                    [volumes] => 2
                )

            [1] => Array
                (
                    [largura] => 0.23
                    [altura] => 0.10
                    [comprimento] => 0.30
                    [volumes] => 1
                )

        )

    [volumes] => 3
)

05-17-2022 @ 14:23:03 - Braspress Braspress - Rodoviário resposta 200: {"id":168101221,"prazo":1,"totalFrete":41.62}
05-17-2022 @ 14:23:22 - Braspress Braspress - Rodoviário envio: Array
(
    [cnpjRemetente] => 27399462000180
    [cnpjDestinatario] => 11111111111111
    [modal] => R
    [tipoFrete] => 1
    [cepOrigem] => 96412830
    [cepDestino] => 81720300
    [vlrMercadoria] => 1329.00
    [peso] => 8.00
    [cubagem] => Array
        (
            [0] => Array
                (
                    [largura] => 0.50
                    [altura] => 0.15
                    [comprimento] => 0.60
                    [volumes] => 1
                )

        )

    [volumes] => 1
)

05-17-2022 @ 14:23:22 - Braspress Braspress - Rodoviário resposta 200: {"id":168101296,"prazo":3,"totalFrete":87.05}
05-17-2022 @ 14:27:13 - Braspress Braspress - Rodoviário envio: Array
(
    [cnpjRemetente] => 27399462000180
    [cnpjDestinatario] => 11111111111111
    [modal] => R
    [tipoFrete] => 1
    [cepOrigem] => 96412830
    [cepDestino] => 81720300
    [vlrMercadoria] => 1329.00
    [peso] => 8.00
    [cubagem] => Array
        (
            [0] => Array
                (
                    [largura] => 0.50
                    [altura] => 0.15
                    [comprimento] => 0.60
                    [volumes] => 1
                )

        )

    [volumes] => 1
)

05-17-2022 @ 14:27:13 - Braspress Braspress - Rodoviário resposta 200: {"id":168102332,"prazo":3,"totalFrete":87.05}
05-17-2022 @ 14:28:41 - Braspress Braspress - Rodoviário envio: Array
(
    [cnpjRemetente] => 27399462000180
    [cnpjDestinatario] => 03658866969
    [modal] => R
    [tipoFrete] => 1
    [cepOrigem] => 96412830
    [cepDestino] => 81720300
    [vlrMercadoria] => 1329.00
    [peso] => 8.00
    [cubagem] => Array
        (
            [0] => Array
                (
                    [largura] => 0.50
                    [altura] => 0.15
                    [comprimento] => 0.60
                    [volumes] => 1
                )

        )

    [volumes] => 1
)

05-17-2022 @ 14:28:41 - Braspress Braspress - Rodoviário resposta 200: {"id":168102663,"prazo":3,"totalFrete":87.05}
05-17-2022 @ 14:28:44 - Braspress Braspress - Rodoviário envio: Array
(
    [cnpjRemetente] => 27399462000180
    [cnpjDestinatario] => 03658866969
    [modal] => R
    [tipoFrete] => 1
    [cepOrigem] => 96412830
    [cepDestino] => 81720300
    [vlrMercadoria] => 1329.00
    [peso] => 8.00
    [cubagem] => Array
        (
            [0] => Array
                (
                    [largura] => 0.50
                    [altura] => 0.15
                    [comprimento] => 0.60
                    [volumes] => 1
                )

        )

    [volumes] => 1
)

05-17-2022 @ 14:28:44 - Braspress Braspress - Rodoviário resposta 200: {"id":168102679,"prazo":3,"totalFrete":87.05}
05-17-2022 @ 14:29:19 - Braspress Braspress - Rodoviário envio: Array
(
    [cnpjRemetente] => 27399462000180
    [cnpjDestinatario] => 11111111111111
    [modal] => R
    [tipoFrete] => 1
    [cepOrigem] => 96412830
    [cepDestino] => 74483500
    [vlrMercadoria] => 109.00
    [peso] => 0.40
    [cubagem] => Array
        (
            [0] => Array
                (
                    [largura] => 0.23
                    [altura] => 0.10
                    [comprimento] => 0.30
                    [volumes] => 1
                )

        )

    [volumes] => 1
)

05-17-2022 @ 14:29:19 - Braspress Braspress - Rodoviário resposta 200: {"id":168102829,"prazo":6,"totalFrete":78.58}
05-17-2022 @ 14:35:37 - Braspress Braspress - Rodoviário envio: Array
(
    [cnpjRemetente] => 27399462000180
    [cnpjDestinatario] => 11111111111111
    [modal] => R
    [tipoFrete] => 1
    [cepOrigem] => 96412830
    [cepDestino] => 90450231
    [vlrMercadoria] => 1056.00
    [peso] => 10.40
    [cubagem] => Array
        (
            [0] => Array
                (
                    [largura] => 0.30
                    [altura] => 0.20
                    [comprimento] => 0.35
                    [volumes] => 2
                )

            [1] => Array
                (
                    [largura] => 0.23
                    [altura] => 0.10
                    [comprimento] => 0.30
                    [volumes] => 1
                )

            [2] => Array
                (
                    [largura] => 0.30
                    [altura] => 0.15
                    [comprimento] => 0.40
                    [volumes] => 1
                )

        )

    [volumes] => 4
)

05-17-2022 @ 14:35:37 - Braspress Braspress - Rodoviário resposta 200: {"id":168104472,"prazo":1,"totalFrete":50.94}
05-17-2022 @ 14:36:06 - Braspress Braspress - Rodoviário envio: Array
(
    [cnpjRemetente] => 27399462000180
    [cnpjDestinatario] => 11111111111111
    [modal] => R
    [tipoFrete] => 1
    [cepOrigem] => 96412830
    [cepDestino] => 90450231
    [vlrMercadoria] => 947.00
    [peso] => 10.00
    [cubagem] => Array
        (
            [0] => Array
                (
                    [largura] => 0.30
                    [altura] => 0.20
                    [comprimento] => 0.35
                    [volumes] => 2
                )

            [1] => Array
                (
                    [largura] => 0.30
                    [altura] => 0.15
                    [comprimento] => 0.40
                    [volumes] => 1
                )

        )

    [volumes] => 3
)

05-17-2022 @ 14:36:06 - Braspress Braspress - Rodoviário resposta 200: {"id":168104623,"prazo":1,"totalFrete":42.27}
05-17-2022 @ 14:36:19 - Braspress Braspress - Rodoviário envio: Array
(
    [cnpjRemetente] => 27399462000180
    [cnpjDestinatario] => 11111111111111
    [modal] => R
    [tipoFrete] => 1
    [cepOrigem] => 96412830
    [cepDestino] => 90450231
    [vlrMercadoria] => 418.00
    [peso] => 3.40
    [cubagem] => Array
        (
            [0] => Array
                (
                    [largura] => 0.23
                    [altura] => 0.10
                    [comprimento] => 0.30
                    [volumes] => 1
                )

            [1] => Array
                (
                    [largura] => 0.30
                    [altura] => 0.15
                    [comprimento] => 0.40
                    [volumes] => 1
                )

        )

    [volumes] => 2
)

05-17-2022 @ 14:36:19 - Braspress Braspress - Rodoviário resposta 200: {"id":168104690,"prazo":1,"totalFrete":34.69}
05-17-2022 @ 14:36:31 - Braspress Braspress - Rodoviário envio: Array
(
    [cnpjRemetente] => 27399462000180
    [cnpjDestinatario] => 11111111111111
    [modal] => R
    [tipoFrete] => 1
    [cepOrigem] => 96412830
    [cepDestino] => 90450231
    [vlrMercadoria] => 309.00
    [peso] => 3.00
    [cubagem] => Array
        (
            [0] => Array
                (
                    [largura] => 0.30
                    [altura] => 0.15
                    [comprimento] => 0.40
                    [volumes] => 1
                )

        )

    [volumes] => 1
)

05-17-2022 @ 14:36:31 - Braspress Braspress - Rodoviário resposta 200: {"id":168104740,"prazo":1,"totalFrete":34.34}
05-17-2022 @ 14:36:58 - Braspress Braspress - Rodoviário envio: Array
(
    [cnpjRemetente] => 27399462000180
    [cnpjDestinatario] => 11111111111111
    [modal] => R
    [tipoFrete] => 1
    [cepOrigem] => 96412830
    [cepDestino] => 86191050
    [vlrMercadoria] => 309.00
    [peso] => 3.00
    [cubagem] => Array
        (
            [0] => Array
                (
                    [largura] => 0.30
                    [altura] => 0.15
                    [comprimento] => 0.40
                    [volumes] => 1
                )

        )

    [volumes] => 1
)

05-17-2022 @ 14:36:58 - Braspress Braspress - Rodoviário resposta 200: {"id":168104875,"prazo":5,"totalFrete":52.03}
05-17-2022 @ 14:40:23 - Braspress Braspress - Rodoviário envio: Array
(
    [cnpjRemetente] => 27399462000180
    [cnpjDestinatario] => 11111111111111
    [modal] => R
    [tipoFrete] => 1
    [cepOrigem] => 96412830
    [cepDestino] => 99150000
    [vlrMercadoria] => 359.00
    [peso] => 3.00
    [cubagem] => Array
        (
            [0] => Array
                (
                    [largura] => 0.30
                    [altura] => 0.10
                    [comprimento] => 0.40
                    [volumes] => 1
                )

        )

    [volumes] => 1
)

05-17-2022 @ 14:40:23 - Braspress Braspress - Rodoviário resposta 200: {"id":168105831,"prazo":1,"totalFrete":39.25}
05-17-2022 @ 15:05:33 - Braspress Braspress - Rodoviário envio: Array
(
    [cnpjRemetente] => 27399462000180
    [cnpjDestinatario] => 11111111111111
    [modal] => R
    [tipoFrete] => 1
    [cepOrigem] => 96412830
    [cepDestino] => 09041410
    [vlrMercadoria] => 269.00
    [peso] => 3.50
    [cubagem] => Array
        (
            [0] => Array
                (
                    [largura] => 0.45
                    [altura] => 0.45
                    [comprimento] => 0.45
                    [volumes] => 1
                )

        )

    [volumes] => 1
)

05-17-2022 @ 15:05:33 - Braspress Braspress - Rodoviário resposta 200: {"id":168112906,"prazo":5,"totalFrete":138.68}
05-17-2022 @ 15:09:02 - Braspress Braspress - Rodoviário envio: Array
(
    [cnpjRemetente] => 27399462000180
    [cnpjDestinatario] => 11111111111111
    [modal] => R
    [tipoFrete] => 1
    [cepOrigem] => 96412830
    [cepDestino] => 09041410
    [vlrMercadoria] => 538.00
    [peso] => 7.00
    [cubagem] => Array
        (
            [0] => Array
                (
                    [largura] => 0.45
                    [altura] => 0.45
                    [comprimento] => 0.45
                    [volumes] => 1
                )

            [1] => Array
                (
                    [largura] => 0.45
                    [altura] => 0.45
                    [comprimento] => 0.45
                    [volumes] => 1
                )

        )

    [volumes] => 2
)

05-17-2022 @ 15:09:02 - Braspress Braspress - Rodoviário resposta 200: {"id":168113794,"prazo":5,"totalFrete":173.29}
05-17-2022 @ 15:14:01 - Braspress Braspress - Rodoviário envio: Array
(
    [cnpjRemetente] => 27399462000180
    [cnpjDestinatario] => 11111111111111
    [modal] => R
    [tipoFrete] => 1
    [cepOrigem] => 96412830
    [cepDestino] => 86191050
    [vlrMercadoria] => 799.00
    [peso] => 7.00
    [cubagem] => Array
        (
            [0] => Array
                (
                    [largura] => 0.30
                    [altura] => 0.15
                    [comprimento] => 0.40
                    [volumes] => 1
                )

            [1] => Array
                (
                    [largura] => 0.35
                    [altura] => 0.10
                    [comprimento] => 0.40
                    [volumes] => 1
                )

        )

    [volumes] => 2
)

05-17-2022 @ 15:14:01 - Braspress Braspress - Rodoviário resposta 401: {"statusCode":403,"message":"Authentication failed","dateTime":"17/05/2022 15:14:00","errorList":null}

05-17-2022 @ 15:14:01 - Braspress Braspress - Rodoviário erro: Array
(
    [statusCode] => 403
    [message] => Authentication failed
    [dateTime] => 17/05/2022 15:14:00
    [errorList] => 
    [ambiente] => https://api.braspress.com/v1/cotacao/calcular/json
)

05-17-2022 @ 15:14:04 - Braspress Braspress - Rodoviário envio: Array
(
    [cnpjRemetente] => 27399462000180
    [cnpjDestinatario] => 11111111111111
    [modal] => R
    [tipoFrete] => 1
    [cepOrigem] => 96412830
    [cepDestino] => 86191050
    [vlrMercadoria] => 799.00
    [peso] => 7.00
    [cubagem] => Array
        (
            [0] => Array
                (
                    [largura] => 0.30
                    [altura] => 0.15
                    [comprimento] => 0.40
                    [volumes] => 1
                )

            [1] => Array
                (
                    [largura] => 0.35
                    [altura] => 0.10
                    [comprimento] => 0.40
                    [volumes] => 1
                )

        )

    [volumes] => 2
)

05-17-2022 @ 15:14:04 - Braspress Braspress - Rodoviário resposta 200: {"id":168115076,"prazo":5,"totalFrete":54.47}
05-17-2022 @ 15:55:48 - Braspress Braspress - Rodoviário envio: Array
(
    [cnpjRemetente] => 27399462000180
    [cnpjDestinatario] => 11111111111111
    [modal] => R
    [tipoFrete] => 1
    [cepOrigem] => 96412830
    [cepDestino] => 86191050
    [vlrMercadoria] => 1289.00
    [peso] => 11.00
    [cubagem] => Array
        (
            [0] => Array
                (
                    [largura] => 0.30
                    [altura] => 0.15
                    [comprimento] => 0.40
                    [volumes] => 1
                )

            [1] => Array
                (
                    [largura] => 0.35
                    [altura] => 0.10
                    [comprimento] => 0.40
                    [volumes] => 1
                )

            [2] => Array
                (
                    [largura] => 0.35
                    [altura] => 0.10
                    [comprimento] => 0.40
                    [volumes] => 1
                )

        )

    [volumes] => 3
)

05-17-2022 @ 15:55:48 - Braspress Braspress - Rodoviário resposta 200: {"id":168126098,"prazo":5,"totalFrete":65.95}
05-17-2022 @ 15:57:18 - Braspress Braspress - Rodoviário envio: Array
(
    [cnpjRemetente] => 27399462000180
    [cnpjDestinatario] => 11111111111111
    [modal] => R
    [tipoFrete] => 1
    [cepOrigem] => 96412830
    [cepDestino] => 86191050
    [vlrMercadoria] => 980.00
    [peso] => 8.00
    [cubagem] => Array
        (
            [0] => Array
                (
                    [largura] => 0.35
                    [altura] => 0.10
                    [comprimento] => 0.40
                    [volumes] => 1
                )

            [1] => Array
                (
                    [largura] => 0.35
                    [altura] => 0.10
                    [comprimento] => 0.40
                    [volumes] => 1
                )

        )

    [volumes] => 2
)

05-17-2022 @ 15:57:18 - Braspress Braspress - Rodoviário resposta 200: {"id":168126499,"prazo":5,"totalFrete":55.36}
05-17-2022 @ 15:57:43 - Braspress Braspress - Rodoviário envio: Array
(
    [cnpjRemetente] => 27399462000180
    [cnpjDestinatario] => 11111111111111
    [modal] => R
    [tipoFrete] => 1
    [cepOrigem] => 96412830
    [cepDestino] => 86191050
    [vlrMercadoria] => 980.00
    [peso] => 8.00
    [cubagem] => Array
        (
            [0] => Array
                (
                    [largura] => 0.35
                    [altura] => 0.10
                    [comprimento] => 0.40
                    [volumes] => 1
                )

            [1] => Array
                (
                    [largura] => 0.35
                    [altura] => 0.10
                    [comprimento] => 0.40
                    [volumes] => 1
                )

        )

    [volumes] => 2
)

05-17-2022 @ 15:57:43 - Braspress Braspress - Rodoviário resposta 200: {"id":168126593,"prazo":5,"totalFrete":55.36}
05-17-2022 @ 15:58:05 - Braspress Braspress - Rodoviário envio: Array
(
    [cnpjRemetente] => 27399462000180
    [cnpjDestinatario] => 11111111111111
    [modal] => R
    [tipoFrete] => 1
    [cepOrigem] => 96412830
    [cepDestino] => 86191050
    [vlrMercadoria] => 490.00
    [peso] => 4.00
    [cubagem] => Array
        (
            [0] => Array
                (
                    [largura] => 0.35
                    [altura] => 0.10
                    [comprimento] => 0.40
                    [volumes] => 1
                )

        )

    [volumes] => 1
)

05-17-2022 @ 15:58:05 - Braspress Braspress - Rodoviário resposta 200: {"id":168126693,"prazo":5,"totalFrete":52.95}
05-17-2022 @ 15:58:26 - Braspress Braspress - Rodoviário envio: Array
(
    [cnpjRemetente] => 27399462000180
    [cnpjDestinatario] => 11111111111111
    [modal] => R
    [tipoFrete] => 1
    [cepOrigem] => 96412830
    [cepDestino] => 86191050
    [vlrMercadoria] => 490.00
    [peso] => 4.00
    [cubagem] => Array
        (
            [0] => Array
                (
                    [largura] => 0.35
                    [altura] => 0.10
                    [comprimento] => 0.40
                    [volumes] => 1
                )

        )

    [volumes] => 1
)

05-17-2022 @ 15:58:26 - Braspress Braspress - Rodoviário resposta 200: {"id":168126776,"prazo":5,"totalFrete":52.95}
05-17-2022 @ 15:58:49 - Braspress Braspress - Rodoviário envio: Array
(
    [cnpjRemetente] => 27399462000180
    [cnpjDestinatario] => 11111111111111
    [modal] => R
    [tipoFrete] => 1
    [cepOrigem] => 96412830
    [cepDestino] => 86191050
    [vlrMercadoria] => 490.00
    [peso] => 4.00
    [cubagem] => Array
        (
            [0] => Array
                (
                    [largura] => 0.35
                    [altura] => 0.10
                    [comprimento] => 0.40
                    [volumes] => 1
                )

        )

    [volumes] => 1
)

05-17-2022 @ 15:58:49 - Braspress Braspress - Rodoviário resposta 200: {"id":168126865,"prazo":5,"totalFrete":52.95}
05-17-2022 @ 17:12:29 - Braspress Braspress - Rodoviário envio: Array
(
    [cnpjRemetente] => 27399462000180
    [cnpjDestinatario] => 11111111111111
    [modal] => R
    [tipoFrete] => 1
    [cepOrigem] => 96412830
    [cepDestino] => 78158680
    [vlrMercadoria] => 209.00
    [peso] => 2.00
    [cubagem] => Array
        (
            [0] => Array
                (
                    [largura] => 0.40
                    [altura] => 0.08
                    [comprimento] => 0.40
                    [volumes] => 1
                )

        )

    [volumes] => 1
)

05-17-2022 @ 17:12:29 - Braspress Braspress - Rodoviário resposta 400: {"statusCode":500,"message":"Service Error","dateTime":"17/05/2022 17:12:10","errorList":["Erro ao realizar a cotação de frete: VERIFICANDO CEP DESTINO"]}
05-17-2022 @ 17:12:29 - Braspress Braspress - Rodoviário erro: Array
(
    [statusCode] => 500
    [message] => Service Error
    [dateTime] => 17/05/2022 17:12:10
    [errorList] => Array
        (
            [0] => Erro ao realizar a cotação de frete: VERIFICANDO CEP DESTINO
        )

    [ambiente] => https://api.braspress.com/v1/cotacao/calcular/json
)

05-17-2022 @ 17:13:02 - Braspress Braspress - Rodoviário envio: Array
(
    [cnpjRemetente] => 27399462000180
    [cnpjDestinatario] => 11111111111111
    [modal] => R
    [tipoFrete] => 1
    [cepOrigem] => 96412830
    [cepDestino] => 78158680
    [vlrMercadoria] => 209.00
    [peso] => 2.00
    [cubagem] => Array
        (
            [0] => Array
                (
                    [largura] => 0.40
                    [altura] => 0.08
                    [comprimento] => 0.40
                    [volumes] => 1
                )

        )

    [volumes] => 1
)

05-17-2022 @ 17:13:02 - Braspress Braspress - Rodoviário resposta 400: {"statusCode":500,"message":"Service Error","dateTime":"17/05/2022 17:12:42","errorList":["Erro ao realizar a cotação de frete: VERIFICANDO CEP DESTINO"]}
05-17-2022 @ 17:13:02 - Braspress Braspress - Rodoviário erro: Array
(
    [statusCode] => 500
    [message] => Service Error
    [dateTime] => 17/05/2022 17:12:42
    [errorList] => Array
        (
            [0] => Erro ao realizar a cotação de frete: VERIFICANDO CEP DESTINO
        )

    [ambiente] => https://api.braspress.com/v1/cotacao/calcular/json
)

05-17-2022 @ 17:17:59 - Braspress Braspress - Rodoviário envio: Array
(
    [cnpjRemetente] => 27399462000180
    [cnpjDestinatario] => 11111111111111
    [modal] => R
    [tipoFrete] => 1
    [cepOrigem] => 96412830
    [cepDestino] => 78148680
    [vlrMercadoria] => 418.00
    [peso] => 4.00
    [cubagem] => Array
        (
            [0] => Array
                (
                    [largura] => 0.40
                    [altura] => 0.08
                    [comprimento] => 0.40
                    [volumes] => 2
                )

        )

    [volumes] => 2
)

05-17-2022 @ 17:17:59 - Braspress Braspress - Rodoviário resposta 200: {"id":168145063,"prazo":6,"totalFrete":53.98}
05-17-2022 @ 17:20:16 - Braspress Braspress - Rodoviário envio: Array
(
    [cnpjRemetente] => 27399462000180
    [cnpjDestinatario] => 11111111111111
    [modal] => R
    [tipoFrete] => 1
    [cepOrigem] => 96412830
    [cepDestino] => 38950000
    [vlrMercadoria] => 439.00
    [peso] => 2.50
    [cubagem] => Array
        (
            [0] => Array
                (
                    [largura] => 0.30
                    [altura] => 0.10
                    [comprimento] => 0.30
                    [volumes] => 1
                )

        )

    [volumes] => 1
)

05-17-2022 @ 17:20:16 - Braspress Braspress - Rodoviário resposta 200: {"id":168145508,"prazo":9,"totalFrete":65.15}
05-17-2022 @ 17:34:37 - Braspress Braspress - Rodoviário envio: Array
(
    [cnpjRemetente] => 27399462000180
    [cnpjDestinatario] => 11111111111111
    [modal] => R
    [tipoFrete] => 1
    [cepOrigem] => 96412830
    [cepDestino] => 78148680
    [vlrMercadoria] => 129.00
    [peso] => 1.25
    [cubagem] => Array
        (
            [0] => Array
                (
                    [largura] => 0.40
                    [altura] => 0.15
                    [comprimento] => 0.40
                    [volumes] => 1
                )

        )

    [volumes] => 1
)

05-17-2022 @ 17:34:37 - Braspress Braspress - Rodoviário resposta 400: {"statusCode":500,"message":"Erro Interno","dateTime":"17/05/2022 17:34:36","errorList":["Unable to acquire JDBC Connection; nested exception is org.hibernate.exception.JDBCConnectionException: Unable to acquire JDBC Connection"]}
05-17-2022 @ 17:34:37 - Braspress Braspress - Rodoviário erro: Array
(
    [statusCode] => 500
    [message] => Erro Interno
    [dateTime] => 17/05/2022 17:34:36
    [errorList] => Array
        (
            [0] => Unable to acquire JDBC Connection; nested exception is org.hibernate.exception.JDBCConnectionException: Unable to acquire JDBC Connection
        )

    [ambiente] => https://api.braspress.com/v1/cotacao/calcular/json
)

05-17-2022 @ 17:35:07 - Braspress Braspress - Rodoviário envio: Array
(
    [cnpjRemetente] => 27399462000180
    [cnpjDestinatario] => 11111111111111
    [modal] => R
    [tipoFrete] => 1
    [cepOrigem] => 96412830
    [cepDestino] => 04369000
    [vlrMercadoria] => 249.00
    [peso] => 3.50
    [cubagem] => Array
        (
            [0] => Array
                (
                    [largura] => 0.35
                    [altura] => 0.45
                    [comprimento] => 0.35
                    [volumes] => 1
                )

        )

    [volumes] => 1
)

05-17-2022 @ 17:35:07 - Braspress Braspress - Rodoviário resposta 200: {"id":168148297,"prazo":4,"totalFrete":119.19}
05-17-2022 @ 17:36:05 - Braspress Braspress - Rodoviário envio: Array
(
    [cnpjRemetente] => 27399462000180
    [cnpjDestinatario] => 11111111111111
    [modal] => R
    [tipoFrete] => 1
    [cepOrigem] => 96412830
    [cepDestino] => 04369000
    [vlrMercadoria] => 249.00
    [peso] => 3.50
    [cubagem] => Array
        (
            [0] => Array
                (
                    [largura] => 0.35
                    [altura] => 0.45
                    [comprimento] => 0.35
                    [volumes] => 1
                )

        )

    [volumes] => 1
)

05-17-2022 @ 17:36:05 - Braspress Braspress - Rodoviário resposta 500: {"statusCode":500,"message":"Erro interno","dateTime":"17/05/2022 17:36:05","errorList":["Could not open JPA EntityManager for transaction; nested exception is org.hibernate.exception.JDBCConnectionException: Unable to acquire JDBC Connection"]}
05-17-2022 @ 17:36:05 - Braspress Braspress - Rodoviário erro: Array
(
    [statusCode] => 500
    [message] => Erro interno
    [dateTime] => 17/05/2022 17:36:05
    [errorList] => Array
        (
            [0] => Could not open JPA EntityManager for transaction; nested exception is org.hibernate.exception.JDBCConnectionException: Unable to acquire JDBC Connection
        )

    [ambiente] => https://api.braspress.com/v1/cotacao/calcular/json
)

05-17-2022 @ 17:41:29 - Braspress Braspress - Rodoviário envio: Array
(
    [cnpjRemetente] => 27399462000180
    [cnpjDestinatario] => 11111111111111
    [modal] => R
    [tipoFrete] => 1
    [cepOrigem] => 96412830
    [cepDestino] => 04369000
    [vlrMercadoria] => 249.00
    [peso] => 3.50
    [cubagem] => Array
        (
            [0] => Array
                (
                    [largura] => 0.35
                    [altura] => 0.45
                    [comprimento] => 0.35
                    [volumes] => 1
                )

        )

    [volumes] => 1
)

05-17-2022 @ 17:41:29 - Braspress Braspress - Rodoviário resposta 200: {"id":168149367,"prazo":4,"totalFrete":119.19}
05-17-2022 @ 17:45:13 - Braspress Braspress - Rodoviário envio: Array
(
    [cnpjRemetente] => 27399462000180
    [cnpjDestinatario] => 11111111111111
    [modal] => R
    [tipoFrete] => 1
    [cepOrigem] => 96412830
    [cepDestino] => 90520070
    [vlrMercadoria] => 109.00
    [peso] => 0.40
    [cubagem] => Array
        (
            [0] => Array
                (
                    [largura] => 0.23
                    [altura] => 0.10
                    [comprimento] => 0.30
                    [volumes] => 1
                )

        )

    [volumes] => 1
)

05-17-2022 @ 17:45:13 - Braspress Braspress - Rodoviário resposta 200: {"id":168150040,"prazo":1,"totalFrete":33.69}
05-17-2022 @ 18:14:27 - Braspress Braspress - Rodoviário envio: Array
(
    [cnpjRemetente] => 27399462000180
    [cnpjDestinatario] => 11111111111111
    [modal] => R
    [tipoFrete] => 1
    [cepOrigem] => 96412830
    [cepDestino] => 88955000
    [vlrMercadoria] => 109.00
    [peso] => 0.40
    [cubagem] => Array
        (
            [0] => Array
                (
                    [largura] => 0.23
                    [altura] => 0.10
                    [comprimento] => 0.30
                    [volumes] => 1
                )

        )

    [volumes] => 1
)

05-17-2022 @ 18:14:27 - Braspress Braspress - Rodoviário resposta 200: {"id":168154418,"prazo":5,"totalFrete":49.29}
05-17-2022 @ 18:19:39 - Braspress Braspress - Rodoviário envio: Array
(
    [cnpjRemetente] => 27399462000180
    [cnpjDestinatario] => 11111111111111
    [modal] => R
    [tipoFrete] => 1
    [cepOrigem] => 96412830
    [cepDestino] => 88053515
    [vlrMercadoria] => 867.00
    [peso] => 4.50
    [cubagem] => Array
        (
            [0] => Array
                (
                    [largura] => 0.30
                    [altura] => 0.20
                    [comprimento] => 0.30
                    [volumes] => 3
                )

        )

    [volumes] => 3
)

05-17-2022 @ 18:19:39 - Braspress Braspress - Rodoviário resposta 200: {"id":168154994,"prazo":4,"totalFrete":83.12}
05-17-2022 @ 18:44:54 - Braspress Braspress - Rodoviário envio: Array
(
    [cnpjRemetente] => 27399462000180
    [cnpjDestinatario] => 11111111111111
    [modal] => R
    [tipoFrete] => 1
    [cepOrigem] => 96412830
    [cepDestino] => 97035720
    [vlrMercadoria] => 309.00
    [peso] => 3.00
    [cubagem] => Array
        (
            [0] => Array
                (
                    [largura] => 0.30
                    [altura] => 0.10
                    [comprimento] => 0.40
                    [volumes] => 1
                )

        )

    [volumes] => 1
)

05-17-2022 @ 18:44:54 - Braspress Braspress - Rodoviário resposta 200: {"id":168157915,"prazo":1,"totalFrete":62.99}
05-17-2022 @ 18:47:34 - Braspress Braspress - Rodoviário envio: Array
(
    [cnpjRemetente] => 27399462000180
    [cnpjDestinatario] => 11111111111111
    [modal] => R
    [tipoFrete] => 1
    [cepOrigem] => 96412830
    [cepDestino] => 97035720
    [vlrMercadoria] => 309.00
    [peso] => 3.00
    [cubagem] => Array
        (
            [0] => Array
                (
                    [largura] => 0.30
                    [altura] => 0.10
                    [comprimento] => 0.40
                    [volumes] => 1
                )

        )

    [volumes] => 1
)

05-17-2022 @ 18:47:34 - Braspress Braspress - Rodoviário resposta 200: {"id":168158261,"prazo":1,"totalFrete":62.99}
05-17-2022 @ 19:09:36 - Braspress Braspress - Rodoviário envio: Array
(
    [cnpjRemetente] => 27399462000180
    [cnpjDestinatario] => 71524169072
    [modal] => R
    [tipoFrete] => 1
    [cepOrigem] => 96412830
    [cepDestino] => 98785352
    [vlrMercadoria] => 778.00
    [peso] => 6.00
    [cubagem] => Array
        (
            [0] => Array
                (
                    [largura] => 0.25
                    [altura] => 0.05
                    [comprimento] => 0.30
                    [volumes] => 1
                )

            [1] => Array
                (
                    [largura] => 0.27
                    [altura] => 0.10
                    [comprimento] => 0.27
                    [volumes] => 1
                )

            [2] => Array
                (
                    [largura] => 0.35
                    [altura] => 0.10
                    [comprimento] => 0.40
                    [volumes] => 1
                )

        )

    [volumes] => 3
)

05-17-2022 @ 19:09:36 - Braspress Braspress - Rodoviário resposta 200: {"id":168160524,"prazo":1,"totalFrete":40.75}
05-17-2022 @ 19:12:10 - Braspress Braspress - Rodoviário envio: Array
(
    [cnpjRemetente] => 27399462000180
    [cnpjDestinatario] => 11111111111111
    [modal] => R
    [tipoFrete] => 1
    [cepOrigem] => 96412830
    [cepDestino] => 87050390
    [vlrMercadoria] => 49.00
    [peso] => 1.00
    [cubagem] => Array
        (
            [0] => Array
                (
                    [largura] => 0.25
                    [altura] => 0.05
                    [comprimento] => 0.30
                    [volumes] => 1
                )

        )

    [volumes] => 1
)

05-17-2022 @ 19:12:10 - Braspress Braspress - Rodoviário resposta 200: {"id":168160778,"prazo":4,"totalFrete":77.6}
05-17-2022 @ 20:03:03 - Braspress Braspress - Rodoviário envio: Array
(
    [cnpjRemetente] => 27399462000180
    [cnpjDestinatario] => 11111111111111
    [modal] => R
    [tipoFrete] => 1
    [cepOrigem] => 96412830
    [cepDestino] => 21351280
    [vlrMercadoria] => 390.00
    [peso] => 2.00
    [cubagem] => Array
        (
            [0] => Array
                (
                    [largura] => 0.35
                    [altura] => 0.10
                    [comprimento] => 0.25
                    [volumes] => 1
                )

        )

    [volumes] => 1
)

05-17-2022 @ 20:03:03 - Braspress Braspress - Rodoviário resposta 200: {"id":168166378,"prazo":4,"totalFrete":100.51}
05-17-2022 @ 20:05:07 - Braspress Braspress - Rodoviário envio: Array
(
    [cnpjRemetente] => 27399462000180
    [cnpjDestinatario] => 11111111111111
    [modal] => R
    [tipoFrete] => 1
    [cepOrigem] => 96412830
    [cepDestino] => 22775060
    [vlrMercadoria] => 239.00
    [peso] => 1.25
    [cubagem] => Array
        (
            [0] => Array
                (
                    [largura] => 0.40
                    [altura] => 0.15
                    [comprimento] => 0.40
                    [volumes] => 1
                )

        )

    [volumes] => 1
)

05-17-2022 @ 20:05:07 - Braspress Braspress - Rodoviário resposta 200: {"id":168166586,"prazo":4,"totalFrete":98.97}
05-17-2022 @ 20:12:21 - Braspress Braspress - Rodoviário envio: Array
(
    [cnpjRemetente] => 27399462000180
    [cnpjDestinatario] => 13830148763
    [modal] => R
    [tipoFrete] => 1
    [cepOrigem] => 96412830
    [cepDestino] => 21351280
    [vlrMercadoria] => 390.00
    [peso] => 2.00
    [cubagem] => Array
        (
            [0] => Array
                (
                    [largura] => 0.35
                    [altura] => 0.10
                    [comprimento] => 0.25
                    [volumes] => 1
                )

        )

    [volumes] => 1
)

05-17-2022 @ 20:12:21 - Braspress Braspress - Rodoviário resposta 200: {"id":168167363,"prazo":4,"totalFrete":100.51}
05-17-2022 @ 20:26:54 - Braspress Braspress - Rodoviário envio: Array
(
    [cnpjRemetente] => 27399462000180
    [cnpjDestinatario] => 11111111111111
    [modal] => R
    [tipoFrete] => 1
    [cepOrigem] => 96412830
    [cepDestino] => 85906080
    [vlrMercadoria] => 1329.00
    [peso] => 8.00
    [cubagem] => Array
        (
            [0] => Array
                (
                    [largura] => 0.50
                    [altura] => 0.15
                    [comprimento] => 0.60
                    [volumes] => 1
                )

        )

    [volumes] => 1
)

05-17-2022 @ 20:26:54 - Braspress Braspress - Rodoviário resposta 200: {"id":168168911,"prazo":4,"totalFrete":95.09}
05-17-2022 @ 20:44:50 - Braspress Braspress - Rodoviário envio: Array
(
    [cnpjRemetente] => 27399462000180
    [cnpjDestinatario] => 11111111111111
    [modal] => R
    [tipoFrete] => 1
    [cepOrigem] => 96412830
    [cepDestino] => 91910154
    [vlrMercadoria] => 49.00
    [peso] => 1.00
    [cubagem] => Array
        (
            [0] => Array
                (
                    [largura] => 0.25
                    [altura] => 0.05
                    [comprimento] => 0.30
                    [volumes] => 1
                )

        )

    [volumes] => 1
)

05-17-2022 @ 20:44:50 - Braspress Braspress - Rodoviário resposta 200: {"id":168170926,"prazo":1,"totalFrete":33.49}
05-17-2022 @ 20:49:09 - Braspress Braspress - Rodoviário envio: Array
(
    [cnpjRemetente] => 27399462000180
    [cnpjDestinatario] => 11111111111111
    [modal] => R
    [tipoFrete] => 1
    [cepOrigem] => 96412830
    [cepDestino] => 99713355
    [vlrMercadoria] => 49.00
    [peso] => 1.00
    [cubagem] => Array
        (
            [0] => Array
                (
                    [largura] => 0.25
                    [altura] => 0.05
                    [comprimento] => 0.30
                    [volumes] => 1
                )

        )

    [volumes] => 1
)

05-17-2022 @ 20:49:09 - Braspress Braspress - Rodoviário resposta 200: {"id":168171524,"prazo":2,"totalFrete":38.15}
05-17-2022 @ 20:52:44 - Braspress Braspress - Rodoviário envio: Array
(
    [cnpjRemetente] => 27399462000180
    [cnpjDestinatario] => 11111111111111
    [modal] => R
    [tipoFrete] => 1
    [cepOrigem] => 96412830
    [cepDestino] => 80060150
    [vlrMercadoria] => 109.00
    [peso] => 0.40
    [cubagem] => Array
        (
            [0] => Array
                (
                    [largura] => 0.23
                    [altura] => 0.10
                    [comprimento] => 0.30
                    [volumes] => 1
                )

        )

    [volumes] => 1
)

05-17-2022 @ 20:52:44 - Braspress Braspress - Rodoviário resposta 200: {"id":168172018,"prazo":3,"totalFrete":73.68}
05-17-2022 @ 20:56:04 - Braspress Braspress - Rodoviário envio: Array
(
    [cnpjRemetente] => 27399462000180
    [cnpjDestinatario] => 11111111111111
    [modal] => R
    [tipoFrete] => 1
    [cepOrigem] => 96412830
    [cepDestino] => 80060150
    [vlrMercadoria] => 109.00
    [peso] => 0.40
    [cubagem] => Array
        (
            [0] => Array
                (
                    [largura] => 0.23
                    [altura] => 0.10
                    [comprimento] => 0.30
                    [volumes] => 1
                )

        )

    [volumes] => 1
)

05-17-2022 @ 20:56:04 - Braspress Braspress - Rodoviário resposta 200: {"id":168172470,"prazo":3,"totalFrete":73.68}
05-17-2022 @ 20:56:59 - Braspress Braspress - Rodoviário envio: Array
(
    [cnpjRemetente] => 27399462000180
    [cnpjDestinatario] => 11111111111111
    [modal] => R
    [tipoFrete] => 1
    [cepOrigem] => 96412830
    [cepDestino] => 80060150
    [vlrMercadoria] => 109.00
    [peso] => 0.40
    [cubagem] => Array
        (
            [0] => Array
                (
                    [largura] => 0.23
                    [altura] => 0.10
                    [comprimento] => 0.30
                    [volumes] => 1
                )

        )

    [volumes] => 1
)

05-17-2022 @ 20:56:59 - Braspress Braspress - Rodoviário resposta 200: {"id":168172582,"prazo":3,"totalFrete":73.68}
05-17-2022 @ 20:57:03 - Braspress Braspress - Rodoviário envio: Array
(
    [cnpjRemetente] => 27399462000180
    [cnpjDestinatario] => 11111111111111
    [modal] => R
    [tipoFrete] => 1
    [cepOrigem] => 96412830
    [cepDestino] => 80060150
    [vlrMercadoria] => 109.00
    [peso] => 0.40
    [cubagem] => Array
        (
            [0] => Array
                (
                    [largura] => 0.23
                    [altura] => 0.10
                    [comprimento] => 0.30
                    [volumes] => 1
                )

        )

    [volumes] => 1
)

05-17-2022 @ 20:57:03 - Braspress Braspress - Rodoviário resposta 200: {"id":168172592,"prazo":3,"totalFrete":73.68}
05-17-2022 @ 20:57:09 - Braspress Braspress - Rodoviário envio: Array
(
    [cnpjRemetente] => 27399462000180
    [cnpjDestinatario] => 11111111111111
    [modal] => R
    [tipoFrete] => 1
    [cepOrigem] => 96412830
    [cepDestino] => 80060150
    [vlrMercadoria] => 109.00
    [peso] => 0.40
    [cubagem] => Array
        (
            [0] => Array
                (
                    [largura] => 0.23
                    [altura] => 0.10
                    [comprimento] => 0.30
                    [volumes] => 1
                )

        )

    [volumes] => 1
)

05-17-2022 @ 20:57:09 - Braspress Braspress - Rodoviário resposta 200: {"id":168172605,"prazo":3,"totalFrete":73.68}
05-17-2022 @ 20:58:10 - Braspress Braspress - Rodoviário envio: Array
(
    [cnpjRemetente] => 27399462000180
    [cnpjDestinatario] => 05176802970
    [modal] => R
    [tipoFrete] => 1
    [cepOrigem] => 96412830
    [cepDestino] => 80060150
    [vlrMercadoria] => 109.00
    [peso] => 0.40
    [cubagem] => Array
        (
            [0] => Array
                (
                    [largura] => 0.23
                    [altura] => 0.10
                    [comprimento] => 0.30
                    [volumes] => 1
                )

        )

    [volumes] => 1
)

05-17-2022 @ 20:58:10 - Braspress Braspress - Rodoviário resposta 200: {"id":168172709,"prazo":3,"totalFrete":73.68}
