04-01-2022 @ 21:29:43 - Braspress Braspress - Rodoviário envio: Array
(
    [cnpjRemetente] => 27399462000180
    [cnpjDestinatario] => 81255373920
    [modal] => R
    [tipoFrete] => 1
    [cepOrigem] => 96412830
    [cepDestino] => 88350701
    [vlrMercadoria] => 896.00
    [peso] => 16.50
    [cubagem] => Array
        (
            [0] => Array
                (
                    [largura] => 0.40
                    [altura] => 0.45
                    [comprimento] => 0.40
                    [volumes] => 1
                )

            [1] => Array
                (
                    [largura] => 0.35
                    [altura] => 0.30
                    [comprimento] => 0.35
                    [volumes] => 1
                )

            [2] => Array
                (
                    [largura] => 0.30
                    [altura] => 0.10
                    [comprimento] => 0.30
                    [volumes] => 1
                )

            [3] => Array
                (
                    [largura] => 0.27
                    [altura] => 0.10
                    [comprimento] => 0.27
                    [volumes] => 1
                )

        )

    [volumes] => 4
)

04-01-2022 @ 21:29:43 - Braspress Braspress - Rodoviário resposta 200: {"id":161834960,"prazo":4,"totalFrete":183.6}
04-01-2022 @ 21:29:48 - Braspress Braspress - Rodoviário envio: Array
(
    [cnpjRemetente] => 27399462000180
    [cnpjDestinatario] => 81255373920
    [modal] => R
    [tipoFrete] => 1
    [cepOrigem] => 96412830
    [cepDestino] => 88350701
    [vlrMercadoria] => 896.00
    [peso] => 16.50
    [cubagem] => Array
        (
            [0] => Array
                (
                    [largura] => 0.40
                    [altura] => 0.45
                    [comprimento] => 0.40
                    [volumes] => 1
                )

            [1] => Array
                (
                    [largura] => 0.35
                    [altura] => 0.30
                    [comprimento] => 0.35
                    [volumes] => 1
                )

            [2] => Array
                (
                    [largura] => 0.30
                    [altura] => 0.10
                    [comprimento] => 0.30
                    [volumes] => 1
                )

            [3] => Array
                (
                    [largura] => 0.27
                    [altura] => 0.10
                    [comprimento] => 0.27
                    [volumes] => 1
                )

        )

    [volumes] => 4
)

04-01-2022 @ 21:29:48 - Braspress Braspress - Rodoviário resposta 200: {"id":161834966,"prazo":4,"totalFrete":183.6}
04-01-2022 @ 23:32:15 - Braspress Braspress - Rodoviário envio: Array
(
    [cnpjRemetente] => 27399462000180
    [cnpjDestinatario] => 00037921029
    [modal] => R
    [tipoFrete] => 1
    [cepOrigem] => 96412830
    [cepDestino] => 99840000
    [vlrMercadoria] => 99.00
    [peso] => 1.00
    [cubagem] => Array
        (
            [0] => Array
                (
                    [largura] => 0.27
                    [altura] => 0.10
                    [comprimento] => 0.27
                    [volumes] => 1
                )

        )

    [volumes] => 1
)

04-01-2022 @ 23:32:15 - Braspress Braspress - Rodoviário resposta 200: {"id":161843554,"prazo":5,"totalFrete":38.33}
04-01-2022 @ 23:32:48 - Braspress Braspress - Rodoviário envio: Array
(
    [cnpjRemetente] => 27399462000180
    [cnpjDestinatario] => 00037921029
    [modal] => R
    [tipoFrete] => 1
    [cepOrigem] => 96412830
    [cepDestino] => 99840000
    [vlrMercadoria] => 99.00
    [peso] => 1.00
    [cubagem] => Array
        (
            [0] => Array
                (
                    [largura] => 0.27
                    [altura] => 0.10
                    [comprimento] => 0.27
                    [volumes] => 1
                )

        )

    [volumes] => 1
)

04-01-2022 @ 23:32:48 - Braspress Braspress - Rodoviário resposta 200: {"id":161843582,"prazo":5,"totalFrete":38.33}
04-01-2022 @ 23:55:16 - Braspress Braspress - Rodoviário envio: Array
(
    [cnpjRemetente] => 27399462000180
    [cnpjDestinatario] => 11111111111111
    [modal] => R
    [tipoFrete] => 1
    [cepOrigem] => 96412830
    [cepDestino] => 91160310
    [vlrMercadoria] => 85.00
    [peso] => 1.00
    [cubagem] => Array
        (
            [0] => Array
                (
                    [largura] => 0.20
                    [altura] => 0.15
                    [comprimento] => 0.20
                    [volumes] => 1
                )

        )

    [volumes] => 1
)

04-01-2022 @ 23:55:16 - Braspress Braspress - Rodoviário resposta 200: {"id":161844684,"prazo":1,"totalFrete":33.61}
04-02-2022 @ 01:03:00 - Braspress Braspress - Rodoviário envio: Array
(
    [cnpjRemetente] => 27399462000180
    [cnpjDestinatario] => 11111111111111
    [modal] => R
    [tipoFrete] => 1
    [cepOrigem] => 96412830
    [cepDestino] => 20785000
    [vlrMercadoria] => 339.00
    [peso] => 3.50
    [cubagem] => Array
        (
            [0] => Array
                (
                    [largura] => 0.45
                    [altura] => 0.45
                    [comprimento] => 0.45
                    [volumes] => 1
                )

        )

    [volumes] => 1
)

04-02-2022 @ 01:03:00 - Braspress Braspress - Rodoviário resposta 200: {"id":161847383,"prazo":4,"totalFrete":121.89}
04-02-2022 @ 08:41:06 - Braspress Braspress - Rodoviário envio: Array
(
    [cnpjRemetente] => 27399462000180
    [cnpjDestinatario] => 11111111111111
    [modal] => R
    [tipoFrete] => 1
    [cepOrigem] => 96412830
    [cepDestino] => 84435000
    [vlrMercadoria] => 518.00
    [peso] => 2.00
    [cubagem] => Array
        (
            [0] => Array
                (
                    [largura] => 0.25
                    [altura] => 0.20
                    [comprimento] => 0.30
                    [volumes] => 2
                )

        )

    [volumes] => 2
)

04-02-2022 @ 08:41:06 - Braspress Braspress - Rodoviário resposta 200: {"id":161856406,"prazo":8,"totalFrete":62.1}
04-02-2022 @ 08:56:51 - Braspress Braspress - Rodoviário envio: Array
(
    [cnpjRemetente] => 27399462000180
    [cnpjDestinatario] => 92434053904
    [modal] => R
    [tipoFrete] => 1
    [cepOrigem] => 96412830
    [cepDestino] => 84435000
    [vlrMercadoria] => 638.00
    [peso] => 7.00
    [cubagem] => Array
        (
            [0] => Array
                (
                    [largura] => 0.30
                    [altura] => 0.20
                    [comprimento] => 0.35
                    [volumes] => 2
                )

        )

    [volumes] => 2
)

04-02-2022 @ 08:56:51 - Braspress Braspress - Rodoviário resposta 200: {"id":161857259,"prazo":8,"totalFrete":149.81}
04-02-2022 @ 08:56:58 - Braspress Braspress - Rodoviário envio: Array
(
    [cnpjRemetente] => 27399462000180
    [cnpjDestinatario] => 92434053904
    [modal] => R
    [tipoFrete] => 1
    [cepOrigem] => 96412830
    [cepDestino] => 84435000
    [vlrMercadoria] => 638.00
    [peso] => 7.00
    [cubagem] => Array
        (
            [0] => Array
                (
                    [largura] => 0.30
                    [altura] => 0.20
                    [comprimento] => 0.35
                    [volumes] => 2
                )

        )

    [volumes] => 2
)

04-02-2022 @ 08:56:58 - Braspress Braspress - Rodoviário resposta 200: {"id":161857262,"prazo":8,"totalFrete":149.81}
04-02-2022 @ 08:57:06 - Braspress Braspress - Rodoviário envio: Array
(
    [cnpjRemetente] => 27399462000180
    [cnpjDestinatario] => 92434053904
    [modal] => R
    [tipoFrete] => 1
    [cepOrigem] => 96412830
    [cepDestino] => 84435000
    [vlrMercadoria] => 638.00
    [peso] => 7.00
    [cubagem] => Array
        (
            [0] => Array
                (
                    [largura] => 0.30
                    [altura] => 0.20
                    [comprimento] => 0.35
                    [volumes] => 2
                )

        )

    [volumes] => 2
)

04-02-2022 @ 08:57:06 - Braspress Braspress - Rodoviário resposta 200: {"id":161857269,"prazo":8,"totalFrete":149.81}
04-02-2022 @ 08:57:17 - Braspress Braspress - Rodoviário envio: Array
(
    [cnpjRemetente] => 27399462000180
    [cnpjDestinatario] => 92434053904
    [modal] => R
    [tipoFrete] => 1
    [cepOrigem] => 96412830
    [cepDestino] => 84435000
    [vlrMercadoria] => 638.00
    [peso] => 7.00
    [cubagem] => Array
        (
            [0] => Array
                (
                    [largura] => 0.30
                    [altura] => 0.20
                    [comprimento] => 0.35
                    [volumes] => 2
                )

        )

    [volumes] => 2
)

04-02-2022 @ 08:57:17 - Braspress Braspress - Rodoviário resposta 200: {"id":161857281,"prazo":8,"totalFrete":149.81}
04-02-2022 @ 08:57:33 - Braspress Braspress - Rodoviário envio: Array
(
    [cnpjRemetente] => 27399462000180
    [cnpjDestinatario] => 92434053904
    [modal] => R
    [tipoFrete] => 1
    [cepOrigem] => 96412830
    [cepDestino] => 84435000
    [vlrMercadoria] => 638.00
    [peso] => 7.00
    [cubagem] => Array
        (
            [0] => Array
                (
                    [largura] => 0.30
                    [altura] => 0.20
                    [comprimento] => 0.35
                    [volumes] => 2
                )

        )

    [volumes] => 2
)

04-02-2022 @ 08:57:33 - Braspress Braspress - Rodoviário resposta 200: {"id":161857297,"prazo":8,"totalFrete":149.81}
04-02-2022 @ 08:57:40 - Braspress Braspress - Rodoviário envio: Array
(
    [cnpjRemetente] => 27399462000180
    [cnpjDestinatario] => 92434053904
    [modal] => R
    [tipoFrete] => 1
    [cepOrigem] => 96412830
    [cepDestino] => 84435000
    [vlrMercadoria] => 638.00
    [peso] => 7.00
    [cubagem] => Array
        (
            [0] => Array
                (
                    [largura] => 0.30
                    [altura] => 0.20
                    [comprimento] => 0.35
                    [volumes] => 2
                )

        )

    [volumes] => 2
)

04-02-2022 @ 08:57:40 - Braspress Braspress - Rodoviário resposta 200: {"id":161857303,"prazo":8,"totalFrete":149.81}
04-02-2022 @ 08:57:46 - Braspress Braspress - Rodoviário envio: Array
(
    [cnpjRemetente] => 27399462000180
    [cnpjDestinatario] => 92434053904
    [modal] => R
    [tipoFrete] => 1
    [cepOrigem] => 96412830
    [cepDestino] => 84435000
    [vlrMercadoria] => 638.00
    [peso] => 7.00
    [cubagem] => Array
        (
            [0] => Array
                (
                    [largura] => 0.30
                    [altura] => 0.20
                    [comprimento] => 0.35
                    [volumes] => 2
                )

        )

    [volumes] => 2
)

04-02-2022 @ 08:57:46 - Braspress Braspress - Rodoviário resposta 200: {"id":161857307,"prazo":8,"totalFrete":149.81}
04-02-2022 @ 08:58:16 - Braspress Braspress - Rodoviário envio: Array
(
    [cnpjRemetente] => 27399462000180
    [cnpjDestinatario] => 92434053904
    [modal] => R
    [tipoFrete] => 1
    [cepOrigem] => 96412830
    [cepDestino] => 84435000
    [vlrMercadoria] => 638.00
    [peso] => 7.00
    [cubagem] => Array
        (
            [0] => Array
                (
                    [largura] => 0.30
                    [altura] => 0.20
                    [comprimento] => 0.35
                    [volumes] => 2
                )

        )

    [volumes] => 2
)

04-02-2022 @ 08:58:16 - Braspress Braspress - Rodoviário resposta 200: {"id":161857348,"prazo":8,"totalFrete":149.81}
04-02-2022 @ 08:58:31 - Braspress Braspress - Rodoviário envio: Array
(
    [cnpjRemetente] => 27399462000180
    [cnpjDestinatario] => 92434053904
    [modal] => R
    [tipoFrete] => 1
    [cepOrigem] => 96412830
    [cepDestino] => 84435000
    [vlrMercadoria] => 638.00
    [peso] => 7.00
    [cubagem] => Array
        (
            [0] => Array
                (
                    [largura] => 0.30
                    [altura] => 0.20
                    [comprimento] => 0.35
                    [volumes] => 2
                )

        )

    [volumes] => 2
)

04-02-2022 @ 08:58:31 - Braspress Braspress - Rodoviário resposta 200: {"id":161857366,"prazo":8,"totalFrete":149.81}
04-02-2022 @ 08:59:22 - Braspress Braspress - Rodoviário envio: Array
(
    [cnpjRemetente] => 27399462000180
    [cnpjDestinatario] => 11111111111111
    [modal] => R
    [tipoFrete] => 1
    [cepOrigem] => 96412830
    [cepDestino] => 84435000
    [vlrMercadoria] => 1276.00
    [peso] => 14.00
    [cubagem] => Array
        (
            [0] => Array
                (
                    [largura] => 0.30
                    [altura] => 0.20
                    [comprimento] => 0.35
                    [volumes] => 4
                )

        )

    [volumes] => 4
)

04-02-2022 @ 08:59:22 - Braspress Braspress - Rodoviário resposta 200: {"id":161857431,"prazo":8,"totalFrete":78.72}
04-02-2022 @ 08:59:30 - Braspress Braspress - Rodoviário envio: Array
(
    [cnpjRemetente] => 27399462000180
    [cnpjDestinatario] => 11111111111111
    [modal] => R
    [tipoFrete] => 1
    [cepOrigem] => 96412830
    [cepDestino] => 84435000
    [vlrMercadoria] => 638.00
    [peso] => 7.00
    [cubagem] => Array
        (
            [0] => Array
                (
                    [largura] => 0.30
                    [altura] => 0.20
                    [comprimento] => 0.35
                    [volumes] => 2
                )

        )

    [volumes] => 2
)

04-02-2022 @ 08:59:30 - Braspress Braspress - Rodoviário resposta 200: {"id":161857440,"prazo":8,"totalFrete":62.71}
04-02-2022 @ 08:59:39 - Braspress Braspress - Rodoviário envio: Array
(
    [cnpjRemetente] => 27399462000180
    [cnpjDestinatario] => 11111111111111
    [modal] => R
    [tipoFrete] => 1
    [cepOrigem] => 96412830
    [cepDestino] => 84435000
    [vlrMercadoria] => 638.00
    [peso] => 7.00
    [cubagem] => Array
        (
            [0] => Array
                (
                    [largura] => 0.30
                    [altura] => 0.20
                    [comprimento] => 0.35
                    [volumes] => 2
                )

        )

    [volumes] => 2
)

04-02-2022 @ 08:59:39 - Braspress Braspress - Rodoviário resposta 200: {"id":161857450,"prazo":8,"totalFrete":62.71}
04-02-2022 @ 08:59:45 - Braspress Braspress - Rodoviário envio: Array
(
    [cnpjRemetente] => 27399462000180
    [cnpjDestinatario] => 11111111111111
    [modal] => R
    [tipoFrete] => 1
    [cepOrigem] => 96412830
    [cepDestino] => 84435000
    [vlrMercadoria] => 638.00
    [peso] => 7.00
    [cubagem] => Array
        (
            [0] => Array
                (
                    [largura] => 0.30
                    [altura] => 0.20
                    [comprimento] => 0.35
                    [volumes] => 2
                )

        )

    [volumes] => 2
)

04-02-2022 @ 08:59:45 - Braspress Braspress - Rodoviário resposta 200: {"id":161857458,"prazo":8,"totalFrete":62.71}
04-02-2022 @ 09:01:45 - Braspress Braspress - Rodoviário envio: Array
(
    [cnpjRemetente] => 27399462000180
    [cnpjDestinatario] => 11111111111111
    [modal] => R
    [tipoFrete] => 1
    [cepOrigem] => 96412830
    [cepDestino] => 84435000
    [vlrMercadoria] => 1276.00
    [peso] => 14.00
    [cubagem] => Array
        (
            [0] => Array
                (
                    [largura] => 0.30
                    [altura] => 0.20
                    [comprimento] => 0.35
                    [volumes] => 4
                )

        )

    [volumes] => 4
)

04-02-2022 @ 09:01:45 - Braspress Braspress - Rodoviário resposta 200: {"id":161857550,"prazo":8,"totalFrete":78.72}
04-02-2022 @ 09:02:56 - Braspress Braspress - Rodoviário envio: Array
(
    [cnpjRemetente] => 27399462000180
    [cnpjDestinatario] => 92434053904
    [modal] => R
    [tipoFrete] => 1
    [cepOrigem] => 96412830
    [cepDestino] => 80020280
    [vlrMercadoria] => 638.00
    [peso] => 7.00
    [cubagem] => Array
        (
            [0] => Array
                (
                    [largura] => 0.30
                    [altura] => 0.20
                    [comprimento] => 0.35
                    [volumes] => 2
                )

        )

    [volumes] => 2
)

04-02-2022 @ 09:02:56 - Braspress Braspress - Rodoviário resposta 200: {"id":161857606,"prazo":3,"totalFrete":167.46}
04-02-2022 @ 09:03:02 - Braspress Braspress - Rodoviário envio: Array
(
    [cnpjRemetente] => 27399462000180
    [cnpjDestinatario] => 92434053904
    [modal] => R
    [tipoFrete] => 1
    [cepOrigem] => 96412830
    [cepDestino] => 80020280
    [vlrMercadoria] => 638.00
    [peso] => 7.00
    [cubagem] => Array
        (
            [0] => Array
                (
                    [largura] => 0.30
                    [altura] => 0.20
                    [comprimento] => 0.35
                    [volumes] => 2
                )

        )

    [volumes] => 2
)

04-02-2022 @ 09:03:02 - Braspress Braspress - Rodoviário resposta 200: {"id":161857613,"prazo":3,"totalFrete":167.46}
04-02-2022 @ 09:03:07 - Braspress Braspress - Rodoviário envio: Array
(
    [cnpjRemetente] => 27399462000180
    [cnpjDestinatario] => 92434053904
    [modal] => R
    [tipoFrete] => 1
    [cepOrigem] => 96412830
    [cepDestino] => 80020280
    [vlrMercadoria] => 638.00
    [peso] => 7.00
    [cubagem] => Array
        (
            [0] => Array
                (
                    [largura] => 0.30
                    [altura] => 0.20
                    [comprimento] => 0.35
                    [volumes] => 2
                )

        )

    [volumes] => 2
)

04-02-2022 @ 09:03:07 - Braspress Braspress - Rodoviário resposta 200: {"id":161857617,"prazo":3,"totalFrete":167.46}
04-02-2022 @ 09:03:23 - Braspress Braspress - Rodoviário envio: Array
(
    [cnpjRemetente] => 27399462000180
    [cnpjDestinatario] => 92434053904
    [modal] => R
    [tipoFrete] => 1
    [cepOrigem] => 96412830
    [cepDestino] => 80020280
    [vlrMercadoria] => 638.00
    [peso] => 7.00
    [cubagem] => Array
        (
            [0] => Array
                (
                    [largura] => 0.30
                    [altura] => 0.20
                    [comprimento] => 0.35
                    [volumes] => 2
                )

        )

    [volumes] => 2
)

04-02-2022 @ 09:03:23 - Braspress Braspress - Rodoviário resposta 200: {"id":161857628,"prazo":3,"totalFrete":167.46}
04-02-2022 @ 09:03:36 - Braspress Braspress - Rodoviário envio: Array
(
    [cnpjRemetente] => 27399462000180
    [cnpjDestinatario] => 92434053904
    [modal] => R
    [tipoFrete] => 1
    [cepOrigem] => 96412830
    [cepDestino] => 80020280
    [vlrMercadoria] => 638.00
    [peso] => 7.00
    [cubagem] => Array
        (
            [0] => Array
                (
                    [largura] => 0.30
                    [altura] => 0.20
                    [comprimento] => 0.35
                    [volumes] => 2
                )

        )

    [volumes] => 2
)

04-02-2022 @ 09:03:36 - Braspress Braspress - Rodoviário resposta 200: {"id":161857637,"prazo":3,"totalFrete":167.46}
04-02-2022 @ 09:03:41 - Braspress Braspress - Rodoviário envio: Array
(
    [cnpjRemetente] => 27399462000180
    [cnpjDestinatario] => 92434053904
    [modal] => R
    [tipoFrete] => 1
    [cepOrigem] => 96412830
    [cepDestino] => 80020280
    [vlrMercadoria] => 638.00
    [peso] => 7.00
    [cubagem] => Array
        (
            [0] => Array
                (
                    [largura] => 0.30
                    [altura] => 0.20
                    [comprimento] => 0.35
                    [volumes] => 2
                )

        )

    [volumes] => 2
)

04-02-2022 @ 09:03:41 - Braspress Braspress - Rodoviário resposta 200: {"id":161857645,"prazo":3,"totalFrete":167.46}
04-02-2022 @ 09:05:15 - Braspress Braspress - Rodoviário envio: Array
(
    [cnpjRemetente] => 27399462000180
    [cnpjDestinatario] => 92434053904
    [modal] => R
    [tipoFrete] => 1
    [cepOrigem] => 96412830
    [cepDestino] => 84435000
    [vlrMercadoria] => 638.00
    [peso] => 7.00
    [cubagem] => Array
        (
            [0] => Array
                (
                    [largura] => 0.30
                    [altura] => 0.20
                    [comprimento] => 0.35
                    [volumes] => 2
                )

        )

    [volumes] => 2
)

04-02-2022 @ 09:05:15 - Braspress Braspress - Rodoviário resposta 200: {"id":161857746,"prazo":8,"totalFrete":149.81}
04-02-2022 @ 09:12:06 - Braspress Braspress - Rodoviário envio: Array
(
    [cnpjRemetente] => 27399462000180
    [cnpjDestinatario] => 92434053904
    [modal] => R
    [tipoFrete] => 1
    [cepOrigem] => 96412830
    [cepDestino] => 84435000
    [vlrMercadoria] => 638.00
    [peso] => 7.00
    [cubagem] => Array
        (
            [0] => Array
                (
                    [largura] => 0.30
                    [altura] => 0.20
                    [comprimento] => 0.35
                    [volumes] => 2
                )

        )

    [volumes] => 2
)

04-02-2022 @ 09:12:06 - Braspress Braspress - Rodoviário resposta 200: {"id":161858117,"prazo":8,"totalFrete":149.81}
04-02-2022 @ 09:12:13 - Braspress Braspress - Rodoviário envio: Array
(
    [cnpjRemetente] => 27399462000180
    [cnpjDestinatario] => 92434053904
    [modal] => R
    [tipoFrete] => 1
    [cepOrigem] => 96412830
    [cepDestino] => 84435000
    [vlrMercadoria] => 638.00
    [peso] => 7.00
    [cubagem] => Array
        (
            [0] => Array
                (
                    [largura] => 0.30
                    [altura] => 0.20
                    [comprimento] => 0.35
                    [volumes] => 2
                )

        )

    [volumes] => 2
)

04-02-2022 @ 09:12:13 - Braspress Braspress - Rodoviário resposta 200: {"id":161858126,"prazo":8,"totalFrete":149.81}
04-02-2022 @ 09:12:23 - Braspress Braspress - Rodoviário envio: Array
(
    [cnpjRemetente] => 27399462000180
    [cnpjDestinatario] => 92434053904
    [modal] => R
    [tipoFrete] => 1
    [cepOrigem] => 96412830
    [cepDestino] => 84435000
    [vlrMercadoria] => 638.00
    [peso] => 7.00
    [cubagem] => Array
        (
            [0] => Array
                (
                    [largura] => 0.30
                    [altura] => 0.20
                    [comprimento] => 0.35
                    [volumes] => 2
                )

        )

    [volumes] => 2
)

04-02-2022 @ 09:12:23 - Braspress Braspress - Rodoviário resposta 200: {"id":161858131,"prazo":8,"totalFrete":149.81}
04-02-2022 @ 09:12:52 - Braspress Braspress - Rodoviário envio: Array
(
    [cnpjRemetente] => 27399462000180
    [cnpjDestinatario] => 92434053904
    [modal] => R
    [tipoFrete] => 1
    [cepOrigem] => 96412830
    [cepDestino] => 84435000
    [vlrMercadoria] => 638.00
    [peso] => 7.00
    [cubagem] => Array
        (
            [0] => Array
                (
                    [largura] => 0.30
                    [altura] => 0.20
                    [comprimento] => 0.35
                    [volumes] => 2
                )

        )

    [volumes] => 2
)

04-02-2022 @ 09:12:52 - Braspress Braspress - Rodoviário resposta 200: {"id":161858152,"prazo":8,"totalFrete":149.81}
04-02-2022 @ 09:13:02 - Braspress Braspress - Rodoviário envio: Array
(
    [cnpjRemetente] => 27399462000180
    [cnpjDestinatario] => 92434053904
    [modal] => R
    [tipoFrete] => 1
    [cepOrigem] => 96412830
    [cepDestino] => 84435000
    [vlrMercadoria] => 638.00
    [peso] => 7.00
    [cubagem] => Array
        (
            [0] => Array
                (
                    [largura] => 0.30
                    [altura] => 0.20
                    [comprimento] => 0.35
                    [volumes] => 2
                )

        )

    [volumes] => 2
)

04-02-2022 @ 09:13:02 - Braspress Braspress - Rodoviário resposta 200: {"id":161858161,"prazo":8,"totalFrete":149.81}
04-02-2022 @ 09:13:14 - Braspress Braspress - Rodoviário envio: Array
(
    [cnpjRemetente] => 27399462000180
    [cnpjDestinatario] => 92434053904
    [modal] => R
    [tipoFrete] => 1
    [cepOrigem] => 96412830
    [cepDestino] => 84435000
    [vlrMercadoria] => 638.00
    [peso] => 7.00
    [cubagem] => Array
        (
            [0] => Array
                (
                    [largura] => 0.30
                    [altura] => 0.20
                    [comprimento] => 0.35
                    [volumes] => 2
                )

        )

    [volumes] => 2
)

04-02-2022 @ 09:13:14 - Braspress Braspress - Rodoviário resposta 200: {"id":161858175,"prazo":8,"totalFrete":149.81}
04-02-2022 @ 09:13:26 - Braspress Braspress - Rodoviário envio: Array
(
    [cnpjRemetente] => 27399462000180
    [cnpjDestinatario] => 92434053904
    [modal] => R
    [tipoFrete] => 1
    [cepOrigem] => 96412830
    [cepDestino] => 84435000
    [vlrMercadoria] => 638.00
    [peso] => 7.00
    [cubagem] => Array
        (
            [0] => Array
                (
                    [largura] => 0.30
                    [altura] => 0.20
                    [comprimento] => 0.35
                    [volumes] => 2
                )

        )

    [volumes] => 2
)

04-02-2022 @ 09:13:26 - Braspress Braspress - Rodoviário resposta 200: {"id":161858185,"prazo":8,"totalFrete":149.81}
04-02-2022 @ 09:35:58 - Braspress Braspress - Rodoviário envio: Array
(
    [cnpjRemetente] => 27399462000180
    [cnpjDestinatario] => 11111111111111
    [modal] => R
    [tipoFrete] => 1
    [cepOrigem] => 96412830
    [cepDestino] => 03236000
    [vlrMercadoria] => 289.00
    [peso] => 2.00
    [cubagem] => Array
        (
            [0] => Array
                (
                    [largura] => 0.30
                    [altura] => 0.08
                    [comprimento] => 0.30
                    [volumes] => 1
                )

        )

    [volumes] => 1
)

04-02-2022 @ 09:35:58 - Braspress Braspress - Rodoviário resposta 200: {"id":161859558,"prazo":4,"totalFrete":105.97}
04-02-2022 @ 10:10:51 - Braspress Braspress - Rodoviário envio: Array
(
    [cnpjRemetente] => 27399462000180
    [cnpjDestinatario] => 11111111111111
    [modal] => R
    [tipoFrete] => 1
    [cepOrigem] => 96412830
    [cepDestino] => 81312110
    [vlrMercadoria] => 1589.00
    [peso] => 10.00
    [cubagem] => Array
        (
            [0] => Array
                (
                    [largura] => 0.55
                    [altura] => 0.15
                    [comprimento] => 0.65
                    [volumes] => 1
                )

        )

    [volumes] => 1
)

04-02-2022 @ 10:10:51 - Braspress Braspress - Rodoviário resposta 200: {"id":161862048,"prazo":3,"totalFrete":88.24}
04-02-2022 @ 11:59:56 - Braspress Braspress - Rodoviário envio: Array
(
    [cnpjRemetente] => 27399462000180
    [cnpjDestinatario] => 11111111111111
    [modal] => R
    [tipoFrete] => 1
    [cepOrigem] => 96412830
    [cepDestino] => 05360050
    [vlrMercadoria] => 837.00
    [peso] => 30.00
    [cubagem] => Array
        (
            [0] => Array
                (
                    [largura] => 0.40
                    [altura] => 0.45
                    [comprimento] => 0.40
                    [volumes] => 2
                )

            [1] => Array
                (
                    [largura] => 0.40
                    [altura] => 0.45
                    [comprimento] => 0.40
                    [volumes] => 1
                )

        )

    [volumes] => 3
)

04-02-2022 @ 11:59:56 - Braspress Braspress - Rodoviário resposta 200: {"id":161871782,"prazo":4,"totalFrete":175.87}
04-02-2022 @ 11:59:57 - Braspress Braspress - Rodoviário envio: Array
(
    [cnpjRemetente] => 27399462000180
    [cnpjDestinatario] => 11111111111111
    [modal] => R
    [tipoFrete] => 1
    [cepOrigem] => 96412830
    [cepDestino] => 04619042
    [vlrMercadoria] => 249.00
    [peso] => 2.00
    [cubagem] => Array
        (
            [0] => Array
                (
                    [largura] => 0.40
                    [altura] => 0.08
                    [comprimento] => 0.40
                    [volumes] => 1
                )

        )

    [volumes] => 1
)

04-02-2022 @ 11:59:57 - Braspress Braspress - Rodoviário resposta 400: {"statusCode":500,"message":"Service Error","dateTime":"02/04/2022 11:59:52","errorList":["Erro ao realizar a cotação de frete: VERIFICANDO CEP DESTINO"]}
04-02-2022 @ 11:59:57 - Braspress Braspress - Rodoviário erro: Array
(
    [statusCode] => 500
    [message] => Service Error
    [dateTime] => 02/04/2022 11:59:52
    [errorList] => Array
        (
            [0] => Erro ao realizar a cotação de frete: VERIFICANDO CEP DESTINO
        )

    [ambiente] => https://api.braspress.com/v1/cotacao/calcular/json
)

04-02-2022 @ 12:13:31 - Braspress Braspress - Rodoviário envio: Array
(
    [cnpjRemetente] => 27399462000180
    [cnpjDestinatario] => 11111111111111
    [modal] => R
    [tipoFrete] => 1
    [cepOrigem] => 96412830
    [cepDestino] => 04619032
    [vlrMercadoria] => 409.00
    [peso] => 3.00
    [cubagem] => Array
        (
            [0] => Array
                (
                    [largura] => 0.40
                    [altura] => 0.08
                    [comprimento] => 0.40
                    [volumes] => 1
                )

        )

    [volumes] => 1
)

04-02-2022 @ 12:13:31 - Braspress Braspress - Rodoviário resposta 200: {"id":161872996,"prazo":4,"totalFrete":106.99}
04-02-2022 @ 12:14:41 - Braspress Braspress - Rodoviário envio: Array
(
    [cnpjRemetente] => 27399462000180
    [cnpjDestinatario] => 20342608800
    [modal] => R
    [tipoFrete] => 1
    [cepOrigem] => 96412830
    [cepDestino] => 04619032
    [vlrMercadoria] => 409.00
    [peso] => 3.00
    [cubagem] => Array
        (
            [0] => Array
                (
                    [largura] => 0.40
                    [altura] => 0.08
                    [comprimento] => 0.40
                    [volumes] => 1
                )

        )

    [volumes] => 1
)

04-02-2022 @ 12:14:41 - Braspress Braspress - Rodoviário resposta 200: {"id":161873090,"prazo":4,"totalFrete":202.34}
04-02-2022 @ 12:14:44 - Braspress Braspress - Rodoviário envio: Array
(
    [cnpjRemetente] => 27399462000180
    [cnpjDestinatario] => 20342608800
    [modal] => R
    [tipoFrete] => 1
    [cepOrigem] => 96412830
    [cepDestino] => 04619032
    [vlrMercadoria] => 409.00
    [peso] => 3.00
    [cubagem] => Array
        (
            [0] => Array
                (
                    [largura] => 0.40
                    [altura] => 0.08
                    [comprimento] => 0.40
                    [volumes] => 1
                )

        )

    [volumes] => 1
)

04-02-2022 @ 12:14:44 - Braspress Braspress - Rodoviário resposta 200: {"id":161873095,"prazo":4,"totalFrete":202.34}
04-02-2022 @ 12:24:11 - Braspress Braspress - Rodoviário envio: Array
(
    [cnpjRemetente] => 27399462000180
    [cnpjDestinatario] => 11111111111111
    [modal] => R
    [tipoFrete] => 1
    [cepOrigem] => 96412830
    [cepDestino] => 05360050
    [vlrMercadoria] => 1734.00
    [peso] => 60.00
    [cubagem] => Array
        (
            [0] => Array
                (
                    [largura] => 0.40
                    [altura] => 0.45
                    [comprimento] => 0.40
                    [volumes] => 2
                )

            [1] => Array
                (
                    [largura] => 0.40
                    [altura] => 0.45
                    [comprimento] => 0.40
                    [volumes] => 1
                )

            [2] => Array
                (
                    [largura] => 0.40
                    [altura] => 0.40
                    [comprimento] => 0.40
                    [volumes] => 3
                )

        )

    [volumes] => 6
)

04-02-2022 @ 12:24:11 - Braspress Braspress - Rodoviário resposta 200: {"id":161873858,"prazo":4,"totalFrete":317.01}
04-02-2022 @ 12:24:27 - Braspress Braspress - Rodoviário envio: Array
(
    [cnpjRemetente] => 27399462000180
    [cnpjDestinatario] => 11111111111111
    [modal] => R
    [tipoFrete] => 1
    [cepOrigem] => 96412830
    [cepDestino] => 05360050
    [vlrMercadoria] => 1136.00
    [peso] => 40.00
    [cubagem] => Array
        (
            [0] => Array
                (
                    [largura] => 0.40
                    [altura] => 0.45
                    [comprimento] => 0.40
                    [volumes] => 1
                )

            [1] => Array
                (
                    [largura] => 0.40
                    [altura] => 0.40
                    [comprimento] => 0.40
                    [volumes] => 3
                )

        )

    [volumes] => 4
)

04-02-2022 @ 12:24:27 - Braspress Braspress - Rodoviário resposta 200: {"id":161873883,"prazo":4,"totalFrete":203.14}
04-02-2022 @ 12:24:36 - Braspress Braspress - Rodoviário envio: Array
(
    [cnpjRemetente] => 27399462000180
    [cnpjDestinatario] => 11111111111111
    [modal] => R
    [tipoFrete] => 1
    [cepOrigem] => 96412830
    [cepDestino] => 05360050
    [vlrMercadoria] => 897.00
    [peso] => 30.00
    [cubagem] => Array
        (
            [0] => Array
                (
                    [largura] => 0.40
                    [altura] => 0.40
                    [comprimento] => 0.40
                    [volumes] => 3
                )

        )

    [volumes] => 3
)

04-02-2022 @ 12:24:36 - Braspress Braspress - Rodoviário resposta 200: {"id":161873901,"prazo":4,"totalFrete":176.41}
04-02-2022 @ 13:07:43 - Braspress Braspress - Rodoviário envio: Array
(
    [cnpjRemetente] => 27399462000180
    [cnpjDestinatario] => 11111111111111
    [modal] => R
    [tipoFrete] => 1
    [cepOrigem] => 96412830
    [cepDestino] => 80730350
    [vlrMercadoria] => 329.00
    [peso] => 2.50
    [cubagem] => Array
        (
            [0] => Array
                (
                    [largura] => 0.40
                    [altura] => 0.08
                    [comprimento] => 0.40
                    [volumes] => 1
                )

        )

    [volumes] => 1
)

04-02-2022 @ 13:07:43 - Braspress Braspress - Rodoviário resposta 200: {"id":161877458,"prazo":3,"totalFrete":74.69}
04-02-2022 @ 13:08:55 - Braspress Braspress - Rodoviário envio: Array
(
    [cnpjRemetente] => 27399462000180
    [cnpjDestinatario] => 11111111111111
    [modal] => R
    [tipoFrete] => 1
    [cepOrigem] => 96412830
    [cepDestino] => 80510030
    [vlrMercadoria] => 329.00
    [peso] => 2.50
    [cubagem] => Array
        (
            [0] => Array
                (
                    [largura] => 0.40
                    [altura] => 0.08
                    [comprimento] => 0.40
                    [volumes] => 1
                )

        )

    [volumes] => 1
)

04-02-2022 @ 13:08:55 - Braspress Braspress - Rodoviário resposta 200: {"id":161877578,"prazo":3,"totalFrete":74.69}
04-02-2022 @ 13:08:58 - Braspress Braspress - Rodoviário envio: Array
(
    [cnpjRemetente] => 27399462000180
    [cnpjDestinatario] => 11111111111111
    [modal] => R
    [tipoFrete] => 1
    [cepOrigem] => 96412830
    [cepDestino] => 80510030
    [vlrMercadoria] => 329.00
    [peso] => 2.50
    [cubagem] => Array
        (
            [0] => Array
                (
                    [largura] => 0.40
                    [altura] => 0.08
                    [comprimento] => 0.40
                    [volumes] => 1
                )

        )

    [volumes] => 1
)

04-02-2022 @ 13:08:58 - Braspress Braspress - Rodoviário resposta 200: {"id":161877587,"prazo":3,"totalFrete":74.69}
04-02-2022 @ 13:09:07 - Braspress Braspress - Rodoviário envio: Array
(
    [cnpjRemetente] => 27399462000180
    [cnpjDestinatario] => 08269038946
    [modal] => R
    [tipoFrete] => 1
    [cepOrigem] => 96412830
    [cepDestino] => 80730350
    [vlrMercadoria] => 329.00
    [peso] => 2.50
    [cubagem] => Array
        (
            [0] => Array
                (
                    [largura] => 0.40
                    [altura] => 0.08
                    [comprimento] => 0.40
                    [volumes] => 1
                )

        )

    [volumes] => 1
)

04-02-2022 @ 13:09:07 - Braspress Braspress - Rodoviário resposta 200: {"id":161877602,"prazo":3,"totalFrete":153.89}
04-02-2022 @ 13:09:10 - Braspress Braspress - Rodoviário envio: Array
(
    [cnpjRemetente] => 27399462000180
    [cnpjDestinatario] => 08269038946
    [modal] => R
    [tipoFrete] => 1
    [cepOrigem] => 96412830
    [cepDestino] => 80730350
    [vlrMercadoria] => 329.00
    [peso] => 2.50
    [cubagem] => Array
        (
            [0] => Array
                (
                    [largura] => 0.40
                    [altura] => 0.08
                    [comprimento] => 0.40
                    [volumes] => 1
                )

        )

    [volumes] => 1
)

04-02-2022 @ 13:09:10 - Braspress Braspress - Rodoviário resposta 200: {"id":161877607,"prazo":3,"totalFrete":153.89}
04-02-2022 @ 13:09:12 - Braspress Braspress - Rodoviário envio: Array
(
    [cnpjRemetente] => 27399462000180
    [cnpjDestinatario] => 08269038946
    [modal] => R
    [tipoFrete] => 1
    [cepOrigem] => 96412830
    [cepDestino] => 80730350
    [vlrMercadoria] => 329.00
    [peso] => 2.50
    [cubagem] => Array
        (
            [0] => Array
                (
                    [largura] => 0.40
                    [altura] => 0.08
                    [comprimento] => 0.40
                    [volumes] => 1
                )

        )

    [volumes] => 1
)

04-02-2022 @ 13:09:12 - Braspress Braspress - Rodoviário resposta 200: {"id":161877612,"prazo":3,"totalFrete":153.89}
04-02-2022 @ 13:09:14 - Braspress Braspress - Rodoviário envio: Array
(
    [cnpjRemetente] => 27399462000180
    [cnpjDestinatario] => 08269038946
    [modal] => R
    [tipoFrete] => 1
    [cepOrigem] => 96412830
    [cepDestino] => 80730350
    [vlrMercadoria] => 329.00
    [peso] => 2.50
    [cubagem] => Array
        (
            [0] => Array
                (
                    [largura] => 0.40
                    [altura] => 0.08
                    [comprimento] => 0.40
                    [volumes] => 1
                )

        )

    [volumes] => 1
)

04-02-2022 @ 13:09:14 - Braspress Braspress - Rodoviário resposta 200: {"id":161877615,"prazo":3,"totalFrete":153.89}
04-02-2022 @ 14:07:32 - Braspress Braspress - Rodoviário envio: Array
(
    [cnpjRemetente] => 27399462000180
    [cnpjDestinatario] => 11111111111111
    [modal] => R
    [tipoFrete] => 1
    [cepOrigem] => 96412830
    [cepDestino] => 78275000
    [vlrMercadoria] => 1439.00
    [peso] => 10.00
    [cubagem] => Array
        (
            [0] => Array
                (
                    [largura] => 0.52
                    [altura] => 0.15
                    [comprimento] => 0.63
                    [volumes] => 1
                )

        )

    [volumes] => 1
)

04-02-2022 @ 14:07:32 - Braspress Braspress - Rodoviário resposta 200: {"id":161882308,"prazo":11,"totalFrete":158.61}
04-02-2022 @ 15:29:01 - Braspress Braspress - Rodoviário envio: Array
(
    [cnpjRemetente] => 27399462000180
    [cnpjDestinatario] => 11111111111111
    [modal] => R
    [tipoFrete] => 1
    [cepOrigem] => 96412830
    [cepDestino] => 87800000
    [vlrMercadoria] => 988.00
    [peso] => 12.50
    [cubagem] => Array
        (
            [0] => Array
                (
                    [largura] => 0.35
                    [altura] => 0.10
                    [comprimento] => 0.40
                    [volumes] => 1
                )

            [1] => Array
                (
                    [largura] => 0.37
                    [altura] => 0.70
                    [comprimento] => 0.42
                    [volumes] => 1
                )

        )

    [volumes] => 2
)

04-02-2022 @ 15:29:01 - Braspress Braspress - Rodoviário resposta 200: {"id":161888936,"prazo":8,"totalFrete":89.44}
04-02-2022 @ 15:29:13 - Braspress Braspress - Rodoviário envio: Array
(
    [cnpjRemetente] => 27399462000180
    [cnpjDestinatario] => 11111111111111
    [modal] => R
    [tipoFrete] => 1
    [cepOrigem] => 96412830
    [cepDestino] => 87800000
    [vlrMercadoria] => 1227.00
    [peso] => 22.50
    [cubagem] => Array
        (
            [0] => Array
                (
                    [largura] => 0.35
                    [altura] => 0.10
                    [comprimento] => 0.40
                    [volumes] => 1
                )

            [1] => Array
                (
                    [largura] => 0.37
                    [altura] => 0.70
                    [comprimento] => 0.42
                    [volumes] => 1
                )

            [2] => Array
                (
                    [largura] => 0.40
                    [altura] => 0.45
                    [comprimento] => 0.40
                    [volumes] => 1
                )

        )

    [volumes] => 3
)

04-02-2022 @ 15:29:13 - Braspress Braspress - Rodoviário resposta 200: {"id":161888956,"prazo":8,"totalFrete":99.94}
04-02-2022 @ 15:29:22 - Braspress Braspress - Rodoviário envio: Array
(
    [cnpjRemetente] => 27399462000180
    [cnpjDestinatario] => 11111111111111
    [modal] => R
    [tipoFrete] => 1
    [cepOrigem] => 96412830
    [cepDestino] => 87800000
    [vlrMercadoria] => 598.00
    [peso] => 18.00
    [cubagem] => Array
        (
            [0] => Array
                (
                    [largura] => 0.37
                    [altura] => 0.70
                    [comprimento] => 0.42
                    [volumes] => 1
                )

            [1] => Array
                (
                    [largura] => 0.40
                    [altura] => 0.45
                    [comprimento] => 0.40
                    [volumes] => 1
                )

        )

    [volumes] => 2
)

04-02-2022 @ 15:29:22 - Braspress Braspress - Rodoviário resposta 200: {"id":161888967,"prazo":8,"totalFrete":96.82}
04-02-2022 @ 15:29:47 - Braspress Braspress - Rodoviário envio: Array
(
    [cnpjRemetente] => 27399462000180
    [cnpjDestinatario] => 11111111111111
    [modal] => R
    [tipoFrete] => 1
    [cepOrigem] => 96412830
    [cepDestino] => 11045401
    [vlrMercadoria] => 598.00
    [peso] => 18.00
    [cubagem] => Array
        (
            [0] => Array
                (
                    [largura] => 0.37
                    [altura] => 0.70
                    [comprimento] => 0.42
                    [volumes] => 1
                )

            [1] => Array
                (
                    [largura] => 0.40
                    [altura] => 0.45
                    [comprimento] => 0.40
                    [volumes] => 1
                )

        )

    [volumes] => 2
)

04-02-2022 @ 15:29:47 - Braspress Braspress - Rodoviário resposta 200: {"id":161889012,"prazo":3,"totalFrete":107.16}
04-02-2022 @ 16:20:04 - Braspress Braspress - Rodoviário envio: Array
(
    [cnpjRemetente] => 27399462000180
    [cnpjDestinatario] => 10054655846
    [modal] => R
    [tipoFrete] => 1
    [cepOrigem] => 96412830
    [cepDestino] => 16025025
    [vlrMercadoria] => 398.00
    [peso] => 2.00
    [cubagem] => Array
        (
            [0] => Array
                (
                    [largura] => 0.45
                    [altura] => 0.07
                    [comprimento] => 0.45
                    [volumes] => 2
                )

        )

    [volumes] => 2
)

04-02-2022 @ 16:20:04 - Braspress Braspress - Rodoviário resposta 200: {"id":161894284,"prazo":4,"totalFrete":142.96}
04-02-2022 @ 16:20:43 - Braspress Braspress - Rodoviário envio: Array
(
    [cnpjRemetente] => 27399462000180
    [cnpjDestinatario] => 10054655846
    [modal] => R
    [tipoFrete] => 1
    [cepOrigem] => 96412830
    [cepDestino] => 16025025
    [vlrMercadoria] => 398.00
    [peso] => 2.00
    [cubagem] => Array
        (
            [0] => Array
                (
                    [largura] => 0.45
                    [altura] => 0.07
                    [comprimento] => 0.45
                    [volumes] => 2
                )

        )

    [volumes] => 2
)

04-02-2022 @ 16:20:43 - Braspress Braspress - Rodoviário resposta 200: {"id":161894321,"prazo":4,"totalFrete":142.96}
04-02-2022 @ 16:20:48 - Braspress Braspress - Rodoviário envio: Array
(
    [cnpjRemetente] => 27399462000180
    [cnpjDestinatario] => 10054655846
    [modal] => R
    [tipoFrete] => 1
    [cepOrigem] => 96412830
    [cepDestino] => 16025025
    [vlrMercadoria] => 398.00
    [peso] => 2.00
    [cubagem] => Array
        (
            [0] => Array
                (
                    [largura] => 0.45
                    [altura] => 0.07
                    [comprimento] => 0.45
                    [volumes] => 2
                )

        )

    [volumes] => 2
)

04-02-2022 @ 16:20:48 - Braspress Braspress - Rodoviário resposta 200: {"id":161894331,"prazo":4,"totalFrete":142.96}
04-02-2022 @ 16:21:21 - Braspress Braspress - Rodoviário envio: Array
(
    [cnpjRemetente] => 27399462000180
    [cnpjDestinatario] => 10054655846
    [modal] => R
    [tipoFrete] => 1
    [cepOrigem] => 96412830
    [cepDestino] => 16025010
    [vlrMercadoria] => 398.00
    [peso] => 2.00
    [cubagem] => Array
        (
            [0] => Array
                (
                    [largura] => 0.45
                    [altura] => 0.07
                    [comprimento] => 0.45
                    [volumes] => 2
                )

        )

    [volumes] => 2
)

04-02-2022 @ 16:21:21 - Braspress Braspress - Rodoviário resposta 200: {"id":161894370,"prazo":4,"totalFrete":142.96}
04-02-2022 @ 16:26:59 - Braspress Braspress - Rodoviário envio: Array
(
    [cnpjRemetente] => 27399462000180
    [cnpjDestinatario] => 10054655846
    [modal] => R
    [tipoFrete] => 1
    [cepOrigem] => 96412830
    [cepDestino] => 16025025
    [vlrMercadoria] => 398.00
    [peso] => 2.00
    [cubagem] => Array
        (
            [0] => Array
                (
                    [largura] => 0.45
                    [altura] => 0.07
                    [comprimento] => 0.45
                    [volumes] => 2
                )

        )

    [volumes] => 2
)

04-02-2022 @ 16:26:59 - Braspress Braspress - Rodoviário resposta 200: {"id":161894842,"prazo":4,"totalFrete":142.96}
04-02-2022 @ 16:27:04 - Braspress Braspress - Rodoviário envio: Array
(
    [cnpjRemetente] => 27399462000180
    [cnpjDestinatario] => 10054655846
    [modal] => R
    [tipoFrete] => 1
    [cepOrigem] => 96412830
    [cepDestino] => 16025025
    [vlrMercadoria] => 398.00
    [peso] => 2.00
    [cubagem] => Array
        (
            [0] => Array
                (
                    [largura] => 0.45
                    [altura] => 0.07
                    [comprimento] => 0.45
                    [volumes] => 2
                )

        )

    [volumes] => 2
)

04-02-2022 @ 16:27:04 - Braspress Braspress - Rodoviário resposta 200: {"id":161894850,"prazo":4,"totalFrete":142.96}
04-02-2022 @ 16:27:46 - Braspress Braspress - Rodoviário envio: Array
(
    [cnpjRemetente] => 27399462000180
    [cnpjDestinatario] => 10054655846
    [modal] => R
    [tipoFrete] => 1
    [cepOrigem] => 96412830
    [cepDestino] => 160250
    [vlrMercadoria] => 398.00
    [peso] => 2.00
    [cubagem] => Array
        (
            [0] => Array
                (
                    [largura] => 0.45
                    [altura] => 0.07
                    [comprimento] => 0.45
                    [volumes] => 2
                )

        )

    [volumes] => 2
)

04-02-2022 @ 16:27:46 - Braspress Braspress - Rodoviário resposta 400: {"statusCode":500,"message":"Service Error","dateTime":"02/04/2022 16:27:44","errorList":["Erro ao realizar a cotação de frete: VERIFICANDO CEP DESTINO"]}
04-02-2022 @ 16:27:46 - Braspress Braspress - Rodoviário erro: Array
(
    [statusCode] => 500
    [message] => Service Error
    [dateTime] => 02/04/2022 16:27:44
    [errorList] => Array
        (
            [0] => Erro ao realizar a cotação de frete: VERIFICANDO CEP DESTINO
        )

    [ambiente] => https://api.braspress.com/v1/cotacao/calcular/json
)

04-02-2022 @ 16:27:48 - Braspress Braspress - Rodoviário envio: Array
(
    [cnpjRemetente] => 27399462000180
    [cnpjDestinatario] => 10054655846
    [modal] => R
    [tipoFrete] => 1
    [cepOrigem] => 96412830
    [cepDestino] => 16025010
    [vlrMercadoria] => 398.00
    [peso] => 2.00
    [cubagem] => Array
        (
            [0] => Array
                (
                    [largura] => 0.45
                    [altura] => 0.07
                    [comprimento] => 0.45
                    [volumes] => 2
                )

        )

    [volumes] => 2
)

04-02-2022 @ 16:27:48 - Braspress Braspress - Rodoviário resposta 200: {"id":161894915,"prazo":4,"totalFrete":142.96}
04-02-2022 @ 16:27:54 - Braspress Braspress - Rodoviário envio: Array
(
    [cnpjRemetente] => 27399462000180
    [cnpjDestinatario] => 10054655846
    [modal] => R
    [tipoFrete] => 1
    [cepOrigem] => 96412830
    [cepDestino] => 16025010
    [vlrMercadoria] => 398.00
    [peso] => 2.00
    [cubagem] => Array
        (
            [0] => Array
                (
                    [largura] => 0.45
                    [altura] => 0.07
                    [comprimento] => 0.45
                    [volumes] => 2
                )

        )

    [volumes] => 2
)

04-02-2022 @ 16:27:54 - Braspress Braspress - Rodoviário resposta 200: {"id":161894925,"prazo":4,"totalFrete":142.96}
04-02-2022 @ 16:28:00 - Braspress Braspress - Rodoviário envio: Array
(
    [cnpjRemetente] => 27399462000180
    [cnpjDestinatario] => 10054655846
    [modal] => R
    [tipoFrete] => 1
    [cepOrigem] => 96412830
    [cepDestino] => 16025010
    [vlrMercadoria] => 398.00
    [peso] => 2.00
    [cubagem] => Array
        (
            [0] => Array
                (
                    [largura] => 0.45
                    [altura] => 0.07
                    [comprimento] => 0.45
                    [volumes] => 2
                )

        )

    [volumes] => 2
)

04-02-2022 @ 16:28:00 - Braspress Braspress - Rodoviário resposta 200: {"id":161894931,"prazo":4,"totalFrete":142.96}
04-02-2022 @ 16:28:09 - Braspress Braspress - Rodoviário envio: Array
(
    [cnpjRemetente] => 27399462000180
    [cnpjDestinatario] => 10054655846
    [modal] => R
    [tipoFrete] => 1
    [cepOrigem] => 96412830
    [cepDestino] => 16025010
    [vlrMercadoria] => 398.00
    [peso] => 2.00
    [cubagem] => Array
        (
            [0] => Array
                (
                    [largura] => 0.45
                    [altura] => 0.07
                    [comprimento] => 0.45
                    [volumes] => 2
                )

        )

    [volumes] => 2
)

04-02-2022 @ 16:28:09 - Braspress Braspress - Rodoviário resposta 200: {"id":161894938,"prazo":4,"totalFrete":142.96}
04-02-2022 @ 16:30:42 - Braspress Braspress - Rodoviário envio: Array
(
    [cnpjRemetente] => 27399462000180
    [cnpjDestinatario] => 11111111111111
    [modal] => R
    [tipoFrete] => 1
    [cepOrigem] => 96412830
    [cepDestino] => 89670000
    [vlrMercadoria] => 309.00
    [peso] => 2.00
    [cubagem] => Array
        (
            [0] => Array
                (
                    [largura] => 0.30
                    [altura] => 0.08
                    [comprimento] => 0.30
                    [volumes] => 1
                )

        )

    [volumes] => 1
)

04-02-2022 @ 16:30:42 - Braspress Braspress - Rodoviário resposta 200: {"id":161895173,"prazo":6,"totalFrete":50.22}
04-02-2022 @ 16:34:39 - Braspress Braspress - Rodoviário envio: Array
(
    [cnpjRemetente] => 27399462000180
    [cnpjDestinatario] => 05236348978
    [modal] => R
    [tipoFrete] => 1
    [cepOrigem] => 96412830
    [cepDestino] => 89670000
    [vlrMercadoria] => 309.00
    [peso] => 2.00
    [cubagem] => Array
        (
            [0] => Array
                (
                    [largura] => 0.30
                    [altura] => 0.08
                    [comprimento] => 0.30
                    [volumes] => 1
                )

        )

    [volumes] => 1
)

04-02-2022 @ 16:34:39 - Braspress Braspress - Rodoviário resposta 200: {"id":161895567,"prazo":6,"totalFrete":131.5}
04-02-2022 @ 16:34:44 - Braspress Braspress - Rodoviário envio: Array
(
    [cnpjRemetente] => 27399462000180
    [cnpjDestinatario] => 05236348978
    [modal] => R
    [tipoFrete] => 1
    [cepOrigem] => 96412830
    [cepDestino] => 89670000
    [vlrMercadoria] => 309.00
    [peso] => 2.00
    [cubagem] => Array
        (
            [0] => Array
                (
                    [largura] => 0.30
                    [altura] => 0.08
                    [comprimento] => 0.30
                    [volumes] => 1
                )

        )

    [volumes] => 1
)

04-02-2022 @ 16:34:44 - Braspress Braspress - Rodoviário resposta 200: {"id":161895575,"prazo":6,"totalFrete":131.5}
04-02-2022 @ 16:34:48 - Braspress Braspress - Rodoviário envio: Array
(
    [cnpjRemetente] => 27399462000180
    [cnpjDestinatario] => 05236348978
    [modal] => R
    [tipoFrete] => 1
    [cepOrigem] => 96412830
    [cepDestino] => 89670000
    [vlrMercadoria] => 309.00
    [peso] => 2.00
    [cubagem] => Array
        (
            [0] => Array
                (
                    [largura] => 0.30
                    [altura] => 0.08
                    [comprimento] => 0.30
                    [volumes] => 1
                )

        )

    [volumes] => 1
)

04-02-2022 @ 16:34:48 - Braspress Braspress - Rodoviário resposta 200: {"id":161895581,"prazo":6,"totalFrete":131.5}
04-02-2022 @ 16:34:52 - Braspress Braspress - Rodoviário envio: Array
(
    [cnpjRemetente] => 27399462000180
    [cnpjDestinatario] => 05236348978
    [modal] => R
    [tipoFrete] => 1
    [cepOrigem] => 96412830
    [cepDestino] => 89670000
    [vlrMercadoria] => 309.00
    [peso] => 2.00
    [cubagem] => Array
        (
            [0] => Array
                (
                    [largura] => 0.30
                    [altura] => 0.08
                    [comprimento] => 0.30
                    [volumes] => 1
                )

        )

    [volumes] => 1
)

04-02-2022 @ 16:34:52 - Braspress Braspress - Rodoviário resposta 200: {"id":161895587,"prazo":6,"totalFrete":131.5}
04-02-2022 @ 17:12:38 - Braspress Braspress - Rodoviário envio: Array
(
    [cnpjRemetente] => 27399462000180
    [cnpjDestinatario] => 11111111111111
    [modal] => R
    [tipoFrete] => 1
    [cepOrigem] => 96412830
    [cepDestino] => 02435001
    [vlrMercadoria] => 359.00
    [peso] => 8.00
    [cubagem] => Array
        (
            [0] => Array
                (
                    [largura] => 0.37
                    [altura] => 0.70
                    [comprimento] => 0.42
                    [volumes] => 1
                )

        )

    [volumes] => 1
)

04-02-2022 @ 17:12:38 - Braspress Braspress - Rodoviário resposta 200: {"id":161898539,"prazo":4,"totalFrete":139.45}
04-02-2022 @ 18:26:55 - Braspress Braspress - Rodoviário envio: Array
(
    [cnpjRemetente] => 27399462000180
    [cnpjDestinatario] => 11111111111111
    [modal] => R
    [tipoFrete] => 1
    [cepOrigem] => 96412830
    [cepDestino] => 98300000
    [vlrMercadoria] => 799.00
    [peso] => 5.00
    [cubagem] => Array
        (
            [0] => Array
                (
                    [largura] => 0.40
                    [altura] => 0.12
                    [comprimento] => 0.50
                    [volumes] => 1
                )

        )

    [volumes] => 1
)

04-02-2022 @ 18:26:55 - Braspress Braspress - Rodoviário resposta 200: {"id":161904567,"prazo":5,"totalFrete":40.82}
04-02-2022 @ 18:30:50 - Braspress Braspress - Rodoviário envio: Array
(
    [cnpjRemetente] => 27399462000180
    [cnpjDestinatario] => 11111111111111
    [modal] => R
    [tipoFrete] => 1
    [cepOrigem] => 96412830
    [cepDestino] => 80035040
    [vlrMercadoria] => 1389.00
    [peso] => 5.00
    [cubagem] => Array
        (
            [0] => Array
                (
                    [largura] => 0.40
                    [altura] => 0.10
                    [comprimento] => 0.40
                    [volumes] => 1
                )

        )

    [volumes] => 1
)

04-02-2022 @ 18:30:50 - Braspress Braspress - Rodoviário resposta 200: {"id":161904885,"prazo":3,"totalFrete":79.47}
04-02-2022 @ 18:30:54 - Braspress Braspress - Rodoviário envio: Array
(
    [cnpjRemetente] => 27399462000180
    [cnpjDestinatario] => 11111111111111
    [modal] => R
    [tipoFrete] => 1
    [cepOrigem] => 96412830
    [cepDestino] => 80035040
    [vlrMercadoria] => 1389.00
    [peso] => 5.00
    [cubagem] => Array
        (
            [0] => Array
                (
                    [largura] => 0.40
                    [altura] => 0.10
                    [comprimento] => 0.40
                    [volumes] => 1
                )

        )

    [volumes] => 1
)

04-02-2022 @ 18:30:54 - Braspress Braspress - Rodoviário resposta 200: {"id":161904903,"prazo":3,"totalFrete":79.47}
04-02-2022 @ 20:08:39 - Braspress Braspress - Rodoviário envio: Array
(
    [cnpjRemetente] => 27399462000180
    [cnpjDestinatario] => 09356882851
    [modal] => R
    [tipoFrete] => 1
    [cepOrigem] => 96412830
    [cepDestino] => 88495000
    [vlrMercadoria] => 927.00
    [peso] => 7.00
    [cubagem] => Array
        (
            [0] => Array
                (
                    [largura] => 0.35
                    [altura] => 0.10
                    [comprimento] => 0.45
                    [volumes] => 1
                )

            [1] => Array
                (
                    [largura] => 0.33
                    [altura] => 0.10
                    [comprimento] => 0.25
                    [volumes] => 2
                )

        )

    [volumes] => 3
)

04-02-2022 @ 20:08:39 - Braspress Braspress - Rodoviário resposta 200: {"id":161913027,"prazo":4,"totalFrete":148.45}
04-02-2022 @ 20:08:54 - Braspress Braspress - Rodoviário envio: Array
(
    [cnpjRemetente] => 27399462000180
    [cnpjDestinatario] => 09356882851
    [modal] => R
    [tipoFrete] => 1
    [cepOrigem] => 96412830
    [cepDestino] => 88495000
    [vlrMercadoria] => 927.00
    [peso] => 7.00
    [cubagem] => Array
        (
            [0] => Array
                (
                    [largura] => 0.35
                    [altura] => 0.10
                    [comprimento] => 0.45
                    [volumes] => 1
                )

            [1] => Array
                (
                    [largura] => 0.33
                    [altura] => 0.10
                    [comprimento] => 0.25
                    [volumes] => 2
                )

        )

    [volumes] => 3
)

04-02-2022 @ 20:08:54 - Braspress Braspress - Rodoviário resposta 200: {"id":161913048,"prazo":4,"totalFrete":148.45}
04-02-2022 @ 20:08:58 - Braspress Braspress - Rodoviário envio: Array
(
    [cnpjRemetente] => 27399462000180
    [cnpjDestinatario] => 09356882851
    [modal] => R
    [tipoFrete] => 1
    [cepOrigem] => 96412830
    [cepDestino] => 88495000
    [vlrMercadoria] => 927.00
    [peso] => 7.00
    [cubagem] => Array
        (
            [0] => Array
                (
                    [largura] => 0.35
                    [altura] => 0.10
                    [comprimento] => 0.45
                    [volumes] => 1
                )

            [1] => Array
                (
                    [largura] => 0.33
                    [altura] => 0.10
                    [comprimento] => 0.25
                    [volumes] => 2
                )

        )

    [volumes] => 3
)

04-02-2022 @ 20:08:58 - Braspress Braspress - Rodoviário resposta 200: {"id":161913059,"prazo":4,"totalFrete":148.45}
04-02-2022 @ 20:09:03 - Braspress Braspress - Rodoviário envio: Array
(
    [cnpjRemetente] => 27399462000180
    [cnpjDestinatario] => 09356882851
    [modal] => R
    [tipoFrete] => 1
    [cepOrigem] => 96412830
    [cepDestino] => 88495000
    [vlrMercadoria] => 927.00
    [peso] => 7.00
    [cubagem] => Array
        (
            [0] => Array
                (
                    [largura] => 0.35
                    [altura] => 0.10
                    [comprimento] => 0.45
                    [volumes] => 1
                )

            [1] => Array
                (
                    [largura] => 0.33
                    [altura] => 0.10
                    [comprimento] => 0.25
                    [volumes] => 2
                )

        )

    [volumes] => 3
)

04-02-2022 @ 20:09:03 - Braspress Braspress - Rodoviário resposta 200: {"id":161913070,"prazo":4,"totalFrete":148.45}
04-02-2022 @ 20:09:07 - Braspress Braspress - Rodoviário envio: Array
(
    [cnpjRemetente] => 27399462000180
    [cnpjDestinatario] => 09356882851
    [modal] => R
    [tipoFrete] => 1
    [cepOrigem] => 96412830
    [cepDestino] => 88495000
    [vlrMercadoria] => 927.00
    [peso] => 7.00
    [cubagem] => Array
        (
            [0] => Array
                (
                    [largura] => 0.35
                    [altura] => 0.10
                    [comprimento] => 0.45
                    [volumes] => 1
                )

            [1] => Array
                (
                    [largura] => 0.33
                    [altura] => 0.10
                    [comprimento] => 0.25
                    [volumes] => 2
                )

        )

    [volumes] => 3
)

04-02-2022 @ 20:09:07 - Braspress Braspress - Rodoviário resposta 200: {"id":161913074,"prazo":4,"totalFrete":148.45}
04-02-2022 @ 20:09:12 - Braspress Braspress - Rodoviário envio: Array
(
    [cnpjRemetente] => 27399462000180
    [cnpjDestinatario] => 09356882851
    [modal] => R
    [tipoFrete] => 1
    [cepOrigem] => 96412830
    [cepDestino] => 88495000
    [vlrMercadoria] => 927.00
    [peso] => 7.00
    [cubagem] => Array
        (
            [0] => Array
                (
                    [largura] => 0.35
                    [altura] => 0.10
                    [comprimento] => 0.45
                    [volumes] => 1
                )

            [1] => Array
                (
                    [largura] => 0.33
                    [altura] => 0.10
                    [comprimento] => 0.25
                    [volumes] => 2
                )

        )

    [volumes] => 3
)

04-02-2022 @ 20:09:12 - Braspress Braspress - Rodoviário resposta 200: {"id":161913076,"prazo":4,"totalFrete":148.45}
04-02-2022 @ 20:09:16 - Braspress Braspress - Rodoviário envio: Array
(
    [cnpjRemetente] => 27399462000180
    [cnpjDestinatario] => 09356882851
    [modal] => R
    [tipoFrete] => 1
    [cepOrigem] => 96412830
    [cepDestino] => 88495000
    [vlrMercadoria] => 927.00
    [peso] => 7.00
    [cubagem] => Array
        (
            [0] => Array
                (
                    [largura] => 0.35
                    [altura] => 0.10
                    [comprimento] => 0.45
                    [volumes] => 1
                )

            [1] => Array
                (
                    [largura] => 0.33
                    [altura] => 0.10
                    [comprimento] => 0.25
                    [volumes] => 2
                )

        )

    [volumes] => 3
)

04-02-2022 @ 20:09:16 - Braspress Braspress - Rodoviário resposta 200: {"id":161913084,"prazo":4,"totalFrete":148.45}
04-02-2022 @ 20:11:25 - Braspress Braspress - Rodoviário envio: Array
(
    [cnpjRemetente] => 27399462000180
    [cnpjDestinatario] => 11111111111111
    [modal] => R
    [tipoFrete] => 1
    [cepOrigem] => 96412830
    [cepDestino] => 88495000
    [vlrMercadoria] => 1686.00
    [peso] => 11.50
    [cubagem] => Array
        (
            [0] => Array
                (
                    [largura] => 0.35
                    [altura] => 0.10
                    [comprimento] => 0.45
                    [volumes] => 1
                )

            [1] => Array
                (
                    [largura] => 0.33
                    [altura] => 0.10
                    [comprimento] => 0.25
                    [volumes] => 2
                )

            [2] => Array
                (
                    [largura] => 0.35
                    [altura] => 0.10
                    [comprimento] => 0.40
                    [volumes] => 1
                )

        )

    [volumes] => 4
)

04-02-2022 @ 20:11:25 - Braspress Braspress - Rodoviário resposta 200: {"id":161913245,"prazo":4,"totalFrete":65.29}
04-02-2022 @ 20:13:08 - Braspress Braspress - Rodoviário envio: Array
(
    [cnpjRemetente] => 27399462000180
    [cnpjDestinatario] => 11111111111111
    [modal] => R
    [tipoFrete] => 1
    [cepOrigem] => 96412830
    [cepDestino] => 88495000
    [vlrMercadoria] => 2445.00
    [peso] => 16.00
    [cubagem] => Array
        (
            [0] => Array
                (
                    [largura] => 0.35
                    [altura] => 0.10
                    [comprimento] => 0.45
                    [volumes] => 1
                )

            [1] => Array
                (
                    [largura] => 0.33
                    [altura] => 0.10
                    [comprimento] => 0.25
                    [volumes] => 2
                )

            [2] => Array
                (
                    [largura] => 0.35
                    [altura] => 0.10
                    [comprimento] => 0.40
                    [volumes] => 1
                )

            [3] => Array
                (
                    [largura] => 0.35
                    [altura] => 0.10
                    [comprimento] => 0.40
                    [volumes] => 1
                )

        )

    [volumes] => 5
)

04-02-2022 @ 20:13:08 - Braspress Braspress - Rodoviário resposta 200: {"id":161913363,"prazo":4,"totalFrete":68.81}
04-02-2022 @ 20:13:51 - Braspress Braspress - Rodoviário envio: Array
(
    [cnpjRemetente] => 27399462000180
    [cnpjDestinatario] => 11111111111111
    [modal] => R
    [tipoFrete] => 1
    [cepOrigem] => 96412830
    [cepDestino] => 88495000
    [vlrMercadoria] => 1616.00
    [peso] => 11.00
    [cubagem] => Array
        (
            [0] => Array
                (
                    [largura] => 0.33
                    [altura] => 0.10
                    [comprimento] => 0.25
                    [volumes] => 2
                )

            [1] => Array
                (
                    [largura] => 0.35
                    [altura] => 0.10
                    [comprimento] => 0.40
                    [volumes] => 1
                )

            [2] => Array
                (
                    [largura] => 0.35
                    [altura] => 0.10
                    [comprimento] => 0.40
                    [volumes] => 1
                )

        )

    [volumes] => 4
)

04-02-2022 @ 20:13:51 - Braspress Braspress - Rodoviário resposta 200: {"id":161913406,"prazo":4,"totalFrete":64.97}
04-02-2022 @ 20:40:19 - Braspress Braspress - Rodoviário envio: Array
(
    [cnpjRemetente] => 27399462000180
    [cnpjDestinatario] => 11111111111111
    [modal] => R
    [tipoFrete] => 1
    [cepOrigem] => 96412830
    [cepDestino] => 88047400
    [vlrMercadoria] => 1849.00
    [peso] => 8.00
    [cubagem] => Array
        (
            [0] => Array
                (
                    [largura] => 0.50
                    [altura] => 0.20
                    [comprimento] => 0.60
                    [volumes] => 1
                )

        )

    [volumes] => 1
)

04-02-2022 @ 20:40:19 - Braspress Braspress - Rodoviário resposta 200: {"id":161915223,"prazo":4,"totalFrete":87.42}
04-02-2022 @ 20:54:42 - Braspress Braspress - Rodoviário envio: Array
(
    [cnpjRemetente] => 27399462000180
    [cnpjDestinatario] => 11111111111111
    [modal] => R
    [tipoFrete] => 1
    [cepOrigem] => 96412830
    [cepDestino] => 17012431
    [vlrMercadoria] => 619.00
    [peso] => 9.00
    [cubagem] => Array
        (
            [0] => Array
                (
                    [largura] => 0.68
                    [altura] => 0.20
                    [comprimento] => 0.40
                    [volumes] => 1
                )

        )

    [volumes] => 1
)

04-02-2022 @ 20:54:42 - Braspress Braspress - Rodoviário resposta 200: {"id":161916402,"prazo":4,"totalFrete":98.43}
