04-22-2022 @ 21:06:21 - Braspress Braspress - Rodoviário envio: Array
(
    [cnpjRemetente] => 27399462000180
    [cnpjDestinatario] => 11111111111111
    [modal] => R
    [tipoFrete] => 1
    [cepOrigem] => 96412830
    [cepDestino] => 39100000
    [vlrMercadoria] => 109.00
    [peso] => 0.40
    [cubagem] => Array
        (
            [0] => Array
                (
                    [largura] => 0.23
                    [altura] => 0.10
                    [comprimento] => 0.30
                    [volumes] => 1
                )

        )

    [volumes] => 1
)

04-22-2022 @ 21:06:21 - Braspress Braspress - Rodoviário resposta 200: {"id":164521647,"prazo":6,"totalFrete":91.88}
04-22-2022 @ 21:33:17 - Braspress Braspress - Rodoviário envio: Array
(
    [cnpjRemetente] => 27399462000180
    [cnpjDestinatario] => 11111111111111
    [modal] => R
    [tipoFrete] => 1
    [cepOrigem] => 96412830
    [cepDestino] => 88301451
    [vlrMercadoria] => 1439.00
    [peso] => 10.00
    [cubagem] => Array
        (
            [0] => Array
                (
                    [largura] => 0.52
                    [altura] => 0.15
                    [comprimento] => 0.63
                    [volumes] => 1
                )

        )

    [volumes] => 1
)

04-22-2022 @ 21:33:17 - Braspress Braspress - Rodoviário resposta 200: {"id":164524843,"prazo":3,"totalFrete":61.79}
04-22-2022 @ 21:39:17 - Braspress Braspress - Rodoviário envio: Array
(
    [cnpjRemetente] => 27399462000180
    [cnpjDestinatario] => 11111111111111
    [modal] => R
    [tipoFrete] => 1
    [cepOrigem] => 96412830
    [cepDestino] => 88210000
    [vlrMercadoria] => 129.00
    [peso] => 1.00
    [cubagem] => Array
        (
            [0] => Array
                (
                    [largura] => 0.45
                    [altura] => 0.07
                    [comprimento] => 0.45
                    [volumes] => 1
                )

        )

    [volumes] => 1
)

04-22-2022 @ 21:39:17 - Braspress Braspress - Rodoviário resposta 200: {"id":164525456,"prazo":4,"totalFrete":78.32}
04-22-2022 @ 21:40:15 - Braspress Braspress - Rodoviário envio: Array
(
    [cnpjRemetente] => 27399462000180
    [cnpjDestinatario] => 11111111111111
    [modal] => R
    [tipoFrete] => 1
    [cepOrigem] => 96412830
    [cepDestino] => 88210000
    [vlrMercadoria] => 129.00
    [peso] => 1.00
    [cubagem] => Array
        (
            [0] => Array
                (
                    [largura] => 0.45
                    [altura] => 0.07
                    [comprimento] => 0.45
                    [volumes] => 1
                )

        )

    [volumes] => 1
)

04-22-2022 @ 21:40:15 - Braspress Braspress - Rodoviário resposta 200: {"id":164525531,"prazo":4,"totalFrete":78.32}
04-22-2022 @ 21:46:26 - Braspress Braspress - Rodoviário envio: Array
(
    [cnpjRemetente] => 27399462000180
    [cnpjDestinatario] => 96441259087
    [modal] => R
    [tipoFrete] => 1
    [cepOrigem] => 96412830
    [cepDestino] => 88210000
    [vlrMercadoria] => 258.00
    [peso] => 2.00
    [cubagem] => Array
        (
            [0] => Array
                (
                    [largura] => 0.45
                    [altura] => 0.07
                    [comprimento] => 0.45
                    [volumes] => 1
                )

            [1] => Array
                (
                    [largura] => 0.45
                    [altura] => 0.07
                    [comprimento] => 0.45
                    [volumes] => 1
                )

        )

    [volumes] => 2
)

04-22-2022 @ 21:46:26 - Braspress Braspress - Rodoviário resposta 200: {"id":164526130,"prazo":4,"totalFrete":78.93}
04-22-2022 @ 21:46:29 - Braspress Braspress - Rodoviário envio: Array
(
    [cnpjRemetente] => 27399462000180
    [cnpjDestinatario] => 96441259087
    [modal] => R
    [tipoFrete] => 1
    [cepOrigem] => 96412830
    [cepDestino] => 88210000
    [vlrMercadoria] => 258.00
    [peso] => 2.00
    [cubagem] => Array
        (
            [0] => Array
                (
                    [largura] => 0.45
                    [altura] => 0.07
                    [comprimento] => 0.45
                    [volumes] => 1
                )

            [1] => Array
                (
                    [largura] => 0.45
                    [altura] => 0.07
                    [comprimento] => 0.45
                    [volumes] => 1
                )

        )

    [volumes] => 2
)

04-22-2022 @ 21:46:29 - Braspress Braspress - Rodoviário resposta 200: {"id":164526136,"prazo":4,"totalFrete":78.93}
04-23-2022 @ 00:48:00 - Braspress Braspress - Rodoviário envio: Array
(
    [cnpjRemetente] => 27399462000180
    [cnpjDestinatario] => 11111111111111
    [modal] => R
    [tipoFrete] => 1
    [cepOrigem] => 96412830
    [cepDestino] => 09660007
    [vlrMercadoria] => 569.00
    [peso] => 3.00
    [cubagem] => Array
        (
            [0] => Array
                (
                    [largura] => 0.35
                    [altura] => 0.10
                    [comprimento] => 0.35
                    [volumes] => 1
                )

        )

    [volumes] => 1
)

04-23-2022 @ 00:48:00 - Braspress Braspress - Rodoviário resposta 200: {"id":164556034,"prazo":5,"totalFrete":108.4}
04-23-2022 @ 00:56:44 - Braspress Braspress - Rodoviário envio: Array
(
    [cnpjRemetente] => 27399462000180
    [cnpjDestinatario] => 11111111111111
    [modal] => R
    [tipoFrete] => 1
    [cepOrigem] => 96412830
    [cepDestino] => 88701045
    [vlrMercadoria] => 369.00
    [peso] => 3.00
    [cubagem] => Array
        (
            [0] => Array
                (
                    [largura] => 0.50
                    [altura] => 0.10
                    [comprimento] => 0.40
                    [volumes] => 1
                )

        )

    [volumes] => 1
)

04-23-2022 @ 00:56:44 - Braspress Braspress - Rodoviário resposta 200: {"id":164557510,"prazo":4,"totalFrete":50.5}
04-23-2022 @ 01:00:14 - Braspress Braspress - Rodoviário envio: Array
(
    [cnpjRemetente] => 27399462000180
    [cnpjDestinatario] => 11111111111111
    [modal] => R
    [tipoFrete] => 1
    [cepOrigem] => 96412830
    [cepDestino] => 88701045
    [vlrMercadoria] => 558.00
    [peso] => 5.00
    [cubagem] => Array
        (
            [0] => Array
                (
                    [largura] => 0.50
                    [altura] => 0.10
                    [comprimento] => 0.40
                    [volumes] => 1
                )

            [1] => Array
                (
                    [largura] => 0.35
                    [altura] => 0.10
                    [comprimento] => 0.40
                    [volumes] => 1
                )

        )

    [volumes] => 2
)

04-23-2022 @ 01:00:14 - Braspress Braspress - Rodoviário resposta 200: {"id":164557926,"prazo":4,"totalFrete":51.38}
04-23-2022 @ 06:42:17 - Braspress Braspress - Rodoviário envio: Array
(
    [cnpjRemetente] => 27399462000180
    [cnpjDestinatario] => 11111111111111
    [modal] => R
    [tipoFrete] => 1
    [cepOrigem] => 96412830
    [cepDestino] => 81270315
    [vlrMercadoria] => 109.00
    [peso] => 0.40
    [cubagem] => Array
        (
            [0] => Array
                (
                    [largura] => 0.23
                    [altura] => 0.10
                    [comprimento] => 0.30
                    [volumes] => 1
                )

        )

    [volumes] => 1
)

04-23-2022 @ 06:42:17 - Braspress Braspress - Rodoviário resposta 200: {"id":164615834,"prazo":3,"totalFrete":73.68}
04-23-2022 @ 07:17:05 - Braspress Braspress - Rodoviário envio: Array
(
    [cnpjRemetente] => 27399462000180
    [cnpjDestinatario] => 11111111111111
    [modal] => R
    [tipoFrete] => 1
    [cepOrigem] => 96412830
    [cepDestino] => 99590000
    [vlrMercadoria] => 1319.00
    [peso] => 5.00
    [cubagem] => Array
        (
            [0] => Array
                (
                    [largura] => 0.40
                    [altura] => 0.15
                    [comprimento] => 0.50
                    [volumes] => 1
                )

        )

    [volumes] => 1
)

04-23-2022 @ 07:17:05 - Braspress Braspress - Rodoviário resposta 200: {"id":164622404,"prazo":6,"totalFrete":42.67}
04-23-2022 @ 07:18:27 - Braspress Braspress - Rodoviário envio: Array
(
    [cnpjRemetente] => 27399462000180
    [cnpjDestinatario] => 11111111111111
    [modal] => R
    [tipoFrete] => 1
    [cepOrigem] => 96412830
    [cepDestino] => 01000000
    [vlrMercadoria] => 49.00
    [peso] => 1.00
    [cubagem] => Array
        (
            [0] => Array
                (
                    [largura] => 0.33
                    [altura] => 0.10
                    [comprimento] => 0.25
                    [volumes] => 1
                )

        )

    [volumes] => 1
)

04-23-2022 @ 07:18:27 - Braspress Braspress - Rodoviário resposta 200: {"id":164622683,"prazo":4,"totalFrete":103.88}
04-23-2022 @ 07:18:49 - Braspress Braspress - Rodoviário envio: Array
(
    [cnpjRemetente] => 27399462000180
    [cnpjDestinatario] => 11111111111111
    [modal] => R
    [tipoFrete] => 1
    [cepOrigem] => 96412830
    [cepDestino] => 01000001
    [vlrMercadoria] => 49.00
    [peso] => 1.00
    [cubagem] => Array
        (
            [0] => Array
                (
                    [largura] => 0.33
                    [altura] => 0.10
                    [comprimento] => 0.25
                    [volumes] => 1
                )

        )

    [volumes] => 1
)

04-23-2022 @ 07:18:49 - Braspress Braspress - Rodoviário resposta 400: {"statusCode":500,"message":"Service Error","dateTime":"23/04/2022 07:18:46","errorList":["Erro ao realizar a cotação de frete: VERIFICANDO CEP DESTINO"]}
04-23-2022 @ 07:18:49 - Braspress Braspress - Rodoviário erro: Array
(
    [statusCode] => 500
    [message] => Service Error
    [dateTime] => 23/04/2022 07:18:46
    [errorList] => Array
        (
            [0] => Erro ao realizar a cotação de frete: VERIFICANDO CEP DESTINO
        )

    [ambiente] => https://api.braspress.com/v1/cotacao/calcular/json
)

04-23-2022 @ 07:19:18 - Braspress Braspress - Rodoviário envio: Array
(
    [cnpjRemetente] => 27399462000180
    [cnpjDestinatario] => 11111111111111
    [modal] => R
    [tipoFrete] => 1
    [cepOrigem] => 96412830
    [cepDestino] => 01000100
    [vlrMercadoria] => 49.00
    [peso] => 1.00
    [cubagem] => Array
        (
            [0] => Array
                (
                    [largura] => 0.33
                    [altura] => 0.10
                    [comprimento] => 0.25
                    [volumes] => 1
                )

        )

    [volumes] => 1
)

04-23-2022 @ 07:19:18 - Braspress Braspress - Rodoviário resposta 400: {"statusCode":500,"message":"Service Error","dateTime":"23/04/2022 07:19:14","errorList":["Erro ao realizar a cotação de frete: VERIFICANDO CEP DESTINO"]}
04-23-2022 @ 07:19:18 - Braspress Braspress - Rodoviário erro: Array
(
    [statusCode] => 500
    [message] => Service Error
    [dateTime] => 23/04/2022 07:19:14
    [errorList] => Array
        (
            [0] => Erro ao realizar a cotação de frete: VERIFICANDO CEP DESTINO
        )

    [ambiente] => https://api.braspress.com/v1/cotacao/calcular/json
)

04-23-2022 @ 07:20:33 - Braspress Braspress - Rodoviário envio: Array
(
    [cnpjRemetente] => 27399462000180
    [cnpjDestinatario] => 11111111111111
    [modal] => R
    [tipoFrete] => 1
    [cepOrigem] => 96412830
    [cepDestino] => 01000100
    [vlrMercadoria] => 49.00
    [peso] => 1.00
    [cubagem] => Array
        (
            [0] => Array
                (
                    [largura] => 0.33
                    [altura] => 0.10
                    [comprimento] => 0.25
                    [volumes] => 1
                )

        )

    [volumes] => 1
)

04-23-2022 @ 07:20:33 - Braspress Braspress - Rodoviário resposta 400: {"statusCode":500,"message":"Service Error","dateTime":"23/04/2022 07:20:31","errorList":["Erro ao realizar a cotação de frete: VERIFICANDO CEP DESTINO"]}
04-23-2022 @ 07:20:33 - Braspress Braspress - Rodoviário erro: Array
(
    [statusCode] => 500
    [message] => Service Error
    [dateTime] => 23/04/2022 07:20:31
    [errorList] => Array
        (
            [0] => Erro ao realizar a cotação de frete: VERIFICANDO CEP DESTINO
        )

    [ambiente] => https://api.braspress.com/v1/cotacao/calcular/json
)

04-23-2022 @ 07:50:20 - Braspress Braspress - Rodoviário envio: Array
(
    [cnpjRemetente] => 27399462000180
    [cnpjDestinatario] => 11111111111111
    [modal] => R
    [tipoFrete] => 1
    [cepOrigem] => 96412830
    [cepDestino] => 18147000
    [vlrMercadoria] => 1849.00
    [peso] => 15.00
    [cubagem] => Array
        (
            [0] => Array
                (
                    [largura] => 0.65
                    [altura] => 0.18
                    [comprimento] => 0.65
                    [volumes] => 1
                )

        )

    [volumes] => 1
)

04-23-2022 @ 07:50:20 - Braspress Braspress - Rodoviário resposta 200: {"id":164627722,"prazo":5,"totalFrete":95.38}
04-23-2022 @ 08:17:03 - Braspress Braspress - Rodoviário envio: Array
(
    [cnpjRemetente] => 27399462000180
    [cnpjDestinatario] => 11111111111111
    [modal] => R
    [tipoFrete] => 1
    [cepOrigem] => 96412830
    [cepDestino] => 24440720
    [vlrMercadoria] => 799.00
    [peso] => 5.00
    [cubagem] => Array
        (
            [0] => Array
                (
                    [largura] => 0.40
                    [altura] => 0.12
                    [comprimento] => 0.50
                    [volumes] => 1
                )

        )

    [volumes] => 1
)

04-23-2022 @ 08:17:03 - Braspress Braspress - Rodoviário resposta 200: {"id":164631478,"prazo":4,"totalFrete":104.64}
04-23-2022 @ 08:43:58 - Braspress Braspress - Rodoviário envio: Array
(
    [cnpjRemetente] => 27399462000180
    [cnpjDestinatario] => 11111111111111
    [modal] => R
    [tipoFrete] => 1
    [cepOrigem] => 96412830
    [cepDestino] => 89600000
    [vlrMercadoria] => 249.00
    [peso] => 2.00
    [cubagem] => Array
        (
            [0] => Array
                (
                    [largura] => 0.30
                    [altura] => 0.10
                    [comprimento] => 0.30
                    [volumes] => 1
                )

        )

    [volumes] => 1
)

04-23-2022 @ 08:43:58 - Braspress Braspress - Rodoviário resposta 200: {"id":164634823,"prazo":5,"totalFrete":49.94}
04-23-2022 @ 09:04:16 - Braspress Braspress - Rodoviário envio: Array
(
    [cnpjRemetente] => 27399462000180
    [cnpjDestinatario] => 11111111111111
    [modal] => R
    [tipoFrete] => 1
    [cepOrigem] => 96412830
    [cepDestino] => 88701045
    [vlrMercadoria] => 189.00
    [peso] => 2.00
    [cubagem] => Array
        (
            [0] => Array
                (
                    [largura] => 0.35
                    [altura] => 0.10
                    [comprimento] => 0.40
                    [volumes] => 1
                )

        )

    [volumes] => 1
)

04-23-2022 @ 09:04:16 - Braspress Braspress - Rodoviário resposta 200: {"id":164638333,"prazo":4,"totalFrete":49.67}
04-23-2022 @ 10:07:42 - Braspress Braspress - Rodoviário envio: Array
(
    [cnpjRemetente] => 27399462000180
    [cnpjDestinatario] => 92434053904
    [modal] => R
    [tipoFrete] => 1
    [cepOrigem] => 96412830
    [cepDestino] => 84435000
    [vlrMercadoria] => 698.00
    [peso] => 8.00
    [cubagem] => Array
        (
            [0] => Array
                (
                    [largura] => 0.35
                    [altura] => 0.25
                    [comprimento] => 0.40
                    [volumes] => 2
                )

        )

    [volumes] => 2
)

04-23-2022 @ 10:07:42 - Braspress Braspress - Rodoviário resposta 200: {"id":164653882,"prazo":8,"totalFrete":75.84}
04-23-2022 @ 10:08:38 - Braspress Braspress - Rodoviário envio: Array
(
    [cnpjRemetente] => 27399462000180
    [cnpjDestinatario] => 92434053904
    [modal] => R
    [tipoFrete] => 1
    [cepOrigem] => 96412830
    [cepDestino] => 84435000
    [vlrMercadoria] => 698.00
    [peso] => 8.00
    [cubagem] => Array
        (
            [0] => Array
                (
                    [largura] => 0.35
                    [altura] => 0.25
                    [comprimento] => 0.40
                    [volumes] => 2
                )

        )

    [volumes] => 2
)

04-23-2022 @ 10:08:38 - Braspress Braspress - Rodoviário resposta 200: {"id":164654134,"prazo":8,"totalFrete":75.84}
04-23-2022 @ 10:21:26 - Braspress Braspress - Rodoviário envio: Array
(
    [cnpjRemetente] => 27399462000180
    [cnpjDestinatario] => 11111111111111
    [modal] => R
    [tipoFrete] => 1
    [cepOrigem] => 96412830
    [cepDestino] => 18147000
    [vlrMercadoria] => 2459.00
    [peso] => 20.00
    [cubagem] => Array
        (
            [0] => Array
                (
                    [largura] => 0.65
                    [altura] => 0.20
                    [comprimento] => 0.70
                    [volumes] => 1
                )

        )

    [volumes] => 1
)

04-23-2022 @ 10:21:26 - Braspress Braspress - Rodoviário resposta 200: {"id":164657392,"prazo":5,"totalFrete":99.45}
04-23-2022 @ 11:34:21 - Braspress Braspress - Rodoviário envio: Array
(
    [cnpjRemetente] => 27399462000180
    [cnpjDestinatario] => 11111111111111
    [modal] => R
    [tipoFrete] => 1
    [cepOrigem] => 96412830
    [cepDestino] => 98910000
    [vlrMercadoria] => 109.00
    [peso] => 0.40
    [cubagem] => Array
        (
            [0] => Array
                (
                    [largura] => 0.23
                    [altura] => 0.10
                    [comprimento] => 0.30
                    [volumes] => 1
                )

        )

    [volumes] => 1
)

04-23-2022 @ 11:34:21 - Braspress Braspress - Rodoviário resposta 200: {"id":164677069,"prazo":2,"totalFrete":38.36}
04-23-2022 @ 11:35:34 - Braspress Braspress - Rodoviário envio: Array
(
    [cnpjRemetente] => 27399462000180
    [cnpjDestinatario] => 11111111111111
    [modal] => R
    [tipoFrete] => 1
    [cepOrigem] => 96412830
    [cepDestino] => 80810100
    [vlrMercadoria] => 1329.00
    [peso] => 8.00
    [cubagem] => Array
        (
            [0] => Array
                (
                    [largura] => 0.50
                    [altura] => 0.15
                    [comprimento] => 0.60
                    [volumes] => 1
                )

        )

    [volumes] => 1
)

04-23-2022 @ 11:35:34 - Braspress Braspress - Rodoviário resposta 200: {"id":164677359,"prazo":3,"totalFrete":87.05}
04-23-2022 @ 11:54:17 - Braspress Braspress - Rodoviário envio: Array
(
    [cnpjRemetente] => 27399462000180
    [cnpjDestinatario] => 11111111111111
    [modal] => R
    [tipoFrete] => 1
    [cepOrigem] => 96412830
    [cepDestino] => 13530000
    [vlrMercadoria] => 189.00
    [peso] => 1.00
    [cubagem] => Array
        (
            [0] => Array
                (
                    [largura] => 0.20
                    [altura] => 0.10
                    [comprimento] => 0.25
                    [volumes] => 1
                )

        )

    [volumes] => 1
)

04-23-2022 @ 11:54:17 - Braspress Braspress - Rodoviário resposta 200: {"id":164682154,"prazo":9,"totalFrete":59.05}
04-23-2022 @ 11:54:47 - Braspress Braspress - Rodoviário envio: Array
(
    [cnpjRemetente] => 27399462000180
    [cnpjDestinatario] => 02536140075
    [modal] => R
    [tipoFrete] => 1
    [cepOrigem] => 96412830
    [cepDestino] => 98910000
    [vlrMercadoria] => 109.00
    [peso] => 0.40
    [cubagem] => Array
        (
            [0] => Array
                (
                    [largura] => 0.23
                    [altura] => 0.10
                    [comprimento] => 0.30
                    [volumes] => 1
                )

        )

    [volumes] => 1
)

04-23-2022 @ 11:54:47 - Braspress Braspress - Rodoviário resposta 200: {"id":164682295,"prazo":2,"totalFrete":38.36}
04-23-2022 @ 11:54:55 - Braspress Braspress - Rodoviário envio: Array
(
    [cnpjRemetente] => 27399462000180
    [cnpjDestinatario] => 02536140075
    [modal] => R
    [tipoFrete] => 1
    [cepOrigem] => 96412830
    [cepDestino] => 98910000
    [vlrMercadoria] => 109.00
    [peso] => 0.40
    [cubagem] => Array
        (
            [0] => Array
                (
                    [largura] => 0.23
                    [altura] => 0.10
                    [comprimento] => 0.30
                    [volumes] => 1
                )

        )

    [volumes] => 1
)

04-23-2022 @ 11:54:55 - Braspress Braspress - Rodoviário resposta 200: {"id":164682341,"prazo":2,"totalFrete":38.36}
04-23-2022 @ 11:55:04 - Braspress Braspress - Rodoviário envio: Array
(
    [cnpjRemetente] => 27399462000180
    [cnpjDestinatario] => 02536140075
    [modal] => R
    [tipoFrete] => 1
    [cepOrigem] => 96412830
    [cepDestino] => 98910000
    [vlrMercadoria] => 109.00
    [peso] => 0.40
    [cubagem] => Array
        (
            [0] => Array
                (
                    [largura] => 0.23
                    [altura] => 0.10
                    [comprimento] => 0.30
                    [volumes] => 1
                )

        )

    [volumes] => 1
)

04-23-2022 @ 11:55:04 - Braspress Braspress - Rodoviário resposta 200: {"id":164682384,"prazo":2,"totalFrete":38.36}
04-23-2022 @ 11:55:06 - Braspress Braspress - Rodoviário envio: Array
(
    [cnpjRemetente] => 27399462000180
    [cnpjDestinatario] => 02536140075
    [modal] => R
    [tipoFrete] => 1
    [cepOrigem] => 96412830
    [cepDestino] => 98910000
    [vlrMercadoria] => 109.00
    [peso] => 0.40
    [cubagem] => Array
        (
            [0] => Array
                (
                    [largura] => 0.23
                    [altura] => 0.10
                    [comprimento] => 0.30
                    [volumes] => 1
                )

        )

    [volumes] => 1
)

04-23-2022 @ 11:55:06 - Braspress Braspress - Rodoviário resposta 200: {"id":164682398,"prazo":2,"totalFrete":38.36}
04-23-2022 @ 11:55:08 - Braspress Braspress - Rodoviário envio: Array
(
    [cnpjRemetente] => 27399462000180
    [cnpjDestinatario] => 02536140075
    [modal] => R
    [tipoFrete] => 1
    [cepOrigem] => 96412830
    [cepDestino] => 98910000
    [vlrMercadoria] => 109.00
    [peso] => 0.40
    [cubagem] => Array
        (
            [0] => Array
                (
                    [largura] => 0.23
                    [altura] => 0.10
                    [comprimento] => 0.30
                    [volumes] => 1
                )

        )

    [volumes] => 1
)

04-23-2022 @ 11:55:08 - Braspress Braspress - Rodoviário resposta 200: {"id":164682410,"prazo":2,"totalFrete":38.36}
04-23-2022 @ 11:55:16 - Braspress Braspress - Rodoviário envio: Array
(
    [cnpjRemetente] => 27399462000180
    [cnpjDestinatario] => 02536140075
    [modal] => R
    [tipoFrete] => 1
    [cepOrigem] => 96412830
    [cepDestino] => 98910000
    [vlrMercadoria] => 109.00
    [peso] => 0.40
    [cubagem] => Array
        (
            [0] => Array
                (
                    [largura] => 0.23
                    [altura] => 0.10
                    [comprimento] => 0.30
                    [volumes] => 1
                )

        )

    [volumes] => 1
)

04-23-2022 @ 11:55:16 - Braspress Braspress - Rodoviário resposta 200: {"id":164682452,"prazo":2,"totalFrete":38.36}
04-23-2022 @ 12:53:25 - Braspress Braspress - Rodoviário envio: Array
(
    [cnpjRemetente] => 27399462000180
    [cnpjDestinatario] => 11111111111111
    [modal] => R
    [tipoFrete] => 1
    [cepOrigem] => 96412830
    [cepDestino] => 88037632
    [vlrMercadoria] => 339.00
    [peso] => 3.50
    [cubagem] => Array
        (
            [0] => Array
                (
                    [largura] => 0.45
                    [altura] => 0.45
                    [comprimento] => 0.45
                    [volumes] => 1
                )

        )

    [volumes] => 1
)

04-23-2022 @ 12:53:25 - Braspress Braspress - Rodoviário resposta 200: {"id":164696331,"prazo":4,"totalFrete":91.55}
04-23-2022 @ 13:06:57 - Braspress Braspress - Rodoviário envio: Array
(
    [cnpjRemetente] => 27399462000180
    [cnpjDestinatario] => 11111111111111
    [modal] => R
    [tipoFrete] => 1
    [cepOrigem] => 96412830
    [cepDestino] => 80010200
    [vlrMercadoria] => 109.00
    [peso] => 0.40
    [cubagem] => Array
        (
            [0] => Array
                (
                    [largura] => 0.23
                    [altura] => 0.10
                    [comprimento] => 0.30
                    [volumes] => 1
                )

        )

    [volumes] => 1
)

04-23-2022 @ 13:06:57 - Braspress Braspress - Rodoviário resposta 200: {"id":164699582,"prazo":3,"totalFrete":73.68}
04-23-2022 @ 13:42:46 - Braspress Braspress - Rodoviário envio: Array
(
    [cnpjRemetente] => 27399462000180
    [cnpjDestinatario] => 11111111111111
    [modal] => R
    [tipoFrete] => 1
    [cepOrigem] => 96412830
    [cepDestino] => 90480004
    [vlrMercadoria] => 169.00
    [peso] => 2.00
    [cubagem] => Array
        (
            [0] => Array
                (
                    [largura] => 0.25
                    [altura] => 0.15
                    [comprimento] => 0.40
                    [volumes] => 1
                )

        )

    [volumes] => 1
)

04-23-2022 @ 13:42:46 - Braspress Braspress - Rodoviário resposta 200: {"id":164708367,"prazo":1,"totalFrete":33.89}
04-23-2022 @ 13:45:07 - Braspress Braspress - Rodoviário envio: Array
(
    [cnpjRemetente] => 27399462000180
    [cnpjDestinatario] => 19222316819
    [modal] => R
    [tipoFrete] => 1
    [cepOrigem] => 96412830
    [cepDestino] => 09510210
    [vlrMercadoria] => 109.00
    [peso] => 0.40
    [cubagem] => Array
        (
            [0] => Array
                (
                    [largura] => 0.23
                    [altura] => 0.10
                    [comprimento] => 0.30
                    [volumes] => 1
                )

        )

    [volumes] => 1
)

04-23-2022 @ 13:45:07 - Braspress Braspress - Rodoviário resposta 200: {"id":164708561,"prazo":5,"totalFrete":104.4}
04-23-2022 @ 13:45:11 - Braspress Braspress - Rodoviário envio: Array
(
    [cnpjRemetente] => 27399462000180
    [cnpjDestinatario] => 19222316819
    [modal] => R
    [tipoFrete] => 1
    [cepOrigem] => 96412830
    [cepDestino] => 09510210
    [vlrMercadoria] => 109.00
    [peso] => 0.40
    [cubagem] => Array
        (
            [0] => Array
                (
                    [largura] => 0.23
                    [altura] => 0.10
                    [comprimento] => 0.30
                    [volumes] => 1
                )

        )

    [volumes] => 1
)

04-23-2022 @ 13:45:11 - Braspress Braspress - Rodoviário resposta 200: {"id":164708565,"prazo":5,"totalFrete":104.4}
04-23-2022 @ 13:45:13 - Braspress Braspress - Rodoviário envio: Array
(
    [cnpjRemetente] => 27399462000180
    [cnpjDestinatario] => 19222316819
    [modal] => R
    [tipoFrete] => 1
    [cepOrigem] => 96412830
    [cepDestino] => 09510210
    [vlrMercadoria] => 109.00
    [peso] => 0.40
    [cubagem] => Array
        (
            [0] => Array
                (
                    [largura] => 0.23
                    [altura] => 0.10
                    [comprimento] => 0.30
                    [volumes] => 1
                )

        )

    [volumes] => 1
)

04-23-2022 @ 13:45:13 - Braspress Braspress - Rodoviário resposta 200: {"id":164708570,"prazo":5,"totalFrete":104.4}
04-23-2022 @ 15:01:59 - Braspress Braspress - Rodoviário envio: Array
(
    [cnpjRemetente] => 27399462000180
    [cnpjDestinatario] => 11111111111111
    [modal] => R
    [tipoFrete] => 1
    [cepOrigem] => 96412830
    [cepDestino] => 75103615
    [vlrMercadoria] => 319.00
    [peso] => 3.50
    [cubagem] => Array
        (
            [0] => Array
                (
                    [largura] => 0.30
                    [altura] => 0.20
                    [comprimento] => 0.35
                    [volumes] => 1
                )

        )

    [volumes] => 1
)

04-23-2022 @ 15:01:59 - Braspress Braspress - Rodoviário resposta 200: {"id":164714093,"prazo":6,"totalFrete":115.31}
04-23-2022 @ 15:09:55 - Braspress Braspress - Rodoviário envio: Array
(
    [cnpjRemetente] => 27399462000180
    [cnpjDestinatario] => 11111111111111
    [modal] => R
    [tipoFrete] => 1
    [cepOrigem] => 96412830
    [cepDestino] => 75254441
    [vlrMercadoria] => 109.00
    [peso] => 0.40
    [cubagem] => Array
        (
            [0] => Array
                (
                    [largura] => 0.23
                    [altura] => 0.10
                    [comprimento] => 0.30
                    [volumes] => 1
                )

        )

    [volumes] => 1
)

04-23-2022 @ 15:09:55 - Braspress Braspress - Rodoviário resposta 200: {"id":164714686,"prazo":6,"totalFrete":51.19}
04-23-2022 @ 15:34:46 - Braspress Braspress - Rodoviário envio: Array
(
    [cnpjRemetente] => 27399462000180
    [cnpjDestinatario] => 11111111111111
    [modal] => R
    [tipoFrete] => 1
    [cepOrigem] => 96412830
    [cepDestino] => 11390010
    [vlrMercadoria] => 297.00
    [peso] => 3.00
    [cubagem] => Array
        (
            [0] => Array
                (
                    [largura] => 0.27
                    [altura] => 0.10
                    [comprimento] => 0.27
                    [volumes] => 3
                )

        )

    [volumes] => 3
)

04-23-2022 @ 15:34:46 - Braspress Braspress - Rodoviário resposta 200: {"id":164716635,"prazo":3,"totalFrete":86.31}
04-23-2022 @ 15:39:30 - Braspress Braspress - Rodoviário envio: Array
(
    [cnpjRemetente] => 27399462000180
    [cnpjDestinatario] => 08372488843
    [modal] => R
    [tipoFrete] => 1
    [cepOrigem] => 96412830
    [cepDestino] => 11390010
    [vlrMercadoria] => 297.00
    [peso] => 3.00
    [cubagem] => Array
        (
            [0] => Array
                (
                    [largura] => 0.27
                    [altura] => 0.10
                    [comprimento] => 0.27
                    [volumes] => 3
                )

        )

    [volumes] => 3
)

04-23-2022 @ 15:39:30 - Braspress Braspress - Rodoviário resposta 200: {"id":164717056,"prazo":3,"totalFrete":86.31}
04-23-2022 @ 15:39:35 - Braspress Braspress - Rodoviário envio: Array
(
    [cnpjRemetente] => 27399462000180
    [cnpjDestinatario] => 08372488843
    [modal] => R
    [tipoFrete] => 1
    [cepOrigem] => 96412830
    [cepDestino] => 11390010
    [vlrMercadoria] => 297.00
    [peso] => 3.00
    [cubagem] => Array
        (
            [0] => Array
                (
                    [largura] => 0.27
                    [altura] => 0.10
                    [comprimento] => 0.27
                    [volumes] => 3
                )

        )

    [volumes] => 3
)

04-23-2022 @ 15:39:35 - Braspress Braspress - Rodoviário resposta 200: {"id":164717071,"prazo":3,"totalFrete":86.31}
04-23-2022 @ 15:39:37 - Braspress Braspress - Rodoviário envio: Array
(
    [cnpjRemetente] => 27399462000180
    [cnpjDestinatario] => 08372488843
    [modal] => R
    [tipoFrete] => 1
    [cepOrigem] => 96412830
    [cepDestino] => 11390010
    [vlrMercadoria] => 297.00
    [peso] => 3.00
    [cubagem] => Array
        (
            [0] => Array
                (
                    [largura] => 0.27
                    [altura] => 0.10
                    [comprimento] => 0.27
                    [volumes] => 3
                )

        )

    [volumes] => 3
)

04-23-2022 @ 15:39:37 - Braspress Braspress - Rodoviário resposta 200: {"id":164717078,"prazo":3,"totalFrete":86.31}
04-23-2022 @ 16:18:05 - Braspress Braspress - Rodoviário envio: Array
(
    [cnpjRemetente] => 27399462000180
    [cnpjDestinatario] => 11111111111111
    [modal] => R
    [tipoFrete] => 1
    [cepOrigem] => 96412830
    [cepDestino] => 88801420
    [vlrMercadoria] => 599.00
    [peso] => 3.00
    [cubagem] => Array
        (
            [0] => Array
                (
                    [largura] => 0.40
                    [altura] => 0.10
                    [comprimento] => 0.40
                    [volumes] => 1
                )

        )

    [volumes] => 1
)

04-23-2022 @ 16:18:05 - Braspress Braspress - Rodoviário resposta 200: {"id":164720086,"prazo":4,"totalFrete":49.55}
04-23-2022 @ 17:07:56 - Braspress Braspress - Rodoviário envio: Array
(
    [cnpjRemetente] => 27399462000180
    [cnpjDestinatario] => 11111111111111
    [modal] => R
    [tipoFrete] => 1
    [cepOrigem] => 96412830
    [cepDestino] => 90450030
    [vlrMercadoria] => 95.00
    [peso] => 1.00
    [cubagem] => Array
        (
            [0] => Array
                (
                    [largura] => 0.20
                    [altura] => 0.15
                    [comprimento] => 0.20
                    [volumes] => 1
                )

        )

    [volumes] => 1
)

04-23-2022 @ 17:07:56 - Braspress Braspress - Rodoviário resposta 200: {"id":164723669,"prazo":1,"totalFrete":33.65}
04-23-2022 @ 19:58:25 - Braspress Braspress - Rodoviário envio: Array
(
    [cnpjRemetente] => 27399462000180
    [cnpjDestinatario] => 11111111111111
    [modal] => R
    [tipoFrete] => 1
    [cepOrigem] => 96412830
    [cepDestino] => 88501110
    [vlrMercadoria] => 2099.00
    [peso] => 8.00
    [cubagem] => Array
        (
            [0] => Array
                (
                    [largura] => 0.50
                    [altura] => 0.20
                    [comprimento] => 0.60
                    [volumes] => 1
                )

        )

    [volumes] => 1
)

04-23-2022 @ 19:58:25 - Braspress Braspress - Rodoviário resposta 200: {"id":164735486,"prazo":5,"totalFrete":96.15}
04-23-2022 @ 20:00:04 - Braspress Braspress - Rodoviário envio: Array
(
    [cnpjRemetente] => 27399462000180
    [cnpjDestinatario] => 11111111111111
    [modal] => R
    [tipoFrete] => 1
    [cepOrigem] => 96412830
    [cepDestino] => 02082000
    [vlrMercadoria] => 3109.00
    [peso] => 12.00
    [cubagem] => Array
        (
            [0] => Array
                (
                    [largura] => 0.60
                    [altura] => 0.15
                    [comprimento] => 0.60
                    [volumes] => 1
                )

        )

    [volumes] => 1
)

04-23-2022 @ 20:00:04 - Braspress Braspress - Rodoviário resposta 200: {"id":164735594,"prazo":4,"totalFrete":143.99}
04-23-2022 @ 20:01:00 - Braspress Braspress - Rodoviário envio: Array
(
    [cnpjRemetente] => 27399462000180
    [cnpjDestinatario] => 11111111111111
    [modal] => R
    [tipoFrete] => 1
    [cepOrigem] => 96412830
    [cepDestino] => 02344050
    [vlrMercadoria] => 109.00
    [peso] => 0.40
    [cubagem] => Array
        (
            [0] => Array
                (
                    [largura] => 0.23
                    [altura] => 0.10
                    [comprimento] => 0.30
                    [volumes] => 1
                )

        )

    [volumes] => 1
)

04-23-2022 @ 20:01:00 - Braspress Braspress - Rodoviário resposta 200: {"id":164735652,"prazo":4,"totalFrete":104.4}
04-23-2022 @ 20:13:37 - Braspress Braspress - Rodoviário envio: Array
(
    [cnpjRemetente] => 27399462000180
    [cnpjDestinatario] => 11111111111111
    [modal] => R
    [tipoFrete] => 1
    [cepOrigem] => 96412830
    [cepDestino] => 03404020
    [vlrMercadoria] => 169.00
    [peso] => 2.00
    [cubagem] => Array
        (
            [0] => Array
                (
                    [largura] => 0.25
                    [altura] => 0.15
                    [comprimento] => 0.40
                    [volumes] => 1
                )

        )

    [volumes] => 1
)

04-23-2022 @ 20:13:37 - Braspress Braspress - Rodoviário resposta 200: {"id":164736543,"prazo":4,"totalFrete":104.92}
04-23-2022 @ 20:14:56 - Braspress Braspress - Rodoviário envio: Array
(
    [cnpjRemetente] => 27399462000180
    [cnpjDestinatario] => 11111111111111
    [modal] => R
    [tipoFrete] => 1
    [cepOrigem] => 96412830
    [cepDestino] => 35189000
    [vlrMercadoria] => 249.00
    [peso] => 2.00
    [cubagem] => Array
        (
            [0] => Array
                (
                    [largura] => 0.40
                    [altura] => 0.08
                    [comprimento] => 0.30
                    [volumes] => 1
                )

        )

    [volumes] => 1
)

04-23-2022 @ 20:14:56 - Braspress Braspress - Rodoviário resposta 200: {"id":164736655,"prazo":8,"totalFrete":63.89}
04-23-2022 @ 20:30:22 - Braspress Braspress - Rodoviário envio: Array
(
    [cnpjRemetente] => 27399462000180
    [cnpjDestinatario] => 11111111111111
    [modal] => R
    [tipoFrete] => 1
    [cepOrigem] => 96412830
    [cepDestino] => 35189000
    [vlrMercadoria] => 49.00
    [peso] => 1.00
    [cubagem] => Array
        (
            [0] => Array
                (
                    [largura] => 0.33
                    [altura] => 0.10
                    [comprimento] => 0.25
                    [volumes] => 1
                )

        )

    [volumes] => 1
)

04-23-2022 @ 20:30:22 - Braspress Braspress - Rodoviário resposta 200: {"id":164737738,"prazo":8,"totalFrete":62.55}
04-23-2022 @ 20:39:48 - Braspress Braspress - Rodoviário envio: Array
(
    [cnpjRemetente] => 27399462000180
    [cnpjDestinatario] => 11111111111111
    [modal] => R
    [tipoFrete] => 1
    [cepOrigem] => 96412830
    [cepDestino] => 80420162
    [vlrMercadoria] => 109.00
    [peso] => 0.40
    [cubagem] => Array
        (
            [0] => Array
                (
                    [largura] => 0.23
                    [altura] => 0.10
                    [comprimento] => 0.30
                    [volumes] => 1
                )

        )

    [volumes] => 1
)

04-23-2022 @ 20:39:48 - Braspress Braspress - Rodoviário resposta 200: {"id":164738429,"prazo":3,"totalFrete":73.68}
04-23-2022 @ 20:42:04 - Braspress Braspress - Rodoviário envio: Array
(
    [cnpjRemetente] => 27399462000180
    [cnpjDestinatario] => 11111111111111
    [modal] => R
    [tipoFrete] => 1
    [cepOrigem] => 96412830
    [cepDestino] => 35189000
    [vlrMercadoria] => 99.00
    [peso] => 1.00
    [cubagem] => Array
        (
            [0] => Array
                (
                    [largura] => 0.27
                    [altura] => 0.10
                    [comprimento] => 0.27
                    [volumes] => 1
                )

        )

    [volumes] => 1
)

04-23-2022 @ 20:42:04 - Braspress Braspress - Rodoviário resposta 200: {"id":164738569,"prazo":8,"totalFrete":62.89}
04-23-2022 @ 20:56:41 - Braspress Braspress - Rodoviário envio: Array
(
    [cnpjRemetente] => 27399462000180
    [cnpjDestinatario] => 11111111111111
    [modal] => R
    [tipoFrete] => 1
    [cepOrigem] => 96412830
    [cepDestino] => 96212000
    [vlrMercadoria] => 109.00
    [peso] => 0.40
    [cubagem] => Array
        (
            [0] => Array
                (
                    [largura] => 0.23
                    [altura] => 0.10
                    [comprimento] => 0.30
                    [volumes] => 1
                )

        )

    [volumes] => 1
)

04-23-2022 @ 20:56:41 - Braspress Braspress - Rodoviário resposta 200: {"id":164739581,"prazo":2,"totalFrete":38.36}
04-23-2022 @ 20:59:10 - Braspress Braspress - Rodoviário envio: Array
(
    [cnpjRemetente] => 27399462000180
    [cnpjDestinatario] => 11698106670
    [modal] => R
    [tipoFrete] => 1
    [cepOrigem] => 96412830
    [cepDestino] => 35189000
    [vlrMercadoria] => 148.00
    [peso] => 2.00
    [cubagem] => Array
        (
            [0] => Array
                (
                    [largura] => 0.27
                    [altura] => 0.10
                    [comprimento] => 0.27
                    [volumes] => 1
                )

            [1] => Array
                (
                    [largura] => 0.33
                    [altura] => 0.10
                    [comprimento] => 0.25
                    [volumes] => 1
                )

        )

    [volumes] => 2
)

04-23-2022 @ 20:59:10 - Braspress Braspress - Rodoviário resposta 200: {"id":164739746,"prazo":8,"totalFrete":63.22}
04-23-2022 @ 20:59:14 - Braspress Braspress - Rodoviário envio: Array
(
    [cnpjRemetente] => 27399462000180
    [cnpjDestinatario] => 11698106670
    [modal] => R
    [tipoFrete] => 1
    [cepOrigem] => 96412830
    [cepDestino] => 35189000
    [vlrMercadoria] => 148.00
    [peso] => 2.00
    [cubagem] => Array
        (
            [0] => Array
                (
                    [largura] => 0.27
                    [altura] => 0.10
                    [comprimento] => 0.27
                    [volumes] => 1
                )

            [1] => Array
                (
                    [largura] => 0.33
                    [altura] => 0.10
                    [comprimento] => 0.25
                    [volumes] => 1
                )

        )

    [volumes] => 2
)

04-23-2022 @ 20:59:14 - Braspress Braspress - Rodoviário resposta 200: {"id":164739755,"prazo":8,"totalFrete":63.22}
