04-25-2022 @ 21:02:25 - Braspress Braspress - Rodoviário envio: Array
(
    [cnpjRemetente] => 27399462000180
    [cnpjDestinatario] => 11111111111111
    [modal] => R
    [tipoFrete] => 1
    [cepOrigem] => 96412830
    [cepDestino] => 88750000
    [vlrMercadoria] => 109.00
    [peso] => 0.40
    [cubagem] => Array
        (
            [0] => Array
                (
                    [largura] => 0.23
                    [altura] => 0.10
                    [comprimento] => 0.30
                    [volumes] => 1
                )

        )

    [volumes] => 1
)

04-25-2022 @ 21:02:25 - Braspress Braspress - Rodoviário resposta 200: {"id":164982304,"prazo":4,"totalFrete":49.29}
04-25-2022 @ 21:43:56 - Braspress Braspress - Rodoviário envio: Array
(
    [cnpjRemetente] => 27399462000180
    [cnpjDestinatario] => 11111111111111
    [modal] => R
    [tipoFrete] => 1
    [cepOrigem] => 96412830
    [cepDestino] => 07622260
    [vlrMercadoria] => 1799.00
    [peso] => 15.00
    [cubagem] => Array
        (
            [0] => Array
                (
                    [largura] => 0.70
                    [altura] => 0.18
                    [comprimento] => 0.65
                    [volumes] => 1
                )

        )

    [volumes] => 1
)

04-25-2022 @ 21:43:56 - Braspress Braspress - Rodoviário resposta 200: {"id":164987212,"prazo":5,"totalFrete":151.94}
04-25-2022 @ 21:53:52 - Braspress Braspress - Rodoviário envio: Array
(
    [cnpjRemetente] => 27399462000180
    [cnpjDestinatario] => 11111111111111
    [modal] => R
    [tipoFrete] => 1
    [cepOrigem] => 96412830
    [cepDestino] => 04569001
    [vlrMercadoria] => 299.00
    [peso] => 10.00
    [cubagem] => Array
        (
            [0] => Array
                (
                    [largura] => 0.40
                    [altura] => 0.45
                    [comprimento] => 0.40
                    [volumes] => 1
                )

        )

    [volumes] => 1
)

04-25-2022 @ 21:53:52 - Braspress Braspress - Rodoviário resposta 200: {"id":164989388,"prazo":4,"totalFrete":138.94}
04-25-2022 @ 22:15:29 - Braspress Braspress - Rodoviário envio: Array
(
    [cnpjRemetente] => 27399462000180
    [cnpjDestinatario] => 11111111111111
    [modal] => R
    [tipoFrete] => 1
    [cepOrigem] => 96412830
    [cepDestino] => 09751030
    [vlrMercadoria] => 478.00
    [peso] => 11.00
    [cubagem] => Array
        (
            [0] => Array
                (
                    [largura] => 0.70
                    [altura] => 0.42
                    [comprimento] => 0.70
                    [volumes] => 1
                )

            [1] => Array
                (
                    [largura] => 0.33
                    [altura] => 0.10
                    [comprimento] => 0.25
                    [volumes] => 1
                )

        )

    [volumes] => 2
)

04-25-2022 @ 22:15:29 - Braspress Braspress - Rodoviário resposta 200: {"id":164994746,"prazo":5,"totalFrete":172.77}
04-25-2022 @ 22:30:19 - Braspress Braspress - Rodoviário envio: Array
(
    [cnpjRemetente] => 27399462000180
    [cnpjDestinatario] => 11111111111111
    [modal] => R
    [tipoFrete] => 1
    [cepOrigem] => 96412830
    [cepDestino] => 91720390
    [vlrMercadoria] => 159.00
    [peso] => 1.50
    [cubagem] => Array
        (
            [0] => Array
                (
                    [largura] => 0.40
                    [altura] => 0.08
                    [comprimento] => 0.30
                    [volumes] => 1
                )

        )

    [volumes] => 1
)

04-25-2022 @ 22:30:19 - Braspress Braspress - Rodoviário resposta 200: {"id":164997626,"prazo":1,"totalFrete":33.86}
04-25-2022 @ 22:30:54 - Braspress Braspress - Rodoviário envio: Array
(
    [cnpjRemetente] => 27399462000180
    [cnpjDestinatario] => 11111111111111
    [modal] => R
    [tipoFrete] => 1
    [cepOrigem] => 96412830
    [cepDestino] => 91720390
    [vlrMercadoria] => 159.00
    [peso] => 1.50
    [cubagem] => Array
        (
            [0] => Array
                (
                    [largura] => 0.40
                    [altura] => 0.08
                    [comprimento] => 0.30
                    [volumes] => 1
                )

        )

    [volumes] => 1
)

04-25-2022 @ 22:30:54 - Braspress Braspress - Rodoviário resposta 200: {"id":164997717,"prazo":1,"totalFrete":33.86}
04-25-2022 @ 22:34:27 - Braspress Braspress - Rodoviário envio: Array
(
    [cnpjRemetente] => 27399462000180
    [cnpjDestinatario] => 11111111111111
    [modal] => R
    [tipoFrete] => 1
    [cepOrigem] => 96412830
    [cepDestino] => 91720390
    [vlrMercadoria] => 189.00
    [peso] => 1.50
    [cubagem] => Array
        (
            [0] => Array
                (
                    [largura] => 0.40
                    [altura] => 0.08
                    [comprimento] => 0.30
                    [volumes] => 1
                )

        )

    [volumes] => 1
)

04-25-2022 @ 22:34:27 - Braspress Braspress - Rodoviário resposta 200: {"id":164998231,"prazo":1,"totalFrete":33.95}
04-25-2022 @ 22:34:57 - Braspress Braspress - Rodoviário envio: Array
(
    [cnpjRemetente] => 27399462000180
    [cnpjDestinatario] => 11111111111111
    [modal] => R
    [tipoFrete] => 1
    [cepOrigem] => 96412830
    [cepDestino] => 91720390
    [vlrMercadoria] => 348.00
    [peso] => 3.00
    [cubagem] => Array
        (
            [0] => Array
                (
                    [largura] => 0.40
                    [altura] => 0.08
                    [comprimento] => 0.30
                    [volumes] => 1
                )

            [1] => Array
                (
                    [largura] => 0.40
                    [altura] => 0.08
                    [comprimento] => 0.30
                    [volumes] => 1
                )

        )

    [volumes] => 2
)

04-25-2022 @ 22:34:57 - Braspress Braspress - Rodoviário resposta 200: {"id":164998301,"prazo":1,"totalFrete":34.47}
04-25-2022 @ 22:35:33 - Braspress Braspress - Rodoviário envio: Array
(
    [cnpjRemetente] => 27399462000180
    [cnpjDestinatario] => 11111111111111
    [modal] => R
    [tipoFrete] => 1
    [cepOrigem] => 96412830
    [cepDestino] => 91720390
    [vlrMercadoria] => 189.00
    [peso] => 1.50
    [cubagem] => Array
        (
            [0] => Array
                (
                    [largura] => 0.40
                    [altura] => 0.08
                    [comprimento] => 0.30
                    [volumes] => 1
                )

        )

    [volumes] => 1
)

04-25-2022 @ 22:35:33 - Braspress Braspress - Rodoviário resposta 200: {"id":164998392,"prazo":1,"totalFrete":33.95}
04-25-2022 @ 22:40:00 - Braspress Braspress - Rodoviário envio: Array
(
    [cnpjRemetente] => 27399462000180
    [cnpjDestinatario] => 11111111111111
    [modal] => R
    [tipoFrete] => 1
    [cepOrigem] => 96412830
    [cepDestino] => 91720390
    [vlrMercadoria] => 378.00
    [peso] => 3.00
    [cubagem] => Array
        (
            [0] => Array
                (
                    [largura] => 0.40
                    [altura] => 0.08
                    [comprimento] => 0.30
                    [volumes] => 1
                )

            [1] => Array
                (
                    [largura] => 0.40
                    [altura] => 0.08
                    [comprimento] => 0.30
                    [volumes] => 1
                )

        )

    [volumes] => 2
)

04-25-2022 @ 22:40:00 - Braspress Braspress - Rodoviário resposta 200: {"id":164999082,"prazo":1,"totalFrete":34.57}
04-25-2022 @ 22:40:27 - Braspress Braspress - Rodoviário envio: Array
(
    [cnpjRemetente] => 27399462000180
    [cnpjDestinatario] => 11111111111111
    [modal] => R
    [tipoFrete] => 1
    [cepOrigem] => 96412830
    [cepDestino] => 91720390
    [vlrMercadoria] => 189.00
    [peso] => 1.50
    [cubagem] => Array
        (
            [0] => Array
                (
                    [largura] => 0.40
                    [altura] => 0.08
                    [comprimento] => 0.30
                    [volumes] => 1
                )

        )

    [volumes] => 1
)

04-25-2022 @ 22:40:27 - Braspress Braspress - Rodoviário resposta 200: {"id":164999174,"prazo":1,"totalFrete":33.95}
04-25-2022 @ 22:41:57 - Braspress Braspress - Rodoviário envio: Array
(
    [cnpjRemetente] => 27399462000180
    [cnpjDestinatario] => 47329700010
    [modal] => R
    [tipoFrete] => 1
    [cepOrigem] => 96412830
    [cepDestino] => 91720390
    [vlrMercadoria] => 189.00
    [peso] => 1.50
    [cubagem] => Array
        (
            [0] => Array
                (
                    [largura] => 0.40
                    [altura] => 0.08
                    [comprimento] => 0.30
                    [volumes] => 1
                )

        )

    [volumes] => 1
)

04-25-2022 @ 22:41:57 - Braspress Braspress - Rodoviário resposta 200: {"id":164999420,"prazo":1,"totalFrete":33.95}
04-25-2022 @ 23:57:48 - Braspress Braspress - Rodoviário envio: Array
(
    [cnpjRemetente] => 27399462000180
    [cnpjDestinatario] => 11111111111111
    [modal] => R
    [tipoFrete] => 1
    [cepOrigem] => 96412830
    [cepDestino] => 25010190
    [vlrMercadoria] => 799.00
    [peso] => 5.00
    [cubagem] => Array
        (
            [0] => Array
                (
                    [largura] => 0.40
                    [altura] => 0.12
                    [comprimento] => 0.50
                    [volumes] => 1
                )

        )

    [volumes] => 1
)

04-25-2022 @ 23:57:48 - Braspress Braspress - Rodoviário resposta 200: {"id":165007051,"prazo":4,"totalFrete":104.64}
04-26-2022 @ 00:18:31 - Braspress Braspress - Rodoviário envio: Array
(
    [cnpjRemetente] => 27399462000180
    [cnpjDestinatario] => 11111111111111
    [modal] => R
    [tipoFrete] => 1
    [cepOrigem] => 96412830
    [cepDestino] => 18555710
    [vlrMercadoria] => 239.00
    [peso] => 3.00
    [cubagem] => Array
        (
            [0] => Array
                (
                    [largura] => 0.35
                    [altura] => 0.33
                    [comprimento] => 0.35
                    [volumes] => 1
                )

        )

    [volumes] => 1
)

04-26-2022 @ 00:18:31 - Braspress Braspress - Rodoviário resposta 400: {"statusCode":500,"message":"Service Error","dateTime":"26/04/2022 00:18:28","errorList":["Erro ao realizar a cotação de frete: VERIFICANDO CEP DESTINO"]}
04-26-2022 @ 00:18:31 - Braspress Braspress - Rodoviário erro: Array
(
    [statusCode] => 500
    [message] => Service Error
    [dateTime] => 26/04/2022 00:18:28
    [errorList] => Array
        (
            [0] => Erro ao realizar a cotação de frete: VERIFICANDO CEP DESTINO
        )

    [ambiente] => https://api.braspress.com/v1/cotacao/calcular/json
)

04-26-2022 @ 01:52:50 - Braspress Braspress - Rodoviário erro: Array
(
    [statusCode] => 500
    [message] => Service Error
    [dateTime] => 26/04/2022 01:52:46
    [errorList] => Array
        (
            [0] => Erro ao realizar a cotação de frete: VERIFICANDO CEP DESTINO
        )

    [ambiente] => https://api.braspress.com/v1/cotacao/calcular/json
)

04-26-2022 @ 01:57:24 - Braspress Braspress - Rodoviário erro: Array
(
    [statusCode] => 500
    [message] => Service Error
    [dateTime] => 26/04/2022 01:57:21
    [errorList] => Array
        (
            [0] => Erro ao realizar a cotação de frete: VERIFICANDO CEP DESTINO
        )

    [ambiente] => https://api.braspress.com/v1/cotacao/calcular/json
)

04-26-2022 @ 04:27:16 - Braspress Braspress - Rodoviário envio: Array
(
    [cnpjRemetente] => 27399462000180
    [cnpjDestinatario] => 11111111111111
    [modal] => R
    [tipoFrete] => 1
    [cepOrigem] => 96412830
    [cepDestino] => 87307306
    [vlrMercadoria] => 109.00
    [peso] => 0.40
    [cubagem] => Array
        (
            [0] => Array
                (
                    [largura] => 0.23
                    [altura] => 0.10
                    [comprimento] => 0.30
                    [volumes] => 1
                )

        )

    [volumes] => 1
)

04-26-2022 @ 04:27:16 - Braspress Braspress - Rodoviário resposta 200: {"id":165014939,"prazo":4,"totalFrete":77.89}
04-26-2022 @ 06:16:05 - Braspress Braspress - Rodoviário envio: Array
(
    [cnpjRemetente] => 27399462000180
    [cnpjDestinatario] => 11111111111111
    [modal] => R
    [tipoFrete] => 1
    [cepOrigem] => 96412830
    [cepDestino] => 89820000
    [vlrMercadoria] => 329.00
    [peso] => 2.50
    [cubagem] => Array
        (
            [0] => Array
                (
                    [largura] => 0.40
                    [altura] => 0.08
                    [comprimento] => 0.40
                    [volumes] => 1
                )

        )

    [volumes] => 1
)

04-26-2022 @ 06:16:05 - Braspress Braspress - Rodoviário resposta 200: {"id":165016682,"prazo":3,"totalFrete":50.31}
04-26-2022 @ 08:00:26 - Braspress Braspress - Rodoviário envio: Array
(
    [cnpjRemetente] => 27399462000180
    [cnpjDestinatario] => 11111111111111
    [modal] => R
    [tipoFrete] => 1
    [cepOrigem] => 96412830
    [cepDestino] => 76450000
    [vlrMercadoria] => 399.00
    [peso] => 3.00
    [cubagem] => Array
        (
            [0] => Array
                (
                    [largura] => 0.30
                    [altura] => 0.10
                    [comprimento] => 0.30
                    [volumes] => 1
                )

        )

    [volumes] => 1
)

04-26-2022 @ 08:00:26 - Braspress Braspress - Rodoviário resposta 200: {"id":165020816,"prazo":9,"totalFrete":115.84}
04-26-2022 @ 08:15:19 - Braspress Braspress - Rodoviário envio: Array
(
    [cnpjRemetente] => 27399462000180
    [cnpjDestinatario] => 37626909879
    [modal] => R
    [tipoFrete] => 1
    [cepOrigem] => 96412830
    [cepDestino] => 03275120
    [vlrMercadoria] => 819.00
    [peso] => 5.00
    [cubagem] => Array
        (
            [0] => Array
                (
                    [largura] => 0.50
                    [altura] => 0.10
                    [comprimento] => 0.50
                    [volumes] => 1
                )

        )

    [volumes] => 1
)

04-26-2022 @ 08:15:19 - Braspress Braspress - Rodoviário resposta 200: {"id":165022234,"prazo":4,"totalFrete":110.56}
04-26-2022 @ 08:15:22 - Braspress Braspress - Rodoviário envio: Array
(
    [cnpjRemetente] => 27399462000180
    [cnpjDestinatario] => 37626909879
    [modal] => R
    [tipoFrete] => 1
    [cepOrigem] => 96412830
    [cepDestino] => 03275120
    [vlrMercadoria] => 819.00
    [peso] => 5.00
    [cubagem] => Array
        (
            [0] => Array
                (
                    [largura] => 0.50
                    [altura] => 0.10
                    [comprimento] => 0.50
                    [volumes] => 1
                )

        )

    [volumes] => 1
)

04-26-2022 @ 08:15:22 - Braspress Braspress - Rodoviário resposta 200: {"id":165022241,"prazo":4,"totalFrete":110.56}
04-26-2022 @ 09:12:38 - Braspress Braspress - Rodoviário envio: Array
(
    [cnpjRemetente] => 27399462000180
    [cnpjDestinatario] => 11111111111111
    [modal] => R
    [tipoFrete] => 1
    [cepOrigem] => 96412830
    [cepDestino] => 13260000
    [vlrMercadoria] => 390.00
    [peso] => 2.00
    [cubagem] => Array
        (
            [0] => Array
                (
                    [largura] => 0.35
                    [altura] => 0.10
                    [comprimento] => 0.25
                    [volumes] => 1
                )

        )

    [volumes] => 1
)

04-26-2022 @ 09:12:38 - Braspress Braspress - Rodoviário resposta 200: {"id":165030932,"prazo":5,"totalFrete":60.39}
04-26-2022 @ 10:18:47 - Braspress Braspress - Rodoviário envio: Array
(
    [cnpjRemetente] => 27399462000180
    [cnpjDestinatario] => 11111111111111
    [modal] => R
    [tipoFrete] => 1
    [cepOrigem] => 96412830
    [cepDestino] => 11701290
    [vlrMercadoria] => 1439.00
    [peso] => 10.00
    [cubagem] => Array
        (
            [0] => Array
                (
                    [largura] => 0.55
                    [altura] => 0.15
                    [comprimento] => 0.65
                    [volumes] => 1
                )

        )

    [volumes] => 1
)

04-26-2022 @ 10:18:47 - Braspress Braspress - Rodoviário resposta 200: {"id":165044254,"prazo":3,"totalFrete":103.93}
04-26-2022 @ 10:27:51 - Braspress Braspress - Rodoviário envio: Array
(
    [cnpjRemetente] => 27399462000180
    [cnpjDestinatario] => 11111111111111
    [modal] => R
    [tipoFrete] => 1
    [cepOrigem] => 96412830
    [cepDestino] => 85811360
    [vlrMercadoria] => 879.00
    [peso] => 3.50
    [cubagem] => Array
        (
            [0] => Array
                (
                    [largura] => 0.40
                    [altura] => 0.10
                    [comprimento] => 0.40
                    [volumes] => 1
                )

        )

    [volumes] => 1
)

04-26-2022 @ 10:27:51 - Braspress Braspress - Rodoviário resposta 200: {"id":165046257,"prazo":3,"totalFrete":81.73}
04-26-2022 @ 10:31:41 - Braspress Braspress - Rodoviário envio: Array
(
    [cnpjRemetente] => 27399462000180
    [cnpjDestinatario] => 11111111111111
    [modal] => R
    [tipoFrete] => 1
    [cepOrigem] => 96412830
    [cepDestino] => 88330040
    [vlrMercadoria] => 957.00
    [peso] => 10.50
    [cubagem] => Array
        (
            [0] => Array
                (
                    [largura] => 0.30
                    [altura] => 0.20
                    [comprimento] => 0.35
                    [volumes] => 3
                )

        )

    [volumes] => 3
)

04-26-2022 @ 10:31:41 - Braspress Braspress - Rodoviário resposta 200: {"id":165047137,"prazo":3,"totalFrete":88.52}
04-26-2022 @ 10:32:43 - Braspress Braspress - Rodoviário envio: Array
(
    [cnpjRemetente] => 27399462000180
    [cnpjDestinatario] => 11111111111111
    [modal] => R
    [tipoFrete] => 1
    [cepOrigem] => 96412830
    [cepDestino] => 88508280
    [vlrMercadoria] => 109.00
    [peso] => 0.40
    [cubagem] => Array
        (
            [0] => Array
                (
                    [largura] => 0.23
                    [altura] => 0.10
                    [comprimento] => 0.30
                    [volumes] => 1
                )

        )

    [volumes] => 1
)

04-26-2022 @ 10:32:43 - Braspress Braspress - Rodoviário resposta 200: {"id":165047384,"prazo":5,"totalFrete":78.23}
04-26-2022 @ 10:32:52 - Braspress Braspress - Rodoviário envio: Array
(
    [cnpjRemetente] => 27399462000180
    [cnpjDestinatario] => 11111111111111
    [modal] => R
    [tipoFrete] => 1
    [cepOrigem] => 96412830
    [cepDestino] => 88508280
    [vlrMercadoria] => 436.00
    [peso] => 1.60
    [cubagem] => Array
        (
            [0] => Array
                (
                    [largura] => 0.23
                    [altura] => 0.10
                    [comprimento] => 0.30
                    [volumes] => 4
                )

        )

    [volumes] => 4
)

04-26-2022 @ 10:32:52 - Braspress Braspress - Rodoviário resposta 200: {"id":165047432,"prazo":5,"totalFrete":88.46}
04-26-2022 @ 10:33:15 - Braspress Braspress - Rodoviário envio: Array
(
    [cnpjRemetente] => 27399462000180
    [cnpjDestinatario] => 03339925127
    [modal] => R
    [tipoFrete] => 1
    [cepOrigem] => 96412830
    [cepDestino] => 78745290
    [vlrMercadoria] => 538.00
    [peso] => 5.50
    [cubagem] => Array
        (
            [0] => Array
                (
                    [largura] => 0.35
                    [altura] => 0.45
                    [comprimento] => 0.35
                    [volumes] => 1
                )

            [1] => Array
                (
                    [largura] => 0.40
                    [altura] => 0.08
                    [comprimento] => 0.40
                    [volumes] => 1
                )

        )

    [volumes] => 2
)

04-26-2022 @ 10:33:15 - Braspress Braspress - Rodoviário resposta 200: {"id":165047538,"prazo":5,"totalFrete":187.64}
04-26-2022 @ 10:33:19 - Braspress Braspress - Rodoviário envio: Array
(
    [cnpjRemetente] => 27399462000180
    [cnpjDestinatario] => 03339925127
    [modal] => R
    [tipoFrete] => 1
    [cepOrigem] => 96412830
    [cepDestino] => 78745290
    [vlrMercadoria] => 538.00
    [peso] => 5.50
    [cubagem] => Array
        (
            [0] => Array
                (
                    [largura] => 0.35
                    [altura] => 0.45
                    [comprimento] => 0.35
                    [volumes] => 1
                )

            [1] => Array
                (
                    [largura] => 0.40
                    [altura] => 0.08
                    [comprimento] => 0.40
                    [volumes] => 1
                )

        )

    [volumes] => 2
)

04-26-2022 @ 10:33:19 - Braspress Braspress - Rodoviário resposta 200: {"id":165047553,"prazo":5,"totalFrete":187.64}
04-26-2022 @ 10:36:53 - Braspress Braspress - Rodoviário envio: Array
(
    [cnpjRemetente] => 27399462000180
    [cnpjDestinatario] => 11111111111111
    [modal] => R
    [tipoFrete] => 1
    [cepOrigem] => 96412830
    [cepDestino] => 89155000
    [vlrMercadoria] => 289.00
    [peso] => 2.00
    [cubagem] => Array
        (
            [0] => Array
                (
                    [largura] => 0.30
                    [altura] => 0.08
                    [comprimento] => 0.30
                    [volumes] => 1
                )

        )

    [volumes] => 1
)

04-26-2022 @ 10:36:53 - Braspress Braspress - Rodoviário resposta 200: {"id":165048404,"prazo":8,"totalFrete":50.13}
04-26-2022 @ 10:51:28 - Braspress Braspress - Rodoviário envio: Array
(
    [cnpjRemetente] => 27399462000180
    [cnpjDestinatario] => 11111111111111
    [modal] => R
    [tipoFrete] => 1
    [cepOrigem] => 96412830
    [cepDestino] => 89155000
    [vlrMercadoria] => 290.00
    [peso] => 2.00
    [cubagem] => Array
        (
            [0] => Array
                (
                    [largura] => 0.35
                    [altura] => 0.10
                    [comprimento] => 0.25
                    [volumes] => 1
                )

        )

    [volumes] => 1
)

04-26-2022 @ 10:51:28 - Braspress Braspress - Rodoviário resposta 200: {"id":165051821,"prazo":8,"totalFrete":50.13}
04-26-2022 @ 11:05:31 - Braspress Braspress - Rodoviário envio: Array
(
    [cnpjRemetente] => 27399462000180
    [cnpjDestinatario] => 11111111111111
    [modal] => R
    [tipoFrete] => 1
    [cepOrigem] => 96412830
    [cepDestino] => 04306090
    [vlrMercadoria] => 959.00
    [peso] => 7.00
    [cubagem] => Array
        (
            [0] => Array
                (
                    [largura] => 0.50
                    [altura] => 0.12
                    [comprimento] => 0.50
                    [volumes] => 1
                )

        )

    [volumes] => 1
)

04-26-2022 @ 11:05:31 - Braspress Braspress - Rodoviário resposta 200: {"id":165054847,"prazo":4,"totalFrete":111.77}
04-26-2022 @ 11:07:06 - Braspress Braspress - Rodoviário envio: Array
(
    [cnpjRemetente] => 27399462000180
    [cnpjDestinatario] => 11111111111111
    [modal] => R
    [tipoFrete] => 1
    [cepOrigem] => 96412830
    [cepDestino] => 89155000
    [vlrMercadoria] => 199.00
    [peso] => 3.00
    [cubagem] => Array
        (
            [0] => Array
                (
                    [largura] => 0.30
                    [altura] => 0.10
                    [comprimento] => 0.30
                    [volumes] => 1
                )

        )

    [volumes] => 1
)

04-26-2022 @ 11:07:06 - Braspress Braspress - Rodoviário resposta 200: {"id":165055193,"prazo":8,"totalFrete":49.7}
04-26-2022 @ 11:08:45 - Braspress Braspress - Rodoviário envio: Array
(
    [cnpjRemetente] => 27399462000180
    [cnpjDestinatario] => 09021673835
    [modal] => R
    [tipoFrete] => 1
    [cepOrigem] => 96412830
    [cepDestino] => 04532082
    [vlrMercadoria] => 6198.00
    [peso] => 25.00
    [cubagem] => Array
        (
            [0] => Array
                (
                    [largura] => 0.70
                    [altura] => 0.30
                    [comprimento] => 0.70
                    [volumes] => 1
                )

            [1] => Array
                (
                    [largura] => 0.70
                    [altura] => 0.25
                    [comprimento] => 0.60
                    [volumes] => 1
                )

        )

    [volumes] => 2
)

04-26-2022 @ 11:08:45 - Braspress Braspress - Rodoviário resposta 200: {"id":165055582,"prazo":4,"totalFrete":262.22}
04-26-2022 @ 11:08:48 - Braspress Braspress - Rodoviário envio: Array
(
    [cnpjRemetente] => 27399462000180
    [cnpjDestinatario] => 09021673835
    [modal] => R
    [tipoFrete] => 1
    [cepOrigem] => 96412830
    [cepDestino] => 04532082
    [vlrMercadoria] => 6198.00
    [peso] => 25.00
    [cubagem] => Array
        (
            [0] => Array
                (
                    [largura] => 0.70
                    [altura] => 0.30
                    [comprimento] => 0.70
                    [volumes] => 1
                )

            [1] => Array
                (
                    [largura] => 0.70
                    [altura] => 0.25
                    [comprimento] => 0.60
                    [volumes] => 1
                )

        )

    [volumes] => 2
)

04-26-2022 @ 11:08:48 - Braspress Braspress - Rodoviário resposta 200: {"id":165055591,"prazo":4,"totalFrete":262.22}
04-26-2022 @ 11:08:51 - Braspress Braspress - Rodoviário envio: Array
(
    [cnpjRemetente] => 27399462000180
    [cnpjDestinatario] => 09021673835
    [modal] => R
    [tipoFrete] => 1
    [cepOrigem] => 96412830
    [cepDestino] => 04532082
    [vlrMercadoria] => 6198.00
    [peso] => 25.00
    [cubagem] => Array
        (
            [0] => Array
                (
                    [largura] => 0.70
                    [altura] => 0.30
                    [comprimento] => 0.70
                    [volumes] => 1
                )

            [1] => Array
                (
                    [largura] => 0.70
                    [altura] => 0.25
                    [comprimento] => 0.60
                    [volumes] => 1
                )

        )

    [volumes] => 2
)

04-26-2022 @ 11:08:51 - Braspress Braspress - Rodoviário resposta 200: {"id":165055605,"prazo":4,"totalFrete":262.22}
04-26-2022 @ 11:08:54 - Braspress Braspress - Rodoviário envio: Array
(
    [cnpjRemetente] => 27399462000180
    [cnpjDestinatario] => 09021673835
    [modal] => R
    [tipoFrete] => 1
    [cepOrigem] => 96412830
    [cepDestino] => 04532082
    [vlrMercadoria] => 6198.00
    [peso] => 25.00
    [cubagem] => Array
        (
            [0] => Array
                (
                    [largura] => 0.70
                    [altura] => 0.30
                    [comprimento] => 0.70
                    [volumes] => 1
                )

            [1] => Array
                (
                    [largura] => 0.70
                    [altura] => 0.25
                    [comprimento] => 0.60
                    [volumes] => 1
                )

        )

    [volumes] => 2
)

04-26-2022 @ 11:08:54 - Braspress Braspress - Rodoviário resposta 200: {"id":165055616,"prazo":4,"totalFrete":262.22}
04-26-2022 @ 11:08:57 - Braspress Braspress - Rodoviário envio: Array
(
    [cnpjRemetente] => 27399462000180
    [cnpjDestinatario] => 09021673835
    [modal] => R
    [tipoFrete] => 1
    [cepOrigem] => 96412830
    [cepDestino] => 04532082
    [vlrMercadoria] => 6198.00
    [peso] => 25.00
    [cubagem] => Array
        (
            [0] => Array
                (
                    [largura] => 0.70
                    [altura] => 0.30
                    [comprimento] => 0.70
                    [volumes] => 1
                )

            [1] => Array
                (
                    [largura] => 0.70
                    [altura] => 0.25
                    [comprimento] => 0.60
                    [volumes] => 1
                )

        )

    [volumes] => 2
)

04-26-2022 @ 11:08:57 - Braspress Braspress - Rodoviário resposta 200: {"id":165055625,"prazo":4,"totalFrete":262.22}
04-26-2022 @ 11:09:01 - Braspress Braspress - Rodoviário envio: Array
(
    [cnpjRemetente] => 27399462000180
    [cnpjDestinatario] => 09021673835
    [modal] => R
    [tipoFrete] => 1
    [cepOrigem] => 96412830
    [cepDestino] => 04532082
    [vlrMercadoria] => 6198.00
    [peso] => 25.00
    [cubagem] => Array
        (
            [0] => Array
                (
                    [largura] => 0.70
                    [altura] => 0.30
                    [comprimento] => 0.70
                    [volumes] => 1
                )

            [1] => Array
                (
                    [largura] => 0.70
                    [altura] => 0.25
                    [comprimento] => 0.60
                    [volumes] => 1
                )

        )

    [volumes] => 2
)

04-26-2022 @ 11:09:01 - Braspress Braspress - Rodoviário resposta 200: {"id":165055639,"prazo":4,"totalFrete":262.22}
04-26-2022 @ 11:15:50 - Braspress Braspress - Rodoviário envio: Array
(
    [cnpjRemetente] => 27399462000180
    [cnpjDestinatario] => 09021673835
    [modal] => R
    [tipoFrete] => 1
    [cepOrigem] => 96412830
    [cepDestino] => 04532082
    [vlrMercadoria] => 3679.00
    [peso] => 15.00
    [cubagem] => Array
        (
            [0] => Array
                (
                    [largura] => 0.70
                    [altura] => 0.30
                    [comprimento] => 0.70
                    [volumes] => 1
                )

        )

    [volumes] => 1
)

04-26-2022 @ 11:15:50 - Braspress Braspress - Rodoviário resposta 200: {"id":165057153,"prazo":4,"totalFrete":186.51}
04-26-2022 @ 11:17:11 - Braspress Braspress - Rodoviário envio: Array
(
    [cnpjRemetente] => 27399462000180
    [cnpjDestinatario] => 09021673835
    [modal] => R
    [tipoFrete] => 1
    [cepOrigem] => 96412830
    [cepDestino] => 04532082
    [vlrMercadoria] => 6828.00
    [peso] => 28.00
    [cubagem] => Array
        (
            [0] => Array
                (
                    [largura] => 0.70
                    [altura] => 0.30
                    [comprimento] => 0.70
                    [volumes] => 1
                )

            [1] => Array
                (
                    [largura] => 0.70
                    [altura] => 0.25
                    [comprimento] => 0.60
                    [volumes] => 1
                )

        )

    [volumes] => 2
)

04-26-2022 @ 11:17:11 - Braspress Braspress - Rodoviário resposta 200: {"id":165057462,"prazo":4,"totalFrete":268.62}
04-26-2022 @ 12:04:10 - Braspress Braspress - Rodoviário envio: Array
(
    [cnpjRemetente] => 27399462000180
    [cnpjDestinatario] => 11111111111111
    [modal] => R
    [tipoFrete] => 1
    [cepOrigem] => 96412830
    [cepDestino] => 88811190
    [vlrMercadoria] => 249.00
    [peso] => 2.00
    [cubagem] => Array
        (
            [0] => Array
                (
                    [largura] => 0.40
                    [altura] => 0.08
                    [comprimento] => 0.40
                    [volumes] => 1
                )

        )

    [volumes] => 1
)

04-26-2022 @ 12:04:10 - Braspress Braspress - Rodoviário resposta 200: {"id":165067376,"prazo":4,"totalFrete":47.94}
04-26-2022 @ 13:28:25 - Braspress Braspress - Rodoviário envio: Array
(
    [cnpjRemetente] => 27399462000180
    [cnpjDestinatario] => 11111111111111
    [modal] => R
    [tipoFrete] => 1
    [cepOrigem] => 96412830
    [cepDestino] => 09751030
    [vlrMercadoria] => 429.00
    [peso] => 10.00
    [cubagem] => Array
        (
            [0] => Array
                (
                    [largura] => 0.70
                    [altura] => 0.42
                    [comprimento] => 0.70
                    [volumes] => 1
                )

        )

    [volumes] => 1
)

04-26-2022 @ 13:28:25 - Braspress Braspress - Rodoviário resposta 200: {"id":165080122,"prazo":5,"totalFrete":172.35}
04-26-2022 @ 13:37:39 - Braspress Braspress - Rodoviário envio: Array
(
    [cnpjRemetente] => 27399462000180
    [cnpjDestinatario] => 11111111111111
    [modal] => R
    [tipoFrete] => 1
    [cepOrigem] => 96412830
    [cepDestino] => 89620000
    [vlrMercadoria] => 109.00
    [peso] => 0.40
    [cubagem] => Array
        (
            [0] => Array
                (
                    [largura] => 0.23
                    [altura] => 0.10
                    [comprimento] => 0.30
                    [volumes] => 1
                )

        )

    [volumes] => 1
)

04-26-2022 @ 13:37:39 - Braspress Braspress - Rodoviário resposta 200: {"id":165081981,"prazo":4,"totalFrete":49.29}
04-26-2022 @ 13:45:55 - Braspress Braspress - Rodoviário envio: Array
(
    [cnpjRemetente] => 27399462000180
    [cnpjDestinatario] => 11111111111111
    [modal] => R
    [tipoFrete] => 1
    [cepOrigem] => 96412830
    [cepDestino] => 97800000
    [vlrMercadoria] => 109.00
    [peso] => 0.40
    [cubagem] => Array
        (
            [0] => Array
                (
                    [largura] => 0.23
                    [altura] => 0.10
                    [comprimento] => 0.30
                    [volumes] => 1
                )

        )

    [volumes] => 1
)

04-26-2022 @ 13:45:55 - Braspress Braspress - Rodoviário resposta 200: {"id":165083553,"prazo":6,"totalFrete":38.36}
04-26-2022 @ 13:51:37 - Braspress Braspress - Rodoviário envio: Array
(
    [cnpjRemetente] => 27399462000180
    [cnpjDestinatario] => 11111111111111
    [modal] => R
    [tipoFrete] => 1
    [cepOrigem] => 96412830
    [cepDestino] => 04789060
    [vlrMercadoria] => 109.00
    [peso] => 0.40
    [cubagem] => Array
        (
            [0] => Array
                (
                    [largura] => 0.23
                    [altura] => 0.10
                    [comprimento] => 0.30
                    [volumes] => 1
                )

        )

    [volumes] => 1
)

04-26-2022 @ 13:51:37 - Braspress Braspress - Rodoviário resposta 200: {"id":165084870,"prazo":4,"totalFrete":104.4}
04-26-2022 @ 14:09:31 - Braspress Braspress - Rodoviário envio: Array
(
    [cnpjRemetente] => 27399462000180
    [cnpjDestinatario] => 11111111111111
    [modal] => R
    [tipoFrete] => 1
    [cepOrigem] => 96412830
    [cepDestino] => 14022038
    [vlrMercadoria] => 399.00
    [peso] => 2.00
    [cubagem] => Array
        (
            [0] => Array
                (
                    [largura] => 0.40
                    [altura] => 0.10
                    [comprimento] => 0.30
                    [volumes] => 1
                )

        )

    [volumes] => 1
)

04-26-2022 @ 14:09:31 - Braspress Braspress - Rodoviário resposta 200: {"id":165088867,"prazo":4,"totalFrete":86.99}
04-26-2022 @ 14:29:25 - Braspress Braspress - Rodoviário envio: Array
(
    [cnpjRemetente] => 27399462000180
    [cnpjDestinatario] => 11111111111111
    [modal] => R
    [tipoFrete] => 1
    [cepOrigem] => 96412830
    [cepDestino] => 96640000
    [vlrMercadoria] => 759.00
    [peso] => 4.50
    [cubagem] => Array
        (
            [0] => Array
                (
                    [largura] => 0.35
                    [altura] => 0.10
                    [comprimento] => 0.40
                    [volumes] => 1
                )

        )

    [volumes] => 1
)

04-26-2022 @ 14:29:25 - Braspress Braspress - Rodoviário resposta 200: {"id":165093622,"prazo":3,"totalFrete":40.68}
04-26-2022 @ 14:33:16 - Braspress Braspress - Rodoviário envio: Array
(
    [cnpjRemetente] => 27399462000180
    [cnpjDestinatario] => 11111111111111
    [modal] => R
    [tipoFrete] => 1
    [cepOrigem] => 96412830
    [cepDestino] => 96640000
    [vlrMercadoria] => 759.00
    [peso] => 4.50
    [cubagem] => Array
        (
            [0] => Array
                (
                    [largura] => 0.35
                    [altura] => 0.10
                    [comprimento] => 0.40
                    [volumes] => 1
                )

        )

    [volumes] => 1
)

04-26-2022 @ 14:33:16 - Braspress Braspress - Rodoviário resposta 200: {"id":165094837,"prazo":3,"totalFrete":40.68}
04-26-2022 @ 14:33:52 - Braspress Braspress - Rodoviário envio: Array
(
    [cnpjRemetente] => 27399462000180
    [cnpjDestinatario] => 11111111111111
    [modal] => R
    [tipoFrete] => 1
    [cepOrigem] => 96412830
    [cepDestino] => 89172000
    [vlrMercadoria] => 1539.00
    [peso] => 13.00
    [cubagem] => Array
        (
            [0] => Array
                (
                    [largura] => 0.65
                    [altura] => 0.15
                    [comprimento] => 0.60
                    [volumes] => 1
                )

        )

    [volumes] => 1
)

04-26-2022 @ 14:33:52 - Braspress Braspress - Rodoviário resposta 200: {"id":165095006,"prazo":4,"totalFrete":64.61}
04-26-2022 @ 14:44:37 - Braspress Braspress - Rodoviário envio: Array
(
    [cnpjRemetente] => 27399462000180
    [cnpjDestinatario] => 11111111111111
    [modal] => R
    [tipoFrete] => 1
    [cepOrigem] => 96412830
    [cepDestino] => 90470170
    [vlrMercadoria] => 109.00
    [peso] => 0.40
    [cubagem] => Array
        (
            [0] => Array
                (
                    [largura] => 0.23
                    [altura] => 0.10
                    [comprimento] => 0.30
                    [volumes] => 1
                )

        )

    [volumes] => 1
)

04-26-2022 @ 14:44:37 - Braspress Braspress - Rodoviário resposta 200: {"id":165097796,"prazo":1,"totalFrete":33.69}
04-26-2022 @ 15:03:42 - Braspress Braspress - Rodoviário envio: Array
(
    [cnpjRemetente] => 27399462000180
    [cnpjDestinatario] => 11111111111111
    [modal] => R
    [tipoFrete] => 1
    [cepOrigem] => 96412830
    [cepDestino] => 81720300
    [vlrMercadoria] => 1989.00
    [peso] => 13.00
    [cubagem] => Array
        (
            [0] => Array
                (
                    [largura] => 0.65
                    [altura] => 0.15
                    [comprimento] => 0.60
                    [volumes] => 1
                )

        )

    [volumes] => 1
)

04-26-2022 @ 15:03:42 - Braspress Braspress - Rodoviário resposta 200: {"id":165102480,"prazo":3,"totalFrete":90.04}
04-26-2022 @ 15:45:09 - Braspress Braspress - Rodoviário envio: Array
(
    [cnpjRemetente] => 27399462000180
    [cnpjDestinatario] => 11111111111111
    [modal] => R
    [tipoFrete] => 1
    [cepOrigem] => 96412830
    [cepDestino] => 37545000
    [vlrMercadoria] => 218.00
    [peso] => 0.80
    [cubagem] => Array
        (
            [0] => Array
                (
                    [largura] => 0.23
                    [altura] => 0.10
                    [comprimento] => 0.30
                    [volumes] => 2
                )

        )

    [volumes] => 2
)

04-26-2022 @ 15:45:09 - Braspress Braspress - Rodoviário resposta 200: {"id":165112231,"prazo":6,"totalFrete":61.29}
04-26-2022 @ 15:50:36 - Braspress Braspress - Rodoviário envio: Array
(
    [cnpjRemetente] => 27399462000180
    [cnpjDestinatario] => 11111111111111
    [modal] => R
    [tipoFrete] => 1
    [cepOrigem] => 96412830
    [cepDestino] => 36640000
    [vlrMercadoria] => 1329.00
    [peso] => 8.00
    [cubagem] => Array
        (
            [0] => Array
                (
                    [largura] => 0.50
                    [altura] => 0.15
                    [comprimento] => 0.60
                    [volumes] => 1
                )

        )

    [volumes] => 1
)

04-26-2022 @ 15:50:36 - Braspress Braspress - Rodoviário resposta 200: {"id":165113542,"prazo":8,"totalFrete":82.05}
04-26-2022 @ 15:52:52 - Braspress Braspress - Rodoviário envio: Array
(
    [cnpjRemetente] => 27399462000180
    [cnpjDestinatario] => 11111111111111
    [modal] => R
    [tipoFrete] => 1
    [cepOrigem] => 96412830
    [cepDestino] => 36640000
    [vlrMercadoria] => 1329.00
    [peso] => 8.00
    [cubagem] => Array
        (
            [0] => Array
                (
                    [largura] => 0.50
                    [altura] => 0.15
                    [comprimento] => 0.60
                    [volumes] => 1
                )

        )

    [volumes] => 1
)

04-26-2022 @ 15:52:52 - Braspress Braspress - Rodoviário resposta 200: {"id":165114068,"prazo":8,"totalFrete":82.05}
04-26-2022 @ 16:08:21 - Braspress Braspress - Rodoviário envio: Array
(
    [cnpjRemetente] => 27399462000180
    [cnpjDestinatario] => 11111111111111
    [modal] => R
    [tipoFrete] => 1
    [cepOrigem] => 96412830
    [cepDestino] => 24344574
    [vlrMercadoria] => 1329.00
    [peso] => 8.00
    [cubagem] => Array
        (
            [0] => Array
                (
                    [largura] => 0.50
                    [altura] => 0.15
                    [comprimento] => 0.60
                    [volumes] => 1
                )

        )

    [volumes] => 1
)

04-26-2022 @ 16:08:21 - Braspress Braspress - Rodoviário resposta 200: {"id":165117902,"prazo":4,"totalFrete":119.04}
04-26-2022 @ 16:27:20 - Braspress Braspress - Rodoviário envio: Array
(
    [cnpjRemetente] => 27399462000180
    [cnpjDestinatario] => 11111111111111
    [modal] => R
    [tipoFrete] => 1
    [cepOrigem] => 96412830
    [cepDestino] => 78556542
    [vlrMercadoria] => 619.00
    [peso] => 9.00
    [cubagem] => Array
        (
            [0] => Array
                (
                    [largura] => 0.68
                    [altura] => 0.20
                    [comprimento] => 0.40
                    [volumes] => 1
                )

        )

    [volumes] => 1
)

04-26-2022 @ 16:27:20 - Braspress Braspress - Rodoviário resposta 200: {"id":165122517,"prazo":8,"totalFrete":146.58}
04-26-2022 @ 16:30:38 - Braspress Braspress - Rodoviário envio: Array
(
    [cnpjRemetente] => 27399462000180
    [cnpjDestinatario] => 11111111111111
    [modal] => R
    [tipoFrete] => 1
    [cepOrigem] => 96412830
    [cepDestino] => 02469110
    [vlrMercadoria] => 109.00
    [peso] => 0.40
    [cubagem] => Array
        (
            [0] => Array
                (
                    [largura] => 0.23
                    [altura] => 0.10
                    [comprimento] => 0.30
                    [volumes] => 1
                )

        )

    [volumes] => 1
)

04-26-2022 @ 16:30:38 - Braspress Braspress - Rodoviário resposta 200: {"id":165123255,"prazo":4,"totalFrete":104.4}
04-26-2022 @ 16:33:46 - Braspress Braspress - Rodoviário envio: Array
(
    [cnpjRemetente] => 27399462000180
    [cnpjDestinatario] => 11111111111111
    [modal] => R
    [tipoFrete] => 1
    [cepOrigem] => 96412830
    [cepDestino] => 29101011
    [vlrMercadoria] => 2319.00
    [peso] => 15.00
    [cubagem] => Array
        (
            [0] => Array
                (
                    [largura] => 0.70
                    [altura] => 0.18
                    [comprimento] => 0.65
                    [volumes] => 1
                )

        )

    [volumes] => 1
)

04-26-2022 @ 16:33:46 - Braspress Braspress - Rodoviário resposta 200: {"id":165123920,"prazo":5,"totalFrete":114.85}
04-26-2022 @ 16:56:15 - Braspress Braspress - Rodoviário envio: Array
(
    [cnpjRemetente] => 27399462000180
    [cnpjDestinatario] => 11111111111111
    [modal] => R
    [tipoFrete] => 1
    [cepOrigem] => 96412830
    [cepDestino] => 89040320
    [vlrMercadoria] => 2179.00
    [peso] => 13.00
    [cubagem] => Array
        (
            [0] => Array
                (
                    [largura] => 0.70
                    [altura] => 0.25
                    [comprimento] => 0.60
                    [volumes] => 1
                )

        )

    [volumes] => 1
)

04-26-2022 @ 16:56:15 - Braspress Braspress - Rodoviário resposta 200: {"id":165128733,"prazo":4,"totalFrete":105.99}
04-26-2022 @ 17:25:26 - Braspress Braspress - Rodoviário envio: Array
(
    [cnpjRemetente] => 27399462000180
    [cnpjDestinatario] => 11111111111111
    [modal] => R
    [tipoFrete] => 1
    [cepOrigem] => 96412830
    [cepDestino] => 76450000
    [vlrMercadoria] => 2224.00
    [peso] => 31.50
    [cubagem] => Array
        (
            [0] => Array
                (
                    [largura] => 0.40
                    [altura] => 0.15
                    [comprimento] => 0.40
                    [volumes] => 2
                )

            [1] => Array
                (
                    [largura] => 0.55
                    [altura] => 0.20
                    [comprimento] => 0.80
                    [volumes] => 1
                )

            [2] => Array
                (
                    [largura] => 0.70
                    [altura] => 0.42
                    [comprimento] => 0.70
                    [volumes] => 1
                )

            [3] => Array
                (
                    [largura] => 0.37
                    [altura] => 0.70
                    [comprimento] => 0.42
                    [volumes] => 1
                )

            [4] => Array
                (
                    [largura] => 0.40
                    [altura] => 0.10
                    [comprimento] => 0.40
                    [volumes] => 1
                )

        )

    [volumes] => 6
)

04-26-2022 @ 17:25:26 - Braspress Braspress - Rodoviário resposta 200: {"id":165134441,"prazo":9,"totalFrete":307.0}
04-26-2022 @ 17:25:31 - Braspress Braspress - Rodoviário envio: Array
(
    [cnpjRemetente] => 27399462000180
    [cnpjDestinatario] => 11111111111111
    [modal] => R
    [tipoFrete] => 1
    [cepOrigem] => 96412830
    [cepDestino] => 76450000
    [vlrMercadoria] => 2224.00
    [peso] => 31.50
    [cubagem] => Array
        (
            [0] => Array
                (
                    [largura] => 0.40
                    [altura] => 0.15
                    [comprimento] => 0.40
                    [volumes] => 2
                )

            [1] => Array
                (
                    [largura] => 0.55
                    [altura] => 0.20
                    [comprimento] => 0.80
                    [volumes] => 1
                )

            [2] => Array
                (
                    [largura] => 0.70
                    [altura] => 0.42
                    [comprimento] => 0.70
                    [volumes] => 1
                )

            [3] => Array
                (
                    [largura] => 0.37
                    [altura] => 0.70
                    [comprimento] => 0.42
                    [volumes] => 1
                )

            [4] => Array
                (
                    [largura] => 0.40
                    [altura] => 0.10
                    [comprimento] => 0.40
                    [volumes] => 1
                )

        )

    [volumes] => 6
)

04-26-2022 @ 17:25:31 - Braspress Braspress - Rodoviário resposta 200: {"id":165134461,"prazo":9,"totalFrete":307.0}
04-26-2022 @ 18:09:33 - Braspress Braspress - Rodoviário envio: Array
(
    [cnpjRemetente] => 27399462000180
    [cnpjDestinatario] => 11111111111111
    [modal] => R
    [tipoFrete] => 1
    [cepOrigem] => 96412830
    [cepDestino] => 13603070
    [vlrMercadoria] => 299.00
    [peso] => 3.00
    [cubagem] => Array
        (
            [0] => Array
                (
                    [largura] => 0.30
                    [altura] => 0.15
                    [comprimento] => 0.40
                    [volumes] => 1
                )

        )

    [volumes] => 1
)

04-26-2022 @ 18:09:33 - Braspress Braspress - Rodoviário resposta 200: {"id":165140772,"prazo":4,"totalFrete":59.78}
04-26-2022 @ 18:35:04 - Braspress Braspress - Rodoviário envio: Array
(
    [cnpjRemetente] => 27399462000180
    [cnpjDestinatario] => 11111111111111
    [modal] => R
    [tipoFrete] => 1
    [cepOrigem] => 96412830
    [cepDestino] => 14403853
    [vlrMercadoria] => 2619.00
    [peso] => 12.00
    [cubagem] => Array
        (
            [0] => Array
                (
                    [largura] => 0.60
                    [altura] => 0.15
                    [comprimento] => 0.60
                    [volumes] => 1
                )

        )

    [volumes] => 1
)

04-26-2022 @ 18:35:04 - Braspress Braspress - Rodoviário resposta 200: {"id":165143452,"prazo":4,"totalFrete":82.89}
04-26-2022 @ 19:11:41 - Braspress Braspress - Rodoviário envio: Array
(
    [cnpjRemetente] => 27399462000180
    [cnpjDestinatario] => 11111111111111
    [modal] => R
    [tipoFrete] => 1
    [cepOrigem] => 96412830
    [cepDestino] => 96503250
    [vlrMercadoria] => 659.00
    [peso] => 5.00
    [cubagem] => Array
        (
            [0] => Array
                (
                    [largura] => 0.40
                    [altura] => 0.15
                    [comprimento] => 0.50
                    [volumes] => 1
                )

        )

    [volumes] => 1
)

04-26-2022 @ 19:11:41 - Braspress Braspress - Rodoviário resposta 200: {"id":165146980,"prazo":3,"totalFrete":40.32}
04-26-2022 @ 20:16:40 - Braspress Braspress - Rodoviário envio: Array
(
    [cnpjRemetente] => 27399462000180
    [cnpjDestinatario] => 11111111111111
    [modal] => R
    [tipoFrete] => 1
    [cepOrigem] => 96412830
    [cepDestino] => 08655735
    [vlrMercadoria] => 279.00
    [peso] => 2.50
    [cubagem] => Array
        (
            [0] => Array
                (
                    [largura] => 0.32
                    [altura] => 0.08
                    [comprimento] => 0.32
                    [volumes] => 1
                )

        )

    [volumes] => 1
)

04-26-2022 @ 20:16:40 - Braspress Braspress - Rodoviário resposta 200: {"id":165153239,"prazo":5,"totalFrete":105.87}
