05-19-2022 @ 21:00:47 - Braspress Braspress - Rodoviário envio: Array
(
    [cnpjRemetente] => 27399462000180
    [cnpjDestinatario] => 11111111111111
    [modal] => R
    [tipoFrete] => 1
    [cepOrigem] => 96412830
    [cepDestino] => 09424270
    [vlrMercadoria] => 109.00
    [peso] => 0.40
    [cubagem] => Array
        (
            [0] => Array
                (
                    [largura] => 0.23
                    [altura] => 0.10
                    [comprimento] => 0.30
                    [volumes] => 1
                )

        )

    [volumes] => 1
)

05-19-2022 @ 21:00:47 - Braspress Braspress - Rodoviário resposta 200: {"id":168699256,"prazo":5,"totalFrete":104.4}
05-19-2022 @ 21:11:00 - Braspress Braspress - Rodoviário envio: Array
(
    [cnpjRemetente] => 27399462000180
    [cnpjDestinatario] => 11111111111111
    [modal] => R
    [tipoFrete] => 1
    [cepOrigem] => 96412830
    [cepDestino] => 89814006
    [vlrMercadoria] => 479.00
    [peso] => 3.50
    [cubagem] => Array
        (
            [0] => Array
                (
                    [largura] => 0.40
                    [altura] => 0.10
                    [comprimento] => 0.40
                    [volumes] => 1
                )

        )

    [volumes] => 1
)

05-19-2022 @ 21:11:00 - Braspress Braspress - Rodoviário resposta 200: {"id":168700429,"prazo":3,"totalFrete":77.94}
05-19-2022 @ 21:15:39 - Braspress Braspress - Rodoviário envio: Array
(
    [cnpjRemetente] => 27399462000180
    [cnpjDestinatario] => 11111111111111
    [modal] => R
    [tipoFrete] => 1
    [cepOrigem] => 96412830
    [cepDestino] => 89814006
    [vlrMercadoria] => 479.00
    [peso] => 3.50
    [cubagem] => Array
        (
            [0] => Array
                (
                    [largura] => 0.40
                    [altura] => 0.10
                    [comprimento] => 0.40
                    [volumes] => 1
                )

        )

    [volumes] => 1
)

05-19-2022 @ 21:15:39 - Braspress Braspress - Rodoviário resposta 200: {"id":168700918,"prazo":3,"totalFrete":77.94}
05-19-2022 @ 21:20:58 - Braspress Braspress - Rodoviário envio: Array
(
    [cnpjRemetente] => 27399462000180
    [cnpjDestinatario] => 72291168649
    [modal] => R
    [tipoFrete] => 1
    [cepOrigem] => 96412830
    [cepDestino] => 31140490
    [vlrMercadoria] => 218.00
    [peso] => 0.80
    [cubagem] => Array
        (
            [0] => Array
                (
                    [largura] => 0.23
                    [altura] => 0.10
                    [comprimento] => 0.30
                    [volumes] => 1
                )

            [1] => Array
                (
                    [largura] => 0.23
                    [altura] => 0.10
                    [comprimento] => 0.30
                    [volumes] => 1
                )

        )

    [volumes] => 2
)

05-19-2022 @ 21:20:58 - Braspress Braspress - Rodoviário resposta 200: {"id":168701577,"prazo":4,"totalFrete":82.88}
05-19-2022 @ 21:53:35 - Braspress Braspress - Rodoviário envio: Array
(
    [cnpjRemetente] => 27399462000180
    [cnpjDestinatario] => 11111111111111
    [modal] => R
    [tipoFrete] => 1
    [cepOrigem] => 96412830
    [cepDestino] => 85812035
    [vlrMercadoria] => 1156.00
    [peso] => 5.00
    [cubagem] => Array
        (
            [0] => Array
                (
                    [largura] => 0.25
                    [altura] => 0.20
                    [comprimento] => 0.30
                    [volumes] => 1
                )

            [1] => Array
                (
                    [largura] => 0.30
                    [altura] => 0.20
                    [comprimento] => 0.30
                    [volumes] => 2
                )

            [2] => Array
                (
                    [largura] => 0.25
                    [altura] => 0.20
                    [comprimento] => 0.30
                    [volumes] => 1
                )

        )

    [volumes] => 4
)

05-19-2022 @ 21:53:35 - Braspress Braspress - Rodoviário resposta 200: {"id":168705245,"prazo":3,"totalFrete":104.04}
05-19-2022 @ 21:54:19 - Braspress Braspress - Rodoviário envio: Array
(
    [cnpjRemetente] => 27399462000180
    [cnpjDestinatario] => 11111111111111
    [modal] => R
    [tipoFrete] => 1
    [cepOrigem] => 96412830
    [cepDestino] => 89814006
    [vlrMercadoria] => 479.00
    [peso] => 3.50
    [cubagem] => Array
        (
            [0] => Array
                (
                    [largura] => 0.40
                    [altura] => 0.10
                    [comprimento] => 0.40
                    [volumes] => 1
                )

        )

    [volumes] => 1
)

05-19-2022 @ 21:54:19 - Braspress Braspress - Rodoviário resposta 200: {"id":168705317,"prazo":3,"totalFrete":77.94}
05-19-2022 @ 21:56:07 - Braspress Braspress - Rodoviário envio: Array
(
    [cnpjRemetente] => 27399462000180
    [cnpjDestinatario] => 11111111111111
    [modal] => R
    [tipoFrete] => 1
    [cepOrigem] => 96412830
    [cepDestino] => 89814006
    [vlrMercadoria] => 479.00
    [peso] => 3.50
    [cubagem] => Array
        (
            [0] => Array
                (
                    [largura] => 0.40
                    [altura] => 0.10
                    [comprimento] => 0.40
                    [volumes] => 1
                )

        )

    [volumes] => 1
)

05-19-2022 @ 21:56:07 - Braspress Braspress - Rodoviário resposta 200: {"id":168705537,"prazo":3,"totalFrete":77.94}
05-19-2022 @ 22:01:14 - Braspress Braspress - Rodoviário envio: Array
(
    [cnpjRemetente] => 27399462000180
    [cnpjDestinatario] => 11111111111111
    [modal] => R
    [tipoFrete] => 1
    [cepOrigem] => 96412830
    [cepDestino] => 89814006
    [vlrMercadoria] => 1218.00
    [peso] => 7.00
    [cubagem] => Array
        (
            [0] => Array
                (
                    [largura] => 0.40
                    [altura] => 0.10
                    [comprimento] => 0.40
                    [volumes] => 1
                )

            [1] => Array
                (
                    [largura] => 0.40
                    [altura] => 0.10
                    [comprimento] => 0.40
                    [volumes] => 1
                )

        )

    [volumes] => 2
)

05-19-2022 @ 22:01:14 - Braspress Braspress - Rodoviário resposta 200: {"id":168706128,"prazo":3,"totalFrete":89.71}
05-19-2022 @ 22:20:11 - Braspress Braspress - Rodoviário envio: Array
(
    [cnpjRemetente] => 27399462000180
    [cnpjDestinatario] => 11111111111111
    [modal] => R
    [tipoFrete] => 1
    [cepOrigem] => 96412830
    [cepDestino] => 30140060
    [vlrMercadoria] => 109.00
    [peso] => 0.40
    [cubagem] => Array
        (
            [0] => Array
                (
                    [largura] => 0.23
                    [altura] => 0.10
                    [comprimento] => 0.30
                    [volumes] => 1
                )

        )

    [volumes] => 1
)

05-19-2022 @ 22:20:11 - Braspress Braspress - Rodoviário resposta 200: {"id":168708070,"prazo":4,"totalFrete":82.21}
05-19-2022 @ 22:28:15 - Braspress Braspress - Rodoviário envio: Array
(
    [cnpjRemetente] => 27399462000180
    [cnpjDestinatario] => 11111111111111
    [modal] => R
    [tipoFrete] => 1
    [cepOrigem] => 96412830
    [cepDestino] => 30140060
    [vlrMercadoria] => 109.00
    [peso] => 0.40
    [cubagem] => Array
        (
            [0] => Array
                (
                    [largura] => 0.23
                    [altura] => 0.10
                    [comprimento] => 0.30
                    [volumes] => 1
                )

        )

    [volumes] => 1
)

05-19-2022 @ 22:28:15 - Braspress Braspress - Rodoviário resposta 200: {"id":168708846,"prazo":4,"totalFrete":82.21}
05-19-2022 @ 22:29:20 - Braspress Braspress - Rodoviário envio: Array
(
    [cnpjRemetente] => 27399462000180
    [cnpjDestinatario] => 11111111111111
    [modal] => R
    [tipoFrete] => 1
    [cepOrigem] => 96412830
    [cepDestino] => 89814006
    [vlrMercadoria] => 479.00
    [peso] => 3.50
    [cubagem] => Array
        (
            [0] => Array
                (
                    [largura] => 0.40
                    [altura] => 0.10
                    [comprimento] => 0.40
                    [volumes] => 1
                )

        )

    [volumes] => 1
)

05-19-2022 @ 22:29:20 - Braspress Braspress - Rodoviário resposta 200: {"id":168708933,"prazo":3,"totalFrete":77.94}
05-19-2022 @ 22:33:54 - Braspress Braspress - Rodoviário envio: Array
(
    [cnpjRemetente] => 27399462000180
    [cnpjDestinatario] => 11111111111111
    [modal] => R
    [tipoFrete] => 1
    [cepOrigem] => 96412830
    [cepDestino] => 30160011
    [vlrMercadoria] => 109.00
    [peso] => 0.40
    [cubagem] => Array
        (
            [0] => Array
                (
                    [largura] => 0.23
                    [altura] => 0.10
                    [comprimento] => 0.30
                    [volumes] => 1
                )

        )

    [volumes] => 1
)

05-19-2022 @ 22:33:54 - Braspress Braspress - Rodoviário resposta 200: {"id":168709380,"prazo":4,"totalFrete":82.21}
05-19-2022 @ 22:33:57 - Braspress Braspress - Rodoviário envio: Array
(
    [cnpjRemetente] => 27399462000180
    [cnpjDestinatario] => 11111111111111
    [modal] => R
    [tipoFrete] => 1
    [cepOrigem] => 96412830
    [cepDestino] => 30160011
    [vlrMercadoria] => 109.00
    [peso] => 0.40
    [cubagem] => Array
        (
            [0] => Array
                (
                    [largura] => 0.23
                    [altura] => 0.10
                    [comprimento] => 0.30
                    [volumes] => 1
                )

        )

    [volumes] => 1
)

05-19-2022 @ 22:33:57 - Braspress Braspress - Rodoviário resposta 200: {"id":168709388,"prazo":4,"totalFrete":82.21}
05-19-2022 @ 22:34:24 - Braspress Braspress - Rodoviário envio: Array
(
    [cnpjRemetente] => 27399462000180
    [cnpjDestinatario] => 95146253900
    [modal] => R
    [tipoFrete] => 1
    [cepOrigem] => 96412830
    [cepDestino] => 89814006
    [vlrMercadoria] => 479.00
    [peso] => 3.50
    [cubagem] => Array
        (
            [0] => Array
                (
                    [largura] => 0.40
                    [altura] => 0.10
                    [comprimento] => 0.40
                    [volumes] => 1
                )

        )

    [volumes] => 1
)

05-19-2022 @ 22:34:24 - Braspress Braspress - Rodoviário resposta 200: {"id":168709431,"prazo":3,"totalFrete":77.94}
05-19-2022 @ 22:34:29 - Braspress Braspress - Rodoviário envio: Array
(
    [cnpjRemetente] => 27399462000180
    [cnpjDestinatario] => 95146253900
    [modal] => R
    [tipoFrete] => 1
    [cepOrigem] => 96412830
    [cepDestino] => 89814006
    [vlrMercadoria] => 479.00
    [peso] => 3.50
    [cubagem] => Array
        (
            [0] => Array
                (
                    [largura] => 0.40
                    [altura] => 0.10
                    [comprimento] => 0.40
                    [volumes] => 1
                )

        )

    [volumes] => 1
)

05-19-2022 @ 22:34:29 - Braspress Braspress - Rodoviário resposta 200: {"id":168709441,"prazo":3,"totalFrete":77.94}
05-19-2022 @ 22:34:32 - Braspress Braspress - Rodoviário envio: Array
(
    [cnpjRemetente] => 27399462000180
    [cnpjDestinatario] => 70674658698
    [modal] => R
    [tipoFrete] => 1
    [cepOrigem] => 96412830
    [cepDestino] => 30140060
    [vlrMercadoria] => 109.00
    [peso] => 0.40
    [cubagem] => Array
        (
            [0] => Array
                (
                    [largura] => 0.23
                    [altura] => 0.10
                    [comprimento] => 0.30
                    [volumes] => 1
                )

        )

    [volumes] => 1
)

05-19-2022 @ 22:34:32 - Braspress Braspress - Rodoviário resposta 200: {"id":168709447,"prazo":4,"totalFrete":82.21}
05-19-2022 @ 22:34:34 - Braspress Braspress - Rodoviário envio: Array
(
    [cnpjRemetente] => 27399462000180
    [cnpjDestinatario] => 70674658698
    [modal] => R
    [tipoFrete] => 1
    [cepOrigem] => 96412830
    [cepDestino] => 30140060
    [vlrMercadoria] => 109.00
    [peso] => 0.40
    [cubagem] => Array
        (
            [0] => Array
                (
                    [largura] => 0.23
                    [altura] => 0.10
                    [comprimento] => 0.30
                    [volumes] => 1
                )

        )

    [volumes] => 1
)

05-19-2022 @ 22:34:34 - Braspress Braspress - Rodoviário resposta 200: {"id":168709454,"prazo":4,"totalFrete":82.21}
05-19-2022 @ 22:55:14 - Braspress Braspress - Rodoviário envio: Array
(
    [cnpjRemetente] => 27399462000180
    [cnpjDestinatario] => 11111111111111
    [modal] => R
    [tipoFrete] => 1
    [cepOrigem] => 96412830
    [cepDestino] => 13140540
    [vlrMercadoria] => 779.00
    [peso] => 3.50
    [cubagem] => Array
        (
            [0] => Array
                (
                    [largura] => 0.40
                    [altura] => 0.10
                    [comprimento] => 0.40
                    [volumes] => 1
                )

        )

    [volumes] => 1
)

05-19-2022 @ 22:55:14 - Braspress Braspress - Rodoviário resposta 200: {"id":168711413,"prazo":3,"totalFrete":63.01}
05-19-2022 @ 23:41:00 - Braspress Braspress - Rodoviário envio: Array
(
    [cnpjRemetente] => 27399462000180
    [cnpjDestinatario] => 11111111111111
    [modal] => R
    [tipoFrete] => 1
    [cepOrigem] => 96412830
    [cepDestino] => 13480357
    [vlrMercadoria] => 1329.00
    [peso] => 8.00
    [cubagem] => Array
        (
            [0] => Array
                (
                    [largura] => 0.50
                    [altura] => 0.15
                    [comprimento] => 0.60
                    [volumes] => 1
                )

        )

    [volumes] => 1
)

05-19-2022 @ 23:41:00 - Braspress Braspress - Rodoviário resposta 200: {"id":168715115,"prazo":4,"totalFrete":106.03}
05-19-2022 @ 23:47:14 - Braspress Braspress - Rodoviário envio: Array
(
    [cnpjRemetente] => 27399462000180
    [cnpjDestinatario] => 11111111111111
    [modal] => R
    [tipoFrete] => 1
    [cepOrigem] => 96412830
    [cepDestino] => 99470000
    [vlrMercadoria] => 599.00
    [peso] => 3.00
    [cubagem] => Array
        (
            [0] => Array
                (
                    [largura] => 0.40
                    [altura] => 0.10
                    [comprimento] => 0.40
                    [volumes] => 1
                )

        )

    [volumes] => 1
)

05-19-2022 @ 23:47:14 - Braspress Braspress - Rodoviário resposta 200: {"id":168715515,"prazo":2,"totalFrete":40.11}
05-20-2022 @ 03:42:24 - Braspress Braspress - Rodoviário envio: Array
(
    [cnpjRemetente] => 27399462000180
    [cnpjDestinatario] => 11111111111111
    [modal] => R
    [tipoFrete] => 1
    [cepOrigem] => 96412830
    [cepDestino] => 36036445
    [vlrMercadoria] => 349.00
    [peso] => 4.00
    [cubagem] => Array
        (
            [0] => Array
                (
                    [largura] => 0.35
                    [altura] => 0.25
                    [comprimento] => 0.40
                    [volumes] => 1
                )

        )

    [volumes] => 1
)

05-20-2022 @ 03:42:24 - Braspress Braspress - Rodoviário resposta 200: {"id":168723364,"prazo":5,"totalFrete":98.71}
05-20-2022 @ 05:50:37 - Braspress Braspress - Rodoviário envio: Array
(
    [cnpjRemetente] => 27399462000180
    [cnpjDestinatario] => 11111111111111
    [modal] => R
    [tipoFrete] => 1
    [cepOrigem] => 96412830
    [cepDestino] => 39705000
    [vlrMercadoria] => 299.00
    [peso] => 10.00
    [cubagem] => Array
        (
            [0] => Array
                (
                    [largura] => 0.40
                    [altura] => 0.40
                    [comprimento] => 0.40
                    [volumes] => 1
                )

        )

    [volumes] => 1
)

05-20-2022 @ 05:50:37 - Braspress Braspress - Rodoviário resposta 200: {"id":168724748,"prazo":10,"totalFrete":75.15}
05-20-2022 @ 05:55:00 - Braspress Braspress - Rodoviário envio: Array
(
    [cnpjRemetente] => 27399462000180
    [cnpjDestinatario] => 10121434656
    [modal] => R
    [tipoFrete] => 1
    [cepOrigem] => 96412830
    [cepDestino] => 39705000
    [vlrMercadoria] => 1067.00
    [peso] => 23.50
    [cubagem] => Array
        (
            [0] => Array
                (
                    [largura] => 0.40
                    [altura] => 0.40
                    [comprimento] => 0.40
                    [volumes] => 1
                )

            [1] => Array
                (
                    [largura] => 0.45
                    [altura] => 0.45
                    [comprimento] => 0.45
                    [volumes] => 1
                )

            [2] => Array
                (
                    [largura] => 0.70
                    [altura] => 0.42
                    [comprimento] => 0.70
                    [volumes] => 1
                )

        )

    [volumes] => 3
)

05-20-2022 @ 05:55:00 - Braspress Braspress - Rodoviário resposta 200: {"id":168724801,"prazo":10,"totalFrete":199.6}
05-20-2022 @ 05:55:02 - Braspress Braspress - Rodoviário envio: Array
(
    [cnpjRemetente] => 27399462000180
    [cnpjDestinatario] => 10121434656
    [modal] => R
    [tipoFrete] => 1
    [cepOrigem] => 96412830
    [cepDestino] => 39705000
    [vlrMercadoria] => 1067.00
    [peso] => 23.50
    [cubagem] => Array
        (
            [0] => Array
                (
                    [largura] => 0.40
                    [altura] => 0.40
                    [comprimento] => 0.40
                    [volumes] => 1
                )

            [1] => Array
                (
                    [largura] => 0.45
                    [altura] => 0.45
                    [comprimento] => 0.45
                    [volumes] => 1
                )

            [2] => Array
                (
                    [largura] => 0.70
                    [altura] => 0.42
                    [comprimento] => 0.70
                    [volumes] => 1
                )

        )

    [volumes] => 3
)

05-20-2022 @ 05:55:02 - Braspress Braspress - Rodoviário resposta 200: {"id":168724803,"prazo":10,"totalFrete":199.6}
05-20-2022 @ 07:07:33 - Braspress Braspress - Rodoviário envio: Array
(
    [cnpjRemetente] => 27399462000180
    [cnpjDestinatario] => 11111111111111
    [modal] => R
    [tipoFrete] => 1
    [cepOrigem] => 96412830
    [cepDestino] => 26255341
    [vlrMercadoria] => 629.00
    [peso] => 4.50
    [cubagem] => Array
        (
            [0] => Array
                (
                    [largura] => 0.35
                    [altura] => 0.10
                    [comprimento] => 0.40
                    [volumes] => 1
                )

        )

    [volumes] => 1
)

05-20-2022 @ 07:07:33 - Braspress Braspress - Rodoviário resposta 200: {"id":168726580,"prazo":4,"totalFrete":102.92}
05-20-2022 @ 08:52:45 - Braspress Braspress - Rodoviário envio: Array
(
    [cnpjRemetente] => 27399462000180
    [cnpjDestinatario] => 11111111111111
    [modal] => R
    [tipoFrete] => 1
    [cepOrigem] => 96412830
    [cepDestino] => 04340090
    [vlrMercadoria] => 619.00
    [peso] => 5.00
    [cubagem] => Array
        (
            [0] => Array
                (
                    [largura] => 0.40
                    [altura] => 0.12
                    [comprimento] => 0.50
                    [volumes] => 1
                )

        )

    [volumes] => 1
)

05-20-2022 @ 08:52:45 - Braspress Braspress - Rodoviário resposta 200: {"id":168734609,"prazo":4,"totalFrete":108.83}
05-20-2022 @ 09:06:55 - Braspress Braspress - Rodoviário envio: Array
(
    [cnpjRemetente] => 27399462000180
    [cnpjDestinatario] => 11111111111111
    [modal] => R
    [tipoFrete] => 1
    [cepOrigem] => 96412830
    [cepDestino] => 18540632
    [vlrMercadoria] => 399.00
    [peso] => 2.00
    [cubagem] => Array
        (
            [0] => Array
                (
                    [largura] => 0.40
                    [altura] => 0.10
                    [comprimento] => 0.30
                    [volumes] => 1
                )

        )

    [volumes] => 1
)

05-20-2022 @ 09:06:55 - Braspress Braspress - Rodoviário resposta 400: {"statusCode":500,"message":"Service Error","dateTime":"20/05/2022 09:06:33","errorList":["Erro ao realizar a cotação de frete: VERIFICANDO CEP DESTINO"]}
05-20-2022 @ 09:06:55 - Braspress Braspress - Rodoviário erro: Array
(
    [statusCode] => 500
    [message] => Service Error
    [dateTime] => 20/05/2022 09:06:33
    [errorList] => Array
        (
            [0] => Erro ao realizar a cotação de frete: VERIFICANDO CEP DESTINO
        )

    [ambiente] => https://api.braspress.com/v1/cotacao/calcular/json
)

05-20-2022 @ 09:13:55 - Braspress Braspress - Rodoviário envio: Array
(
    [cnpjRemetente] => 27399462000180
    [cnpjDestinatario] => 12461883840
    [modal] => R
    [tipoFrete] => 1
    [cepOrigem] => 96412830
    [cepDestino] => 18540632
    [vlrMercadoria] => 638.00
    [peso] => 5.00
    [cubagem] => Array
        (
            [0] => Array
                (
                    [largura] => 0.40
                    [altura] => 0.10
                    [comprimento] => 0.30
                    [volumes] => 1
                )

            [1] => Array
                (
                    [largura] => 0.35
                    [altura] => 0.33
                    [comprimento] => 0.35
                    [volumes] => 1
                )

        )

    [volumes] => 2
)

05-20-2022 @ 09:13:55 - Braspress Braspress - Rodoviário resposta 400: {"statusCode":500,"message":"Service Error","dateTime":"20/05/2022 09:13:52","errorList":["Erro ao realizar a cotação de frete: VERIFICANDO CEP DESTINO"]}
05-20-2022 @ 09:13:55 - Braspress Braspress - Rodoviário erro: Array
(
    [statusCode] => 500
    [message] => Service Error
    [dateTime] => 20/05/2022 09:13:52
    [errorList] => Array
        (
            [0] => Erro ao realizar a cotação de frete: VERIFICANDO CEP DESTINO
        )

    [ambiente] => https://api.braspress.com/v1/cotacao/calcular/json
)

05-20-2022 @ 09:15:15 - Braspress Braspress - Rodoviário envio: Array
(
    [cnpjRemetente] => 27399462000180
    [cnpjDestinatario] => 11111111111111
    [modal] => R
    [tipoFrete] => 1
    [cepOrigem] => 96412830
    [cepDestino] => 18540632
    [vlrMercadoria] => 399.00
    [peso] => 2.00
    [cubagem] => Array
        (
            [0] => Array
                (
                    [largura] => 0.40
                    [altura] => 0.10
                    [comprimento] => 0.30
                    [volumes] => 1
                )

        )

    [volumes] => 1
)

05-20-2022 @ 09:15:15 - Braspress Braspress - Rodoviário resposta 400: {"statusCode":500,"message":"Service Error","dateTime":"20/05/2022 09:14:57","errorList":["Erro ao realizar a cotação de frete: VERIFICANDO CEP DESTINO"]}
05-20-2022 @ 09:15:15 - Braspress Braspress - Rodoviário erro: Array
(
    [statusCode] => 500
    [message] => Service Error
    [dateTime] => 20/05/2022 09:14:57
    [errorList] => Array
        (
            [0] => Erro ao realizar a cotação de frete: VERIFICANDO CEP DESTINO
        )

    [ambiente] => https://api.braspress.com/v1/cotacao/calcular/json
)

05-20-2022 @ 09:15:24 - Braspress Braspress - Rodoviário envio: Array
(
    [cnpjRemetente] => 27399462000180
    [cnpjDestinatario] => 11111111111111
    [modal] => R
    [tipoFrete] => 1
    [cepOrigem] => 96412830
    [cepDestino] => 18540632
    [vlrMercadoria] => 399.00
    [peso] => 2.00
    [cubagem] => Array
        (
            [0] => Array
                (
                    [largura] => 0.40
                    [altura] => 0.10
                    [comprimento] => 0.30
                    [volumes] => 1
                )

        )

    [volumes] => 1
)

05-20-2022 @ 09:15:24 - Braspress Braspress - Rodoviário resposta 400: {"statusCode":500,"message":"Service Error","dateTime":"20/05/2022 09:15:16","errorList":["Erro ao realizar a cotação de frete: VERIFICANDO CEP DESTINO"]}
05-20-2022 @ 09:15:24 - Braspress Braspress - Rodoviário erro: Array
(
    [statusCode] => 500
    [message] => Service Error
    [dateTime] => 20/05/2022 09:15:16
    [errorList] => Array
        (
            [0] => Erro ao realizar a cotação de frete: VERIFICANDO CEP DESTINO
        )

    [ambiente] => https://api.braspress.com/v1/cotacao/calcular/json
)

05-20-2022 @ 09:41:49 - Braspress Braspress - Rodoviário envio: Array
(
    [cnpjRemetente] => 27399462000180
    [cnpjDestinatario] => 11111111111111
    [modal] => R
    [tipoFrete] => 1
    [cepOrigem] => 96412830
    [cepDestino] => 11850000
    [vlrMercadoria] => 218.00
    [peso] => 0.80
    [cubagem] => Array
        (
            [0] => Array
                (
                    [largura] => 0.23
                    [altura] => 0.10
                    [comprimento] => 0.30
                    [volumes] => 1
                )

            [1] => Array
                (
                    [largura] => 0.23
                    [altura] => 0.10
                    [comprimento] => 0.30
                    [volumes] => 1
                )

        )

    [volumes] => 2
)

05-20-2022 @ 09:41:49 - Braspress Braspress - Rodoviário resposta 200: {"id":168742238,"prazo":7,"totalFrete":59.24}
05-20-2022 @ 09:42:01 - Braspress Braspress - Rodoviário envio: Array
(
    [cnpjRemetente] => 27399462000180
    [cnpjDestinatario] => 11111111111111
    [modal] => R
    [tipoFrete] => 1
    [cepOrigem] => 96412830
    [cepDestino] => 18540632
    [vlrMercadoria] => 448.00
    [peso] => 3.00
    [cubagem] => Array
        (
            [0] => Array
                (
                    [largura] => 0.40
                    [altura] => 0.10
                    [comprimento] => 0.30
                    [volumes] => 1
                )

            [1] => Array
                (
                    [largura] => 0.25
                    [altura] => 0.05
                    [comprimento] => 0.30
                    [volumes] => 1
                )

        )

    [volumes] => 2
)

05-20-2022 @ 09:42:01 - Braspress Braspress - Rodoviário resposta 400: {"statusCode":500,"message":"Service Error","dateTime":"20/05/2022 09:41:51","errorList":["Erro ao realizar a cotação de frete: VERIFICANDO CEP DESTINO"]}
05-20-2022 @ 09:42:01 - Braspress Braspress - Rodoviário erro: Array
(
    [statusCode] => 500
    [message] => Service Error
    [dateTime] => 20/05/2022 09:41:51
    [errorList] => Array
        (
            [0] => Erro ao realizar a cotação de frete: VERIFICANDO CEP DESTINO
        )

    [ambiente] => https://api.braspress.com/v1/cotacao/calcular/json
)

05-20-2022 @ 09:42:10 - Braspress Braspress - Rodoviário envio: Array
(
    [cnpjRemetente] => 27399462000180
    [cnpjDestinatario] => 11111111111111
    [modal] => R
    [tipoFrete] => 1
    [cepOrigem] => 96412830
    [cepDestino] => 18540632
    [vlrMercadoria] => 448.00
    [peso] => 3.00
    [cubagem] => Array
        (
            [0] => Array
                (
                    [largura] => 0.40
                    [altura] => 0.10
                    [comprimento] => 0.30
                    [volumes] => 1
                )

            [1] => Array
                (
                    [largura] => 0.25
                    [altura] => 0.05
                    [comprimento] => 0.30
                    [volumes] => 1
                )

        )

    [volumes] => 2
)

05-20-2022 @ 09:42:10 - Braspress Braspress - Rodoviário resposta 400: {"statusCode":500,"message":"Service Error","dateTime":"20/05/2022 09:42:03","errorList":["Erro ao realizar a cotação de frete: VERIFICANDO CEP DESTINO"]}
05-20-2022 @ 09:42:10 - Braspress Braspress - Rodoviário erro: Array
(
    [statusCode] => 500
    [message] => Service Error
    [dateTime] => 20/05/2022 09:42:03
    [errorList] => Array
        (
            [0] => Erro ao realizar a cotação de frete: VERIFICANDO CEP DESTINO
        )

    [ambiente] => https://api.braspress.com/v1/cotacao/calcular/json
)

05-20-2022 @ 09:44:41 - Braspress Braspress - Rodoviário envio: Array
(
    [cnpjRemetente] => 27399462000180
    [cnpjDestinatario] => 11111111111111
    [modal] => R
    [tipoFrete] => 1
    [cepOrigem] => 96412830
    [cepDestino] => 18540632
    [vlrMercadoria] => 497.00
    [peso] => 4.00
    [cubagem] => Array
        (
            [0] => Array
                (
                    [largura] => 0.40
                    [altura] => 0.10
                    [comprimento] => 0.30
                    [volumes] => 1
                )

            [1] => Array
                (
                    [largura] => 0.25
                    [altura] => 0.05
                    [comprimento] => 0.30
                    [volumes] => 1
                )

            [2] => Array
                (
                    [largura] => 0.25
                    [altura] => 0.05
                    [comprimento] => 0.30
                    [volumes] => 1
                )

        )

    [volumes] => 3
)

05-20-2022 @ 09:44:41 - Braspress Braspress - Rodoviário resposta 400: {"statusCode":500,"message":"Service Error","dateTime":"20/05/2022 09:44:32","errorList":["Erro ao realizar a cotação de frete: VERIFICANDO CEP DESTINO"]}
05-20-2022 @ 09:44:41 - Braspress Braspress - Rodoviário erro: Array
(
    [statusCode] => 500
    [message] => Service Error
    [dateTime] => 20/05/2022 09:44:32
    [errorList] => Array
        (
            [0] => Erro ao realizar a cotação de frete: VERIFICANDO CEP DESTINO
        )

    [ambiente] => https://api.braspress.com/v1/cotacao/calcular/json
)

05-20-2022 @ 10:13:23 - Braspress Braspress - Rodoviário envio: Array
(
    [cnpjRemetente] => 27399462000180
    [cnpjDestinatario] => 11111111111111
    [modal] => R
    [tipoFrete] => 1
    [cepOrigem] => 96412830
    [cepDestino] => 85812035
    [vlrMercadoria] => 1156.00
    [peso] => 5.00
    [cubagem] => Array
        (
            [0] => Array
                (
                    [largura] => 0.25
                    [altura] => 0.20
                    [comprimento] => 0.30
                    [volumes] => 1
                )

            [1] => Array
                (
                    [largura] => 0.30
                    [altura] => 0.20
                    [comprimento] => 0.30
                    [volumes] => 2
                )

            [2] => Array
                (
                    [largura] => 0.25
                    [altura] => 0.20
                    [comprimento] => 0.30
                    [volumes] => 1
                )

        )

    [volumes] => 4
)

05-20-2022 @ 10:13:23 - Braspress Braspress - Rodoviário resposta 200: {"id":168748288,"prazo":3,"totalFrete":104.04}
05-20-2022 @ 10:36:02 - Braspress Braspress - Rodoviário envio: Array
(
    [cnpjRemetente] => 27399462000180
    [cnpjDestinatario] => 11111111111111
    [modal] => R
    [tipoFrete] => 1
    [cepOrigem] => 96412830
    [cepDestino] => 85550000
    [vlrMercadoria] => 109.00
    [peso] => 0.40
    [cubagem] => Array
        (
            [0] => Array
                (
                    [largura] => 0.23
                    [altura] => 0.10
                    [comprimento] => 0.30
                    [volumes] => 1
                )

        )

    [volumes] => 1
)

05-20-2022 @ 10:36:02 - Braspress Braspress - Rodoviário resposta 200: {"id":168753166,"prazo":6,"totalFrete":51.04}
05-20-2022 @ 10:42:17 - Braspress Braspress - Rodoviário envio: Array
(
    [cnpjRemetente] => 27399462000180
    [cnpjDestinatario] => 11111111111111
    [modal] => R
    [tipoFrete] => 1
    [cepOrigem] => 96412830
    [cepDestino] => 85812035
    [vlrMercadoria] => 897.00
    [peso] => 4.00
    [cubagem] => Array
        (
            [0] => Array
                (
                    [largura] => 0.30
                    [altura] => 0.20
                    [comprimento] => 0.30
                    [volumes] => 2
                )

            [1] => Array
                (
                    [largura] => 0.25
                    [altura] => 0.20
                    [comprimento] => 0.30
                    [volumes] => 1
                )

        )

    [volumes] => 3
)

05-20-2022 @ 10:42:17 - Braspress Braspress - Rodoviário resposta 200: {"id":168754593,"prazo":3,"totalFrete":90.48}
05-20-2022 @ 10:42:27 - Braspress Braspress - Rodoviário envio: Array
(
    [cnpjRemetente] => 27399462000180
    [cnpjDestinatario] => 11111111111111
    [modal] => R
    [tipoFrete] => 1
    [cepOrigem] => 96412830
    [cepDestino] => 85812035
    [vlrMercadoria] => 279.00
    [peso] => 1.00
    [cubagem] => Array
        (
            [0] => Array
                (
                    [largura] => 0.25
                    [altura] => 0.20
                    [comprimento] => 0.30
                    [volumes] => 1
                )

        )

    [volumes] => 1
)

05-20-2022 @ 10:42:27 - Braspress Braspress - Rodoviário resposta 200: {"id":168754651,"prazo":3,"totalFrete":78.75}
05-20-2022 @ 10:55:31 - Braspress Braspress - Rodoviário envio: Array
(
    [cnpjRemetente] => 27399462000180
    [cnpjDestinatario] => 81847157572
    [modal] => R
    [tipoFrete] => 1
    [cepOrigem] => 96412830
    [cepDestino] => 41502385
    [vlrMercadoria] => 1999.00
    [peso] => 8.00
    [cubagem] => Array
        (
            [0] => Array
                (
                    [largura] => 0.60
                    [altura] => 0.15
                    [comprimento] => 0.50
                    [volumes] => 1
                )

        )

    [volumes] => 1
)

05-20-2022 @ 10:55:31 - Braspress Braspress - Rodoviário resposta 200: {"id":168757600,"prazo":7,"totalFrete":107.56}
05-20-2022 @ 10:55:39 - Braspress Braspress - Rodoviário envio: Array
(
    [cnpjRemetente] => 27399462000180
    [cnpjDestinatario] => 81847157572
    [modal] => R
    [tipoFrete] => 1
    [cepOrigem] => 96412830
    [cepDestino] => 41502385
    [vlrMercadoria] => 1999.00
    [peso] => 8.00
    [cubagem] => Array
        (
            [0] => Array
                (
                    [largura] => 0.60
                    [altura] => 0.15
                    [comprimento] => 0.50
                    [volumes] => 1
                )

        )

    [volumes] => 1
)

05-20-2022 @ 10:55:39 - Braspress Braspress - Rodoviário resposta 200: {"id":168757629,"prazo":7,"totalFrete":107.56}
05-20-2022 @ 10:55:42 - Braspress Braspress - Rodoviário envio: Array
(
    [cnpjRemetente] => 27399462000180
    [cnpjDestinatario] => 81847157572
    [modal] => R
    [tipoFrete] => 1
    [cepOrigem] => 96412830
    [cepDestino] => 41502385
    [vlrMercadoria] => 1999.00
    [peso] => 8.00
    [cubagem] => Array
        (
            [0] => Array
                (
                    [largura] => 0.60
                    [altura] => 0.15
                    [comprimento] => 0.50
                    [volumes] => 1
                )

        )

    [volumes] => 1
)

05-20-2022 @ 10:55:42 - Braspress Braspress - Rodoviário resposta 200: {"id":168757634,"prazo":7,"totalFrete":107.56}
05-20-2022 @ 10:55:59 - Braspress Braspress - Rodoviário envio: Array
(
    [cnpjRemetente] => 27399462000180
    [cnpjDestinatario] => 81847157572
    [modal] => R
    [tipoFrete] => 1
    [cepOrigem] => 96412830
    [cepDestino] => 41502385
    [vlrMercadoria] => 1999.00
    [peso] => 8.00
    [cubagem] => Array
        (
            [0] => Array
                (
                    [largura] => 0.60
                    [altura] => 0.15
                    [comprimento] => 0.50
                    [volumes] => 1
                )

        )

    [volumes] => 1
)

05-20-2022 @ 10:55:59 - Braspress Braspress - Rodoviário resposta 200: {"id":168757693,"prazo":7,"totalFrete":107.56}
05-20-2022 @ 11:00:35 - Braspress Braspress - Rodoviário envio: Array
(
    [cnpjRemetente] => 27399462000180
    [cnpjDestinatario] => 81847157572
    [modal] => R
    [tipoFrete] => 1
    [cepOrigem] => 96412830
    [cepDestino] => 41502385
    [vlrMercadoria] => 2508.00
    [peso] => 13.00
    [cubagem] => Array
        (
            [0] => Array
                (
                    [largura] => 0.60
                    [altura] => 0.15
                    [comprimento] => 0.50
                    [volumes] => 1
                )

            [1] => Array
                (
                    [largura] => 0.40
                    [altura] => 0.15
                    [comprimento] => 0.50
                    [volumes] => 1
                )

        )

    [volumes] => 2
)

05-20-2022 @ 11:00:35 - Braspress Braspress - Rodoviário resposta 200: {"id":168758799,"prazo":7,"totalFrete":125.19}
05-20-2022 @ 11:00:39 - Braspress Braspress - Rodoviário envio: Array
(
    [cnpjRemetente] => 27399462000180
    [cnpjDestinatario] => 81847157572
    [modal] => R
    [tipoFrete] => 1
    [cepOrigem] => 96412830
    [cepDestino] => 41502385
    [vlrMercadoria] => 3017.00
    [peso] => 18.00
    [cubagem] => Array
        (
            [0] => Array
                (
                    [largura] => 0.60
                    [altura] => 0.15
                    [comprimento] => 0.50
                    [volumes] => 1
                )

            [1] => Array
                (
                    [largura] => 0.40
                    [altura] => 0.15
                    [comprimento] => 0.50
                    [volumes] => 2
                )

        )

    [volumes] => 3
)

05-20-2022 @ 11:00:39 - Braspress Braspress - Rodoviário resposta 200: {"id":168758811,"prazo":7,"totalFrete":129.31}
05-20-2022 @ 11:01:11 - Braspress Braspress - Rodoviário envio: Array
(
    [cnpjRemetente] => 27399462000180
    [cnpjDestinatario] => 81847157572
    [modal] => R
    [tipoFrete] => 1
    [cepOrigem] => 96412830
    [cepDestino] => 41502385
    [vlrMercadoria] => 1018.00
    [peso] => 10.00
    [cubagem] => Array
        (
            [0] => Array
                (
                    [largura] => 0.40
                    [altura] => 0.15
                    [comprimento] => 0.50
                    [volumes] => 2
                )

        )

    [volumes] => 2
)

05-20-2022 @ 11:01:11 - Braspress Braspress - Rodoviário resposta 200: {"id":168758927,"prazo":7,"totalFrete":99.63}
05-20-2022 @ 11:07:23 - Braspress Braspress - Rodoviário envio: Array
(
    [cnpjRemetente] => 27399462000180
    [cnpjDestinatario] => 11111111111111
    [modal] => R
    [tipoFrete] => 1
    [cepOrigem] => 96412830
    [cepDestino] => 89813182
    [vlrMercadoria] => 799.00
    [peso] => 5.00
    [cubagem] => Array
        (
            [0] => Array
                (
                    [largura] => 0.40
                    [altura] => 0.12
                    [comprimento] => 0.50
                    [volumes] => 1
                )

        )

    [volumes] => 1
)

05-20-2022 @ 11:07:23 - Braspress Braspress - Rodoviário resposta 200: {"id":168760408,"prazo":3,"totalFrete":79.43}
05-20-2022 @ 11:20:41 - Braspress Braspress - Rodoviário envio: Array
(
    [cnpjRemetente] => 27399462000180
    [cnpjDestinatario] => 11111111111111
    [modal] => R
    [tipoFrete] => 1
    [cepOrigem] => 96412830
    [cepDestino] => 09751030
    [vlrMercadoria] => 429.00
    [peso] => 10.00
    [cubagem] => Array
        (
            [0] => Array
                (
                    [largura] => 0.70
                    [altura] => 0.42
                    [comprimento] => 0.70
                    [volumes] => 1
                )

        )

    [volumes] => 1
)

05-20-2022 @ 11:20:41 - Braspress Braspress - Rodoviário resposta 200: {"id":168763452,"prazo":5,"totalFrete":172.35}
05-20-2022 @ 11:25:21 - Braspress Braspress - Rodoviário envio: Array
(
    [cnpjRemetente] => 27399462000180
    [cnpjDestinatario] => 11111111111111
    [modal] => R
    [tipoFrete] => 1
    [cepOrigem] => 96412830
    [cepDestino] => 78850000
    [vlrMercadoria] => 392.00
    [peso] => 8.00
    [cubagem] => Array
        (
            [0] => Array
                (
                    [largura] => 0.25
                    [altura] => 0.05
                    [comprimento] => 0.30
                    [volumes] => 8
                )

        )

    [volumes] => 8
)

05-20-2022 @ 11:25:21 - Braspress Braspress - Rodoviário resposta 200: {"id":168764409,"prazo":11,"totalFrete":139.76}
05-20-2022 @ 11:50:45 - Braspress Braspress - Rodoviário envio: Array
(
    [cnpjRemetente] => 27399462000180
    [cnpjDestinatario] => 10121434656
    [modal] => R
    [tipoFrete] => 1
    [cepOrigem] => 96412830
    [cepDestino] => 39705000
    [vlrMercadoria] => 269.00
    [peso] => 10.00
    [cubagem] => Array
        (
            [0] => Array
                (
                    [largura] => 0.40
                    [altura] => 0.45
                    [comprimento] => 0.40
                    [volumes] => 1
                )

        )

    [volumes] => 1
)

05-20-2022 @ 11:50:45 - Braspress Braspress - Rodoviário resposta 200: {"id":168769636,"prazo":10,"totalFrete":90.47}
05-20-2022 @ 11:52:07 - Braspress Braspress - Rodoviário envio: Array
(
    [cnpjRemetente] => 27399462000180
    [cnpjDestinatario] => 10121434656
    [modal] => R
    [tipoFrete] => 1
    [cepOrigem] => 96412830
    [cepDestino] => 39705000
    [vlrMercadoria] => 626.00
    [peso] => 13.00
    [cubagem] => Array
        (
            [0] => Array
                (
                    [largura] => 0.40
                    [altura] => 0.45
                    [comprimento] => 0.40
                    [volumes] => 1
                )

            [1] => Array
                (
                    [largura] => 0.20
                    [altura] => 0.15
                    [comprimento] => 0.20
                    [volumes] => 3
                )

        )

    [volumes] => 4
)

05-20-2022 @ 11:52:07 - Braspress Braspress - Rodoviário resposta 200: {"id":168769912,"prazo":10,"totalFrete":92.87}
05-20-2022 @ 12:00:35 - Braspress Braspress - Rodoviário envio: Array
(
    [cnpjRemetente] => 27399462000180
    [cnpjDestinatario] => 11111111111111
    [modal] => R
    [tipoFrete] => 1
    [cepOrigem] => 96412830
    [cepDestino] => 13325028
    [vlrMercadoria] => 1857.00
    [peso] => 27.00
    [cubagem] => Array
        (
            [0] => Array
                (
                    [largura] => 0.68
                    [altura] => 0.20
                    [comprimento] => 0.40
                    [volumes] => 3
                )

        )

    [volumes] => 3
)

05-20-2022 @ 12:00:35 - Braspress Braspress - Rodoviário resposta 200: {"id":168771564,"prazo":3,"totalFrete":109.45}
05-20-2022 @ 13:03:57 - Braspress Braspress - Rodoviário envio: Array
(
    [cnpjRemetente] => 27399462000180
    [cnpjDestinatario] => 11111111111111
    [modal] => R
    [tipoFrete] => 1
    [cepOrigem] => 96412830
    [cepDestino] => 95700372
    [vlrMercadoria] => 829.00
    [peso] => 5.00
    [cubagem] => Array
        (
            [0] => Array
                (
                    [largura] => 0.35
                    [altura] => 0.10
                    [comprimento] => 0.45
                    [volumes] => 1
                )

        )

    [volumes] => 1
)

05-20-2022 @ 13:03:57 - Braspress Braspress - Rodoviário resposta 200: {"id":168780357,"prazo":2,"totalFrete":66.4}
05-20-2022 @ 13:13:28 - Braspress Braspress - Rodoviário envio: Array
(
    [cnpjRemetente] => 27399462000180
    [cnpjDestinatario] => 11111111111111
    [modal] => R
    [tipoFrete] => 1
    [cepOrigem] => 96412830
    [cepDestino] => 13210705
    [vlrMercadoria] => 109.00
    [peso] => 0.40
    [cubagem] => Array
        (
            [0] => Array
                (
                    [largura] => 0.23
                    [altura] => 0.10
                    [comprimento] => 0.30
                    [volumes] => 1
                )

        )

    [volumes] => 1
)

05-20-2022 @ 13:13:28 - Braspress Braspress - Rodoviário resposta 200: {"id":168781810,"prazo":4,"totalFrete":58.49}
05-20-2022 @ 14:08:11 - Braspress Braspress - Rodoviário envio: Array
(
    [cnpjRemetente] => 27399462000180
    [cnpjDestinatario] => 11111111111111
    [modal] => R
    [tipoFrete] => 1
    [cepOrigem] => 96412830
    [cepDestino] => 91240001
    [vlrMercadoria] => 109.00
    [peso] => 0.40
    [cubagem] => Array
        (
            [0] => Array
                (
                    [largura] => 0.23
                    [altura] => 0.10
                    [comprimento] => 0.30
                    [volumes] => 1
                )

        )

    [volumes] => 1
)

05-20-2022 @ 14:08:11 - Braspress Braspress - Rodoviário resposta 200: {"id":168792370,"prazo":1,"totalFrete":33.69}
05-20-2022 @ 15:07:55 - Braspress Braspress - Rodoviário envio: Array
(
    [cnpjRemetente] => 27399462000180
    [cnpjDestinatario] => 11111111111111
    [modal] => R
    [tipoFrete] => 1
    [cepOrigem] => 96412830
    [cepDestino] => 96930000
    [vlrMercadoria] => 109.00
    [peso] => 0.40
    [cubagem] => Array
        (
            [0] => Array
                (
                    [largura] => 0.23
                    [altura] => 0.10
                    [comprimento] => 0.30
                    [volumes] => 1
                )

        )

    [volumes] => 1
)

05-20-2022 @ 15:07:55 - Braspress Braspress - Rodoviário resposta 200: {"id":168806161,"prazo":4,"totalFrete":38.36}
05-20-2022 @ 15:11:40 - Braspress Braspress - Rodoviário envio: Array
(
    [cnpjRemetente] => 27399462000180
    [cnpjDestinatario] => 11111111111111
    [modal] => R
    [tipoFrete] => 1
    [cepOrigem] => 96412830
    [cepDestino] => 96930000
    [vlrMercadoria] => 109.00
    [peso] => 0.40
    [cubagem] => Array
        (
            [0] => Array
                (
                    [largura] => 0.23
                    [altura] => 0.10
                    [comprimento] => 0.30
                    [volumes] => 1
                )

        )

    [volumes] => 1
)

05-20-2022 @ 15:11:40 - Braspress Braspress - Rodoviário resposta 200: {"id":168806949,"prazo":4,"totalFrete":38.36}
05-20-2022 @ 15:18:30 - Braspress Braspress - Rodoviário envio: Array
(
    [cnpjRemetente] => 27399462000180
    [cnpjDestinatario] => 11111111111111
    [modal] => R
    [tipoFrete] => 1
    [cepOrigem] => 96412830
    [cepDestino] => 89600000
    [vlrMercadoria] => 359.00
    [peso] => 8.00
    [cubagem] => Array
        (
            [0] => Array
                (
                    [largura] => 0.37
                    [altura] => 0.70
                    [comprimento] => 0.42
                    [volumes] => 1
                )

        )

    [volumes] => 1
)

05-20-2022 @ 15:18:30 - Braspress Braspress - Rodoviário resposta 200: {"id":168808444,"prazo":5,"totalFrete":71.54}
05-20-2022 @ 15:21:04 - Braspress Braspress - Rodoviário envio: Array
(
    [cnpjRemetente] => 27399462000180
    [cnpjDestinatario] => 11111111111111
    [modal] => R
    [tipoFrete] => 1
    [cepOrigem] => 96412830
    [cepDestino] => 14056210
    [vlrMercadoria] => 189.00
    [peso] => 1.00
    [cubagem] => Array
        (
            [0] => Array
                (
                    [largura] => 0.20
                    [altura] => 0.10
                    [comprimento] => 0.25
                    [volumes] => 1
                )

        )

    [volumes] => 1
)

05-20-2022 @ 15:21:04 - Braspress Braspress - Rodoviário resposta 200: {"id":168809014,"prazo":4,"totalFrete":85.59}
05-20-2022 @ 15:50:40 - Braspress Braspress - Rodoviário envio: Array
(
    [cnpjRemetente] => 27399462000180
    [cnpjDestinatario] => 11111111111111
    [modal] => R
    [tipoFrete] => 1
    [cepOrigem] => 96412830
    [cepDestino] => 20271030
    [vlrMercadoria] => 619.00
    [peso] => 9.00
    [cubagem] => Array
        (
            [0] => Array
                (
                    [largura] => 0.68
                    [altura] => 0.20
                    [comprimento] => 0.40
                    [volumes] => 1
                )

        )

    [volumes] => 1
)

05-20-2022 @ 15:50:40 - Braspress Braspress - Rodoviário resposta 200: {"id":168815450,"prazo":4,"totalFrete":111.86}
05-20-2022 @ 16:30:07 - Braspress Braspress - Rodoviário envio: Array
(
    [cnpjRemetente] => 27399462000180
    [cnpjDestinatario] => 11111111111111
    [modal] => R
    [tipoFrete] => 1
    [cepOrigem] => 96412830
    [cepDestino] => 04545042
    [vlrMercadoria] => 799.00
    [peso] => 5.00
    [cubagem] => Array
        (
            [0] => Array
                (
                    [largura] => 0.40
                    [altura] => 0.12
                    [comprimento] => 0.50
                    [volumes] => 1
                )

        )

    [volumes] => 1
)

05-20-2022 @ 16:30:07 - Braspress Braspress - Rodoviário resposta 200: {"id":168823586,"prazo":4,"totalFrete":110.38}
05-20-2022 @ 17:16:49 - Braspress Braspress - Rodoviário envio: Array
(
    [cnpjRemetente] => 27399462000180
    [cnpjDestinatario] => 11111111111111
    [modal] => R
    [tipoFrete] => 1
    [cepOrigem] => 96412830
    [cepDestino] => 42711830
    [vlrMercadoria] => 1439.00
    [peso] => 10.00
    [cubagem] => Array
        (
            [0] => Array
                (
                    [largura] => 0.52
                    [altura] => 0.15
                    [comprimento] => 0.63
                    [volumes] => 1
                )

        )

    [volumes] => 1
)

05-20-2022 @ 17:16:49 - Braspress Braspress - Rodoviário resposta 200: {"id":168832045,"prazo":7,"totalFrete":103.03}
05-20-2022 @ 17:22:08 - Braspress Braspress - Rodoviário envio: Array
(
    [cnpjRemetente] => 27399462000180
    [cnpjDestinatario] => 11111111111111
    [modal] => R
    [tipoFrete] => 1
    [cepOrigem] => 96412830
    [cepDestino] => 87005290
    [vlrMercadoria] => 109.00
    [peso] => 0.40
    [cubagem] => Array
        (
            [0] => Array
                (
                    [largura] => 0.23
                    [altura] => 0.10
                    [comprimento] => 0.30
                    [volumes] => 1
                )

        )

    [volumes] => 1
)

05-20-2022 @ 17:22:08 - Braspress Braspress - Rodoviário resposta 200: {"id":168832979,"prazo":4,"totalFrete":77.89}
05-20-2022 @ 17:23:29 - Braspress Braspress - Rodoviário envio: Array
(
    [cnpjRemetente] => 27399462000180
    [cnpjDestinatario] => 87177870172
    [modal] => R
    [tipoFrete] => 1
    [cepOrigem] => 96412830
    [cepDestino] => 75805780
    [vlrMercadoria] => 429.00
    [peso] => 10.00
    [cubagem] => Array
        (
            [0] => Array
                (
                    [largura] => 0.70
                    [altura] => 0.42
                    [comprimento] => 0.70
                    [volumes] => 1
                )

        )

    [volumes] => 1
)

05-20-2022 @ 17:23:29 - Braspress Braspress - Rodoviário resposta 200: {"id":168833199,"prazo":6,"totalFrete":166.5}
05-20-2022 @ 19:11:50 - Braspress Braspress - Rodoviário envio: Array
(
    [cnpjRemetente] => 27399462000180
    [cnpjDestinatario] => 08384480893
    [modal] => R
    [tipoFrete] => 1
    [cepOrigem] => 96412830
    [cepDestino] => 11740000
    [vlrMercadoria] => 239.00
    [peso] => 3.00
    [cubagem] => Array
        (
            [0] => Array
                (
                    [largura] => 0.35
                    [altura] => 0.33
                    [comprimento] => 0.35
                    [volumes] => 1
                )

        )

    [volumes] => 1
)

05-20-2022 @ 19:11:50 - Braspress Braspress - Rodoviário resposta 200: {"id":168845807,"prazo":4,"totalFrete":69.78}
05-20-2022 @ 20:16:12 - Braspress Braspress - Rodoviário envio: Array
(
    [cnpjRemetente] => 27399462000180
    [cnpjDestinatario] => 11111111111111
    [modal] => R
    [tipoFrete] => 1
    [cepOrigem] => 96412830
    [cepDestino] => 30493180
    [vlrMercadoria] => 109.00
    [peso] => 0.40
    [cubagem] => Array
        (
            [0] => Array
                (
                    [largura] => 0.23
                    [altura] => 0.10
                    [comprimento] => 0.30
                    [volumes] => 1
                )

        )

    [volumes] => 1
)

05-20-2022 @ 20:16:12 - Braspress Braspress - Rodoviário resposta 200: {"id":168851401,"prazo":4,"totalFrete":82.21}
05-20-2022 @ 20:21:25 - Braspress Braspress - Rodoviário envio: Array
(
    [cnpjRemetente] => 27399462000180
    [cnpjDestinatario] => 03500798624
    [modal] => R
    [tipoFrete] => 1
    [cepOrigem] => 96412830
    [cepDestino] => 30493180
    [vlrMercadoria] => 109.00
    [peso] => 0.40
    [cubagem] => Array
        (
            [0] => Array
                (
                    [largura] => 0.23
                    [altura] => 0.10
                    [comprimento] => 0.30
                    [volumes] => 1
                )

        )

    [volumes] => 1
)

05-20-2022 @ 20:21:25 - Braspress Braspress - Rodoviário resposta 200: {"id":168851864,"prazo":4,"totalFrete":82.21}
05-20-2022 @ 20:21:32 - Braspress Braspress - Rodoviário envio: Array
(
    [cnpjRemetente] => 27399462000180
    [cnpjDestinatario] => 03500798624
    [modal] => R
    [tipoFrete] => 1
    [cepOrigem] => 96412830
    [cepDestino] => 30493180
    [vlrMercadoria] => 109.00
    [peso] => 0.40
    [cubagem] => Array
        (
            [0] => Array
                (
                    [largura] => 0.23
                    [altura] => 0.10
                    [comprimento] => 0.30
                    [volumes] => 1
                )

        )

    [volumes] => 1
)

05-20-2022 @ 20:21:32 - Braspress Braspress - Rodoviário resposta 200: {"id":168851879,"prazo":4,"totalFrete":82.21}
05-20-2022 @ 20:21:35 - Braspress Braspress - Rodoviário envio: Array
(
    [cnpjRemetente] => 27399462000180
    [cnpjDestinatario] => 03500798624
    [modal] => R
    [tipoFrete] => 1
    [cepOrigem] => 96412830
    [cepDestino] => 30493180
    [vlrMercadoria] => 109.00
    [peso] => 0.40
    [cubagem] => Array
        (
            [0] => Array
                (
                    [largura] => 0.23
                    [altura] => 0.10
                    [comprimento] => 0.30
                    [volumes] => 1
                )

        )

    [volumes] => 1
)

05-20-2022 @ 20:21:35 - Braspress Braspress - Rodoviário resposta 200: {"id":168851885,"prazo":4,"totalFrete":82.21}
05-20-2022 @ 20:21:40 - Braspress Braspress - Rodoviário envio: Array
(
    [cnpjRemetente] => 27399462000180
    [cnpjDestinatario] => 03500798624
    [modal] => R
    [tipoFrete] => 1
    [cepOrigem] => 96412830
    [cepDestino] => 30493180
    [vlrMercadoria] => 109.00
    [peso] => 0.40
    [cubagem] => Array
        (
            [0] => Array
                (
                    [largura] => 0.23
                    [altura] => 0.10
                    [comprimento] => 0.30
                    [volumes] => 1
                )

        )

    [volumes] => 1
)

05-20-2022 @ 20:21:40 - Braspress Braspress - Rodoviário resposta 200: {"id":168851891,"prazo":4,"totalFrete":82.21}
05-20-2022 @ 20:26:26 - Braspress Braspress - Rodoviário envio: Array
(
    [cnpjRemetente] => 27399462000180
    [cnpjDestinatario] => 11111111111111
    [modal] => R
    [tipoFrete] => 1
    [cepOrigem] => 96412830
    [cepDestino] => 96214370
    [vlrMercadoria] => 109.00
    [peso] => 0.40
    [cubagem] => Array
        (
            [0] => Array
                (
                    [largura] => 0.23
                    [altura] => 0.10
                    [comprimento] => 0.30
                    [volumes] => 1
                )

        )

    [volumes] => 1
)

05-20-2022 @ 20:26:26 - Braspress Braspress - Rodoviário resposta 200: {"id":168852304,"prazo":2,"totalFrete":38.36}
05-20-2022 @ 20:26:26 - Braspress Braspress - Rodoviário envio: Array
(
    [cnpjRemetente] => 27399462000180
    [cnpjDestinatario] => 11111111111111
    [modal] => R
    [tipoFrete] => 1
    [cepOrigem] => 96412830
    [cepDestino] => 96214370
    [vlrMercadoria] => 109.00
    [peso] => 0.40
    [cubagem] => Array
        (
            [0] => Array
                (
                    [largura] => 0.23
                    [altura] => 0.10
                    [comprimento] => 0.30
                    [volumes] => 1
                )

        )

    [volumes] => 1
)

05-20-2022 @ 20:26:26 - Braspress Braspress - Rodoviário resposta 200: {"id":168852308,"prazo":2,"totalFrete":38.36}
05-20-2022 @ 20:27:03 - Braspress Braspress - Rodoviário envio: Array
(
    [cnpjRemetente] => 27399462000180
    [cnpjDestinatario] => 11111111111111
    [modal] => R
    [tipoFrete] => 1
    [cepOrigem] => 96412830
    [cepDestino] => 96214370
    [vlrMercadoria] => 109.00
    [peso] => 0.40
    [cubagem] => Array
        (
            [0] => Array
                (
                    [largura] => 0.23
                    [altura] => 0.10
                    [comprimento] => 0.30
                    [volumes] => 1
                )

        )

    [volumes] => 1
)

05-20-2022 @ 20:27:03 - Braspress Braspress - Rodoviário resposta 200: {"id":168852369,"prazo":2,"totalFrete":38.36}
05-20-2022 @ 20:54:32 - Braspress Braspress - Rodoviário envio: Array
(
    [cnpjRemetente] => 27399462000180
    [cnpjDestinatario] => 11111111111111
    [modal] => R
    [tipoFrete] => 1
    [cepOrigem] => 96412830
    [cepDestino] => 86430000
    [vlrMercadoria] => 109.00
    [peso] => 0.40
    [cubagem] => Array
        (
            [0] => Array
                (
                    [largura] => 0.23
                    [altura] => 0.10
                    [comprimento] => 0.30
                    [volumes] => 1
                )

        )

    [volumes] => 1
)

05-20-2022 @ 20:54:32 - Braspress Braspress - Rodoviário resposta 200: {"id":168854804,"prazo":6,"totalFrete":51.04}
05-20-2022 @ 20:56:36 - Braspress Braspress - Rodoviário envio: Array
(
    [cnpjRemetente] => 27399462000180
    [cnpjDestinatario] => 11111111111111
    [modal] => R
    [tipoFrete] => 1
    [cepOrigem] => 96412830
    [cepDestino] => 06709840
    [vlrMercadoria] => 2459.00
    [peso] => 20.00
    [cubagem] => Array
        (
            [0] => Array
                (
                    [largura] => 0.65
                    [altura] => 0.20
                    [comprimento] => 0.70
                    [volumes] => 1
                )

        )

    [volumes] => 1
)

05-20-2022 @ 20:56:36 - Braspress Braspress - Rodoviário resposta 400: {"statusCode":500,"message":"Service Error","dateTime":"20/05/2022 20:56:35","errorList":["Erro ao realizar a cotação de frete: VERIFICANDO CEP DESTINO"]}
05-20-2022 @ 20:56:36 - Braspress Braspress - Rodoviário erro: Array
(
    [statusCode] => 500
    [message] => Service Error
    [dateTime] => 20/05/2022 20:56:35
    [errorList] => Array
        (
            [0] => Erro ao realizar a cotação de frete: VERIFICANDO CEP DESTINO
        )

    [ambiente] => https://api.braspress.com/v1/cotacao/calcular/json
)

05-20-2022 @ 20:56:37 - Braspress Braspress - Rodoviário envio: Array
(
    [cnpjRemetente] => 27399462000180
    [cnpjDestinatario] => 11111111111111
    [modal] => R
    [tipoFrete] => 1
    [cepOrigem] => 96412830
    [cepDestino] => 06709840
    [vlrMercadoria] => 2459.00
    [peso] => 20.00
    [cubagem] => Array
        (
            [0] => Array
                (
                    [largura] => 0.65
                    [altura] => 0.20
                    [comprimento] => 0.70
                    [volumes] => 1
                )

        )

    [volumes] => 1
)

05-20-2022 @ 20:56:37 - Braspress Braspress - Rodoviário resposta 400: {"statusCode":500,"message":"Service Error","dateTime":"20/05/2022 20:56:34","errorList":["Erro ao realizar a cotação de frete: VERIFICANDO CEP DESTINO"]}
05-20-2022 @ 20:56:37 - Braspress Braspress - Rodoviário erro: Array
(
    [statusCode] => 500
    [message] => Service Error
    [dateTime] => 20/05/2022 20:56:34
    [errorList] => Array
        (
            [0] => Erro ao realizar a cotação de frete: VERIFICANDO CEP DESTINO
        )

    [ambiente] => https://api.braspress.com/v1/cotacao/calcular/json
)

