05-02-2021 @ 11:39:09 - Transaction arguments for order 9161: Array
(
    [merchant_id] => 144a8ce4-3e77-402e-991e-8ddbcceb8686
    [order_number] => 9161
    [antifraud_enabled] => FALSE
    [customer_name] => Ana Judite Polatto
    [customer_email] => anajuditepolatto@bol.com.br
    [customer_phone] => 1934411100
    [customer_identity] => 87083221804
    [shipping_address_name] => dr. Trajano de Barros Camargo
    [shipping_address_number] => 1563
    [shipping_address_complement] => Clinica Vitaly
    [shipping_address_district] => Centro
    [shipping_address_city] => Limeira
    [shipping_address_state] => SP
    [shipping_zipcode] => 13480756
    [shipping_type] => 2
    [shipping_1_name] => Jadlog Package (Melhor Envio) (3 a 4 dias úteis)
    [shipping_1_price] => 4193
    [cart_1_name] => [PRONTA ENTREGA] Tapete de Couro – Champanhe Malhado – 1,5 x 2,0 Quadriculado (5×5)
    [cart_1_unitprice] => 41900
    [cart_1_quantity] => 1
    [cart_1_type] => 1
    [cart_1_code] => 3855
    [cart_1_weight] => 5000
)

05-02-2021 @ 11:39:09 - Transaction arguments for order 9161: Array
(
    [merchant_id] => 144a8ce4-3e77-402e-991e-8ddbcceb8686
    [order_number] => 9161
    [antifraud_enabled] => FALSE
    [customer_name] => Ana Judite Polatto
    [customer_email] => anajuditepolatto@bol.com.br
    [customer_phone] => 1934411100
    [customer_identity] => 87083221804
    [shipping_address_name] => dr. Trajano de Barros Camargo
    [shipping_address_number] => 1563
    [shipping_address_complement] => Clinica Vitaly
    [shipping_address_district] => Centro
    [shipping_address_city] => Limeira
    [shipping_address_state] => SP
    [shipping_zipcode] => 13480756
    [shipping_type] => 2
    [shipping_1_name] => Jadlog Package (Melhor Envio) (3 a 4 dias úteis)
    [shipping_1_price] => 4193
    [cart_1_name] => [PRONTA ENTREGA] Tapete de Couro – Champanhe Malhado – 1,5 x 2,0 Quadriculado (5×5)
    [cart_1_unitprice] => 41900
    [cart_1_quantity] => 1
    [cart_1_type] => 1
    [cart_1_code] => 3855
    [cart_1_weight] => 5000
)

05-02-2021 @ 11:50:07 - Transaction arguments for order 9161: Array
(
    [merchant_id] => 144a8ce4-3e77-402e-991e-8ddbcceb8686
    [order_number] => 9161
    [antifraud_enabled] => FALSE
    [customer_name] => Ana Judite Polatto
    [customer_email] => anajuditepolatto@bol.com.br
    [customer_phone] => 1934411100
    [customer_identity] => 87083221804
    [shipping_address_name] => dr. Trajano de Barros Camargo
    [shipping_address_number] => 1563
    [shipping_address_complement] => Clinica Vitaly
    [shipping_address_district] => Centro
    [shipping_address_city] => Limeira
    [shipping_address_state] => SP
    [shipping_zipcode] => 13480756
    [shipping_type] => 2
    [shipping_1_name] => Jadlog Package (Melhor Envio) (3 a 4 dias úteis)
    [shipping_1_price] => 4193
    [cart_1_name] => [PRONTA ENTREGA] Tapete de Couro – Champanhe Malhado – 1,5 x 2,0 Quadriculado (5×5)
    [cart_1_unitprice] => 41900
    [cart_1_quantity] => 1
    [cart_1_type] => 1
    [cart_1_code] => 3855
    [cart_1_weight] => 5000
)

05-02-2021 @ 15:06:46 - Invalid status change: Array
(
    [order_number] => 4a22a7c1d89e4850a65852b7adac1e15
    [amount] => 46093
    [checkout_cielo_order_number] => dc1d53c61dc24814a889e48c4759b1c5
    [created_date] => 02/05/2021 15:06:41
    [customer_name] => Ana Polatto
    [customer_phone] => 19998852212
    [customer_email] => felipe.polatto@gmail.com.br
    [shipping_type] => 2
    [shipping_name] => Frete Fixo
    [shipping_price] => 4193
    [shipping_address_zipcode] => 13480756
    [shipping_address_district] => Centro
    [shipping_address_city] => Limeira
    [shipping_address_state] => SP
    [shipping_address_line1] => Rua Doutor Trajano Barros Camargo
    [shipping_address_number] => 70
    [payment_method_type] => 1
    [payment_method_brand] => 1
    [payment_installments] => 8
    [payment_antifraudresult] => 1
    [payment_status] => 2
    [tid] => 277564162210L0671NGC
    [test_transaction] => False
    [product_id] => af0f8c15-8f3d-40d5-889f-6ff210649ed0
    [product_type] => 1
    [product_description] => Frete Fixo
    [nsu] => 019001
    [authorization_code] => 062260
)

05-02-2021 @ 15:10:36 - Invalid status change: Array
(
    [order_number] => 4a22a7c1d89e4850a65852b7adac1e15
    [amount] => 46093
    [checkout_cielo_order_number] => dc1d53c61dc24814a889e48c4759b1c5
    [created_date] => 02/05/2021 15:06:41
    [customer_name] => Ana Polatto
    [customer_phone] => 19998852212
    [customer_email] => felipe.polatto@gmail.com.br
    [shipping_type] => 2
    [shipping_name] => Frete Fixo
    [shipping_price] => 4193
    [shipping_address_zipcode] => 13480756
    [shipping_address_district] => Centro
    [shipping_address_city] => Limeira
    [shipping_address_state] => SP
    [shipping_address_line1] => Rua Doutor Trajano Barros Camargo
    [shipping_address_number] => 70
    [payment_method_type] => 1
    [payment_method_brand] => 1
    [payment_installments] => 8
    [payment_antifraudresult] => 1
    [payment_status] => 2
    [tid] => 277564162210L0671NGC
    [test_transaction] => False
    [product_id] => af0f8c15-8f3d-40d5-889f-6ff210649ed0
    [product_type] => 1
    [product_description] => Frete Fixo
    [nsu] => 019001
    [authorization_code] => 062260
)

05-02-2021 @ 15:11:19 - Invalid status change: Array
(
    [checkout_cielo_order_number] => dc1d53c61dc24814a889e48c4759b1c5
    [amount] => 46093
    [order_number] => 4a22a7c1d89e4850a65852b7adac1e15
    [payment_status] => 2
    [test_transaction] => False
    [brand] => Visa
    [nsu] => 019001
    [authorization_code] => 062260
)

