03-30-2021 @ 09:10:36 - Transaction arguments for order 8592: Array
(
    [merchant_id] => 144a8ce4-3e77-402e-991e-8ddbcceb8686
    [order_number] => 8592
    [antifraud_enabled] => FALSE
    [customer_name] => Jéssica Madureira
    [customer_email] => jessica.dmadureira@hotmail.com
    [customer_phone] => 16988073116
    [customer_identity] => 41946654817
    [shipping_address_name] => Trav. santa silveria
    [shipping_address_number] => 114
    [shipping_address_complement] => casa
    [shipping_address_district] => Bom Jesus
    [shipping_address_city] => BONFIM PAULISTA/RIBEIRAO PRETO
    [shipping_address_state] => SP
    [shipping_zipcode] => 14110000
    [shipping_type] => 2
    [shipping_1_name] => Jadlog Package (Melhor Envio) (3 a 4 dias úteis)
    [shipping_1_price] => 5315
    [cart_1_name] => Tapete de Couro - Branco - 2,0 x 2,5 Quadriculado (5x5)
    [cart_1_description] => Encomendado: 1
    [cart_1_unitprice] => 69900
    [cart_1_quantity] => 1
    [cart_1_type] => 1
    [cart_1_code] => 1106-branco
    [cart_1_weight] => 8000
)

03-30-2021 @ 09:10:36 - Transaction arguments for order 8592: Array
(
    [merchant_id] => 144a8ce4-3e77-402e-991e-8ddbcceb8686
    [order_number] => 8592
    [antifraud_enabled] => FALSE
    [customer_name] => Jéssica Madureira
    [customer_email] => jessica.dmadureira@hotmail.com
    [customer_phone] => 16988073116
    [customer_identity] => 41946654817
    [shipping_address_name] => Trav. santa silveria
    [shipping_address_number] => 114
    [shipping_address_complement] => casa
    [shipping_address_district] => Bom Jesus
    [shipping_address_city] => BONFIM PAULISTA/RIBEIRAO PRETO
    [shipping_address_state] => SP
    [shipping_zipcode] => 14110000
    [shipping_type] => 2
    [shipping_1_name] => Jadlog Package (Melhor Envio) (3 a 4 dias úteis)
    [shipping_1_price] => 5315
    [cart_1_name] => Tapete de Couro - Branco - 2,0 x 2,5 Quadriculado (5x5)
    [cart_1_description] => Encomendado: 1
    [cart_1_unitprice] => 69900
    [cart_1_quantity] => 1
    [cart_1_type] => 1
    [cart_1_code] => 1106-branco
    [cart_1_weight] => 8000
)

03-30-2021 @ 16:56:30 - Transaction arguments for order 8593: Array
(
    [merchant_id] => 144a8ce4-3e77-402e-991e-8ddbcceb8686
    [order_number] => 8593
    [antifraud_enabled] => FALSE
    [customer_name] => simone litholdo
    [customer_email] => simone@litholdoengenharia.com.br
    [customer_phone] => 19992484557
    [customer_identity] => 16069793889
    [shipping_address_name] => Rua 6 CJ res bossa nova
    [shipping_address_number] => 1236
    [shipping_address_complement] => 1236
    [shipping_address_district] => residencial bossa nova cop 33
    [shipping_address_city] => Rio Claro
    [shipping_address_state] => SP
    [shipping_zipcode] => 13501070
    [shipping_type] => 3
    [cart_1_name] => Tapete de Couro Brasino Grande 2,40 x 2,10 m
    [cart_1_unitprice] => 65000
    [cart_1_quantity] => 1
    [cart_1_type] => 1
    [cart_1_code] => 2160
    [cart_1_weight] => 5000
)

03-30-2021 @ 16:56:30 - Transaction arguments for order 8593: Array
(
    [merchant_id] => 144a8ce4-3e77-402e-991e-8ddbcceb8686
    [order_number] => 8593
    [antifraud_enabled] => FALSE
    [customer_name] => simone litholdo
    [customer_email] => simone@litholdoengenharia.com.br
    [customer_phone] => 19992484557
    [customer_identity] => 16069793889
    [shipping_address_name] => Rua 6 CJ res bossa nova
    [shipping_address_number] => 1236
    [shipping_address_complement] => 1236
    [shipping_address_district] => residencial bossa nova cop 33
    [shipping_address_city] => Rio Claro
    [shipping_address_state] => SP
    [shipping_zipcode] => 13501070
    [shipping_type] => 3
    [cart_1_name] => Tapete de Couro Brasino Grande 2,40 x 2,10 m
    [cart_1_unitprice] => 65000
    [cart_1_quantity] => 1
    [cart_1_type] => 1
    [cart_1_code] => 2160
    [cart_1_weight] => 5000
)

03-30-2021 @ 17:01:28 - Transaction arguments for order 8593: Array
(
    [merchant_id] => 144a8ce4-3e77-402e-991e-8ddbcceb8686
    [order_number] => 8593
    [antifraud_enabled] => FALSE
    [customer_name] => simone litholdo
    [customer_email] => simone@litholdoengenharia.com.br
    [customer_phone] => 19992484557
    [customer_identity] => 16069793889
    [shipping_address_name] => Rua 6 CJ res bossa nova
    [shipping_address_number] => 1236
    [shipping_address_complement] => 1236
    [shipping_address_district] => residencial bossa nova cop 33
    [shipping_address_city] => Rio Claro
    [shipping_address_state] => SP
    [shipping_zipcode] => 13501070
    [shipping_type] => 3
    [cart_1_name] => Tapete de Couro Brasino Grande 2,40 x 2,10 m
    [cart_1_unitprice] => 65000
    [cart_1_quantity] => 1
    [cart_1_type] => 1
    [cart_1_code] => 2160
    [cart_1_weight] => 5000
)

03-30-2021 @ 17:04:32 - Transaction arguments for order 8593: Array
(
    [merchant_id] => 144a8ce4-3e77-402e-991e-8ddbcceb8686
    [order_number] => 8593
    [antifraud_enabled] => FALSE
    [customer_name] => simone litholdo
    [customer_email] => simone@litholdoengenharia.com.br
    [customer_phone] => 19992484557
    [customer_identity] => 16069793889
    [shipping_address_name] => Rua 6 CJ res bossa nova
    [shipping_address_number] => 1236
    [shipping_address_complement] => cop 33
    [shipping_address_district] => residencial bossa nova cop 33
    [shipping_address_city] => Rio Claro
    [shipping_address_state] => SP
    [shipping_zipcode] => 13501070
    [shipping_type] => 3
    [cart_1_name] => Tapete de Couro Brasino Grande 2,40 x 2,10 m
    [cart_1_unitprice] => 65000
    [cart_1_quantity] => 1
    [cart_1_type] => 1
    [cart_1_code] => 2160
    [cart_1_weight] => 5000
)

03-30-2021 @ 17:06:53 - Received status change for order 8593: Array
(
    [order_number] => 8593
    [amount] => 65000
    [checkout_cielo_order_number] => ad8f802ed5cd4414b5919ffb606b7669
    [created_date] => 30/03/2021 17:06:36
    [customer_name] => simone litholdo
    [customer_phone] => 19992484557
    [customer_email] => simone@litholdoengenharia.com.br
    [shipping_type] => 3
    [shipping_name] => Frete grátis
    [shipping_price] => 0
    [shipping_address_zipcode] => 13501070
    [shipping_address_district] => residencial bossa nova cop 33
    [shipping_address_city] => Rio Claro
    [shipping_address_state] => SP
    [shipping_address_line1] => Rua 6 CJ res bossa nova
    [shipping_address_line2] => cop 33
    [shipping_address_number] => 1236
    [payment_method_type] => 1
    [payment_method_brand] => 2
    [payment_installments] => 12
    [payment_status] => 7
    [tid] => 27756416220VMCQAFL5C
    [test_transaction] => False
    [nsu] => 057001
    [authorization_code] => 063905
)

03-30-2021 @ 17:26:39 - Received status change for order 8593: Array
(
    [checkout_cielo_order_number] => ad8f802ed5cd4414b5919ffb606b7669
    [amount] => 65000
    [order_number] => 8593
    [payment_status] => 7
    [test_transaction] => False
    [brand] => Master
    [nsu] => 057001
    [authorization_code] => 063905
)

03-30-2021 @ 17:33:16 - Received status change for order 8593: Array
(
    [checkout_cielo_order_number] => ad8f802ed5cd4414b5919ffb606b7669
    [amount] => 65000
    [order_number] => 8593
    [payment_status] => 2
    [test_transaction] => False
    [brand] => Master
    [nsu] => 057001
    [authorization_code] => 063905
)

03-30-2021 @ 20:02:59 - Transaction arguments for order 8607: Array
(
    [merchant_id] => 144a8ce4-3e77-402e-991e-8ddbcceb8686
    [order_number] => 8607
    [antifraud_enabled] => FALSE
    [customer_name] => Renata Gaffree
    [customer_email] => renatagaffree45@gmail.com
    [customer_identity] => 01214449026
    [shipping_address_name] => Sete de setembro
    [shipping_address_number] => 1180
    [shipping_address_complement] => 
    [shipping_address_district] => 
    [shipping_address_city] => Bage
    [shipping_address_state] => RS
    [shipping_zipcode] => 96400003
    [shipping_type] => 3
    [cart_1_name] => Tapete em Couro Legítimo Passadeira 0,50 x 1,50 m
    [cart_1_unitprice] => 16000
    [cart_1_quantity] => 1
    [cart_1_type] => 1
    [cart_1_code] => 3156
    [cart_1_weight] => 2000
    [cart_2_name] => Pele de Ovelha Pelego Branco - Tamanho G
    [cart_2_description] => Tamanho: Tamanho G
    [cart_2_unitprice] => 23900
    [cart_2_quantity] => 1
    [cart_2_type] => 1
    [cart_2_code] => OVELHA_PELEGO_BRANCO01
    [cart_2_weight] => 3500
)

03-30-2021 @ 20:02:59 - Transaction arguments for order 8607: Array
(
    [merchant_id] => 144a8ce4-3e77-402e-991e-8ddbcceb8686
    [order_number] => 8607
    [antifraud_enabled] => FALSE
    [customer_name] => Renata Gaffree
    [customer_email] => renatagaffree45@gmail.com
    [customer_identity] => 01214449026
    [shipping_address_name] => Sete de setembro
    [shipping_address_number] => 1180
    [shipping_address_complement] => 
    [shipping_address_district] => 
    [shipping_address_city] => Bage
    [shipping_address_state] => RS
    [shipping_zipcode] => 96400003
    [shipping_type] => 3
    [cart_1_name] => Tapete em Couro Legítimo Passadeira 0,50 x 1,50 m
    [cart_1_unitprice] => 16000
    [cart_1_quantity] => 1
    [cart_1_type] => 1
    [cart_1_code] => 3156
    [cart_1_weight] => 2000
    [cart_2_name] => Pele de Ovelha Pelego Branco - Tamanho G
    [cart_2_description] => Tamanho: Tamanho G
    [cart_2_unitprice] => 23900
    [cart_2_quantity] => 1
    [cart_2_type] => 1
    [cart_2_code] => OVELHA_PELEGO_BRANCO01
    [cart_2_weight] => 3500
)

