05-25-2021 @ 10:04:09 - Transaction arguments for order 9615: Array
(
    [merchant_id] => 144a8ce4-3e77-402e-991e-8ddbcceb8686
    [order_number] => 9615
    [antifraud_enabled] => FALSE
    [customer_name] => dunya sab
    [customer_email] => dunyasabgir@hotmail.com
    [customer_phone] => 14996460029
    [customer_identity] => 07286955888
    [shipping_address_name] => av dom lucio,641
    [shipping_address_number] => 641
    [shipping_address_complement] => apto 901
    [shipping_address_district] => centro
    [shipping_address_city] => Botucatu
    [shipping_address_state] => SP
    [shipping_zipcode] => 18602092
    [shipping_type] => 2
    [shipping_1_name] => Jadlog Package (Melhor Envio) (3 a 4 dias úteis)
    [shipping_1_price] => 3350
    [cart_1_name] => Tapete de Couro – Malhado Vermelho – 1,0 x 1,5 Quadriculado (10×10)
    [cart_1_description] => Encomendado: 1
    [cart_1_unitprice] => 25900
    [cart_1_quantity] => 1
    [cart_1_type] => 1
    [cart_1_code] => 1323-malhado-vermelho
    [cart_1_weight] => 3000
)

05-25-2021 @ 10:04:10 - Transaction arguments for order 9615: Array
(
    [merchant_id] => 144a8ce4-3e77-402e-991e-8ddbcceb8686
    [order_number] => 9615
    [antifraud_enabled] => FALSE
    [customer_name] => dunya sab
    [customer_email] => dunyasabgir@hotmail.com
    [customer_phone] => 14996460029
    [customer_identity] => 07286955888
    [shipping_address_name] => av dom lucio,641
    [shipping_address_number] => 641
    [shipping_address_complement] => apto 901
    [shipping_address_district] => centro
    [shipping_address_city] => Botucatu
    [shipping_address_state] => SP
    [shipping_zipcode] => 18602092
    [shipping_type] => 2
    [shipping_1_name] => Jadlog Package (Melhor Envio) (3 a 4 dias úteis)
    [shipping_1_price] => 3350
    [cart_1_name] => Tapete de Couro – Malhado Vermelho – 1,0 x 1,5 Quadriculado (10×10)
    [cart_1_description] => Encomendado: 1
    [cart_1_unitprice] => 25900
    [cart_1_quantity] => 1
    [cart_1_type] => 1
    [cart_1_code] => 1323-malhado-vermelho
    [cart_1_weight] => 3000
)

05-25-2021 @ 10:07:47 - Received status change for order 9615: Array
(
    [order_number] => 9615
    [amount] => 29250
    [checkout_cielo_order_number] => 71d042a8378e4b868e9b8b338ae7f2ff
    [created_date] => 25/05/2021 10:07:45
    [customer_name] => dunya sab
    [customer_phone] => 14996460029
    [customer_email] => dunyasabgir@hotmail.com
    [shipping_type] => 2
    [shipping_name] => Jadlog Package (Melhor Envio) (3 a 4 dias úteis)
    [shipping_price] => 3350
    [shipping_address_zipcode] => 18602092
    [shipping_address_district] => centro
    [shipping_address_city] => Botucatu
    [shipping_address_state] => SP
    [shipping_address_line1] => av dom lucio,641
    [shipping_address_line2] => apto 901
    [shipping_address_number] => 641
    [payment_method_type] => 1
    [payment_method_brand] => 1
    [payment_installments] => 5
    [payment_status] => 7
    [tid] => 277564162211AFPANQUC
    [test_transaction] => False
    [nsu] => 037001
    [authorization_code] => 674615
)

05-25-2021 @ 14:46:33 - Received status change for order 9608: Array
(
    [checkout_cielo_order_number] => 2962128f9d054d6fa9b9b801fc27f6d2
    [amount] => 11844
    [order_number] => 9608
    [payment_status] => 2
    [test_transaction] => False
    [brand] => Master
    [nsu] => 034003
    [authorization_code] => 678011
)

05-25-2021 @ 14:56:58 - Received status change for order 9615: Array
(
    [checkout_cielo_order_number] => 71d042a8378e4b868e9b8b338ae7f2ff
    [amount] => 29250
    [order_number] => 9615
    [payment_status] => 2
    [test_transaction] => False
    [brand] => Visa
    [nsu] => 037001
    [authorization_code] => 674615
)

