04-07-2021 @ 12:23:53 - Transaction arguments for order 8666: Array
(
    [merchant_id] => 144a8ce4-3e77-402e-991e-8ddbcceb8686
    [order_number] => 8666
    [antifraud_enabled] => FALSE
    [customer_name] => ANDREA DALLAGNOL
    [customer_email] => andrea@yoski.com.br
    [customer_phone] => 5432313913
    [customer_identity] => 98441957053
    [shipping_address_name] => RUA NEWTON
    [shipping_address_number] => 69
    [shipping_address_complement] => 
    [shipping_address_district] => PINHEIROS
    [shipping_address_city] => VACARIA
    [shipping_address_state] => RS
    [shipping_zipcode] => 95211022
    [shipping_type] => 3
    [cart_1_name] => Tapete de Couro Médio 2,18 x 1,65 m
    [cart_1_unitprice] => 58000
    [cart_1_quantity] => 1
    [cart_1_type] => 1
    [cart_1_code] => 2881
    [cart_1_weight] => 4500
)

04-07-2021 @ 12:23:53 - Transaction arguments for order 8666: Array
(
    [merchant_id] => 144a8ce4-3e77-402e-991e-8ddbcceb8686
    [order_number] => 8666
    [antifraud_enabled] => FALSE
    [customer_name] => ANDREA DALLAGNOL
    [customer_email] => andrea@yoski.com.br
    [customer_phone] => 5432313913
    [customer_identity] => 98441957053
    [shipping_address_name] => RUA NEWTON
    [shipping_address_number] => 69
    [shipping_address_complement] => 
    [shipping_address_district] => PINHEIROS
    [shipping_address_city] => VACARIA
    [shipping_address_state] => RS
    [shipping_zipcode] => 95211022
    [shipping_type] => 3
    [cart_1_name] => Tapete de Couro Médio 2,18 x 1,65 m
    [cart_1_unitprice] => 58000
    [cart_1_quantity] => 1
    [cart_1_type] => 1
    [cart_1_code] => 2881
    [cart_1_weight] => 4500
)

04-07-2021 @ 12:26:48 - Received status change for order 8666: Array
(
    [order_number] => 8666
    [amount] => 58000
    [checkout_cielo_order_number] => 612951061afc4b4d88f03bb01e99e3ad
    [created_date] => 07/04/2021 12:26:45
    [customer_name] => ANDREA DALLAGNOL
    [customer_phone] => 5432313913
    [customer_email] => andrea@yoski.com.br
    [shipping_type] => 3
    [shipping_name] => Frete grátis
    [shipping_price] => 0
    [shipping_address_zipcode] => 95211022
    [shipping_address_district] => Pinheiros
    [shipping_address_city] => Vacaria
    [shipping_address_state] => RS
    [shipping_address_line1] => Rua Newton
    [shipping_address_number] => 69
    [payment_method_type] => 1
    [payment_method_brand] => 2
    [payment_installments] => 4
    [payment_status] => 7
    [tid] => 27756416220VTRR9GTHC
    [test_transaction] => False
    [nsu] => 055007
    [authorization_code] => 035176
)

04-07-2021 @ 15:26:41 - Transaction arguments for order 8669: Array
(
    [merchant_id] => 144a8ce4-3e77-402e-991e-8ddbcceb8686
    [order_number] => 8669
    [antifraud_enabled] => FALSE
    [customer_name] => Gustavo Henrique Amorim Ramos
    [customer_email] => ghramos@gmail.com
    [customer_phone] => 6130394966
    [customer_identity] => 28264576087
    [shipping_address_name] => SQN 313 bloco B Apto 305
    [shipping_address_number] => 305
    [shipping_address_complement] => Apto 305
    [shipping_address_district] => Asa Norte
    [shipping_address_city] => Brasília
    [shipping_address_state] => DF
    [shipping_zipcode] => 70766020
    [shipping_type] => 2
    [shipping_1_name] => Jadlog Package (Melhor Envio) (6 a 7 dias úteis)
    [shipping_1_price] => 8910
    [cart_1_name] => Pele de Ovelha Pelego Premium Marrom Chamuscado - Tamanho G
    [cart_1_description] => Tamanho: Tamanho G
    [cart_1_unitprice] => 23900
    [cart_1_quantity] => 2
    [cart_1_type] => 1
    [cart_1_code] => OVELHA_PELEGO_CHAMUSCADO
    [cart_1_weight] => 3500
)

04-07-2021 @ 15:26:41 - Transaction arguments for order 8669: Array
(
    [merchant_id] => 144a8ce4-3e77-402e-991e-8ddbcceb8686
    [order_number] => 8669
    [antifraud_enabled] => FALSE
    [customer_name] => Gustavo Henrique Amorim Ramos
    [customer_email] => ghramos@gmail.com
    [customer_phone] => 6130394966
    [customer_identity] => 28264576087
    [shipping_address_name] => SQN 313 bloco B Apto 305
    [shipping_address_number] => 305
    [shipping_address_complement] => Apto 305
    [shipping_address_district] => Asa Norte
    [shipping_address_city] => Brasília
    [shipping_address_state] => DF
    [shipping_zipcode] => 70766020
    [shipping_type] => 2
    [shipping_1_name] => Jadlog Package (Melhor Envio) (6 a 7 dias úteis)
    [shipping_1_price] => 8910
    [cart_1_name] => Pele de Ovelha Pelego Premium Marrom Chamuscado - Tamanho G
    [cart_1_description] => Tamanho: Tamanho G
    [cart_1_unitprice] => 23900
    [cart_1_quantity] => 2
    [cart_1_type] => 1
    [cart_1_code] => OVELHA_PELEGO_CHAMUSCADO
    [cart_1_weight] => 3500
)

04-07-2021 @ 15:29:44 - Received status change for order 8669: Array
(
    [order_number] => 8669
    [amount] => 56710
    [checkout_cielo_order_number] => e49f72fb9d374310ab9f50e26f943137
    [created_date] => 07/04/2021 15:29:42
    [customer_name] => Gustavo Ramos
    [customer_phone] => 6130394966
    [customer_email] => ghramos@gmail.com
    [shipping_type] => 2
    [shipping_name] => Jadlog Package (Melhor Envio) (6 a 7 dias úteis)
    [shipping_price] => 8910
    [shipping_address_zipcode] => 70766020
    [shipping_address_district] => Asa Norte
    [shipping_address_city] => Brasília
    [shipping_address_state] => DF
    [shipping_address_line1] => SQN 313 bloco B Apto 305
    [shipping_address_line2] => Apto 305
    [shipping_address_number] => 305
    [payment_method_type] => 1
    [payment_method_brand] => 1
    [payment_installments] => 4
    [payment_status] => 7
    [tid] => 27756416220VTRRQOA0C
    [test_transaction] => False
    [nsu] => 057011
    [authorization_code] => 129330
)

04-07-2021 @ 15:53:28 - Received status change for order 8666: Array
(
    [checkout_cielo_order_number] => 612951061afc4b4d88f03bb01e99e3ad
    [amount] => 58000
    [order_number] => 8666
    [payment_status] => 2
    [test_transaction] => False
    [brand] => Master
    [nsu] => 055007
    [authorization_code] => 035176
)

04-07-2021 @ 15:53:29 - Received status change for order 8669: Array
(
    [checkout_cielo_order_number] => e49f72fb9d374310ab9f50e26f943137
    [amount] => 56710
    [order_number] => 8669
    [payment_status] => 2
    [test_transaction] => False
    [brand] => Visa
    [nsu] => 057011
    [authorization_code] => 129330
)

