05-19-2021 @ 17:17:20 - Transaction arguments for order 9573: Array
(
    [merchant_id] => 144a8ce4-3e77-402e-991e-8ddbcceb8686
    [order_number] => 9573
    [antifraud_enabled] => FALSE
    [customer_name] => Silvio Marcondes
    [customer_email] => silvio@saopedronet.com.br
    [customer_phone] => 55999699858
    [customer_identity] => 98554247000
    [shipping_address_name] => Expedicionário de almeida
    [shipping_address_number] => 701
    [shipping_address_complement] => São Pedro Net
    [shipping_address_district] => Centro
    [shipping_address_city] => São Pedro do Sul
    [shipping_address_state] => RS
    [shipping_zipcode] => 97400000
    [shipping_type] => 2
    [shipping_1_name] => Correios Pac (Melhor Envio) (6 a 7 dias úteis)
    [shipping_1_price] => 4080
    [cart_1_name] => [PRONTA ENTREGA] Tapete de Couro - Bege Médio - 2,0 x 2,5 Quadriculado (7x7)
    [cart_1_unitprice] => 79900
    [cart_1_quantity] => 1
    [cart_1_type] => 1
    [cart_1_code] => 1206-bege-medio
    [cart_1_weight] => 8000
)

05-19-2021 @ 17:17:21 - Transaction arguments for order 9573: Array
(
    [merchant_id] => 144a8ce4-3e77-402e-991e-8ddbcceb8686
    [order_number] => 9573
    [antifraud_enabled] => FALSE
    [customer_name] => Silvio Marcondes
    [customer_email] => silvio@saopedronet.com.br
    [customer_phone] => 55999699858
    [customer_identity] => 98554247000
    [shipping_address_name] => Expedicionário de almeida
    [shipping_address_number] => 701
    [shipping_address_complement] => São Pedro Net
    [shipping_address_district] => Centro
    [shipping_address_city] => São Pedro do Sul
    [shipping_address_state] => RS
    [shipping_zipcode] => 97400000
    [shipping_type] => 2
    [shipping_1_name] => Correios Pac (Melhor Envio) (6 a 7 dias úteis)
    [shipping_1_price] => 4080
    [cart_1_name] => [PRONTA ENTREGA] Tapete de Couro - Bege Médio - 2,0 x 2,5 Quadriculado (7x7)
    [cart_1_unitprice] => 79900
    [cart_1_quantity] => 1
    [cart_1_type] => 1
    [cart_1_code] => 1206-bege-medio
    [cart_1_weight] => 8000
)

05-19-2021 @ 17:34:39 - Invalid status change: Array
(
    [order_number] => e5831b06343a43fcbcc32690d47cb5cd
    [amount] => 125000
    [checkout_cielo_order_number] => 5794251a60ac4729aeaac4034d09baec
    [created_date] => 19/05/2021 17:34:34
    [customer_name] => Marcia Dachery
    [customer_phone] => 53999000918
    [customer_email] => mssants@hotmail.com
    [shipping_type] => 3
    [shipping_name] => Frete grátis
    [shipping_price] => 0
    [shipping_address_zipcode] => 96413020
    [shipping_address_district] => Industrial I
    [shipping_address_city] => Bagé
    [shipping_address_state] => RS
    [shipping_address_line1] => Rua Professor Maurílio Carlini
    [shipping_address_line2] => Casa 20
    [shipping_address_number] => 1950
    [payment_method_type] => 1
    [payment_method_brand] => 2
    [payment_installments] => 5
    [payment_antifraudresult] => 4
    [payment_status] => 7
    [tid] => 2775641622114SD86UEC
    [test_transaction] => False
    [product_id] => dc2b054c-1d62-47db-b2b9-9bf90f9b13f9
    [product_type] => 1
    [product_quantity] => 0
    [product_description] => Tapete de couro R$ 1070,00 e Banqueta R$ 180,00
    [nsu] => 032001
    [authorization_code] => T77286
)

05-19-2021 @ 17:35:29 - Invalid status change: Array
(
    [order_number] => e5831b06343a43fcbcc32690d47cb5cd
    [amount] => 125000
    [checkout_cielo_order_number] => 5794251a60ac4729aeaac4034d09baec
    [created_date] => 19/05/2021 17:34:34
    [customer_name] => Marcia Dachery
    [customer_phone] => 53999000918
    [customer_email] => mssants@hotmail.com
    [shipping_type] => 3
    [shipping_name] => Frete grátis
    [shipping_price] => 0
    [shipping_address_zipcode] => 96413020
    [shipping_address_district] => Industrial I
    [shipping_address_city] => Bagé
    [shipping_address_state] => RS
    [shipping_address_line1] => Rua Professor Maurílio Carlini
    [shipping_address_line2] => Casa 20
    [shipping_address_number] => 1950
    [payment_method_type] => 1
    [payment_method_brand] => 2
    [payment_installments] => 5
    [payment_antifraudresult] => 4
    [payment_status] => 7
    [tid] => 2775641622114SD86UEC
    [test_transaction] => False
    [product_id] => dc2b054c-1d62-47db-b2b9-9bf90f9b13f9
    [product_type] => 1
    [product_quantity] => 0
    [product_description] => Tapete de couro R$ 1070,00 e Banqueta R$ 180,00
    [nsu] => 032001
    [authorization_code] => T77286
)

05-19-2021 @ 17:42:09 - Transaction arguments for order 9574: Array
(
    [merchant_id] => 144a8ce4-3e77-402e-991e-8ddbcceb8686
    [order_number] => 9574
    [antifraud_enabled] => FALSE
    [customer_name] => Clara Daia Darú
    [customer_email] => claradaiahd@gmail.com
    [customer_phone] => 55419992129
    [customer_identity] => 07690960936
    [shipping_address_name] => Rua Almirante Custódio de Melo
    [shipping_address_number] => 308
    [shipping_address_complement] => 
    [shipping_address_district] => 
    [shipping_address_city] => Ponta Grossa
    [shipping_address_state] => PR
    [shipping_zipcode] => 84010510
    [shipping_type] => 2
    [shipping_1_name] => Jadlog .Com (Melhor Envio) (6 a 7 dias úteis)
    [shipping_1_price] => 1624
    [cart_1_name] => Pantufa Bariloche em Pele de Ovelha/Carneiro Marrom - 39 - (27 cm)
    [cart_1_description] => Tamanho: 39 - (27 cm)
    [cart_1_unitprice] => 9900
    [cart_1_quantity] => 1
    [cart_1_type] => 1
    [cart_1_code] => 5050-marrom-39
    [cart_1_weight] => 400
)

05-19-2021 @ 17:42:09 - Transaction arguments for order 9574: Array
(
    [merchant_id] => 144a8ce4-3e77-402e-991e-8ddbcceb8686
    [order_number] => 9574
    [antifraud_enabled] => FALSE
    [customer_name] => Clara Daia Darú
    [customer_email] => claradaiahd@gmail.com
    [customer_phone] => 55419992129
    [customer_identity] => 07690960936
    [shipping_address_name] => Rua Almirante Custódio de Melo
    [shipping_address_number] => 308
    [shipping_address_complement] => 
    [shipping_address_district] => 
    [shipping_address_city] => Ponta Grossa
    [shipping_address_state] => PR
    [shipping_zipcode] => 84010510
    [shipping_type] => 2
    [shipping_1_name] => Jadlog .Com (Melhor Envio) (6 a 7 dias úteis)
    [shipping_1_price] => 1624
    [cart_1_name] => Pantufa Bariloche em Pele de Ovelha/Carneiro Marrom - 39 - (27 cm)
    [cart_1_description] => Tamanho: 39 - (27 cm)
    [cart_1_unitprice] => 9900
    [cart_1_quantity] => 1
    [cart_1_type] => 1
    [cart_1_code] => 5050-marrom-39
    [cart_1_weight] => 400
)

05-19-2021 @ 17:44:30 - Received status change for order 9574: Array
(
    [order_number] => 9574
    [amount] => 11524
    [checkout_cielo_order_number] => c56a27c12aaf4db1807db9224fde1482
    [created_date] => 19/05/2021 17:44:28
    [customer_name] => Clara Darú
    [customer_phone] => 55419992129
    [customer_email] => claradaiahd@gmail.com
    [shipping_type] => 2
    [shipping_name] => Jadlog .Com (Melhor Envio) (6 a 7 dias úteis)
    [shipping_price] => 1624
    [shipping_address_zipcode] => 84010510
    [shipping_address_district] => Centro
    [shipping_address_city] => Ponta Grossa
    [shipping_address_state] => PR
    [shipping_address_line1] => Rua Almirante Custódio de Mello
    [shipping_address_number] => 308
    [payment_method_type] => 1
    [payment_method_brand] => 2
    [payment_installments] => 2
    [payment_status] => 7
    [tid] => 2775641622114SD9JI5C
    [test_transaction] => False
    [nsu] => 032003
    [authorization_code] => 034773
)

05-19-2021 @ 17:46:27 - Invalid status change: Array
(
    [checkout_cielo_order_number] => 5794251a60ac4729aeaac4034d09baec
    [amount] => 125000
    [order_number] => e5831b06343a43fcbcc32690d47cb5cd
    [payment_status] => 2
    [test_transaction] => False
    [brand] => Master
    [nsu] => 032001
    [authorization_code] => T77286
)

05-19-2021 @ 17:56:24 - Received status change for order 9574: Array
(
    [checkout_cielo_order_number] => c56a27c12aaf4db1807db9224fde1482
    [amount] => 11524
    [order_number] => 9574
    [payment_status] => 2
    [test_transaction] => False
    [brand] => Master
    [nsu] => 032003
    [authorization_code] => 034773
)

