04-26-2021 @ 12:54:31 - Transaction arguments for order 9109: Array
(
    [merchant_id] => 144a8ce4-3e77-402e-991e-8ddbcceb8686
    [order_number] => 9109
    [antifraud_enabled] => FALSE
    [customer_name] => Maria Fernanda Von Atzingen Pinto
    [customer_email] => mariafer.savel@gmail.com
    [customer_phone] => 16981979697
    [customer_identity] => 36917892858
    [shipping_address_name] => Av Prof Rubens Gomes de Souza
    [shipping_address_number] => 1184
    [shipping_address_complement] => Casa
    [shipping_address_district] => Jardim Cordeiro
    [shipping_address_city] => São Paulo
    [shipping_address_state] => SP
    [shipping_zipcode] => 04640230
    [shipping_type] => 2
    [shipping_1_name] => Correios Pac (Melhor Envio) (9 a 10 dias úteis)
    [shipping_1_price] => 2485
    [cart_1_name] => Pantufa Bariloche em Pele de Ovelha/Carneiro Branca/Off White - 39 - (27 cm)
    [cart_1_description] => Tamanho: 39 - (27 cm)
    [cart_1_unitprice] => 9900
    [cart_1_quantity] => 1
    [cart_1_type] => 1
    [cart_1_code] => 5050-branco-39
    [cart_1_weight] => 400
)

04-26-2021 @ 12:54:31 - Transaction arguments for order 9109: Array
(
    [merchant_id] => 144a8ce4-3e77-402e-991e-8ddbcceb8686
    [order_number] => 9109
    [antifraud_enabled] => FALSE
    [customer_name] => Maria Fernanda Von Atzingen Pinto
    [customer_email] => mariafer.savel@gmail.com
    [customer_phone] => 16981979697
    [customer_identity] => 36917892858
    [shipping_address_name] => Av Prof Rubens Gomes de Souza
    [shipping_address_number] => 1184
    [shipping_address_complement] => Casa
    [shipping_address_district] => Jardim Cordeiro
    [shipping_address_city] => São Paulo
    [shipping_address_state] => SP
    [shipping_zipcode] => 04640230
    [shipping_type] => 2
    [shipping_1_name] => Correios Pac (Melhor Envio) (9 a 10 dias úteis)
    [shipping_1_price] => 2485
    [cart_1_name] => Pantufa Bariloche em Pele de Ovelha/Carneiro Branca/Off White - 39 - (27 cm)
    [cart_1_description] => Tamanho: 39 - (27 cm)
    [cart_1_unitprice] => 9900
    [cart_1_quantity] => 1
    [cart_1_type] => 1
    [cart_1_code] => 5050-branco-39
    [cart_1_weight] => 400
)

04-26-2021 @ 12:56:38 - Received status change for order 9109: Array
(
    [order_number] => 9109
    [amount] => 12385
    [checkout_cielo_order_number] => fa1660c671044fc9a7d8fb33939c7a27
    [created_date] => 26/04/2021 12:56:36
    [customer_name] => Maria Pinto
    [customer_phone] => 16981979697
    [customer_email] => mariafer.savel@gmail.com
    [shipping_type] => 2
    [shipping_name] => Correios Pac (Melhor Envio) (9 a 10 dias úteis)
    [shipping_price] => 2485
    [shipping_address_zipcode] => 04640230
    [shipping_address_district] => Jardim Cordeiro
    [shipping_address_city] => São Paulo
    [shipping_address_state] => SP
    [shipping_address_line1] => Av Prof Rubens Gomes de Souza
    [shipping_address_line2] => Casa
    [shipping_address_number] => 1184
    [payment_method_type] => 1
    [payment_method_brand] => 2
    [payment_installments] => 1
    [payment_status] => 7
    [tid] => 277564162210FN26EEKE
    [test_transaction] => False
    [nsu] => 011002
    [authorization_code] => 079018
)

04-26-2021 @ 14:23:00 - Received status change for order 9109: Array
(
    [checkout_cielo_order_number] => fa1660c671044fc9a7d8fb33939c7a27
    [amount] => 12385
    [order_number] => 9109
    [payment_status] => 2
    [test_transaction] => False
    [brand] => Master
    [nsu] => 011002
    [authorization_code] => 079018
)

04-26-2021 @ 16:00:58 - Transaction arguments for order 9110: Array
(
    [merchant_id] => 144a8ce4-3e77-402e-991e-8ddbcceb8686
    [order_number] => 9110
    [antifraud_enabled] => FALSE
    [customer_name] => Camila Scaglioni
    [customer_email] => camila_mrosa@hotmail.com
    [customer_phone] => 53984141141
    [customer_identity] => 01032205008
    [shipping_address_name] => Delta FM
    [shipping_address_number] => 132
    [shipping_address_complement] => 
    [shipping_address_district] => Jardim do castelo
    [shipping_address_city] => Bagé
    [shipping_address_state] => RS
    [shipping_zipcode] => 96415630
    [shipping_type] => 3
    [cart_1_name] => Banqueta Giratória Alta em Couro Legítimo - Preto
    [cart_1_description] => Encomendado: 2
    [cart_1_unitprice] => 44900
    [cart_1_quantity] => 2
    [cart_1_type] => 1
    [cart_1_code] => 4208-PRETO
    [cart_1_weight] => 9000
)

04-26-2021 @ 16:00:59 - Transaction arguments for order 9110: Array
(
    [merchant_id] => 144a8ce4-3e77-402e-991e-8ddbcceb8686
    [order_number] => 9110
    [antifraud_enabled] => FALSE
    [customer_name] => Camila Scaglioni
    [customer_email] => camila_mrosa@hotmail.com
    [customer_phone] => 53984141141
    [customer_identity] => 01032205008
    [shipping_address_name] => Delta FM
    [shipping_address_number] => 132
    [shipping_address_complement] => 
    [shipping_address_district] => Jardim do castelo
    [shipping_address_city] => Bagé
    [shipping_address_state] => RS
    [shipping_zipcode] => 96415630
    [shipping_type] => 3
    [cart_1_name] => Banqueta Giratória Alta em Couro Legítimo - Preto
    [cart_1_description] => Encomendado: 2
    [cart_1_unitprice] => 44900
    [cart_1_quantity] => 2
    [cart_1_type] => 1
    [cart_1_code] => 4208-PRETO
    [cart_1_weight] => 9000
)

