04-12-2021 @ 07:39:34 - Transaction arguments for order 8728: Array
(
    [merchant_id] => 144a8ce4-3e77-402e-991e-8ddbcceb8686
    [order_number] => 8728
    [antifraud_enabled] => FALSE
    [customer_name] => Lillian Bardin
    [customer_email] => lbardinnutri@gmail.com
    [customer_phone] => 19999407728
    [customer_identity] => 40709569807
    [shipping_address_name] => Rua João Lopes Vieira
    [shipping_address_number] => 141
    [shipping_address_complement] => Torre 2B ap111
    [shipping_address_district] => Vila bela dom Pedro
    [shipping_address_city] => Campinas
    [shipping_address_state] => SP
    [shipping_zipcode] => 13087734
    [shipping_type] => 2
    [shipping_1_name] => Jadlog Package (Melhor Envio) (3 a 4 dias úteis)
    [shipping_1_price] => 2757
    [cart_1_name] => Tapete em Couro Legítimo Passadeira 0,60 x 3,0 m
    [cart_1_description] => Encomendado: 1
    [cart_1_unitprice] => 32900
    [cart_1_quantity] => 1
    [cart_1_type] => 1
    [cart_1_code] => 1111-bege-claro
    [cart_1_weight] => 3000
)

04-12-2021 @ 07:39:34 - Transaction arguments for order 8728: Array
(
    [merchant_id] => 144a8ce4-3e77-402e-991e-8ddbcceb8686
    [order_number] => 8728
    [antifraud_enabled] => FALSE
    [customer_name] => Lillian Bardin
    [customer_email] => lbardinnutri@gmail.com
    [customer_phone] => 19999407728
    [customer_identity] => 40709569807
    [shipping_address_name] => Rua João Lopes Vieira
    [shipping_address_number] => 141
    [shipping_address_complement] => Torre 2B ap111
    [shipping_address_district] => Vila bela dom Pedro
    [shipping_address_city] => Campinas
    [shipping_address_state] => SP
    [shipping_zipcode] => 13087734
    [shipping_type] => 2
    [shipping_1_name] => Jadlog Package (Melhor Envio) (3 a 4 dias úteis)
    [shipping_1_price] => 2757
    [cart_1_name] => Tapete em Couro Legítimo Passadeira 0,60 x 3,0 m
    [cart_1_description] => Encomendado: 1
    [cart_1_unitprice] => 32900
    [cart_1_quantity] => 1
    [cart_1_type] => 1
    [cart_1_code] => 1111-bege-claro
    [cart_1_weight] => 3000
)

04-12-2021 @ 07:40:59 - Received status change for order 8728: Array
(
    [order_number] => 8728
    [amount] => 35657
    [checkout_cielo_order_number] => f42e9b1401254f39b3a513beaaa4fbae
    [created_date] => 12/04/2021 07:40:55
    [customer_name] => Lillian Bardin
    [customer_phone] => 19999407728
    [customer_email] => lbardinnutri@gmail.com
    [shipping_type] => 2
    [shipping_name] => Jadlog Package (Melhor Envio) (3 a 4 dias úteis)
    [shipping_price] => 2757
    [shipping_address_zipcode] => 13087734
    [shipping_address_district] => Vila bela dom Pedro
    [shipping_address_city] => Campinas
    [shipping_address_state] => SP
    [shipping_address_line1] => Rua João Lopes Vieira
    [shipping_address_line2] => Torre 2B ap111
    [shipping_address_number] => 141
    [payment_method_type] => 1
    [payment_method_brand] => 1
    [payment_installments] => 1
    [payment_status] => 7
    [tid] => 2775641622102ADKI8IC
    [test_transaction] => False
    [nsu] => 001003
    [authorization_code] => 605795
)

04-12-2021 @ 14:23:28 - Received status change for order 8728: Array
(
    [checkout_cielo_order_number] => f42e9b1401254f39b3a513beaaa4fbae
    [amount] => 35657
    [order_number] => 8728
    [payment_status] => 2
    [test_transaction] => False
    [brand] => Visa
    [nsu] => 001003
    [authorization_code] => 605795
)

