04-21-2021 @ 13:29:43 - Invalid status change: Array
(
    [order_number] => 80bd6803972d477886824e1746dee3c2
    [amount] => 266700
    [checkout_cielo_order_number] => ae73fbef01bd45ef96a8fd4cb5687965
    [created_date] => 21/04/2021 13:29:35
    [customer_name] => Guilherme Pereira
    [customer_phone] => 41999726883
    [customer_email] => g.baggio@me.com
    [shipping_type] => 2
    [shipping_name] => Transportadora
    [shipping_price] => 32200
    [shipping_address_zipcode] => 80420200
    [shipping_address_district] => Centro
    [shipping_address_city] => Curitiba
    [shipping_address_state] => PR
    [shipping_address_line1] => Rua Brigadeiro Franco
    [shipping_address_line2] => 403
    [shipping_address_number] => 1466
    [payment_method_type] => 1
    [payment_method_brand] => 1
    [payment_installments] => 3
    [payment_antifraudresult] => 4
    [payment_status] => 7
    [tid] => 277564162210ANDO0ALC
    [test_transaction] => False
    [product_id] => 21a301d5-4815-4339-bd44-7dfdab9d1314
    [product_type] => 1
    [product_max_number_of_installments] => 3
    [product_quantity] => 0
    [product_description] => Cor: preto brilhante
Altura total: 65cm
    [nsu] => 010001
    [authorization_code] => 068025
)

04-21-2021 @ 13:31:03 - Invalid status change: Array
(
    [order_number] => 80bd6803972d477886824e1746dee3c2
    [amount] => 266700
    [checkout_cielo_order_number] => ae73fbef01bd45ef96a8fd4cb5687965
    [created_date] => 21/04/2021 13:29:35
    [customer_name] => Guilherme Pereira
    [customer_phone] => 41999726883
    [customer_email] => g.baggio@me.com
    [shipping_type] => 2
    [shipping_name] => Transportadora
    [shipping_price] => 32200
    [shipping_address_zipcode] => 80420200
    [shipping_address_district] => Centro
    [shipping_address_city] => Curitiba
    [shipping_address_state] => PR
    [shipping_address_line1] => Rua Brigadeiro Franco
    [shipping_address_line2] => 403
    [shipping_address_number] => 1466
    [payment_method_type] => 1
    [payment_method_brand] => 1
    [payment_installments] => 3
    [payment_antifraudresult] => 4
    [payment_status] => 7
    [tid] => 277564162210ANDO0ALC
    [test_transaction] => False
    [product_id] => 21a301d5-4815-4339-bd44-7dfdab9d1314
    [product_type] => 1
    [product_max_number_of_installments] => 3
    [product_quantity] => 0
    [product_description] => Cor: preto brilhante
Altura total: 65cm
    [nsu] => 010001
    [authorization_code] => 068025
)

04-21-2021 @ 13:31:28 - Invalid status change: Array
(
    [checkout_cielo_order_number] => ae73fbef01bd45ef96a8fd4cb5687965
    [amount] => 266700
    [order_number] => 80bd6803972d477886824e1746dee3c2
    [payment_status] => 7
    [test_transaction] => False
    [brand] => Visa
    [nsu] => 010001
    [authorization_code] => 068025
)

