06-10-2021 @ 21:28:09 - Transaction arguments for order 10415: Array
(
    [merchant_id] => 144a8ce4-3e77-402e-991e-8ddbcceb8686
    [order_number] => 10415
    [antifraud_enabled] => FALSE
    [customer_name] => Christiane Malheiros
    [customer_email] => crismalheiros841@gmail.com.br
    [customer_phone] => 31989395417
    [customer_identity] => 04678519645
    [shipping_address_name] => Sebastião Soares de Oliveira
    [shipping_address_number] => 98
    [shipping_address_complement] => Casa
    [shipping_address_district] => Jardim Vitória
    [shipping_address_city] => Belo Horizonte
    [shipping_address_state] => MG
    [shipping_zipcode] => 31970430
    [shipping_type] => 3
    [cart_1_name] => Tapete Geométrico Quadros - 2,0 x 3,0m
    [cart_1_description] => Tamanho: 2,0 x 3,0m, Encomendado: 1
    [cart_1_unitprice] => 149900
    [cart_1_quantity] => 1
    [cart_1_type] => 1
    [cart_1_code] => GEOMETRICO_QUADROS06
    [cart_1_weight] => 10000
)

06-10-2021 @ 21:28:09 - Transaction arguments for order 10415: Array
(
    [merchant_id] => 144a8ce4-3e77-402e-991e-8ddbcceb8686
    [order_number] => 10415
    [antifraud_enabled] => FALSE
    [customer_name] => Christiane Malheiros
    [customer_email] => crismalheiros841@gmail.com.br
    [customer_phone] => 31989395417
    [customer_identity] => 04678519645
    [shipping_address_name] => Sebastião Soares de Oliveira
    [shipping_address_number] => 98
    [shipping_address_complement] => Casa
    [shipping_address_district] => Jardim Vitória
    [shipping_address_city] => Belo Horizonte
    [shipping_address_state] => MG
    [shipping_zipcode] => 31970430
    [shipping_type] => 3
    [cart_1_name] => Tapete Geométrico Quadros - 2,0 x 3,0m
    [cart_1_description] => Tamanho: 2,0 x 3,0m, Encomendado: 1
    [cart_1_unitprice] => 149900
    [cart_1_quantity] => 1
    [cart_1_type] => 1
    [cart_1_code] => GEOMETRICO_QUADROS06
    [cart_1_weight] => 10000
)

06-10-2021 @ 22:31:04 - Transaction arguments for order 10416: Array
(
    [merchant_id] => 144a8ce4-3e77-402e-991e-8ddbcceb8686
    [order_number] => 10416
    [antifraud_enabled] => FALSE
    [customer_name] => Daiana Pagnussat
    [customer_email] => daianapefro259@gmail.com
    [customer_phone] => 54991433878
    [customer_identity] => 90074190059
    [shipping_address_name] => Rua Fiori Castioni
    [shipping_address_number] => 153
    [shipping_address_complement] => 
    [shipping_address_district] => Antonio Carlos oltramari
    [shipping_address_city] => Marau
    [shipping_address_state] => RS
    [shipping_zipcode] => 99150000
    [shipping_type] => 2
    [shipping_1_name] => Correios Pac (Melhor Envio) (5 a 6 dias úteis)
    [shipping_1_price] => 1930
    [cart_1_name] => [PRONTA ENTREGA] Tapete de Couro - Preto e Branco - 40 x 60 Quadriculado (5x5)
    [cart_1_unitprice] => 5000
    [cart_1_quantity] => 1
    [cart_1_type] => 1
    [cart_1_code] => 2484
    [cart_1_weight] => 1000
)

06-10-2021 @ 22:31:05 - Transaction arguments for order 10416: Array
(
    [merchant_id] => 144a8ce4-3e77-402e-991e-8ddbcceb8686
    [order_number] => 10416
    [antifraud_enabled] => FALSE
    [customer_name] => Daiana Pagnussat
    [customer_email] => daianapefro259@gmail.com
    [customer_phone] => 54991433878
    [customer_identity] => 90074190059
    [shipping_address_name] => Rua Fiori Castioni
    [shipping_address_number] => 153
    [shipping_address_complement] => 
    [shipping_address_district] => Antonio Carlos oltramari
    [shipping_address_city] => Marau
    [shipping_address_state] => RS
    [shipping_zipcode] => 99150000
    [shipping_type] => 2
    [shipping_1_name] => Correios Pac (Melhor Envio) (5 a 6 dias úteis)
    [shipping_1_price] => 1930
    [cart_1_name] => [PRONTA ENTREGA] Tapete de Couro - Preto e Branco - 40 x 60 Quadriculado (5x5)
    [cart_1_unitprice] => 5000
    [cart_1_quantity] => 1
    [cart_1_type] => 1
    [cart_1_code] => 2484
    [cart_1_weight] => 1000
)

