03-14-2021 @ 01:01:11 - Invalid status change: Array
(
    [checkout_cielo_order_number] => a92bbe0f2c7d45a3bd6aa29a61fb22d4
    [amount] => 23940
    [order_number] => 8005
    [payment_status] => 4
    [test_transaction] => False
    [brand] => Undefined
)

03-14-2021 @ 01:46:15 - Transaction arguments for order 8181: Array
(
    [merchant_id] => 144a8ce4-3e77-402e-991e-8ddbcceb8686
    [order_number] => 8181
    [antifraud_enabled] => FALSE
    [customer_name] => Maria Angela Silva Vieira
    [customer_email] => chicabela1954@gmail.com
    [customer_phone] => 00000000000
    [customer_identity] => 30009081968
    [shipping_address_name] => Rua Adhemar da Silva
    [shipping_address_number] => 691
    [shipping_address_complement] => Apto 302
    [shipping_address_district] => Kobrasol
    [shipping_address_city] => São José
    [shipping_address_state] => SC
    [shipping_zipcode] => 88101090
    [shipping_type] => 2
    [shipping_1_name] => Jadlog Package (Melhor Envio) (5 a 6 dias úteis)
    [shipping_1_price] => 2166
    [cart_1_name] => [PRONTA ENTREGA] Tapete de Couro Bezerro Legítimo 74 x 72 cm
    [cart_1_unitprice] => 15000
    [cart_1_quantity] => 1
    [cart_1_type] => 1
    [cart_1_code] => 3782
    [cart_1_weight] => 1000
)

03-14-2021 @ 01:46:16 - Transaction arguments for order 8181: Array
(
    [merchant_id] => 144a8ce4-3e77-402e-991e-8ddbcceb8686
    [order_number] => 8181
    [antifraud_enabled] => FALSE
    [customer_name] => Maria Angela Silva Vieira
    [customer_email] => chicabela1954@gmail.com
    [customer_phone] => 00000000000
    [customer_identity] => 30009081968
    [shipping_address_name] => Rua Adhemar da Silva
    [shipping_address_number] => 691
    [shipping_address_complement] => Apto 302
    [shipping_address_district] => Kobrasol
    [shipping_address_city] => São José
    [shipping_address_state] => SC
    [shipping_zipcode] => 88101090
    [shipping_type] => 2
    [shipping_1_name] => Jadlog Package (Melhor Envio) (5 a 6 dias úteis)
    [shipping_1_price] => 2166
    [cart_1_name] => [PRONTA ENTREGA] Tapete de Couro Bezerro Legítimo 74 x 72 cm
    [cart_1_unitprice] => 15000
    [cart_1_quantity] => 1
    [cart_1_type] => 1
    [cart_1_code] => 3782
    [cart_1_weight] => 1000
)

03-14-2021 @ 01:47:02 - Invalid status change: Array
(
    [order_number] => 8181
    [amount] => 16308
    [checkout_cielo_order_number] => 767e77e5eb8c4742893e8bb0240ef4f7
    [created_date] => 14/03/2021 01:47:00
    [customer_name] => Maria Vieira
    [customer_phone] => 00000000000
    [customer_email] => chicabela1954@gmail.com
    [shipping_type] => 2
    [shipping_name] => Jadlog Package (Melhor Envio) (5 a 6 dias úteis)
    [shipping_price] => 2166
    [shipping_address_zipcode] => 88101090
    [shipping_address_district] => Kobrasol
    [shipping_address_city] => São José
    [shipping_address_state] => SC
    [shipping_address_line1] => Rua Adhemar da Silva
    [shipping_address_line2] => Apto 302
    [shipping_address_number] => 691
    [payment_method_type] => 2
    [payment_method_bank] => 1
    [payment_installments] => 1
    [payment_boletoexpirationdate] => 19/03/2021
    [payment_boletonumber] => 0000001043
    [payment_status] => 1
    [test_transaction] => False
)

03-14-2021 @ 01:52:16 - Invalid status change: Array
(
    [order_number] => 8181
    [amount] => 16308
    [checkout_cielo_order_number] => 767e77e5eb8c4742893e8bb0240ef4f7
    [created_date] => 14/03/2021 01:47:00
    [customer_name] => Maria Vieira
    [customer_phone] => 00000000000
    [customer_email] => chicabela1954@gmail.com
    [shipping_type] => 2
    [shipping_name] => Jadlog Package (Melhor Envio) (5 a 6 dias úteis)
    [shipping_price] => 2166
    [shipping_address_zipcode] => 88101090
    [shipping_address_district] => Kobrasol
    [shipping_address_city] => São José
    [shipping_address_state] => SC
    [shipping_address_line1] => Rua Adhemar da Silva
    [shipping_address_line2] => Apto 302
    [shipping_address_number] => 691
    [payment_method_type] => 2
    [payment_method_bank] => 1
    [payment_installments] => 1
    [payment_boletoexpirationdate] => 19/03/2021
    [payment_boletonumber] => 0000001043
    [payment_status] => 1
    [test_transaction] => False
)

03-14-2021 @ 19:01:14 - Invalid status change: Array
(
    [checkout_cielo_order_number] => 862be0d241e640bc8942f9797a7cd26e
    [amount] => 108800
    [order_number] => 9422367eca104ff39234f6b2b25c618d
    [payment_status] => 2
    [test_transaction] => False
    [brand] => Visa
    [nsu] => 049003
    [authorization_code] => 054975
)

03-14-2021 @ 19:11:11 - Received status change for order 8179: Array
(
    [checkout_cielo_order_number] => 8729ea939d054de1a52ac6d7bd0821f7
    [amount] => 26475
    [order_number] => 8179
    [payment_status] => 2
    [test_transaction] => False
    [brand] => Master
    [nsu] => 050003
    [authorization_code] => 462068
)

03-14-2021 @ 19:11:12 - Received status change for order 8180: Array
(
    [checkout_cielo_order_number] => 11e0faf5cf134c03854d54ade58644cf
    [amount] => 27029
    [order_number] => 8180
    [payment_status] => 2
    [test_transaction] => False
    [brand] => Visa
    [nsu] => 051001
    [authorization_code] => 826609
)

03-14-2021 @ 20:05:13 - Transaction arguments for order 8185: Array
(
    [merchant_id] => 144a8ce4-3e77-402e-991e-8ddbcceb8686
    [order_number] => 8185
    [antifraud_enabled] => FALSE
    [customer_name] => Carla Bosquet
    [customer_email] => carlabosquet@gmail.com
    [customer_phone] => 11996447700
    [customer_identity] => 11924811863
    [shipping_address_name] => Rua Professor Artur Ramos
    [shipping_address_number] => 350
    [shipping_address_complement] => 2402 E
    [shipping_address_district] => Jardim Paulistano
    [shipping_address_city] => São Paulo
    [shipping_address_state] => SP
    [shipping_zipcode] => 01454010
    [shipping_type] => 2
    [shipping_1_name] => Jadlog Package (Melhor Envio) (3 a 4 dias úteis)
    [shipping_1_price] => 5609
    [cart_1_name] => Banqueta Barril P em Couro Legítimo
    [cart_1_unitprice] => 18000
    [cart_1_quantity] => 1
    [cart_1_type] => 1
    [cart_1_code] => 4030
    [cart_1_weight] => 3000
)

03-14-2021 @ 20:05:14 - Transaction arguments for order 8185: Array
(
    [merchant_id] => 144a8ce4-3e77-402e-991e-8ddbcceb8686
    [order_number] => 8185
    [antifraud_enabled] => FALSE
    [customer_name] => Carla Bosquet
    [customer_email] => carlabosquet@gmail.com
    [customer_phone] => 11996447700
    [customer_identity] => 11924811863
    [shipping_address_name] => Rua Professor Artur Ramos
    [shipping_address_number] => 350
    [shipping_address_complement] => 2402 E
    [shipping_address_district] => Jardim Paulistano
    [shipping_address_city] => São Paulo
    [shipping_address_state] => SP
    [shipping_zipcode] => 01454010
    [shipping_type] => 2
    [shipping_1_name] => Jadlog Package (Melhor Envio) (3 a 4 dias úteis)
    [shipping_1_price] => 5609
    [cart_1_name] => Banqueta Barril P em Couro Legítimo
    [cart_1_unitprice] => 18000
    [cart_1_quantity] => 1
    [cart_1_type] => 1
    [cart_1_code] => 4030
    [cart_1_weight] => 3000
)

03-14-2021 @ 20:07:03 - Received status change for order 8185: Array
(
    [order_number] => 8185
    [amount] => 23609
    [checkout_cielo_order_number] => c7834385426a44f193c10356c56ddd91
    [created_date] => 14/03/2021 20:06:59
    [customer_name] => Carla Bosquet
    [customer_phone] => 11996447700
    [customer_email] => carlabosquet@gmail.com
    [shipping_type] => 2
    [shipping_name] => Jadlog Package (Melhor Envio) (3 a 4 dias úteis)
    [shipping_price] => 5609
    [shipping_address_zipcode] => 01454010
    [shipping_address_district] => Jardim Paulistano
    [shipping_address_city] => São Paulo
    [shipping_address_state] => SP
    [shipping_address_line1] => Rua Professor Artur Ramos
    [shipping_address_line2] => 2402 E
    [shipping_address_number] => 350
    [payment_method_type] => 1
    [payment_method_brand] => 3
    [payment_installments] => 1
    [payment_status] => 7
    [tid] => 27756416220V7EOTQTSC
    [test_transaction] => False
    [nsu] => 051003
    [authorization_code] => 670168
)

03-14-2021 @ 20:20:42 - Transaction arguments for order 8186: Array
(
    [merchant_id] => 144a8ce4-3e77-402e-991e-8ddbcceb8686
    [order_number] => 8186
    [antifraud_enabled] => FALSE
    [customer_name] => Geisiele Lima
    [customer_email] => geisielenet@yahoo.com.br
    [customer_phone] => 12981276527
    [customer_identity] => 28780747850
    [shipping_address_name] => R. Rui Sérgio Rodrigues de Moura
    [shipping_address_number] => 1153
    [shipping_address_complement] => 
    [shipping_address_district] => Urbanova
    [shipping_address_city] => São José dos Campos
    [shipping_address_state] => SP
    [shipping_zipcode] => 12244465
    [shipping_type] => 2
    [shipping_1_name] => Jadlog .Com (Melhor Envio) (2 a 3 dias úteis)
    [shipping_1_price] => 5386
    [cart_1_name] => Tapete de Couro Passadeira - Cinza - 0,70 x 2,0 Quadriculado (5x5)
    [cart_1_description] => Encomendado: 1
    [cart_1_unitprice] => 24000
    [cart_1_quantity] => 1
    [cart_1_type] => 1
    [cart_1_code] => 3214
    [cart_1_weight] => 2000
    [cart_2_name] => [PRONTA ENTREGA] Tapete de Couro - Bege Claro - 40 x 60 Quadriculado (5x5)
    [cart_2_unitprice] => 5000
    [cart_2_quantity] => 2
    [cart_2_type] => 1
    [cart_2_code] => 2260
    [cart_2_weight] => 1000
)

03-14-2021 @ 20:20:42 - Transaction arguments for order 8186: Array
(
    [merchant_id] => 144a8ce4-3e77-402e-991e-8ddbcceb8686
    [order_number] => 8186
    [antifraud_enabled] => FALSE
    [customer_name] => Geisiele Lima
    [customer_email] => geisielenet@yahoo.com.br
    [customer_phone] => 12981276527
    [customer_identity] => 28780747850
    [shipping_address_name] => R. Rui Sérgio Rodrigues de Moura
    [shipping_address_number] => 1153
    [shipping_address_complement] => 
    [shipping_address_district] => Urbanova
    [shipping_address_city] => São José dos Campos
    [shipping_address_state] => SP
    [shipping_zipcode] => 12244465
    [shipping_type] => 2
    [shipping_1_name] => Jadlog .Com (Melhor Envio) (2 a 3 dias úteis)
    [shipping_1_price] => 5386
    [cart_1_name] => Tapete de Couro Passadeira - Cinza - 0,70 x 2,0 Quadriculado (5x5)
    [cart_1_description] => Encomendado: 1
    [cart_1_unitprice] => 24000
    [cart_1_quantity] => 1
    [cart_1_type] => 1
    [cart_1_code] => 3214
    [cart_1_weight] => 2000
    [cart_2_name] => [PRONTA ENTREGA] Tapete de Couro - Bege Claro - 40 x 60 Quadriculado (5x5)
    [cart_2_unitprice] => 5000
    [cart_2_quantity] => 2
    [cart_2_type] => 1
    [cart_2_code] => 2260
    [cart_2_weight] => 1000
)

03-14-2021 @ 20:25:17 - Invalid status change: Array
(
    [order_number] => 8186
    [amount] => 37417
    [checkout_cielo_order_number] => e0badd48203e416597f363ebc5e2f547
    [created_date] => 14/03/2021 20:25:15
    [customer_name] => Geisiele Lima
    [customer_phone] => 12981276527
    [customer_email] => geisielenet@yahoo.com.br
    [shipping_type] => 2
    [shipping_name] => Jadlog .Com (Melhor Envio) (2 a 3 dias úteis)
    [shipping_price] => 5386
    [shipping_address_zipcode] => 12244465
    [shipping_address_district] => Urbanova
    [shipping_address_city] => São José dos Campos
    [shipping_address_state] => SP
    [shipping_address_line1] => Rua Rui Sérgio Rodrigues de Moura
    [shipping_address_number] => 1153
    [payment_method_type] => 2
    [payment_method_bank] => 1
    [payment_installments] => 1
    [payment_boletoexpirationdate] => 19/03/2021
    [payment_boletonumber] => 0000001044
    [payment_status] => 1
    [test_transaction] => False
)

03-14-2021 @ 20:30:37 - Invalid status change: Array
(
    [order_number] => 8186
    [amount] => 37417
    [checkout_cielo_order_number] => e0badd48203e416597f363ebc5e2f547
    [created_date] => 14/03/2021 20:25:15
    [customer_name] => Geisiele Lima
    [customer_phone] => 12981276527
    [customer_email] => geisielenet@yahoo.com.br
    [shipping_type] => 2
    [shipping_name] => Jadlog .Com (Melhor Envio) (2 a 3 dias úteis)
    [shipping_price] => 5386
    [shipping_address_zipcode] => 12244465
    [shipping_address_district] => Urbanova
    [shipping_address_city] => São José dos Campos
    [shipping_address_state] => SP
    [shipping_address_line1] => Rua Rui Sérgio Rodrigues de Moura
    [shipping_address_number] => 1153
    [payment_method_type] => 2
    [payment_method_bank] => 1
    [payment_installments] => 1
    [payment_boletoexpirationdate] => 19/03/2021
    [payment_boletonumber] => 0000001044
    [payment_status] => 1
    [test_transaction] => False
)

