04-03-2021 @ 09:45:32 - Transaction arguments for order 8630: Array
(
    [merchant_id] => 144a8ce4-3e77-402e-991e-8ddbcceb8686
    [order_number] => 8630
    [antifraud_enabled] => FALSE
    [customer_name] => ANTONIO M SILVEIRA
    [customer_email] => amsilveira21@gmail.com
    [customer_phone] => 4632521717
    [customer_identity] => 19271905920
    [shipping_address_name] => RUA SO SEBASTIÃO
    [shipping_address_number] => 129
    [shipping_address_complement] => casa
    [shipping_address_district] => São SEbastião
    [shipping_address_city] => CLEVELANDIA
    [shipping_address_state] => PR
    [shipping_zipcode] => 85530000
    [shipping_type] => 3
    [cart_1_name] => Tapete de Couro Médio 2,23 x 1,75 m
    [cart_1_unitprice] => 58000
    [cart_1_quantity] => 1
    [cart_1_type] => 1
    [cart_1_code] => 2384
    [cart_1_weight] => 4500
)

04-03-2021 @ 09:45:32 - Transaction arguments for order 8630: Array
(
    [merchant_id] => 144a8ce4-3e77-402e-991e-8ddbcceb8686
    [order_number] => 8630
    [antifraud_enabled] => FALSE
    [customer_name] => ANTONIO M SILVEIRA
    [customer_email] => amsilveira21@gmail.com
    [customer_phone] => 4632521717
    [customer_identity] => 19271905920
    [shipping_address_name] => RUA SO SEBASTIÃO
    [shipping_address_number] => 129
    [shipping_address_complement] => casa
    [shipping_address_district] => São SEbastião
    [shipping_address_city] => CLEVELANDIA
    [shipping_address_state] => PR
    [shipping_zipcode] => 85530000
    [shipping_type] => 3
    [cart_1_name] => Tapete de Couro Médio 2,23 x 1,75 m
    [cart_1_unitprice] => 58000
    [cart_1_quantity] => 1
    [cart_1_type] => 1
    [cart_1_code] => 2384
    [cart_1_weight] => 4500
)

04-03-2021 @ 09:48:38 - Received status change for order 8630: Array
(
    [order_number] => 8630
    [amount] => 58000
    [checkout_cielo_order_number] => 29f9b404f35746b48026021da327ae00
    [created_date] => 03/04/2021 09:48:36
    [customer_name] => ANTONIO SILVEIRA
    [customer_phone] => 4632521717
    [customer_email] => amsilveira21@gmail.com
    [shipping_type] => 3
    [shipping_name] => Frete grátis
    [shipping_price] => 0
    [shipping_address_zipcode] => 85530000
    [shipping_address_district] => São SEbastião
    [shipping_address_city] => CLEVELANDIA
    [shipping_address_state] => PR
    [shipping_address_line1] => RUA SO SEBASTIÃO
    [shipping_address_line2] => casa
    [shipping_address_number] => 129
    [payment_method_type] => 1
    [payment_method_brand] => 1
    [payment_installments] => 2
    [payment_status] => 7
    [tid] => 27756416220VQ4A3R3RC
    [test_transaction] => False
    [nsu] => 057003
    [authorization_code] => 755245
)

04-03-2021 @ 10:33:33 - Received status change for order 8630: Array
(
    [checkout_cielo_order_number] => 29f9b404f35746b48026021da327ae00
    [amount] => 58000
    [order_number] => 8630
    [payment_status] => 2
    [test_transaction] => False
    [brand] => Visa
    [nsu] => 057003
    [authorization_code] => 755245
)

04-03-2021 @ 17:59:16 - Transaction arguments for order 8648: Array
(
    [merchant_id] => 144a8ce4-3e77-402e-991e-8ddbcceb8686
    [order_number] => 8648
    [antifraud_enabled] => FALSE
    [customer_name] => Naianny Fogaça
    [customer_email] => naiannyfogaca@gmail.com
    [customer_phone] => 62984959691
    [customer_identity] => 03279384125
    [shipping_address_name] => Rua 21, ed gardênia, Ap 304i
    [shipping_address_number] => 50
    [shipping_address_complement] => 
    [shipping_address_district] => Vila Jaraguá
    [shipping_address_city] => Goiânia
    [shipping_address_state] => GO
    [shipping_zipcode] => 74655090
    [shipping_type] => 2
    [shipping_1_name] => Jadlog Package (Melhor Envio) (5 a 6 dias úteis)
    [shipping_1_price] => 4726
    [cart_1_name] => Pele de Ovelha Pelego Branco - Tamanho M
    [cart_1_description] => Tamanho: Tamanho M
    [cart_1_unitprice] => 21900
    [cart_1_quantity] => 1
    [cart_1_type] => 1
    [cart_1_code] => OVELHA_PELEGO_BRANCO02
    [cart_1_weight] => 1500
)

04-03-2021 @ 17:59:16 - Transaction arguments for order 8648: Array
(
    [merchant_id] => 144a8ce4-3e77-402e-991e-8ddbcceb8686
    [order_number] => 8648
    [antifraud_enabled] => FALSE
    [customer_name] => Naianny Fogaça
    [customer_email] => naiannyfogaca@gmail.com
    [customer_phone] => 62984959691
    [customer_identity] => 03279384125
    [shipping_address_name] => Rua 21, ed gardênia, Ap 304i
    [shipping_address_number] => 50
    [shipping_address_complement] => 
    [shipping_address_district] => Vila Jaraguá
    [shipping_address_city] => Goiânia
    [shipping_address_state] => GO
    [shipping_zipcode] => 74655090
    [shipping_type] => 2
    [shipping_1_name] => Jadlog Package (Melhor Envio) (5 a 6 dias úteis)
    [shipping_1_price] => 4726
    [cart_1_name] => Pele de Ovelha Pelego Branco - Tamanho M
    [cart_1_description] => Tamanho: Tamanho M
    [cart_1_unitprice] => 21900
    [cart_1_quantity] => 1
    [cart_1_type] => 1
    [cart_1_code] => OVELHA_PELEGO_BRANCO02
    [cart_1_weight] => 1500
)

04-03-2021 @ 18:07:46 - Received status change for order 8648: Array
(
    [order_number] => 8648
    [amount] => 26626
    [checkout_cielo_order_number] => 0595eb3b3de34ad0990962d5a5a04610
    [created_date] => 03/04/2021 18:07:43
    [customer_name] => Naianny Fogaça
    [customer_phone] => 62984959691
    [customer_email] => naiannyfogaca@gmail.com
    [shipping_type] => 2
    [shipping_name] => Jadlog Package (Melhor Envio) (5 a 6 dias úteis)
    [shipping_price] => 4726
    [shipping_address_zipcode] => 74655090
    [shipping_address_district] => Vila Jaraguá
    [shipping_address_city] => Goiânia
    [shipping_address_state] => GO
    [shipping_address_line1] => Rua 21
    [shipping_address_number] => S/N
    [payment_method_type] => 1
    [payment_method_brand] => 2
    [payment_installments] => 3
    [payment_status] => 7
    [tid] => 27756416220VQ4B3ECOC
    [test_transaction] => False
    [nsu] => 055005
    [authorization_code] => 074474
)

04-03-2021 @ 19:26:34 - Transaction arguments for order 8649: Array
(
    [merchant_id] => 144a8ce4-3e77-402e-991e-8ddbcceb8686
    [order_number] => 8649
    [antifraud_enabled] => FALSE
    [customer_name] => Beatriz Cavalcanti
    [customer_email] => bealiiima@gmail.com
    [customer_phone] => 21974110218
    [customer_identity] => 12041267712
    [shipping_address_name] => Av jornalista Alberto Francisco Torres
    [shipping_address_number] => 237
    [shipping_address_complement] => Bloco b apto 9
    [shipping_address_district] => Icaraí
    [shipping_address_city] => Niterói
    [shipping_address_state] => RJ
    [shipping_zipcode] => 24230003
    [shipping_type] => 2
    [shipping_1_name] => Jadlog Package (Melhor Envio) (7 a 8 dias úteis)
    [shipping_1_price] => 3099
    [cart_1_name] => [PRONTA ENTREGA] Tapete em Couro Legítimo Passadeira 0,60 x 3,0 m
    [cart_1_unitprice] => 32900
    [cart_1_quantity] => 1
    [cart_1_type] => 1
    [cart_1_code] => 1111-bege-claro
    [cart_1_weight] => 3000
)

04-03-2021 @ 19:26:34 - Transaction arguments for order 8649: Array
(
    [merchant_id] => 144a8ce4-3e77-402e-991e-8ddbcceb8686
    [order_number] => 8649
    [antifraud_enabled] => FALSE
    [customer_name] => Beatriz Cavalcanti
    [customer_email] => bealiiima@gmail.com
    [customer_phone] => 21974110218
    [customer_identity] => 12041267712
    [shipping_address_name] => Av jornalista Alberto Francisco Torres
    [shipping_address_number] => 237
    [shipping_address_complement] => Bloco b apto 9
    [shipping_address_district] => Icaraí
    [shipping_address_city] => Niterói
    [shipping_address_state] => RJ
    [shipping_zipcode] => 24230003
    [shipping_type] => 2
    [shipping_1_name] => Jadlog Package (Melhor Envio) (7 a 8 dias úteis)
    [shipping_1_price] => 3099
    [cart_1_name] => [PRONTA ENTREGA] Tapete em Couro Legítimo Passadeira 0,60 x 3,0 m
    [cart_1_unitprice] => 32900
    [cart_1_quantity] => 1
    [cart_1_type] => 1
    [cart_1_code] => 1111-bege-claro
    [cart_1_weight] => 3000
)

04-03-2021 @ 19:28:12 - Received status change for order 8649: Array
(
    [order_number] => 8649
    [amount] => 35999
    [checkout_cielo_order_number] => 2462ac25997043909116534fb8ef31a2
    [created_date] => 03/04/2021 19:28:10
    [customer_name] => Beatriz Cavalcanti
    [customer_phone] => 21974110218
    [customer_email] => bealiiima@gmail.com
    [shipping_type] => 2
    [shipping_name] => Jadlog Package (Melhor Envio) (7 a 8 dias úteis)
    [shipping_price] => 3099
    [shipping_address_zipcode] => 24230003
    [shipping_address_district] => Icaraí
    [shipping_address_city] => Niterói
    [shipping_address_state] => RJ
    [shipping_address_line1] => Av jornalista Alberto Francisco Torres
    [shipping_address_line2] => Bloco b apto 9
    [shipping_address_number] => 237
    [payment_method_type] => 1
    [payment_method_brand] => 1
    [payment_installments] => 4
    [payment_status] => 3
    [tid] => 27756416220VQ4B6VLHC
    [test_transaction] => False
    [nsu] => 057005
)

04-03-2021 @ 19:31:25 - Received status change for order 8649: Array
(
    [checkout_cielo_order_number] => 2462ac25997043909116534fb8ef31a2
    [amount] => 35999
    [order_number] => 8649
    [payment_status] => 3
    [test_transaction] => False
    [brand] => Visa
    [nsu] => 057005
)

04-03-2021 @ 20:00:48 - Transaction arguments for order 8650: Array
(
    [merchant_id] => 144a8ce4-3e77-402e-991e-8ddbcceb8686
    [order_number] => 8650
    [antifraud_enabled] => FALSE
    [customer_name] => Beatriz Cavalcanti
    [customer_email] => bealiiima@gmail.com
    [customer_phone] => 21974110218
    [customer_identity] => 12041267712
    [shipping_address_name] => Av jornalista Alberto Francisco Torres
    [shipping_address_number] => 237
    [shipping_address_complement] => Bloco b apto 9
    [shipping_address_district] => Icarai
    [shipping_address_city] => Niteroi
    [shipping_address_state] => RJ
    [shipping_zipcode] => 24230003
    [shipping_type] => 2
    [shipping_1_name] => Jadlog Package (Melhor Envio) (7 a 8 dias úteis)
    [shipping_1_price] => 3099
    [cart_1_name] => [PRONTA ENTREGA] Tapete em Couro Legítimo Passadeira 0,60 x 3,0 m
    [cart_1_unitprice] => 32900
    [cart_1_quantity] => 1
    [cart_1_type] => 1
    [cart_1_code] => 1111-bege-claro
    [cart_1_weight] => 3000
)

04-03-2021 @ 20:00:49 - Transaction arguments for order 8650: Array
(
    [merchant_id] => 144a8ce4-3e77-402e-991e-8ddbcceb8686
    [order_number] => 8650
    [antifraud_enabled] => FALSE
    [customer_name] => Beatriz Cavalcanti
    [customer_email] => bealiiima@gmail.com
    [customer_phone] => 21974110218
    [customer_identity] => 12041267712
    [shipping_address_name] => Av jornalista Alberto Francisco Torres
    [shipping_address_number] => 237
    [shipping_address_complement] => Bloco b apto 9
    [shipping_address_district] => Icarai
    [shipping_address_city] => Niteroi
    [shipping_address_state] => RJ
    [shipping_zipcode] => 24230003
    [shipping_type] => 2
    [shipping_1_name] => Jadlog Package (Melhor Envio) (7 a 8 dias úteis)
    [shipping_1_price] => 3099
    [cart_1_name] => [PRONTA ENTREGA] Tapete em Couro Legítimo Passadeira 0,60 x 3,0 m
    [cart_1_unitprice] => 32900
    [cart_1_quantity] => 1
    [cart_1_type] => 1
    [cart_1_code] => 1111-bege-claro
    [cart_1_weight] => 3000
)

04-03-2021 @ 20:01:31 - Received status change for order 8650: Array
(
    [order_number] => 8650
    [amount] => 35999
    [checkout_cielo_order_number] => 0accfa3680034ec6a722bd0413de10f3
    [created_date] => 03/04/2021 20:01:28
    [customer_name] => Beatriz Cavalcanti
    [customer_phone] => 21974110218
    [customer_email] => bealiiima@gmail.com
    [shipping_type] => 2
    [shipping_name] => Jadlog Package (Melhor Envio) (7 a 8 dias úteis)
    [shipping_price] => 3099
    [shipping_address_zipcode] => 24230003
    [shipping_address_district] => Icarai
    [shipping_address_city] => Niteroi
    [shipping_address_state] => RJ
    [shipping_address_line1] => Av jornalista Alberto Francisco Torres
    [shipping_address_line2] => Bloco b apto 9
    [shipping_address_number] => 237
    [payment_method_type] => 1
    [payment_method_brand] => 1
    [payment_installments] => 4
    [payment_status] => 3
    [tid] => 27756416220VQ4B8HRCC
    [test_transaction] => False
    [nsu] => 057007
)

04-03-2021 @ 20:11:42 - Received status change for order 8650: Array
(
    [checkout_cielo_order_number] => 0accfa3680034ec6a722bd0413de10f3
    [amount] => 35999
    [order_number] => 8650
    [payment_status] => 3
    [test_transaction] => False
    [brand] => Visa
    [nsu] => 057007
)

