2022-05-26T02:00:47+00:00 DEBUG Cs_total_extrafield: update_order_meta: billing_country=BR shipping_country=BR
2022-05-26T02:00:47+00:00 DEBUG Cs_total_extrafield: update_order_meta: Compras no BR salvamos CPF/CNPJ.
2022-05-26T02:00:47+00:00 DEBUG Cs_total_extrafield: order_id=21428 cs_field_doc= billing_cpf=491.957.196-87 billing_cnpj=
2022-05-26T02:00:47+00:00 DEBUG Cs_total_checkout: hook woocommerce_checkout_order_processed: order id=21428
2022-05-26T02:00:47+00:00 DEBUG Clearsale_Total_Checkout: checkout_order_processed: billing_country=BR shipping_country=BR
2022-05-26T02:00:47+00:00 DEBUG Clearsale_Total_Checkout: checkout_order_processed: Compras no BR integramos na CS.
2022-05-26T02:00:47+00:00 DEBUG Cs_total_checkout_order_processed: session =517190615c497358dbdf405aeac44c5b
2022-05-26T02:00:47+00:00 DEBUG Cs_total_checkout: hook woocommerce_checkout_order_processed: order id=21428 - EAP: Esperando Aprovação do Pagamento
2022-05-26T02:01:13+00:00 DEBUG Clearsale_Total_Status:Cs_atualiza_status: dados do pedido: billing_country=BR shipping_country=BR
2022-05-26T02:01:13+00:00 DEBUG Clearsale_Total_Status:getStatusOnNotes:  entrou post_id=21428
2022-05-26T02:01:13+00:00 DEBUG Clearsale_Total_Status:getStatusOnNotes:  saindo sem achar nada...
2022-05-26T02:01:13+00:00 DEBUG Clearsale_Total_Status:Cs_atualiza_status: pedido=21428 status antes:pending agora:processing
2022-05-26T02:01:13+00:00 DEBUG Clearsale_Total_Status:Cs_atualiza_status: post_id=21428 último status salvo:
2022-05-26T02:01:13+00:00 DEBUG Clearsale_Total_Checkout: Cs_total_checkout: dados do pedido: billing_country=BR shipping_country=BR
2022-05-26T02:01:13+00:00 DEBUG Clearsale_Total_Checkout: Cs_total_checkout: Compras no BR integramos na CS.
2022-05-26T02:01:13+00:00 DEBUG Cs_total_checkout: Entrou: Pedido #=21428 doc=491.957.196-87
2022-05-26T02:01:13+00:00 DEBUG Clearsale_Total_Checkout:outrosMetodos:Cs_total_checkout verificando post_meta de métodos...
2022-05-26T02:01:13+00:00 DEBUG Clearsale_Total_Checkout:outrosMetodos: Pedido 21428 feito pelo MarcosAlexandre com 422061******6534 nome:RITA C T T LOPES
2022-05-26T02:01:13+00:00 DEBUG Monta_pedido: entrou, #doc=491.957.196-87 e-mail=rcassia007@gmail.com
2022-05-26T02:01:13+00:00 DEBUG Clearsale_Total_Api:Busca_Bairro: cep=30411153
2022-05-26T02:01:14+00:00 DEBUG Clearsale_Total_Api:Busca_Bairro: saida=Prado
2022-05-26T02:01:14+00:00 DEBUG Clearsale_Total_Api:Tipo_pagamento: tipo=rede_credit
2022-05-26T02:01:14+00:00 DEBUG Clearsale_Total_Api:Tipo_pagamento: tipo=credito
2022-05-26T02:01:14+00:00 DEBUG Monta_pedido: json=[{"code":"21428","sessionID":"517190615c497358dbdf405aeac44c5b","date":"2022-05-25T23:00:47-03:00","email":"rcassia007@gmail.com","itemValue":490,"totalValue":490,"numberOfInstallments":7,"ip":"187.126.21.236","isGift":false,"giftMessage":"","observation":"","status":0,"origin":"website","channelID":"","country":"","nationality":"","product":3,"customSla":0,"bankAuthentication":"","billing":{"clientID":"1819","type":1,"primaryDocument":"491.957.196-87","secondaryDocument":"","name":"Rita de C\u00e1ssia Teixeira Tavares Lopes","birthDate":null,"email":"rcassia007@gmail.com","gender":"","address":{"street":"Rua Chapec\u00f3 Ap. 01","number":"328","additionalInformation":"","county":"Prado","city":"Belo Horizonte","state":"MG","country":"BR","zipcode":"30411153","reference":""},"phones":[{"type":0,"ddi":55,"ddd":31,"number":984938403,"extension":""}]},"shipping":{"clientID":"1819","type":1,"primaryDocument":"491.957.196-87","secondaryDocument":"","name":"Rita de C\u00e1ssia Teixeira Tavares Lopes","birthDate":null,"email":"","gender":"","address":{"street":"Rua Chapec\u00f3 Ap. 01","number":"328","additionalInformation":"","county":"Prado","city":"Belo Horizonte","state":"MG","country":"BR","zipcode":"30411153","reference":""},"deliveryType":"0","deliveryTime":"","price":0,"pickUpStoreDocument":""},"payments":[{"sequential":1,"date":"2022-05-25T23:00:47+00:00","value":490,"type":1,"installments":1,"interestRate":0,"interestValue":0,"currency":986,"voucherOrderOrigin":"","card":{"number":"422061******6534","hash":"","bin":"422061","end":"6534","type":3,"validityDate":"01\/2029","ownerName":"RITA C T T LOPES","document":"491.957.196-87","nsu":""},"address":{"street":"","number":"","additionalInformation":"","county":"","city":"","state":"","zipcode":"","country":"","reference":""}}],"items":[{"code":"17115","name":"Tapete de Couro P - 2,00 x 1,64 m","value":490,"amount":1,"categoryID":null,"categoryName":"Tapete Formato Bovino<\/a>, <a href=\"https:\/\/imperialtapeteseinteriores.com.br\/categoria-produto\/pronta-entrega\/formatobovino\/formatobovinop\/\" rel=\"tag\">Tapete Formato Bovino P","isGift":false,"sellerName":"","shippingCompany":"advanced_free_shipping"}]}]
2022-05-26T02:01:14+00:00 DEBUG Authenticate: versão:2.5.1 login=ImperialTapetesEInteriores modo=0
2022-05-26T02:01:14+00:00 DEBUG Authenticate: novo token=c6a06706ef83449ba1607d52b66ee91e ExpirationDate:2022-05-26T15:50:39.8830532-03:00
2022-05-26T02:01:14+00:00 DEBUG Inclui_pedido: #pedido=21428 status=NVO score=
2022-05-26T02:01:14+00:00 DEBUG Clearsale_Total_Checkout:Cs_total_checkout: Pedido 21428 inserido com sucesso, status:NVO requestID:
2022-05-26T02:01:14+00:00 DEBUG Clearsale_Total_Status:Cs_atualiza_status: dados do pedido: billing_country=BR shipping_country=BR
2022-05-26T02:01:14+00:00 DEBUG Clearsale_Total_Status:getStatusOnNotes:  entrou post_id=21428
2022-05-26T02:01:14+00:00 DEBUG Clearsale_Total_Status:Cs_atualiza_status: pedido=21428 status antes:processing agora:cs-inanalisis
2022-05-26T02:01:14+00:00 DEBUG Clearsale_Total_Status:Cs_atualiza_status: post_id=21428 último status salvo:NVO
2022-05-26T02:01:17+00:00 DEBUG Cs_total_checkout: hook woocommerce_payment_complete: order id=21428
2022-05-26T02:02:27+00:00 DEBUG Clearsale_Total_Status:Cs_status: hook da CS de status para pedido=21428
2022-05-26T02:02:27+00:00 DEBUG Clearsale_Total_Status:Cs_status: método do pedido acima:rede_credit
2022-05-26T02:02:27+00:00 DEBUG Authenticate: versão:2.4.3 login=ImperialTapetesEInteriores modo=0
2022-05-26T02:02:27+00:00 DEBUG Authenticate: novo token=c6a06706ef83449ba1607d52b66ee91e ExpirationDate:2022-05-26T15:50:39.8830949-03:00
2022-05-26T02:02:27+00:00 DEBUG Consulta_status: #pedido=21428 status=APA score=3.1
2022-05-26T02:02:27+00:00 DEBUG Clearsale_Total_Status:Cs_status: retorno da consulta: status=APA score=3.1
2022-05-26T02:02:27+00:00 DEBUG nota=ClearSale status: APA score: 3.1</br>Desc: (Aprovação Automática) – Pedido foi aprovado automaticamente segundo parâmetros definidos na regra de aprovação automática
2022-05-26T02:02:28+00:00 DEBUG Clearsale_Total_Status:Cs_status: Pedido APROVADO(21428, status=APA), mudando status do Woo para wc-processing!
2022-05-26T02:44:35+00:00 DEBUG Clearsale_Total_Status:Cs_atualiza_status: dados do pedido: billing_country=BR shipping_country=BR
2022-05-26T02:44:35+00:00 DEBUG Clearsale_Total_Status:getStatusOnNotes:  entrou post_id=21324
2022-05-26T02:44:35+00:00 DEBUG Clearsale_Total_Status:getStatusOnNotes:  saindo sem achar nada...
2022-05-26T02:44:35+00:00 DEBUG Clearsale_Total_Status:Cs_atualiza_status: pedido=21324 status antes:failed agora:cancelled
2022-05-26T02:44:35+00:00 DEBUG Clearsale_Total_Status:Cs_atualiza_status: post_id=21324 último status salvo:
2022-05-26T02:44:35+00:00 DEBUG Atualiza_status: vamos marcar pedido=21324 com status=PGR
2022-05-26T02:44:35+00:00 DEBUG Authenticate: versão:2.5.1 login=ImperialTapetesEInteriores modo=0
2022-05-26T02:44:35+00:00 DEBUG Authenticate: novo token=c6a06706ef83449ba1607d52b66ee91e ExpirationDate:2022-05-26T15:50:39.8830867-03:00
2022-05-26T02:44:36+00:00 DEBUG Atualiza_status: erro #404 msg=HTTP/1.1 404 Not Found
X-StackifyID: V2|40bec1c2-3494-494e-ba38-7c461b2dde15|C64106|CD61333
Request-Id: 52A5-23Z4-43E5-87N6
X-Powered-By: ASP.NET
X-Cache: CONFIG_NOCACHE
X-Azure-Ref: 0k+mOYgAAAACOcCPaK3FiTb2gCUD/35ccQVRMMzMxMDAwMTEwMDIxADg2ZjFlOWYzLTkwOWItNDc4Yi04MTk5LTEyNDI1YjZiZTJkMw==
Date: Thu, 26 May 2022 02:44:35 GMT
Content-Length: 0


2022-05-26T02:44:36+00:00 DEBUG Clearsale_Total_Status:Cs_atualiza_status: colocando PGR retorno: requestID= status= msg=
2022-05-26T04:52:35+00:00 DEBUG Cs_total_extrafield: update_order_meta: billing_country=BR shipping_country=BR
2022-05-26T04:52:35+00:00 DEBUG Cs_total_extrafield: update_order_meta: Compras no BR salvamos CPF/CNPJ.
2022-05-26T04:52:35+00:00 DEBUG Cs_total_extrafield: order_id=21430 cs_field_doc= billing_cpf=312.934.250-87 billing_cnpj=
2022-05-26T04:52:35+00:00 DEBUG Cs_total_checkout: hook woocommerce_checkout_order_processed: order id=21430
2022-05-26T04:52:35+00:00 DEBUG Clearsale_Total_Checkout: checkout_order_processed: billing_country=BR shipping_country=BR
2022-05-26T04:52:35+00:00 DEBUG Clearsale_Total_Checkout: checkout_order_processed: Compras no BR integramos na CS.
2022-05-26T04:52:35+00:00 DEBUG Cs_total_checkout_order_processed: session =70c8f994a37f42dc783d951ffaa80ef8
2022-05-26T04:52:35+00:00 DEBUG Cs_total_checkout: hook woocommerce_checkout_order_processed: order id=21430 - EAP: Esperando Aprovação do Pagamento
2022-05-26T04:52:59+00:00 DEBUG Clearsale_Total_Status:Cs_atualiza_status: dados do pedido: billing_country=BR shipping_country=BR
2022-05-26T04:52:59+00:00 DEBUG Clearsale_Total_Status:getStatusOnNotes:  entrou post_id=21430
2022-05-26T04:52:59+00:00 DEBUG Clearsale_Total_Status:getStatusOnNotes:  saindo sem achar nada...
2022-05-26T04:52:59+00:00 DEBUG Clearsale_Total_Status:Cs_atualiza_status: pedido=21430 status antes:pending agora:processing
2022-05-26T04:52:59+00:00 DEBUG Clearsale_Total_Status:Cs_atualiza_status: post_id=21430 último status salvo:
2022-05-26T04:52:59+00:00 DEBUG Clearsale_Total_Checkout: Cs_total_checkout: dados do pedido: billing_country=BR shipping_country=BR
2022-05-26T04:52:59+00:00 DEBUG Clearsale_Total_Checkout: Cs_total_checkout: Compras no BR integramos na CS.
2022-05-26T04:52:59+00:00 DEBUG Cs_total_checkout: Entrou: Pedido #=21430 doc=312.934.250-87
2022-05-26T04:52:59+00:00 DEBUG Clearsale_Total_Checkout:outrosMetodos:Cs_total_checkout verificando post_meta de métodos...
2022-05-26T04:52:59+00:00 DEBUG Clearsale_Total_Checkout:outrosMetodos: Pedido 21430 feito pelo MarcosAlexandre com 498401******8925 nome:Henri Ficht
2022-05-26T04:52:59+00:00 DEBUG Monta_pedido: entrou, #doc=312.934.250-87 e-mail=fitdely@gmail.com
2022-05-26T04:52:59+00:00 DEBUG Clearsale_Total_Api:Busca_Bairro: cep=98280000
2022-05-26T04:53:00+00:00 DEBUG Clearsale_Total_Api:Busca_Bairro: saida=    
2022-05-26T04:53:00+00:00 DEBUG Clearsale_Total_Api:Tipo_pagamento: tipo=rede_credit
2022-05-26T04:53:00+00:00 DEBUG Clearsale_Total_Api:Tipo_pagamento: tipo=credito
2022-05-26T04:53:00+00:00 DEBUG Monta_pedido: json=[{"code":"21430","sessionID":"70c8f994a37f42dc783d951ffaa80ef8","date":"2022-05-26T01:52:34-03:00","email":"fitdely@gmail.com","itemValue":829,"totalValue":829,"numberOfInstallments":12,"ip":"177.70.70.32","isGift":false,"giftMessage":"","observation":"","status":0,"origin":"website","channelID":"","country":"","nationality":"","product":3,"customSla":0,"bankAuthentication":"","billing":{"clientID":"1820","type":1,"primaryDocument":"312.934.250-87","secondaryDocument":"","name":"Henri Ficht","birthDate":null,"email":"henrificht@yahoo.com","gender":"","address":{"street":"Rua D. Pedro II Casa","number":"650","additionalInformation":"","county":"Medianeira","city":"Panambi","state":"RS","country":"BR","zipcode":"98280000","reference":""},"phones":[{"type":0,"ddi":55,"ddd":55,"number":981291076,"extension":""}]},"shipping":{"clientID":"1820","type":1,"primaryDocument":"312.934.250-87","secondaryDocument":"","name":"Henri Ficht","birthDate":null,"email":"","gender":"","address":{"street":"Rua D. Pedro II Casa","number":"650","additionalInformation":"","county":"    ","city":"Panambi","state":"RS","country":"BR","zipcode":"98280000","reference":""},"deliveryType":"0","deliveryTime":"","price":0,"pickUpStoreDocument":""},"payments":[{"sequential":1,"date":"2022-05-26T01:52:34+00:00","value":829,"type":1,"installments":1,"interestRate":0,"interestValue":0,"currency":986,"voucherOrderOrigin":"","card":{"number":"498401******8925","hash":"","bin":"498401","end":"8925","type":3,"validityDate":"04\/0027","ownerName":"Henri Ficht","document":"312.934.250-87","nsu":""},"address":{"street":"","number":"","additionalInformation":"","county":"","city":"","state":"","zipcode":"","country":"","reference":""}}],"items":[{"code":"20483","name":"Tapete de Couro Grande 2,29 x 2,06 m","value":829,"amount":1,"categoryID":null,"categoryName":"Tapete Formato Bovino<\/a>, <a href=\"https:\/\/imperialtapeteseinteriores.com.br\/categoria-produto\/pronta-entrega\/formatobovino\/tapete-formato-bovino-gg\/\" rel=\"tag\">Tapete Formato Bovino GG","isGift":false,"sellerName":"","shippingCompany":"advanced_free_shipping"}]}]
2022-05-26T04:53:00+00:00 DEBUG Authenticate: versão:2.5.1 login=ImperialTapetesEInteriores modo=0
2022-05-26T04:53:00+00:00 DEBUG Authenticate: novo token=c6a06706ef83449ba1607d52b66ee91e ExpirationDate:2022-05-26T15:50:39.8830949-03:00
2022-05-26T04:53:01+00:00 DEBUG Inclui_pedido: #pedido=21430 status=NVO score=
2022-05-26T04:53:01+00:00 DEBUG Clearsale_Total_Checkout:Cs_total_checkout: Pedido 21430 inserido com sucesso, status:NVO requestID:
2022-05-26T04:53:01+00:00 DEBUG Clearsale_Total_Status:Cs_atualiza_status: dados do pedido: billing_country=BR shipping_country=BR
2022-05-26T04:53:01+00:00 DEBUG Clearsale_Total_Status:getStatusOnNotes:  entrou post_id=21430
2022-05-26T04:53:01+00:00 DEBUG Clearsale_Total_Status:Cs_atualiza_status: pedido=21430 status antes:processing agora:cs-inanalisis
2022-05-26T04:53:01+00:00 DEBUG Clearsale_Total_Status:Cs_atualiza_status: post_id=21430 último status salvo:NVO
2022-05-26T04:53:03+00:00 DEBUG Cs_total_checkout: hook woocommerce_payment_complete: order id=21430
2022-05-26T04:54:02+00:00 DEBUG Clearsale_Total_Status:Cs_status: hook da CS de status para pedido=21430
2022-05-26T04:54:02+00:00 DEBUG Clearsale_Total_Status:Cs_status: método do pedido acima:rede_credit
2022-05-26T04:54:02+00:00 DEBUG Authenticate: versão:2.4.3 login=ImperialTapetesEInteriores modo=0
2022-05-26T04:54:02+00:00 DEBUG Authenticate: novo token=c6a06706ef83449ba1607d52b66ee91e ExpirationDate:2022-05-26T15:50:39.8830867-03:00
2022-05-26T04:54:02+00:00 DEBUG Consulta_status: #pedido=21430 status=APA score=51.49
2022-05-26T04:54:02+00:00 DEBUG Clearsale_Total_Status:Cs_status: retorno da consulta: status=APA score=51.49
2022-05-26T04:54:02+00:00 DEBUG nota=ClearSale status: APA score: 51.49</br>Desc: (Aprovação Automática) – Pedido foi aprovado automaticamente segundo parâmetros definidos na regra de aprovação automática
2022-05-26T04:54:02+00:00 DEBUG Clearsale_Total_Status:Cs_status: Pedido APROVADO(21430, status=APA), mudando status do Woo para wc-processing!
2022-05-26T11:49:33+00:00 DEBUG Cs_total_extrafield: update_order_meta: billing_country=BR shipping_country=BR
2022-05-26T11:49:33+00:00 DEBUG Cs_total_extrafield: update_order_meta: Compras no BR salvamos CPF/CNPJ.
2022-05-26T11:49:33+00:00 DEBUG Cs_total_extrafield: order_id=21431 cs_field_doc= billing_cpf=116.554.088-60 billing_cnpj=
2022-05-26T11:49:33+00:00 DEBUG Cs_total_checkout: hook woocommerce_checkout_order_processed: order id=21431
2022-05-26T11:49:33+00:00 DEBUG Clearsale_Total_Checkout: checkout_order_processed: billing_country=BR shipping_country=BR
2022-05-26T11:49:33+00:00 DEBUG Clearsale_Total_Checkout: checkout_order_processed: Compras no BR integramos na CS.
2022-05-26T11:49:33+00:00 DEBUG Cs_total_checkout_order_processed: session =f1404c2624fa7f2507ba04fd9dfc5fb1
2022-05-26T11:49:33+00:00 DEBUG Cs_total_checkout: hook woocommerce_checkout_order_processed: order id=21431 - EAP: Esperando Aprovação do Pagamento
2022-05-26T11:49:46+00:00 DEBUG Clearsale_Total_Status:Cs_atualiza_status: dados do pedido: billing_country=BR shipping_country=BR
2022-05-26T11:49:46+00:00 DEBUG Clearsale_Total_Status:getStatusOnNotes:  entrou post_id=21431
2022-05-26T11:49:46+00:00 DEBUG Clearsale_Total_Status:getStatusOnNotes:  saindo sem achar nada...
2022-05-26T11:49:46+00:00 DEBUG Clearsale_Total_Status:Cs_atualiza_status: pedido=21431 status antes:pending agora:on-hold
2022-05-26T11:49:46+00:00 DEBUG Clearsale_Total_Status:Cs_atualiza_status: post_id=21431 último status salvo:
2022-05-26T11:49:56+00:00 DEBUG Cs_total_checkout: hook woocommerce_before_thankyou: order id=21431
2022-05-26T11:49:56+00:00 DEBUG Cs_total_checkout: hook woocommerce_thankyou: order id=21431
2022-05-26T11:49:56+00:00 DEBUG Cs_total_checkout: hook woocommerce_thankyou: Pedido não enviado ainda!
2022-05-26T11:49:56+00:00 DEBUG Clearsale_Total_Checkout:outrosMetodos:Cs_total_thankyou verificando post_meta de métodos...
2022-05-26T11:49:56+00:00 DEBUG Cs_total_thankyou:() Pedido 21431 não é cartão saindo...
2022-05-26T11:49:57+00:00 DEBUG Cs_total_checkout: hook woocommerce_before_thankyou: order id=21431
2022-05-26T11:49:57+00:00 DEBUG Cs_total_checkout: hook woocommerce_thankyou: order id=21431
2022-05-26T11:49:57+00:00 DEBUG Cs_total_checkout: hook woocommerce_thankyou: Pedido não enviado ainda!
2022-05-26T11:49:57+00:00 DEBUG Clearsale_Total_Checkout:outrosMetodos:Cs_total_thankyou verificando post_meta de métodos...
2022-05-26T11:49:57+00:00 DEBUG Cs_total_thankyou:() Pedido 21431 não é cartão saindo...
2022-05-26T11:51:45+00:00 DEBUG Clearsale_Total_Status:Cs_atualiza_status: dados do pedido: billing_country=BR shipping_country=BR
2022-05-26T11:51:45+00:00 DEBUG Clearsale_Total_Status:getStatusOnNotes:  entrou post_id=21431
2022-05-26T11:51:45+00:00 DEBUG Clearsale_Total_Status:getStatusOnNotes:  saindo sem achar nada...
2022-05-26T11:51:45+00:00 DEBUG Clearsale_Total_Status:Cs_atualiza_status: pedido=21431 status antes:on-hold agora:processing
2022-05-26T11:51:45+00:00 DEBUG Clearsale_Total_Status:Cs_atualiza_status: post_id=21431 último status salvo:
2022-05-26T11:51:45+00:00 DEBUG Clearsale_Total_Checkout: Cs_total_checkout: dados do pedido: billing_country=BR shipping_country=BR
2022-05-26T11:51:45+00:00 DEBUG Clearsale_Total_Checkout: Cs_total_checkout: Compras no BR integramos na CS.
2022-05-26T11:51:45+00:00 DEBUG Cs_total_checkout: Entrou: Pedido #=21431 doc=116.554.088-60
2022-05-26T11:51:45+00:00 DEBUG Clearsale_Total_Checkout:outrosMetodos:Cs_total_checkout verificando post_meta de métodos...
2022-05-26T11:51:45+00:00 DEBUG Monta_pedido: entrou, #doc=116.554.088-60 e-mail=vivi.vmvs@outlook.com
2022-05-26T11:51:45+00:00 DEBUG Clearsale_Total_Api:Busca_Bairro: cep=12030213
2022-05-26T11:51:45+00:00 DEBUG Clearsale_Total_Api:Busca_Bairro: saida=Condomínio do Taubaté Village
2022-05-26T11:51:45+00:00 DEBUG Clearsale_Total_Api:Tipo_pagamento: tipo=gerencianet_oficial
2022-05-26T11:51:45+00:00 DEBUG Monta_pedido: json=[{"code":"21431","sessionID":"f1404c2624fa7f2507ba04fd9dfc5fb1","date":"2022-05-26T08:49:32-03:00","email":"vivi.vmvs@outlook.com","itemValue":259,"totalValue":266.14,"numberOfInstallments":1,"ip":"179.100.57.240","isGift":false,"giftMessage":"","observation":"","status":0,"origin":"website","channelID":"","country":"","nationality":"","product":3,"customSla":0,"bankAuthentication":"","billing":{"clientID":"1821","type":1,"primaryDocument":"116.554.088-60","secondaryDocument":"","name":"Viviane Vieira","birthDate":null,"email":"vivi.vmvs@outlook.com","gender":"","address":{"street":"Rua Professor Armando Teixeira R5","number":"405","additionalInformation":"","county":"Condom\u00ednio do Taubat\u00e9 Village","city":"Taubat\u00e9","state":"SP","country":"BR","zipcode":"12030213","reference":""},"phones":[{"type":0,"ddi":55,"ddd":12,"number":991601284,"extension":""}]},"shipping":{"clientID":"1821","type":1,"primaryDocument":"116.554.088-60","secondaryDocument":"","name":"Viviane Vieira","birthDate":null,"email":"","gender":"","address":{"street":"Rua Professor Armando Teixeira R5","number":"405","additionalInformation":"","county":"Condom\u00ednio do Taubat\u00e9 Village","city":"Taubat\u00e9","state":"SP","country":"BR","zipcode":"12030213","reference":""},"deliveryType":"11","deliveryTime":"","price":33.04,"pickUpStoreDocument":""},"payments":[{"sequential":1,"date":"2022-05-26T08:49:32+00:00","value":266.14,"type":14,"installments":1,"interestRate":0,"interestValue":0,"currency":986,"voucherOrderOrigin":"","card":null,"address":{"street":"","number":"","additionalInformation":"","county":"","city":"","state":"","zipcode":"","country":"","reference":""}}],"items":[{"code":"6989","name":"Tapete de Couro \u2013 Cinza Claro \u2013 1,0 x 1,5 m Quadriculado (5\u00d75)","value":259,"amount":1,"categoryID":null,"categoryName":"Ofertas para voc\u00ea<\/a>, <a href=\"https:\/\/imperialtapeteseinteriores.com.br\/categoria-produto\/pronta-entrega\/tapetes-pronta-entrega\/tamanho-100x150\/\" rel=\"tag\">Tamanho 1,0 x 1,50 m","isGift":false,"sellerName":"","shippingCompany":"loja5-correios-pac-03298"}]}]
2022-05-26T11:51:45+00:00 DEBUG Authenticate: versão:2.5.1 login=ImperialTapetesEInteriores modo=0
2022-05-26T11:51:46+00:00 DEBUG Authenticate: novo token=c6a06706ef83449ba1607d52b66ee91e ExpirationDate:2022-05-26T15:50:39.8830434-03:00
2022-05-26T11:51:46+00:00 DEBUG Inclui_pedido: #pedido=21431 status=NVO score=
2022-05-26T11:51:46+00:00 DEBUG Clearsale_Total_Checkout:Cs_total_checkout: Pedido 21431 inserido com sucesso, status:NVO requestID:
2022-05-26T11:51:46+00:00 DEBUG Clearsale_Total_Status:Cs_atualiza_status: dados do pedido: billing_country=BR shipping_country=BR
2022-05-26T11:51:46+00:00 DEBUG Clearsale_Total_Status:getStatusOnNotes:  entrou post_id=21431
2022-05-26T11:51:46+00:00 DEBUG Clearsale_Total_Status:Cs_atualiza_status: pedido=21431 status antes:processing agora:cs-inanalisis
2022-05-26T11:51:46+00:00 DEBUG Clearsale_Total_Status:Cs_atualiza_status: post_id=21431 último status salvo:NVO
2022-05-26T11:52:19+00:00 DEBUG Clearsale_Total_Status:Cs_status: hook da CS de status para pedido=21431
2022-05-26T11:52:19+00:00 DEBUG Clearsale_Total_Status:Cs_status: método do pedido acima:gerencianet_oficial
2022-05-26T11:52:19+00:00 DEBUG Authenticate: versão:2.4.3 login=ImperialTapetesEInteriores modo=0
2022-05-26T11:52:20+00:00 DEBUG Authenticate: novo token=c6a06706ef83449ba1607d52b66ee91e ExpirationDate:2022-05-26T15:50:39.8830591-03:00
2022-05-26T11:52:20+00:00 DEBUG Consulta_status: #pedido=21431 status=APA score=67.36
2022-05-26T11:52:20+00:00 DEBUG Clearsale_Total_Status:Cs_status: retorno da consulta: status=APA score=67.36
2022-05-26T11:52:20+00:00 DEBUG nota=ClearSale status: APA score: 67.36</br>Desc: (Aprovação Automática) – Pedido foi aprovado automaticamente segundo parâmetros definidos na regra de aprovação automática
2022-05-26T11:52:20+00:00 DEBUG Clearsale_Total_Status:Cs_status: Pedido APROVADO(21431, status=APA), mudando status do Woo para wc-processing!
2022-05-26T12:16:19+00:00 DEBUG Clearsale_Total_Status:Cs_atualiza_status: dados do pedido: billing_country=BR shipping_country=BR
2022-05-26T12:16:19+00:00 DEBUG Clearsale_Total_Status:getStatusOnNotes:  entrou post_id=21323
2022-05-26T12:16:19+00:00 DEBUG Clearsale_Total_Status:Cs_atualiza_status: pedido=21323 status antes:cs-inanalisis agora:processing
2022-05-26T12:16:19+00:00 DEBUG Clearsale_Total_Status:Cs_atualiza_status: post_id=21323 último status salvo:NVO
2022-05-26T12:16:19+00:00 DEBUG Clearsale_Total_Checkout: Cs_total_checkout: dados do pedido: billing_country=BR shipping_country=BR
2022-05-26T12:16:19+00:00 DEBUG Clearsale_Total_Checkout: Cs_total_checkout: Compras no BR integramos na CS.
2022-05-26T12:16:19+00:00 DEBUG Cs_total_checkout: Entrou: Pedido #=21323 doc=46.446.353/0001-10
2022-05-26T12:16:19+00:00 DEBUG Clearsale_Total_Checkout:outrosMetodos:Cs_total_checkout verificando post_meta de métodos...
2022-05-26T12:16:19+00:00 DEBUG Monta_pedido: entrou, #doc=46.446.353/0001-10 e-mail=irenecmonteiro@hotmail.com
2022-05-26T12:16:19+00:00 DEBUG Clearsale_Total_Api:Busca_Bairro: cep=14350000
2022-05-26T12:16:20+00:00 DEBUG Clearsale_Total_Api:Busca_Bairro: saida=    
2022-05-26T12:16:20+00:00 DEBUG Clearsale_Total_Api:Tipo_pagamento: tipo=gerencianet_oficial
2022-05-26T12:16:20+00:00 DEBUG Monta_pedido: json=[{"code":"21323","sessionID":"24036a478e6d121150559284d6920449","date":"2022-05-25T10:08:07-03:00","email":"irenecmonteiro@hotmail.com","itemValue":2397,"totalValue":2157.3,"numberOfInstallments":1,"ip":"177.58.187.6","isGift":false,"giftMessage":"","observation":"","status":0,"origin":"website","channelID":"","country":"","nationality":"","product":3,"customSla":0,"bankAuthentication":"","billing":{"clientID":"1814","type":2,"primaryDocument":"46.446.353\/0001-10","secondaryDocument":"","name":"Irene Monteiro","birthDate":null,"email":"irenecmonteiro@hotmail.com","gender":"","address":{"street":"Pra\u00e7a Dr Olavo Guimar\u00e3es, Sala 01","number":"08","additionalInformation":"","county":"Centro","city":"Altin\u00f3polis","state":"SP","country":"BR","zipcode":"14350000","reference":""},"phones":[{"type":0,"ddi":55,"ddd":16,"number":991990214,"extension":""}]},"shipping":{"clientID":"1814","type":2,"primaryDocument":"46.446.353\/0001-10","secondaryDocument":"","name":"Irene Monteiro","birthDate":null,"email":"","gender":"","address":{"street":"Pra\u00e7a Dr Olavo Guimar\u00e3es, Sala 01","number":"08","additionalInformation":"","county":"    ","city":"Altin\u00f3polis","state":"SP","country":"BR","zipcode":"14350000","reference":""},"deliveryType":"0","deliveryTime":"","price":0,"pickUpStoreDocument":""},"payments":[{"sequential":1,"date":"2022-05-25T10:08:07+00:00","value":2157.3,"type":14,"installments":1,"interestRate":0,"interestValue":0,"currency":986,"voucherOrderOrigin":"","card":null,"address":{"street":"","number":"","additionalInformation":"","county":"","city":"","state":"","zipcode":"","country":"","reference":""}}],"items":[{"code":"10267","name":"Tapete de Couro Redondo - Geom\u00e9trico 3D - Cinza - Redondo 1,00m Di\u00e2metro","value":289,"amount":1,"categoryID":null,"categoryName":"3D<\/a>, <a href=\"https:\/\/imperialtapeteseinteriores.com.br\/categoria-produto\/compre-por-cor\/cinza\/\" rel=\"tag\">Cinza<\/a>, <a href=\"https:\/\/imperialtapeteseinteriores.com.br\/categoria-produto\/sob-encomenda\/tapete-geometrico\/\" rel=\"tag\">Tapetes Geom\u00e9tricos<\/a>, <a href=\"https:\/\/imperialtapeteseinteriores.com.br\/categoria-produto\/sob-encomenda\/redondo\/\" rel=\"tag\">Tapetes Redondo","isGift":false,"sellerName":"","shippingCompany":"advanced_free_shipping"},{"code":"10267","name":"Tapete de Couro Redondo - Geom\u00e9trico 3D - Cinza - Redondo 1,80m Di\u00e2metro","value":939,"amount":1,"categoryID":null,"categoryName":"3D<\/a>, <a href=\"https:\/\/imperialtapeteseinteriores.com.br\/categoria-produto\/compre-por-cor\/cinza\/\" rel=\"tag\">Cinza<\/a>, <a href=\"https:\/\/imperialtapeteseinteriores.com.br\/categoria-produto\/sob-encomenda\/tapete-geometrico\/\" rel=\"tag\">Tapetes Geom\u00e9tricos<\/a>, <a href=\"https:\/\/imperialtapeteseinteriores.com.br\/categoria-produto\/sob-encomenda\/redondo\/\" rel=\"tag\">Tapetes Redondo","isGift":false,"sellerName":"","shippingCompany":"advanced_free_shipping"},{"code":"10267","name":"Tapete de Couro Redondo - Geom\u00e9trico 3D - Cinza - Redondo 2,00m Di\u00e2metro","value":1169,"amount":1,"categoryID":null,"categoryName":"3D<\/a>, <a href=\"https:\/\/imperialtapeteseinteriores.com.br\/categoria-produto\/compre-por-cor\/cinza\/\" rel=\"tag\">Cinza<\/a>, <a href=\"https:\/\/imperialtapeteseinteriores.com.br\/categoria-produto\/sob-encomenda\/tapete-geometrico\/\" rel=\"tag\">Tapetes Geom\u00e9tricos<\/a>, <a href=\"https:\/\/imperialtapeteseinteriores.com.br\/categoria-produto\/sob-encomenda\/redondo\/\" rel=\"tag\">Tapetes Redondo","isGift":false,"sellerName":"","shippingCompany":"advanced_free_shipping"}]}]
2022-05-26T12:16:20+00:00 DEBUG Authenticate: versão:2.5.1 login=ImperialTapetesEInteriores modo=0
2022-05-26T12:16:20+00:00 DEBUG Authenticate: novo token=c6a06706ef83449ba1607d52b66ee91e ExpirationDate:2022-05-26T15:50:39.8830682-03:00
2022-05-26T12:16:20+00:00 DEBUG Inclui_pedido: erro #400 msg={"Message":"The request is invalid.","ModelState":{"existing-orders":["21323"]}}
2022-05-26T12:16:20+00:00 DEBUG Cs_total_checkout: Erro no retorno de Inclui_pedido
2022-05-26T12:16:20+00:00 DEBUG Clearsale_Total_Status:Cs_atualiza_status: Erro ao gravar pedido na ClearSale!!
2022-05-26T12:30:18+00:00 DEBUG Clearsale_Total_Status:Cs_atualiza_status: dados do pedido: billing_country=BR shipping_country=BR
2022-05-26T12:30:18+00:00 DEBUG Clearsale_Total_Status:getStatusOnNotes:  entrou post_id=21431
2022-05-26T12:30:18+00:00 DEBUG Clearsale_Total_Status:Cs_atualiza_status: pedido=21431 status antes:processing agora:em-separacao
2022-05-26T12:30:18+00:00 DEBUG Clearsale_Total_Status:Cs_atualiza_status: post_id=21431 último status salvo:APA
2022-05-26T12:33:24+00:00 DEBUG Clearsale_Total_Status:Cs_atualiza_status: dados do pedido: billing_country=BR shipping_country=BR
2022-05-26T12:33:24+00:00 DEBUG Clearsale_Total_Status:getStatusOnNotes:  entrou post_id=21430
2022-05-26T12:33:24+00:00 DEBUG Clearsale_Total_Status:Cs_atualiza_status: pedido=21430 status antes:processing agora:em-separacao
2022-05-26T12:33:24+00:00 DEBUG Clearsale_Total_Status:Cs_atualiza_status: post_id=21430 último status salvo:APA
2022-05-26T12:34:08+00:00 DEBUG Clearsale_Total_Status:Cs_atualiza_status: dados do pedido: billing_country=BR shipping_country=BR
2022-05-26T12:34:08+00:00 DEBUG Clearsale_Total_Status:getStatusOnNotes:  entrou post_id=21428
2022-05-26T12:34:08+00:00 DEBUG Clearsale_Total_Status:Cs_atualiza_status: pedido=21428 status antes:processing agora:em-separacao
2022-05-26T12:34:08+00:00 DEBUG Clearsale_Total_Status:Cs_atualiza_status: post_id=21428 último status salvo:APA
2022-05-26T12:34:42+00:00 DEBUG Clearsale_Total_Status:Cs_atualiza_status: dados do pedido: billing_country=BR shipping_country=BR
2022-05-26T12:34:42+00:00 DEBUG Clearsale_Total_Status:getStatusOnNotes:  entrou post_id=21411
2022-05-26T12:34:42+00:00 DEBUG Clearsale_Total_Status:Cs_atualiza_status: pedido=21411 status antes:processing agora:em-separacao
2022-05-26T12:34:42+00:00 DEBUG Clearsale_Total_Status:Cs_atualiza_status: post_id=21411 último status salvo:APA
2022-05-26T12:35:47+00:00 DEBUG Clearsale_Total_Status:Cs_atualiza_status: dados do pedido: billing_country=BR shipping_country=BR
2022-05-26T12:35:47+00:00 DEBUG Clearsale_Total_Status:getStatusOnNotes:  entrou post_id=21323
2022-05-26T12:35:47+00:00 DEBUG Clearsale_Total_Status:Cs_atualiza_status: pedido=21323 status antes:processing agora:em-confeccao
2022-05-26T12:35:47+00:00 DEBUG Clearsale_Total_Status:Cs_atualiza_status: post_id=21323 último status salvo:NVO
2022-05-26T12:40:31+00:00 DEBUG Clearsale_Total_Status:Cs_atualiza_status: dados do pedido: billing_country=BR shipping_country=BR
2022-05-26T12:40:31+00:00 DEBUG Clearsale_Total_Status:getStatusOnNotes:  entrou post_id=21315
2022-05-26T12:40:31+00:00 DEBUG Clearsale_Total_Status:Cs_atualiza_status: pedido=21315 status antes:processing agora:em-separacao
2022-05-26T12:40:31+00:00 DEBUG Clearsale_Total_Status:Cs_atualiza_status: post_id=21315 último status salvo:APA
2022-05-26T12:41:47+00:00 DEBUG Clearsale_Total_Status:Cs_atualiza_status: dados do pedido: billing_country=BR shipping_country=BR
2022-05-26T12:41:47+00:00 DEBUG Clearsale_Total_Status:getStatusOnNotes:  entrou post_id=20644
2022-05-26T12:41:47+00:00 DEBUG Clearsale_Total_Status:getStatusOnNotes:  saindo sem achar nada...
2022-05-26T12:41:47+00:00 DEBUG Clearsale_Total_Status:Cs_atualiza_status: pedido=20644 status antes:em-confeccao agora:completed
2022-05-26T12:41:47+00:00 DEBUG Clearsale_Total_Status:Cs_atualiza_status: post_id=20644 último status salvo:
2022-05-26T12:41:47+00:00 DEBUG Atualiza_status: vamos marcar pedido=20644 com status=PGA
2022-05-26T12:41:47+00:00 DEBUG Authenticate: versão:2.5.1 login=ImperialTapetesEInteriores modo=0
2022-05-26T12:41:48+00:00 DEBUG Authenticate: novo token=c6a06706ef83449ba1607d52b66ee91e ExpirationDate:2022-05-26T15:50:39.8830682-03:00
2022-05-26T12:41:48+00:00 DEBUG Atualiza_status: erro #404 msg=HTTP/1.1 404 Not Found
X-StackifyID: V2|7f4d9384-ab93-4224-a72d-42df4323c427|C64106|CD63079
Request-Id: 52P6-09T4-14N8-16L9
X-Powered-By: ASP.NET
X-Cache: CONFIG_NOCACHE
X-Azure-Ref: 0jHWPYgAAAABvytNkIqE1S5UL+Lf1qSxLQVRMMzMxMDAwMTA5MDIxADg2ZjFlOWYzLTkwOWItNDc4Yi04MTk5LTEyNDI1YjZiZTJkMw==
Date: Thu, 26 May 2022 12:41:48 GMT
Content-Length: 0


2022-05-26T12:41:48+00:00 DEBUG Clearsale_Total_Status:Cs_atualiza_status: colocando PGA retorno: requestID= status= msg=
2022-05-26T12:43:00+00:00 DEBUG Clearsale_Total_Status:Cs_atualiza_status: dados do pedido: billing_country=BR shipping_country=BR
2022-05-26T12:43:00+00:00 DEBUG Clearsale_Total_Status:getStatusOnNotes:  entrou post_id=20575
2022-05-26T12:43:00+00:00 DEBUG Clearsale_Total_Status:getStatusOnNotes:  saindo sem achar nada...
2022-05-26T12:43:00+00:00 DEBUG Clearsale_Total_Status:Cs_atualiza_status: pedido=20575 status antes:em-confeccao agora:completed
2022-05-26T12:43:00+00:00 DEBUG Clearsale_Total_Status:Cs_atualiza_status: post_id=20575 último status salvo:
2022-05-26T12:43:00+00:00 DEBUG Atualiza_status: vamos marcar pedido=20575 com status=PGA
2022-05-26T12:43:00+00:00 DEBUG Authenticate: versão:2.5.1 login=ImperialTapetesEInteriores modo=0
2022-05-26T12:43:00+00:00 DEBUG Authenticate: novo token=c6a06706ef83449ba1607d52b66ee91e ExpirationDate:2022-05-26T15:50:39.8830434-03:00
2022-05-26T12:43:00+00:00 DEBUG Atualiza_status: erro #404 msg=HTTP/1.1 404 Not Found
X-StackifyID: V2|c2a5b5ce-ae48-43c1-8cdc-2097dbcbd51b|C64106|CD63081
Request-Id: 52R6-09I4-30R0-56E3
X-Powered-By: ASP.NET
X-Cache: CONFIG_NOCACHE
X-Azure-Ref: 01HWPYgAAAAB+LPdIFUfaQoC0nWQpKuJhQVRBRURHRTEyMTMAODZmMWU5ZjMtOTA5Yi00NzhiLTgxOTktMTI0MjViNmJlMmQz
Date: Thu, 26 May 2022 12:43:00 GMT
Content-Length: 0


2022-05-26T12:43:00+00:00 DEBUG Clearsale_Total_Status:Cs_atualiza_status: colocando PGA retorno: requestID= status= msg=
2022-05-26T12:43:58+00:00 DEBUG Clearsale_Total_Status:Cs_atualiza_status: dados do pedido: billing_country=BR shipping_country=BR
2022-05-26T12:43:58+00:00 DEBUG Clearsale_Total_Status:getStatusOnNotes:  entrou post_id=21104
2022-05-26T12:43:58+00:00 DEBUG Clearsale_Total_Status:Cs_atualiza_status: pedido=21104 status antes:em-confeccao agora:completed
2022-05-26T12:43:58+00:00 DEBUG Clearsale_Total_Status:Cs_atualiza_status: post_id=21104 último status salvo:APA
2022-05-26T12:43:58+00:00 DEBUG Atualiza_status: vamos marcar pedido=21104 com status=PGA
2022-05-26T12:43:58+00:00 DEBUG Authenticate: versão:2.5.1 login=ImperialTapetesEInteriores modo=0
2022-05-26T12:43:58+00:00 DEBUG Authenticate: novo token=c6a06706ef83449ba1607d52b66ee91e ExpirationDate:2022-05-26T15:50:39.8830820-03:00
2022-05-26T12:43:58+00:00 DEBUG Atualiza_status: ret=Array
(
    [status] => StatusNotAllowed
    [message] => It is not permitted to update to this status
)

2022-05-26T12:43:58+00:00 DEBUG Atualiza_status: #pedido=21104 status=StatusNotAllowed msg=It is not permitted to update to this status
2022-05-26T12:43:58+00:00 DEBUG Clearsale_Total_Status:Cs_atualiza_status: colocando PGA retorno: requestID= status=StatusNotAllowed msg=It is not permitted to update to this status
2022-05-26T12:44:47+00:00 DEBUG Clearsale_Total_Status:Cs_atualiza_status: dados do pedido: billing_country=BR shipping_country=BR
2022-05-26T12:44:47+00:00 DEBUG Clearsale_Total_Status:getStatusOnNotes:  entrou post_id=20863
2022-05-26T12:44:47+00:00 DEBUG Clearsale_Total_Status:getStatusOnNotes:  saindo sem achar nada...
2022-05-26T12:44:47+00:00 DEBUG Clearsale_Total_Status:Cs_atualiza_status: pedido=20863 status antes:em-confeccao agora:completed
2022-05-26T12:44:47+00:00 DEBUG Clearsale_Total_Status:Cs_atualiza_status: post_id=20863 último status salvo:
2022-05-26T12:44:47+00:00 DEBUG Atualiza_status: vamos marcar pedido=20863 com status=PGA
2022-05-26T12:44:47+00:00 DEBUG Authenticate: versão:2.5.1 login=ImperialTapetesEInteriores modo=0
2022-05-26T12:44:47+00:00 DEBUG Authenticate: novo token=c6a06706ef83449ba1607d52b66ee91e ExpirationDate:2022-05-26T15:50:39.8830591-03:00
2022-05-26T12:44:47+00:00 DEBUG Atualiza_status: erro #404 msg=HTTP/1.1 404 Not Found
X-StackifyID: V2|b3d2d150-a65d-4fa8-a3ca-05f8f48ea8c5|C64106|CD63088
Request-Id: 52N6-09S4-44X7-66G8
X-Powered-By: ASP.NET
X-Cache: CONFIG_NOCACHE
X-Azure-Ref: 0P3aPYgAAAABct4gjNYpoSI3Hi0egTQ6AQVRMMzMxMDAwMTEwMDQ5ADg2ZjFlOWYzLTkwOWItNDc4Yi04MTk5LTEyNDI1YjZiZTJkMw==
Date: Thu, 26 May 2022 12:44:47 GMT
Content-Length: 0


2022-05-26T12:44:47+00:00 DEBUG Clearsale_Total_Status:Cs_atualiza_status: colocando PGA retorno: requestID= status= msg=
2022-05-26T12:45:38+00:00 DEBUG Clearsale_Total_Status:Cs_atualiza_status: dados do pedido: billing_country=BR shipping_country=BR
2022-05-26T12:45:38+00:00 DEBUG Clearsale_Total_Status:getStatusOnNotes:  entrou post_id=21315
2022-05-26T12:45:38+00:00 DEBUG Clearsale_Total_Status:Cs_atualiza_status: pedido=21315 status antes:em-separacao agora:completed
2022-05-26T12:45:38+00:00 DEBUG Clearsale_Total_Status:Cs_atualiza_status: post_id=21315 último status salvo:APA
2022-05-26T12:45:38+00:00 DEBUG Atualiza_status: vamos marcar pedido=21315 com status=PGA
2022-05-26T12:45:38+00:00 DEBUG Authenticate: versão:2.5.1 login=ImperialTapetesEInteriores modo=0
2022-05-26T12:45:38+00:00 DEBUG Authenticate: novo token=c6a06706ef83449ba1607d52b66ee91e ExpirationDate:2022-05-26T15:50:39.8830820-03:00
2022-05-26T12:45:38+00:00 DEBUG Atualiza_status: ret=Array
(
    [status] => StatusNotAllowed
    [message] => It is not permitted to update to this status
)

2022-05-26T12:45:38+00:00 DEBUG Atualiza_status: #pedido=21315 status=StatusNotAllowed msg=It is not permitted to update to this status
2022-05-26T12:45:38+00:00 DEBUG Clearsale_Total_Status:Cs_atualiza_status: colocando PGA retorno: requestID= status=StatusNotAllowed msg=It is not permitted to update to this status
2022-05-26T12:46:17+00:00 DEBUG Clearsale_Total_Status:Cs_atualiza_status: dados do pedido: billing_country=BR shipping_country=BR
2022-05-26T12:46:17+00:00 DEBUG Clearsale_Total_Status:getStatusOnNotes:  entrou post_id=21288
2022-05-26T12:46:17+00:00 DEBUG Clearsale_Total_Status:Cs_atualiza_status: pedido=21288 status antes:em-separacao agora:completed
2022-05-26T12:46:17+00:00 DEBUG Clearsale_Total_Status:Cs_atualiza_status: post_id=21288 último status salvo:APA
2022-05-26T12:46:17+00:00 DEBUG Atualiza_status: vamos marcar pedido=21288 com status=PGA
2022-05-26T12:46:17+00:00 DEBUG Authenticate: versão:2.5.1 login=ImperialTapetesEInteriores modo=0
2022-05-26T12:46:18+00:00 DEBUG Authenticate: novo token=c6a06706ef83449ba1607d52b66ee91e ExpirationDate:2022-05-26T15:50:39.8830682-03:00
2022-05-26T12:46:18+00:00 DEBUG Atualiza_status: ret=Array
(
    [status] => StatusNotAllowed
    [message] => It is not permitted to update to this status
)

2022-05-26T12:46:18+00:00 DEBUG Atualiza_status: #pedido=21288 status=StatusNotAllowed msg=It is not permitted to update to this status
2022-05-26T12:46:18+00:00 DEBUG Clearsale_Total_Status:Cs_atualiza_status: colocando PGA retorno: requestID= status=StatusNotAllowed msg=It is not permitted to update to this status
2022-05-26T12:49:35+00:00 DEBUG Clearsale_Total_Status:Cs_atualiza_status: dados do pedido: billing_country=BR shipping_country=BR
2022-05-26T12:49:35+00:00 DEBUG Clearsale_Total_Status:getStatusOnNotes:  entrou post_id=21320
2022-05-26T12:49:35+00:00 DEBUG Clearsale_Total_Status:Cs_atualiza_status: pedido=21320 status antes:em-separacao agora:completed
2022-05-26T12:49:35+00:00 DEBUG Clearsale_Total_Status:Cs_atualiza_status: post_id=21320 último status salvo:APA
2022-05-26T12:49:35+00:00 DEBUG Atualiza_status: vamos marcar pedido=21320 com status=PGA
2022-05-26T12:49:35+00:00 DEBUG Authenticate: versão:2.5.1 login=ImperialTapetesEInteriores modo=0
2022-05-26T12:49:35+00:00 DEBUG Authenticate: novo token=c6a06706ef83449ba1607d52b66ee91e ExpirationDate:2022-05-26T15:50:39.8830434-03:00
2022-05-26T12:49:36+00:00 DEBUG Atualiza_status: ret=Array
(
    [status] => StatusNotAllowed
    [message] => It is not permitted to update to this status
)

2022-05-26T12:49:36+00:00 DEBUG Atualiza_status: #pedido=21320 status=StatusNotAllowed msg=It is not permitted to update to this status
2022-05-26T12:49:36+00:00 DEBUG Clearsale_Total_Status:Cs_atualiza_status: colocando PGA retorno: requestID= status=StatusNotAllowed msg=It is not permitted to update to this status
2022-05-26T12:50:11+00:00 DEBUG Clearsale_Total_Status:Cs_atualiza_status: dados do pedido: billing_country=BR shipping_country=BR
2022-05-26T12:50:11+00:00 DEBUG Clearsale_Total_Status:getStatusOnNotes:  entrou post_id=21305
2022-05-26T12:50:11+00:00 DEBUG Clearsale_Total_Status:Cs_atualiza_status: pedido=21305 status antes:em-separacao agora:completed
2022-05-26T12:50:11+00:00 DEBUG Clearsale_Total_Status:Cs_atualiza_status: post_id=21305 último status salvo:APA
2022-05-26T12:50:11+00:00 DEBUG Atualiza_status: vamos marcar pedido=21305 com status=PGA
2022-05-26T12:50:11+00:00 DEBUG Authenticate: versão:2.5.1 login=ImperialTapetesEInteriores modo=0
2022-05-26T12:50:11+00:00 DEBUG Authenticate: novo token=c6a06706ef83449ba1607d52b66ee91e ExpirationDate:2022-05-26T15:50:39.8830408-03:00
2022-05-26T12:50:11+00:00 DEBUG Atualiza_status: ret=Array
(
    [status] => StatusNotAllowed
    [message] => It is not permitted to update to this status
)

2022-05-26T12:50:11+00:00 DEBUG Atualiza_status: #pedido=21305 status=StatusNotAllowed msg=It is not permitted to update to this status
2022-05-26T12:50:11+00:00 DEBUG Clearsale_Total_Status:Cs_atualiza_status: colocando PGA retorno: requestID= status=StatusNotAllowed msg=It is not permitted to update to this status
2022-05-26T12:50:52+00:00 DEBUG Clearsale_Total_Status:Cs_atualiza_status: dados do pedido: billing_country=BR shipping_country=BR
2022-05-26T12:50:52+00:00 DEBUG Clearsale_Total_Status:getStatusOnNotes:  entrou post_id=21310
2022-05-26T12:50:52+00:00 DEBUG Clearsale_Total_Status:Cs_atualiza_status: pedido=21310 status antes:em-separacao agora:completed
2022-05-26T12:50:52+00:00 DEBUG Clearsale_Total_Status:Cs_atualiza_status: post_id=21310 último status salvo:APA
2022-05-26T12:50:52+00:00 DEBUG Atualiza_status: vamos marcar pedido=21310 com status=PGA
2022-05-26T12:50:52+00:00 DEBUG Authenticate: versão:2.5.1 login=ImperialTapetesEInteriores modo=0
2022-05-26T12:50:53+00:00 DEBUG Authenticate: novo token=c6a06706ef83449ba1607d52b66ee91e ExpirationDate:2022-05-26T15:50:39.8830591-03:00
2022-05-26T12:50:53+00:00 DEBUG Atualiza_status: ret=Array
(
    [status] => StatusNotAllowed
    [message] => It is not permitted to update to this status
)

2022-05-26T12:50:53+00:00 DEBUG Atualiza_status: #pedido=21310 status=StatusNotAllowed msg=It is not permitted to update to this status
2022-05-26T12:50:53+00:00 DEBUG Clearsale_Total_Status:Cs_atualiza_status: colocando PGA retorno: requestID= status=StatusNotAllowed msg=It is not permitted to update to this status
2022-05-26T12:51:21+00:00 DEBUG Clearsale_Total_Status:Cs_atualiza_status: dados do pedido: billing_country=BR shipping_country=BR
2022-05-26T12:51:21+00:00 DEBUG Clearsale_Total_Status:getStatusOnNotes:  entrou post_id=21316
2022-05-26T12:51:21+00:00 DEBUG Clearsale_Total_Status:Cs_atualiza_status: pedido=21316 status antes:em-separacao agora:completed
2022-05-26T12:51:21+00:00 DEBUG Clearsale_Total_Status:Cs_atualiza_status: post_id=21316 último status salvo:APA
2022-05-26T12:51:21+00:00 DEBUG Atualiza_status: vamos marcar pedido=21316 com status=PGA
2022-05-26T12:51:21+00:00 DEBUG Authenticate: versão:2.5.1 login=ImperialTapetesEInteriores modo=0
2022-05-26T12:51:21+00:00 DEBUG Authenticate: novo token=c6a06706ef83449ba1607d52b66ee91e ExpirationDate:2022-05-26T15:50:39.8830408-03:00
2022-05-26T12:51:21+00:00 DEBUG Atualiza_status: ret=Array
(
    [status] => StatusNotAllowed
    [message] => It is not permitted to update to this status
)

2022-05-26T12:51:21+00:00 DEBUG Atualiza_status: #pedido=21316 status=StatusNotAllowed msg=It is not permitted to update to this status
2022-05-26T12:51:21+00:00 DEBUG Clearsale_Total_Status:Cs_atualiza_status: colocando PGA retorno: requestID= status=StatusNotAllowed msg=It is not permitted to update to this status
2022-05-26T12:51:50+00:00 DEBUG Clearsale_Total_Status:Cs_atualiza_status: dados do pedido: billing_country=BR shipping_country=BR
2022-05-26T12:51:50+00:00 DEBUG Clearsale_Total_Status:getStatusOnNotes:  entrou post_id=21311
2022-05-26T12:51:50+00:00 DEBUG Clearsale_Total_Status:Cs_atualiza_status: pedido=21311 status antes:em-separacao agora:completed
2022-05-26T12:51:50+00:00 DEBUG Clearsale_Total_Status:Cs_atualiza_status: post_id=21311 último status salvo:APA
2022-05-26T12:51:50+00:00 DEBUG Atualiza_status: vamos marcar pedido=21311 com status=PGA
2022-05-26T12:51:50+00:00 DEBUG Authenticate: versão:2.5.1 login=ImperialTapetesEInteriores modo=0
2022-05-26T12:51:50+00:00 DEBUG Authenticate: novo token=c6a06706ef83449ba1607d52b66ee91e ExpirationDate:2022-05-26T15:50:39.8830434-03:00
2022-05-26T12:51:50+00:00 DEBUG Atualiza_status: ret=Array
(
    [status] => StatusNotAllowed
    [message] => It is not permitted to update to this status
)

2022-05-26T12:51:50+00:00 DEBUG Atualiza_status: #pedido=21311 status=StatusNotAllowed msg=It is not permitted to update to this status
2022-05-26T12:51:50+00:00 DEBUG Clearsale_Total_Status:Cs_atualiza_status: colocando PGA retorno: requestID= status=StatusNotAllowed msg=It is not permitted to update to this status
2022-05-26T12:52:15+00:00 DEBUG Clearsale_Total_Status:Cs_atualiza_status: dados do pedido: billing_country=BR shipping_country=BR
2022-05-26T12:52:15+00:00 DEBUG Clearsale_Total_Status:getStatusOnNotes:  entrou post_id=21300
2022-05-26T12:52:15+00:00 DEBUG Clearsale_Total_Status:Cs_atualiza_status: pedido=21300 status antes:em-separacao agora:completed
2022-05-26T12:52:15+00:00 DEBUG Clearsale_Total_Status:Cs_atualiza_status: post_id=21300 último status salvo:APA
2022-05-26T12:52:15+00:00 DEBUG Atualiza_status: vamos marcar pedido=21300 com status=PGA
2022-05-26T12:52:15+00:00 DEBUG Authenticate: versão:2.5.1 login=ImperialTapetesEInteriores modo=0
2022-05-26T12:52:16+00:00 DEBUG Authenticate: novo token=c6a06706ef83449ba1607d52b66ee91e ExpirationDate:2022-05-26T15:50:39.8830408-03:00
2022-05-26T12:52:16+00:00 DEBUG Atualiza_status: ret=Array
(
    [status] => StatusNotAllowed
    [message] => It is not permitted to update to this status
)

2022-05-26T12:52:16+00:00 DEBUG Atualiza_status: #pedido=21300 status=StatusNotAllowed msg=It is not permitted to update to this status
2022-05-26T12:52:16+00:00 DEBUG Clearsale_Total_Status:Cs_atualiza_status: colocando PGA retorno: requestID= status=StatusNotAllowed msg=It is not permitted to update to this status
2022-05-26T13:01:50+00:00 DEBUG Clearsale_Total_Status:Cs_atualiza_status: dados do pedido: billing_country=BR shipping_country=BR
2022-05-26T13:01:50+00:00 DEBUG Clearsale_Total_Status:getStatusOnNotes:  entrou post_id=21309
2022-05-26T13:01:50+00:00 DEBUG Clearsale_Total_Status:Cs_atualiza_status: pedido=21309 status antes:em-separacao agora:completed
2022-05-26T13:01:50+00:00 DEBUG Clearsale_Total_Status:Cs_atualiza_status: post_id=21309 último status salvo:APA
2022-05-26T13:01:50+00:00 DEBUG Atualiza_status: vamos marcar pedido=21309 com status=PGA
2022-05-26T13:01:50+00:00 DEBUG Authenticate: versão:2.5.1 login=ImperialTapetesEInteriores modo=0
2022-05-26T13:01:51+00:00 DEBUG Authenticate: novo token=c6a06706ef83449ba1607d52b66ee91e ExpirationDate:2022-05-26T15:50:39.8830408-03:00
2022-05-26T13:01:51+00:00 DEBUG Atualiza_status: ret=Array
(
    [status] => StatusNotAllowed
    [message] => It is not permitted to update to this status
)

2022-05-26T13:01:51+00:00 DEBUG Atualiza_status: #pedido=21309 status=StatusNotAllowed msg=It is not permitted to update to this status
2022-05-26T13:01:51+00:00 DEBUG Clearsale_Total_Status:Cs_atualiza_status: colocando PGA retorno: requestID= status=StatusNotAllowed msg=It is not permitted to update to this status
2022-05-26T13:02:51+00:00 DEBUG Clearsale_Total_Status:Cs_atualiza_status: dados do pedido: billing_country=BR shipping_country=BR
2022-05-26T13:02:51+00:00 DEBUG Clearsale_Total_Status:getStatusOnNotes:  entrou post_id=20302
2022-05-26T13:02:51+00:00 DEBUG Clearsale_Total_Status:getStatusOnNotes:  saindo sem achar nada...
2022-05-26T13:02:51+00:00 DEBUG Clearsale_Total_Status:Cs_atualiza_status: pedido=20302 status antes:em-confeccao agora:em-separacao
2022-05-26T13:02:51+00:00 DEBUG Clearsale_Total_Status:Cs_atualiza_status: post_id=20302 último status salvo:
2022-05-26T13:13:35+00:00 DEBUG Cs_total_checkout: hook woocommerce_before_thankyou: order id=21305
2022-05-26T13:13:35+00:00 DEBUG Cs_total_checkout: hook woocommerce_thankyou: order id=21305
2022-05-26T13:13:35+00:00 DEBUG Cs_total_checkout: hook woocommerce_thankyou: Pedido já enviado!
2022-05-26T13:13:35+00:00 DEBUG Cs_total_checkout: hook woocommerce_before_thankyou: order id=21305
2022-05-26T13:13:35+00:00 DEBUG Cs_total_checkout: hook woocommerce_thankyou: order id=21305
2022-05-26T13:13:35+00:00 DEBUG Cs_total_checkout: hook woocommerce_thankyou: Pedido já enviado!
2022-05-26T15:44:08+00:00 DEBUG Cs_total_checkout: hook woocommerce_before_thankyou: order id=21305
2022-05-26T15:44:08+00:00 DEBUG Cs_total_checkout: hook woocommerce_thankyou: order id=21305
2022-05-26T15:44:08+00:00 DEBUG Cs_total_checkout: hook woocommerce_thankyou: Pedido já enviado!
2022-05-26T18:10:57+00:00 DEBUG Cs_total_extrafield: update_order_meta: billing_country=BR shipping_country=BR
2022-05-26T18:10:57+00:00 DEBUG Cs_total_extrafield: update_order_meta: Compras no BR salvamos CPF/CNPJ.
2022-05-26T18:10:57+00:00 DEBUG Cs_total_extrafield: order_id=21432 cs_field_doc= billing_cpf=026.610.798-23 billing_cnpj=
2022-05-26T18:10:57+00:00 DEBUG Cs_total_checkout: hook woocommerce_checkout_order_processed: order id=21432
2022-05-26T18:10:57+00:00 DEBUG Clearsale_Total_Checkout: checkout_order_processed: billing_country=BR shipping_country=BR
2022-05-26T18:10:57+00:00 DEBUG Clearsale_Total_Checkout: checkout_order_processed: Compras no BR integramos na CS.
2022-05-26T18:10:57+00:00 DEBUG Cs_total_checkout_order_processed: session =598847525147028d5ea5e3a76645a390
2022-05-26T18:10:57+00:00 DEBUG Cs_total_checkout: hook woocommerce_checkout_order_processed: order id=21432 - EAP: Esperando Aprovação do Pagamento
2022-05-26T18:12:00+00:00 DEBUG Cs_total_extrafield: update_order_meta: billing_country=BR shipping_country=BR
2022-05-26T18:12:00+00:00 DEBUG Cs_total_extrafield: update_order_meta: Compras no BR salvamos CPF/CNPJ.
2022-05-26T18:12:00+00:00 DEBUG Cs_total_extrafield: order_id=21432 cs_field_doc= billing_cpf=026.610.798-23 billing_cnpj=
2022-05-26T18:12:00+00:00 DEBUG Cs_total_checkout: hook woocommerce_checkout_order_processed: order id=21432
2022-05-26T18:12:00+00:00 DEBUG Clearsale_Total_Checkout: checkout_order_processed: billing_country=BR shipping_country=BR
2022-05-26T18:12:00+00:00 DEBUG Clearsale_Total_Checkout: checkout_order_processed: Compras no BR integramos na CS.
2022-05-26T18:12:00+00:00 DEBUG Cs_total_checkout_order_processed: session =598847525147028d5ea5e3a76645a390
2022-05-26T18:12:00+00:00 DEBUG Cs_total_checkout: hook woocommerce_checkout_order_processed: order id=21432 - EAP: Esperando Aprovação do Pagamento
2022-05-26T18:12:54+00:00 DEBUG Cs_total_extrafield: update_order_meta: billing_country=BR shipping_country=BR
2022-05-26T18:12:54+00:00 DEBUG Cs_total_extrafield: update_order_meta: Compras no BR salvamos CPF/CNPJ.
2022-05-26T18:12:54+00:00 DEBUG Cs_total_extrafield: order_id=21432 cs_field_doc= billing_cpf=026.610.798-23 billing_cnpj=
2022-05-26T18:12:54+00:00 DEBUG Cs_total_checkout: hook woocommerce_checkout_order_processed: order id=21432
2022-05-26T18:12:54+00:00 DEBUG Clearsale_Total_Checkout: checkout_order_processed: billing_country=BR shipping_country=BR
2022-05-26T18:12:54+00:00 DEBUG Clearsale_Total_Checkout: checkout_order_processed: Compras no BR integramos na CS.
2022-05-26T18:12:54+00:00 DEBUG Cs_total_checkout_order_processed: session =598847525147028d5ea5e3a76645a390
2022-05-26T18:12:54+00:00 DEBUG Cs_total_checkout: hook woocommerce_checkout_order_processed: order id=21432 - EAP: Esperando Aprovação do Pagamento
2022-05-26T18:14:01+00:00 DEBUG Cs_total_extrafield: update_order_meta: billing_country=BR shipping_country=BR
2022-05-26T18:14:01+00:00 DEBUG Cs_total_extrafield: update_order_meta: Compras no BR salvamos CPF/CNPJ.
2022-05-26T18:14:01+00:00 DEBUG Cs_total_extrafield: order_id=21432 cs_field_doc= billing_cpf=026.610.798-23 billing_cnpj=
2022-05-26T18:14:01+00:00 DEBUG Cs_total_checkout: hook woocommerce_checkout_order_processed: order id=21432
2022-05-26T18:14:01+00:00 DEBUG Clearsale_Total_Checkout: checkout_order_processed: billing_country=BR shipping_country=BR
2022-05-26T18:14:01+00:00 DEBUG Clearsale_Total_Checkout: checkout_order_processed: Compras no BR integramos na CS.
2022-05-26T18:14:01+00:00 DEBUG Cs_total_checkout_order_processed: session =598847525147028d5ea5e3a76645a390
2022-05-26T18:14:01+00:00 DEBUG Cs_total_checkout: hook woocommerce_checkout_order_processed: order id=21432 - EAP: Esperando Aprovação do Pagamento
2022-05-26T18:50:26+00:00 DEBUG Cs_total_extrafield: update_order_meta: billing_country=BR shipping_country=BR
2022-05-26T18:50:26+00:00 DEBUG Cs_total_extrafield: update_order_meta: Compras no BR salvamos CPF/CNPJ.
2022-05-26T18:50:26+00:00 DEBUG Cs_total_extrafield: order_id=21432 cs_field_doc= billing_cpf=026.610.798-23 billing_cnpj=
2022-05-26T18:50:26+00:00 DEBUG Cs_total_checkout: hook woocommerce_checkout_order_processed: order id=21432
2022-05-26T18:50:26+00:00 DEBUG Clearsale_Total_Checkout: checkout_order_processed: billing_country=BR shipping_country=BR
2022-05-26T18:50:26+00:00 DEBUG Clearsale_Total_Checkout: checkout_order_processed: Compras no BR integramos na CS.
2022-05-26T18:50:26+00:00 DEBUG Cs_total_checkout_order_processed: session =598847525147028d5ea5e3a76645a390
2022-05-26T18:50:26+00:00 DEBUG Cs_total_checkout: hook woocommerce_checkout_order_processed: order id=21432 - EAP: Esperando Aprovação do Pagamento
2022-05-26T18:50:50+00:00 DEBUG Clearsale_Total_Status:Cs_atualiza_status: dados do pedido: billing_country=BR shipping_country=BR
2022-05-26T18:50:50+00:00 DEBUG Clearsale_Total_Status:getStatusOnNotes:  entrou post_id=21432
2022-05-26T18:50:50+00:00 DEBUG Clearsale_Total_Status:getStatusOnNotes:  saindo sem achar nada...
2022-05-26T18:50:50+00:00 DEBUG Clearsale_Total_Status:Cs_atualiza_status: pedido=21432 status antes:pending agora:processing
2022-05-26T18:50:50+00:00 DEBUG Clearsale_Total_Status:Cs_atualiza_status: post_id=21432 último status salvo:
2022-05-26T18:50:50+00:00 DEBUG Clearsale_Total_Checkout: Cs_total_checkout: dados do pedido: billing_country=BR shipping_country=BR
2022-05-26T18:50:50+00:00 DEBUG Clearsale_Total_Checkout: Cs_total_checkout: Compras no BR integramos na CS.
2022-05-26T18:50:50+00:00 DEBUG Cs_total_checkout: Entrou: Pedido #=21432 doc=026.610.798-23
2022-05-26T18:50:50+00:00 DEBUG Clearsale_Total_Checkout:outrosMetodos:Cs_total_checkout verificando post_meta de métodos...
2022-05-26T18:50:50+00:00 DEBUG Clearsale_Total_Checkout:outrosMetodos: Pedido 21432 feito pelo MarcosAlexandre com 406655******8008 nome:LUIz CARlos de faria
2022-05-26T18:50:50+00:00 DEBUG Monta_pedido: entrou, #doc=026.610.798-23 e-mail=danielfonsecasilva86@gmail.com
2022-05-26T18:50:50+00:00 DEBUG Clearsale_Total_Api:Busca_Bairro: cep=38412144
2022-05-26T18:50:51+00:00 DEBUG Clearsale_Total_Api:Busca_Bairro: saida=Cidade Jardim
2022-05-26T18:50:51+00:00 DEBUG Clearsale_Total_Api:Tipo_pagamento: tipo=rede_credit
2022-05-26T18:50:51+00:00 DEBUG Clearsale_Total_Api:Tipo_pagamento: tipo=credito
2022-05-26T18:50:51+00:00 DEBUG Monta_pedido: json=[{"code":"21432","sessionID":"598847525147028d5ea5e3a76645a390","date":"2022-05-26T15:10:56-03:00","email":"danielfonsecasilva86@gmail.com","itemValue":2639,"totalValue":2639,"numberOfInstallments":1,"ip":"177.191.150.50","isGift":false,"giftMessage":"","observation":"","status":0,"origin":"website","channelID":"","country":"","nationality":"","product":3,"customSla":0,"bankAuthentication":"","billing":{"clientID":"1822","type":1,"primaryDocument":"026.610.798-23","secondaryDocument":"","name":"Luiz carlos De faria","birthDate":null,"email":"danielfonsecasilva86@gmail.com","gender":"","address":{"street":"Rua dos Eucal\u00edptos Casa","number":"A479","additionalInformation":"","county":"Cidade Jardim","city":"Uberl\u00e2ndia","state":"MG","country":"BR","zipcode":"38412144","reference":""},"phones":[{"type":0,"ddi":55,"ddd":34,"number":999443978,"extension":""}]},"shipping":{"clientID":"1822","type":1,"primaryDocument":"026.610.798-23","secondaryDocument":"","name":"Luiz carlos De faria","birthDate":null,"email":"","gender":"","address":{"street":"Rua dos Eucal\u00edptos Casa","number":"A479","additionalInformation":"","county":"Cidade Jardim","city":"Uberl\u00e2ndia","state":"MG","country":"BR","zipcode":"38412144","reference":""},"deliveryType":"0","deliveryTime":"","price":0,"pickUpStoreDocument":""},"payments":[{"sequential":1,"date":"2022-05-26T15:10:56+00:00","value":2639,"type":1,"installments":1,"interestRate":0,"interestValue":0,"currency":986,"voucherOrderOrigin":"","card":{"number":"406655******8008","hash":"","bin":"406655","end":"8008","type":3,"validityDate":"04\/0024","ownerName":"LUIz CARlos de faria","document":"026.610.798-23","nsu":""},"address":{"street":"","number":"","additionalInformation":"","county":"","city":"","state":"","zipcode":"","country":"","reference":""}}],"items":[{"code":"20033","name":"Tapete Geom\u00e9trico Cairo - Champanhe e Branco - 2,00 x 3,00 m","value":2639,"amount":1,"categoryID":null,"categoryName":"Branco<\/a>, <a href=\"https:\/\/imperialtapeteseinteriores.com.br\/categoria-produto\/compre-por-cor\/champanhe\/\" rel=\"tag\">Champanhe<\/a>, <a href=\"https:\/\/imperialtapeteseinteriores.com.br\/categoria-produto\/sob-encomenda\/tapete-geometrico\/\" rel=\"tag\">Tapetes Geom\u00e9tricos","isGift":false,"sellerName":"","shippingCompany":"advanced_free_shipping"}]}]
2022-05-26T18:50:51+00:00 DEBUG Authenticate: versão:2.5.1 login=ImperialTapetesEInteriores modo=0
2022-05-26T18:50:52+00:00 DEBUG Authenticate: novo token=4d3b010609bc4591a7628f038567ec62 ExpirationDate:2022-05-27T15:50:52.0254942-03:00
2022-05-26T18:50:52+00:00 DEBUG Inclui_pedido: #pedido=21432 status=NVO score=
2022-05-26T18:50:52+00:00 DEBUG Clearsale_Total_Checkout:Cs_total_checkout: Pedido 21432 inserido com sucesso, status:NVO requestID:
2022-05-26T18:50:52+00:00 DEBUG Clearsale_Total_Status:Cs_atualiza_status: dados do pedido: billing_country=BR shipping_country=BR
2022-05-26T18:50:52+00:00 DEBUG Clearsale_Total_Status:getStatusOnNotes:  entrou post_id=21432
2022-05-26T18:50:52+00:00 DEBUG Clearsale_Total_Status:Cs_atualiza_status: pedido=21432 status antes:processing agora:cs-inanalisis
2022-05-26T18:50:52+00:00 DEBUG Clearsale_Total_Status:Cs_atualiza_status: post_id=21432 último status salvo:NVO
2022-05-26T18:50:54+00:00 DEBUG Cs_total_checkout: hook woocommerce_payment_complete: order id=21432
2022-05-26T18:58:19+00:00 DEBUG Cs_total_extrafield: update_order_meta: billing_country=BR shipping_country=BR
2022-05-26T18:58:19+00:00 DEBUG Cs_total_extrafield: update_order_meta: Compras no BR salvamos CPF/CNPJ.
2022-05-26T18:58:19+00:00 DEBUG Cs_total_extrafield: order_id=21433 cs_field_doc= billing_cpf=026.610.798-23 billing_cnpj=
2022-05-26T18:58:19+00:00 DEBUG Cs_total_checkout: hook woocommerce_checkout_order_processed: order id=21433
2022-05-26T18:58:19+00:00 DEBUG Clearsale_Total_Checkout: checkout_order_processed: billing_country=BR shipping_country=BR
2022-05-26T18:58:19+00:00 DEBUG Clearsale_Total_Checkout: checkout_order_processed: Compras no BR integramos na CS.
2022-05-26T18:58:19+00:00 DEBUG Cs_total_checkout_order_processed: session =77c1a35d0ed0de7aad559fcbd6c5d641
2022-05-26T18:58:19+00:00 DEBUG Cs_total_checkout: hook woocommerce_checkout_order_processed: order id=21433 - EAP: Esperando Aprovação do Pagamento
2022-05-26T18:58:44+00:00 DEBUG Clearsale_Total_Status:Cs_atualiza_status: dados do pedido: billing_country=BR shipping_country=BR
2022-05-26T18:58:44+00:00 DEBUG Clearsale_Total_Status:getStatusOnNotes:  entrou post_id=21433
2022-05-26T18:58:44+00:00 DEBUG Clearsale_Total_Status:getStatusOnNotes:  saindo sem achar nada...
2022-05-26T18:58:44+00:00 DEBUG Clearsale_Total_Status:Cs_atualiza_status: pedido=21433 status antes:pending agora:processing
2022-05-26T18:58:44+00:00 DEBUG Clearsale_Total_Status:Cs_atualiza_status: post_id=21433 último status salvo:
2022-05-26T18:58:44+00:00 DEBUG Clearsale_Total_Checkout: Cs_total_checkout: dados do pedido: billing_country=BR shipping_country=BR
2022-05-26T18:58:44+00:00 DEBUG Clearsale_Total_Checkout: Cs_total_checkout: Compras no BR integramos na CS.
2022-05-26T18:58:44+00:00 DEBUG Cs_total_checkout: Entrou: Pedido #=21433 doc=026.610.798-23
2022-05-26T18:58:44+00:00 DEBUG Clearsale_Total_Checkout:outrosMetodos:Cs_total_checkout verificando post_meta de métodos...
2022-05-26T18:58:44+00:00 DEBUG Clearsale_Total_Checkout:outrosMetodos: Pedido 21433 feito pelo MarcosAlexandre com 406655******8008 nome:LUIz carlos de faria
2022-05-26T18:58:44+00:00 DEBUG Monta_pedido: entrou, #doc=026.610.798-23 e-mail=danielfonsecasilva86@gmail.com
2022-05-26T18:58:44+00:00 DEBUG Clearsale_Total_Api:Busca_Bairro: cep=38412144
2022-05-26T18:58:45+00:00 DEBUG Clearsale_Total_Api:Busca_Bairro: saida=Cidade Jardim
2022-05-26T18:58:45+00:00 DEBUG Clearsale_Total_Api:Tipo_pagamento: tipo=rede_credit
2022-05-26T18:58:45+00:00 DEBUG Clearsale_Total_Api:Tipo_pagamento: tipo=credito
2022-05-26T18:58:45+00:00 DEBUG Monta_pedido: json=[{"code":"21433","sessionID":"77c1a35d0ed0de7aad559fcbd6c5d641","date":"2022-05-26T15:58:19-03:00","email":"danielfonsecasilva86@gmail.com","itemValue":2639,"totalValue":2639,"numberOfInstallments":10,"ip":"191.248.175.122","isGift":false,"giftMessage":"","observation":"","status":0,"origin":"website","channelID":"","country":"","nationality":"","product":3,"customSla":0,"bankAuthentication":"","billing":{"clientID":"1822","type":1,"primaryDocument":"026.610.798-23","secondaryDocument":"","name":"Luiz carlos De faria","birthDate":null,"email":"danielfonsecasilva86@gmail.com","gender":"","address":{"street":"Rua dos Eucal\u00edptos Casa","number":"A479","additionalInformation":"","county":"Cidade Jardim","city":"Uberl\u00e2ndia","state":"MG","country":"BR","zipcode":"38412144","reference":""},"phones":[{"type":0,"ddi":55,"ddd":34,"number":999443978,"extension":""}]},"shipping":{"clientID":"1822","type":1,"primaryDocument":"026.610.798-23","secondaryDocument":"","name":"Luiz carlos De faria","birthDate":null,"email":"","gender":"","address":{"street":"Rua dos Eucal\u00edptos Casa","number":"A479","additionalInformation":"","county":"Cidade Jardim","city":"Uberl\u00e2ndia","state":"MG","country":"BR","zipcode":"38412144","reference":""},"deliveryType":"0","deliveryTime":"","price":0,"pickUpStoreDocument":""},"payments":[{"sequential":1,"date":"2022-05-26T15:58:19+00:00","value":2639,"type":1,"installments":1,"interestRate":0,"interestValue":0,"currency":986,"voucherOrderOrigin":"","card":{"number":"406655******8008","hash":"","bin":"406655","end":"8008","type":3,"validityDate":"04\/0024","ownerName":"LUIz carlos de faria","document":"026.610.798-23","nsu":""},"address":{"street":"","number":"","additionalInformation":"","county":"","city":"","state":"","zipcode":"","country":"","reference":""}}],"items":[{"code":"19986","name":"Tapete Geom\u00e9trico Moriah - Cinza - 2,00 x 3,00 m","value":2639,"amount":1,"categoryID":null,"categoryName":"Cinza<\/a>, <a href=\"https:\/\/imperialtapeteseinteriores.com.br\/categoria-produto\/colecoes\/moriah\/\" rel=\"tag\">Moriah<\/a>, <a href=\"https:\/\/imperialtapeteseinteriores.com.br\/categoria-produto\/sob-encomenda\/tapete-geometrico\/\" rel=\"tag\">Tapetes Geom\u00e9tricos","isGift":false,"sellerName":"","shippingCompany":"advanced_free_shipping"}]}]
2022-05-26T18:58:45+00:00 DEBUG Authenticate: versão:2.5.1 login=ImperialTapetesEInteriores modo=0
2022-05-26T18:58:45+00:00 DEBUG Authenticate: novo token=4d3b010609bc4591a7628f038567ec62 ExpirationDate:2022-05-27T15:50:52.0270418-03:00
2022-05-26T18:58:45+00:00 DEBUG Inclui_pedido: #pedido=21433 status=NVO score=
2022-05-26T18:58:45+00:00 DEBUG Clearsale_Total_Checkout:Cs_total_checkout: Pedido 21433 inserido com sucesso, status:NVO requestID:
2022-05-26T18:58:45+00:00 DEBUG Clearsale_Total_Status:Cs_atualiza_status: dados do pedido: billing_country=BR shipping_country=BR
2022-05-26T18:58:45+00:00 DEBUG Clearsale_Total_Status:getStatusOnNotes:  entrou post_id=21433
2022-05-26T18:58:45+00:00 DEBUG Clearsale_Total_Status:Cs_atualiza_status: pedido=21433 status antes:processing agora:cs-inanalisis
2022-05-26T18:58:45+00:00 DEBUG Clearsale_Total_Status:Cs_atualiza_status: post_id=21433 último status salvo:NVO
2022-05-26T18:58:47+00:00 DEBUG Cs_total_checkout: hook woocommerce_payment_complete: order id=21433
2022-05-26T19:46:40+00:00 DEBUG Cs_total_extrafield: update_order_meta: billing_country=BR shipping_country=BR
2022-05-26T19:46:40+00:00 DEBUG Cs_total_extrafield: update_order_meta: Compras no BR salvamos CPF/CNPJ.
2022-05-26T19:46:40+00:00 DEBUG Cs_total_extrafield: order_id=21434 cs_field_doc= billing_cpf=081.905.579-47 billing_cnpj=
2022-05-26T19:46:40+00:00 DEBUG Cs_total_checkout: hook woocommerce_checkout_order_processed: order id=21434
2022-05-26T19:46:40+00:00 DEBUG Clearsale_Total_Checkout: checkout_order_processed: billing_country=BR shipping_country=BR
2022-05-26T19:46:40+00:00 DEBUG Clearsale_Total_Checkout: checkout_order_processed: Compras no BR integramos na CS.
2022-05-26T19:46:40+00:00 DEBUG Cs_total_checkout_order_processed: session =1b5e669dd84003f7a70da7724e5cba93
2022-05-26T19:46:40+00:00 DEBUG Cs_total_checkout: hook woocommerce_checkout_order_processed: order id=21434 - EAP: Esperando Aprovação do Pagamento
2022-05-26T19:47:03+00:00 DEBUG Clearsale_Total_Status:Cs_atualiza_status: dados do pedido: billing_country=BR shipping_country=BR
2022-05-26T19:47:03+00:00 DEBUG Clearsale_Total_Status:getStatusOnNotes:  entrou post_id=21434
2022-05-26T19:47:03+00:00 DEBUG Clearsale_Total_Status:getStatusOnNotes:  saindo sem achar nada...
2022-05-26T19:47:03+00:00 DEBUG Clearsale_Total_Status:Cs_atualiza_status: pedido=21434 status antes:pending agora:processing
2022-05-26T19:47:03+00:00 DEBUG Clearsale_Total_Status:Cs_atualiza_status: post_id=21434 último status salvo:
2022-05-26T19:47:03+00:00 DEBUG Clearsale_Total_Checkout: Cs_total_checkout: dados do pedido: billing_country=BR shipping_country=BR
2022-05-26T19:47:03+00:00 DEBUG Clearsale_Total_Checkout: Cs_total_checkout: Compras no BR integramos na CS.
2022-05-26T19:47:03+00:00 DEBUG Cs_total_checkout: Entrou: Pedido #=21434 doc=081.905.579-47
2022-05-26T19:47:03+00:00 DEBUG Clearsale_Total_Checkout:outrosMetodos:Cs_total_checkout verificando post_meta de métodos...
2022-05-26T19:47:03+00:00 DEBUG Clearsale_Total_Checkout:outrosMetodos: Pedido 21434 feito pelo MarcosAlexandre com 455184******4386 nome:JULIANE ALINE SOUZA
2022-05-26T19:47:03+00:00 DEBUG Monta_pedido: entrou, #doc=081.905.579-47 e-mail=juliane.trust@hotmail.com
2022-05-26T19:47:03+00:00 DEBUG Clearsale_Total_Api:Busca_Bairro: cep=82920220
2022-05-26T19:47:04+00:00 DEBUG Clearsale_Total_Api:Busca_Bairro: saida=Cajuru
2022-05-26T19:47:04+00:00 DEBUG Clearsale_Total_Api:Tipo_pagamento: tipo=rede_credit
2022-05-26T19:47:04+00:00 DEBUG Clearsale_Total_Api:Tipo_pagamento: tipo=credito
2022-05-26T19:47:04+00:00 DEBUG Monta_pedido: json=[{"code":"21434","sessionID":"1b5e669dd84003f7a70da7724e5cba93","date":"2022-05-26T16:46:39-03:00","email":"juliane.trust@hotmail.com","itemValue":198,"totalValue":221.37,"numberOfInstallments":4,"ip":"201.24.234.216","isGift":false,"giftMessage":"","observation":"","status":0,"origin":"website","channelID":"","country":"","nationality":"","product":3,"customSla":0,"bankAuthentication":"","billing":{"clientID":"1824","type":1,"primaryDocument":"081.905.579-47","secondaryDocument":"","name":"JULIANE SOUZA","birthDate":null,"email":"juliane.trust@hotmail.com","gender":"","address":{"street":"Rua Fortaleza CASA 2","number":"465","additionalInformation":"","county":"Cajuru","city":"Curitiba","state":"PR","country":"BR","zipcode":"82920220","reference":""},"phones":[{"type":0,"ddi":55,"ddd":41,"number":996287879,"extension":""}]},"shipping":{"clientID":"1824","type":1,"primaryDocument":"081.905.579-47","secondaryDocument":"","name":"JULIANE SOUZA","birthDate":null,"email":"","gender":"","address":{"street":"Rua Fortaleza CASA 2","number":"465","additionalInformation":"","county":"Cajuru","city":"Curitiba","state":"PR","country":"BR","zipcode":"82920220","reference":""},"deliveryType":"11","deliveryTime":"","price":23.37,"pickUpStoreDocument":""},"payments":[{"sequential":1,"date":"2022-05-26T16:46:39+00:00","value":221.37,"type":1,"installments":1,"interestRate":0,"interestValue":0,"currency":986,"voucherOrderOrigin":"","card":{"number":"455184******4386","hash":"","bin":"455184","end":"4386","type":3,"validityDate":"02\/0025","ownerName":"JULIANE ALINE SOUZA","document":"081.905.579-47","nsu":""},"address":{"street":"","number":"","additionalInformation":"","county":"","city":"","state":"","zipcode":"","country":"","reference":""}}],"items":[{"code":"6465","name":"Tapete de Couro - Marrom Avermelhado Malhado - 0,50 x 1,0m Quadriculado (5x5)","value":99,"amount":1,"categoryID":null,"categoryName":"Ofertas para voc\u00ea<\/a>, <a href=\"https:\/\/imperialtapeteseinteriores.com.br\/categoria-produto\/pronta-entrega\/tapetes-pronta-entrega\/tamanho-50x100\/\" rel=\"tag\">Tamanho 0,5 x 1,0 m","isGift":false,"sellerName":"","shippingCompany":"melhorenvio_jadlog_package"},{"code":"12163","name":"Tapete de Couro - Bege Claro - 0,50 x 1,0m Quadriculado (5x5)","value":99,"amount":1,"categoryID":null,"categoryName":"Tamanho 0,5 x 1,0 m","isGift":false,"sellerName":"","shippingCompany":"melhorenvio_jadlog_package"}]}]
2022-05-26T19:47:04+00:00 DEBUG Authenticate: versão:2.5.1 login=ImperialTapetesEInteriores modo=0
2022-05-26T19:47:04+00:00 DEBUG Authenticate: novo token=4d3b010609bc4591a7628f038567ec62 ExpirationDate:2022-05-27T15:50:52.0270418-03:00
2022-05-26T19:47:04+00:00 DEBUG Inclui_pedido: #pedido=21434 status=NVO score=
2022-05-26T19:47:04+00:00 DEBUG Clearsale_Total_Checkout:Cs_total_checkout: Pedido 21434 inserido com sucesso, status:NVO requestID:
2022-05-26T19:47:04+00:00 DEBUG Clearsale_Total_Status:Cs_atualiza_status: dados do pedido: billing_country=BR shipping_country=BR
2022-05-26T19:47:04+00:00 DEBUG Clearsale_Total_Status:getStatusOnNotes:  entrou post_id=21434
2022-05-26T19:47:04+00:00 DEBUG Clearsale_Total_Status:Cs_atualiza_status: pedido=21434 status antes:processing agora:cs-inanalisis
2022-05-26T19:47:04+00:00 DEBUG Clearsale_Total_Status:Cs_atualiza_status: post_id=21434 último status salvo:NVO
2022-05-26T19:47:07+00:00 DEBUG Cs_total_checkout: hook woocommerce_payment_complete: order id=21434
2022-05-26T19:47:38+00:00 DEBUG Clearsale_Total_Status:Cs_status: hook da CS de status para pedido=21434
2022-05-26T19:47:38+00:00 DEBUG Clearsale_Total_Status:Cs_status: método do pedido acima:rede_credit
2022-05-26T19:47:38+00:00 DEBUG Authenticate: versão:2.4.3 login=ImperialTapetesEInteriores modo=0
2022-05-26T19:47:38+00:00 DEBUG Authenticate: novo token=4d3b010609bc4591a7628f038567ec62 ExpirationDate:2022-05-27T15:50:52.0254942-03:00
2022-05-26T19:47:39+00:00 DEBUG Consulta_status: #pedido=21434 status=APA score=0.52
2022-05-26T19:47:39+00:00 DEBUG Clearsale_Total_Status:Cs_status: retorno da consulta: status=APA score=0.52
2022-05-26T19:47:39+00:00 DEBUG nota=ClearSale status: APA score: 0.52</br>Desc: (Aprovação Automática) – Pedido foi aprovado automaticamente segundo parâmetros definidos na regra de aprovação automática
2022-05-26T19:47:39+00:00 DEBUG Clearsale_Total_Status:Cs_status: Pedido APROVADO(21434, status=APA), mudando status do Woo para wc-processing!
2022-05-26T20:10:46+00:00 DEBUG Clearsale_Total_Status:Cs_atualiza_status: dados do pedido: billing_country=BR shipping_country=BR
2022-05-26T20:10:46+00:00 DEBUG Clearsale_Total_Status:getStatusOnNotes:  entrou post_id=21434
2022-05-26T20:10:46+00:00 DEBUG Clearsale_Total_Status:Cs_atualiza_status: pedido=21434 status antes:processing agora:em-separacao
2022-05-26T20:10:46+00:00 DEBUG Clearsale_Total_Status:Cs_atualiza_status: post_id=21434 último status salvo:APA
2022-05-26T21:20:56+00:00 DEBUG Cs_total_extrafield: update_order_meta: billing_country=BR shipping_country=BR
2022-05-26T21:20:56+00:00 DEBUG Cs_total_extrafield: update_order_meta: Compras no BR salvamos CPF/CNPJ.
2022-05-26T21:20:56+00:00 DEBUG Cs_total_extrafield: order_id=21435 cs_field_doc= billing_cpf=467.021.056-49 billing_cnpj=
2022-05-26T21:20:57+00:00 DEBUG Cs_total_checkout: hook woocommerce_checkout_order_processed: order id=21435
2022-05-26T21:20:57+00:00 DEBUG Clearsale_Total_Checkout: checkout_order_processed: billing_country=BR shipping_country=BR
2022-05-26T21:20:57+00:00 DEBUG Clearsale_Total_Checkout: checkout_order_processed: Compras no BR integramos na CS.
2022-05-26T21:20:57+00:00 DEBUG Cs_total_checkout_order_processed: session =07d5938693cc3903b261e1a3844590ed
2022-05-26T21:20:57+00:00 DEBUG Cs_total_checkout: hook woocommerce_checkout_order_processed: order id=21435 - EAP: Esperando Aprovação do Pagamento
2022-05-26T21:21:21+00:00 DEBUG Clearsale_Total_Status:Cs_atualiza_status: dados do pedido: billing_country=BR shipping_country=BR
2022-05-26T21:21:21+00:00 DEBUG Clearsale_Total_Status:getStatusOnNotes:  entrou post_id=21435
2022-05-26T21:21:21+00:00 DEBUG Clearsale_Total_Status:getStatusOnNotes:  saindo sem achar nada...
2022-05-26T21:21:21+00:00 DEBUG Clearsale_Total_Status:Cs_atualiza_status: pedido=21435 status antes:pending agora:processing
2022-05-26T21:21:21+00:00 DEBUG Clearsale_Total_Status:Cs_atualiza_status: post_id=21435 último status salvo:
2022-05-26T21:21:21+00:00 DEBUG Clearsale_Total_Checkout: Cs_total_checkout: dados do pedido: billing_country=BR shipping_country=BR
2022-05-26T21:21:21+00:00 DEBUG Clearsale_Total_Checkout: Cs_total_checkout: Compras no BR integramos na CS.
2022-05-26T21:21:21+00:00 DEBUG Cs_total_checkout: Entrou: Pedido #=21435 doc=467.021.056-49
2022-05-26T21:21:21+00:00 DEBUG Clearsale_Total_Checkout:outrosMetodos:Cs_total_checkout verificando post_meta de métodos...
2022-05-26T21:21:21+00:00 DEBUG Clearsale_Total_Checkout:outrosMetodos: Pedido 21435 feito pelo MarcosAlexandre com 544731******3707 nome:Maria j c barroso
2022-05-26T21:21:21+00:00 DEBUG Monta_pedido: entrou, #doc=467.021.056-49 e-mail=decacordeiroleme@gmail.com
2022-05-26T21:21:21+00:00 DEBUG Clearsale_Total_Api:Busca_Bairro: cep=39655000
2022-05-26T21:21:21+00:00 DEBUG Clearsale_Total_Api:Busca_Bairro: saida=    
2022-05-26T21:21:21+00:00 DEBUG Clearsale_Total_Api:Tipo_pagamento: tipo=rede_credit
2022-05-26T21:21:21+00:00 DEBUG Clearsale_Total_Api:Tipo_pagamento: tipo=credito
2022-05-26T21:21:21+00:00 DEBUG Monta_pedido: json=[{"code":"21435","sessionID":"07d5938693cc3903b261e1a3844590ed","date":"2022-05-26T18:20:56-03:00","email":"decacordeiroleme@gmail.com","itemValue":999,"totalValue":1078.38,"numberOfInstallments":10,"ip":"177.85.105.223","isGift":false,"giftMessage":"","observation":"","status":0,"origin":"website","channelID":"","country":"","nationality":"","product":3,"customSla":0,"bankAuthentication":"","billing":{"clientID":"1825","type":1,"primaryDocument":"467.021.056-49","secondaryDocument":"","name":"Maria Jos\u00e9 Cordeiro Barroso","birthDate":null,"email":"decacordeiroleme@gmail.com","gender":"","address":{"street":"Rua Santos Dumont Casa","number":"09","additionalInformation":"","county":"Centro","city":"Leme do Prado","state":"MG","country":"BR","zipcode":"39655000","reference":""},"phones":[{"type":0,"ddi":55,"ddd":33,"number":988378108,"extension":""}]},"shipping":{"clientID":"1825","type":1,"primaryDocument":"467.021.056-49","secondaryDocument":"","name":"Maria Jos\u00e9 Cordeiro Barroso","birthDate":null,"email":"","gender":"","address":{"street":"Rua Santos Dumont Casa","number":"09","additionalInformation":"","county":"    ","city":"Leme do Prado","state":"MG","country":"BR","zipcode":"39655000","reference":""},"deliveryType":"11","deliveryTime":"","price":79.38,"pickUpStoreDocument":""},"payments":[{"sequential":1,"date":"2022-05-26T18:20:56+00:00","value":1078.38,"type":1,"installments":1,"interestRate":0,"interestValue":0,"currency":986,"voucherOrderOrigin":"","card":{"number":"544731******3707","hash":"","bin":"544731","end":"3707","type":2,"validityDate":"10\/0023","ownerName":"Maria j c barroso","document":"467.021.056-49","nsu":""},"address":{"street":"","number":"","additionalInformation":"","county":"","city":"","state":"","zipcode":"","country":"","reference":""}}],"items":[{"code":"7265","name":"Tapete de Couro - Bege Claro - 2,0 x 2,5m Quadriculado (7x7)","value":999,"amount":1,"categoryID":null,"categoryName":"Tamanho 2,0 x 2,50 m","isGift":false,"sellerName":"","shippingCompany":"loja5-correios-pac-03298"}]}]
2022-05-26T21:21:21+00:00 DEBUG Authenticate: versão:2.5.1 login=ImperialTapetesEInteriores modo=0
2022-05-26T21:21:22+00:00 DEBUG Authenticate: novo token=4d3b010609bc4591a7628f038567ec62 ExpirationDate:2022-05-27T15:50:52.0270154-03:00
2022-05-26T21:21:22+00:00 DEBUG Inclui_pedido: #pedido=21435 status=NVO score=
2022-05-26T21:21:22+00:00 DEBUG Clearsale_Total_Checkout:Cs_total_checkout: Pedido 21435 inserido com sucesso, status:NVO requestID:
2022-05-26T21:21:22+00:00 DEBUG Clearsale_Total_Status:Cs_atualiza_status: dados do pedido: billing_country=BR shipping_country=BR
2022-05-26T21:21:22+00:00 DEBUG Clearsale_Total_Status:getStatusOnNotes:  entrou post_id=21435
2022-05-26T21:21:22+00:00 DEBUG Clearsale_Total_Status:Cs_atualiza_status: pedido=21435 status antes:processing agora:cs-inanalisis
2022-05-26T21:21:22+00:00 DEBUG Clearsale_Total_Status:Cs_atualiza_status: post_id=21435 último status salvo:NVO
2022-05-26T21:21:24+00:00 DEBUG Cs_total_checkout: hook woocommerce_payment_complete: order id=21435
2022-05-26T21:22:09+00:00 DEBUG Clearsale_Total_Status:Cs_status: hook da CS de status para pedido=21435
2022-05-26T21:22:09+00:00 DEBUG Clearsale_Total_Status:Cs_status: método do pedido acima:rede_credit
2022-05-26T21:22:09+00:00 DEBUG Authenticate: versão:2.4.3 login=ImperialTapetesEInteriores modo=0
2022-05-26T21:22:10+00:00 DEBUG Authenticate: novo token=4d3b010609bc4591a7628f038567ec62 ExpirationDate:2022-05-27T15:50:52.0270548-03:00
2022-05-26T21:22:10+00:00 DEBUG Consulta_status: #pedido=21435 status=APA score=40.47
2022-05-26T21:22:10+00:00 DEBUG Clearsale_Total_Status:Cs_status: retorno da consulta: status=APA score=40.47
2022-05-26T21:22:10+00:00 DEBUG nota=ClearSale status: APA score: 40.47</br>Desc: (Aprovação Automática) – Pedido foi aprovado automaticamente segundo parâmetros definidos na regra de aprovação automática
2022-05-26T21:22:10+00:00 DEBUG Clearsale_Total_Status:Cs_status: Pedido APROVADO(21435, status=APA), mudando status do Woo para wc-processing!
