2022-06-17T00:17:02+00:00 DEBUG Cs_total_extrafield: update_order_meta: billing_country=BR shipping_country=BR
2022-06-17T00:17:02+00:00 DEBUG Cs_total_extrafield: update_order_meta: Compras no BR salvamos CPF/CNPJ.
2022-06-17T00:17:02+00:00 DEBUG Cs_total_extrafield: order_id=22330 cs_field_doc= billing_cpf=033.022.036-59 billing_cnpj=
2022-06-17T00:17:02+00:00 DEBUG Cs_total_checkout: hook woocommerce_checkout_order_processed: order id=22330
2022-06-17T00:17:02+00:00 DEBUG Clearsale_Total_Checkout: checkout_order_processed: billing_country=BR shipping_country=BR
2022-06-17T00:17:02+00:00 DEBUG Clearsale_Total_Checkout: checkout_order_processed: Compras no BR integramos na CS.
2022-06-17T00:17:02+00:00 DEBUG Cs_total_checkout_order_processed: session =c846afeb972dd0fcad60f3f6194ec0ae
2022-06-17T00:17:02+00:00 DEBUG Cs_total_checkout: hook woocommerce_checkout_order_processed: order id=22330 - EAP: Esperando Aprovação do Pagamento
2022-06-17T00:17:16+00:00 DEBUG Clearsale_Total_Status:Cs_atualiza_status: dados do pedido: billing_country=BR shipping_country=BR
2022-06-17T00:17:16+00:00 DEBUG Clearsale_Total_Status:getStatusOnNotes:  entrou post_id=22330
2022-06-17T00:17:16+00:00 DEBUG Clearsale_Total_Status:getStatusOnNotes:  saindo sem achar nada...
2022-06-17T00:17:16+00:00 DEBUG Clearsale_Total_Status:Cs_atualiza_status: pedido=22330 status antes:pending agora:on-hold
2022-06-17T00:17:16+00:00 DEBUG Clearsale_Total_Status:Cs_atualiza_status: post_id=22330 último status salvo:
2022-06-17T00:17:21+00:00 DEBUG Cs_total_checkout: hook woocommerce_before_thankyou: order id=22330
2022-06-17T00:17:21+00:00 DEBUG Cs_total_checkout: hook woocommerce_thankyou: order id=22330
2022-06-17T00:17:21+00:00 DEBUG Cs_total_checkout: hook woocommerce_thankyou: Pedido não enviado ainda!
2022-06-17T00:17:21+00:00 DEBUG Clearsale_Total_Checkout:outrosMetodos:Cs_total_thankyou verificando post_meta de métodos...
2022-06-17T00:17:21+00:00 DEBUG Cs_total_thankyou:() Pedido 22330 não é cartão saindo...
2022-06-17T00:17:22+00:00 DEBUG Cs_total_checkout: hook woocommerce_before_thankyou: order id=22330
2022-06-17T00:17:22+00:00 DEBUG Cs_total_checkout: hook woocommerce_thankyou: order id=22330
2022-06-17T00:17:22+00:00 DEBUG Cs_total_checkout: hook woocommerce_thankyou: Pedido não enviado ainda!
2022-06-17T00:17:22+00:00 DEBUG Clearsale_Total_Checkout:outrosMetodos:Cs_total_thankyou verificando post_meta de métodos...
2022-06-17T00:17:22+00:00 DEBUG Cs_total_thankyou:() Pedido 22330 não é cartão saindo...
2022-06-17T00:42:25+00:00 DEBUG Cs_total_extrafield: update_order_meta: billing_country=BR shipping_country=BR
2022-06-17T00:42:25+00:00 DEBUG Cs_total_extrafield: update_order_meta: Compras no BR salvamos CPF/CNPJ.
2022-06-17T00:42:25+00:00 DEBUG Cs_total_extrafield: order_id=22331 cs_field_doc= billing_cpf=033.022.036-59 billing_cnpj=
2022-06-17T00:42:25+00:00 DEBUG Cs_total_checkout: hook woocommerce_checkout_order_processed: order id=22331
2022-06-17T00:42:25+00:00 DEBUG Clearsale_Total_Checkout: checkout_order_processed: billing_country=BR shipping_country=BR
2022-06-17T00:42:25+00:00 DEBUG Clearsale_Total_Checkout: checkout_order_processed: Compras no BR integramos na CS.
2022-06-17T00:42:25+00:00 DEBUG Cs_total_checkout_order_processed: session =2d40f027dc7db2e6860f88994ac7a265
2022-06-17T00:42:25+00:00 DEBUG Cs_total_checkout: hook woocommerce_checkout_order_processed: order id=22331 - EAP: Esperando Aprovação do Pagamento
2022-06-17T00:42:38+00:00 DEBUG Clearsale_Total_Status:Cs_atualiza_status: dados do pedido: billing_country=BR shipping_country=BR
2022-06-17T00:42:38+00:00 DEBUG Clearsale_Total_Status:getStatusOnNotes:  entrou post_id=22331
2022-06-17T00:42:38+00:00 DEBUG Clearsale_Total_Status:getStatusOnNotes:  saindo sem achar nada...
2022-06-17T00:42:38+00:00 DEBUG Clearsale_Total_Status:Cs_atualiza_status: pedido=22331 status antes:pending agora:on-hold
2022-06-17T00:42:38+00:00 DEBUG Clearsale_Total_Status:Cs_atualiza_status: post_id=22331 último status salvo:
2022-06-17T00:42:51+00:00 DEBUG Cs_total_checkout: hook woocommerce_before_thankyou: order id=22331
2022-06-17T00:42:51+00:00 DEBUG Cs_total_checkout: hook woocommerce_thankyou: order id=22331
2022-06-17T00:42:51+00:00 DEBUG Cs_total_checkout: hook woocommerce_thankyou: Pedido não enviado ainda!
2022-06-17T00:42:51+00:00 DEBUG Clearsale_Total_Checkout:outrosMetodos:Cs_total_thankyou verificando post_meta de métodos...
2022-06-17T00:42:51+00:00 DEBUG Cs_total_thankyou:() Pedido 22331 não é cartão saindo...
2022-06-17T00:42:52+00:00 DEBUG Cs_total_checkout: hook woocommerce_before_thankyou: order id=22331
2022-06-17T00:42:52+00:00 DEBUG Cs_total_checkout: hook woocommerce_thankyou: order id=22331
2022-06-17T00:42:52+00:00 DEBUG Cs_total_checkout: hook woocommerce_thankyou: Pedido não enviado ainda!
2022-06-17T00:42:52+00:00 DEBUG Clearsale_Total_Checkout:outrosMetodos:Cs_total_thankyou verificando post_meta de métodos...
2022-06-17T00:42:52+00:00 DEBUG Cs_total_thankyou:() Pedido 22331 não é cartão saindo...
2022-06-17T12:45:29+00:00 DEBUG Clearsale_Total_Status:Cs_atualiza_status: dados do pedido: billing_country=BR shipping_country=BR
2022-06-17T12:45:29+00:00 DEBUG Clearsale_Total_Status:getStatusOnNotes:  entrou post_id=22099
2022-06-17T12:45:29+00:00 DEBUG Clearsale_Total_Status:Cs_atualiza_status: pedido=22099 status antes:processing agora:em-separacao
2022-06-17T12:45:29+00:00 DEBUG Clearsale_Total_Status:Cs_atualiza_status: post_id=22099 último status salvo:APA
2022-06-17T12:51:23+00:00 DEBUG Clearsale_Total_Status:Cs_atualiza_status: dados do pedido: billing_country=BR shipping_country=BR
2022-06-17T12:51:23+00:00 DEBUG Clearsale_Total_Status:getStatusOnNotes:  entrou post_id=22158
2022-06-17T12:51:23+00:00 DEBUG Clearsale_Total_Status:Cs_atualiza_status: pedido=22158 status antes:processing agora:em-confeccao
2022-06-17T12:51:23+00:00 DEBUG Clearsale_Total_Status:Cs_atualiza_status: post_id=22158 último status salvo:APA
2022-06-17T13:02:03+00:00 DEBUG Clearsale_Total_Status:Cs_atualiza_status: dados do pedido: billing_country=BR shipping_country=BR
2022-06-17T13:02:03+00:00 DEBUG Clearsale_Total_Status:getStatusOnNotes:  entrou post_id=22224
2022-06-17T13:02:03+00:00 DEBUG Clearsale_Total_Status:Cs_atualiza_status: pedido=22224 status antes:processing agora:em-confeccao
2022-06-17T13:02:03+00:00 DEBUG Clearsale_Total_Status:Cs_atualiza_status: post_id=22224 último status salvo:APA
2022-06-17T13:04:13+00:00 DEBUG Clearsale_Total_Status:Cs_atualiza_status: dados do pedido: billing_country=BR shipping_country=BR
2022-06-17T13:04:13+00:00 DEBUG Clearsale_Total_Status:getStatusOnNotes:  entrou post_id=22317
2022-06-17T13:04:13+00:00 DEBUG Clearsale_Total_Status:Cs_atualiza_status: pedido=22317 status antes:processing agora:em-confeccao
2022-06-17T13:04:13+00:00 DEBUG Clearsale_Total_Status:Cs_atualiza_status: post_id=22317 último status salvo:APA
2022-06-17T13:05:48+00:00 DEBUG Clearsale_Total_Status:Cs_atualiza_status: dados do pedido: billing_country=BR shipping_country=BR
2022-06-17T13:05:48+00:00 DEBUG Clearsale_Total_Status:getStatusOnNotes:  entrou post_id=22321
2022-06-17T13:05:48+00:00 DEBUG Clearsale_Total_Status:Cs_atualiza_status: pedido=22321 status antes:processing agora:em-separacao
2022-06-17T13:05:48+00:00 DEBUG Clearsale_Total_Status:Cs_atualiza_status: post_id=22321 último status salvo:APA
2022-06-17T13:06:39+00:00 DEBUG Clearsale_Total_Status:Cs_atualiza_status: dados do pedido: billing_country=BR shipping_country=BR
2022-06-17T13:06:39+00:00 DEBUG Clearsale_Total_Status:getStatusOnNotes:  entrou post_id=22323
2022-06-17T13:06:39+00:00 DEBUG Clearsale_Total_Status:Cs_atualiza_status: pedido=22323 status antes:processing agora:em-separacao
2022-06-17T13:06:39+00:00 DEBUG Clearsale_Total_Status:Cs_atualiza_status: post_id=22323 último status salvo:APA
2022-06-17T13:07:59+00:00 DEBUG Clearsale_Total_Status:Cs_atualiza_status: dados do pedido: billing_country=BR shipping_country=BR
2022-06-17T13:07:59+00:00 DEBUG Clearsale_Total_Status:getStatusOnNotes:  entrou post_id=22324
2022-06-17T13:07:59+00:00 DEBUG Clearsale_Total_Status:Cs_atualiza_status: pedido=22324 status antes:processing agora:em-confeccao
2022-06-17T13:07:59+00:00 DEBUG Clearsale_Total_Status:Cs_atualiza_status: post_id=22324 último status salvo:APA
2022-06-17T13:08:17+00:00 DEBUG Clearsale_Total_Status:Cs_atualiza_status: dados do pedido: billing_country=BR shipping_country=BR
2022-06-17T13:08:17+00:00 DEBUG Clearsale_Total_Status:getStatusOnNotes:  entrou post_id=22324
2022-06-17T13:08:17+00:00 DEBUG Clearsale_Total_Status:Cs_atualiza_status: pedido=22324 status antes:em-confeccao agora:em-separacao
2022-06-17T13:08:17+00:00 DEBUG Clearsale_Total_Status:Cs_atualiza_status: post_id=22324 último status salvo:APA
2022-06-17T13:09:41+00:00 DEBUG Clearsale_Total_Status:Cs_atualiza_status: dados do pedido: billing_country=BR shipping_country=BR
2022-06-17T13:09:41+00:00 DEBUG Clearsale_Total_Status:getStatusOnNotes:  entrou post_id=22325
2022-06-17T13:09:41+00:00 DEBUG Clearsale_Total_Status:Cs_atualiza_status: pedido=22325 status antes:processing agora:em-separacao
2022-06-17T13:09:41+00:00 DEBUG Clearsale_Total_Status:Cs_atualiza_status: post_id=22325 último status salvo:APA
2022-06-17T13:10:48+00:00 DEBUG Clearsale_Total_Status:Cs_atualiza_status: dados do pedido: billing_country=BR shipping_country=BR
2022-06-17T13:10:48+00:00 DEBUG Clearsale_Total_Status:getStatusOnNotes:  entrou post_id=22327
2022-06-17T13:10:48+00:00 DEBUG Clearsale_Total_Status:Cs_atualiza_status: pedido=22327 status antes:processing agora:em-separacao
2022-06-17T13:10:48+00:00 DEBUG Clearsale_Total_Status:Cs_atualiza_status: post_id=22327 último status salvo:APA
2022-06-17T14:08:12+00:00 DEBUG Clearsale_Total_Status:Cs_atualiza_status: dados do pedido: billing_country=BR shipping_country=BR
2022-06-17T14:08:12+00:00 DEBUG Clearsale_Total_Status:getStatusOnNotes:  entrou post_id=22095
2022-06-17T14:08:12+00:00 DEBUG Clearsale_Total_Status:getStatusOnNotes:  saindo sem achar nada...
2022-06-17T14:08:12+00:00 DEBUG Clearsale_Total_Status:Cs_atualiza_status: pedido=22095 status antes:failed agora:cancelled
2022-06-17T14:08:12+00:00 DEBUG Clearsale_Total_Status:Cs_atualiza_status: post_id=22095 último status salvo:
2022-06-17T14:08:12+00:00 DEBUG Atualiza_status: vamos marcar pedido=22095 com status=PGR
2022-06-17T14:08:12+00:00 DEBUG Authenticate: versão:2.5.1 login=ImperialTapetesEInteriores modo=0
2022-06-17T14:08:12+00:00 DEBUG Authenticate: novo token=d86c21c9224f4e5db1298606817a57fc ExpirationDate:2022-06-17T16:11:18.5300853-03:00
2022-06-17T14:08:12+00:00 DEBUG Atualiza_status: erro #404 msg=HTTP/1.1 404 Not Found
X-StackifyID: V2|f89ced96-5915-4774-9015-4a26c497d96e|C64106|CD64221
Request-Id: 61F7-11B0-81N2-75E5
X-Powered-By: ASP.NET
X-Cache: CONFIG_NOCACHE
X-Azure-Ref: 0zIqsYgAAAAAwD4ZE3Qt/Qodz7uPPhzFYTU5aMjIxMDYwNjExMDE5ADg2ZjFlOWYzLTkwOWItNDc4Yi04MTk5LTEyNDI1YjZiZTJkMw==
Date: Fri, 17 Jun 2022 14:08:12 GMT
Content-Length: 0


2022-06-17T14:08:12+00:00 DEBUG Clearsale_Total_Status:Cs_atualiza_status: colocando PGR retorno: requestID= status= msg=
2022-06-17T14:38:38+00:00 DEBUG Cs_total_extrafield: update_order_meta: billing_country=BR shipping_country=BR
2022-06-17T14:38:38+00:00 DEBUG Cs_total_extrafield: update_order_meta: Compras no BR salvamos CPF/CNPJ.
2022-06-17T14:38:38+00:00 DEBUG Cs_total_extrafield: order_id=22332 cs_field_doc= billing_cpf=364.690.179-91 billing_cnpj=
2022-06-17T14:38:38+00:00 DEBUG Cs_total_checkout: hook woocommerce_checkout_order_processed: order id=22332
2022-06-17T14:38:38+00:00 DEBUG Clearsale_Total_Checkout: checkout_order_processed: billing_country=BR shipping_country=BR
2022-06-17T14:38:38+00:00 DEBUG Clearsale_Total_Checkout: checkout_order_processed: Compras no BR integramos na CS.
2022-06-17T14:38:38+00:00 DEBUG Cs_total_checkout_order_processed: session =0b9bae10752fcdd26cabd7fab013c7e6
2022-06-17T14:38:38+00:00 DEBUG Cs_total_checkout: hook woocommerce_checkout_order_processed: order id=22332 - EAP: Esperando Aprovação do Pagamento
2022-06-17T14:38:51+00:00 DEBUG Clearsale_Total_Status:Cs_atualiza_status: dados do pedido: billing_country=BR shipping_country=BR
2022-06-17T14:38:51+00:00 DEBUG Clearsale_Total_Status:getStatusOnNotes:  entrou post_id=22332
2022-06-17T14:38:51+00:00 DEBUG Clearsale_Total_Status:getStatusOnNotes:  saindo sem achar nada...
2022-06-17T14:38:51+00:00 DEBUG Clearsale_Total_Status:Cs_atualiza_status: pedido=22332 status antes:pending agora:on-hold
2022-06-17T14:38:51+00:00 DEBUG Clearsale_Total_Status:Cs_atualiza_status: post_id=22332 último status salvo:
2022-06-17T14:39:04+00:00 DEBUG Cs_total_checkout: hook woocommerce_before_thankyou: order id=22332
2022-06-17T14:39:04+00:00 DEBUG Cs_total_checkout: hook woocommerce_thankyou: order id=22332
2022-06-17T14:39:04+00:00 DEBUG Cs_total_checkout: hook woocommerce_thankyou: Pedido não enviado ainda!
2022-06-17T14:39:04+00:00 DEBUG Clearsale_Total_Checkout:outrosMetodos:Cs_total_thankyou verificando post_meta de métodos...
2022-06-17T14:39:04+00:00 DEBUG Cs_total_thankyou:() Pedido 22332 não é cartão saindo...
2022-06-17T14:39:05+00:00 DEBUG Cs_total_checkout: hook woocommerce_before_thankyou: order id=22332
2022-06-17T14:39:05+00:00 DEBUG Cs_total_checkout: hook woocommerce_thankyou: order id=22332
2022-06-17T14:39:05+00:00 DEBUG Cs_total_checkout: hook woocommerce_thankyou: Pedido não enviado ainda!
2022-06-17T14:39:05+00:00 DEBUG Clearsale_Total_Checkout:outrosMetodos:Cs_total_thankyou verificando post_meta de métodos...
2022-06-17T14:39:05+00:00 DEBUG Cs_total_thankyou:() Pedido 22332 não é cartão saindo...
2022-06-17T14:40:41+00:00 DEBUG Clearsale_Total_Status:Cs_atualiza_status: dados do pedido: billing_country=BR shipping_country=BR
2022-06-17T14:40:41+00:00 DEBUG Clearsale_Total_Status:getStatusOnNotes:  entrou post_id=22332
2022-06-17T14:40:41+00:00 DEBUG Clearsale_Total_Status:getStatusOnNotes:  saindo sem achar nada...
2022-06-17T14:40:41+00:00 DEBUG Clearsale_Total_Status:Cs_atualiza_status: pedido=22332 status antes:on-hold agora:processing
2022-06-17T14:40:41+00:00 DEBUG Clearsale_Total_Status:Cs_atualiza_status: post_id=22332 último status salvo:
2022-06-17T14:40:41+00:00 DEBUG Clearsale_Total_Checkout: Cs_total_checkout: dados do pedido: billing_country=BR shipping_country=BR
2022-06-17T14:40:41+00:00 DEBUG Clearsale_Total_Checkout: Cs_total_checkout: Compras no BR integramos na CS.
2022-06-17T14:40:41+00:00 DEBUG Cs_total_checkout: Entrou: Pedido #=22332 doc=364.690.179-91
2022-06-17T14:40:41+00:00 DEBUG Clearsale_Total_Checkout:outrosMetodos:Cs_total_checkout verificando post_meta de métodos...
2022-06-17T14:40:41+00:00 DEBUG Monta_pedido: entrou, #doc=364.690.179-91 e-mail=dilsonpalma@hotmail.com
2022-06-17T14:40:41+00:00 DEBUG Clearsale_Total_Api:Busca_Bairro: cep=86181621
2022-06-17T14:40:43+00:00 DEBUG Clearsale_Total_Api:Busca_Bairro: saida=Conjunto Habitacional Antônio Euthymio Casaroto
2022-06-17T14:40:43+00:00 DEBUG Clearsale_Total_Api:Tipo_pagamento: tipo=gerencianet_oficial
2022-06-17T14:40:43+00:00 DEBUG Monta_pedido: json=[{"code":"22332","sessionID":"0b9bae10752fcdd26cabd7fab013c7e6","date":"2022-06-17T11:38:38-03:00","email":"dilsonpalma@hotmail.com","itemValue":189,"totalValue":193.28,"numberOfInstallments":1,"ip":"177.3.67.176","isGift":false,"giftMessage":"","observation":"","status":0,"origin":"website","channelID":"","country":"","nationality":"","product":3,"customSla":0,"bankAuthentication":"","billing":{"clientID":"1998","type":1,"primaryDocument":"364.690.179-91","secondaryDocument":"","name":"Dilson Palma","birthDate":null,"email":"dilsonpalma@hotmail.com","gender":"","address":{"street":"Rua Miguel A. Costa Viscaino ","number":"259","additionalInformation":"","county":"Cj HSBC Ant\u00f4nio Euthymio Casaroto","city":"Camb\u00e9","state":"PR","country":"BR","zipcode":"86181621","reference":""},"phones":[{"type":0,"ddi":55,"ddd":43,"number":999294544,"extension":""}]},"shipping":{"clientID":"1998","type":1,"primaryDocument":"364.690.179-91","secondaryDocument":"","name":"Dilson Palma","birthDate":null,"email":"","gender":"","address":{"street":"Rua Miguel A. Costa Viscaino ","number":"259","additionalInformation":"","county":"Conjunto Habitacional Ant\u00f4nio Euthymio Casaroto","city":"Camb\u00e9","state":"PR","country":"BR","zipcode":"86181621","reference":""},"deliveryType":"11","deliveryTime":"","price":23.18,"pickUpStoreDocument":""},"payments":[{"sequential":1,"date":"2022-06-17T11:38:38+00:00","value":193.28,"type":14,"installments":1,"interestRate":0,"interestValue":0,"currency":986,"voucherOrderOrigin":"","card":null,"address":{"street":"","number":"","additionalInformation":"","county":"","city":"","state":"","zipcode":"","country":"","reference":""}}],"items":[{"code":"19733","name":"Tapete de Couro Bezerro - 92 x 98 cm Apr\u00f3x.","value":189,"amount":1,"categoryID":null,"categoryName":"Tapete Bezerro<\/a>, <a href=\"https:\/\/imperialtapeteseinteriores.com.br\/categoria-produto\/pronta-entrega\/formatobovino\/\" rel=\"tag\">Tapete Formato Bovino","isGift":false,"sellerName":"","shippingCompany":"melhorenvio_jadlog_package"}]}]
2022-06-17T14:40:43+00:00 DEBUG Authenticate: versão:2.5.1 login=ImperialTapetesEInteriores modo=0
2022-06-17T14:40:44+00:00 DEBUG Authenticate: novo token=d86c21c9224f4e5db1298606817a57fc ExpirationDate:2022-06-17T16:11:18.5300677-03:00
2022-06-17T14:40:45+00:00 DEBUG Inclui_pedido: #pedido=22332 status=NVO score=
2022-06-17T14:40:45+00:00 DEBUG Clearsale_Total_Checkout:Cs_total_checkout: Pedido 22332 inserido com sucesso, status:NVO requestID:
2022-06-17T14:40:45+00:00 DEBUG Clearsale_Total_Status:Cs_atualiza_status: dados do pedido: billing_country=BR shipping_country=BR
2022-06-17T14:40:45+00:00 DEBUG Clearsale_Total_Status:getStatusOnNotes:  entrou post_id=22332
2022-06-17T14:40:45+00:00 DEBUG Clearsale_Total_Status:Cs_atualiza_status: pedido=22332 status antes:processing agora:cs-inanalisis
2022-06-17T14:40:45+00:00 DEBUG Clearsale_Total_Status:Cs_atualiza_status: post_id=22332 último status salvo:NVO
2022-06-17T14:41:19+00:00 DEBUG Clearsale_Total_Status:Cs_status: hook da CS de status para pedido=22332
2022-06-17T14:41:19+00:00 DEBUG Clearsale_Total_Status:Cs_status: método do pedido acima:gerencianet_oficial
2022-06-17T14:41:19+00:00 DEBUG Authenticate: versão:2.4.3 login=ImperialTapetesEInteriores modo=0
2022-06-17T14:41:19+00:00 DEBUG Authenticate: novo token=d86c21c9224f4e5db1298606817a57fc ExpirationDate:2022-06-17T16:11:18.5305043-03:00
2022-06-17T14:41:19+00:00 DEBUG Consulta_status: #pedido=22332 status=APA score=34.45
2022-06-17T14:41:19+00:00 DEBUG Clearsale_Total_Status:Cs_status: retorno da consulta: status=APA score=34.45
2022-06-17T14:41:19+00:00 DEBUG nota=ClearSale status: APA score: 34.45</br>Desc: (Aprovação Automática) – Pedido foi aprovado automaticamente segundo parâmetros definidos na regra de aprovação automática
2022-06-17T14:41:19+00:00 DEBUG Clearsale_Total_Status:Cs_status: Pedido APROVADO(22332, status=APA), mudando status do Woo para wc-processing!
2022-06-17T16:55:37+00:00 DEBUG Clearsale_Total_Status:Cs_atualiza_status: dados do pedido: billing_country=BR shipping_country=BR
2022-06-17T16:55:37+00:00 DEBUG Clearsale_Total_Status:getStatusOnNotes:  entrou post_id=22332
2022-06-17T16:55:37+00:00 DEBUG Clearsale_Total_Status:Cs_atualiza_status: pedido=22332 status antes:processing agora:em-separacao
2022-06-17T16:55:37+00:00 DEBUG Clearsale_Total_Status:Cs_atualiza_status: post_id=22332 último status salvo:APA
2022-06-17T17:01:18+00:00 DEBUG Cs_total_extrafield: update_order_meta: billing_country=BR shipping_country=BR
2022-06-17T17:01:18+00:00 DEBUG Cs_total_extrafield: update_order_meta: Compras no BR salvamos CPF/CNPJ.
2022-06-17T17:01:18+00:00 DEBUG Cs_total_extrafield: order_id=22333 cs_field_doc= billing_cpf=418.856.988-36 billing_cnpj=
2022-06-17T17:01:18+00:00 DEBUG Cs_total_checkout: hook woocommerce_checkout_order_processed: order id=22333
2022-06-17T17:01:18+00:00 DEBUG Clearsale_Total_Checkout: checkout_order_processed: billing_country=BR shipping_country=BR
2022-06-17T17:01:18+00:00 DEBUG Clearsale_Total_Checkout: checkout_order_processed: Compras no BR integramos na CS.
2022-06-17T17:01:18+00:00 DEBUG Cs_total_checkout_order_processed: session =23fa59e5bfab83750fc096b71393167d
2022-06-17T17:01:18+00:00 DEBUG Cs_total_checkout: hook woocommerce_checkout_order_processed: order id=22333 - EAP: Esperando Aprovação do Pagamento
2022-06-17T17:01:42+00:00 DEBUG Clearsale_Total_Status:Cs_atualiza_status: dados do pedido: billing_country=BR shipping_country=BR
2022-06-17T17:01:42+00:00 DEBUG Clearsale_Total_Status:getStatusOnNotes:  entrou post_id=22333
2022-06-17T17:01:42+00:00 DEBUG Clearsale_Total_Status:getStatusOnNotes:  saindo sem achar nada...
2022-06-17T17:01:42+00:00 DEBUG Clearsale_Total_Status:Cs_atualiza_status: pedido=22333 status antes:pending agora:processing
2022-06-17T17:01:42+00:00 DEBUG Clearsale_Total_Status:Cs_atualiza_status: post_id=22333 último status salvo:
2022-06-17T17:01:42+00:00 DEBUG Clearsale_Total_Checkout: Cs_total_checkout: dados do pedido: billing_country=BR shipping_country=BR
2022-06-17T17:01:42+00:00 DEBUG Clearsale_Total_Checkout: Cs_total_checkout: Compras no BR integramos na CS.
2022-06-17T17:01:42+00:00 DEBUG Cs_total_checkout: Entrou: Pedido #=22333 doc=418.856.988-36
2022-06-17T17:01:42+00:00 DEBUG Clearsale_Total_Checkout:outrosMetodos:Cs_total_checkout verificando post_meta de métodos...
2022-06-17T17:01:42+00:00 DEBUG Clearsale_Total_Checkout:outrosMetodos: Pedido 22333 feito pelo MarcosAlexandre com 550209******4057 nome:Giuliano previtali
2022-06-17T17:01:42+00:00 DEBUG Monta_pedido: entrou, #doc=418.856.988-36 e-mail=Giuli_previtali@hotmail.com
2022-06-17T17:01:42+00:00 DEBUG Clearsale_Total_Api:Busca_Bairro: cep=13289156
2022-06-17T17:01:43+00:00 DEBUG Clearsale_Total_Api:Busca_Bairro: saida=Santa Rosa
2022-06-17T17:01:43+00:00 DEBUG Clearsale_Total_Api:Tipo_pagamento: tipo=rede_credit
2022-06-17T17:01:43+00:00 DEBUG Clearsale_Total_Api:Tipo_pagamento: tipo=credito
2022-06-17T17:01:43+00:00 DEBUG Monta_pedido: json=[{"code":"22333","sessionID":"23fa59e5bfab83750fc096b71393167d","date":"2022-06-17T14:01:17-03:00","email":"Giuli_previtali@hotmail.com","itemValue":829,"totalValue":829,"numberOfInstallments":3,"ip":"177.197.104.175","isGift":false,"giftMessage":"","observation":"","status":0,"origin":"website","channelID":"","country":"","nationality":"","product":3,"customSla":0,"bankAuthentication":"","billing":{"clientID":"2000","type":1,"primaryDocument":"418.856.988-36","secondaryDocument":"","name":"Giuliano Previtali","birthDate":null,"email":"Giuli_previtali@hotmail.com","gender":"","address":{"street":"Rua Antonio Von Zuben ","number":"175","additionalInformation":"","county":"Santa Rosa","city":"Vinhedo","state":"SP","country":"BR","zipcode":"13289156","reference":""},"phones":[{"type":0,"ddi":55,"ddd":19,"number":997531848,"extension":""}]},"shipping":{"clientID":"2000","type":1,"primaryDocument":"418.856.988-36","secondaryDocument":"","name":"Giuliano Previtali","birthDate":null,"email":"","gender":"","address":{"street":"Rua Antonio Von Zuben ","number":"175","additionalInformation":"","county":"Santa Rosa","city":"Vinhedo","state":"SP","country":"BR","zipcode":"13289156","reference":""},"deliveryType":"0","deliveryTime":"","price":0,"pickUpStoreDocument":""},"payments":[{"sequential":1,"date":"2022-06-17T14:01:17+00:00","value":829,"type":1,"installments":1,"interestRate":0,"interestValue":0,"currency":986,"voucherOrderOrigin":"","card":{"number":"550209******4057","hash":"","bin":"550209","end":"4057","type":2,"validityDate":"05\/2030","ownerName":"Giuliano previtali","document":"418.856.988-36","nsu":""},"address":{"street":"","number":"","additionalInformation":"","county":"","city":"","state":"","zipcode":"","country":"","reference":""}}],"items":[{"code":"20480","name":"Tapete de Couro Grande 2,29 x 1,94 m","value":829,"amount":1,"categoryID":null,"categoryName":"Tapete Formato Bovino<\/a>, <a href=\"https:\/\/imperialtapeteseinteriores.com.br\/categoria-produto\/pronta-entrega\/formatobovino\/tapete-formato-bovino-gg\/\" rel=\"tag\">Tapete Formato Bovino GG","isGift":false,"sellerName":"","shippingCompany":"advanced_free_shipping"}]}]
2022-06-17T17:01:43+00:00 DEBUG Authenticate: versão:2.5.1 login=ImperialTapetesEInteriores modo=0
2022-06-17T17:01:43+00:00 DEBUG Authenticate: novo token=d86c21c9224f4e5db1298606817a57fc ExpirationDate:2022-06-17T16:11:18.5300889-03:00
2022-06-17T17:01:47+00:00 DEBUG Inclui_pedido: #pedido=22333 status=NVO score=
2022-06-17T17:01:47+00:00 DEBUG Clearsale_Total_Checkout:Cs_total_checkout: Pedido 22333 inserido com sucesso, status:NVO requestID:
2022-06-17T17:01:47+00:00 DEBUG Clearsale_Total_Status:Cs_atualiza_status: dados do pedido: billing_country=BR shipping_country=BR
2022-06-17T17:01:47+00:00 DEBUG Clearsale_Total_Status:getStatusOnNotes:  entrou post_id=22333
2022-06-17T17:01:47+00:00 DEBUG Clearsale_Total_Status:Cs_atualiza_status: pedido=22333 status antes:processing agora:cs-inanalisis
2022-06-17T17:01:47+00:00 DEBUG Clearsale_Total_Status:Cs_atualiza_status: post_id=22333 último status salvo:NVO
2022-06-17T17:01:50+00:00 DEBUG Cs_total_checkout: hook woocommerce_payment_complete: order id=22333
2022-06-17T17:02:47+00:00 DEBUG Clearsale_Total_Status:Cs_status: hook da CS de status para pedido=22333
2022-06-17T17:02:47+00:00 DEBUG Clearsale_Total_Status:Cs_status: método do pedido acima:rede_credit
2022-06-17T17:02:47+00:00 DEBUG Authenticate: versão:2.4.3 login=ImperialTapetesEInteriores modo=0
2022-06-17T17:02:47+00:00 DEBUG Authenticate: novo token=d86c21c9224f4e5db1298606817a57fc ExpirationDate:2022-06-17T16:11:18.5300889-03:00
2022-06-17T17:02:48+00:00 DEBUG Consulta_status: #pedido=22333 status=APA score=13.06
2022-06-17T17:02:48+00:00 DEBUG Clearsale_Total_Status:Cs_status: retorno da consulta: status=APA score=13.06
2022-06-17T17:02:48+00:00 DEBUG nota=ClearSale status: APA score: 13.06</br>Desc: (Aprovação Automática) – Pedido foi aprovado automaticamente segundo parâmetros definidos na regra de aprovação automática
2022-06-17T17:02:48+00:00 DEBUG Clearsale_Total_Status:Cs_status: Pedido APROVADO(22333, status=APA), mudando status do Woo para wc-processing!
2022-06-17T17:06:02+00:00 DEBUG Clearsale_Total_Status:Cs_atualiza_status: dados do pedido: billing_country=BR shipping_country=BR
2022-06-17T17:06:02+00:00 DEBUG Clearsale_Total_Status:getStatusOnNotes:  entrou post_id=22042
2022-06-17T17:06:02+00:00 DEBUG Clearsale_Total_Status:Cs_atualiza_status: pedido=22042 status antes:processing agora:refunded
2022-06-17T17:06:02+00:00 DEBUG Clearsale_Total_Status:Cs_atualiza_status: post_id=22042 último status salvo:APA
2022-06-17T17:07:26+00:00 DEBUG Clearsale_Total_Status:Cs_atualiza_status: dados do pedido: billing_country=BR shipping_country=BR
2022-06-17T17:07:26+00:00 DEBUG Clearsale_Total_Status:getStatusOnNotes:  entrou post_id=22225
2022-06-17T17:07:26+00:00 DEBUG Clearsale_Total_Status:getStatusOnNotes:  saindo sem achar nada...
2022-06-17T17:07:26+00:00 DEBUG Clearsale_Total_Status:Cs_atualiza_status: pedido=22225 status antes:on-hold agora:cancelled
2022-06-17T17:07:26+00:00 DEBUG Clearsale_Total_Status:Cs_atualiza_status: post_id=22225 último status salvo:
2022-06-17T17:07:26+00:00 DEBUG Atualiza_status: vamos marcar pedido=22225 com status=PGR
2022-06-17T17:07:26+00:00 DEBUG Authenticate: versão:2.5.1 login=ImperialTapetesEInteriores modo=0
2022-06-17T17:07:26+00:00 DEBUG Authenticate: novo token=d86c21c9224f4e5db1298606817a57fc ExpirationDate:2022-06-17T16:11:18.5300216-03:00
2022-06-17T17:07:26+00:00 DEBUG Atualiza_status: erro #404 msg=HTTP/1.1 404 Not Found
X-StackifyID: V2|c8a57936-6572-458a-bcfe-40bdb99c7d38|C64106|CD65031
Request-Id: 61Y7-14N0-72T6-72A2
X-Powered-By: ASP.NET
X-Cache: CONFIG_NOCACHE
X-Azure-Ref: 0zrSsYgAAAACYJfnWCZQBTJR/ezUvt86BTU5aMjIxMDYwNjEzMDIzADg2ZjFlOWYzLTkwOWItNDc4Yi04MTk5LTEyNDI1YjZiZTJkMw==
Date: Fri, 17 Jun 2022 17:07:26 GMT
Content-Length: 0


2022-06-17T17:07:26+00:00 DEBUG Clearsale_Total_Status:Cs_atualiza_status: colocando PGR retorno: requestID= status= msg=
2022-06-17T17:07:31+00:00 DEBUG Clearsale_Total_Status:Cs_atualiza_status: dados do pedido: billing_country=BR shipping_country=BR
2022-06-17T17:07:31+00:00 DEBUG Clearsale_Total_Status:getStatusOnNotes:  entrou post_id=22206
2022-06-17T17:07:31+00:00 DEBUG Clearsale_Total_Status:getStatusOnNotes:  saindo sem achar nada...
2022-06-17T17:07:31+00:00 DEBUG Clearsale_Total_Status:Cs_atualiza_status: pedido=22206 status antes:on-hold agora:cancelled
2022-06-17T17:07:31+00:00 DEBUG Clearsale_Total_Status:Cs_atualiza_status: post_id=22206 último status salvo:
2022-06-17T17:07:31+00:00 DEBUG Atualiza_status: vamos marcar pedido=22206 com status=PGR
2022-06-17T17:07:31+00:00 DEBUG Authenticate: versão:2.5.1 login=ImperialTapetesEInteriores modo=0
2022-06-17T17:07:31+00:00 DEBUG Authenticate: novo token=d86c21c9224f4e5db1298606817a57fc ExpirationDate:2022-06-17T16:11:18.5300962-03:00
2022-06-17T17:07:31+00:00 DEBUG Atualiza_status: erro #404 msg=HTTP/1.1 404 Not Found
X-StackifyID: V2|1bcbccd2-44f3-48f7-8a55-cb0207eb0960|C64106|CD64089
Request-Id: 61L7-14S0-73A1-41A7
X-Powered-By: ASP.NET
X-Cache: CONFIG_NOCACHE
X-Azure-Ref: 007SsYgAAAAAX2PzRHVeCRY671wJpzlRGTU5aMjIxMDYwNjEzMDMzADg2ZjFlOWYzLTkwOWItNDc4Yi04MTk5LTEyNDI1YjZiZTJkMw==
Date: Fri, 17 Jun 2022 17:07:31 GMT
Content-Length: 0


2022-06-17T17:07:31+00:00 DEBUG Clearsale_Total_Status:Cs_atualiza_status: colocando PGR retorno: requestID= status= msg=
2022-06-17T17:07:36+00:00 DEBUG Clearsale_Total_Status:Cs_atualiza_status: dados do pedido: billing_country=BR shipping_country=BR
2022-06-17T17:07:36+00:00 DEBUG Clearsale_Total_Status:getStatusOnNotes:  entrou post_id=22163
2022-06-17T17:07:36+00:00 DEBUG Clearsale_Total_Status:getStatusOnNotes:  saindo sem achar nada...
2022-06-17T17:07:36+00:00 DEBUG Clearsale_Total_Status:Cs_atualiza_status: pedido=22163 status antes:on-hold agora:cancelled
2022-06-17T17:07:36+00:00 DEBUG Clearsale_Total_Status:Cs_atualiza_status: post_id=22163 último status salvo:
2022-06-17T17:07:36+00:00 DEBUG Atualiza_status: vamos marcar pedido=22163 com status=PGR
2022-06-17T17:07:36+00:00 DEBUG Authenticate: versão:2.5.1 login=ImperialTapetesEInteriores modo=0
2022-06-17T17:07:36+00:00 DEBUG Authenticate: novo token=d86c21c9224f4e5db1298606817a57fc ExpirationDate:2022-06-17T16:11:18.5300216-03:00
2022-06-17T17:07:36+00:00 DEBUG Atualiza_status: erro #404 msg=HTTP/1.1 404 Not Found
X-StackifyID: V2|955b4f92-9fb7-4588-b12c-1bd93c5abb92|C64106|CD64166
Request-Id: 61R7-14D0-73O6-27N8
X-Powered-By: ASP.NET
X-Cache: CONFIG_NOCACHE
X-Azure-Ref: 02LSsYgAAAAA8CazjUVLzTouEnODNIGcfTU5aMjIxMDYwNjEyMDI3ADg2ZjFlOWYzLTkwOWItNDc4Yi04MTk5LTEyNDI1YjZiZTJkMw==
Date: Fri, 17 Jun 2022 17:07:36 GMT
Content-Length: 0


2022-06-17T17:07:36+00:00 DEBUG Clearsale_Total_Status:Cs_atualiza_status: colocando PGR retorno: requestID= status= msg=
2022-06-17T17:09:35+00:00 DEBUG Clearsale_Total_Status:Cs_atualiza_status: dados do pedido: billing_country=BR shipping_country=BR
2022-06-17T17:09:35+00:00 DEBUG Clearsale_Total_Status:getStatusOnNotes:  entrou post_id=21171
2022-06-17T17:09:35+00:00 DEBUG Clearsale_Total_Status:Cs_atualiza_status: pedido=21171 status antes:em-confeccao agora:cancelled
2022-06-17T17:09:35+00:00 DEBUG Clearsale_Total_Status:Cs_atualiza_status: post_id=21171 último status salvo:APA
2022-06-17T17:09:35+00:00 DEBUG Atualiza_status: vamos marcar pedido=21171 com status=PGR
2022-06-17T17:09:35+00:00 DEBUG Authenticate: versão:2.5.1 login=ImperialTapetesEInteriores modo=0
2022-06-17T17:09:35+00:00 DEBUG Authenticate: novo token=d86c21c9224f4e5db1298606817a57fc ExpirationDate:2022-06-17T16:11:18.5300962-03:00
2022-06-17T17:09:35+00:00 DEBUG Atualiza_status: ret=Array
(
    [status] => StatusNotAllowed
    [message] => It is not permitted to update to this status
)

2022-06-17T17:09:35+00:00 DEBUG Atualiza_status: #pedido=21171 status=StatusNotAllowed msg=It is not permitted to update to this status
2022-06-17T17:09:35+00:00 DEBUG Clearsale_Total_Status:Cs_atualiza_status: colocando PGR retorno: requestID= status=StatusNotAllowed msg=It is not permitted to update to this status
2022-06-17T18:10:03+00:00 DEBUG Clearsale_Total_Status:Cs_atualiza_status: dados do pedido: billing_country=BR shipping_country=BR
2022-06-17T18:10:03+00:00 DEBUG Clearsale_Total_Status:getStatusOnNotes:  entrou post_id=22333
2022-06-17T18:10:03+00:00 DEBUG Clearsale_Total_Status:Cs_atualiza_status: pedido=22333 status antes:processing agora:em-separacao
2022-06-17T18:10:03+00:00 DEBUG Clearsale_Total_Status:Cs_atualiza_status: post_id=22333 último status salvo:APA
