2021-08-29T00:04:35+00:00 CRITICAL Uncaught Error: Call to a member function add() on null in /opt/bitnami/apps/wordpress/htdocs/wp-content/plugins/woo-gerencianet-official/includes/class-wc-gerencianet-oficial-gateway.php:2014
Stack trace:
#0 /opt/bitnami/apps/wordpress/htdocs/wp-includes/class-wp-hook.php(303): WC_Gerencianet_Oficial_Gateway->successful_request()
#1 /opt/bitnami/apps/wordpress/htdocs/wp-includes/class-wp-hook.php(327): WP_Hook->apply_filters()
#2 /opt/bitnami/apps/wordpress/htdocs/wp-includes/plugin.php(470): WP_Hook->do_action()
#3 /opt/bitnami/apps/wordpress/htdocs/wp-content/plugins/woo-gerencianet-official/includes/class-wc-gerencianet-oficial-gateway.php(1955): do_action()
#4 /opt/bitnami/apps/wordpress/htdocs/wp-includes/class-wp-hook.php(303): WC_Gerencianet_Oficial_Gateway->validate_notification()
#5 /opt/bitnami/apps/wordpress/htdocs/wp-includes/class-wp-hook.php(327): WP_Hook->apply_filters()
#6 /opt/bitnami/apps/wordpress/htdocs/wp-includes/plugin.php(470): WP_Hook->do_action()
#7 /opt/bitnami/apps/wordpress/htdoc, em /opt/bitnami/apps/wordpress/htdocs/wp-content/plugins/woo-gerencianet-official/includes/class-wc-gerencianet-oficial-gateway.php, na linha 2014

2021-08-29T11:24:34+00:00 CRITICAL Uncaught Error: Class 'WooCommerce_Parcelas_Settings' not found in /opt/bitnami/apps/wordpress/htdocs/wp-content/plugins/woo-parcelas-com-e-sem-juros/public/css/woo-parcelas-com-e-sem-juros-public.php:24
Stack trace:
#0 {main}
  thrown, em /opt/bitnami/apps/wordpress/htdocs/wp-content/plugins/woo-parcelas-com-e-sem-juros/public/css/woo-parcelas-com-e-sem-juros-public.php, na linha 24

2021-08-29T11:27:39+00:00 CRITICAL Uncaught Error: Class 'WooCommerce_Parcelas_Settings' not found in /opt/bitnami/apps/wordpress/htdocs/wp-content/plugins/woo-parcelas-com-e-sem-juros/public/css/woo-parcelas-com-e-sem-juros-public.php:24
Stack trace:
#0 {main}
  thrown, em /opt/bitnami/apps/wordpress/htdocs/wp-content/plugins/woo-parcelas-com-e-sem-juros/public/css/woo-parcelas-com-e-sem-juros-public.php, na linha 24

2021-08-29T21:19:01+00:00 CRITICAL Allowed memory size of 268435456 bytes exhausted (tried to allocate 57872728 bytes), em /opt/bitnami/apps/wordpress/htdocs/wp-content/plugins/wordfence/lib/wfConfig.php, na linha 693

2021-08-29T21:57:10+00:00 CRITICAL Uncaught Error: Call to a member function add() on null in /opt/bitnami/apps/wordpress/htdocs/wp-content/plugins/woo-gerencianet-official/includes/class-wc-gerencianet-oficial-gateway.php:2014
Stack trace:
#0 /opt/bitnami/apps/wordpress/htdocs/wp-includes/class-wp-hook.php(303): WC_Gerencianet_Oficial_Gateway->successful_request()
#1 /opt/bitnami/apps/wordpress/htdocs/wp-includes/class-wp-hook.php(327): WP_Hook->apply_filters()
#2 /opt/bitnami/apps/wordpress/htdocs/wp-includes/plugin.php(470): WP_Hook->do_action()
#3 /opt/bitnami/apps/wordpress/htdocs/wp-content/plugins/woo-gerencianet-official/includes/class-wc-gerencianet-oficial-gateway.php(1955): do_action()
#4 /opt/bitnami/apps/wordpress/htdocs/wp-includes/class-wp-hook.php(303): WC_Gerencianet_Oficial_Gateway->validate_notification()
#5 /opt/bitnami/apps/wordpress/htdocs/wp-includes/class-wp-hook.php(327): WP_Hook->apply_filters()
#6 /opt/bitnami/apps/wordpress/htdocs/wp-includes/plugin.php(470): WP_Hook->do_action()
#7 /opt/bitnami/apps/wordpress/htdoc, em /opt/bitnami/apps/wordpress/htdocs/wp-content/plugins/woo-gerencianet-official/includes/class-wc-gerencianet-oficial-gateway.php, na linha 2014

2021-08-29T22:03:48+00:00 CRITICAL Uncaught Error: Call to a member function add() on null in /opt/bitnami/apps/wordpress/htdocs/wp-content/plugins/woo-gerencianet-official/includes/class-wc-gerencianet-oficial-gateway.php:2014
Stack trace:
#0 /opt/bitnami/apps/wordpress/htdocs/wp-includes/class-wp-hook.php(303): WC_Gerencianet_Oficial_Gateway->successful_request()
#1 /opt/bitnami/apps/wordpress/htdocs/wp-includes/class-wp-hook.php(327): WP_Hook->apply_filters()
#2 /opt/bitnami/apps/wordpress/htdocs/wp-includes/plugin.php(470): WP_Hook->do_action()
#3 /opt/bitnami/apps/wordpress/htdocs/wp-content/plugins/woo-gerencianet-official/includes/class-wc-gerencianet-oficial-gateway.php(1955): do_action()
#4 /opt/bitnami/apps/wordpress/htdocs/wp-includes/class-wp-hook.php(303): WC_Gerencianet_Oficial_Gateway->validate_notification()
#5 /opt/bitnami/apps/wordpress/htdocs/wp-includes/class-wp-hook.php(327): WP_Hook->apply_filters()
#6 /opt/bitnami/apps/wordpress/htdocs/wp-includes/plugin.php(470): WP_Hook->do_action()
#7 /opt/bitnami/apps/wordpress/htdoc, em /opt/bitnami/apps/wordpress/htdocs/wp-content/plugins/woo-gerencianet-official/includes/class-wc-gerencianet-oficial-gateway.php, na linha 2014

