2021-03-28T00:06:45+00:00 CRITICAL Uncaught Error: Call to a member function add() on null in /opt/bitnami/apps/wordpress/htdocs/wp-content/plugins/woo-gerencianet-official/includes/class-wc-gerencianet-oficial-gateway.php:1914
Stack trace:
#0 /opt/bitnami/apps/wordpress/htdocs/wp-includes/class-wp-hook.php(292): WC_Gerencianet_Oficial_Gateway->successful_request()
#1 /opt/bitnami/apps/wordpress/htdocs/wp-includes/class-wp-hook.php(316): WP_Hook->apply_filters()
#2 /opt/bitnami/apps/wordpress/htdocs/wp-includes/plugin.php(484): WP_Hook->do_action()
#3 /opt/bitnami/apps/wordpress/htdocs/wp-content/plugins/woo-gerencianet-official/includes/class-wc-gerencianet-oficial-gateway.php(1855): do_action()
#4 /opt/bitnami/apps/wordpress/htdocs/wp-includes/class-wp-hook.php(292): WC_Gerencianet_Oficial_Gateway->validate_notification()
#5 /opt/bitnami/apps/wordpress/htdocs/wp-includes/class-wp-hook.php(316): WP_Hook->apply_filters()
#6 /opt/bitnami/apps/wordpress/htdocs/wp-includes/plugin.php(484): WP_Hook->do_action()
#7 /opt/bitnami/apps/wordpress/htdoc, em /opt/bitnami/apps/wordpress/htdocs/wp-content/plugins/woo-gerencianet-official/includes/class-wc-gerencianet-oficial-gateway.php, na linha 1914

2021-03-28T01:16:27+00:00 CRITICAL Uncaught Error: Call to a member function add() on null in /opt/bitnami/apps/wordpress/htdocs/wp-content/plugins/woo-gerencianet-official/includes/class-wc-gerencianet-oficial-gateway.php:1914
Stack trace:
#0 /opt/bitnami/apps/wordpress/htdocs/wp-includes/class-wp-hook.php(292): WC_Gerencianet_Oficial_Gateway->successful_request()
#1 /opt/bitnami/apps/wordpress/htdocs/wp-includes/class-wp-hook.php(316): WP_Hook->apply_filters()
#2 /opt/bitnami/apps/wordpress/htdocs/wp-includes/plugin.php(484): WP_Hook->do_action()
#3 /opt/bitnami/apps/wordpress/htdocs/wp-content/plugins/woo-gerencianet-official/includes/class-wc-gerencianet-oficial-gateway.php(1855): do_action()
#4 /opt/bitnami/apps/wordpress/htdocs/wp-includes/class-wp-hook.php(292): WC_Gerencianet_Oficial_Gateway->validate_notification()
#5 /opt/bitnami/apps/wordpress/htdocs/wp-includes/class-wp-hook.php(316): WP_Hook->apply_filters()
#6 /opt/bitnami/apps/wordpress/htdocs/wp-includes/plugin.php(484): WP_Hook->do_action()
#7 /opt/bitnami/apps/wordpress/htdoc, em /opt/bitnami/apps/wordpress/htdocs/wp-content/plugins/woo-gerencianet-official/includes/class-wc-gerencianet-oficial-gateway.php, na linha 1914

2021-03-28T02:28:44+00:00 CRITICAL Uncaught Error: Call to a member function add() on null in /opt/bitnami/apps/wordpress/htdocs/wp-content/plugins/woo-gerencianet-official/includes/class-wc-gerencianet-oficial-gateway.php:1914
Stack trace:
#0 /opt/bitnami/apps/wordpress/htdocs/wp-includes/class-wp-hook.php(292): WC_Gerencianet_Oficial_Gateway->successful_request()
#1 /opt/bitnami/apps/wordpress/htdocs/wp-includes/class-wp-hook.php(316): WP_Hook->apply_filters()
#2 /opt/bitnami/apps/wordpress/htdocs/wp-includes/plugin.php(484): WP_Hook->do_action()
#3 /opt/bitnami/apps/wordpress/htdocs/wp-content/plugins/woo-gerencianet-official/includes/class-wc-gerencianet-oficial-gateway.php(1855): do_action()
#4 /opt/bitnami/apps/wordpress/htdocs/wp-includes/class-wp-hook.php(292): WC_Gerencianet_Oficial_Gateway->validate_notification()
#5 /opt/bitnami/apps/wordpress/htdocs/wp-includes/class-wp-hook.php(316): WP_Hook->apply_filters()
#6 /opt/bitnami/apps/wordpress/htdocs/wp-includes/plugin.php(484): WP_Hook->do_action()
#7 /opt/bitnami/apps/wordpress/htdoc, em /opt/bitnami/apps/wordpress/htdocs/wp-content/plugins/woo-gerencianet-official/includes/class-wc-gerencianet-oficial-gateway.php, na linha 1914

2021-03-28T03:43:56+00:00 CRITICAL Uncaught Error: Call to a member function add() on null in /opt/bitnami/apps/wordpress/htdocs/wp-content/plugins/woo-gerencianet-official/includes/class-wc-gerencianet-oficial-gateway.php:1914
Stack trace:
#0 /opt/bitnami/apps/wordpress/htdocs/wp-includes/class-wp-hook.php(292): WC_Gerencianet_Oficial_Gateway->successful_request()
#1 /opt/bitnami/apps/wordpress/htdocs/wp-includes/class-wp-hook.php(316): WP_Hook->apply_filters()
#2 /opt/bitnami/apps/wordpress/htdocs/wp-includes/plugin.php(484): WP_Hook->do_action()
#3 /opt/bitnami/apps/wordpress/htdocs/wp-content/plugins/woo-gerencianet-official/includes/class-wc-gerencianet-oficial-gateway.php(1855): do_action()
#4 /opt/bitnami/apps/wordpress/htdocs/wp-includes/class-wp-hook.php(292): WC_Gerencianet_Oficial_Gateway->validate_notification()
#5 /opt/bitnami/apps/wordpress/htdocs/wp-includes/class-wp-hook.php(316): WP_Hook->apply_filters()
#6 /opt/bitnami/apps/wordpress/htdocs/wp-includes/plugin.php(484): WP_Hook->do_action()
#7 /opt/bitnami/apps/wordpress/htdoc, em /opt/bitnami/apps/wordpress/htdocs/wp-content/plugins/woo-gerencianet-official/includes/class-wc-gerencianet-oficial-gateway.php, na linha 1914

2021-03-28T05:02:29+00:00 CRITICAL Uncaught Error: Call to a member function add() on null in /opt/bitnami/apps/wordpress/htdocs/wp-content/plugins/woo-gerencianet-official/includes/class-wc-gerencianet-oficial-gateway.php:1914
Stack trace:
#0 /opt/bitnami/apps/wordpress/htdocs/wp-includes/class-wp-hook.php(292): WC_Gerencianet_Oficial_Gateway->successful_request()
#1 /opt/bitnami/apps/wordpress/htdocs/wp-includes/class-wp-hook.php(316): WP_Hook->apply_filters()
#2 /opt/bitnami/apps/wordpress/htdocs/wp-includes/plugin.php(484): WP_Hook->do_action()
#3 /opt/bitnami/apps/wordpress/htdocs/wp-content/plugins/woo-gerencianet-official/includes/class-wc-gerencianet-oficial-gateway.php(1855): do_action()
#4 /opt/bitnami/apps/wordpress/htdocs/wp-includes/class-wp-hook.php(292): WC_Gerencianet_Oficial_Gateway->validate_notification()
#5 /opt/bitnami/apps/wordpress/htdocs/wp-includes/class-wp-hook.php(316): WP_Hook->apply_filters()
#6 /opt/bitnami/apps/wordpress/htdocs/wp-includes/plugin.php(484): WP_Hook->do_action()
#7 /opt/bitnami/apps/wordpress/htdoc, em /opt/bitnami/apps/wordpress/htdocs/wp-content/plugins/woo-gerencianet-official/includes/class-wc-gerencianet-oficial-gateway.php, na linha 1914

2021-03-28T06:23:33+00:00 CRITICAL Uncaught Error: Call to a member function add() on null in /opt/bitnami/apps/wordpress/htdocs/wp-content/plugins/woo-gerencianet-official/includes/class-wc-gerencianet-oficial-gateway.php:1914
Stack trace:
#0 /opt/bitnami/apps/wordpress/htdocs/wp-includes/class-wp-hook.php(292): WC_Gerencianet_Oficial_Gateway->successful_request()
#1 /opt/bitnami/apps/wordpress/htdocs/wp-includes/class-wp-hook.php(316): WP_Hook->apply_filters()
#2 /opt/bitnami/apps/wordpress/htdocs/wp-includes/plugin.php(484): WP_Hook->do_action()
#3 /opt/bitnami/apps/wordpress/htdocs/wp-content/plugins/woo-gerencianet-official/includes/class-wc-gerencianet-oficial-gateway.php(1855): do_action()
#4 /opt/bitnami/apps/wordpress/htdocs/wp-includes/class-wp-hook.php(292): WC_Gerencianet_Oficial_Gateway->validate_notification()
#5 /opt/bitnami/apps/wordpress/htdocs/wp-includes/class-wp-hook.php(316): WP_Hook->apply_filters()
#6 /opt/bitnami/apps/wordpress/htdocs/wp-includes/plugin.php(484): WP_Hook->do_action()
#7 /opt/bitnami/apps/wordpress/htdoc, em /opt/bitnami/apps/wordpress/htdocs/wp-content/plugins/woo-gerencianet-official/includes/class-wc-gerencianet-oficial-gateway.php, na linha 1914

2021-03-28T07:47:36+00:00 CRITICAL Uncaught Error: Call to a member function add() on null in /opt/bitnami/apps/wordpress/htdocs/wp-content/plugins/woo-gerencianet-official/includes/class-wc-gerencianet-oficial-gateway.php:1914
Stack trace:
#0 /opt/bitnami/apps/wordpress/htdocs/wp-includes/class-wp-hook.php(292): WC_Gerencianet_Oficial_Gateway->successful_request()
#1 /opt/bitnami/apps/wordpress/htdocs/wp-includes/class-wp-hook.php(316): WP_Hook->apply_filters()
#2 /opt/bitnami/apps/wordpress/htdocs/wp-includes/plugin.php(484): WP_Hook->do_action()
#3 /opt/bitnami/apps/wordpress/htdocs/wp-content/plugins/woo-gerencianet-official/includes/class-wc-gerencianet-oficial-gateway.php(1855): do_action()
#4 /opt/bitnami/apps/wordpress/htdocs/wp-includes/class-wp-hook.php(292): WC_Gerencianet_Oficial_Gateway->validate_notification()
#5 /opt/bitnami/apps/wordpress/htdocs/wp-includes/class-wp-hook.php(316): WP_Hook->apply_filters()
#6 /opt/bitnami/apps/wordpress/htdocs/wp-includes/plugin.php(484): WP_Hook->do_action()
#7 /opt/bitnami/apps/wordpress/htdoc, em /opt/bitnami/apps/wordpress/htdocs/wp-content/plugins/woo-gerencianet-official/includes/class-wc-gerencianet-oficial-gateway.php, na linha 1914

2021-03-28T09:14:40+00:00 CRITICAL Uncaught Error: Call to a member function add() on null in /opt/bitnami/apps/wordpress/htdocs/wp-content/plugins/woo-gerencianet-official/includes/class-wc-gerencianet-oficial-gateway.php:1914
Stack trace:
#0 /opt/bitnami/apps/wordpress/htdocs/wp-includes/class-wp-hook.php(292): WC_Gerencianet_Oficial_Gateway->successful_request()
#1 /opt/bitnami/apps/wordpress/htdocs/wp-includes/class-wp-hook.php(316): WP_Hook->apply_filters()
#2 /opt/bitnami/apps/wordpress/htdocs/wp-includes/plugin.php(484): WP_Hook->do_action()
#3 /opt/bitnami/apps/wordpress/htdocs/wp-content/plugins/woo-gerencianet-official/includes/class-wc-gerencianet-oficial-gateway.php(1855): do_action()
#4 /opt/bitnami/apps/wordpress/htdocs/wp-includes/class-wp-hook.php(292): WC_Gerencianet_Oficial_Gateway->validate_notification()
#5 /opt/bitnami/apps/wordpress/htdocs/wp-includes/class-wp-hook.php(316): WP_Hook->apply_filters()
#6 /opt/bitnami/apps/wordpress/htdocs/wp-includes/plugin.php(484): WP_Hook->do_action()
#7 /opt/bitnami/apps/wordpress/htdoc, em /opt/bitnami/apps/wordpress/htdocs/wp-content/plugins/woo-gerencianet-official/includes/class-wc-gerencianet-oficial-gateway.php, na linha 1914

2021-03-28T10:45:03+00:00 CRITICAL Uncaught Error: Call to a member function add() on null in /opt/bitnami/apps/wordpress/htdocs/wp-content/plugins/woo-gerencianet-official/includes/class-wc-gerencianet-oficial-gateway.php:1914
Stack trace:
#0 /opt/bitnami/apps/wordpress/htdocs/wp-includes/class-wp-hook.php(292): WC_Gerencianet_Oficial_Gateway->successful_request()
#1 /opt/bitnami/apps/wordpress/htdocs/wp-includes/class-wp-hook.php(316): WP_Hook->apply_filters()
#2 /opt/bitnami/apps/wordpress/htdocs/wp-includes/plugin.php(484): WP_Hook->do_action()
#3 /opt/bitnami/apps/wordpress/htdocs/wp-content/plugins/woo-gerencianet-official/includes/class-wc-gerencianet-oficial-gateway.php(1855): do_action()
#4 /opt/bitnami/apps/wordpress/htdocs/wp-includes/class-wp-hook.php(292): WC_Gerencianet_Oficial_Gateway->validate_notification()
#5 /opt/bitnami/apps/wordpress/htdocs/wp-includes/class-wp-hook.php(316): WP_Hook->apply_filters()
#6 /opt/bitnami/apps/wordpress/htdocs/wp-includes/plugin.php(484): WP_Hook->do_action()
#7 /opt/bitnami/apps/wordpress/htdoc, em /opt/bitnami/apps/wordpress/htdocs/wp-content/plugins/woo-gerencianet-official/includes/class-wc-gerencianet-oficial-gateway.php, na linha 1914

2021-03-28T12:18:34+00:00 CRITICAL Uncaught Error: Call to a member function add() on null in /opt/bitnami/apps/wordpress/htdocs/wp-content/plugins/woo-gerencianet-official/includes/class-wc-gerencianet-oficial-gateway.php:1914
Stack trace:
#0 /opt/bitnami/apps/wordpress/htdocs/wp-includes/class-wp-hook.php(292): WC_Gerencianet_Oficial_Gateway->successful_request()
#1 /opt/bitnami/apps/wordpress/htdocs/wp-includes/class-wp-hook.php(316): WP_Hook->apply_filters()
#2 /opt/bitnami/apps/wordpress/htdocs/wp-includes/plugin.php(484): WP_Hook->do_action()
#3 /opt/bitnami/apps/wordpress/htdocs/wp-content/plugins/woo-gerencianet-official/includes/class-wc-gerencianet-oficial-gateway.php(1855): do_action()
#4 /opt/bitnami/apps/wordpress/htdocs/wp-includes/class-wp-hook.php(292): WC_Gerencianet_Oficial_Gateway->validate_notification()
#5 /opt/bitnami/apps/wordpress/htdocs/wp-includes/class-wp-hook.php(316): WP_Hook->apply_filters()
#6 /opt/bitnami/apps/wordpress/htdocs/wp-includes/plugin.php(484): WP_Hook->do_action()
#7 /opt/bitnami/apps/wordpress/htdoc, em /opt/bitnami/apps/wordpress/htdocs/wp-content/plugins/woo-gerencianet-official/includes/class-wc-gerencianet-oficial-gateway.php, na linha 1914

2021-03-28T13:54:44+00:00 CRITICAL Uncaught Error: Call to a member function add() on null in /opt/bitnami/apps/wordpress/htdocs/wp-content/plugins/woo-gerencianet-official/includes/class-wc-gerencianet-oficial-gateway.php:1914
Stack trace:
#0 /opt/bitnami/apps/wordpress/htdocs/wp-includes/class-wp-hook.php(292): WC_Gerencianet_Oficial_Gateway->successful_request()
#1 /opt/bitnami/apps/wordpress/htdocs/wp-includes/class-wp-hook.php(316): WP_Hook->apply_filters()
#2 /opt/bitnami/apps/wordpress/htdocs/wp-includes/plugin.php(484): WP_Hook->do_action()
#3 /opt/bitnami/apps/wordpress/htdocs/wp-content/plugins/woo-gerencianet-official/includes/class-wc-gerencianet-oficial-gateway.php(1855): do_action()
#4 /opt/bitnami/apps/wordpress/htdocs/wp-includes/class-wp-hook.php(292): WC_Gerencianet_Oficial_Gateway->validate_notification()
#5 /opt/bitnami/apps/wordpress/htdocs/wp-includes/class-wp-hook.php(316): WP_Hook->apply_filters()
#6 /opt/bitnami/apps/wordpress/htdocs/wp-includes/plugin.php(484): WP_Hook->do_action()
#7 /opt/bitnami/apps/wordpress/htdoc, em /opt/bitnami/apps/wordpress/htdocs/wp-content/plugins/woo-gerencianet-official/includes/class-wc-gerencianet-oficial-gateway.php, na linha 1914

2021-03-28T15:34:02+00:00 CRITICAL Uncaught Error: Call to a member function add() on null in /opt/bitnami/apps/wordpress/htdocs/wp-content/plugins/woo-gerencianet-official/includes/class-wc-gerencianet-oficial-gateway.php:1914
Stack trace:
#0 /opt/bitnami/apps/wordpress/htdocs/wp-includes/class-wp-hook.php(292): WC_Gerencianet_Oficial_Gateway->successful_request()
#1 /opt/bitnami/apps/wordpress/htdocs/wp-includes/class-wp-hook.php(316): WP_Hook->apply_filters()
#2 /opt/bitnami/apps/wordpress/htdocs/wp-includes/plugin.php(484): WP_Hook->do_action()
#3 /opt/bitnami/apps/wordpress/htdocs/wp-content/plugins/woo-gerencianet-official/includes/class-wc-gerencianet-oficial-gateway.php(1855): do_action()
#4 /opt/bitnami/apps/wordpress/htdocs/wp-includes/class-wp-hook.php(292): WC_Gerencianet_Oficial_Gateway->validate_notification()
#5 /opt/bitnami/apps/wordpress/htdocs/wp-includes/class-wp-hook.php(316): WP_Hook->apply_filters()
#6 /opt/bitnami/apps/wordpress/htdocs/wp-includes/plugin.php(484): WP_Hook->do_action()
#7 /opt/bitnami/apps/wordpress/htdoc, em /opt/bitnami/apps/wordpress/htdocs/wp-content/plugins/woo-gerencianet-official/includes/class-wc-gerencianet-oficial-gateway.php, na linha 1914

2021-03-28T17:16:13+00:00 CRITICAL Uncaught Error: Call to a member function add() on null in /opt/bitnami/apps/wordpress/htdocs/wp-content/plugins/woo-gerencianet-official/includes/class-wc-gerencianet-oficial-gateway.php:1914
Stack trace:
#0 /opt/bitnami/apps/wordpress/htdocs/wp-includes/class-wp-hook.php(292): WC_Gerencianet_Oficial_Gateway->successful_request()
#1 /opt/bitnami/apps/wordpress/htdocs/wp-includes/class-wp-hook.php(316): WP_Hook->apply_filters()
#2 /opt/bitnami/apps/wordpress/htdocs/wp-includes/plugin.php(484): WP_Hook->do_action()
#3 /opt/bitnami/apps/wordpress/htdocs/wp-content/plugins/woo-gerencianet-official/includes/class-wc-gerencianet-oficial-gateway.php(1855): do_action()
#4 /opt/bitnami/apps/wordpress/htdocs/wp-includes/class-wp-hook.php(292): WC_Gerencianet_Oficial_Gateway->validate_notification()
#5 /opt/bitnami/apps/wordpress/htdocs/wp-includes/class-wp-hook.php(316): WP_Hook->apply_filters()
#6 /opt/bitnami/apps/wordpress/htdocs/wp-includes/plugin.php(484): WP_Hook->do_action()
#7 /opt/bitnami/apps/wordpress/htdoc, em /opt/bitnami/apps/wordpress/htdocs/wp-content/plugins/woo-gerencianet-official/includes/class-wc-gerencianet-oficial-gateway.php, na linha 1914

2021-03-28T19:01:17+00:00 CRITICAL Uncaught Error: Call to a member function add() on null in /opt/bitnami/apps/wordpress/htdocs/wp-content/plugins/woo-gerencianet-official/includes/class-wc-gerencianet-oficial-gateway.php:1914
Stack trace:
#0 /opt/bitnami/apps/wordpress/htdocs/wp-includes/class-wp-hook.php(292): WC_Gerencianet_Oficial_Gateway->successful_request()
#1 /opt/bitnami/apps/wordpress/htdocs/wp-includes/class-wp-hook.php(316): WP_Hook->apply_filters()
#2 /opt/bitnami/apps/wordpress/htdocs/wp-includes/plugin.php(484): WP_Hook->do_action()
#3 /opt/bitnami/apps/wordpress/htdocs/wp-content/plugins/woo-gerencianet-official/includes/class-wc-gerencianet-oficial-gateway.php(1855): do_action()
#4 /opt/bitnami/apps/wordpress/htdocs/wp-includes/class-wp-hook.php(292): WC_Gerencianet_Oficial_Gateway->validate_notification()
#5 /opt/bitnami/apps/wordpress/htdocs/wp-includes/class-wp-hook.php(316): WP_Hook->apply_filters()
#6 /opt/bitnami/apps/wordpress/htdocs/wp-includes/plugin.php(484): WP_Hook->do_action()
#7 /opt/bitnami/apps/wordpress/htdoc, em /opt/bitnami/apps/wordpress/htdocs/wp-content/plugins/woo-gerencianet-official/includes/class-wc-gerencianet-oficial-gateway.php, na linha 1914

2021-03-28T20:49:19+00:00 CRITICAL Uncaught Error: Call to a member function add() on null in /opt/bitnami/apps/wordpress/htdocs/wp-content/plugins/woo-gerencianet-official/includes/class-wc-gerencianet-oficial-gateway.php:1914
Stack trace:
#0 /opt/bitnami/apps/wordpress/htdocs/wp-includes/class-wp-hook.php(292): WC_Gerencianet_Oficial_Gateway->successful_request()
#1 /opt/bitnami/apps/wordpress/htdocs/wp-includes/class-wp-hook.php(316): WP_Hook->apply_filters()
#2 /opt/bitnami/apps/wordpress/htdocs/wp-includes/plugin.php(484): WP_Hook->do_action()
#3 /opt/bitnami/apps/wordpress/htdocs/wp-content/plugins/woo-gerencianet-official/includes/class-wc-gerencianet-oficial-gateway.php(1855): do_action()
#4 /opt/bitnami/apps/wordpress/htdocs/wp-includes/class-wp-hook.php(292): WC_Gerencianet_Oficial_Gateway->validate_notification()
#5 /opt/bitnami/apps/wordpress/htdocs/wp-includes/class-wp-hook.php(316): WP_Hook->apply_filters()
#6 /opt/bitnami/apps/wordpress/htdocs/wp-includes/plugin.php(484): WP_Hook->do_action()
#7 /opt/bitnami/apps/wordpress/htdoc, em /opt/bitnami/apps/wordpress/htdocs/wp-content/plugins/woo-gerencianet-official/includes/class-wc-gerencianet-oficial-gateway.php, na linha 1914

2021-03-28T22:40:24+00:00 CRITICAL Uncaught Error: Call to a member function add() on null in /opt/bitnami/apps/wordpress/htdocs/wp-content/plugins/woo-gerencianet-official/includes/class-wc-gerencianet-oficial-gateway.php:1914
Stack trace:
#0 /opt/bitnami/apps/wordpress/htdocs/wp-includes/class-wp-hook.php(292): WC_Gerencianet_Oficial_Gateway->successful_request()
#1 /opt/bitnami/apps/wordpress/htdocs/wp-includes/class-wp-hook.php(316): WP_Hook->apply_filters()
#2 /opt/bitnami/apps/wordpress/htdocs/wp-includes/plugin.php(484): WP_Hook->do_action()
#3 /opt/bitnami/apps/wordpress/htdocs/wp-content/plugins/woo-gerencianet-official/includes/class-wc-gerencianet-oficial-gateway.php(1855): do_action()
#4 /opt/bitnami/apps/wordpress/htdocs/wp-includes/class-wp-hook.php(292): WC_Gerencianet_Oficial_Gateway->validate_notification()
#5 /opt/bitnami/apps/wordpress/htdocs/wp-includes/class-wp-hook.php(316): WP_Hook->apply_filters()
#6 /opt/bitnami/apps/wordpress/htdocs/wp-includes/plugin.php(484): WP_Hook->do_action()
#7 /opt/bitnami/apps/wordpress/htdoc, em /opt/bitnami/apps/wordpress/htdocs/wp-content/plugins/woo-gerencianet-official/includes/class-wc-gerencianet-oficial-gateway.php, na linha 1914

