04-12-2022 @ 21:12:43 - Calculo Online - Correios URL: http://ws.correios.com.br/calculador/CalcPrecoPrazo.aspx?nCdServico=03298&nCdEmpresa=22047719&sDsSenha=Imp3ri@l237&sCepDestino=11695010&sCepOrigem=96412830&nVlAltura=15,00&nVlLargura=40,00&nVlDiametro=0&nVlComprimento=40,00&nVlPeso=5,50&nCdFormato=1&sCdMaoPropria=N&nVlValorDeclarado=0,00&sCdAvisoRecebimento=N&StrRetorno=xml
04-12-2022 @ 21:12:43 - Debug Correios Resposta: SimpleXMLElement Object
(
    [cServico] => SimpleXMLElement Object
        (
            [Codigo] => 03298
            [Valor] => 51,39
            [PrazoEntrega] => 7
            [ValorSemAdicionais] => 51,39
            [ValorMaoPropria] => 0,00
            [ValorAvisoRecebimento] => 0,00
            [ValorValorDeclarado] => 0,00
            [EntregaDomiciliar] => S
            [EntregaSabado] => N
            [obsFim] => SimpleXMLElement Object
                (
                )

            [Erro] => 0
            [MsgErro] => SimpleXMLElement Object
                (
                )

        )

)

04-12-2022 @ 21:22:39 - Calculo Online - Correios URL: http://ws.correios.com.br/calculador/CalcPrecoPrazo.aspx?nCdServico=03298&nCdEmpresa=22047719&sDsSenha=Imp3ri@l237&sCepDestino=04550080&sCepOrigem=96412830&nVlAltura=30,00&nVlLargura=35,00&nVlDiametro=0&nVlComprimento=35,00&nVlPeso=3,50&nCdFormato=1&sCdMaoPropria=N&nVlValorDeclarado=0,00&sCdAvisoRecebimento=N&StrRetorno=xml
04-12-2022 @ 21:22:39 - Debug Correios Resposta: SimpleXMLElement Object
(
    [cServico] => SimpleXMLElement Object
        (
            [Codigo] => 03298
            [Valor] => 54,92
            [PrazoEntrega] => 7
            [ValorSemAdicionais] => 54,92
            [ValorMaoPropria] => 0,00
            [ValorAvisoRecebimento] => 0,00
            [ValorValorDeclarado] => 0,00
            [EntregaDomiciliar] => S
            [EntregaSabado] => N
            [obsFim] => SimpleXMLElement Object
                (
                )

            [Erro] => 0
            [MsgErro] => SimpleXMLElement Object
                (
                )

        )

)

04-12-2022 @ 21:22:45 - Calculo Online - Correios URL: http://ws.correios.com.br/calculador/CalcPrecoPrazo.aspx?nCdServico=03298&nCdEmpresa=22047719&sDsSenha=Imp3ri@l237&sCepDestino=04550080&sCepOrigem=96412830&nVlAltura=30,00&nVlLargura=35,00&nVlDiametro=0&nVlComprimento=35,00&nVlPeso=3,50&nCdFormato=1&sCdMaoPropria=N&nVlValorDeclarado=0,00&sCdAvisoRecebimento=N&StrRetorno=xml
04-12-2022 @ 21:22:45 - Debug Correios Resposta: SimpleXMLElement Object
(
    [cServico] => SimpleXMLElement Object
        (
            [Codigo] => 03298
            [Valor] => 54,92
            [PrazoEntrega] => 7
            [ValorSemAdicionais] => 54,92
            [ValorMaoPropria] => 0,00
            [ValorAvisoRecebimento] => 0,00
            [ValorValorDeclarado] => 0,00
            [EntregaDomiciliar] => S
            [EntregaSabado] => N
            [obsFim] => SimpleXMLElement Object
                (
                )

            [Erro] => 0
            [MsgErro] => SimpleXMLElement Object
                (
                )

        )

)

04-12-2022 @ 21:22:48 - Calculo Online - Correios URL: http://ws.correios.com.br/calculador/CalcPrecoPrazo.aspx?nCdServico=03298&nCdEmpresa=22047719&sDsSenha=Imp3ri@l237&sCepDestino=04550080&sCepOrigem=96412830&nVlAltura=30,00&nVlLargura=35,00&nVlDiametro=0&nVlComprimento=35,00&nVlPeso=3,50&nCdFormato=1&sCdMaoPropria=N&nVlValorDeclarado=0,00&sCdAvisoRecebimento=N&StrRetorno=xml
04-12-2022 @ 21:22:48 - Debug Correios Resposta: SimpleXMLElement Object
(
    [cServico] => SimpleXMLElement Object
        (
            [Codigo] => 03298
            [Valor] => 54,92
            [PrazoEntrega] => 7
            [ValorSemAdicionais] => 54,92
            [ValorMaoPropria] => 0,00
            [ValorAvisoRecebimento] => 0,00
            [ValorValorDeclarado] => 0,00
            [EntregaDomiciliar] => S
            [EntregaSabado] => N
            [obsFim] => SimpleXMLElement Object
                (
                )

            [Erro] => 0
            [MsgErro] => SimpleXMLElement Object
                (
                )

        )

)

04-12-2022 @ 21:33:26 - Calculo Online - Correios URL: http://ws.correios.com.br/calculador/CalcPrecoPrazo.aspx?nCdServico=03298&nCdEmpresa=22047719&sDsSenha=Imp3ri@l237&sCepDestino=82015640&sCepOrigem=96412830&nVlAltura=8,00&nVlLargura=30,00&nVlDiametro=0&nVlComprimento=30,00&nVlPeso=2,00&nCdFormato=1&sCdMaoPropria=N&nVlValorDeclarado=0,00&sCdAvisoRecebimento=N&StrRetorno=xml
04-12-2022 @ 21:33:26 - Debug Correios Resposta: SimpleXMLElement Object
(
    [cServico] => SimpleXMLElement Object
        (
            [Codigo] => 03298
            [Valor] => 28,66
            [PrazoEntrega] => 7
            [ValorSemAdicionais] => 28,66
            [ValorMaoPropria] => 0,00
            [ValorAvisoRecebimento] => 0,00
            [ValorValorDeclarado] => 0,00
            [EntregaDomiciliar] => S
            [EntregaSabado] => N
            [obsFim] => SimpleXMLElement Object
                (
                )

            [Erro] => 0
            [MsgErro] => SimpleXMLElement Object
                (
                )

        )

)

04-12-2022 @ 21:56:54 - Calculo Online - Correios URL: http://ws.correios.com.br/calculador/CalcPrecoPrazo.aspx?nCdServico=03298&nCdEmpresa=22047719&sDsSenha=Imp3ri@l237&sCepDestino=99025150&sCepOrigem=96412830&nVlAltura=20,00&nVlLargura=25,00&nVlDiametro=0&nVlComprimento=30,00&nVlPeso=1,00&nCdFormato=1&sCdMaoPropria=N&nVlValorDeclarado=0,00&sCdAvisoRecebimento=N&StrRetorno=xml
04-12-2022 @ 21:56:54 - Debug Correios Resposta: SimpleXMLElement Object
(
    [cServico] => SimpleXMLElement Object
        (
            [Codigo] => 03298
            [Valor] => 18,05
            [PrazoEntrega] => 6
            [ValorSemAdicionais] => 18,05
            [ValorMaoPropria] => 0,00
            [ValorAvisoRecebimento] => 0,00
            [ValorValorDeclarado] => 0,00
            [EntregaDomiciliar] => S
            [EntregaSabado] => N
            [obsFim] => SimpleXMLElement Object
                (
                )

            [Erro] => 0
            [MsgErro] => SimpleXMLElement Object
                (
                )

        )

)

04-12-2022 @ 22:02:10 - Calculo Online - Correios URL: http://ws.correios.com.br/calculador/CalcPrecoPrazo.aspx?nCdServico=03298&nCdEmpresa=22047719&sDsSenha=Imp3ri@l237&sCepDestino=85960000&sCepOrigem=96412830&nVlAltura=20,00&nVlLargura=65,00&nVlDiametro=0&nVlComprimento=70,00&nVlPeso=20,00&nCdFormato=1&sCdMaoPropria=N&nVlValorDeclarado=0,00&sCdAvisoRecebimento=N&StrRetorno=xml
04-12-2022 @ 22:02:10 - Debug Correios Resposta: SimpleXMLElement Object
(
    [cServico] => SimpleXMLElement Object
        (
            [Codigo] => 03298
            [Valor] => 166,10
            [PrazoEntrega] => 8
            [ValorSemAdicionais] => 166,10
            [ValorMaoPropria] => 0,00
            [ValorAvisoRecebimento] => 0,00
            [ValorValorDeclarado] => 0,00
            [EntregaDomiciliar] => S
            [EntregaSabado] => N
            [obsFim] => SimpleXMLElement Object
                (
                )

            [Erro] => 0
            [MsgErro] => SimpleXMLElement Object
                (
                )

        )

)

04-12-2022 @ 22:35:57 - Calculo Online - Correios URL: http://ws.correios.com.br/calculador/CalcPrecoPrazo.aspx?nCdServico=03298&nCdEmpresa=22047719&sDsSenha=Imp3ri@l237&sCepDestino=88161732&sCepOrigem=96412830&nVlAltura=12,00&nVlLargura=40,00&nVlDiametro=0&nVlComprimento=50,00&nVlPeso=5,00&nCdFormato=1&sCdMaoPropria=N&nVlValorDeclarado=0,00&sCdAvisoRecebimento=N&StrRetorno=xml
04-12-2022 @ 22:35:57 - Debug Correios Resposta: SimpleXMLElement Object
(
    [cServico] => SimpleXMLElement Object
        (
            [Codigo] => 03298
            [Valor] => 44,35
            [PrazoEntrega] => 7
            [ValorSemAdicionais] => 44,35
            [ValorMaoPropria] => 0,00
            [ValorAvisoRecebimento] => 0,00
            [ValorValorDeclarado] => 0,00
            [EntregaDomiciliar] => S
            [EntregaSabado] => N
            [obsFim] => SimpleXMLElement Object
                (
                )

            [Erro] => 0
            [MsgErro] => SimpleXMLElement Object
                (
                )

        )

)

04-12-2022 @ 22:55:41 - Calculo Online - Correios URL: http://ws.correios.com.br/calculador/CalcPrecoPrazo.aspx?nCdServico=03298&nCdEmpresa=22047719&sDsSenha=Imp3ri@l237&sCepDestino=96856000&sCepOrigem=96412830&nVlAltura=10,00&nVlLargura=23,00&nVlDiametro=0&nVlComprimento=30,00&nVlPeso=0,40&nCdFormato=1&sCdMaoPropria=N&nVlValorDeclarado=0,00&sCdAvisoRecebimento=N&StrRetorno=xml
04-12-2022 @ 22:55:41 - Debug Correios Resposta: SimpleXMLElement Object
(
    [cServico] => SimpleXMLElement Object
        (
            [Codigo] => 03298
            [Valor] => 16,84
            [PrazoEntrega] => 6
            [ValorSemAdicionais] => 16,84
            [ValorMaoPropria] => 0,00
            [ValorAvisoRecebimento] => 0,00
            [ValorValorDeclarado] => 0,00
            [EntregaDomiciliar] => S
            [EntregaSabado] => N
            [obsFim] => SimpleXMLElement Object
                (
                )

            [Erro] => 0
            [MsgErro] => SimpleXMLElement Object
                (
                )

        )

)

04-12-2022 @ 22:55:44 - Calculo Online - Correios URL: http://ws.correios.com.br/calculador/CalcPrecoPrazo.aspx?nCdServico=03298&nCdEmpresa=22047719&sDsSenha=Imp3ri@l237&sCepDestino=96856000&sCepOrigem=96412830&nVlAltura=10,00&nVlLargura=23,00&nVlDiametro=0&nVlComprimento=30,00&nVlPeso=0,40&nCdFormato=1&sCdMaoPropria=N&nVlValorDeclarado=0,00&sCdAvisoRecebimento=N&StrRetorno=xml
04-12-2022 @ 22:55:44 - Debug Correios Resposta: SimpleXMLElement Object
(
    [cServico] => SimpleXMLElement Object
        (
            [Codigo] => 03298
            [Valor] => 16,84
            [PrazoEntrega] => 6
            [ValorSemAdicionais] => 16,84
            [ValorMaoPropria] => 0,00
            [ValorAvisoRecebimento] => 0,00
            [ValorValorDeclarado] => 0,00
            [EntregaDomiciliar] => S
            [EntregaSabado] => N
            [obsFim] => SimpleXMLElement Object
                (
                )

            [Erro] => 0
            [MsgErro] => SimpleXMLElement Object
                (
                )

        )

)

04-12-2022 @ 22:55:47 - Calculo Online - Correios URL: http://ws.correios.com.br/calculador/CalcPrecoPrazo.aspx?nCdServico=03298&nCdEmpresa=22047719&sDsSenha=Imp3ri@l237&sCepDestino=96856000&sCepOrigem=96412830&nVlAltura=10,00&nVlLargura=23,00&nVlDiametro=0&nVlComprimento=30,00&nVlPeso=0,40&nCdFormato=1&sCdMaoPropria=N&nVlValorDeclarado=0,00&sCdAvisoRecebimento=N&StrRetorno=xml
04-12-2022 @ 22:55:47 - Debug Correios Resposta: SimpleXMLElement Object
(
    [cServico] => SimpleXMLElement Object
        (
            [Codigo] => 03298
            [Valor] => 16,84
            [PrazoEntrega] => 6
            [ValorSemAdicionais] => 16,84
            [ValorMaoPropria] => 0,00
            [ValorAvisoRecebimento] => 0,00
            [ValorValorDeclarado] => 0,00
            [EntregaDomiciliar] => S
            [EntregaSabado] => N
            [obsFim] => SimpleXMLElement Object
                (
                )

            [Erro] => 0
            [MsgErro] => SimpleXMLElement Object
                (
                )

        )

)

04-13-2022 @ 01:04:07 - Calculo Online - Correios URL: http://ws.correios.com.br/calculador/CalcPrecoPrazo.aspx?nCdServico=03298&nCdEmpresa=22047719&sDsSenha=Imp3ri@l237&sCepDestino=06775340&sCepOrigem=96412830&nVlAltura=10,00&nVlLargura=40,00&nVlDiametro=0&nVlComprimento=40,00&nVlPeso=3,50&nCdFormato=1&sCdMaoPropria=N&nVlValorDeclarado=0,00&sCdAvisoRecebimento=N&StrRetorno=xml
04-13-2022 @ 01:04:07 - Debug Correios Resposta: SimpleXMLElement Object
(
    [cServico] => SimpleXMLElement Object
        (
            [Codigo] => 03298
            [Valor] => 42,36
            [PrazoEntrega] => 7
            [ValorSemAdicionais] => 42,36
            [ValorMaoPropria] => 0,00
            [ValorAvisoRecebimento] => 0,00
            [ValorValorDeclarado] => 0,00
            [EntregaDomiciliar] => S
            [EntregaSabado] => N
            [obsFim] => SimpleXMLElement Object
                (
                )

            [Erro] => 0
            [MsgErro] => SimpleXMLElement Object
                (
                )

        )

)

04-13-2022 @ 09:59:59 - Calculo Online - Correios URL: http://ws.correios.com.br/calculador/CalcPrecoPrazo.aspx?nCdServico=03298&nCdEmpresa=22047719&sDsSenha=Imp3ri@l237&sCepDestino=02017030&sCepOrigem=96412830&nVlAltura=59,80&nVlLargura=59,80&nVlDiametro=0&nVlComprimento=50,00&nVlPeso=29,80&nCdFormato=1&sCdMaoPropria=N&nVlValorDeclarado=0,00&sCdAvisoRecebimento=N&StrRetorno=xml
04-13-2022 @ 09:59:59 - Debug Correios Resposta: SimpleXMLElement Object
(
    [cServico] => SimpleXMLElement Object
        (
            [Codigo] => 03298
            [Valor] => 258,00
            [PrazoEntrega] => 7
            [ValorSemAdicionais] => 258,00
            [ValorMaoPropria] => 0,00
            [ValorAvisoRecebimento] => 0,00
            [ValorValorDeclarado] => 0,00
            [EntregaDomiciliar] => S
            [EntregaSabado] => N
            [obsFim] => SimpleXMLElement Object
                (
                )

            [Erro] => 0
            [MsgErro] => SimpleXMLElement Object
                (
                )

        )

)

04-13-2022 @ 10:00:08 - Calculo Online - Correios URL: http://ws.correios.com.br/calculador/CalcPrecoPrazo.aspx?nCdServico=03298&nCdEmpresa=22047719&sDsSenha=Imp3ri@l237&sCepDestino=02017030&sCepOrigem=96412830&nVlAltura=45,00&nVlLargura=45,00&nVlDiametro=0&nVlComprimento=45,00&nVlPeso=3,50&nCdFormato=1&sCdMaoPropria=N&nVlValorDeclarado=0,00&sCdAvisoRecebimento=N&StrRetorno=xml
04-13-2022 @ 10:00:08 - Debug Correios Resposta: SimpleXMLElement Object
(
    [cServico] => SimpleXMLElement Object
        (
            [Codigo] => 03298
            [Valor] => 129,34
            [PrazoEntrega] => 7
            [ValorSemAdicionais] => 129,34
            [ValorMaoPropria] => 0,00
            [ValorAvisoRecebimento] => 0,00
            [ValorValorDeclarado] => 0,00
            [EntregaDomiciliar] => S
            [EntregaSabado] => N
            [obsFim] => SimpleXMLElement Object
                (
                )

            [Erro] => 0
            [MsgErro] => SimpleXMLElement Object
                (
                )

        )

)

04-13-2022 @ 10:03:36 - Calculo Online - Correios URL: http://ws.correios.com.br/calculador/CalcPrecoPrazo.aspx?nCdServico=03298&nCdEmpresa=22047719&sDsSenha=Imp3ri@l237&sCepDestino=90020130&sCepOrigem=96412830&nVlAltura=45,00&nVlLargura=45,00&nVlDiametro=0&nVlComprimento=45,00&nVlPeso=3,50&nCdFormato=1&sCdMaoPropria=N&nVlValorDeclarado=0,00&sCdAvisoRecebimento=N&StrRetorno=xml
04-13-2022 @ 10:03:36 - Debug Correios Resposta: SimpleXMLElement Object
(
    [cServico] => SimpleXMLElement Object
        (
            [Codigo] => 03298
            [Valor] => 55,58
            [PrazoEntrega] => 5
            [ValorSemAdicionais] => 55,58
            [ValorMaoPropria] => 0,00
            [ValorAvisoRecebimento] => 0,00
            [ValorValorDeclarado] => 0,00
            [EntregaDomiciliar] => S
            [EntregaSabado] => N
            [obsFim] => SimpleXMLElement Object
                (
                )

            [Erro] => 0
            [MsgErro] => SimpleXMLElement Object
                (
                )

        )

)

04-13-2022 @ 10:15:16 - Calculo Online - Correios URL: http://ws.correios.com.br/calculador/CalcPrecoPrazo.aspx?nCdServico=03298&nCdEmpresa=22047719&sDsSenha=Imp3ri@l237&sCepDestino=22260090&sCepOrigem=96412830&nVlAltura=20,00&nVlLargura=40,00&nVlDiametro=0&nVlComprimento=68,00&nVlPeso=9,07&nCdFormato=1&sCdMaoPropria=N&nVlValorDeclarado=0,00&sCdAvisoRecebimento=N&StrRetorno=xml
04-13-2022 @ 10:15:16 - Debug Correios Resposta: SimpleXMLElement Object
(
    [cServico] => SimpleXMLElement Object
        (
            [Codigo] => 03298
            [Valor] => 83,32
            [PrazoEntrega] => 7
            [ValorSemAdicionais] => 83,32
            [ValorMaoPropria] => 0,00
            [ValorAvisoRecebimento] => 0,00
            [ValorValorDeclarado] => 0,00
            [EntregaDomiciliar] => S
            [EntregaSabado] => N
            [obsFim] => SimpleXMLElement Object
                (
                )

            [Erro] => 0
            [MsgErro] => SimpleXMLElement Object
                (
                )

        )

)

04-13-2022 @ 10:23:02 - Calculo Online - Correios URL: http://ws.correios.com.br/calculador/CalcPrecoPrazo.aspx?nCdServico=03298&nCdEmpresa=22047719&sDsSenha=Imp3ri@l237&sCepDestino=91920794&sCepOrigem=96412830&nVlAltura=12,00&nVlLargura=50,00&nVlDiametro=0&nVlComprimento=60,00&nVlPeso=8,00&nCdFormato=1&sCdMaoPropria=N&nVlValorDeclarado=0,00&sCdAvisoRecebimento=N&StrRetorno=xml
04-13-2022 @ 10:23:02 - Debug Correios Resposta: SimpleXMLElement Object
(
    [cServico] => SimpleXMLElement Object
        (
            [Codigo] => 03298
            [Valor] => 30,37
            [PrazoEntrega] => 5
            [ValorSemAdicionais] => 30,37
            [ValorMaoPropria] => 0,00
            [ValorAvisoRecebimento] => 0,00
            [ValorValorDeclarado] => 0,00
            [EntregaDomiciliar] => S
            [EntregaSabado] => N
            [obsFim] => SimpleXMLElement Object
                (
                )

            [Erro] => 0
            [MsgErro] => SimpleXMLElement Object
                (
                )

        )

)

04-13-2022 @ 15:53:34 - Calculo Online - Correios URL: http://ws.correios.com.br/calculador/CalcPrecoPrazo.aspx?nCdServico=03298&nCdEmpresa=22047719&sDsSenha=Imp3ri@l237&sCepDestino=15105000&sCepOrigem=96412830&nVlAltura=7,00&nVlLargura=45,00&nVlDiametro=0&nVlComprimento=45,00&nVlPeso=1,00&nCdFormato=1&sCdMaoPropria=N&nVlValorDeclarado=0,00&sCdAvisoRecebimento=N&StrRetorno=xml
04-13-2022 @ 15:53:34 - Debug Correios Resposta: SimpleXMLElement Object
(
    [cServico] => SimpleXMLElement Object
        (
            [Codigo] => 03298
            [Valor] => 24,15
            [PrazoEntrega] => 10
            [ValorSemAdicionais] => 24,15
            [ValorMaoPropria] => 0,00
            [ValorAvisoRecebimento] => 0,00
            [ValorValorDeclarado] => 0,00
            [EntregaDomiciliar] => S
            [EntregaSabado] => N
            [obsFim] => SimpleXMLElement Object
                (
                )

            [Erro] => 0
            [MsgErro] => SimpleXMLElement Object
                (
                )

        )

)

04-13-2022 @ 16:17:52 - Calculo Online - Correios URL: http://ws.correios.com.br/calculador/CalcPrecoPrazo.aspx?nCdServico=03298&nCdEmpresa=22047719&sDsSenha=Imp3ri@l237&sCepDestino=04550080&sCepOrigem=96412830&nVlAltura=35,00&nVlLargura=35,00&nVlDiametro=0&nVlComprimento=45,00&nVlPeso=3,50&nCdFormato=1&sCdMaoPropria=N&nVlValorDeclarado=0,00&sCdAvisoRecebimento=N&StrRetorno=xml
04-13-2022 @ 16:17:52 - Debug Correios Resposta: SimpleXMLElement Object
(
    [cServico] => SimpleXMLElement Object
        (
            [Codigo] => 03298
            [Valor] => 74,20
            [PrazoEntrega] => 7
            [ValorSemAdicionais] => 74,20
            [ValorMaoPropria] => 0,00
            [ValorAvisoRecebimento] => 0,00
            [ValorValorDeclarado] => 0,00
            [EntregaDomiciliar] => S
            [EntregaSabado] => N
            [obsFim] => SimpleXMLElement Object
                (
                )

            [Erro] => 0
            [MsgErro] => SimpleXMLElement Object
                (
                )

        )

)

04-13-2022 @ 16:51:10 - Calculo Online - Correios URL: http://ws.correios.com.br/calculador/CalcPrecoPrazo.aspx?nCdServico=03298&nCdEmpresa=22047719&sDsSenha=Imp3ri@l237&sCepDestino=97560000&sCepOrigem=96412830&nVlAltura=10,00&nVlLargura=35,00&nVlDiametro=0&nVlComprimento=35,00&nVlPeso=3,00&nCdFormato=1&sCdMaoPropria=N&nVlValorDeclarado=0,00&sCdAvisoRecebimento=N&StrRetorno=xml
04-13-2022 @ 16:51:10 - Debug Correios Resposta: SimpleXMLElement Object
(
    [cServico] => SimpleXMLElement Object
        (
            [Codigo] => 03298
            [Valor] => 22,72
            [PrazoEntrega] => 6
            [ValorSemAdicionais] => 22,72
            [ValorMaoPropria] => 0,00
            [ValorAvisoRecebimento] => 0,00
            [ValorValorDeclarado] => 0,00
            [EntregaDomiciliar] => S
            [EntregaSabado] => N
            [obsFim] => SimpleXMLElement Object
                (
                )

            [Erro] => 0
            [MsgErro] => SimpleXMLElement Object
                (
                )

        )

)

04-13-2022 @ 19:03:16 - Calculo Online - Correios URL: http://ws.correios.com.br/calculador/CalcPrecoPrazo.aspx?nCdServico=03298&nCdEmpresa=22047719&sDsSenha=Imp3ri@l237&sCepDestino=95880000&sCepOrigem=96412830&nVlAltura=10,00&nVlLargura=35,00&nVlDiametro=0&nVlComprimento=45,00&nVlPeso=5,00&nCdFormato=1&sCdMaoPropria=N&nVlValorDeclarado=0,00&sCdAvisoRecebimento=N&StrRetorno=xml
04-13-2022 @ 19:03:16 - Debug Correios Resposta: SimpleXMLElement Object
(
    [cServico] => SimpleXMLElement Object
        (
            [Codigo] => 03298
            [Valor] => 25,93
            [PrazoEntrega] => 5
            [ValorSemAdicionais] => 25,93
            [ValorMaoPropria] => 0,00
            [ValorAvisoRecebimento] => 0,00
            [ValorValorDeclarado] => 0,00
            [EntregaDomiciliar] => S
            [EntregaSabado] => N
            [obsFim] => SimpleXMLElement Object
                (
                )

            [Erro] => 0
            [MsgErro] => SimpleXMLElement Object
                (
                )

        )

)

04-13-2022 @ 19:04:28 - Calculo Online - Correios URL: http://ws.correios.com.br/calculador/CalcPrecoPrazo.aspx?nCdServico=03298&nCdEmpresa=22047719&sDsSenha=Imp3ri@l237&sCepDestino=77823065&sCepOrigem=96412830&nVlAltura=10,00&nVlLargura=35,00&nVlDiametro=0&nVlComprimento=45,00&nVlPeso=5,00&nCdFormato=1&sCdMaoPropria=N&nVlValorDeclarado=0,00&sCdAvisoRecebimento=N&StrRetorno=xml
04-13-2022 @ 19:04:28 - Debug Correios Resposta: SimpleXMLElement Object
(
    [cServico] => SimpleXMLElement Object
        (
            [Codigo] => 03298
            [Valor] => 90,90
            [PrazoEntrega] => 8
            [ValorSemAdicionais] => 90,90
            [ValorMaoPropria] => 0,00
            [ValorAvisoRecebimento] => 0,00
            [ValorValorDeclarado] => 0,00
            [EntregaDomiciliar] => S
            [EntregaSabado] => N
            [obsFim] => SimpleXMLElement Object
                (
                )

            [Erro] => 0
            [MsgErro] => SimpleXMLElement Object
                (
                )

        )

)

04-13-2022 @ 19:30:44 - Calculo Online - Correios URL: http://ws.correios.com.br/calculador/CalcPrecoPrazo.aspx?nCdServico=03298&nCdEmpresa=22047719&sDsSenha=Imp3ri@l237&sCepDestino=96450000&sCepOrigem=96412830&nVlAltura=10,00&nVlLargura=23,00&nVlDiametro=0&nVlComprimento=30,00&nVlPeso=0,40&nCdFormato=1&sCdMaoPropria=N&nVlValorDeclarado=0,00&sCdAvisoRecebimento=N&StrRetorno=xml
04-13-2022 @ 19:30:44 - Debug Correios Resposta: SimpleXMLElement Object
(
    [cServico] => SimpleXMLElement Object
        (
            [Codigo] => 03298
            [Valor] => 16,84
            [PrazoEntrega] => 6
            [ValorSemAdicionais] => 16,84
            [ValorMaoPropria] => 0,00
            [ValorAvisoRecebimento] => 0,00
            [ValorValorDeclarado] => 0,00
            [EntregaDomiciliar] => S
            [EntregaSabado] => N
            [obsFim] => SimpleXMLElement Object
                (
                )

            [Erro] => 0
            [MsgErro] => SimpleXMLElement Object
                (
                )

        )

)

04-13-2022 @ 19:36:45 - Calculo Online - Correios URL: http://ws.correios.com.br/calculador/CalcPrecoPrazo.aspx?nCdServico=03298&nCdEmpresa=22047719&sDsSenha=Imp3ri@l237&sCepDestino=13212321&sCepOrigem=96412830&nVlAltura=45,00&nVlLargura=47,00&nVlDiametro=0&nVlComprimento=47,00&nVlPeso=4,50&nCdFormato=1&sCdMaoPropria=N&nVlValorDeclarado=0,00&sCdAvisoRecebimento=N&StrRetorno=xml
04-13-2022 @ 19:36:45 - Debug Correios Resposta: SimpleXMLElement Object
(
    [cServico] => SimpleXMLElement Object
        (
            [Codigo] => 03298
            [Valor] => 138,53
            [PrazoEntrega] => 6
            [ValorSemAdicionais] => 138,53
            [ValorMaoPropria] => 0,00
            [ValorAvisoRecebimento] => 0,00
            [ValorValorDeclarado] => 0,00
            [EntregaDomiciliar] => S
            [EntregaSabado] => N
            [obsFim] => SimpleXMLElement Object
                (
                )

            [Erro] => 0
            [MsgErro] => SimpleXMLElement Object
                (
                )

        )

)

04-13-2022 @ 19:46:13 - Calculo Online - Correios URL: http://ws.correios.com.br/calculador/CalcPrecoPrazo.aspx?nCdServico=03298&nCdEmpresa=22047719&sDsSenha=Imp3ri@l237&sCepDestino=13212321&sCepOrigem=96412830&nVlAltura=45,00&nVlLargura=48,70&nVlDiametro=0&nVlComprimento=48,70&nVlPeso=17,79&nCdFormato=1&sCdMaoPropria=N&nVlValorDeclarado=0,00&sCdAvisoRecebimento=N&StrRetorno=xml
04-13-2022 @ 19:46:13 - Debug Correios Resposta: SimpleXMLElement Object
(
    [cServico] => SimpleXMLElement Object
        (
            [Codigo] => 03298
            [Valor] => 147,72
            [PrazoEntrega] => 6
            [ValorSemAdicionais] => 147,72
            [ValorMaoPropria] => 0,00
            [ValorAvisoRecebimento] => 0,00
            [ValorValorDeclarado] => 0,00
            [EntregaDomiciliar] => S
            [EntregaSabado] => N
            [obsFim] => SimpleXMLElement Object
                (
                )

            [Erro] => 0
            [MsgErro] => SimpleXMLElement Object
                (
                )

        )

)

04-13-2022 @ 19:56:06 - Calculo Online - Correios URL: http://ws.correios.com.br/calculador/CalcPrecoPrazo.aspx?nCdServico=03298&nCdEmpresa=22047719&sDsSenha=Imp3ri@l237&sCepDestino=13212321&sCepOrigem=96412830&nVlAltura=45,00&nVlLargura=46,80&nVlDiametro=0&nVlComprimento=46,80&nVlPeso=4,50&nCdFormato=1&sCdMaoPropria=N&nVlValorDeclarado=0,00&sCdAvisoRecebimento=N&StrRetorno=xml
04-13-2022 @ 19:56:06 - Debug Correios Resposta: SimpleXMLElement Object
(
    [cServico] => SimpleXMLElement Object
        (
            [Codigo] => 03298
            [Valor] => 138,53
            [PrazoEntrega] => 6
            [ValorSemAdicionais] => 138,53
            [ValorMaoPropria] => 0,00
            [ValorAvisoRecebimento] => 0,00
            [ValorValorDeclarado] => 0,00
            [EntregaDomiciliar] => S
            [EntregaSabado] => N
            [obsFim] => SimpleXMLElement Object
                (
                )

            [Erro] => 0
            [MsgErro] => SimpleXMLElement Object
                (
                )

        )

)

04-13-2022 @ 20:00:31 - Calculo Online - Correios URL: http://ws.correios.com.br/calculador/CalcPrecoPrazo.aspx?nCdServico=03298&nCdEmpresa=22047719&sDsSenha=Imp3ri@l237&sCepDestino=13212321&sCepOrigem=96412830&nVlAltura=45,00&nVlLargura=48,70&nVlDiametro=0&nVlComprimento=48,70&nVlPeso=17,79&nCdFormato=1&sCdMaoPropria=N&nVlValorDeclarado=0,00&sCdAvisoRecebimento=N&StrRetorno=xml
04-13-2022 @ 20:00:31 - Debug Correios Resposta: SimpleXMLElement Object
(
    [cServico] => SimpleXMLElement Object
        (
            [Codigo] => 03298
            [Valor] => 147,72
            [PrazoEntrega] => 6
            [ValorSemAdicionais] => 147,72
            [ValorMaoPropria] => 0,00
            [ValorAvisoRecebimento] => 0,00
            [ValorValorDeclarado] => 0,00
            [EntregaDomiciliar] => S
            [EntregaSabado] => N
            [obsFim] => SimpleXMLElement Object
                (
                )

            [Erro] => 0
            [MsgErro] => SimpleXMLElement Object
                (
                )

        )

)

04-13-2022 @ 20:14:00 - Calculo Online - Correios URL: http://ws.correios.com.br/calculador/CalcPrecoPrazo.aspx?nCdServico=03298&nCdEmpresa=22047719&sDsSenha=Imp3ri@l237&sCepDestino=13212321&sCepOrigem=96412830&nVlAltura=45,00&nVlLargura=50,20&nVlDiametro=0&nVlComprimento=50,20&nVlPeso=18,90&nCdFormato=1&sCdMaoPropria=N&nVlValorDeclarado=0,00&sCdAvisoRecebimento=N&StrRetorno=xml
04-13-2022 @ 20:14:00 - Debug Correios Resposta: SimpleXMLElement Object
(
    [cServico] => SimpleXMLElement Object
        (
            [Codigo] => 03298
            [Valor] => 156,91
            [PrazoEntrega] => 6
            [ValorSemAdicionais] => 156,91
            [ValorMaoPropria] => 0,00
            [ValorAvisoRecebimento] => 0,00
            [ValorValorDeclarado] => 0,00
            [EntregaDomiciliar] => S
            [EntregaSabado] => N
            [obsFim] => SimpleXMLElement Object
                (
                )

            [Erro] => 0
            [MsgErro] => SimpleXMLElement Object
                (
                )

        )

)

04-13-2022 @ 20:14:40 - Calculo Online - Correios URL: http://ws.correios.com.br/calculador/CalcPrecoPrazo.aspx?nCdServico=03298&nCdEmpresa=22047719&sDsSenha=Imp3ri@l237&sCepDestino=13212321&sCepOrigem=96412830&nVlAltura=45,00&nVlLargura=48,40&nVlDiametro=0&nVlComprimento=48,40&nVlPeso=4,90&nCdFormato=1&sCdMaoPropria=N&nVlValorDeclarado=0,00&sCdAvisoRecebimento=N&StrRetorno=xml
04-13-2022 @ 20:14:40 - Debug Correios Resposta: SimpleXMLElement Object
(
    [cServico] => SimpleXMLElement Object
        (
            [Codigo] => 03298
            [Valor] => 147,72
            [PrazoEntrega] => 6
            [ValorSemAdicionais] => 147,72
            [ValorMaoPropria] => 0,00
            [ValorAvisoRecebimento] => 0,00
            [ValorValorDeclarado] => 0,00
            [EntregaDomiciliar] => S
            [EntregaSabado] => N
            [obsFim] => SimpleXMLElement Object
                (
                )

            [Erro] => 0
            [MsgErro] => SimpleXMLElement Object
                (
                )

        )

)

04-13-2022 @ 20:15:50 - Calculo Online - Correios URL: http://ws.correios.com.br/calculador/CalcPrecoPrazo.aspx?nCdServico=03298&nCdEmpresa=22047719&sDsSenha=Imp3ri@l237&sCepDestino=13212321&sCepOrigem=96412830&nVlAltura=45,00&nVlLargura=46,80&nVlDiametro=0&nVlComprimento=46,80&nVlPeso=4,50&nCdFormato=1&sCdMaoPropria=N&nVlValorDeclarado=0,00&sCdAvisoRecebimento=N&StrRetorno=xml
04-13-2022 @ 20:15:50 - Debug Correios Resposta: SimpleXMLElement Object
(
    [cServico] => SimpleXMLElement Object
        (
            [Codigo] => 03298
            [Valor] => 138,53
            [PrazoEntrega] => 6
            [ValorSemAdicionais] => 138,53
            [ValorMaoPropria] => 0,00
            [ValorAvisoRecebimento] => 0,00
            [ValorValorDeclarado] => 0,00
            [EntregaDomiciliar] => S
            [EntregaSabado] => N
            [obsFim] => SimpleXMLElement Object
                (
                )

            [Erro] => 0
            [MsgErro] => SimpleXMLElement Object
                (
                )

        )

)

04-13-2022 @ 20:17:41 - Calculo Online - Correios URL: http://ws.correios.com.br/calculador/CalcPrecoPrazo.aspx?nCdServico=03298&nCdEmpresa=22047719&sDsSenha=Imp3ri@l237&sCepDestino=91170650&sCepOrigem=96412830&nVlAltura=10,00&nVlLargura=40,00&nVlDiametro=0&nVlComprimento=40,00&nVlPeso=5,00&nCdFormato=1&sCdMaoPropria=N&nVlValorDeclarado=0,00&sCdAvisoRecebimento=N&StrRetorno=xml
04-13-2022 @ 20:17:41 - Debug Correios Resposta: SimpleXMLElement Object
(
    [cServico] => SimpleXMLElement Object
        (
            [Codigo] => 03298
            [Valor] => 25,93
            [PrazoEntrega] => 5
            [ValorSemAdicionais] => 25,93
            [ValorMaoPropria] => 0,00
            [ValorAvisoRecebimento] => 0,00
            [ValorValorDeclarado] => 0,00
            [EntregaDomiciliar] => S
            [EntregaSabado] => N
            [obsFim] => SimpleXMLElement Object
                (
                )

            [Erro] => 0
            [MsgErro] => SimpleXMLElement Object
                (
                )

        )

)

