07-12-2021 @ 12:28:49 - Debug Cielo HTTP: 201
07-12-2021 @ 12:28:49 - Debug Cielo Enviados: Array
(
    [MerchantOrderId] => 11247
    [Customer] => Array
        (
            [Name] => Tais Comachio
            [Email] => taiscomachio@hotmail.com
        )

    [Payment] => Array
        (
            [Type] => CreditCard
            [Amount] => 56900
            [Currency] => BRL
            [Country] => BRA
            [Provider] => Cielo
            [ServiceTaxAmount] => 0
            [Installments] => 3
            [Interest] => ByMerchant
            [Capture] => true
            [Authenticate] => false
            [Recurrent] => false
            [SoftDescriptor] => IMPERIALTPTS
            [CreditCard] => Array
                (
                    [CardNumber] => 476333****7119
                    [Holder] => neusa comachio
                    [ExpirationDate] => 04/2022
                    [SecurityCode] => 952
                    [SaveCard] => false
                    [Brand] => Visa
                )

        )

)

07-12-2021 @ 12:28:49 - Debug Cielo Recebido: RestClientCielo Object
(
    [options] => Array
        (
            [headers] => Array
                (
                    [Content-Type] => application/json
                    [Accept] => application/json
                    [MerchantId] => e3fd1919-faaa-4b5b-be5a-a1d95c4a9186
                    [MerchantKey] => YUbRrLs8R8QgDm4UrkICqDTYO46GhKRbRJ0PjgdU
                    [RequestId] => 
                )

            [parameters] => Array
                (
                )

            [curl_options] => Array
                (
                )

            [user_agent] => PHP RestClient/0.1.4
            [base_url] => https://api.cieloecommerce.cielo.com.br/1/
            [format] => 
            [format_regex] => /(\w+)\/(\w+)(;[.+])?/
            [decoders] => Array
                (
                    [json] => json_decode
                    [php] => unserialize
                )

            [username] => 
            [password] => 
        )

    [handle] => Resource id #379
    [response] => {"MerchantOrderId":"11247","Customer":{"Name":"Tais Comachio","Email":"taiscomachio@hotmail.com"},"Payment":{"ServiceTaxAmount":0,"Installments":3,"Interest":0,"Capture":true,"Authenticate":false,"Recurrent":false,"CreditCard":{"CardNumber":"476333******7119","Holder":"neusa comachio","ExpirationDate":"04/2022","SaveCard":false,"Brand":"Visa","PaymentAccountReference":"V0010015818040594878994009717"},"Tid":"280720451612NAFV3LAC","ProofOfSale":"025003","AuthorizationCode":"078219","SoftDescriptor":"IMPERIALTPTS","Provider":"Cielo","Eci":"7","IsQrCode":false,"Amount":56900,"ReceivedDate":"2021-07-12 12:28:48","CapturedAmount":56900,"CapturedDate":"2021-07-12 12:28:48","Status":2,"IsSplitted":false,"ReturnMessage":"Transacao capturada com sucesso","ReturnCode":"00","PaymentId":"f9ce9e7d-318a-49a9-a957-2749f8e8733b","Type":"CreditCard","Currency":"BRL","Country":"BRA","Links":[{"Method":"GET","Rel":"self","Href":"https://apiquery.cieloecommerce.cielo.com.br/1/sales/f9ce9e7d-318a-49a9-a957-2749f8e8733b"},{"Method":"PUT","Rel":"void","Href":"https://api.cieloecommerce.cielo.com.br/1/sales/f9ce9e7d-318a-49a9-a957-2749f8e8733b/void"}]}}
    [headers] => 
    [info] => stdClass Object
        (
            [url] => https://api.cieloecommerce.cielo.com.br/1/sales
            [content_type] => application/json; charset=utf-8
            [http_code] => 201
            [header_size] => 365
            [request_size] => 788
            [filetime] => -1
            [ssl_verify_result] => 0
            [redirect_count] => 0
            [total_time] => 1.463962
            [namelookup_time] => 0.12167
            [connect_time] => 0.239417
            [pretransfer_time] => 0.486431
            [size_upload] => 509
            [size_download] => 1146
            [speed_download] => 783
            [speed_upload] => 347
            [download_content_length] => 1146
            [upload_content_length] => 509
            [starttransfer_time] => 1.463929
            [redirect_time] => 0
            [redirect_url] => 
            [primary_ip] => 20.195.168.97
            [certinfo] => Array
                (
                )

            [primary_port] => 443
            [local_ip] => 172.26.12.140
            [local_port] => 54238
            [http_version] => 2
            [protocol] => 2
            [ssl_verifyresult] => 0
            [scheme] => HTTPS
            [appconnect_time_us] => 486359
            [connect_time_us] => 239417
            [namelookup_time_us] => 121670
            [pretransfer_time_us] => 486431
            [redirect_time_us] => 0
            [starttransfer_time_us] => 1463929
            [total_time_us] => 1463962
        )

    [error] => 
    [status] => 201
    [decoded_response] => 
    [iterator_positon:RestClientCielo:private] => 
    [url] => https://api.cieloecommerce.cielo.com.br/1/sales
)

07-12-2021 @ 16:15:11 - Debug Cielo HTTP: 201
07-12-2021 @ 16:15:11 - Debug Cielo Enviados: Array
(
    [MerchantOrderId] => 11248
    [Customer] => Array
        (
            [Name] => Joice Roman Cruz barbosa
            [Email] => marcelobarbosamarques1979@gmail.com
        )

    [Payment] => Array
        (
            [Type] => CreditCard
            [Amount] => 48000
            [Currency] => BRL
            [Country] => BRA
            [Provider] => Cielo
            [ServiceTaxAmount] => 0
            [Installments] => 9
            [Interest] => ByMerchant
            [Capture] => true
            [Authenticate] => false
            [Recurrent] => false
            [SoftDescriptor] => IMPERIALTPTS
            [CreditCard] => Array
                (
                    [CardNumber] => 544731****4707
                    [Holder] => Joice Maire Roman Cruz
                    [ExpirationDate] => 04/2028
                    [SecurityCode] => 712
                    [SaveCard] => false
                    [Brand] => Master
                )

        )

)

07-12-2021 @ 16:15:11 - Debug Cielo Recebido: RestClientCielo Object
(
    [options] => Array
        (
            [headers] => Array
                (
                    [Content-Type] => application/json
                    [Accept] => application/json
                    [MerchantId] => e3fd1919-faaa-4b5b-be5a-a1d95c4a9186
                    [MerchantKey] => YUbRrLs8R8QgDm4UrkICqDTYO46GhKRbRJ0PjgdU
                    [RequestId] => 
                )

            [parameters] => Array
                (
                )

            [curl_options] => Array
                (
                )

            [user_agent] => PHP RestClient/0.1.4
            [base_url] => https://api.cieloecommerce.cielo.com.br/1/
            [format] => 
            [format_regex] => /(\w+)\/(\w+)(;[.+])?/
            [decoders] => Array
                (
                    [json] => json_decode
                    [php] => unserialize
                )

            [username] => 
            [password] => 
        )

    [handle] => Resource id #159
    [response] => {"MerchantOrderId":"11248","Customer":{"Name":"Joice Roman Cruz barbosa","Email":"marcelobarbosamarques1979@gmail.com"},"Payment":{"ServiceTaxAmount":0,"Installments":9,"Interest":0,"Capture":true,"Authenticate":false,"Recurrent":false,"CreditCard":{"CardNumber":"544731******4707","Holder":"Joice Maire Roman Cruz","ExpirationDate":"04/2028","SaveCard":false,"Brand":"Master","PaymentAccountReference":"5001A8R8KJ3UYL4XEBZ6O2X3YLEIE"},"Tid":"280720451612NAGJHKLC","ProofOfSale":"027001","AuthorizationCode":"151169","SoftDescriptor":"IMPERIALTPTS","Provider":"Cielo","Eci":"0","IsQrCode":false,"Amount":48000,"ReceivedDate":"2021-07-12 16:15:10","CapturedAmount":48000,"CapturedDate":"2021-07-12 16:15:11","Status":2,"IsSplitted":false,"ReturnMessage":"Transacao capturada com sucesso","ReturnCode":"00","PaymentId":"811e6e2e-b969-4273-80fd-62e3d79e42a0","Type":"CreditCard","Currency":"BRL","Country":"BRA","Links":[{"Method":"GET","Rel":"self","Href":"https://apiquery.cieloecommerce.cielo.com.br/1/sales/811e6e2e-b969-4273-80fd-62e3d79e42a0"},{"Method":"PUT","Rel":"void","Href":"https://api.cieloecommerce.cielo.com.br/1/sales/811e6e2e-b969-4273-80fd-62e3d79e42a0/void"}]}}
    [headers] => 
    [info] => stdClass Object
        (
            [url] => https://api.cieloecommerce.cielo.com.br/1/sales
            [content_type] => application/json; charset=utf-8
            [http_code] => 201
            [header_size] => 365
            [request_size] => 820
            [filetime] => -1
            [ssl_verify_result] => 0
            [redirect_count] => 0
            [total_time] => 1.353193
            [namelookup_time] => 0.003219
            [connect_time] => 0.120617
            [pretransfer_time] => 0.367351
            [size_upload] => 541
            [size_download] => 1178
            [speed_download] => 870
            [speed_upload] => 399
            [download_content_length] => 1178
            [upload_content_length] => 541
            [starttransfer_time] => 1.353162
            [redirect_time] => 0
            [redirect_url] => 
            [primary_ip] => 20.195.168.97
            [certinfo] => Array
                (
                )

            [primary_port] => 443
            [local_ip] => 172.26.12.140
            [local_port] => 58160
            [http_version] => 2
            [protocol] => 2
            [ssl_verifyresult] => 0
            [scheme] => HTTPS
            [appconnect_time_us] => 367279
            [connect_time_us] => 120617
            [namelookup_time_us] => 3219
            [pretransfer_time_us] => 367351
            [redirect_time_us] => 0
            [starttransfer_time_us] => 1353162
            [total_time_us] => 1353193
        )

    [error] => 
    [status] => 201
    [decoded_response] => 
    [iterator_positon:RestClientCielo:private] => 
    [url] => https://api.cieloecommerce.cielo.com.br/1/sales
)

