12-06-2021 @ 14:34:56 - Debug Cielo HTTP: 201
12-06-2021 @ 14:34:56 - Debug Cielo Enviados: Array
(
    [MerchantOrderId] => 16793
    [Customer] => Array
        (
            [Name] => Dário Luciano Gomes Júnior
            [Email] => darioluciano@live.com
        )

    [Payment] => Array
        (
            [Type] => CreditCard
            [Amount] => 15325
            [Currency] => BRL
            [Country] => BRA
            [Provider] => Cielo
            [ServiceTaxAmount] => 0
            [Installments] => 1
            [Interest] => ByMerchant
            [Capture] => true
            [Authenticate] => false
            [Recurrent] => false
            [SoftDescriptor] => IMPERIALTPTS
            [CreditCard] => Array
                (
                    [CardNumber] => 473200****7508
                    [Holder] => DARIO LUCIANO GOMEE JUNIOR
                    [ExpirationDate] => 02/2026
                    [SecurityCode] => 046
                    [SaveCard] => false
                    [Brand] => Visa
                )

        )

)

12-06-2021 @ 14:34:56 - Debug Cielo Recebido: RestClientCielo Object
(
    [options] => Array
        (
            [headers] => Array
                (
                    [Content-Type] => application/json
                    [Accept] => application/json
                    [MerchantId] => e3fd1919-faaa-4b5b-be5a-a1d95c4a9186
                    [MerchantKey] => YUbRrLs8R8QgDm4UrkICqDTYO46GhKRbRJ0PjgdU
                    [RequestId] => 
                )

            [parameters] => Array
                (
                )

            [curl_options] => Array
                (
                )

            [user_agent] => PHP RestClient/0.1.4
            [base_url] => https://api.cieloecommerce.cielo.com.br/1/
            [format] => 
            [format_regex] => /(\w+)\/(\w+)(;[.+])?/
            [decoders] => Array
                (
                    [json] => json_decode
                    [php] => unserialize
                )

            [username] => 
            [password] => 
        )

    [handle] => Resource id #1359
    [response] => {"MerchantOrderId":"16793","Customer":{"Name":"Dário Luciano Gomes Júnior","Email":"darioluciano@live.com"},"Payment":{"ServiceTaxAmount":0,"Installments":1,"Interest":0,"Capture":true,"Authenticate":false,"Recurrent":false,"CreditCard":{"CardNumber":"473200******7508","Holder":"DARIO LUCIANO GOMEE JUNIOR","ExpirationDate":"02/2026","SaveCard":false,"Brand":"Visa","PaymentAccountReference":"V0010013021100519910511605541"},"Tid":"280720451616VVEAM84C","ProofOfSale":"114001","SoftDescriptor":"IMPERIALTPTS","Provider":"Cielo","Eci":"7","IsQrCode":false,"Amount":15325,"ReceivedDate":"2021-12-06 14:34:55","Status":3,"IsSplitted":false,"ReturnMessage":"Autorizacao negada","ReturnCode":"06","PaymentId":"13e5ba15-8a6d-4e0f-94bb-7dc518ae3793","Type":"CreditCard","Currency":"BRL","Country":"BRA","Links":[{"Method":"GET","Rel":"self","Href":"https://apiquery.cieloecommerce.cielo.com.br/1/sales/13e5ba15-8a6d-4e0f-94bb-7dc518ae3793"}]}}
    [headers] => 
    [info] => stdClass Object
        (
            [url] => https://api.cieloecommerce.cielo.com.br/1/sales
            [content_type] => application/json; charset=utf-8
            [http_code] => 201
            [header_size] => 364
            [request_size] => 820
            [filetime] => -1
            [ssl_verify_result] => 0
            [redirect_count] => 0
            [total_time] => 1.541913
            [namelookup_time] => 0.123588
            [connect_time] => 0.240445
            [pretransfer_time] => 0.486394
            [size_upload] => 541
            [size_download] => 939
            [speed_download] => 609
            [speed_upload] => 351
            [download_content_length] => 939
            [upload_content_length] => 541
            [starttransfer_time] => 1.54188
            [redirect_time] => 0
            [redirect_url] => 
            [primary_ip] => 20.195.168.97
            [certinfo] => Array
                (
                )

            [primary_port] => 443
            [local_ip] => 172.26.1.59
            [local_port] => 51830
            [http_version] => 2
            [protocol] => 2
            [ssl_verifyresult] => 0
            [scheme] => HTTPS
            [appconnect_time_us] => 486314
            [connect_time_us] => 240445
            [namelookup_time_us] => 123588
            [pretransfer_time_us] => 486394
            [redirect_time_us] => 0
            [starttransfer_time_us] => 1541880
            [total_time_us] => 1541913
        )

    [error] => 
    [status] => 201
    [decoded_response] => 
    [iterator_positon:RestClientCielo:private] => 
    [url] => https://api.cieloecommerce.cielo.com.br/1/sales
)

12-06-2021 @ 20:26:49 - Debug Cielo HTTP: 201
12-06-2021 @ 20:26:49 - Debug Cielo Enviados: Array
(
    [MerchantOrderId] => 16800
    [Customer] => Array
        (
            [Name] => Raphael Marcello
            [Email] => raphamarcello@hotmail.com
        )

    [Payment] => Array
        (
            [Type] => CreditCard
            [Amount] => 34502
            [Currency] => BRL
            [Country] => BRA
            [Provider] => Cielo
            [ServiceTaxAmount] => 0
            [Installments] => 6
            [Interest] => ByMerchant
            [Capture] => true
            [Authenticate] => false
            [Recurrent] => false
            [SoftDescriptor] => IMPERIALTPTS
            [CreditCard] => Array
                (
                    [CardNumber] => 550209****8811
                    [Holder] => Raphael Marcello
                    [ExpirationDate] => 02/2028
                    [SecurityCode] => 228
                    [SaveCard] => false
                    [Brand] => Master
                )

        )

)

12-06-2021 @ 20:26:49 - Debug Cielo Recebido: RestClientCielo Object
(
    [options] => Array
        (
            [headers] => Array
                (
                    [Content-Type] => application/json
                    [Accept] => application/json
                    [MerchantId] => e3fd1919-faaa-4b5b-be5a-a1d95c4a9186
                    [MerchantKey] => YUbRrLs8R8QgDm4UrkICqDTYO46GhKRbRJ0PjgdU
                    [RequestId] => 
                )

            [parameters] => Array
                (
                )

            [curl_options] => Array
                (
                )

            [user_agent] => PHP RestClient/0.1.4
            [base_url] => https://api.cieloecommerce.cielo.com.br/1/
            [format] => 
            [format_regex] => /(\w+)\/(\w+)(;[.+])?/
            [decoders] => Array
                (
                    [json] => json_decode
                    [php] => unserialize
                )

            [username] => 
            [password] => 
        )

    [handle] => Resource id #1308
    [response] => {"MerchantOrderId":"16800","Customer":{"Name":"Raphael Marcello","Email":"raphamarcello@hotmail.com"},"Payment":{"ServiceTaxAmount":0,"Installments":6,"Interest":0,"Capture":true,"Authenticate":false,"Recurrent":false,"CreditCard":{"CardNumber":"550209******8811","Holder":"Raphael Marcello","ExpirationDate":"02/2028","SaveCard":false,"Brand":"Master","PaymentAccountReference":"5001643GO2IHU2DH7SRRHBZGAZ9KB"},"Tid":"280720451616VVF8826C","ProofOfSale":"115001","AuthorizationCode":"563564","SoftDescriptor":"IMPERIALTPTS","Provider":"Cielo","Eci":"0","IsQrCode":false,"Amount":34502,"ReceivedDate":"2021-12-06 20:26:48","CapturedAmount":34502,"CapturedDate":"2021-12-06 20:26:48","Status":2,"IsSplitted":false,"ReturnMessage":"Transacao capturada com sucesso","ReturnCode":"00","PaymentId":"2d7632f0-f63c-4264-98a2-480a578a1400","Type":"CreditCard","Currency":"BRL","Country":"BRA","Links":[{"Method":"GET","Rel":"self","Href":"https://apiquery.cieloecommerce.cielo.com.br/1/sales/2d7632f0-f63c-4264-98a2-480a578a1400"},{"Method":"PUT","Rel":"void","Href":"https://api.cieloecommerce.cielo.com.br/1/sales/2d7632f0-f63c-4264-98a2-480a578a1400/void"}]}}
    [headers] => 
    [info] => stdClass Object
        (
            [url] => https://api.cieloecommerce.cielo.com.br/1/sales
            [content_type] => application/json; charset=utf-8
            [http_code] => 201
            [header_size] => 366
            [request_size] => 796
            [filetime] => -1
            [ssl_verify_result] => 0
            [redirect_count] => 0
            [total_time] => 1.789536
            [namelookup_time] => 0.100823
            [connect_time] => 0.218008
            [pretransfer_time] => 0.464327
            [size_upload] => 517
            [size_download] => 1154
            [speed_download] => 645
            [speed_upload] => 288
            [download_content_length] => 1154
            [upload_content_length] => 517
            [starttransfer_time] => 1.789507
            [redirect_time] => 0
            [redirect_url] => 
            [primary_ip] => 20.195.168.97
            [certinfo] => Array
                (
                )

            [primary_port] => 443
            [local_ip] => 172.26.1.59
            [local_port] => 38568
            [http_version] => 2
            [protocol] => 2
            [ssl_verifyresult] => 0
            [scheme] => HTTPS
            [appconnect_time_us] => 464250
            [connect_time_us] => 218008
            [namelookup_time_us] => 100823
            [pretransfer_time_us] => 464327
            [redirect_time_us] => 0
            [starttransfer_time_us] => 1789507
            [total_time_us] => 1789536
        )

    [error] => 
    [status] => 201
    [decoded_response] => 
    [iterator_positon:RestClientCielo:private] => 
    [url] => https://api.cieloecommerce.cielo.com.br/1/sales
)

