02-17-2022 @ 13:16:24 - Debug Cielo HTTP: 201
02-17-2022 @ 13:16:24 - Debug Cielo Enviados: Array
(
    [MerchantOrderId] => 18521
    [Customer] => Array
        (
            [Name] => Rita lima
            [Email] => rita.lima13@hotmail.com
        )

    [Payment] => Array
        (
            [Type] => CreditCard
            [Amount] => 82900
            [Currency] => BRL
            [Country] => BRA
            [Provider] => Cielo
            [ServiceTaxAmount] => 0
            [Installments] => 10
            [Interest] => ByMerchant
            [Capture] => true
            [Authenticate] => false
            [Recurrent] => false
            [SoftDescriptor] => IMPERIALTPTS
            [CreditCard] => Array
                (
                    [CardNumber] => 552289****9751
                    [Holder] => Rita de Cassia lima gomes
                    [ExpirationDate] => 11/2026
                    [SecurityCode] => 812
                    [SaveCard] => false
                    [Brand] => Master
                )

        )

)

02-17-2022 @ 13:16:24 - Debug Cielo Recebido: RestClientCielo Object
(
    [options] => Array
        (
            [headers] => Array
                (
                    [Content-Type] => application/json
                    [Accept] => application/json
                    [MerchantId] => e3fd1919-faaa-4b5b-be5a-a1d95c4a9186
                    [MerchantKey] => YUbRrLs8R8QgDm4UrkICqDTYO46GhKRbRJ0PjgdU
                    [RequestId] => 
                )

            [parameters] => Array
                (
                )

            [curl_options] => Array
                (
                )

            [user_agent] => PHP RestClient/0.1.4
            [base_url] => https://api.cieloecommerce.cielo.com.br/1/
            [format] => 
            [format_regex] => /(\w+)\/(\w+)(;[.+])?/
            [decoders] => Array
                (
                    [json] => json_decode
                    [php] => unserialize
                )

            [username] => 
            [password] => 
        )

    [handle] => Resource id #1394
    [response] => {"MerchantOrderId":"18521","Customer":{"Name":"Rita lima","Email":"rita.lima13@hotmail.com"},"Payment":{"ServiceTaxAmount":0,"Installments":10,"Interest":0,"Capture":true,"Authenticate":false,"Recurrent":false,"CreditCard":{"CardNumber":"552289******9751","Holder":"Rita de Cassia lima gomes","ExpirationDate":"11/2026","SaveCard":false,"Brand":"Master"},"Tid":"28072045161RJIT2PICC","ProofOfSale":"154001","AuthorizationCode":"385864","SoftDescriptor":"IMPERIALTPTS","Provider":"Cielo","Eci":"0","IsQrCode":false,"Amount":82900,"ReceivedDate":"2022-02-17 13:16:23","CapturedAmount":82900,"CapturedDate":"2022-02-17 13:16:23","Status":2,"IsSplitted":false,"ReturnMessage":"Transacao capturada com sucesso","ReturnCode":"00","PaymentId":"4d1b67ba-dbf3-4f03-bda0-d69ebb10781d","Type":"CreditCard","Currency":"BRL","Country":"BRA","Links":[{"Method":"GET","Rel":"self","Href":"https://apiquery.cieloecommerce.cielo.com.br/1/sales/4d1b67ba-dbf3-4f03-bda0-d69ebb10781d"},{"Method":"PUT","Rel":"void","Href":"https://api.cieloecommerce.cielo.com.br/1/sales/4d1b67ba-dbf3-4f03-bda0-d69ebb10781d/void"}]}}
    [headers] => 
    [info] => stdClass Object
        (
            [url] => https://api.cieloecommerce.cielo.com.br/1/sales
            [content_type] => application/json; charset=utf-8
            [http_code] => 201
            [header_size] => 366
            [request_size] => 797
            [filetime] => -1
            [ssl_verify_result] => 0
            [redirect_count] => 0
            [total_time] => 1.567619
            [namelookup_time] => 0.004496
            [connect_time] => 0.121276
            [pretransfer_time] => 0.367532
            [size_upload] => 518
            [size_download] => 1097
            [speed_download] => 700
            [speed_upload] => 330
            [download_content_length] => 1097
            [upload_content_length] => 518
            [starttransfer_time] => 1.56759
            [redirect_time] => 0
            [redirect_url] => 
            [primary_ip] => 20.195.168.97
            [certinfo] => Array
                (
                )

            [primary_port] => 443
            [local_ip] => 172.26.1.59
            [local_port] => 38654
            [http_version] => 2
            [protocol] => 2
            [ssl_verifyresult] => 0
            [scheme] => HTTPS
            [appconnect_time_us] => 367456
            [connect_time_us] => 121276
            [namelookup_time_us] => 4496
            [pretransfer_time_us] => 367532
            [redirect_time_us] => 0
            [starttransfer_time_us] => 1567590
            [total_time_us] => 1567619
        )

    [error] => 
    [status] => 201
    [decoded_response] => 
    [iterator_positon:RestClientCielo:private] => 
    [url] => https://api.cieloecommerce.cielo.com.br/1/sales
)

02-17-2022 @ 15:37:03 - Debug Cielo HTTP: 201
02-17-2022 @ 15:37:03 - Debug Cielo Enviados: Array
(
    [MerchantOrderId] => 18522
    [Customer] => Array
        (
            [Name] => Sergio Henrique Coelho Gonçalves
            [Email] => guijfa@gmail.com
        )

    [Payment] => Array
        (
            [Type] => CreditCard
            [Amount] => 62900
            [Currency] => BRL
            [Country] => BRA
            [Provider] => Cielo
            [ServiceTaxAmount] => 0
            [Installments] => 1
            [Interest] => ByMerchant
            [Capture] => true
            [Authenticate] => false
            [Recurrent] => false
            [SoftDescriptor] => IMPERIALTPTS
            [CreditCard] => Array
                (
                    [CardNumber] => 534513****2278
                    [Holder] => MARIA J B MAGNAGO
                    [ExpirationDate] => 01/2030
                    [SecurityCode] => 122
                    [SaveCard] => false
                    [Brand] => Master
                )

        )

)

02-17-2022 @ 15:37:03 - Debug Cielo Recebido: RestClientCielo Object
(
    [options] => Array
        (
            [headers] => Array
                (
                    [Content-Type] => application/json
                    [Accept] => application/json
                    [MerchantId] => e3fd1919-faaa-4b5b-be5a-a1d95c4a9186
                    [MerchantKey] => YUbRrLs8R8QgDm4UrkICqDTYO46GhKRbRJ0PjgdU
                    [RequestId] => 
                )

            [parameters] => Array
                (
                )

            [curl_options] => Array
                (
                )

            [user_agent] => PHP RestClient/0.1.4
            [base_url] => https://api.cieloecommerce.cielo.com.br/1/
            [format] => 
            [format_regex] => /(\w+)\/(\w+)(;[.+])?/
            [decoders] => Array
                (
                    [json] => json_decode
                    [php] => unserialize
                )

            [username] => 
            [password] => 
        )

    [handle] => Resource id #1373
    [response] => {"MerchantOrderId":"18522","Customer":{"Name":"Sergio Henrique Coelho Gonçalves","Email":"guijfa@gmail.com"},"Payment":{"ServiceTaxAmount":0,"Installments":1,"Interest":0,"Capture":true,"Authenticate":false,"Recurrent":false,"CreditCard":{"CardNumber":"534513******2278","Holder":"MARIA J B MAGNAGO","ExpirationDate":"01/2030","SaveCard":false,"Brand":"Master","PaymentAccountReference":"5001F3EKIE9IZGF9OSJYQIHIUV0G7"},"Tid":"28072045161RJITH62IC","ProofOfSale":"155001","AuthorizationCode":"030029","SoftDescriptor":"IMPERIALTPTS","Provider":"Cielo","Eci":"0","IsQrCode":false,"Amount":62900,"ReceivedDate":"2022-02-17 15:37:02","CapturedAmount":62900,"CapturedDate":"2022-02-17 15:37:03","Status":2,"IsSplitted":false,"ReturnMessage":"Transacao capturada com sucesso","ReturnCode":"00","PaymentId":"92479566-9df2-4a11-87be-a78647cb4b8b","Type":"CreditCard","Currency":"BRL","Country":"BRA","Links":[{"Method":"GET","Rel":"self","Href":"https://apiquery.cieloecommerce.cielo.com.br/1/sales/92479566-9df2-4a11-87be-a78647cb4b8b"},{"Method":"PUT","Rel":"void","Href":"https://api.cieloecommerce.cielo.com.br/1/sales/92479566-9df2-4a11-87be-a78647cb4b8b/void"}]}}
    [headers] => 
    [info] => stdClass Object
        (
            [url] => https://api.cieloecommerce.cielo.com.br/1/sales
            [content_type] => application/json; charset=utf-8
            [http_code] => 201
            [header_size] => 365
            [request_size] => 809
            [filetime] => -1
            [ssl_verify_result] => 0
            [redirect_count] => 0
            [total_time] => 1.395714
            [namelookup_time] => 0.015963
            [connect_time] => 0.133145
            [pretransfer_time] => 0.3792
            [size_upload] => 530
            [size_download] => 1163
            [speed_download] => 833
            [speed_upload] => 379
            [download_content_length] => 1163
            [upload_content_length] => 530
            [starttransfer_time] => 1.395685
            [redirect_time] => 0
            [redirect_url] => 
            [primary_ip] => 20.195.168.97
            [certinfo] => Array
                (
                )

            [primary_port] => 443
            [local_ip] => 172.26.1.59
            [local_port] => 43144
            [http_version] => 2
            [protocol] => 2
            [ssl_verifyresult] => 0
            [scheme] => HTTPS
            [appconnect_time_us] => 379108
            [connect_time_us] => 133145
            [namelookup_time_us] => 15963
            [pretransfer_time_us] => 379200
            [redirect_time_us] => 0
            [starttransfer_time_us] => 1395685
            [total_time_us] => 1395714
        )

    [error] => 
    [status] => 201
    [decoded_response] => 
    [iterator_positon:RestClientCielo:private] => 
    [url] => https://api.cieloecommerce.cielo.com.br/1/sales
)

