08-17-2021 @ 11:14:57 - Debug Cielo HTTP: 201
08-17-2021 @ 11:14:57 - Debug Cielo Enviados: Array
(
    [MerchantOrderId] => 12997
    [Customer] => Array
        (
            [Name] => Edilaine De Assis Camargo
            [Email] => eedilainee@gmail.com
        )

    [Payment] => Array
        (
            [Type] => CreditCard
            [Amount] => 35070
            [Currency] => BRL
            [Country] => BRA
            [Provider] => Cielo
            [ServiceTaxAmount] => 0
            [Installments] => 3
            [Interest] => ByMerchant
            [Capture] => true
            [Authenticate] => false
            [Recurrent] => false
            [SoftDescriptor] => IMPERIALTPTS
            [CreditCard] => Array
                (
                    [CardNumber] => 540593****8667
                    [Holder] => edilaine de a camargo
                    [ExpirationDate] => 10/2028
                    [SecurityCode] => 344
                    [SaveCard] => false
                    [Brand] => Master
                )

        )

)

08-17-2021 @ 11:14:57 - Debug Cielo Recebido: RestClientCielo Object
(
    [options] => Array
        (
            [headers] => Array
                (
                    [Content-Type] => application/json
                    [Accept] => application/json
                    [MerchantId] => e3fd1919-faaa-4b5b-be5a-a1d95c4a9186
                    [MerchantKey] => YUbRrLs8R8QgDm4UrkICqDTYO46GhKRbRJ0PjgdU
                    [RequestId] => 
                )

            [parameters] => Array
                (
                )

            [curl_options] => Array
                (
                )

            [user_agent] => PHP RestClient/0.1.4
            [base_url] => https://api.cieloecommerce.cielo.com.br/1/
            [format] => 
            [format_regex] => /(\w+)\/(\w+)(;[.+])?/
            [decoders] => Array
                (
                    [json] => json_decode
                    [php] => unserialize
                )

            [username] => 
            [password] => 
        )

    [handle] => Resource id #413
    [response] => {"MerchantOrderId":"12997","Customer":{"Name":"Edilaine De Assis Camargo","Email":"eedilainee@gmail.com"},"Payment":{"ServiceTaxAmount":0,"Installments":3,"Interest":0,"Capture":true,"Authenticate":false,"Recurrent":false,"CreditCard":{"CardNumber":"540593******8667","Holder":"edilaine de a camargo","ExpirationDate":"10/2028","SaveCard":false,"Brand":"Master","PaymentAccountReference":"5001DR0618T3DLFDK6WX19VYUY6HR"},"Tid":"280720451613OUIDAAQC","ProofOfSale":"043003","AuthorizationCode":"109536","SoftDescriptor":"IMPERIALTPTS","Provider":"Cielo","Eci":"0","IsQrCode":false,"Amount":35070,"ReceivedDate":"2021-08-17 11:14:56","CapturedAmount":35070,"CapturedDate":"2021-08-17 11:14:56","Status":2,"IsSplitted":false,"ReturnMessage":"Transacao capturada com sucesso","ReturnCode":"00","PaymentId":"04902c47-516e-465d-89d3-04f3ad1a8fc6","Type":"CreditCard","Currency":"BRL","Country":"BRA","Links":[{"Method":"GET","Rel":"self","Href":"https://apiquery.cieloecommerce.cielo.com.br/1/sales/04902c47-516e-465d-89d3-04f3ad1a8fc6"},{"Method":"PUT","Rel":"void","Href":"https://api.cieloecommerce.cielo.com.br/1/sales/04902c47-516e-465d-89d3-04f3ad1a8fc6/void"}]}}
    [headers] => 
    [info] => stdClass Object
        (
            [url] => https://api.cieloecommerce.cielo.com.br/1/sales
            [content_type] => application/json; charset=utf-8
            [http_code] => 201
            [header_size] => 366
            [request_size] => 805
            [filetime] => -1
            [ssl_verify_result] => 0
            [redirect_count] => 0
            [total_time] => 1.598507
            [namelookup_time] => 0.003277
            [connect_time] => 0.120538
            [pretransfer_time] => 0.366899
            [size_upload] => 526
            [size_download] => 1163
            [speed_download] => 727
            [speed_upload] => 329
            [download_content_length] => 1163
            [upload_content_length] => 526
            [starttransfer_time] => 1.598477
            [redirect_time] => 0
            [redirect_url] => 
            [primary_ip] => 20.195.168.97
            [certinfo] => Array
                (
                )

            [primary_port] => 443
            [local_ip] => 172.26.0.25
            [local_port] => 58390
            [http_version] => 2
            [protocol] => 2
            [ssl_verifyresult] => 0
            [scheme] => HTTPS
            [appconnect_time_us] => 366824
            [connect_time_us] => 120538
            [namelookup_time_us] => 3277
            [pretransfer_time_us] => 366899
            [redirect_time_us] => 0
            [starttransfer_time_us] => 1598477
            [total_time_us] => 1598507
        )

    [error] => 
    [status] => 201
    [decoded_response] => 
    [iterator_positon:RestClientCielo:private] => 
    [url] => https://api.cieloecommerce.cielo.com.br/1/sales
)

08-17-2021 @ 17:51:41 - Debug Cielo HTTP: 201
08-17-2021 @ 17:51:41 - Debug Cielo Enviados: Array
(
    [MerchantOrderId] => 13013
    [Customer] => Array
        (
            [Name] => Rubia Vanalli
            [Email] => rubia.vanali@hotmail.com
        )

    [Payment] => Array
        (
            [Type] => CreditCard
            [Amount] => 66639
            [Currency] => BRL
            [Country] => BRA
            [Provider] => Cielo
            [ServiceTaxAmount] => 0
            [Installments] => 12
            [Interest] => ByMerchant
            [Capture] => true
            [Authenticate] => false
            [Recurrent] => false
            [SoftDescriptor] => IMPERIALTPTS
            [CreditCard] => Array
                (
                    [CardNumber] => 535081****7210
                    [Holder] => RUBIA C M C VANALLI
                    [ExpirationDate] => 01/2027
                    [SecurityCode] => 810
                    [SaveCard] => false
                    [Brand] => Master
                )

        )

)

08-17-2021 @ 17:51:41 - Debug Cielo Recebido: RestClientCielo Object
(
    [options] => Array
        (
            [headers] => Array
                (
                    [Content-Type] => application/json
                    [Accept] => application/json
                    [MerchantId] => e3fd1919-faaa-4b5b-be5a-a1d95c4a9186
                    [MerchantKey] => YUbRrLs8R8QgDm4UrkICqDTYO46GhKRbRJ0PjgdU
                    [RequestId] => 
                )

            [parameters] => Array
                (
                )

            [curl_options] => Array
                (
                )

            [user_agent] => PHP RestClient/0.1.4
            [base_url] => https://api.cieloecommerce.cielo.com.br/1/
            [format] => 
            [format_regex] => /(\w+)\/(\w+)(;[.+])?/
            [decoders] => Array
                (
                    [json] => json_decode
                    [php] => unserialize
                )

            [username] => 
            [password] => 
        )

    [handle] => Resource id #413
    [response] => {"MerchantOrderId":"13013","Customer":{"Name":"Rubia Vanalli","Email":"rubia.vanali@hotmail.com"},"Payment":{"ServiceTaxAmount":0,"Installments":12,"Interest":0,"Capture":true,"Authenticate":false,"Recurrent":false,"CreditCard":{"CardNumber":"535081******7210","Holder":"RUBIA C M C VANALLI","ExpirationDate":"01/2027","SaveCard":false,"Brand":"Master"},"Tid":"280720451613OUJ60BGC","ProofOfSale":"042005","AuthorizationCode":"040168","SoftDescriptor":"IMPERIALTPTS","Provider":"Cielo","Eci":"0","IsQrCode":false,"Amount":66639,"ReceivedDate":"2021-08-17 17:51:40","CapturedAmount":66639,"CapturedDate":"2021-08-17 17:51:40","Status":2,"IsSplitted":false,"ReturnMessage":"Transacao capturada com sucesso","ReturnCode":"00","PaymentId":"f174e2ff-fe7b-41fd-8f3a-087b5c615c70","Type":"CreditCard","Currency":"BRL","Country":"BRA","Links":[{"Method":"GET","Rel":"self","Href":"https://apiquery.cieloecommerce.cielo.com.br/1/sales/f174e2ff-fe7b-41fd-8f3a-087b5c615c70"},{"Method":"PUT","Rel":"void","Href":"https://api.cieloecommerce.cielo.com.br/1/sales/f174e2ff-fe7b-41fd-8f3a-087b5c615c70/void"}]}}
    [headers] => 
    [info] => stdClass Object
        (
            [url] => https://api.cieloecommerce.cielo.com.br/1/sales
            [content_type] => application/json; charset=utf-8
            [http_code] => 201
            [header_size] => 365
            [request_size] => 796
            [filetime] => -1
            [ssl_verify_result] => 0
            [redirect_count] => 0
            [total_time] => 1.513091
            [namelookup_time] => 0.067981
            [connect_time] => 0.185154
            [pretransfer_time] => 0.431287
            [size_upload] => 517
            [size_download] => 1096
            [speed_download] => 724
            [speed_upload] => 341
            [download_content_length] => 1096
            [upload_content_length] => 517
            [starttransfer_time] => 1.513058
            [redirect_time] => 0
            [redirect_url] => 
            [primary_ip] => 20.195.168.97
            [certinfo] => Array
                (
                )

            [primary_port] => 443
            [local_ip] => 172.26.0.25
            [local_port] => 38930
            [http_version] => 2
            [protocol] => 2
            [ssl_verifyresult] => 0
            [scheme] => HTTPS
            [appconnect_time_us] => 431212
            [connect_time_us] => 185154
            [namelookup_time_us] => 67981
            [pretransfer_time_us] => 431287
            [redirect_time_us] => 0
            [starttransfer_time_us] => 1513058
            [total_time_us] => 1513091
        )

    [error] => 
    [status] => 201
    [decoded_response] => 
    [iterator_positon:RestClientCielo:private] => 
    [url] => https://api.cieloecommerce.cielo.com.br/1/sales
)

