03-06-2022 @ 14:22:24 - Debug Cielo HTTP: 201
03-06-2022 @ 14:22:24 - Debug Cielo Enviados: Array
(
    [MerchantOrderId] => 18905
    [Customer] => Array
        (
            [Name] => Maurício Mattoso
            [Email] => Mattmaubr@me.com
        )

    [Payment] => Array
        (
            [Type] => CreditCard
            [Amount] => 56900
            [Currency] => BRL
            [Country] => BRA
            [Provider] => Cielo
            [ServiceTaxAmount] => 0
            [Installments] => 4
            [Interest] => ByMerchant
            [Capture] => true
            [Authenticate] => false
            [Recurrent] => false
            [SoftDescriptor] => IMPERIALTPTS
            [CreditCard] => Array
                (
                    [CardNumber] => 512215****3657
                    [Holder] => mauricio mattoso
                    [ExpirationDate] => 10/2027
                    [SecurityCode] => 384
                    [SaveCard] => false
                    [Brand] => Master
                )

        )

)

03-06-2022 @ 14:22:24 - Debug Cielo Recebido: RestClientCielo Object
(
    [options] => Array
        (
            [headers] => Array
                (
                    [Content-Type] => application/json
                    [Accept] => application/json
                    [MerchantId] => e3fd1919-faaa-4b5b-be5a-a1d95c4a9186
                    [MerchantKey] => YUbRrLs8R8QgDm4UrkICqDTYO46GhKRbRJ0PjgdU
                    [RequestId] => 
                )

            [parameters] => Array
                (
                )

            [curl_options] => Array
                (
                )

            [user_agent] => PHP RestClient/0.1.4
            [base_url] => https://api.cieloecommerce.cielo.com.br/1/
            [format] => 
            [format_regex] => /(\w+)\/(\w+)(;[.+])?/
            [decoders] => Array
                (
                    [json] => json_decode
                    [php] => unserialize
                )

            [username] => 
            [password] => 
        )

    [handle] => Resource id #1446
    [response] => {"MerchantOrderId":"18905","Customer":{"Name":"Maurício Mattoso","Email":"Mattmaubr@me.com"},"Payment":{"ServiceTaxAmount":0,"Installments":4,"Interest":0,"Capture":true,"Authenticate":false,"Recurrent":false,"CreditCard":{"CardNumber":"512215******3657","Holder":"mauricio mattoso","ExpirationDate":"10/2027","SaveCard":false,"Brand":"Master","PaymentAccountReference":"50012M9FQU5BDI08AFJ7GF91SSDNK"},"Tid":"28072045161S3F7NE7EC","ProofOfSale":"157025","AuthorizationCode":"001423","SoftDescriptor":"IMPERIALTPTS","Provider":"Cielo","Eci":"0","IsQrCode":false,"Amount":56900,"ReceivedDate":"2022-03-06 14:22:23","CapturedAmount":56900,"CapturedDate":"2022-03-06 14:22:24","Status":2,"IsSplitted":false,"ReturnMessage":"Transacao capturada com sucesso","ReturnCode":"00","PaymentId":"92c41b03-c2be-4134-b8fe-22ac2bb68bbd","Type":"CreditCard","Currency":"BRL","Country":"BRA","Links":[{"Method":"GET","Rel":"self","Href":"https://apiquery.cieloecommerce.cielo.com.br/1/sales/92c41b03-c2be-4134-b8fe-22ac2bb68bbd"},{"Method":"PUT","Rel":"void","Href":"https://api.cieloecommerce.cielo.com.br/1/sales/92c41b03-c2be-4134-b8fe-22ac2bb68bbd/void"}]}}
    [headers] => 
    [info] => stdClass Object
        (
            [url] => https://api.cieloecommerce.cielo.com.br/1/sales
            [content_type] => application/json; charset=utf-8
            [http_code] => 201
            [header_size] => 365
            [request_size] => 792
            [filetime] => -1
            [ssl_verify_result] => 0
            [redirect_count] => 0
            [total_time] => 1.674814
            [namelookup_time] => 0.241362
            [connect_time] => 0.358672
            [pretransfer_time] => 0.605329
            [size_upload] => 513
            [size_download] => 1146
            [speed_download] => 684
            [speed_upload] => 306
            [download_content_length] => 1146
            [upload_content_length] => 513
            [starttransfer_time] => 1.674782
            [redirect_time] => 0
            [redirect_url] => 
            [primary_ip] => 20.195.168.97
            [certinfo] => Array
                (
                )

            [primary_port] => 443
            [local_ip] => 172.26.1.59
            [local_port] => 60132
            [http_version] => 2
            [protocol] => 2
            [ssl_verifyresult] => 0
            [scheme] => HTTPS
            [appconnect_time_us] => 605252
            [connect_time_us] => 358672
            [namelookup_time_us] => 241362
            [pretransfer_time_us] => 605329
            [redirect_time_us] => 0
            [starttransfer_time_us] => 1674782
            [total_time_us] => 1674814
        )

    [error] => 
    [status] => 201
    [decoded_response] => 
    [iterator_positon:RestClientCielo:private] => 
    [url] => https://api.cieloecommerce.cielo.com.br/1/sales
)

