06-08-2022 @ 21:10:20 - Calculo Online - Correios URL: http://ws.correios.com.br/calculador/CalcPrecoPrazo.aspx?nCdServico=03298&nCdEmpresa=22047719&sDsSenha=Imp3ri@l237&sCepDestino=88330696&sCepOrigem=96412830&nVlAltura=40,00&nVlLargura=40,00&nVlDiametro=0&nVlComprimento=45,00&nVlPeso=12,00&nCdFormato=1&sCdMaoPropria=N&nVlValorDeclarado=0,00&sCdAvisoRecebimento=N&StrRetorno=xml
06-08-2022 @ 21:10:20 - Debug Correios Resposta: SimpleXMLElement Object
(
    [cServico] => SimpleXMLElement Object
        (
            [Codigo] => 03298
            [Valor] => 92,58
            [PrazoEntrega] => 7
            [ValorSemAdicionais] => 92,58
            [ValorMaoPropria] => 0,00
            [ValorAvisoRecebimento] => 0,00
            [ValorValorDeclarado] => 0,00
            [EntregaDomiciliar] => S
            [EntregaSabado] => N
            [obsFim] => SimpleXMLElement Object
                (
                )

            [Erro] => 0
            [MsgErro] => SimpleXMLElement Object
                (
                )

        )

)

06-08-2022 @ 21:18:50 - Calculo Online - Correios URL: http://ws.correios.com.br/calculador/CalcPrecoPrazo.aspx?nCdServico=03298&nCdEmpresa=22047719&sDsSenha=Imp3ri@l237&sCepDestino=02220300&sCepOrigem=96412830&nVlAltura=10,00&nVlLargura=23,00&nVlDiametro=0&nVlComprimento=30,00&nVlPeso=0,40&nCdFormato=1&sCdMaoPropria=N&nVlValorDeclarado=0,00&sCdAvisoRecebimento=N&StrRetorno=xml
06-08-2022 @ 21:18:50 - Debug Correios Resposta: SimpleXMLElement Object
(
    [cServico] => SimpleXMLElement Object
        (
            [Codigo] => 03298
            [Valor] => 22,79
            [PrazoEntrega] => 7
            [ValorSemAdicionais] => 22,79
            [ValorMaoPropria] => 0,00
            [ValorAvisoRecebimento] => 0,00
            [ValorValorDeclarado] => 0,00
            [EntregaDomiciliar] => S
            [EntregaSabado] => N
            [obsFim] => SimpleXMLElement Object
                (
                )

            [Erro] => 0
            [MsgErro] => SimpleXMLElement Object
                (
                )

        )

)

06-08-2022 @ 22:04:00 - Calculo Online - Correios URL: http://ws.correios.com.br/calculador/CalcPrecoPrazo.aspx?nCdServico=03298&nCdEmpresa=22047719&sDsSenha=Imp3ri@l237&sCepDestino=02039000&sCepOrigem=96412830&nVlAltura=10,00&nVlLargura=23,00&nVlDiametro=0&nVlComprimento=30,00&nVlPeso=0,40&nCdFormato=1&sCdMaoPropria=N&nVlValorDeclarado=0,00&sCdAvisoRecebimento=N&StrRetorno=xml
06-08-2022 @ 22:04:00 - Debug Correios Resposta: SimpleXMLElement Object
(
    [cServico] => SimpleXMLElement Object
        (
            [Codigo] => 03298
            [Valor] => 22,79
            [PrazoEntrega] => 7
            [ValorSemAdicionais] => 22,79
            [ValorMaoPropria] => 0,00
            [ValorAvisoRecebimento] => 0,00
            [ValorValorDeclarado] => 0,00
            [EntregaDomiciliar] => S
            [EntregaSabado] => N
            [obsFim] => SimpleXMLElement Object
                (
                )

            [Erro] => 0
            [MsgErro] => SimpleXMLElement Object
                (
                )

        )

)

06-08-2022 @ 22:53:07 - Calculo Online - Correios URL: http://ws.correios.com.br/calculador/CalcPrecoPrazo.aspx?nCdServico=03298&nCdEmpresa=22047719&sDsSenha=Imp3ri@l237&sCepDestino=04615005&sCepOrigem=96412830&nVlAltura=10,00&nVlLargura=27,00&nVlDiametro=0&nVlComprimento=27,00&nVlPeso=1,00&nCdFormato=1&sCdMaoPropria=N&nVlValorDeclarado=0,00&sCdAvisoRecebimento=N&StrRetorno=xml
06-08-2022 @ 22:53:07 - Debug Correios Resposta: SimpleXMLElement Object
(
    [cServico] => SimpleXMLElement Object
        (
            [Codigo] => 03298
            [Valor] => 24,15
            [PrazoEntrega] => 7
            [ValorSemAdicionais] => 24,15
            [ValorMaoPropria] => 0,00
            [ValorAvisoRecebimento] => 0,00
            [ValorValorDeclarado] => 0,00
            [EntregaDomiciliar] => S
            [EntregaSabado] => N
            [obsFim] => SimpleXMLElement Object
                (
                )

            [Erro] => 0
            [MsgErro] => SimpleXMLElement Object
                (
                )

        )

)

06-08-2022 @ 22:53:22 - Calculo Online - Correios URL: http://ws.correios.com.br/calculador/CalcPrecoPrazo.aspx?nCdServico=03298&nCdEmpresa=22047719&sDsSenha=Imp3ri@l237&sCepDestino=04615005&sCepOrigem=96412830&nVlAltura=10,00&nVlLargura=27,00&nVlDiametro=0&nVlComprimento=27,00&nVlPeso=1,00&nCdFormato=1&sCdMaoPropria=N&nVlValorDeclarado=0,00&sCdAvisoRecebimento=N&StrRetorno=xml
06-08-2022 @ 22:53:22 - Debug Correios Resposta: SimpleXMLElement Object
(
    [cServico] => SimpleXMLElement Object
        (
            [Codigo] => 03298
            [Valor] => 24,15
            [PrazoEntrega] => 7
            [ValorSemAdicionais] => 24,15
            [ValorMaoPropria] => 0,00
            [ValorAvisoRecebimento] => 0,00
            [ValorValorDeclarado] => 0,00
            [EntregaDomiciliar] => S
            [EntregaSabado] => N
            [obsFim] => SimpleXMLElement Object
                (
                )

            [Erro] => 0
            [MsgErro] => SimpleXMLElement Object
                (
                )

        )

)

06-08-2022 @ 22:53:29 - Calculo Online - Correios URL: http://ws.correios.com.br/calculador/CalcPrecoPrazo.aspx?nCdServico=03298&nCdEmpresa=22047719&sDsSenha=Imp3ri@l237&sCepDestino=04615005&sCepOrigem=96412830&nVlAltura=10,00&nVlLargura=27,00&nVlDiametro=0&nVlComprimento=27,00&nVlPeso=1,00&nCdFormato=1&sCdMaoPropria=N&nVlValorDeclarado=0,00&sCdAvisoRecebimento=N&StrRetorno=xml
06-08-2022 @ 22:53:29 - Debug Correios Resposta: SimpleXMLElement Object
(
    [cServico] => SimpleXMLElement Object
        (
            [Codigo] => 03298
            [Valor] => 24,15
            [PrazoEntrega] => 7
            [ValorSemAdicionais] => 24,15
            [ValorMaoPropria] => 0,00
            [ValorAvisoRecebimento] => 0,00
            [ValorValorDeclarado] => 0,00
            [EntregaDomiciliar] => S
            [EntregaSabado] => N
            [obsFim] => SimpleXMLElement Object
                (
                )

            [Erro] => 0
            [MsgErro] => SimpleXMLElement Object
                (
                )

        )

)

06-08-2022 @ 23:18:48 - Calculo Online - Correios URL: http://ws.correios.com.br/calculador/CalcPrecoPrazo.aspx?nCdServico=03298&nCdEmpresa=22047719&sDsSenha=Imp3ri@l237&sCepDestino=89801023&sCepOrigem=96412830&nVlAltura=5,00&nVlLargura=25,00&nVlDiametro=0&nVlComprimento=30,00&nVlPeso=1,00&nCdFormato=1&sCdMaoPropria=N&nVlValorDeclarado=0,00&sCdAvisoRecebimento=N&StrRetorno=xml
06-08-2022 @ 23:18:48 - Debug Correios Resposta: SimpleXMLElement Object
(
    [cServico] => SimpleXMLElement Object
        (
            [Codigo] => 03298
            [Valor] => 24,15
            [PrazoEntrega] => 7
            [ValorSemAdicionais] => 24,15
            [ValorMaoPropria] => 0,00
            [ValorAvisoRecebimento] => 0,00
            [ValorValorDeclarado] => 0,00
            [EntregaDomiciliar] => S
            [EntregaSabado] => N
            [obsFim] => SimpleXMLElement Object
                (
                )

            [Erro] => 0
            [MsgErro] => SimpleXMLElement Object
                (
                )

        )

)

06-08-2022 @ 23:40:01 - Calculo Online - Correios URL: http://ws.correios.com.br/calculador/CalcPrecoPrazo.aspx?nCdServico=03298&nCdEmpresa=22047719&sDsSenha=Imp3ri@l237&sCepDestino=88036150&sCepOrigem=96412830&nVlAltura=10,00&nVlLargura=30,00&nVlDiametro=0&nVlComprimento=40,00&nVlPeso=3,00&nCdFormato=1&sCdMaoPropria=N&nVlValorDeclarado=0,00&sCdAvisoRecebimento=N&StrRetorno=xml
06-08-2022 @ 23:40:01 - Debug Correios Resposta: SimpleXMLElement Object
(
    [cServico] => SimpleXMLElement Object
        (
            [Codigo] => 03298
            [Valor] => 33,04
            [PrazoEntrega] => 6
            [ValorSemAdicionais] => 33,04
            [ValorMaoPropria] => 0,00
            [ValorAvisoRecebimento] => 0,00
            [ValorValorDeclarado] => 0,00
            [EntregaDomiciliar] => S
            [EntregaSabado] => N
            [obsFim] => SimpleXMLElement Object
                (
                )

            [Erro] => 0
            [MsgErro] => SimpleXMLElement Object
                (
                )

        )

)

06-08-2022 @ 23:51:29 - Calculo Online - Correios URL: http://ws.correios.com.br/calculador/CalcPrecoPrazo.aspx?nCdServico=03298&nCdEmpresa=22047719&sDsSenha=Imp3ri@l237&sCepDestino=88036150&sCepOrigem=96412830&nVlAltura=10,00&nVlLargura=30,00&nVlDiametro=0&nVlComprimento=40,00&nVlPeso=3,00&nCdFormato=1&sCdMaoPropria=N&nVlValorDeclarado=0,00&sCdAvisoRecebimento=N&StrRetorno=xml
06-08-2022 @ 23:51:29 - Debug Correios Resposta: SimpleXMLElement Object
(
    [cServico] => SimpleXMLElement Object
        (
            [Codigo] => 03298
            [Valor] => 33,04
            [PrazoEntrega] => 6
            [ValorSemAdicionais] => 33,04
            [ValorMaoPropria] => 0,00
            [ValorAvisoRecebimento] => 0,00
            [ValorValorDeclarado] => 0,00
            [EntregaDomiciliar] => S
            [EntregaSabado] => N
            [obsFim] => SimpleXMLElement Object
                (
                )

            [Erro] => 0
            [MsgErro] => SimpleXMLElement Object
                (
                )

        )

)

06-09-2022 @ 01:03:31 - Calculo Online - Correios URL: http://ws.correios.com.br/calculador/CalcPrecoPrazo.aspx?nCdServico=03298&nCdEmpresa=22047719&sDsSenha=Imp3ri@l237&sCepDestino=86015790&sCepOrigem=96412830&nVlAltura=8,00&nVlLargura=30,00&nVlDiametro=0&nVlComprimento=40,00&nVlPeso=1,50&nCdFormato=1&sCdMaoPropria=N&nVlValorDeclarado=0,00&sCdAvisoRecebimento=N&StrRetorno=xml
06-09-2022 @ 01:03:31 - Debug Correios Resposta: SimpleXMLElement Object
(
    [cServico] => SimpleXMLElement Object
        (
            [Codigo] => 03298
            [Valor] => 28,66
            [PrazoEntrega] => 7
            [ValorSemAdicionais] => 28,66
            [ValorMaoPropria] => 0,00
            [ValorAvisoRecebimento] => 0,00
            [ValorValorDeclarado] => 0,00
            [EntregaDomiciliar] => S
            [EntregaSabado] => N
            [obsFim] => SimpleXMLElement Object
                (
                )

            [Erro] => 0
            [MsgErro] => SimpleXMLElement Object
                (
                )

        )

)

06-09-2022 @ 07:36:36 - Calculo Online - Correios URL: http://ws.correios.com.br/calculador/CalcPrecoPrazo.aspx?nCdServico=03298&nCdEmpresa=22047719&sDsSenha=Imp3ri@l237&sCepDestino=97542280&sCepOrigem=96412830&nVlAltura=15,80&nVlLargura=15,80&nVlDiametro=0&nVlComprimento=30,00&nVlPeso=2,00&nCdFormato=1&sCdMaoPropria=N&nVlValorDeclarado=0,00&sCdAvisoRecebimento=N&StrRetorno=xml
06-09-2022 @ 07:36:36 - Debug Correios Resposta: SimpleXMLElement Object
(
    [cServico] => SimpleXMLElement Object
        (
            [Codigo] => 03298
            [Valor] => 19,00
            [PrazoEntrega] => 7
            [ValorSemAdicionais] => 19,00
            [ValorMaoPropria] => 0,00
            [ValorAvisoRecebimento] => 0,00
            [ValorValorDeclarado] => 0,00
            [EntregaDomiciliar] => S
            [EntregaSabado] => N
            [obsFim] => SimpleXMLElement Object
                (
                )

            [Erro] => 0
            [MsgErro] => SimpleXMLElement Object
                (
                )

        )

)

06-09-2022 @ 07:36:39 - Calculo Online - Correios URL: http://ws.correios.com.br/calculador/CalcPrecoPrazo.aspx?nCdServico=03298&nCdEmpresa=22047719&sDsSenha=Imp3ri@l237&sCepDestino=97542280&sCepOrigem=96412830&nVlAltura=15,80&nVlLargura=15,80&nVlDiametro=0&nVlComprimento=30,00&nVlPeso=2,00&nCdFormato=1&sCdMaoPropria=N&nVlValorDeclarado=0,00&sCdAvisoRecebimento=N&StrRetorno=xml
06-09-2022 @ 07:36:39 - Debug Correios Resposta: SimpleXMLElement Object
(
    [cServico] => SimpleXMLElement Object
        (
            [Codigo] => 03298
            [Valor] => 19,00
            [PrazoEntrega] => 7
            [ValorSemAdicionais] => 19,00
            [ValorMaoPropria] => 0,00
            [ValorAvisoRecebimento] => 0,00
            [ValorValorDeclarado] => 0,00
            [EntregaDomiciliar] => S
            [EntregaSabado] => N
            [obsFim] => SimpleXMLElement Object
                (
                )

            [Erro] => 0
            [MsgErro] => SimpleXMLElement Object
                (
                )

        )

)

06-09-2022 @ 08:04:05 - Calculo Online - Correios URL: http://ws.correios.com.br/calculador/CalcPrecoPrazo.aspx?nCdServico=03298&nCdEmpresa=22047719&sDsSenha=Imp3ri@l237&sCepDestino=05685090&sCepOrigem=96412830&nVlAltura=5,00&nVlLargura=25,00&nVlDiametro=0&nVlComprimento=30,00&nVlPeso=1,00&nCdFormato=1&sCdMaoPropria=N&nVlValorDeclarado=0,00&sCdAvisoRecebimento=N&StrRetorno=xml
06-09-2022 @ 08:04:05 - Debug Correios Resposta: SimpleXMLElement Object
(
    [cServico] => SimpleXMLElement Object
        (
            [Codigo] => 03298
            [Valor] => 24,15
            [PrazoEntrega] => 7
            [ValorSemAdicionais] => 24,15
            [ValorMaoPropria] => 0,00
            [ValorAvisoRecebimento] => 0,00
            [ValorValorDeclarado] => 0,00
            [EntregaDomiciliar] => S
            [EntregaSabado] => N
            [obsFim] => SimpleXMLElement Object
                (
                )

            [Erro] => 0
            [MsgErro] => SimpleXMLElement Object
                (
                )

        )

)

06-09-2022 @ 08:30:54 - Calculo Online - Correios URL: http://ws.correios.com.br/calculador/CalcPrecoPrazo.aspx?nCdServico=03298&nCdEmpresa=22047719&sDsSenha=Imp3ri@l237&sCepDestino=79090000&sCepOrigem=96412830&nVlAltura=10,00&nVlLargura=50,00&nVlDiametro=0&nVlComprimento=50,00&nVlPeso=4,00&nCdFormato=1&sCdMaoPropria=N&nVlValorDeclarado=0,00&sCdAvisoRecebimento=N&StrRetorno=xml
06-09-2022 @ 08:30:54 - Debug Correios Resposta: SimpleXMLElement Object
(
    [cServico] => SimpleXMLElement Object
        (
            [Codigo] => 03298
            [Valor] => 68,26
            [PrazoEntrega] => 7
            [ValorSemAdicionais] => 68,26
            [ValorMaoPropria] => 0,00
            [ValorAvisoRecebimento] => 0,00
            [ValorValorDeclarado] => 0,00
            [EntregaDomiciliar] => S
            [EntregaSabado] => N
            [obsFim] => SimpleXMLElement Object
                (
                )

            [Erro] => 0
            [MsgErro] => SimpleXMLElement Object
                (
                )

        )

)

06-09-2022 @ 09:30:07 - Calculo Online - Correios URL: http://ws.correios.com.br/calculador/CalcPrecoPrazo.aspx?nCdServico=03298&nCdEmpresa=22047719&sDsSenha=Imp3ri@l237&sCepDestino=85770000&sCepOrigem=96412830&nVlAltura=10,00&nVlLargura=30,00&nVlDiametro=0&nVlComprimento=30,00&nVlPeso=3,00&nCdFormato=1&sCdMaoPropria=N&nVlValorDeclarado=0,00&sCdAvisoRecebimento=N&StrRetorno=xml
06-09-2022 @ 09:30:07 - Debug Correios Resposta: SimpleXMLElement Object
(
    [cServico] => SimpleXMLElement Object
        (
            [Codigo] => 03298
            [Valor] => 33,04
            [PrazoEntrega] => 11
            [ValorSemAdicionais] => 33,04
            [ValorMaoPropria] => 0,00
            [ValorAvisoRecebimento] => 0,00
            [ValorValorDeclarado] => 0,00
            [EntregaDomiciliar] => S
            [EntregaSabado] => N
            [obsFim] => Para as localidades com CEP único, com terminação 000, ou seja, que não possuem CEPs por logradouro, considera-se entrega domiciliária aquela prevista nos termos da Portaria nº 2.729/2021 do Ministério das Comunicações.
            [Erro] => 0
            [MsgErro] => SimpleXMLElement Object
                (
                )

        )

)

06-09-2022 @ 10:01:38 - Calculo Online - Correios URL: http://ws.correios.com.br/calculador/CalcPrecoPrazo.aspx?nCdServico=03298&nCdEmpresa=22047719&sDsSenha=Imp3ri@l237&sCepDestino=12530000&sCepOrigem=96412830&nVlAltura=33,00&nVlLargura=35,00&nVlDiametro=0&nVlComprimento=35,00&nVlPeso=3,00&nCdFormato=1&sCdMaoPropria=N&nVlValorDeclarado=0,00&sCdAvisoRecebimento=N&StrRetorno=xml
06-09-2022 @ 10:01:38 - Debug Correios Resposta: SimpleXMLElement Object
(
    [cServico] => SimpleXMLElement Object
        (
            [Codigo] => 03298
            [Valor] => 54,92
            [PrazoEntrega] => 10
            [ValorSemAdicionais] => 54,92
            [ValorMaoPropria] => 0,00
            [ValorAvisoRecebimento] => 0,00
            [ValorValorDeclarado] => 0,00
            [EntregaDomiciliar] => S
            [EntregaSabado] => N
            [obsFim] => Para as localidades com CEP único, com terminação 000, ou seja, que não possuem CEPs por logradouro, considera-se entrega domiciliária aquela prevista nos termos da Portaria nº 2.729/2021 do Ministério das Comunicações.
            [Erro] => 0
            [MsgErro] => SimpleXMLElement Object
                (
                )

        )

)

06-09-2022 @ 10:01:43 - Calculo Online - Correios URL: http://ws.correios.com.br/calculador/CalcPrecoPrazo.aspx?nCdServico=03298&nCdEmpresa=22047719&sDsSenha=Imp3ri@l237&sCepDestino=12530000&sCepOrigem=96412830&nVlAltura=33,00&nVlLargura=35,00&nVlDiametro=0&nVlComprimento=35,00&nVlPeso=3,00&nCdFormato=1&sCdMaoPropria=N&nVlValorDeclarado=0,00&sCdAvisoRecebimento=N&StrRetorno=xml
06-09-2022 @ 10:01:43 - Debug Correios Resposta: SimpleXMLElement Object
(
    [cServico] => SimpleXMLElement Object
        (
            [Codigo] => 03298
            [Valor] => 54,92
            [PrazoEntrega] => 10
            [ValorSemAdicionais] => 54,92
            [ValorMaoPropria] => 0,00
            [ValorAvisoRecebimento] => 0,00
            [ValorValorDeclarado] => 0,00
            [EntregaDomiciliar] => S
            [EntregaSabado] => N
            [obsFim] => Para as localidades com CEP único, com terminação 000, ou seja, que não possuem CEPs por logradouro, considera-se entrega domiciliária aquela prevista nos termos da Portaria nº 2.729/2021 do Ministério das Comunicações.
            [Erro] => 0
            [MsgErro] => SimpleXMLElement Object
                (
                )

        )

)

06-09-2022 @ 10:06:11 - Calculo Online - Correios URL: http://ws.correios.com.br/calculador/CalcPrecoPrazo.aspx?nCdServico=03298&nCdEmpresa=22047719&sDsSenha=Imp3ri@l237&sCepDestino=13085624&sCepOrigem=96412830&nVlAltura=33,00&nVlLargura=35,00&nVlDiametro=0&nVlComprimento=35,00&nVlPeso=3,00&nCdFormato=1&sCdMaoPropria=N&nVlValorDeclarado=0,00&sCdAvisoRecebimento=N&StrRetorno=xml
06-09-2022 @ 10:06:11 - Debug Correios Resposta: SimpleXMLElement Object
(
    [cServico] => SimpleXMLElement Object
        (
            [Codigo] => 03298
            [Valor] => 54,92
            [PrazoEntrega] => 6
            [ValorSemAdicionais] => 54,92
            [ValorMaoPropria] => 0,00
            [ValorAvisoRecebimento] => 0,00
            [ValorValorDeclarado] => 0,00
            [EntregaDomiciliar] => S
            [EntregaSabado] => N
            [obsFim] => SimpleXMLElement Object
                (
                )

            [Erro] => 0
            [MsgErro] => SimpleXMLElement Object
                (
                )

        )

)

06-09-2022 @ 10:23:16 - Calculo Online - Correios URL: http://ws.correios.com.br/calculador/CalcPrecoPrazo.aspx?nCdServico=03298&nCdEmpresa=22047719&sDsSenha=Imp3ri@l237&sCepDestino=91530010&sCepOrigem=96412830&nVlAltura=5,00&nVlLargura=25,00&nVlDiametro=0&nVlComprimento=30,00&nVlPeso=1,00&nCdFormato=1&sCdMaoPropria=N&nVlValorDeclarado=0,00&sCdAvisoRecebimento=N&StrRetorno=xml
06-09-2022 @ 10:23:16 - Debug Correios Resposta: SimpleXMLElement Object
(
    [cServico] => SimpleXMLElement Object
        (
            [Codigo] => 03298
            [Valor] => 18,05
            [PrazoEntrega] => 5
            [ValorSemAdicionais] => 18,05
            [ValorMaoPropria] => 0,00
            [ValorAvisoRecebimento] => 0,00
            [ValorValorDeclarado] => 0,00
            [EntregaDomiciliar] => S
            [EntregaSabado] => N
            [obsFim] => SimpleXMLElement Object
                (
                )

            [Erro] => 0
            [MsgErro] => SimpleXMLElement Object
                (
                )

        )

)

06-09-2022 @ 10:24:27 - Calculo Online - Correios URL: http://ws.correios.com.br/calculador/CalcPrecoPrazo.aspx?nCdServico=03298&nCdEmpresa=22047719&sDsSenha=Imp3ri@l237&sCepDestino=91530010&sCepOrigem=96412830&nVlAltura=5,00&nVlLargura=25,00&nVlDiametro=0&nVlComprimento=30,00&nVlPeso=1,00&nCdFormato=1&sCdMaoPropria=N&nVlValorDeclarado=0,00&sCdAvisoRecebimento=N&StrRetorno=xml
06-09-2022 @ 10:24:27 - Debug Correios Resposta: SimpleXMLElement Object
(
    [cServico] => SimpleXMLElement Object
        (
            [Codigo] => 03298
            [Valor] => 18,05
            [PrazoEntrega] => 5
            [ValorSemAdicionais] => 18,05
            [ValorMaoPropria] => 0,00
            [ValorAvisoRecebimento] => 0,00
            [ValorValorDeclarado] => 0,00
            [EntregaDomiciliar] => S
            [EntregaSabado] => N
            [obsFim] => SimpleXMLElement Object
                (
                )

            [Erro] => 0
            [MsgErro] => SimpleXMLElement Object
                (
                )

        )

)

06-09-2022 @ 10:37:37 - Calculo Online - Correios URL: http://ws.correios.com.br/calculador/CalcPrecoPrazo.aspx?nCdServico=03298&nCdEmpresa=22047719&sDsSenha=Imp3ri@l237&sCepDestino=13214563&sCepOrigem=96412830&nVlAltura=10,00&nVlLargura=40,00&nVlDiametro=0&nVlComprimento=50,00&nVlPeso=3,00&nCdFormato=1&sCdMaoPropria=N&nVlValorDeclarado=0,00&sCdAvisoRecebimento=N&StrRetorno=xml
06-09-2022 @ 10:37:37 - Debug Correios Resposta: SimpleXMLElement Object
(
    [cServico] => SimpleXMLElement Object
        (
            [Codigo] => 03298
            [Valor] => 33,04
            [PrazoEntrega] => 6
            [ValorSemAdicionais] => 33,04
            [ValorMaoPropria] => 0,00
            [ValorAvisoRecebimento] => 0,00
            [ValorValorDeclarado] => 0,00
            [EntregaDomiciliar] => S
            [EntregaSabado] => N
            [obsFim] => SimpleXMLElement Object
                (
                )

            [Erro] => 0
            [MsgErro] => SimpleXMLElement Object
                (
                )

        )

)

06-09-2022 @ 10:37:51 - Calculo Online - Correios URL: http://ws.correios.com.br/calculador/CalcPrecoPrazo.aspx?nCdServico=03298&nCdEmpresa=22047719&sDsSenha=Imp3ri@l237&sCepDestino=13214563&sCepOrigem=96412830&nVlAltura=10,00&nVlLargura=40,00&nVlDiametro=0&nVlComprimento=50,00&nVlPeso=3,00&nCdFormato=1&sCdMaoPropria=N&nVlValorDeclarado=0,00&sCdAvisoRecebimento=N&StrRetorno=xml
06-09-2022 @ 10:37:51 - Debug Correios Resposta: SimpleXMLElement Object
(
    [cServico] => SimpleXMLElement Object
        (
            [Codigo] => 03298
            [Valor] => 33,04
            [PrazoEntrega] => 6
            [ValorSemAdicionais] => 33,04
            [ValorMaoPropria] => 0,00
            [ValorAvisoRecebimento] => 0,00
            [ValorValorDeclarado] => 0,00
            [EntregaDomiciliar] => S
            [EntregaSabado] => N
            [obsFim] => SimpleXMLElement Object
                (
                )

            [Erro] => 0
            [MsgErro] => SimpleXMLElement Object
                (
                )

        )

)

06-09-2022 @ 11:04:40 - Calculo Online - Correios URL: http://ws.correios.com.br/calculador/CalcPrecoPrazo.aspx?nCdServico=03298&nCdEmpresa=22047719&sDsSenha=Imp3ri@l237&sCepDestino=13870188&sCepOrigem=96412830&nVlAltura=20,00&nVlLargura=65,00&nVlDiametro=0&nVlComprimento=70,00&nVlPeso=20,00&nCdFormato=1&sCdMaoPropria=N&nVlValorDeclarado=0,00&sCdAvisoRecebimento=N&StrRetorno=xml
06-09-2022 @ 11:04:40 - Debug Correios Resposta: SimpleXMLElement Object
(
    [cServico] => SimpleXMLElement Object
        (
            [Codigo] => 03298
            [Valor] => 166,10
            [PrazoEntrega] => 7
            [ValorSemAdicionais] => 166,10
            [ValorMaoPropria] => 0,00
            [ValorAvisoRecebimento] => 0,00
            [ValorValorDeclarado] => 0,00
            [EntregaDomiciliar] => N
            [EntregaSabado] => N
            [obsFim] => SimpleXMLElement Object
                (
                )

            [Erro] => 0
            [MsgErro] => SimpleXMLElement Object
                (
                )

        )

)

06-09-2022 @ 11:28:03 - Calculo Online - Correios URL: http://ws.correios.com.br/calculador/CalcPrecoPrazo.aspx?nCdServico=03298&nCdEmpresa=22047719&sDsSenha=Imp3ri@l237&sCepDestino=81210070&sCepOrigem=96412830&nVlAltura=45,00&nVlLargura=45,00&nVlDiametro=0&nVlComprimento=45,00&nVlPeso=3,50&nCdFormato=1&sCdMaoPropria=N&nVlValorDeclarado=0,00&sCdAvisoRecebimento=N&StrRetorno=xml
06-09-2022 @ 11:28:03 - Debug Correios Resposta: SimpleXMLElement Object
(
    [cServico] => SimpleXMLElement Object
        (
            [Codigo] => 03298
            [Valor] => 129,34
            [PrazoEntrega] => 7
            [ValorSemAdicionais] => 129,34
            [ValorMaoPropria] => 0,00
            [ValorAvisoRecebimento] => 0,00
            [ValorValorDeclarado] => 0,00
            [EntregaDomiciliar] => S
            [EntregaSabado] => N
            [obsFim] => SimpleXMLElement Object
                (
                )

            [Erro] => 0
            [MsgErro] => SimpleXMLElement Object
                (
                )

        )

)

06-09-2022 @ 12:00:12 - Calculo Online - Correios URL: http://ws.correios.com.br/calculador/CalcPrecoPrazo.aspx?nCdServico=03298&nCdEmpresa=22047719&sDsSenha=Imp3ri@l237&sCepDestino=64058200&sCepOrigem=96412830&nVlAltura=5,00&nVlLargura=25,00&nVlDiametro=0&nVlComprimento=30,00&nVlPeso=1,00&nCdFormato=1&sCdMaoPropria=N&nVlValorDeclarado=0,00&sCdAvisoRecebimento=N&StrRetorno=xml
06-09-2022 @ 12:00:12 - Debug Correios Resposta: SimpleXMLElement Object
(
    [cServico] => SimpleXMLElement Object
        (
            [Codigo] => 03298
            [Valor] => 65,60
            [PrazoEntrega] => 9
            [ValorSemAdicionais] => 65,60
            [ValorMaoPropria] => 0,00
            [ValorAvisoRecebimento] => 0,00
            [ValorValorDeclarado] => 0,00
            [EntregaDomiciliar] => S
            [EntregaSabado] => N
            [obsFim] => SimpleXMLElement Object
                (
                )

            [Erro] => 0
            [MsgErro] => SimpleXMLElement Object
                (
                )

        )

)

06-09-2022 @ 12:10:40 - Calculo Online - Correios URL: http://ws.correios.com.br/calculador/CalcPrecoPrazo.aspx?nCdServico=03298&nCdEmpresa=22047719&sDsSenha=Imp3ri@l237&sCepDestino=28490000&sCepOrigem=96412830&nVlAltura=15,00&nVlLargura=40,00&nVlDiametro=0&nVlComprimento=40,00&nVlPeso=1,25&nCdFormato=1&sCdMaoPropria=N&nVlValorDeclarado=0,00&sCdAvisoRecebimento=N&StrRetorno=xml
06-09-2022 @ 12:10:40 - Debug Correios Resposta: SimpleXMLElement Object
(
    [cServico] => SimpleXMLElement Object
        (
            [Codigo] => 03298
            [Valor] => 33,85
            [PrazoEntrega] => 11
            [ValorSemAdicionais] => 33,85
            [ValorMaoPropria] => 0,00
            [ValorAvisoRecebimento] => 0,00
            [ValorValorDeclarado] => 0,00
            [EntregaDomiciliar] => S
            [EntregaSabado] => N
            [obsFim] => Para as localidades com CEP único, com terminação 000, ou seja, que não possuem CEPs por logradouro, considera-se entrega domiciliária aquela prevista nos termos da Portaria nº 2.729/2021 do Ministério das Comunicações.
            [Erro] => 0
            [MsgErro] => SimpleXMLElement Object
                (
                )

        )

)

06-09-2022 @ 12:11:34 - Calculo Online - Correios URL: http://ws.correios.com.br/calculador/CalcPrecoPrazo.aspx?nCdServico=03298&nCdEmpresa=22047719&sDsSenha=Imp3ri@l237&sCepDestino=90430131&sCepOrigem=96412830&nVlAltura=10,00&nVlLargura=23,00&nVlDiametro=0&nVlComprimento=30,00&nVlPeso=0,40&nCdFormato=1&sCdMaoPropria=N&nVlValorDeclarado=0,00&sCdAvisoRecebimento=N&StrRetorno=xml
06-09-2022 @ 12:11:34 - Debug Correios Resposta: SimpleXMLElement Object
(
    [cServico] => SimpleXMLElement Object
        (
            [Codigo] => 03298
            [Valor] => 16,84
            [PrazoEntrega] => 5
            [ValorSemAdicionais] => 16,84
            [ValorMaoPropria] => 0,00
            [ValorAvisoRecebimento] => 0,00
            [ValorValorDeclarado] => 0,00
            [EntregaDomiciliar] => S
            [EntregaSabado] => N
            [obsFim] => SimpleXMLElement Object
                (
                )

            [Erro] => 0
            [MsgErro] => SimpleXMLElement Object
                (
                )

        )

)

06-09-2022 @ 12:45:28 - Calculo Online - Correios URL: http://ws.correios.com.br/calculador/CalcPrecoPrazo.aspx?nCdServico=03298&nCdEmpresa=22047719&sDsSenha=Imp3ri@l237&sCepDestino=08280630&sCepOrigem=96412830&nVlAltura=8,00&nVlLargura=40,00&nVlDiametro=0&nVlComprimento=40,00&nVlPeso=2,00&nCdFormato=1&sCdMaoPropria=N&nVlValorDeclarado=0,00&sCdAvisoRecebimento=N&StrRetorno=xml
06-09-2022 @ 12:45:28 - Debug Correios Resposta: SimpleXMLElement Object
(
    [cServico] => SimpleXMLElement Object
        (
            [Codigo] => 03298
            [Valor] => 28,66
            [PrazoEntrega] => 7
            [ValorSemAdicionais] => 28,66
            [ValorMaoPropria] => 0,00
            [ValorAvisoRecebimento] => 0,00
            [ValorValorDeclarado] => 0,00
            [EntregaDomiciliar] => S
            [EntregaSabado] => N
            [obsFim] => SimpleXMLElement Object
                (
                )

            [Erro] => 0
            [MsgErro] => SimpleXMLElement Object
                (
                )

        )

)

06-09-2022 @ 12:54:28 - Calculo Online - Correios URL: http://ws.correios.com.br/calculador/CalcPrecoPrazo.aspx?nCdServico=03298&nCdEmpresa=22047719&sDsSenha=Imp3ri@l237&sCepDestino=08280630&sCepOrigem=96412830&nVlAltura=8,00&nVlLargura=40,00&nVlDiametro=0&nVlComprimento=40,00&nVlPeso=2,00&nCdFormato=1&sCdMaoPropria=N&nVlValorDeclarado=0,00&sCdAvisoRecebimento=N&StrRetorno=xml
06-09-2022 @ 12:54:28 - Debug Correios Resposta: SimpleXMLElement Object
(
    [cServico] => SimpleXMLElement Object
        (
            [Codigo] => 03298
            [Valor] => 28,66
            [PrazoEntrega] => 7
            [ValorSemAdicionais] => 28,66
            [ValorMaoPropria] => 0,00
            [ValorAvisoRecebimento] => 0,00
            [ValorValorDeclarado] => 0,00
            [EntregaDomiciliar] => S
            [EntregaSabado] => N
            [obsFim] => SimpleXMLElement Object
                (
                )

            [Erro] => 0
            [MsgErro] => SimpleXMLElement Object
                (
                )

        )

)

06-09-2022 @ 13:27:39 - Calculo Online - Correios URL: http://ws.correios.com.br/calculador/CalcPrecoPrazo.aspx?nCdServico=03298&nCdEmpresa=22047719&sDsSenha=Imp3ri@l237&sCepDestino=17500120&sCepOrigem=96412830&nVlAltura=10,00&nVlLargura=30,00&nVlDiametro=0&nVlComprimento=40,00&nVlPeso=2,00&nCdFormato=1&sCdMaoPropria=N&nVlValorDeclarado=0,00&sCdAvisoRecebimento=N&StrRetorno=xml
06-09-2022 @ 13:27:39 - Debug Correios Resposta: SimpleXMLElement Object
(
    [cServico] => SimpleXMLElement Object
        (
            [Codigo] => 03298
            [Valor] => 28,66
            [PrazoEntrega] => 6
            [ValorSemAdicionais] => 28,66
            [ValorMaoPropria] => 0,00
            [ValorAvisoRecebimento] => 0,00
            [ValorValorDeclarado] => 0,00
            [EntregaDomiciliar] => S
            [EntregaSabado] => N
            [obsFim] => SimpleXMLElement Object
                (
                )

            [Erro] => 0
            [MsgErro] => SimpleXMLElement Object
                (
                )

        )

)

06-09-2022 @ 13:52:54 - Calculo Online - Correios URL: http://ws.correios.com.br/calculador/CalcPrecoPrazo.aspx?nCdServico=03298&nCdEmpresa=22047719&sDsSenha=Imp3ri@l237&sCepDestino=38060410&sCepOrigem=96412830&nVlAltura=5,00&nVlLargura=25,00&nVlDiametro=0&nVlComprimento=30,00&nVlPeso=1,00&nCdFormato=1&sCdMaoPropria=N&nVlValorDeclarado=0,00&sCdAvisoRecebimento=N&StrRetorno=xml
06-09-2022 @ 13:52:54 - Debug Correios Resposta: SimpleXMLElement Object
(
    [cServico] => SimpleXMLElement Object
        (
            [Codigo] => 03298
            [Valor] => 29,10
            [PrazoEntrega] => 7
            [ValorSemAdicionais] => 29,10
            [ValorMaoPropria] => 0,00
            [ValorAvisoRecebimento] => 0,00
            [ValorValorDeclarado] => 0,00
            [EntregaDomiciliar] => S
            [EntregaSabado] => N
            [obsFim] => SimpleXMLElement Object
                (
                )

            [Erro] => 0
            [MsgErro] => SimpleXMLElement Object
                (
                )

        )

)

06-09-2022 @ 13:52:58 - Calculo Online - Correios URL: http://ws.correios.com.br/calculador/CalcPrecoPrazo.aspx?nCdServico=03298&nCdEmpresa=22047719&sDsSenha=Imp3ri@l237&sCepDestino=38050410&sCepOrigem=96412830&nVlAltura=5,00&nVlLargura=25,00&nVlDiametro=0&nVlComprimento=30,00&nVlPeso=1,00&nCdFormato=1&sCdMaoPropria=N&nVlValorDeclarado=0,00&sCdAvisoRecebimento=N&StrRetorno=xml
06-09-2022 @ 13:52:58 - Debug Correios Resposta: SimpleXMLElement Object
(
    [cServico] => SimpleXMLElement Object
        (
            [Codigo] => 03298
            [Valor] => 29,10
            [PrazoEntrega] => 7
            [ValorSemAdicionais] => 29,10
            [ValorMaoPropria] => 0,00
            [ValorAvisoRecebimento] => 0,00
            [ValorValorDeclarado] => 0,00
            [EntregaDomiciliar] => S
            [EntregaSabado] => N
            [obsFim] => SimpleXMLElement Object
                (
                )

            [Erro] => 0
            [MsgErro] => SimpleXMLElement Object
                (
                )

        )

)

06-09-2022 @ 13:53:59 - Calculo Online - Correios URL: http://ws.correios.com.br/calculador/CalcPrecoPrazo.aspx?nCdServico=03298&nCdEmpresa=22047719&sDsSenha=Imp3ri@l237&sCepDestino=90420001&sCepOrigem=96412830&nVlAltura=10,00&nVlLargura=40,00&nVlDiametro=0&nVlComprimento=50,00&nVlPeso=3,00&nCdFormato=1&sCdMaoPropria=N&nVlValorDeclarado=0,00&sCdAvisoRecebimento=N&StrRetorno=xml
06-09-2022 @ 13:53:59 - Debug Correios Resposta: SimpleXMLElement Object
(
    [cServico] => SimpleXMLElement Object
        (
            [Codigo] => 03298
            [Valor] => 22,72
            [PrazoEntrega] => 5
            [ValorSemAdicionais] => 22,72
            [ValorMaoPropria] => 0,00
            [ValorAvisoRecebimento] => 0,00
            [ValorValorDeclarado] => 0,00
            [EntregaDomiciliar] => S
            [EntregaSabado] => N
            [obsFim] => SimpleXMLElement Object
                (
                )

            [Erro] => 0
            [MsgErro] => SimpleXMLElement Object
                (
                )

        )

)

06-09-2022 @ 14:05:35 - Calculo Online - Correios URL: http://ws.correios.com.br/calculador/CalcPrecoPrazo.aspx?nCdServico=03298&nCdEmpresa=22047719&sDsSenha=Imp3ri@l237&sCepDestino=23045120&sCepOrigem=96412830&nVlAltura=45,00&nVlLargura=45,00&nVlDiametro=0&nVlComprimento=45,00&nVlPeso=3,50&nCdFormato=1&sCdMaoPropria=N&nVlValorDeclarado=0,00&sCdAvisoRecebimento=N&StrRetorno=xml
06-09-2022 @ 14:05:35 - Debug Correios Resposta: SimpleXMLElement Object
(
    [cServico] => SimpleXMLElement Object
        (
            [Codigo] => 03298
            [Valor] => 145,36
            [PrazoEntrega] => 7
            [ValorSemAdicionais] => 145,36
            [ValorMaoPropria] => 0,00
            [ValorAvisoRecebimento] => 0,00
            [ValorValorDeclarado] => 0,00
            [EntregaDomiciliar] => S
            [EntregaSabado] => N
            [obsFim] => SimpleXMLElement Object
                (
                )

            [Erro] => 0
            [MsgErro] => SimpleXMLElement Object
                (
                )

        )

)

06-09-2022 @ 14:09:35 - Calculo Online - Correios URL: http://ws.correios.com.br/calculador/CalcPrecoPrazo.aspx?nCdServico=03298&nCdEmpresa=22047719&sDsSenha=Imp3ri@l237&sCepDestino=08280630&sCepOrigem=96412830&nVlAltura=25,30&nVlLargura=25,30&nVlDiametro=0&nVlComprimento=40,00&nVlPeso=4,00&nCdFormato=1&sCdMaoPropria=N&nVlValorDeclarado=0,00&sCdAvisoRecebimento=N&StrRetorno=xml
06-09-2022 @ 14:09:35 - Debug Correios Resposta: SimpleXMLElement Object
(
    [cServico] => SimpleXMLElement Object
        (
            [Codigo] => 03298
            [Valor] => 42,36
            [PrazoEntrega] => 7
            [ValorSemAdicionais] => 42,36
            [ValorMaoPropria] => 0,00
            [ValorAvisoRecebimento] => 0,00
            [ValorValorDeclarado] => 0,00
            [EntregaDomiciliar] => S
            [EntregaSabado] => N
            [obsFim] => SimpleXMLElement Object
                (
                )

            [Erro] => 0
            [MsgErro] => SimpleXMLElement Object
                (
                )

        )

)

06-09-2022 @ 14:15:44 - Calculo Online - Correios URL: http://ws.correios.com.br/calculador/CalcPrecoPrazo.aspx?nCdServico=03298&nCdEmpresa=22047719&sDsSenha=Imp3ri@l237&sCepDestino=85660000&sCepOrigem=96412830&nVlAltura=15,00&nVlLargura=25,00&nVlDiametro=0&nVlComprimento=40,00&nVlPeso=2,00&nCdFormato=1&sCdMaoPropria=N&nVlValorDeclarado=0,00&sCdAvisoRecebimento=N&StrRetorno=xml
06-09-2022 @ 14:15:44 - Debug Correios Resposta: SimpleXMLElement Object
(
    [cServico] => SimpleXMLElement Object
        (
            [Codigo] => 03298
            [Valor] => 28,66
            [PrazoEntrega] => 10
            [ValorSemAdicionais] => 28,66
            [ValorMaoPropria] => 0,00
            [ValorAvisoRecebimento] => 0,00
            [ValorValorDeclarado] => 0,00
            [EntregaDomiciliar] => S
            [EntregaSabado] => N
            [obsFim] => Para as localidades com CEP único, com terminação 000, ou seja, que não possuem CEPs por logradouro, considera-se entrega domiciliária aquela prevista nos termos da Portaria nº 2.729/2021 do Ministério das Comunicações.
            [Erro] => 0
            [MsgErro] => SimpleXMLElement Object
                (
                )

        )

)

06-09-2022 @ 14:37:46 - Calculo Online - Correios URL: http://ws.correios.com.br/calculador/CalcPrecoPrazo.aspx?nCdServico=03298&nCdEmpresa=22047719&sDsSenha=Imp3ri@l237&sCepDestino=89249000&sCepOrigem=96412830&nVlAltura=10,00&nVlLargura=27,00&nVlDiametro=0&nVlComprimento=27,00&nVlPeso=1,00&nCdFormato=1&sCdMaoPropria=N&nVlValorDeclarado=0,00&sCdAvisoRecebimento=N&StrRetorno=xml
06-09-2022 @ 14:37:46 - Debug Correios Resposta: SimpleXMLElement Object
(
    [cServico] => SimpleXMLElement Object
        (
            [Codigo] => 03298
            [Valor] => 24,15
            [PrazoEntrega] => 11
            [ValorSemAdicionais] => 24,15
            [ValorMaoPropria] => 0,00
            [ValorAvisoRecebimento] => 0,00
            [ValorValorDeclarado] => 0,00
            [EntregaDomiciliar] => S
            [EntregaSabado] => N
            [obsFim] => Para as localidades com CEP único, com terminação 000, ou seja, que não possuem CEPs por logradouro, considera-se entrega domiciliária aquela prevista nos termos da Portaria nº 2.729/2021 do Ministério das Comunicações.
            [Erro] => 0
            [MsgErro] => SimpleXMLElement Object
                (
                )

        )

)

06-09-2022 @ 14:45:29 - Calculo Online - Correios URL: http://ws.correios.com.br/calculador/CalcPrecoPrazo.aspx?nCdServico=03298&nCdEmpresa=22047719&sDsSenha=Imp3ri@l237&sCepDestino=01227200&sCepOrigem=96412830&nVlAltura=10,00&nVlLargura=23,00&nVlDiametro=0&nVlComprimento=30,00&nVlPeso=0,40&nCdFormato=1&sCdMaoPropria=N&nVlValorDeclarado=0,00&sCdAvisoRecebimento=N&StrRetorno=xml
06-09-2022 @ 14:45:29 - Debug Correios Resposta: SimpleXMLElement Object
(
    [cServico] => SimpleXMLElement Object
        (
            [Codigo] => 03298
            [Valor] => 22,79
            [PrazoEntrega] => 7
            [ValorSemAdicionais] => 22,79
            [ValorMaoPropria] => 0,00
            [ValorAvisoRecebimento] => 0,00
            [ValorValorDeclarado] => 0,00
            [EntregaDomiciliar] => S
            [EntregaSabado] => N
            [obsFim] => SimpleXMLElement Object
                (
                )

            [Erro] => 0
            [MsgErro] => SimpleXMLElement Object
                (
                )

        )

)

06-09-2022 @ 14:54:31 - Calculo Online - Correios URL: http://ws.correios.com.br/calculador/CalcPrecoPrazo.aspx?nCdServico=03298&nCdEmpresa=22047719&sDsSenha=Imp3ri@l237&sCepDestino=01227200&sCepOrigem=96412830&nVlAltura=10,00&nVlLargura=23,00&nVlDiametro=0&nVlComprimento=30,00&nVlPeso=0,40&nCdFormato=1&sCdMaoPropria=N&nVlValorDeclarado=0,00&sCdAvisoRecebimento=N&StrRetorno=xml
06-09-2022 @ 14:54:31 - Debug Correios Resposta: SimpleXMLElement Object
(
    [cServico] => SimpleXMLElement Object
        (
            [Codigo] => 03298
            [Valor] => 22,79
            [PrazoEntrega] => 7
            [ValorSemAdicionais] => 22,79
            [ValorMaoPropria] => 0,00
            [ValorAvisoRecebimento] => 0,00
            [ValorValorDeclarado] => 0,00
            [EntregaDomiciliar] => S
            [EntregaSabado] => N
            [obsFim] => SimpleXMLElement Object
                (
                )

            [Erro] => 0
            [MsgErro] => SimpleXMLElement Object
                (
                )

        )

)

06-09-2022 @ 14:54:40 - Calculo Online - Correios URL: http://ws.correios.com.br/calculador/CalcPrecoPrazo.aspx?nCdServico=03298&nCdEmpresa=22047719&sDsSenha=Imp3ri@l237&sCepDestino=01227200&sCepOrigem=96412830&nVlAltura=10,00&nVlLargura=23,00&nVlDiametro=0&nVlComprimento=30,00&nVlPeso=0,40&nCdFormato=1&sCdMaoPropria=N&nVlValorDeclarado=0,00&sCdAvisoRecebimento=N&StrRetorno=xml
06-09-2022 @ 14:54:40 - Debug Correios Resposta: SimpleXMLElement Object
(
    [cServico] => SimpleXMLElement Object
        (
            [Codigo] => 03298
            [Valor] => 22,79
            [PrazoEntrega] => 7
            [ValorSemAdicionais] => 22,79
            [ValorMaoPropria] => 0,00
            [ValorAvisoRecebimento] => 0,00
            [ValorValorDeclarado] => 0,00
            [EntregaDomiciliar] => S
            [EntregaSabado] => N
            [obsFim] => SimpleXMLElement Object
                (
                )

            [Erro] => 0
            [MsgErro] => SimpleXMLElement Object
                (
                )

        )

)

06-09-2022 @ 14:54:44 - Calculo Online - Correios URL: http://ws.correios.com.br/calculador/CalcPrecoPrazo.aspx?nCdServico=03298&nCdEmpresa=22047719&sDsSenha=Imp3ri@l237&sCepDestino=01227200&sCepOrigem=96412830&nVlAltura=10,00&nVlLargura=23,00&nVlDiametro=0&nVlComprimento=30,00&nVlPeso=0,40&nCdFormato=1&sCdMaoPropria=N&nVlValorDeclarado=0,00&sCdAvisoRecebimento=N&StrRetorno=xml
06-09-2022 @ 14:54:44 - Debug Correios Resposta: SimpleXMLElement Object
(
    [cServico] => SimpleXMLElement Object
        (
            [Codigo] => 03298
            [Valor] => 22,79
            [PrazoEntrega] => 7
            [ValorSemAdicionais] => 22,79
            [ValorMaoPropria] => 0,00
            [ValorAvisoRecebimento] => 0,00
            [ValorValorDeclarado] => 0,00
            [EntregaDomiciliar] => S
            [EntregaSabado] => N
            [obsFim] => SimpleXMLElement Object
                (
                )

            [Erro] => 0
            [MsgErro] => SimpleXMLElement Object
                (
                )

        )

)

06-09-2022 @ 14:54:49 - Calculo Online - Correios URL: http://ws.correios.com.br/calculador/CalcPrecoPrazo.aspx?nCdServico=03298&nCdEmpresa=22047719&sDsSenha=Imp3ri@l237&sCepDestino=01227200&sCepOrigem=96412830&nVlAltura=10,00&nVlLargura=23,00&nVlDiametro=0&nVlComprimento=30,00&nVlPeso=0,40&nCdFormato=1&sCdMaoPropria=N&nVlValorDeclarado=0,00&sCdAvisoRecebimento=N&StrRetorno=xml
06-09-2022 @ 14:54:49 - Debug Correios Resposta: SimpleXMLElement Object
(
    [cServico] => SimpleXMLElement Object
        (
            [Codigo] => 03298
            [Valor] => 22,79
            [PrazoEntrega] => 7
            [ValorSemAdicionais] => 22,79
            [ValorMaoPropria] => 0,00
            [ValorAvisoRecebimento] => 0,00
            [ValorValorDeclarado] => 0,00
            [EntregaDomiciliar] => S
            [EntregaSabado] => N
            [obsFim] => SimpleXMLElement Object
                (
                )

            [Erro] => 0
            [MsgErro] => SimpleXMLElement Object
                (
                )

        )

)

06-09-2022 @ 14:56:36 - Calculo Online - Correios URL: http://ws.correios.com.br/calculador/CalcPrecoPrazo.aspx?nCdServico=03298&nCdEmpresa=22047719&sDsSenha=Imp3ri@l237&sCepDestino=01227200&sCepOrigem=96412830&nVlAltura=10,00&nVlLargura=23,00&nVlDiametro=0&nVlComprimento=30,00&nVlPeso=0,40&nCdFormato=1&sCdMaoPropria=N&nVlValorDeclarado=0,00&sCdAvisoRecebimento=N&StrRetorno=xml
06-09-2022 @ 14:56:36 - Debug Correios Resposta: SimpleXMLElement Object
(
    [cServico] => SimpleXMLElement Object
        (
            [Codigo] => 03298
            [Valor] => 22,79
            [PrazoEntrega] => 7
            [ValorSemAdicionais] => 22,79
            [ValorMaoPropria] => 0,00
            [ValorAvisoRecebimento] => 0,00
            [ValorValorDeclarado] => 0,00
            [EntregaDomiciliar] => S
            [EntregaSabado] => N
            [obsFim] => SimpleXMLElement Object
                (
                )

            [Erro] => 0
            [MsgErro] => SimpleXMLElement Object
                (
                )

        )

)

06-09-2022 @ 14:57:07 - Calculo Online - Correios URL: http://ws.correios.com.br/calculador/CalcPrecoPrazo.aspx?nCdServico=03298&nCdEmpresa=22047719&sDsSenha=Imp3ri@l237&sCepDestino=06543001&sCepOrigem=96412830&nVlAltura=15,00&nVlLargura=35,00&nVlDiametro=0&nVlComprimento=40,00&nVlPeso=3,00&nCdFormato=1&sCdMaoPropria=N&nVlValorDeclarado=0,00&sCdAvisoRecebimento=N&StrRetorno=xml
06-09-2022 @ 14:57:07 - Debug Correios Resposta: SimpleXMLElement Object
(
    [cServico] => SimpleXMLElement Object
        (
            [Codigo] => 03298
            [Valor] => 33,04
            [PrazoEntrega] => 7
            [ValorSemAdicionais] => 33,04
            [ValorMaoPropria] => 0,00
            [ValorAvisoRecebimento] => 0,00
            [ValorValorDeclarado] => 0,00
            [EntregaDomiciliar] => S
            [EntregaSabado] => N
            [obsFim] => SimpleXMLElement Object
                (
                )

            [Erro] => 0
            [MsgErro] => SimpleXMLElement Object
                (
                )

        )

)

06-09-2022 @ 15:09:06 - Calculo Online - Correios URL: http://ws.correios.com.br/calculador/CalcPrecoPrazo.aspx?nCdServico=03298&nCdEmpresa=22047719&sDsSenha=Imp3ri@l237&sCepDestino=99300000&sCepOrigem=96412830&nVlAltura=10,00&nVlLargura=30,00&nVlDiametro=0&nVlComprimento=40,00&nVlPeso=2,00&nCdFormato=1&sCdMaoPropria=N&nVlValorDeclarado=0,00&sCdAvisoRecebimento=N&StrRetorno=xml
06-09-2022 @ 15:09:06 - Debug Correios Resposta: SimpleXMLElement Object
(
    [cServico] => SimpleXMLElement Object
        (
            [Codigo] => 03298
            [Valor] => 19,00
            [PrazoEntrega] => 6
            [ValorSemAdicionais] => 19,00
            [ValorMaoPropria] => 0,00
            [ValorAvisoRecebimento] => 0,00
            [ValorValorDeclarado] => 0,00
            [EntregaDomiciliar] => S
            [EntregaSabado] => N
            [obsFim] => Para as localidades com CEP único, com terminação 000, ou seja, que não possuem CEPs por logradouro, considera-se entrega domiciliária aquela prevista nos termos da Portaria nº 2.729/2021 do Ministério das Comunicações.
            [Erro] => 0
            [MsgErro] => SimpleXMLElement Object
                (
                )

        )

)

06-09-2022 @ 15:10:32 - Calculo Online - Correios URL: http://ws.correios.com.br/calculador/CalcPrecoPrazo.aspx?nCdServico=03298&nCdEmpresa=22047719&sDsSenha=Imp3ri@l237&sCepDestino=05145000&sCepOrigem=96412830&nVlAltura=10,00&nVlLargura=40,00&nVlDiametro=0&nVlComprimento=50,00&nVlPeso=3,00&nCdFormato=1&sCdMaoPropria=N&nVlValorDeclarado=0,00&sCdAvisoRecebimento=N&StrRetorno=xml
06-09-2022 @ 15:10:32 - Debug Correios Resposta: SimpleXMLElement Object
(
    [cServico] => SimpleXMLElement Object
        (
            [Codigo] => 03298
            [Valor] => 33,04
            [PrazoEntrega] => 7
            [ValorSemAdicionais] => 33,04
            [ValorMaoPropria] => 0,00
            [ValorAvisoRecebimento] => 0,00
            [ValorValorDeclarado] => 0,00
            [EntregaDomiciliar] => S
            [EntregaSabado] => N
            [obsFim] => SimpleXMLElement Object
                (
                )

            [Erro] => 0
            [MsgErro] => SimpleXMLElement Object
                (
                )

        )

)

06-09-2022 @ 15:51:09 - Calculo Online - Correios URL: http://ws.correios.com.br/calculador/CalcPrecoPrazo.aspx?nCdServico=03298&nCdEmpresa=22047719&sDsSenha=Imp3ri@l237&sCepDestino=21235280&sCepOrigem=96412830&nVlAltura=8,00&nVlLargura=40,00&nVlDiametro=0&nVlComprimento=40,00&nVlPeso=2,50&nCdFormato=1&sCdMaoPropria=N&nVlValorDeclarado=0,00&sCdAvisoRecebimento=N&StrRetorno=xml
06-09-2022 @ 15:51:09 - Debug Correios Resposta: SimpleXMLElement Object
(
    [cServico] => SimpleXMLElement Object
        (
            [Codigo] => 03298
            [Valor] => 38,76
            [PrazoEntrega] => 8
            [ValorSemAdicionais] => 38,76
            [ValorMaoPropria] => 0,00
            [ValorAvisoRecebimento] => 0,00
            [ValorValorDeclarado] => 0,00
            [EntregaDomiciliar] => N
            [EntregaSabado] => N
            [obsFim] => O CEP de destino está temporariamente sem entrega domiciliar. A entrega será efetuada na agência indicada no Aviso de Chegada que será entregue no endereço do destinatário.
            [Erro] => 010
            [MsgErro] => SimpleXMLElement Object
                (
                )

        )

)

06-09-2022 @ 15:56:00 - Calculo Online - Correios URL: http://ws.correios.com.br/calculador/CalcPrecoPrazo.aspx?nCdServico=03298&nCdEmpresa=22047719&sDsSenha=Imp3ri@l237&sCepDestino=96170000&sCepOrigem=96412830&nVlAltura=33,00&nVlLargura=35,00&nVlDiametro=0&nVlComprimento=35,00&nVlPeso=3,00&nCdFormato=1&sCdMaoPropria=N&nVlValorDeclarado=0,00&sCdAvisoRecebimento=N&StrRetorno=xml
06-09-2022 @ 15:56:00 - Debug Correios Resposta: SimpleXMLElement Object
(
    [cServico] => SimpleXMLElement Object
        (
            [Codigo] => 03298
            [Valor] => 28,90
            [PrazoEntrega] => 6
            [ValorSemAdicionais] => 28,90
            [ValorMaoPropria] => 0,00
            [ValorAvisoRecebimento] => 0,00
            [ValorValorDeclarado] => 0,00
            [EntregaDomiciliar] => S
            [EntregaSabado] => N
            [obsFim] => Para as localidades com CEP único, com terminação 000, ou seja, que não possuem CEPs por logradouro, considera-se entrega domiciliária aquela prevista nos termos da Portaria nº 2.729/2021 do Ministério das Comunicações.
            [Erro] => 0
            [MsgErro] => SimpleXMLElement Object
                (
                )

        )

)

06-09-2022 @ 16:06:07 - Calculo Online - Correios URL: http://ws.correios.com.br/calculador/CalcPrecoPrazo.aspx?nCdServico=03298&nCdEmpresa=22047719&sDsSenha=Imp3ri@l237&sCepDestino=18800680&sCepOrigem=96412830&nVlAltura=40,00&nVlLargura=40,00&nVlDiametro=0&nVlComprimento=45,00&nVlPeso=12,00&nCdFormato=1&sCdMaoPropria=N&nVlValorDeclarado=0,00&sCdAvisoRecebimento=N&StrRetorno=xml
06-09-2022 @ 16:06:07 - Debug Correios Resposta: SimpleXMLElement Object
(
    [cServico] => SimpleXMLElement Object
        (
            [Codigo] => 03298
            [Valor] => 92,58
            [PrazoEntrega] => 10
            [ValorSemAdicionais] => 92,58
            [ValorMaoPropria] => 0,00
            [ValorAvisoRecebimento] => 0,00
            [ValorValorDeclarado] => 0,00
            [EntregaDomiciliar] => S
            [EntregaSabado] => N
            [obsFim] => SimpleXMLElement Object
                (
                )

            [Erro] => 0
            [MsgErro] => SimpleXMLElement Object
                (
                )

        )

)

06-09-2022 @ 16:34:44 - Calculo Online - Correios URL: http://ws.correios.com.br/calculador/CalcPrecoPrazo.aspx?nCdServico=03298&nCdEmpresa=22047719&sDsSenha=Imp3ri@l237&sCepDestino=85400000&sCepOrigem=96412830&nVlAltura=15,00&nVlLargura=60,00&nVlDiametro=0&nVlComprimento=65,00&nVlPeso=13,00&nCdFormato=1&sCdMaoPropria=N&nVlValorDeclarado=0,00&sCdAvisoRecebimento=N&StrRetorno=xml
06-09-2022 @ 16:34:44 - Debug Correios Resposta: SimpleXMLElement Object
(
    [cServico] => SimpleXMLElement Object
        (
            [Codigo] => 03298
            [Valor] => 101,77
            [PrazoEntrega] => 12
            [ValorSemAdicionais] => 101,77
            [ValorMaoPropria] => 0,00
            [ValorAvisoRecebimento] => 0,00
            [ValorValorDeclarado] => 0,00
            [EntregaDomiciliar] => S
            [EntregaSabado] => N
            [obsFim] => Para as localidades com CEP único, com terminação 000, ou seja, que não possuem CEPs por logradouro, considera-se entrega domiciliária aquela prevista nos termos da Portaria nº 2.729/2021 do Ministério das Comunicações.
            [Erro] => 0
            [MsgErro] => SimpleXMLElement Object
                (
                )

        )

)

06-09-2022 @ 16:37:20 - Calculo Online - Correios URL: http://ws.correios.com.br/calculador/CalcPrecoPrazo.aspx?nCdServico=03298&nCdEmpresa=22047719&sDsSenha=Imp3ri@l237&sCepDestino=89500758&sCepOrigem=96412830&nVlAltura=12,00&nVlLargura=40,00&nVlDiametro=0&nVlComprimento=50,00&nVlPeso=5,00&nCdFormato=1&sCdMaoPropria=N&nVlValorDeclarado=0,00&sCdAvisoRecebimento=N&StrRetorno=xml
06-09-2022 @ 16:37:20 - Debug Correios Resposta: SimpleXMLElement Object
(
    [cServico] => SimpleXMLElement Object
        (
            [Codigo] => 03298
            [Valor] => 44,35
            [PrazoEntrega] => 7
            [ValorSemAdicionais] => 44,35
            [ValorMaoPropria] => 0,00
            [ValorAvisoRecebimento] => 0,00
            [ValorValorDeclarado] => 0,00
            [EntregaDomiciliar] => S
            [EntregaSabado] => N
            [obsFim] => SimpleXMLElement Object
                (
                )

            [Erro] => 0
            [MsgErro] => SimpleXMLElement Object
                (
                )

        )

)

06-09-2022 @ 16:40:29 - Calculo Online - Correios URL: http://ws.correios.com.br/calculador/CalcPrecoPrazo.aspx?nCdServico=03298&nCdEmpresa=22047719&sDsSenha=Imp3ri@l237&sCepDestino=28200000&sCepOrigem=96412830&nVlAltura=15,00&nVlLargura=40,00&nVlDiametro=0&nVlComprimento=40,00&nVlPeso=5,50&nCdFormato=1&sCdMaoPropria=N&nVlValorDeclarado=0,00&sCdAvisoRecebimento=N&StrRetorno=xml
06-09-2022 @ 16:40:29 - Debug Correios Resposta: SimpleXMLElement Object
(
    [cServico] => SimpleXMLElement Object
        (
            [Codigo] => 03298
            [Valor] => 58,98
            [PrazoEntrega] => 11
            [ValorSemAdicionais] => 58,98
            [ValorMaoPropria] => 0,00
            [ValorAvisoRecebimento] => 0,00
            [ValorValorDeclarado] => 0,00
            [EntregaDomiciliar] => S
            [EntregaSabado] => N
            [obsFim] => Para as localidades com CEP único, com terminação 000, ou seja, que não possuem CEPs por logradouro, considera-se entrega domiciliária aquela prevista nos termos da Portaria nº 2.729/2021 do Ministério das Comunicações.
            [Erro] => 0
            [MsgErro] => SimpleXMLElement Object
                (
                )

        )

)

06-09-2022 @ 16:47:13 - Calculo Online - Correios URL: http://ws.correios.com.br/calculador/CalcPrecoPrazo.aspx?nCdServico=03298&nCdEmpresa=22047719&sDsSenha=Imp3ri@l237&sCepDestino=90500758&sCepOrigem=96412830&nVlAltura=12,00&nVlLargura=40,00&nVlDiametro=0&nVlComprimento=50,00&nVlPeso=5,00&nCdFormato=1&sCdMaoPropria=N&nVlValorDeclarado=0,00&sCdAvisoRecebimento=N&StrRetorno=xml
06-09-2022 @ 16:47:13 - Debug Correios Resposta: SimpleXMLElement Object
(
    [cServico] => SimpleXMLElement Object
        (
            [Codigo] => 03298
            [Valor] => 25,93
            [PrazoEntrega] => 5
            [ValorSemAdicionais] => 25,93
            [ValorMaoPropria] => 0,00
            [ValorAvisoRecebimento] => 0,00
            [ValorValorDeclarado] => 0,00
            [EntregaDomiciliar] => N
            [EntregaSabado] => N
            [obsFim] => SimpleXMLElement Object
                (
                )

            [Erro] => 0
            [MsgErro] => SimpleXMLElement Object
                (
                )

        )

)

06-09-2022 @ 17:14:17 - Calculo Online - Correios URL: http://ws.correios.com.br/calculador/CalcPrecoPrazo.aspx?nCdServico=03298&nCdEmpresa=22047719&sDsSenha=Imp3ri@l237&sCepDestino=81490000&sCepOrigem=96412830&nVlAltura=5,00&nVlLargura=25,00&nVlDiametro=0&nVlComprimento=30,00&nVlPeso=1,00&nCdFormato=1&sCdMaoPropria=N&nVlValorDeclarado=0,00&sCdAvisoRecebimento=N&StrRetorno=xml
06-09-2022 @ 17:14:17 - Debug Correios Resposta: SimpleXMLElement Object
(
    [cServico] => SimpleXMLElement Object
        (
            [Codigo] => 03298
            [Valor] => 24,15
            [PrazoEntrega] => 7
            [ValorSemAdicionais] => 24,15
            [ValorMaoPropria] => 0,00
            [ValorAvisoRecebimento] => 0,00
            [ValorValorDeclarado] => 0,00
            [EntregaDomiciliar] => S
            [EntregaSabado] => N
            [obsFim] => SimpleXMLElement Object
                (
                )

            [Erro] => 0
            [MsgErro] => SimpleXMLElement Object
                (
                )

        )

)

06-09-2022 @ 17:24:40 - Calculo Online - Correios URL: http://ws.correios.com.br/calculador/CalcPrecoPrazo.aspx?nCdServico=03298&nCdEmpresa=22047719&sDsSenha=Imp3ri@l237&sCepDestino=85660000&sCepOrigem=96412830&nVlAltura=15,00&nVlLargura=25,00&nVlDiametro=0&nVlComprimento=40,00&nVlPeso=2,00&nCdFormato=1&sCdMaoPropria=N&nVlValorDeclarado=0,00&sCdAvisoRecebimento=N&StrRetorno=xml
06-09-2022 @ 17:24:40 - Debug Correios Resposta: SimpleXMLElement Object
(
    [cServico] => SimpleXMLElement Object
        (
            [Codigo] => 03298
            [Valor] => 28,66
            [PrazoEntrega] => 10
            [ValorSemAdicionais] => 28,66
            [ValorMaoPropria] => 0,00
            [ValorAvisoRecebimento] => 0,00
            [ValorValorDeclarado] => 0,00
            [EntregaDomiciliar] => S
            [EntregaSabado] => N
            [obsFim] => Para as localidades com CEP único, com terminação 000, ou seja, que não possuem CEPs por logradouro, considera-se entrega domiciliária aquela prevista nos termos da Portaria nº 2.729/2021 do Ministério das Comunicações.
            [Erro] => 0
            [MsgErro] => SimpleXMLElement Object
                (
                )

        )

)

06-09-2022 @ 17:35:44 - Calculo Online - Correios URL: http://ws.correios.com.br/calculador/CalcPrecoPrazo.aspx?nCdServico=03298&nCdEmpresa=22047719&sDsSenha=Imp3ri@l237&sCepDestino=96200450&sCepOrigem=96412830&nVlAltura=45,00&nVlLargura=58,30&nVlDiametro=0&nVlComprimento=58,30&nVlPeso=25,49&nCdFormato=1&sCdMaoPropria=N&nVlValorDeclarado=0,00&sCdAvisoRecebimento=N&StrRetorno=xml
06-09-2022 @ 17:35:44 - Debug Correios Resposta: SimpleXMLElement Object
(
    [cServico] => SimpleXMLElement Object
        (
            [Codigo] => 03298
            [Valor] => 95,08
            [PrazoEntrega] => 6
            [ValorSemAdicionais] => 95,08
            [ValorMaoPropria] => 0,00
            [ValorAvisoRecebimento] => 0,00
            [ValorValorDeclarado] => 0,00
            [EntregaDomiciliar] => S
            [EntregaSabado] => N
            [obsFim] => SimpleXMLElement Object
                (
                )

            [Erro] => 0
            [MsgErro] => SimpleXMLElement Object
                (
                )

        )

)

06-09-2022 @ 17:36:54 - Calculo Online - Correios URL: http://ws.correios.com.br/calculador/CalcPrecoPrazo.aspx?nCdServico=03298&nCdEmpresa=22047719&sDsSenha=Imp3ri@l237&sCepDestino=96200450&sCepOrigem=96412830&nVlAltura=45,00&nVlLargura=48,30&nVlDiametro=0&nVlComprimento=48,30&nVlPeso=4,30&nCdFormato=1&sCdMaoPropria=N&nVlValorDeclarado=0,00&sCdAvisoRecebimento=N&StrRetorno=xml
06-09-2022 @ 17:36:54 - Debug Correios Resposta: SimpleXMLElement Object
(
    [cServico] => SimpleXMLElement Object
        (
            [Codigo] => 03298
            [Valor] => 63,48
            [PrazoEntrega] => 6
            [ValorSemAdicionais] => 63,48
            [ValorMaoPropria] => 0,00
            [ValorAvisoRecebimento] => 0,00
            [ValorValorDeclarado] => 0,00
            [EntregaDomiciliar] => S
            [EntregaSabado] => N
            [obsFim] => SimpleXMLElement Object
                (
                )

            [Erro] => 0
            [MsgErro] => SimpleXMLElement Object
                (
                )

        )

)

06-09-2022 @ 17:37:32 - Calculo Online - Correios URL: http://ws.correios.com.br/calculador/CalcPrecoPrazo.aspx?nCdServico=03298&nCdEmpresa=22047719&sDsSenha=Imp3ri@l237&sCepDestino=96200450&sCepOrigem=96412830&nVlAltura=45,00&nVlLargura=45,00&nVlDiametro=0&nVlComprimento=45,00&nVlPeso=3,50&nCdFormato=1&sCdMaoPropria=N&nVlValorDeclarado=0,00&sCdAvisoRecebimento=N&StrRetorno=xml
06-09-2022 @ 17:37:32 - Debug Correios Resposta: SimpleXMLElement Object
(
    [cServico] => SimpleXMLElement Object
        (
            [Codigo] => 03298
            [Valor] => 55,58
            [PrazoEntrega] => 6
            [ValorSemAdicionais] => 55,58
            [ValorMaoPropria] => 0,00
            [ValorAvisoRecebimento] => 0,00
            [ValorValorDeclarado] => 0,00
            [EntregaDomiciliar] => S
            [EntregaSabado] => N
            [obsFim] => SimpleXMLElement Object
                (
                )

            [Erro] => 0
            [MsgErro] => SimpleXMLElement Object
                (
                )

        )

)

06-09-2022 @ 17:37:54 - Calculo Online - Correios URL: http://ws.correios.com.br/calculador/CalcPrecoPrazo.aspx?nCdServico=03298&nCdEmpresa=22047719&sDsSenha=Imp3ri@l237&sCepDestino=96200450&sCepOrigem=96412830&nVlAltura=45,00&nVlLargura=55,60&nVlDiametro=0&nVlComprimento=55,60&nVlPeso=23,19&nCdFormato=1&sCdMaoPropria=N&nVlValorDeclarado=0,00&sCdAvisoRecebimento=N&StrRetorno=xml
06-09-2022 @ 17:37:54 - Debug Correios Resposta: SimpleXMLElement Object
(
    [cServico] => SimpleXMLElement Object
        (
            [Codigo] => 03298
            [Valor] => 87,18
            [PrazoEntrega] => 6
            [ValorSemAdicionais] => 87,18
            [ValorMaoPropria] => 0,00
            [ValorAvisoRecebimento] => 0,00
            [ValorValorDeclarado] => 0,00
            [EntregaDomiciliar] => S
            [EntregaSabado] => N
            [obsFim] => SimpleXMLElement Object
                (
                )

            [Erro] => 0
            [MsgErro] => SimpleXMLElement Object
                (
                )

        )

)

06-09-2022 @ 17:38:36 - Calculo Online - Correios URL: http://ws.correios.com.br/calculador/CalcPrecoPrazo.aspx?nCdServico=03298&nCdEmpresa=22047719&sDsSenha=Imp3ri@l237&sCepDestino=78705609&sCepOrigem=96412830&nVlAltura=15,80&nVlLargura=15,80&nVlDiametro=0&nVlComprimento=30,00&nVlPeso=2,00&nCdFormato=1&sCdMaoPropria=N&nVlValorDeclarado=0,00&sCdAvisoRecebimento=N&StrRetorno=xml
06-09-2022 @ 17:38:36 - Debug Correios Resposta: SimpleXMLElement Object
(
    [cServico] => SimpleXMLElement Object
        (
            [Codigo] => 03298
            [Valor] => 71,13
            [PrazoEntrega] => 10
            [ValorSemAdicionais] => 71,13
            [ValorMaoPropria] => 0,00
            [ValorAvisoRecebimento] => 0,00
            [ValorValorDeclarado] => 0,00
            [EntregaDomiciliar] => S
            [EntregaSabado] => N
            [obsFim] => SimpleXMLElement Object
                (
                )

            [Erro] => 0
            [MsgErro] => SimpleXMLElement Object
                (
                )

        )

)

06-09-2022 @ 17:39:56 - Calculo Online - Correios URL: http://ws.correios.com.br/calculador/CalcPrecoPrazo.aspx?nCdServico=03298&nCdEmpresa=22047719&sDsSenha=Imp3ri@l237&sCepDestino=96200450&sCepOrigem=96412830&nVlAltura=45,00&nVlLargura=45,00&nVlDiametro=0&nVlComprimento=45,00&nVlPeso=3,50&nCdFormato=1&sCdMaoPropria=N&nVlValorDeclarado=0,00&sCdAvisoRecebimento=N&StrRetorno=xml
06-09-2022 @ 17:39:56 - Debug Correios Resposta: SimpleXMLElement Object
(
    [cServico] => SimpleXMLElement Object
        (
            [Codigo] => 03298
            [Valor] => 55,58
            [PrazoEntrega] => 6
            [ValorSemAdicionais] => 55,58
            [ValorMaoPropria] => 0,00
            [ValorAvisoRecebimento] => 0,00
            [ValorValorDeclarado] => 0,00
            [EntregaDomiciliar] => S
            [EntregaSabado] => N
            [obsFim] => SimpleXMLElement Object
                (
                )

            [Erro] => 0
            [MsgErro] => SimpleXMLElement Object
                (
                )

        )

)

06-09-2022 @ 18:41:06 - Calculo Online - Correios URL: http://ws.correios.com.br/calculador/CalcPrecoPrazo.aspx?nCdServico=03298&nCdEmpresa=22047719&sDsSenha=Imp3ri@l237&sCepDestino=31110242&sCepOrigem=96412830&nVlAltura=10,00&nVlLargura=23,00&nVlDiametro=0&nVlComprimento=30,00&nVlPeso=0,40&nCdFormato=1&sCdMaoPropria=N&nVlValorDeclarado=0,00&sCdAvisoRecebimento=N&StrRetorno=xml
06-09-2022 @ 18:41:06 - Debug Correios Resposta: SimpleXMLElement Object
(
    [cServico] => SimpleXMLElement Object
        (
            [Codigo] => 03298
            [Valor] => 27,57
            [PrazoEntrega] => 6
            [ValorSemAdicionais] => 27,57
            [ValorMaoPropria] => 0,00
            [ValorAvisoRecebimento] => 0,00
            [ValorValorDeclarado] => 0,00
            [EntregaDomiciliar] => S
            [EntregaSabado] => N
            [obsFim] => SimpleXMLElement Object
                (
                )

            [Erro] => 0
            [MsgErro] => SimpleXMLElement Object
                (
                )

        )

)

06-09-2022 @ 19:01:40 - Calculo Online - Correios URL: http://ws.correios.com.br/calculador/CalcPrecoPrazo.aspx?nCdServico=03298&nCdEmpresa=22047719&sDsSenha=Imp3ri@l237&sCepDestino=81630020&sCepOrigem=96412830&nVlAltura=10,00&nVlLargura=23,00&nVlDiametro=0&nVlComprimento=30,00&nVlPeso=0,40&nCdFormato=1&sCdMaoPropria=N&nVlValorDeclarado=0,00&sCdAvisoRecebimento=N&StrRetorno=xml
06-09-2022 @ 19:01:40 - Debug Correios Resposta: SimpleXMLElement Object
(
    [cServico] => SimpleXMLElement Object
        (
            [Codigo] => 03298
            [Valor] => 22,79
            [PrazoEntrega] => 7
            [ValorSemAdicionais] => 22,79
            [ValorMaoPropria] => 0,00
            [ValorAvisoRecebimento] => 0,00
            [ValorValorDeclarado] => 0,00
            [EntregaDomiciliar] => S
            [EntregaSabado] => N
            [obsFim] => SimpleXMLElement Object
                (
                )

            [Erro] => 0
            [MsgErro] => SimpleXMLElement Object
                (
                )

        )

)

06-09-2022 @ 19:23:29 - Calculo Online - Correios URL: http://ws.correios.com.br/calculador/CalcPrecoPrazo.aspx?nCdServico=03298&nCdEmpresa=22047719&sDsSenha=Imp3ri@l237&sCepDestino=88063300&sCepOrigem=96412830&nVlAltura=15,00&nVlLargura=20,00&nVlDiametro=0&nVlComprimento=20,00&nVlPeso=1,00&nCdFormato=1&sCdMaoPropria=N&nVlValorDeclarado=0,00&sCdAvisoRecebimento=N&StrRetorno=xml
06-09-2022 @ 19:23:29 - Debug Correios Resposta: SimpleXMLElement Object
(
    [cServico] => SimpleXMLElement Object
        (
            [Codigo] => 03298
            [Valor] => 24,15
            [PrazoEntrega] => 6
            [ValorSemAdicionais] => 24,15
            [ValorMaoPropria] => 0,00
            [ValorAvisoRecebimento] => 0,00
            [ValorValorDeclarado] => 0,00
            [EntregaDomiciliar] => S
            [EntregaSabado] => N
            [obsFim] => SimpleXMLElement Object
                (
                )

            [Erro] => 0
            [MsgErro] => SimpleXMLElement Object
                (
                )

        )

)

06-09-2022 @ 20:23:36 - Calculo Online - Correios URL: http://ws.correios.com.br/calculador/CalcPrecoPrazo.aspx?nCdServico=03298&nCdEmpresa=22047719&sDsSenha=Imp3ri@l237&sCepDestino=22743730&sCepOrigem=96412830&nVlAltura=10,00&nVlLargura=27,00&nVlDiametro=0&nVlComprimento=27,00&nVlPeso=1,00&nCdFormato=1&sCdMaoPropria=N&nVlValorDeclarado=0,00&sCdAvisoRecebimento=N&StrRetorno=xml
06-09-2022 @ 20:23:36 - Debug Correios Resposta: SimpleXMLElement Object
(
    [cServico] => SimpleXMLElement Object
        (
            [Codigo] => 03298
            [Valor] => 29,10
            [PrazoEntrega] => 7
            [ValorSemAdicionais] => 29,10
            [ValorMaoPropria] => 0,00
            [ValorAvisoRecebimento] => 0,00
            [ValorValorDeclarado] => 0,00
            [EntregaDomiciliar] => S
            [EntregaSabado] => N
            [obsFim] => SimpleXMLElement Object
                (
                )

            [Erro] => 0
            [MsgErro] => SimpleXMLElement Object
                (
                )

        )

)

06-09-2022 @ 20:30:39 - Calculo Online - Correios URL: http://ws.correios.com.br/calculador/CalcPrecoPrazo.aspx?nCdServico=03298&nCdEmpresa=22047719&sDsSenha=Imp3ri@l237&sCepDestino=86010210&sCepOrigem=96412830&nVlAltura=20,00&nVlLargura=25,00&nVlDiametro=0&nVlComprimento=30,00&nVlPeso=1,00&nCdFormato=1&sCdMaoPropria=N&nVlValorDeclarado=0,00&sCdAvisoRecebimento=N&StrRetorno=xml
06-09-2022 @ 20:30:39 - Debug Correios Resposta: SimpleXMLElement Object
(
    [cServico] => SimpleXMLElement Object
        (
            [Codigo] => 03298
            [Valor] => 24,15
            [PrazoEntrega] => 7
            [ValorSemAdicionais] => 24,15
            [ValorMaoPropria] => 0,00
            [ValorAvisoRecebimento] => 0,00
            [ValorValorDeclarado] => 0,00
            [EntregaDomiciliar] => S
            [EntregaSabado] => N
            [obsFim] => SimpleXMLElement Object
                (
                )

            [Erro] => 0
            [MsgErro] => SimpleXMLElement Object
                (
                )

        )

)

06-09-2022 @ 20:34:06 - Calculo Online - Correios URL: http://ws.correios.com.br/calculador/CalcPrecoPrazo.aspx?nCdServico=03298&nCdEmpresa=22047719&sDsSenha=Imp3ri@l237&sCepDestino=13281016&sCepOrigem=96412830&nVlAltura=15,00&nVlLargura=60,00&nVlDiametro=0&nVlComprimento=65,00&nVlPeso=13,00&nCdFormato=1&sCdMaoPropria=N&nVlValorDeclarado=0,00&sCdAvisoRecebimento=N&StrRetorno=xml
06-09-2022 @ 20:34:06 - Debug Correios Resposta: SimpleXMLElement Object
(
    [cServico] => SimpleXMLElement Object
        (
            [Codigo] => 03298
            [Valor] => 101,77
            [PrazoEntrega] => 7
            [ValorSemAdicionais] => 101,77
            [ValorMaoPropria] => 0,00
            [ValorAvisoRecebimento] => 0,00
            [ValorValorDeclarado] => 0,00
            [EntregaDomiciliar] => S
            [EntregaSabado] => N
            [obsFim] => SimpleXMLElement Object
                (
                )

            [Erro] => 0
            [MsgErro] => SimpleXMLElement Object
                (
                )

        )

)

06-09-2022 @ 20:43:14 - Calculo Online - Correios URL: http://ws.correios.com.br/calculador/CalcPrecoPrazo.aspx?nCdServico=03298&nCdEmpresa=22047719&sDsSenha=Imp3ri@l237&sCepDestino=37701129&sCepOrigem=96412830&nVlAltura=45,00&nVlLargura=45,00&nVlDiametro=0&nVlComprimento=45,00&nVlPeso=3,50&nCdFormato=1&sCdMaoPropria=N&nVlValorDeclarado=0,00&sCdAvisoRecebimento=N&StrRetorno=xml
06-09-2022 @ 20:43:14 - Debug Correios Resposta: SimpleXMLElement Object
(
    [cServico] => SimpleXMLElement Object
        (
            [Codigo] => 03298
            [Valor] => 145,36
            [PrazoEntrega] => 7
            [ValorSemAdicionais] => 145,36
            [ValorMaoPropria] => 0,00
            [ValorAvisoRecebimento] => 0,00
            [ValorValorDeclarado] => 0,00
            [EntregaDomiciliar] => S
            [EntregaSabado] => N
            [obsFim] => SimpleXMLElement Object
                (
                )

            [Erro] => 0
            [MsgErro] => SimpleXMLElement Object
                (
                )

        )

)

06-09-2022 @ 20:54:58 - Calculo Online - Correios URL: http://ws.correios.com.br/calculador/CalcPrecoPrazo.aspx?nCdServico=03298&nCdEmpresa=22047719&sDsSenha=Imp3ri@l237&sCepDestino=83824254&sCepOrigem=96412830&nVlAltura=5,00&nVlLargura=25,00&nVlDiametro=0&nVlComprimento=30,00&nVlPeso=1,00&nCdFormato=1&sCdMaoPropria=N&nVlValorDeclarado=0,00&sCdAvisoRecebimento=N&StrRetorno=xml
06-09-2022 @ 20:54:58 - Debug Correios Resposta: SimpleXMLElement Object
(
    [cServico] => SimpleXMLElement Object
        (
            [Codigo] => 03298
            [Valor] => 24,15
            [PrazoEntrega] => 7
            [ValorSemAdicionais] => 24,15
            [ValorMaoPropria] => 0,00
            [ValorAvisoRecebimento] => 0,00
            [ValorValorDeclarado] => 0,00
            [EntregaDomiciliar] => S
            [EntregaSabado] => N
            [obsFim] => SimpleXMLElement Object
                (
                )

            [Erro] => 0
            [MsgErro] => SimpleXMLElement Object
                (
                )

        )

)

