06-14-2022 @ 21:27:38 - Calculo Online - Correios URL: http://ws.correios.com.br/calculador/CalcPrecoPrazo.aspx?nCdServico=03220&nCdEmpresa=22047719&sDsSenha=Imp3ri@l237&sCepDestino=99400000&sCepOrigem=96412830&nVlAltura=45,00&nVlLargura=45,00&nVlDiametro=0&nVlComprimento=45,00&nVlPeso=3,50&nCdFormato=1&sCdMaoPropria=N&nVlValorDeclarado=0,00&sCdAvisoRecebimento=N&StrRetorno=xml
06-14-2022 @ 21:27:38 - Debug Correios Resposta: SimpleXMLElement Object
(
    [cServico] => SimpleXMLElement Object
        (
            [Codigo] => 03220
            [Valor] => 84,41
            [PrazoEntrega] => 5
            [ValorSemAdicionais] => 84,41
            [ValorMaoPropria] => 0,00
            [ValorAvisoRecebimento] => 0,00
            [ValorValorDeclarado] => 0,00
            [EntregaDomiciliar] => S
            [EntregaSabado] => N
            [obsFim] => SimpleXMLElement Object
                (
                )

            [Erro] => 0
            [MsgErro] => SimpleXMLElement Object
                (
                )

        )

)

06-14-2022 @ 22:10:11 - Calculo Online - Correios URL: http://ws.correios.com.br/calculador/CalcPrecoPrazo.aspx?nCdServico=03220&nCdEmpresa=22047719&sDsSenha=Imp3ri@l237&sCepDestino=35400000&sCepOrigem=96412830&nVlAltura=35,50&nVlLargura=35,50&nVlDiametro=0&nVlComprimento=35,00&nVlPeso=4,00&nCdFormato=1&sCdMaoPropria=N&nVlValorDeclarado=0,00&sCdAvisoRecebimento=N&StrRetorno=xml
06-14-2022 @ 22:10:11 - Debug Correios Resposta: SimpleXMLElement Object
(
    [cServico] => SimpleXMLElement Object
        (
            [Codigo] => 03220
            [Valor] => 156,51
            [PrazoEntrega] => 3
            [ValorSemAdicionais] => 156,51
            [ValorMaoPropria] => 0,00
            [ValorAvisoRecebimento] => 0,00
            [ValorValorDeclarado] => 0,00
            [EntregaDomiciliar] => S
            [EntregaSabado] => N
            [obsFim] => SimpleXMLElement Object
                (
                )

            [Erro] => 0
            [MsgErro] => SimpleXMLElement Object
                (
                )

        )

)

06-14-2022 @ 22:10:31 - Calculo Online - Correios URL: http://ws.correios.com.br/calculador/CalcPrecoPrazo.aspx?nCdServico=03220&nCdEmpresa=22047719&sDsSenha=Imp3ri@l237&sCepDestino=35400000&sCepOrigem=96412830&nVlAltura=33,00&nVlLargura=35,00&nVlDiametro=0&nVlComprimento=35,00&nVlPeso=3,00&nCdFormato=1&sCdMaoPropria=N&nVlValorDeclarado=0,00&sCdAvisoRecebimento=N&StrRetorno=xml
06-14-2022 @ 22:10:31 - Debug Correios Resposta: SimpleXMLElement Object
(
    [cServico] => SimpleXMLElement Object
        (
            [Codigo] => 03220
            [Valor] => 141,14
            [PrazoEntrega] => 3
            [ValorSemAdicionais] => 141,14
            [ValorMaoPropria] => 0,00
            [ValorAvisoRecebimento] => 0,00
            [ValorValorDeclarado] => 0,00
            [EntregaDomiciliar] => S
            [EntregaSabado] => N
            [obsFim] => SimpleXMLElement Object
                (
                )

            [Erro] => 0
            [MsgErro] => SimpleXMLElement Object
                (
                )

        )

)

06-14-2022 @ 22:31:54 - Calculo Online - Correios URL: http://ws.correios.com.br/calculador/CalcPrecoPrazo.aspx?nCdServico=03220&nCdEmpresa=22047719&sDsSenha=Imp3ri@l237&sCepDestino=88701170&sCepOrigem=96412830&nVlAltura=12,00&nVlLargura=50,00&nVlDiametro=0&nVlComprimento=60,00&nVlPeso=8,00&nCdFormato=1&sCdMaoPropria=N&nVlValorDeclarado=0,00&sCdAvisoRecebimento=N&StrRetorno=xml
06-14-2022 @ 22:31:54 - Debug Correios Resposta: SimpleXMLElement Object
(
    [cServico] => SimpleXMLElement Object
        (
            [Codigo] => 03220
            [Valor] => 127,56
            [PrazoEntrega] => 3
            [ValorSemAdicionais] => 127,56
            [ValorMaoPropria] => 0,00
            [ValorAvisoRecebimento] => 0,00
            [ValorValorDeclarado] => 0,00
            [EntregaDomiciliar] => S
            [EntregaSabado] => S
            [obsFim] => SimpleXMLElement Object
                (
                )

            [Erro] => 0
            [MsgErro] => SimpleXMLElement Object
                (
                )

        )

)

06-14-2022 @ 22:33:07 - Calculo Online - Correios URL: http://ws.correios.com.br/calculador/CalcPrecoPrazo.aspx?nCdServico=03220&nCdEmpresa=22047719&sDsSenha=Imp3ri@l237&sCepDestino=13209772&sCepOrigem=96412830&nVlAltura=10,00&nVlLargura=40,00&nVlDiametro=0&nVlComprimento=40,00&nVlPeso=4,50&nCdFormato=1&sCdMaoPropria=N&nVlValorDeclarado=0,00&sCdAvisoRecebimento=N&StrRetorno=xml
06-14-2022 @ 22:33:07 - Debug Correios Resposta: SimpleXMLElement Object
(
    [cServico] => SimpleXMLElement Object
        (
            [Codigo] => 03220
            [Valor] => 102,06
            [PrazoEntrega] => 2
            [ValorSemAdicionais] => 102,06
            [ValorMaoPropria] => 0,00
            [ValorAvisoRecebimento] => 0,00
            [ValorValorDeclarado] => 0,00
            [EntregaDomiciliar] => S
            [EntregaSabado] => S
            [obsFim] => SimpleXMLElement Object
                (
                )

            [Erro] => 0
            [MsgErro] => SimpleXMLElement Object
                (
                )

        )

)

06-14-2022 @ 22:34:00 - Calculo Online - Correios URL: http://ws.correios.com.br/calculador/CalcPrecoPrazo.aspx?nCdServico=03220&nCdEmpresa=22047719&sDsSenha=Imp3ri@l237&sCepDestino=13209772&sCepOrigem=96412830&nVlAltura=10,00&nVlLargura=40,00&nVlDiametro=0&nVlComprimento=40,00&nVlPeso=4,50&nCdFormato=1&sCdMaoPropria=N&nVlValorDeclarado=0,00&sCdAvisoRecebimento=N&StrRetorno=xml
06-14-2022 @ 22:34:00 - Debug Correios Resposta: SimpleXMLElement Object
(
    [cServico] => SimpleXMLElement Object
        (
            [Codigo] => 03220
            [Valor] => 102,06
            [PrazoEntrega] => 2
            [ValorSemAdicionais] => 102,06
            [ValorMaoPropria] => 0,00
            [ValorAvisoRecebimento] => 0,00
            [ValorValorDeclarado] => 0,00
            [EntregaDomiciliar] => S
            [EntregaSabado] => S
            [obsFim] => SimpleXMLElement Object
                (
                )

            [Erro] => 0
            [MsgErro] => SimpleXMLElement Object
                (
                )

        )

)

06-14-2022 @ 22:37:29 - Calculo Online - Correios URL: http://ws.correios.com.br/calculador/CalcPrecoPrazo.aspx?nCdServico=03220&nCdEmpresa=22047719&sDsSenha=Imp3ri@l237&sCepDestino=85862070&sCepOrigem=96412830&nVlAltura=49,50&nVlLargura=49,50&nVlDiametro=0&nVlComprimento=45,00&nVlPeso=18,38&nCdFormato=1&sCdMaoPropria=N&nVlValorDeclarado=0,00&sCdAvisoRecebimento=N&StrRetorno=xml
06-14-2022 @ 22:37:29 - Debug Correios Resposta: SimpleXMLElement Object
(
    [cServico] => SimpleXMLElement Object
        (
            [Codigo] => 03220
            [Valor] => 299,26
            [PrazoEntrega] => 4
            [ValorSemAdicionais] => 299,26
            [ValorMaoPropria] => 0,00
            [ValorAvisoRecebimento] => 0,00
            [ValorValorDeclarado] => 0,00
            [EntregaDomiciliar] => S
            [EntregaSabado] => S
            [obsFim] => SimpleXMLElement Object
                (
                )

            [Erro] => 0
            [MsgErro] => SimpleXMLElement Object
                (
                )

        )

)

06-14-2022 @ 23:09:42 - Calculo Online - Correios URL: http://ws.correios.com.br/calculador/CalcPrecoPrazo.aspx?nCdServico=03220&nCdEmpresa=22047719&sDsSenha=Imp3ri@l237&sCepDestino=89500019&sCepOrigem=96412830&nVlAltura=8,00&nVlLargura=40,00&nVlDiametro=0&nVlComprimento=40,00&nVlPeso=2,00&nCdFormato=1&sCdMaoPropria=N&nVlValorDeclarado=0,00&sCdAvisoRecebimento=N&StrRetorno=xml
06-14-2022 @ 23:09:42 - Debug Correios Resposta: SimpleXMLElement Object
(
    [cServico] => SimpleXMLElement Object
        (
            [Codigo] => 03220
            [Valor] => 64,64
            [PrazoEntrega] => 3
            [ValorSemAdicionais] => 64,64
            [ValorMaoPropria] => 0,00
            [ValorAvisoRecebimento] => 0,00
            [ValorValorDeclarado] => 0,00
            [EntregaDomiciliar] => S
            [EntregaSabado] => N
            [obsFim] => SimpleXMLElement Object
                (
                )

            [Erro] => 0
            [MsgErro] => SimpleXMLElement Object
                (
                )

        )

)

06-15-2022 @ 00:44:30 - Calculo Online - Correios URL: http://ws.correios.com.br/calculador/CalcPrecoPrazo.aspx?nCdServico=03220&nCdEmpresa=22047719&sDsSenha=Imp3ri@l237&sCepDestino=95260000&sCepOrigem=96412830&nVlAltura=5,00&nVlLargura=25,00&nVlDiametro=0&nVlComprimento=30,00&nVlPeso=1,00&nCdFormato=1&sCdMaoPropria=N&nVlValorDeclarado=0,00&sCdAvisoRecebimento=N&StrRetorno=xml
06-15-2022 @ 00:44:30 - Debug Correios Resposta: SimpleXMLElement Object
(
    [cServico] => SimpleXMLElement Object
        (
            [Codigo] => 03220
            [Valor] => 24,05
            [PrazoEntrega] => 5
            [ValorSemAdicionais] => 24,05
            [ValorMaoPropria] => 0,00
            [ValorAvisoRecebimento] => 0,00
            [ValorValorDeclarado] => 0,00
            [EntregaDomiciliar] => S
            [EntregaSabado] => N
            [obsFim] => SimpleXMLElement Object
                (
                )

            [Erro] => 0
            [MsgErro] => SimpleXMLElement Object
                (
                )

        )

)

06-15-2022 @ 00:50:41 - Calculo Online - Correios URL: http://ws.correios.com.br/calculador/CalcPrecoPrazo.aspx?nCdServico=03220&nCdEmpresa=22047719&sDsSenha=Imp3ri@l237&sCepDestino=95260000&sCepOrigem=96412830&nVlAltura=19,40&nVlLargura=19,40&nVlDiametro=0&nVlComprimento=30,00&nVlPeso=3,00&nCdFormato=1&sCdMaoPropria=N&nVlValorDeclarado=0,00&sCdAvisoRecebimento=N&StrRetorno=xml
06-15-2022 @ 00:50:41 - Debug Correios Resposta: SimpleXMLElement Object
(
    [cServico] => SimpleXMLElement Object
        (
            [Codigo] => 03220
            [Valor] => 29,01
            [PrazoEntrega] => 5
            [ValorSemAdicionais] => 29,01
            [ValorMaoPropria] => 0,00
            [ValorAvisoRecebimento] => 0,00
            [ValorValorDeclarado] => 0,00
            [EntregaDomiciliar] => S
            [EntregaSabado] => N
            [obsFim] => SimpleXMLElement Object
                (
                )

            [Erro] => 0
            [MsgErro] => SimpleXMLElement Object
                (
                )

        )

)

06-15-2022 @ 01:03:06 - Calculo Online - Correios URL: http://ws.correios.com.br/calculador/CalcPrecoPrazo.aspx?nCdServico=03220&nCdEmpresa=22047719&sDsSenha=Imp3ri@l237&sCepDestino=06172000&sCepOrigem=96412830&nVlAltura=5,00&nVlLargura=25,00&nVlDiametro=0&nVlComprimento=30,00&nVlPeso=1,00&nCdFormato=1&sCdMaoPropria=N&nVlValorDeclarado=0,00&sCdAvisoRecebimento=N&StrRetorno=xml
06-15-2022 @ 01:03:06 - Debug Correios Resposta: SimpleXMLElement Object
(
    [cServico] => SimpleXMLElement Object
        (
            [Codigo] => 03220
            [Valor] => 51,69
            [PrazoEntrega] => 3
            [ValorSemAdicionais] => 51,69
            [ValorMaoPropria] => 0,00
            [ValorAvisoRecebimento] => 0,00
            [ValorValorDeclarado] => 0,00
            [EntregaDomiciliar] => S
            [EntregaSabado] => S
            [obsFim] => SimpleXMLElement Object
                (
                )

            [Erro] => 0
            [MsgErro] => SimpleXMLElement Object
                (
                )

        )

)

06-15-2022 @ 04:45:08 - Calculo Online - Correios URL: http://ws.correios.com.br/calculador/CalcPrecoPrazo.aspx?nCdServico=03220&nCdEmpresa=22047719&sDsSenha=Imp3ri@l237&sCepDestino=99010041&sCepOrigem=96412830&nVlAltura=35,00&nVlLargura=35,00&nVlDiametro=0&nVlComprimento=45,00&nVlPeso=3,50&nCdFormato=1&sCdMaoPropria=N&nVlValorDeclarado=0,00&sCdAvisoRecebimento=N&StrRetorno=xml
06-15-2022 @ 04:45:08 - Debug Correios Resposta: SimpleXMLElement Object
(
    [cServico] => SimpleXMLElement Object
        (
            [Codigo] => 03220
            [Valor] => 48,41
            [PrazoEntrega] => 2
            [ValorSemAdicionais] => 48,41
            [ValorMaoPropria] => 0,00
            [ValorAvisoRecebimento] => 0,00
            [ValorValorDeclarado] => 0,00
            [EntregaDomiciliar] => S
            [EntregaSabado] => S
            [obsFim] => SimpleXMLElement Object
                (
                )

            [Erro] => 0
            [MsgErro] => SimpleXMLElement Object
                (
                )

        )

)

06-15-2022 @ 04:53:19 - Calculo Online - Correios URL: http://ws.correios.com.br/calculador/CalcPrecoPrazo.aspx?nCdServico=03220&nCdEmpresa=22047719&sDsSenha=Imp3ri@l237&sCepDestino=13400550&sCepOrigem=96412830&nVlAltura=33,00&nVlLargura=35,00&nVlDiametro=0&nVlComprimento=35,00&nVlPeso=3,00&nCdFormato=1&sCdMaoPropria=N&nVlValorDeclarado=0,00&sCdAvisoRecebimento=N&StrRetorno=xml
06-15-2022 @ 04:53:19 - Debug Correios Resposta: SimpleXMLElement Object
(
    [cServico] => SimpleXMLElement Object
        (
            [Codigo] => 03220
            [Valor] => 114,62
            [PrazoEntrega] => 3
            [ValorSemAdicionais] => 114,62
            [ValorMaoPropria] => 0,00
            [ValorAvisoRecebimento] => 0,00
            [ValorValorDeclarado] => 0,00
            [EntregaDomiciliar] => S
            [EntregaSabado] => S
            [obsFim] => SimpleXMLElement Object
                (
                )

            [Erro] => 0
            [MsgErro] => SimpleXMLElement Object
                (
                )

        )

)

06-15-2022 @ 04:53:23 - Calculo Online - Correios URL: http://ws.correios.com.br/calculador/CalcPrecoPrazo.aspx?nCdServico=03220&nCdEmpresa=22047719&sDsSenha=Imp3ri@l237&sCepDestino=13400550&sCepOrigem=96412830&nVlAltura=33,00&nVlLargura=35,00&nVlDiametro=0&nVlComprimento=35,00&nVlPeso=3,00&nCdFormato=1&sCdMaoPropria=N&nVlValorDeclarado=0,00&sCdAvisoRecebimento=N&StrRetorno=xml
06-15-2022 @ 04:53:23 - Debug Correios Resposta: SimpleXMLElement Object
(
    [cServico] => SimpleXMLElement Object
        (
            [Codigo] => 03220
            [Valor] => 114,62
            [PrazoEntrega] => 3
            [ValorSemAdicionais] => 114,62
            [ValorMaoPropria] => 0,00
            [ValorAvisoRecebimento] => 0,00
            [ValorValorDeclarado] => 0,00
            [EntregaDomiciliar] => S
            [EntregaSabado] => S
            [obsFim] => SimpleXMLElement Object
                (
                )

            [Erro] => 0
            [MsgErro] => SimpleXMLElement Object
                (
                )

        )

)

06-15-2022 @ 06:39:20 - Calculo Online - Correios URL: http://ws.correios.com.br/calculador/CalcPrecoPrazo.aspx?nCdServico=03220&nCdEmpresa=22047719&sDsSenha=Imp3ri@l237&sCepDestino=96085212&sCepOrigem=96412830&nVlAltura=10,00&nVlLargura=30,00&nVlDiametro=0&nVlComprimento=40,00&nVlPeso=3,00&nCdFormato=1&sCdMaoPropria=N&nVlValorDeclarado=0,00&sCdAvisoRecebimento=N&StrRetorno=xml
06-15-2022 @ 06:39:20 - Debug Correios Resposta: SimpleXMLElement Object
(
    [cServico] => SimpleXMLElement Object
        (
            [Codigo] => 03220
            [Valor] => 29,01
            [PrazoEntrega] => 2
            [ValorSemAdicionais] => 29,01
            [ValorMaoPropria] => 0,00
            [ValorAvisoRecebimento] => 0,00
            [ValorValorDeclarado] => 0,00
            [EntregaDomiciliar] => N
            [EntregaSabado] => S
            [obsFim] => SimpleXMLElement Object
                (
                )

            [Erro] => 0
            [MsgErro] => SimpleXMLElement Object
                (
                )

        )

)

06-15-2022 @ 08:09:56 - Erro Correios Online URL: http://ws.correios.com.br/calculador/CalcPrecoPrazo.aspx?nCdServico=03220&nCdEmpresa=22047719&sDsSenha=Imp3ri@l237&sCepDestino=29090200&sCepOrigem=96412830&nVlAltura=8,00&nVlLargura=30,00&nVlDiametro=0&nVlComprimento=30,00&nVlPeso=2,00&nCdFormato=1&sCdMaoPropria=N&nVlValorDeclarado=0,00&sCdAvisoRecebimento=N&StrRetorno=xml
06-15-2022 @ 08:09:56 - Erro ao Conectar nos Correios: WP_Error Object
(
    [errors] => Array
        (
            [http_request_failed] => Array
                (
                    [0] => cURL error 56: Recv failure: Connection reset by peer
                )

        )

    [error_data] => Array
        (
        )

    [additional_data:protected] => Array
        (
        )

)

06-15-2022 @ 08:12:50 - Erro Correios Online URL: http://ws.correios.com.br/calculador/CalcPrecoPrazo.aspx?nCdServico=03220&nCdEmpresa=22047719&sDsSenha=Imp3ri@l237&sCepDestino=78450000&sCepOrigem=96412830&nVlAltura=12,00&nVlLargura=40,00&nVlDiametro=0&nVlComprimento=50,00&nVlPeso=5,00&nCdFormato=1&sCdMaoPropria=N&nVlValorDeclarado=0,00&sCdAvisoRecebimento=N&StrRetorno=xml
06-15-2022 @ 08:12:50 - Erro ao Conectar nos Correios: WP_Error Object
(
    [errors] => Array
        (
            [http_request_failed] => Array
                (
                    [0] => cURL error 56: Recv failure: Connection reset by peer
                )

        )

    [error_data] => Array
        (
        )

    [additional_data:protected] => Array
        (
        )

)

06-15-2022 @ 09:34:27 - Calculo Online - Correios URL: http://ws.correios.com.br/calculador/CalcPrecoPrazo.aspx?nCdServico=03220&nCdEmpresa=22047719&sDsSenha=Imp3ri@l237&sCepDestino=97400000&sCepOrigem=96412830&nVlAltura=26,90&nVlLargura=26,90&nVlDiametro=0&nVlComprimento=40,00&nVlPeso=4,00&nCdFormato=1&sCdMaoPropria=N&nVlValorDeclarado=0,00&sCdAvisoRecebimento=N&StrRetorno=xml
06-15-2022 @ 09:34:27 - Debug Correios Resposta: SimpleXMLElement Object
(
    [cServico] => SimpleXMLElement Object
        (
            [Codigo] => 03220
            [Valor] => 31,92
            [PrazoEntrega] => 5
            [ValorSemAdicionais] => 31,92
            [ValorMaoPropria] => 0,00
            [ValorAvisoRecebimento] => 0,00
            [ValorValorDeclarado] => 0,00
            [EntregaDomiciliar] => S
            [EntregaSabado] => N
            [obsFim] => SimpleXMLElement Object
                (
                )

            [Erro] => 0
            [MsgErro] => SimpleXMLElement Object
                (
                )

        )

)

06-15-2022 @ 09:34:32 - Calculo Online - Correios URL: http://ws.correios.com.br/calculador/CalcPrecoPrazo.aspx?nCdServico=03220&nCdEmpresa=22047719&sDsSenha=Imp3ri@l237&sCepDestino=97400000&sCepOrigem=96412830&nVlAltura=10,00&nVlLargura=35,00&nVlDiametro=0&nVlComprimento=40,00&nVlPeso=2,00&nCdFormato=1&sCdMaoPropria=N&nVlValorDeclarado=0,00&sCdAvisoRecebimento=N&StrRetorno=xml
06-15-2022 @ 09:34:32 - Debug Correios Resposta: SimpleXMLElement Object
(
    [cServico] => SimpleXMLElement Object
        (
            [Codigo] => 03220
            [Valor] => 26,54
            [PrazoEntrega] => 5
            [ValorSemAdicionais] => 26,54
            [ValorMaoPropria] => 0,00
            [ValorAvisoRecebimento] => 0,00
            [ValorValorDeclarado] => 0,00
            [EntregaDomiciliar] => S
            [EntregaSabado] => N
            [obsFim] => SimpleXMLElement Object
                (
                )

            [Erro] => 0
            [MsgErro] => SimpleXMLElement Object
                (
                )

        )

)

06-15-2022 @ 09:40:38 - Calculo Online - Correios URL: http://ws.correios.com.br/calculador/CalcPrecoPrazo.aspx?nCdServico=03220&nCdEmpresa=22047719&sDsSenha=Imp3ri@l237&sCepDestino=04054000&sCepOrigem=96412830&nVlAltura=20,00&nVlLargura=55,00&nVlDiametro=0&nVlComprimento=80,00&nVlPeso=14,67&nCdFormato=1&sCdMaoPropria=N&nVlValorDeclarado=0,00&sCdAvisoRecebimento=N&StrRetorno=xml
06-15-2022 @ 09:40:38 - Debug Correios Resposta: SimpleXMLElement Object
(
    [cServico] => SimpleXMLElement Object
        (
            [Codigo] => 03220
            [Valor] => 249,10
            [PrazoEntrega] => 3
            [ValorSemAdicionais] => 249,10
            [ValorMaoPropria] => 0,00
            [ValorAvisoRecebimento] => 0,00
            [ValorValorDeclarado] => 0,00
            [EntregaDomiciliar] => S
            [EntregaSabado] => S
            [obsFim] => SimpleXMLElement Object
                (
                )

            [Erro] => 0
            [MsgErro] => SimpleXMLElement Object
                (
                )

        )

)

06-15-2022 @ 09:57:54 - Calculo Online - Correios URL: http://ws.correios.com.br/calculador/CalcPrecoPrazo.aspx?nCdServico=03220&nCdEmpresa=22047719&sDsSenha=Imp3ri@l237&sCepDestino=88802020&sCepOrigem=96412830&nVlAltura=12,00&nVlLargura=50,00&nVlDiametro=0&nVlComprimento=50,00&nVlPeso=7,00&nCdFormato=1&sCdMaoPropria=N&nVlValorDeclarado=0,00&sCdAvisoRecebimento=N&StrRetorno=xml
06-15-2022 @ 09:57:54 - Debug Correios Resposta: SimpleXMLElement Object
(
    [cServico] => SimpleXMLElement Object
        (
            [Codigo] => 03220
            [Valor] => 114,62
            [PrazoEntrega] => 3
            [ValorSemAdicionais] => 114,62
            [ValorMaoPropria] => 0,00
            [ValorAvisoRecebimento] => 0,00
            [ValorValorDeclarado] => 0,00
            [EntregaDomiciliar] => S
            [EntregaSabado] => S
            [obsFim] => SimpleXMLElement Object
                (
                )

            [Erro] => 0
            [MsgErro] => SimpleXMLElement Object
                (
                )

        )

)

06-15-2022 @ 10:03:34 - Calculo Online - Correios URL: http://ws.correios.com.br/calculador/CalcPrecoPrazo.aspx?nCdServico=03220&nCdEmpresa=22047719&sDsSenha=Imp3ri@l237&sCepDestino=85906080&sCepOrigem=96412830&nVlAltura=45,10&nVlLargura=45,10&nVlDiametro=0&nVlComprimento=65,00&nVlPeso=24,00&nCdFormato=1&sCdMaoPropria=N&nVlValorDeclarado=0,00&sCdAvisoRecebimento=N&StrRetorno=xml
06-15-2022 @ 10:03:34 - Debug Correios Resposta: SimpleXMLElement Object
(
    [cServico] => SimpleXMLElement Object
        (
            [Codigo] => 03220
            [Valor] => 386,96
            [PrazoEntrega] => 4
            [ValorSemAdicionais] => 386,96
            [ValorMaoPropria] => 0,00
            [ValorAvisoRecebimento] => 0,00
            [ValorValorDeclarado] => 0,00
            [EntregaDomiciliar] => S
            [EntregaSabado] => S
            [obsFim] => SimpleXMLElement Object
                (
                )

            [Erro] => 0
            [MsgErro] => SimpleXMLElement Object
                (
                )

        )

)

06-15-2022 @ 10:03:49 - Calculo Online - Correios URL: http://ws.correios.com.br/calculador/CalcPrecoPrazo.aspx?nCdServico=03220&nCdEmpresa=22047719&sDsSenha=Imp3ri@l237&sCepDestino=85906080&sCepOrigem=96412830&nVlAltura=36,70&nVlLargura=36,70&nVlDiametro=0&nVlComprimento=65,00&nVlPeso=16,00&nCdFormato=1&sCdMaoPropria=N&nVlValorDeclarado=0,00&sCdAvisoRecebimento=N&StrRetorno=xml
06-15-2022 @ 10:03:49 - Debug Correios Resposta: SimpleXMLElement Object
(
    [cServico] => SimpleXMLElement Object
        (
            [Codigo] => 03220
            [Valor] => 246,64
            [PrazoEntrega] => 4
            [ValorSemAdicionais] => 246,64
            [ValorMaoPropria] => 0,00
            [ValorAvisoRecebimento] => 0,00
            [ValorValorDeclarado] => 0,00
            [EntregaDomiciliar] => S
            [EntregaSabado] => S
            [obsFim] => SimpleXMLElement Object
                (
                )

            [Erro] => 0
            [MsgErro] => SimpleXMLElement Object
                (
                )

        )

)

06-15-2022 @ 10:07:34 - Calculo Online - Correios URL: http://ws.correios.com.br/calculador/CalcPrecoPrazo.aspx?nCdServico=03220&nCdEmpresa=22047719&sDsSenha=Imp3ri@l237&sCepDestino=13806310&sCepOrigem=96412830&nVlAltura=5,00&nVlLargura=25,00&nVlDiametro=0&nVlComprimento=30,00&nVlPeso=1,00&nCdFormato=1&sCdMaoPropria=N&nVlValorDeclarado=0,00&sCdAvisoRecebimento=N&StrRetorno=xml
06-15-2022 @ 10:07:34 - Debug Correios Resposta: SimpleXMLElement Object
(
    [cServico] => SimpleXMLElement Object
        (
            [Codigo] => 03220
            [Valor] => 51,69
            [PrazoEntrega] => 3
            [ValorSemAdicionais] => 51,69
            [ValorMaoPropria] => 0,00
            [ValorAvisoRecebimento] => 0,00
            [ValorValorDeclarado] => 0,00
            [EntregaDomiciliar] => S
            [EntregaSabado] => N
            [obsFim] => SimpleXMLElement Object
                (
                )

            [Erro] => 0
            [MsgErro] => SimpleXMLElement Object
                (
                )

        )

)

06-15-2022 @ 10:08:03 - Calculo Online - Correios URL: http://ws.correios.com.br/calculador/CalcPrecoPrazo.aspx?nCdServico=03220&nCdEmpresa=22047719&sDsSenha=Imp3ri@l237&sCepDestino=13806310&sCepOrigem=96412830&nVlAltura=19,40&nVlLargura=19,40&nVlDiametro=0&nVlComprimento=30,00&nVlPeso=3,00&nCdFormato=1&sCdMaoPropria=N&nVlValorDeclarado=0,00&sCdAvisoRecebimento=N&StrRetorno=xml
06-15-2022 @ 10:08:03 - Debug Correios Resposta: SimpleXMLElement Object
(
    [cServico] => SimpleXMLElement Object
        (
            [Codigo] => 03220
            [Valor] => 77,46
            [PrazoEntrega] => 3
            [ValorSemAdicionais] => 77,46
            [ValorMaoPropria] => 0,00
            [ValorAvisoRecebimento] => 0,00
            [ValorValorDeclarado] => 0,00
            [EntregaDomiciliar] => S
            [EntregaSabado] => N
            [obsFim] => SimpleXMLElement Object
                (
                )

            [Erro] => 0
            [MsgErro] => SimpleXMLElement Object
                (
                )

        )

)

06-15-2022 @ 10:12:39 - Calculo Online - Correios URL: http://ws.correios.com.br/calculador/CalcPrecoPrazo.aspx?nCdServico=03220&nCdEmpresa=22047719&sDsSenha=Imp3ri@l237&sCepDestino=97573090&sCepOrigem=96412830&nVlAltura=19,40&nVlLargura=19,40&nVlDiametro=0&nVlComprimento=30,00&nVlPeso=3,00&nCdFormato=1&sCdMaoPropria=N&nVlValorDeclarado=0,00&sCdAvisoRecebimento=N&StrRetorno=xml
06-15-2022 @ 10:12:39 - Debug Correios Resposta: SimpleXMLElement Object
(
    [cServico] => SimpleXMLElement Object
        (
            [Codigo] => 03220
            [Valor] => 29,01
            [PrazoEntrega] => 2
            [ValorSemAdicionais] => 29,01
            [ValorMaoPropria] => 0,00
            [ValorAvisoRecebimento] => 0,00
            [ValorValorDeclarado] => 0,00
            [EntregaDomiciliar] => S
            [EntregaSabado] => N
            [obsFim] => SimpleXMLElement Object
                (
                )

            [Erro] => 0
            [MsgErro] => SimpleXMLElement Object
                (
                )

        )

)

06-15-2022 @ 11:08:18 - Calculo Online - Correios URL: http://ws.correios.com.br/calculador/CalcPrecoPrazo.aspx?nCdServico=03220&nCdEmpresa=22047719&sDsSenha=Imp3ri@l237&sCepDestino=89128000&sCepOrigem=96412830&nVlAltura=25,00&nVlLargura=60,00&nVlDiametro=0&nVlComprimento=70,00&nVlPeso=17,50&nCdFormato=1&sCdMaoPropria=N&nVlValorDeclarado=0,00&sCdAvisoRecebimento=N&StrRetorno=xml
06-15-2022 @ 11:08:18 - Debug Correios Resposta: SimpleXMLElement Object
(
    [cServico] => SimpleXMLElement Object
        (
            [Codigo] => 03220
            [Valor] => 281,72
            [PrazoEntrega] => 6
            [ValorSemAdicionais] => 281,72
            [ValorMaoPropria] => 0,00
            [ValorAvisoRecebimento] => 0,00
            [ValorValorDeclarado] => 0,00
            [EntregaDomiciliar] => S
            [EntregaSabado] => N
            [obsFim] => SimpleXMLElement Object
                (
                )

            [Erro] => 0
            [MsgErro] => SimpleXMLElement Object
                (
                )

        )

)

06-15-2022 @ 11:09:12 - Calculo Online - Correios URL: http://ws.correios.com.br/calculador/CalcPrecoPrazo.aspx?nCdServico=03220&nCdEmpresa=22047719&sDsSenha=Imp3ri@l237&sCepDestino=89128000&sCepOrigem=96412830&nVlAltura=48,60&nVlLargura=48,60&nVlDiametro=0&nVlComprimento=70,00&nVlPeso=27,56&nCdFormato=1&sCdMaoPropria=N&nVlValorDeclarado=0,00&sCdAvisoRecebimento=N&StrRetorno=xml
06-15-2022 @ 11:09:12 - Debug Correios Resposta: SimpleXMLElement Object
(
    [cServico] => SimpleXMLElement Object
        (
            [Codigo] => 03220
            [Valor] => 457,12
            [PrazoEntrega] => 6
            [ValorSemAdicionais] => 457,12
            [ValorMaoPropria] => 0,00
            [ValorAvisoRecebimento] => 0,00
            [ValorValorDeclarado] => 0,00
            [EntregaDomiciliar] => S
            [EntregaSabado] => N
            [obsFim] => SimpleXMLElement Object
                (
                )

            [Erro] => 0
            [MsgErro] => SimpleXMLElement Object
                (
                )

        )

)

06-15-2022 @ 12:01:46 - Calculo Online - Correios URL: http://ws.correios.com.br/calculador/CalcPrecoPrazo.aspx?nCdServico=03220&nCdEmpresa=22047719&sDsSenha=Imp3ri@l237&sCepDestino=08773515&sCepOrigem=96412830&nVlAltura=12,00&nVlLargura=50,00&nVlDiametro=0&nVlComprimento=60,00&nVlPeso=8,00&nCdFormato=1&sCdMaoPropria=N&nVlValorDeclarado=0,00&sCdAvisoRecebimento=N&StrRetorno=xml
06-15-2022 @ 12:01:46 - Debug Correios Resposta: SimpleXMLElement Object
(
    [cServico] => SimpleXMLElement Object
        (
            [Codigo] => 03220
            [Valor] => 127,56
            [PrazoEntrega] => 3
            [ValorSemAdicionais] => 127,56
            [ValorMaoPropria] => 0,00
            [ValorAvisoRecebimento] => 0,00
            [ValorValorDeclarado] => 0,00
            [EntregaDomiciliar] => S
            [EntregaSabado] => S
            [obsFim] => SimpleXMLElement Object
                (
                )

            [Erro] => 0
            [MsgErro] => SimpleXMLElement Object
                (
                )

        )

)

06-15-2022 @ 12:09:24 - Calculo Online - Correios URL: http://ws.correios.com.br/calculador/CalcPrecoPrazo.aspx?nCdServico=03220&nCdEmpresa=22047719&sDsSenha=Imp3ri@l237&sCepDestino=86020000&sCepOrigem=96412830&nVlAltura=10,00&nVlLargura=30,00&nVlDiametro=0&nVlComprimento=40,00&nVlPeso=3,00&nCdFormato=1&sCdMaoPropria=N&nVlValorDeclarado=0,00&sCdAvisoRecebimento=N&StrRetorno=xml
06-15-2022 @ 12:09:24 - Debug Correios Resposta: SimpleXMLElement Object
(
    [cServico] => SimpleXMLElement Object
        (
            [Codigo] => 03220
            [Valor] => 77,46
            [PrazoEntrega] => 3
            [ValorSemAdicionais] => 77,46
            [ValorMaoPropria] => 0,00
            [ValorAvisoRecebimento] => 0,00
            [ValorValorDeclarado] => 0,00
            [EntregaDomiciliar] => S
            [EntregaSabado] => S
            [obsFim] => SimpleXMLElement Object
                (
                )

            [Erro] => 0
            [MsgErro] => SimpleXMLElement Object
                (
                )

        )

)

06-15-2022 @ 12:30:36 - Calculo Online - Correios URL: http://ws.correios.com.br/calculador/CalcPrecoPrazo.aspx?nCdServico=03220&nCdEmpresa=22047719&sDsSenha=Imp3ri@l237&sCepDestino=18143058&sCepOrigem=96412830&nVlAltura=5,00&nVlLargura=25,00&nVlDiametro=0&nVlComprimento=30,00&nVlPeso=1,00&nCdFormato=1&sCdMaoPropria=N&nVlValorDeclarado=0,00&sCdAvisoRecebimento=N&StrRetorno=xml
06-15-2022 @ 12:30:36 - Debug Correios Resposta: SimpleXMLElement Object
(
    [cServico] => SimpleXMLElement Object
        (
            [Codigo] => 03220
            [Valor] => 51,69
            [PrazoEntrega] => 3
            [ValorSemAdicionais] => 51,69
            [ValorMaoPropria] => 0,00
            [ValorAvisoRecebimento] => 0,00
            [ValorValorDeclarado] => 0,00
            [EntregaDomiciliar] => S
            [EntregaSabado] => N
            [obsFim] => SimpleXMLElement Object
                (
                )

            [Erro] => 0
            [MsgErro] => SimpleXMLElement Object
                (
                )

        )

)

06-15-2022 @ 12:50:48 - Calculo Online - Correios URL: http://ws.correios.com.br/calculador/CalcPrecoPrazo.aspx?nCdServico=03220&nCdEmpresa=22047719&sDsSenha=Imp3ri@l237&sCepDestino=05625040&sCepOrigem=96412830&nVlAltura=45,00&nVlLargura=45,00&nVlDiametro=0&nVlComprimento=45,00&nVlPeso=3,50&nCdFormato=1&sCdMaoPropria=N&nVlValorDeclarado=0,00&sCdAvisoRecebimento=N&StrRetorno=xml
06-15-2022 @ 12:50:48 - Debug Correios Resposta: SimpleXMLElement Object
(
    [cServico] => SimpleXMLElement Object
        (
            [Codigo] => 03220
            [Valor] => 246,64
            [PrazoEntrega] => 3
            [ValorSemAdicionais] => 246,64
            [ValorMaoPropria] => 0,00
            [ValorAvisoRecebimento] => 0,00
            [ValorValorDeclarado] => 0,00
            [EntregaDomiciliar] => S
            [EntregaSabado] => S
            [obsFim] => SimpleXMLElement Object
                (
                )

            [Erro] => 0
            [MsgErro] => SimpleXMLElement Object
                (
                )

        )

)

06-15-2022 @ 12:56:45 - Calculo Online - Correios URL: http://ws.correios.com.br/calculador/CalcPrecoPrazo.aspx?nCdServico=03220&nCdEmpresa=22047719&sDsSenha=Imp3ri@l237&sCepDestino=88054500&sCepOrigem=96412830&nVlAltura=10,00&nVlLargura=27,00&nVlDiametro=0&nVlComprimento=27,00&nVlPeso=1,00&nCdFormato=1&sCdMaoPropria=N&nVlValorDeclarado=0,00&sCdAvisoRecebimento=N&StrRetorno=xml
06-15-2022 @ 12:56:45 - Debug Correios Resposta: SimpleXMLElement Object
(
    [cServico] => SimpleXMLElement Object
        (
            [Codigo] => 03220
            [Valor] => 51,69
            [PrazoEntrega] => 2
            [ValorSemAdicionais] => 51,69
            [ValorMaoPropria] => 0,00
            [ValorAvisoRecebimento] => 0,00
            [ValorValorDeclarado] => 0,00
            [EntregaDomiciliar] => S
            [EntregaSabado] => S
            [obsFim] => SimpleXMLElement Object
                (
                )

            [Erro] => 0
            [MsgErro] => SimpleXMLElement Object
                (
                )

        )

)

06-15-2022 @ 13:18:03 - Calculo Online - Correios URL: http://ws.correios.com.br/calculador/CalcPrecoPrazo.aspx?nCdServico=03220&nCdEmpresa=22047719&sDsSenha=Imp3ri@l237&sCepDestino=85906080&sCepOrigem=96412830&nVlAltura=36,70&nVlLargura=36,70&nVlDiametro=0&nVlComprimento=65,00&nVlPeso=16,00&nCdFormato=1&sCdMaoPropria=N&nVlValorDeclarado=0,00&sCdAvisoRecebimento=N&StrRetorno=xml
06-15-2022 @ 13:18:03 - Debug Correios Resposta: SimpleXMLElement Object
(
    [cServico] => SimpleXMLElement Object
        (
            [Codigo] => 03220
            [Valor] => 246,64
            [PrazoEntrega] => 4
            [ValorSemAdicionais] => 246,64
            [ValorMaoPropria] => 0,00
            [ValorAvisoRecebimento] => 0,00
            [ValorValorDeclarado] => 0,00
            [EntregaDomiciliar] => S
            [EntregaSabado] => S
            [obsFim] => SimpleXMLElement Object
                (
                )

            [Erro] => 0
            [MsgErro] => SimpleXMLElement Object
                (
                )

        )

)

06-15-2022 @ 13:36:00 - Calculo Online - Correios URL: http://ws.correios.com.br/calculador/CalcPrecoPrazo.aspx?nCdServico=03220&nCdEmpresa=22047719&sDsSenha=Imp3ri@l237&sCepDestino=22790669&sCepOrigem=96412830&nVlAltura=45,00&nVlLargura=45,00&nVlDiametro=0&nVlComprimento=45,00&nVlPeso=3,50&nCdFormato=1&sCdMaoPropria=N&nVlValorDeclarado=0,00&sCdAvisoRecebimento=N&StrRetorno=xml
06-15-2022 @ 13:36:00 - Debug Correios Resposta: SimpleXMLElement Object
(
    [cServico] => SimpleXMLElement Object
        (
            [Codigo] => 03220
            [Valor] => 305,49
            [PrazoEntrega] => 3
            [ValorSemAdicionais] => 305,49
            [ValorMaoPropria] => 0,00
            [ValorAvisoRecebimento] => 0,00
            [ValorValorDeclarado] => 0,00
            [EntregaDomiciliar] => S
            [EntregaSabado] => S
            [obsFim] => SimpleXMLElement Object
                (
                )

            [Erro] => 0
            [MsgErro] => SimpleXMLElement Object
                (
                )

        )

)

06-15-2022 @ 13:36:01 - Calculo Online - Correios URL: http://ws.correios.com.br/calculador/CalcPrecoPrazo.aspx?nCdServico=03220&nCdEmpresa=22047719&sDsSenha=Imp3ri@l237&sCepDestino=22790669&sCepOrigem=96412830&nVlAltura=45,00&nVlLargura=45,00&nVlDiametro=0&nVlComprimento=45,00&nVlPeso=3,50&nCdFormato=1&sCdMaoPropria=N&nVlValorDeclarado=0,00&sCdAvisoRecebimento=N&StrRetorno=xml
06-15-2022 @ 13:36:01 - Debug Correios Resposta: SimpleXMLElement Object
(
    [cServico] => SimpleXMLElement Object
        (
            [Codigo] => 03220
            [Valor] => 305,49
            [PrazoEntrega] => 3
            [ValorSemAdicionais] => 305,49
            [ValorMaoPropria] => 0,00
            [ValorAvisoRecebimento] => 0,00
            [ValorValorDeclarado] => 0,00
            [EntregaDomiciliar] => S
            [EntregaSabado] => S
            [obsFim] => SimpleXMLElement Object
                (
                )

            [Erro] => 0
            [MsgErro] => SimpleXMLElement Object
                (
                )

        )

)

06-15-2022 @ 14:25:56 - Calculo Online - Correios URL: http://ws.correios.com.br/calculador/CalcPrecoPrazo.aspx?nCdServico=03220&nCdEmpresa=22047719&sDsSenha=Imp3ri@l237&sCepDestino=03937090&sCepOrigem=96412830&nVlAltura=20,00&nVlLargura=65,00&nVlDiametro=0&nVlComprimento=70,00&nVlPeso=20,00&nCdFormato=1&sCdMaoPropria=N&nVlValorDeclarado=0,00&sCdAvisoRecebimento=N&StrRetorno=xml
06-15-2022 @ 14:25:56 - Debug Correios Resposta: SimpleXMLElement Object
(
    [cServico] => SimpleXMLElement Object
        (
            [Codigo] => 03220
            [Valor] => 316,80
            [PrazoEntrega] => 3
            [ValorSemAdicionais] => 316,80
            [ValorMaoPropria] => 0,00
            [ValorAvisoRecebimento] => 0,00
            [ValorValorDeclarado] => 0,00
            [EntregaDomiciliar] => S
            [EntregaSabado] => S
            [obsFim] => SimpleXMLElement Object
                (
                )

            [Erro] => 0
            [MsgErro] => SimpleXMLElement Object
                (
                )

        )

)

06-15-2022 @ 15:00:22 - Calculo Online - Correios URL: http://ws.correios.com.br/calculador/CalcPrecoPrazo.aspx?nCdServico=03220&nCdEmpresa=22047719&sDsSenha=Imp3ri@l237&sCepDestino=11930000&sCepOrigem=96412830&nVlAltura=10,00&nVlLargura=40,00&nVlDiametro=0&nVlComprimento=40,00&nVlPeso=3,00&nCdFormato=1&sCdMaoPropria=N&nVlValorDeclarado=0,00&sCdAvisoRecebimento=N&StrRetorno=xml
06-15-2022 @ 15:00:22 - Debug Correios Resposta: SimpleXMLElement Object
(
    [cServico] => SimpleXMLElement Object
        (
            [Codigo] => 03220
            [Valor] => 77,46
            [PrazoEntrega] => 6
            [ValorSemAdicionais] => 77,46
            [ValorMaoPropria] => 0,00
            [ValorAvisoRecebimento] => 0,00
            [ValorValorDeclarado] => 0,00
            [EntregaDomiciliar] => S
            [EntregaSabado] => N
            [obsFim] => SimpleXMLElement Object
                (
                )

            [Erro] => 0
            [MsgErro] => SimpleXMLElement Object
                (
                )

        )

)

06-15-2022 @ 15:00:25 - Calculo Online - Correios URL: http://ws.correios.com.br/calculador/CalcPrecoPrazo.aspx?nCdServico=03220&nCdEmpresa=22047719&sDsSenha=Imp3ri@l237&sCepDestino=11930000&sCepOrigem=96412830&nVlAltura=10,00&nVlLargura=40,00&nVlDiametro=0&nVlComprimento=40,00&nVlPeso=3,00&nCdFormato=1&sCdMaoPropria=N&nVlValorDeclarado=0,00&sCdAvisoRecebimento=N&StrRetorno=xml
06-15-2022 @ 15:00:25 - Debug Correios Resposta: SimpleXMLElement Object
(
    [cServico] => SimpleXMLElement Object
        (
            [Codigo] => 03220
            [Valor] => 77,46
            [PrazoEntrega] => 6
            [ValorSemAdicionais] => 77,46
            [ValorMaoPropria] => 0,00
            [ValorAvisoRecebimento] => 0,00
            [ValorValorDeclarado] => 0,00
            [EntregaDomiciliar] => S
            [EntregaSabado] => N
            [obsFim] => SimpleXMLElement Object
                (
                )

            [Erro] => 0
            [MsgErro] => SimpleXMLElement Object
                (
                )

        )

)

06-15-2022 @ 15:00:27 - Calculo Online - Correios URL: http://ws.correios.com.br/calculador/CalcPrecoPrazo.aspx?nCdServico=03220&nCdEmpresa=22047719&sDsSenha=Imp3ri@l237&sCepDestino=11930000&sCepOrigem=96412830&nVlAltura=10,00&nVlLargura=40,00&nVlDiametro=0&nVlComprimento=40,00&nVlPeso=3,00&nCdFormato=1&sCdMaoPropria=N&nVlValorDeclarado=0,00&sCdAvisoRecebimento=N&StrRetorno=xml
06-15-2022 @ 15:00:27 - Debug Correios Resposta: SimpleXMLElement Object
(
    [cServico] => SimpleXMLElement Object
        (
            [Codigo] => 03220
            [Valor] => 77,46
            [PrazoEntrega] => 6
            [ValorSemAdicionais] => 77,46
            [ValorMaoPropria] => 0,00
            [ValorAvisoRecebimento] => 0,00
            [ValorValorDeclarado] => 0,00
            [EntregaDomiciliar] => S
            [EntregaSabado] => N
            [obsFim] => SimpleXMLElement Object
                (
                )

            [Erro] => 0
            [MsgErro] => SimpleXMLElement Object
                (
                )

        )

)

06-15-2022 @ 15:01:36 - Calculo Online - Correios URL: http://ws.correios.com.br/calculador/CalcPrecoPrazo.aspx?nCdServico=03220&nCdEmpresa=22047719&sDsSenha=Imp3ri@l237&sCepDestino=11930000&sCepOrigem=96412830&nVlAltura=10,00&nVlLargura=40,00&nVlDiametro=0&nVlComprimento=40,00&nVlPeso=3,00&nCdFormato=1&sCdMaoPropria=N&nVlValorDeclarado=0,00&sCdAvisoRecebimento=N&StrRetorno=xml
06-15-2022 @ 15:01:36 - Debug Correios Resposta: SimpleXMLElement Object
(
    [cServico] => SimpleXMLElement Object
        (
            [Codigo] => 03220
            [Valor] => 77,46
            [PrazoEntrega] => 6
            [ValorSemAdicionais] => 77,46
            [ValorMaoPropria] => 0,00
            [ValorAvisoRecebimento] => 0,00
            [ValorValorDeclarado] => 0,00
            [EntregaDomiciliar] => S
            [EntregaSabado] => N
            [obsFim] => SimpleXMLElement Object
                (
                )

            [Erro] => 0
            [MsgErro] => SimpleXMLElement Object
                (
                )

        )

)

06-15-2022 @ 15:03:47 - Calculo Online - Correios URL: http://ws.correios.com.br/calculador/CalcPrecoPrazo.aspx?nCdServico=03220&nCdEmpresa=22047719&sDsSenha=Imp3ri@l237&sCepDestino=03033020&sCepOrigem=96412830&nVlAltura=25,00&nVlLargura=35,00&nVlDiametro=0&nVlComprimento=40,00&nVlPeso=4,00&nCdFormato=1&sCdMaoPropria=N&nVlValorDeclarado=0,00&sCdAvisoRecebimento=N&StrRetorno=xml
06-15-2022 @ 15:03:47 - Debug Correios Resposta: SimpleXMLElement Object
(
    [cServico] => SimpleXMLElement Object
        (
            [Codigo] => 03220
            [Valor] => 107,83
            [PrazoEntrega] => 3
            [ValorSemAdicionais] => 107,83
            [ValorMaoPropria] => 0,00
            [ValorAvisoRecebimento] => 0,00
            [ValorValorDeclarado] => 0,00
            [EntregaDomiciliar] => S
            [EntregaSabado] => S
            [obsFim] => SimpleXMLElement Object
                (
                )

            [Erro] => 0
            [MsgErro] => SimpleXMLElement Object
                (
                )

        )

)

06-15-2022 @ 15:03:50 - Calculo Online - Correios URL: http://ws.correios.com.br/calculador/CalcPrecoPrazo.aspx?nCdServico=03220&nCdEmpresa=22047719&sDsSenha=Imp3ri@l237&sCepDestino=03033020&sCepOrigem=96412830&nVlAltura=25,00&nVlLargura=35,00&nVlDiametro=0&nVlComprimento=40,00&nVlPeso=4,00&nCdFormato=1&sCdMaoPropria=N&nVlValorDeclarado=0,00&sCdAvisoRecebimento=N&StrRetorno=xml
06-15-2022 @ 15:03:50 - Debug Correios Resposta: SimpleXMLElement Object
(
    [cServico] => SimpleXMLElement Object
        (
            [Codigo] => 03220
            [Valor] => 107,83
            [PrazoEntrega] => 3
            [ValorSemAdicionais] => 107,83
            [ValorMaoPropria] => 0,00
            [ValorAvisoRecebimento] => 0,00
            [ValorValorDeclarado] => 0,00
            [EntregaDomiciliar] => S
            [EntregaSabado] => S
            [obsFim] => SimpleXMLElement Object
                (
                )

            [Erro] => 0
            [MsgErro] => SimpleXMLElement Object
                (
                )

        )

)

06-15-2022 @ 15:03:52 - Calculo Online - Correios URL: http://ws.correios.com.br/calculador/CalcPrecoPrazo.aspx?nCdServico=03220&nCdEmpresa=22047719&sDsSenha=Imp3ri@l237&sCepDestino=03033020&sCepOrigem=96412830&nVlAltura=25,00&nVlLargura=35,00&nVlDiametro=0&nVlComprimento=40,00&nVlPeso=4,00&nCdFormato=1&sCdMaoPropria=N&nVlValorDeclarado=0,00&sCdAvisoRecebimento=N&StrRetorno=xml
06-15-2022 @ 15:03:52 - Debug Correios Resposta: SimpleXMLElement Object
(
    [cServico] => SimpleXMLElement Object
        (
            [Codigo] => 03220
            [Valor] => 107,83
            [PrazoEntrega] => 3
            [ValorSemAdicionais] => 107,83
            [ValorMaoPropria] => 0,00
            [ValorAvisoRecebimento] => 0,00
            [ValorValorDeclarado] => 0,00
            [EntregaDomiciliar] => S
            [EntregaSabado] => S
            [obsFim] => SimpleXMLElement Object
                (
                )

            [Erro] => 0
            [MsgErro] => SimpleXMLElement Object
                (
                )

        )

)

06-15-2022 @ 15:03:57 - Calculo Online - Correios URL: http://ws.correios.com.br/calculador/CalcPrecoPrazo.aspx?nCdServico=03220&nCdEmpresa=22047719&sDsSenha=Imp3ri@l237&sCepDestino=03033020&sCepOrigem=96412830&nVlAltura=25,00&nVlLargura=35,00&nVlDiametro=0&nVlComprimento=40,00&nVlPeso=4,00&nCdFormato=1&sCdMaoPropria=N&nVlValorDeclarado=0,00&sCdAvisoRecebimento=N&StrRetorno=xml
06-15-2022 @ 15:03:57 - Debug Correios Resposta: SimpleXMLElement Object
(
    [cServico] => SimpleXMLElement Object
        (
            [Codigo] => 03220
            [Valor] => 107,83
            [PrazoEntrega] => 3
            [ValorSemAdicionais] => 107,83
            [ValorMaoPropria] => 0,00
            [ValorAvisoRecebimento] => 0,00
            [ValorValorDeclarado] => 0,00
            [EntregaDomiciliar] => S
            [EntregaSabado] => S
            [obsFim] => SimpleXMLElement Object
                (
                )

            [Erro] => 0
            [MsgErro] => SimpleXMLElement Object
                (
                )

        )

)

06-15-2022 @ 15:03:59 - Calculo Online - Correios URL: http://ws.correios.com.br/calculador/CalcPrecoPrazo.aspx?nCdServico=03220&nCdEmpresa=22047719&sDsSenha=Imp3ri@l237&sCepDestino=03033020&sCepOrigem=96412830&nVlAltura=25,00&nVlLargura=35,00&nVlDiametro=0&nVlComprimento=40,00&nVlPeso=4,00&nCdFormato=1&sCdMaoPropria=N&nVlValorDeclarado=0,00&sCdAvisoRecebimento=N&StrRetorno=xml
06-15-2022 @ 15:03:59 - Debug Correios Resposta: SimpleXMLElement Object
(
    [cServico] => SimpleXMLElement Object
        (
            [Codigo] => 03220
            [Valor] => 107,83
            [PrazoEntrega] => 3
            [ValorSemAdicionais] => 107,83
            [ValorMaoPropria] => 0,00
            [ValorAvisoRecebimento] => 0,00
            [ValorValorDeclarado] => 0,00
            [EntregaDomiciliar] => S
            [EntregaSabado] => S
            [obsFim] => SimpleXMLElement Object
                (
                )

            [Erro] => 0
            [MsgErro] => SimpleXMLElement Object
                (
                )

        )

)

06-15-2022 @ 15:04:57 - Calculo Online - Correios URL: http://ws.correios.com.br/calculador/CalcPrecoPrazo.aspx?nCdServico=03220&nCdEmpresa=22047719&sDsSenha=Imp3ri@l237&sCepDestino=15760000&sCepOrigem=96412830&nVlAltura=25,00&nVlLargura=35,00&nVlDiametro=0&nVlComprimento=40,00&nVlPeso=4,00&nCdFormato=1&sCdMaoPropria=N&nVlValorDeclarado=0,00&sCdAvisoRecebimento=N&StrRetorno=xml
06-15-2022 @ 15:04:57 - Debug Correios Resposta: SimpleXMLElement Object
(
    [cServico] => SimpleXMLElement Object
        (
            [Codigo] => 03220
            [Valor] => 107,83
            [PrazoEntrega] => 6
            [ValorSemAdicionais] => 107,83
            [ValorMaoPropria] => 0,00
            [ValorAvisoRecebimento] => 0,00
            [ValorValorDeclarado] => 0,00
            [EntregaDomiciliar] => S
            [EntregaSabado] => N
            [obsFim] => SimpleXMLElement Object
                (
                )

            [Erro] => 0
            [MsgErro] => SimpleXMLElement Object
                (
                )

        )

)

06-15-2022 @ 15:08:32 - Calculo Online - Correios URL: http://ws.correios.com.br/calculador/CalcPrecoPrazo.aspx?nCdServico=03220&nCdEmpresa=22047719&sDsSenha=Imp3ri@l237&sCepDestino=89874000&sCepOrigem=96412830&nVlAltura=12,00&nVlLargura=40,00&nVlDiametro=0&nVlComprimento=50,00&nVlPeso=5,00&nCdFormato=1&sCdMaoPropria=N&nVlValorDeclarado=0,00&sCdAvisoRecebimento=N&StrRetorno=xml
06-15-2022 @ 15:08:32 - Debug Correios Resposta: SimpleXMLElement Object
(
    [cServico] => SimpleXMLElement Object
        (
            [Codigo] => 03220
            [Valor] => 102,06
            [PrazoEntrega] => 7
            [ValorSemAdicionais] => 102,06
            [ValorMaoPropria] => 0,00
            [ValorAvisoRecebimento] => 0,00
            [ValorValorDeclarado] => 0,00
            [EntregaDomiciliar] => S
            [EntregaSabado] => N
            [obsFim] => SimpleXMLElement Object
                (
                )

            [Erro] => 0
            [MsgErro] => SimpleXMLElement Object
                (
                )

        )

)

06-15-2022 @ 16:25:06 - Calculo Online - Correios URL: http://ws.correios.com.br/calculador/CalcPrecoPrazo.aspx?nCdServico=03220&nCdEmpresa=22047719&sDsSenha=Imp3ri@l237&sCepDestino=80730330&sCepOrigem=96412830&nVlAltura=33,00&nVlLargura=35,00&nVlDiametro=0&nVlComprimento=35,00&nVlPeso=3,00&nCdFormato=1&sCdMaoPropria=N&nVlValorDeclarado=0,00&sCdAvisoRecebimento=N&StrRetorno=xml
06-15-2022 @ 16:25:06 - Debug Correios Resposta: SimpleXMLElement Object
(
    [cServico] => SimpleXMLElement Object
        (
            [Codigo] => 03220
            [Valor] => 114,62
            [PrazoEntrega] => 3
            [ValorSemAdicionais] => 114,62
            [ValorMaoPropria] => 0,00
            [ValorAvisoRecebimento] => 0,00
            [ValorValorDeclarado] => 0,00
            [EntregaDomiciliar] => S
            [EntregaSabado] => S
            [obsFim] => SimpleXMLElement Object
                (
                )

            [Erro] => 0
            [MsgErro] => SimpleXMLElement Object
                (
                )

        )

)

06-15-2022 @ 16:46:54 - Calculo Online - Correios URL: http://ws.correios.com.br/calculador/CalcPrecoPrazo.aspx?nCdServico=03220&nCdEmpresa=22047719&sDsSenha=Imp3ri@l237&sCepDestino=11065430&sCepOrigem=96412830&nVlAltura=8,00&nVlLargura=30,00&nVlDiametro=0&nVlComprimento=30,00&nVlPeso=2,00&nCdFormato=1&sCdMaoPropria=N&nVlValorDeclarado=0,00&sCdAvisoRecebimento=N&StrRetorno=xml
06-15-2022 @ 16:46:54 - Debug Correios Resposta: SimpleXMLElement Object
(
    [cServico] => SimpleXMLElement Object
        (
            [Codigo] => 03220
            [Valor] => 64,64
            [PrazoEntrega] => 3
            [ValorSemAdicionais] => 64,64
            [ValorMaoPropria] => 0,00
            [ValorAvisoRecebimento] => 0,00
            [ValorValorDeclarado] => 0,00
            [EntregaDomiciliar] => S
            [EntregaSabado] => S
            [obsFim] => SimpleXMLElement Object
                (
                )

            [Erro] => 0
            [MsgErro] => SimpleXMLElement Object
                (
                )

        )

)

06-15-2022 @ 17:04:39 - Calculo Online - Correios URL: http://ws.correios.com.br/calculador/CalcPrecoPrazo.aspx?nCdServico=03220&nCdEmpresa=22047719&sDsSenha=Imp3ri@l237&sCepDestino=79022403&sCepOrigem=96412830&nVlAltura=20,00&nVlLargura=30,00&nVlDiametro=0&nVlComprimento=30,00&nVlPeso=1,50&nCdFormato=1&sCdMaoPropria=N&nVlValorDeclarado=0,00&sCdAvisoRecebimento=N&StrRetorno=xml
06-15-2022 @ 17:04:39 - Debug Correios Resposta: SimpleXMLElement Object
(
    [cServico] => SimpleXMLElement Object
        (
            [Codigo] => 03220
            [Valor] => 98,84
            [PrazoEntrega] => 3
            [ValorSemAdicionais] => 98,84
            [ValorMaoPropria] => 0,00
            [ValorAvisoRecebimento] => 0,00
            [ValorValorDeclarado] => 0,00
            [EntregaDomiciliar] => S
            [EntregaSabado] => S
            [obsFim] => SimpleXMLElement Object
                (
                )

            [Erro] => 0
            [MsgErro] => SimpleXMLElement Object
                (
                )

        )

)

06-15-2022 @ 17:33:44 - Calculo Online - Correios URL: http://ws.correios.com.br/calculador/CalcPrecoPrazo.aspx?nCdServico=03220&nCdEmpresa=22047719&sDsSenha=Imp3ri@l237&sCepDestino=79823060&sCepOrigem=96412830&nVlAltura=12,00&nVlLargura=40,00&nVlDiametro=0&nVlComprimento=50,00&nVlPeso=5,00&nCdFormato=1&sCdMaoPropria=N&nVlValorDeclarado=0,00&sCdAvisoRecebimento=N&StrRetorno=xml
06-15-2022 @ 17:33:44 - Debug Correios Resposta: SimpleXMLElement Object
(
    [cServico] => SimpleXMLElement Object
        (
            [Codigo] => 03220
            [Valor] => 157,69
            [PrazoEntrega] => 4
            [ValorSemAdicionais] => 157,69
            [ValorMaoPropria] => 0,00
            [ValorAvisoRecebimento] => 0,00
            [ValorValorDeclarado] => 0,00
            [EntregaDomiciliar] => S
            [EntregaSabado] => S
            [obsFim] => SimpleXMLElement Object
                (
                )

            [Erro] => 0
            [MsgErro] => SimpleXMLElement Object
                (
                )

        )

)

06-15-2022 @ 17:55:20 - Calculo Online - Correios URL: http://ws.correios.com.br/calculador/CalcPrecoPrazo.aspx?nCdServico=03220&nCdEmpresa=22047719&sDsSenha=Imp3ri@l237&sCepDestino=36152000&sCepOrigem=96412830&nVlAltura=45,00&nVlLargura=45,00&nVlDiametro=0&nVlComprimento=45,00&nVlPeso=3,50&nCdFormato=1&sCdMaoPropria=N&nVlValorDeclarado=0,00&sCdAvisoRecebimento=N&StrRetorno=xml
06-15-2022 @ 17:55:20 - Debug Correios Resposta: SimpleXMLElement Object
(
    [cServico] => SimpleXMLElement Object
        (
            [Codigo] => 03220
            [Valor] => 305,49
            [PrazoEntrega] => 7
            [ValorSemAdicionais] => 305,49
            [ValorMaoPropria] => 0,00
            [ValorAvisoRecebimento] => 0,00
            [ValorValorDeclarado] => 0,00
            [EntregaDomiciliar] => N
            [EntregaSabado] => N
            [obsFim] => SimpleXMLElement Object
                (
                )

            [Erro] => 0
            [MsgErro] => SimpleXMLElement Object
                (
                )

        )

)

06-15-2022 @ 18:27:40 - Calculo Online - Correios URL: http://ws.correios.com.br/calculador/CalcPrecoPrazo.aspx?nCdServico=03220&nCdEmpresa=22047719&sDsSenha=Imp3ri@l237&sCepDestino=28895294&sCepOrigem=96412830&nVlAltura=15,00&nVlLargura=40,00&nVlDiametro=0&nVlComprimento=50,00&nVlPeso=5,00&nCdFormato=1&sCdMaoPropria=N&nVlValorDeclarado=0,00&sCdAvisoRecebimento=N&StrRetorno=xml
06-15-2022 @ 18:27:40 - Debug Correios Resposta: SimpleXMLElement Object
(
    [cServico] => SimpleXMLElement Object
        (
            [Codigo] => 03220
            [Valor] => 124,18
            [PrazoEntrega] => 4
            [ValorSemAdicionais] => 124,18
            [ValorMaoPropria] => 0,00
            [ValorAvisoRecebimento] => 0,00
            [ValorValorDeclarado] => 0,00
            [EntregaDomiciliar] => S
            [EntregaSabado] => S
            [obsFim] => SimpleXMLElement Object
                (
                )

            [Erro] => 0
            [MsgErro] => SimpleXMLElement Object
                (
                )

        )

)

06-15-2022 @ 18:33:07 - Calculo Online - Correios URL: http://ws.correios.com.br/calculador/CalcPrecoPrazo.aspx?nCdServico=03220&nCdEmpresa=22047719&sDsSenha=Imp3ri@l237&sCepDestino=37701313&sCepOrigem=96412830&nVlAltura=10,00&nVlLargura=23,00&nVlDiametro=0&nVlComprimento=30,00&nVlPeso=0,40&nCdFormato=1&sCdMaoPropria=N&nVlValorDeclarado=0,00&sCdAvisoRecebimento=N&StrRetorno=xml
06-15-2022 @ 18:33:07 - Debug Correios Resposta: SimpleXMLElement Object
(
    [cServico] => SimpleXMLElement Object
        (
            [Codigo] => 03220
            [Valor] => 64,50
            [PrazoEntrega] => 3
            [ValorSemAdicionais] => 64,50
            [ValorMaoPropria] => 0,00
            [ValorAvisoRecebimento] => 0,00
            [ValorValorDeclarado] => 0,00
            [EntregaDomiciliar] => S
            [EntregaSabado] => S
            [obsFim] => SimpleXMLElement Object
                (
                )

            [Erro] => 0
            [MsgErro] => SimpleXMLElement Object
                (
                )

        )

)

06-15-2022 @ 18:33:36 - Calculo Online - Correios URL: http://ws.correios.com.br/calculador/CalcPrecoPrazo.aspx?nCdServico=03220&nCdEmpresa=22047719&sDsSenha=Imp3ri@l237&sCepDestino=37473000&sCepOrigem=96412830&nVlAltura=10,00&nVlLargura=23,00&nVlDiametro=0&nVlComprimento=30,00&nVlPeso=0,40&nCdFormato=1&sCdMaoPropria=N&nVlValorDeclarado=0,00&sCdAvisoRecebimento=N&StrRetorno=xml
06-15-2022 @ 18:33:36 - Debug Correios Resposta: SimpleXMLElement Object
(
    [cServico] => SimpleXMLElement Object
        (
            [Codigo] => 03220
            [Valor] => 64,50
            [PrazoEntrega] => 7
            [ValorSemAdicionais] => 64,50
            [ValorMaoPropria] => 0,00
            [ValorAvisoRecebimento] => 0,00
            [ValorValorDeclarado] => 0,00
            [EntregaDomiciliar] => S
            [EntregaSabado] => N
            [obsFim] => SimpleXMLElement Object
                (
                )

            [Erro] => 0
            [MsgErro] => SimpleXMLElement Object
                (
                )

        )

)

06-15-2022 @ 18:56:02 - Calculo Online - Correios URL: http://ws.correios.com.br/calculador/CalcPrecoPrazo.aspx?nCdServico=03220&nCdEmpresa=22047719&sDsSenha=Imp3ri@l237&sCepDestino=76820278&sCepOrigem=96412830&nVlAltura=15,00&nVlLargura=50,00&nVlDiametro=0&nVlComprimento=60,00&nVlPeso=8,00&nCdFormato=1&sCdMaoPropria=N&nVlValorDeclarado=0,00&sCdAvisoRecebimento=N&StrRetorno=xml
06-15-2022 @ 18:56:02 - Debug Correios Resposta: SimpleXMLElement Object
(
    [cServico] => SimpleXMLElement Object
        (
            [Codigo] => 03220
            [Valor] => 234,23
            [PrazoEntrega] => 6
            [ValorSemAdicionais] => 234,23
            [ValorMaoPropria] => 0,00
            [ValorAvisoRecebimento] => 0,00
            [ValorValorDeclarado] => 0,00
            [EntregaDomiciliar] => S
            [EntregaSabado] => S
            [obsFim] => SimpleXMLElement Object
                (
                )

            [Erro] => 0
            [MsgErro] => SimpleXMLElement Object
                (
                )

        )

)

