04-26-2022 @ 21:50:10 - Calculo Online - Correios URL: http://ws.correios.com.br/calculador/CalcPrecoPrazo.aspx?nCdServico=03220&nCdEmpresa=22047719&sDsSenha=Imp3ri@l237&sCepDestino=75200000&sCepOrigem=96412830&nVlAltura=8,00&nVlLargura=30,00&nVlDiametro=0&nVlComprimento=40,00&nVlPeso=2,00&nCdFormato=1&sCdMaoPropria=N&nVlValorDeclarado=0,00&sCdAvisoRecebimento=N&StrRetorno=xml
04-26-2022 @ 21:50:10 - Debug Correios Resposta: SimpleXMLElement Object
(
    [cServico] => SimpleXMLElement Object
        (
            [Codigo] => 03220
            [Valor] => 112,80
            [PrazoEntrega] => 8
            [ValorSemAdicionais] => 112,80
            [ValorMaoPropria] => 0,00
            [ValorAvisoRecebimento] => 0,00
            [ValorValorDeclarado] => 0,00
            [EntregaDomiciliar] => S
            [EntregaSabado] => N
            [obsFim] => SimpleXMLElement Object
                (
                )

            [Erro] => 0
            [MsgErro] => SimpleXMLElement Object
                (
                )

        )

)

04-26-2022 @ 22:20:23 - Calculo Online - Correios URL: http://ws.correios.com.br/calculador/CalcPrecoPrazo.aspx?nCdServico=03220&nCdEmpresa=22047719&sDsSenha=Imp3ri@l237&sCepDestino=22755060&sCepOrigem=96412830&nVlAltura=10,00&nVlLargura=30,00&nVlDiametro=0&nVlComprimento=30,00&nVlPeso=2,50&nCdFormato=1&sCdMaoPropria=N&nVlValorDeclarado=0,00&sCdAvisoRecebimento=N&StrRetorno=xml
04-26-2022 @ 22:20:23 - Debug Correios Resposta: SimpleXMLElement Object
(
    [cServico] => SimpleXMLElement Object
        (
            [Codigo] => 03220
            [Valor] => 95,20
            [PrazoEntrega] => 3
            [ValorSemAdicionais] => 95,20
            [ValorMaoPropria] => 0,00
            [ValorAvisoRecebimento] => 0,00
            [ValorValorDeclarado] => 0,00
            [EntregaDomiciliar] => S
            [EntregaSabado] => N
            [obsFim] => SimpleXMLElement Object
                (
                )

            [Erro] => 0
            [MsgErro] => SimpleXMLElement Object
                (
                )

        )

)

04-26-2022 @ 22:46:32 - Calculo Online - Correios URL: http://ws.correios.com.br/calculador/CalcPrecoPrazo.aspx?nCdServico=03220&nCdEmpresa=22047719&sDsSenha=Imp3ri@l237&sCepDestino=87511000&sCepOrigem=96412830&nVlAltura=10,00&nVlLargura=35,00&nVlDiametro=0&nVlComprimento=40,00&nVlPeso=4,50&nCdFormato=1&sCdMaoPropria=N&nVlValorDeclarado=0,00&sCdAvisoRecebimento=N&StrRetorno=xml
04-26-2022 @ 22:46:32 - Debug Correios Resposta: SimpleXMLElement Object
(
    [cServico] => SimpleXMLElement Object
        (
            [Codigo] => 03220
            [Valor] => 102,06
            [PrazoEntrega] => 4
            [ValorSemAdicionais] => 102,06
            [ValorMaoPropria] => 0,00
            [ValorAvisoRecebimento] => 0,00
            [ValorValorDeclarado] => 0,00
            [EntregaDomiciliar] => S
            [EntregaSabado] => N
            [obsFim] => SimpleXMLElement Object
                (
                )

            [Erro] => 0
            [MsgErro] => SimpleXMLElement Object
                (
                )

        )

)

04-26-2022 @ 22:46:36 - Calculo Online - Correios URL: http://ws.correios.com.br/calculador/CalcPrecoPrazo.aspx?nCdServico=03220&nCdEmpresa=22047719&sDsSenha=Imp3ri@l237&sCepDestino=87511000&sCepOrigem=96412830&nVlAltura=10,00&nVlLargura=35,00&nVlDiametro=0&nVlComprimento=40,00&nVlPeso=4,50&nCdFormato=1&sCdMaoPropria=N&nVlValorDeclarado=0,00&sCdAvisoRecebimento=N&StrRetorno=xml
04-26-2022 @ 22:46:36 - Debug Correios Resposta: SimpleXMLElement Object
(
    [cServico] => SimpleXMLElement Object
        (
            [Codigo] => 03220
            [Valor] => 102,06
            [PrazoEntrega] => 4
            [ValorSemAdicionais] => 102,06
            [ValorMaoPropria] => 0,00
            [ValorAvisoRecebimento] => 0,00
            [ValorValorDeclarado] => 0,00
            [EntregaDomiciliar] => S
            [EntregaSabado] => N
            [obsFim] => SimpleXMLElement Object
                (
                )

            [Erro] => 0
            [MsgErro] => SimpleXMLElement Object
                (
                )

        )

)

04-26-2022 @ 22:46:44 - Calculo Online - Correios URL: http://ws.correios.com.br/calculador/CalcPrecoPrazo.aspx?nCdServico=03220&nCdEmpresa=22047719&sDsSenha=Imp3ri@l237&sCepDestino=87511000&sCepOrigem=96412830&nVlAltura=10,00&nVlLargura=35,00&nVlDiametro=0&nVlComprimento=40,00&nVlPeso=4,50&nCdFormato=1&sCdMaoPropria=N&nVlValorDeclarado=0,00&sCdAvisoRecebimento=N&StrRetorno=xml
04-26-2022 @ 22:46:44 - Debug Correios Resposta: SimpleXMLElement Object
(
    [cServico] => SimpleXMLElement Object
        (
            [Codigo] => 03220
            [Valor] => 102,06
            [PrazoEntrega] => 4
            [ValorSemAdicionais] => 102,06
            [ValorMaoPropria] => 0,00
            [ValorAvisoRecebimento] => 0,00
            [ValorValorDeclarado] => 0,00
            [EntregaDomiciliar] => S
            [EntregaSabado] => N
            [obsFim] => SimpleXMLElement Object
                (
                )

            [Erro] => 0
            [MsgErro] => SimpleXMLElement Object
                (
                )

        )

)

04-26-2022 @ 22:46:58 - Calculo Online - Correios URL: http://ws.correios.com.br/calculador/CalcPrecoPrazo.aspx?nCdServico=03220&nCdEmpresa=22047719&sDsSenha=Imp3ri@l237&sCepDestino=87511000&sCepOrigem=96412830&nVlAltura=10,00&nVlLargura=35,00&nVlDiametro=0&nVlComprimento=40,00&nVlPeso=4,50&nCdFormato=1&sCdMaoPropria=N&nVlValorDeclarado=0,00&sCdAvisoRecebimento=N&StrRetorno=xml
04-26-2022 @ 22:46:58 - Debug Correios Resposta: SimpleXMLElement Object
(
    [cServico] => SimpleXMLElement Object
        (
            [Codigo] => 03220
            [Valor] => 102,06
            [PrazoEntrega] => 4
            [ValorSemAdicionais] => 102,06
            [ValorMaoPropria] => 0,00
            [ValorAvisoRecebimento] => 0,00
            [ValorValorDeclarado] => 0,00
            [EntregaDomiciliar] => S
            [EntregaSabado] => N
            [obsFim] => SimpleXMLElement Object
                (
                )

            [Erro] => 0
            [MsgErro] => SimpleXMLElement Object
                (
                )

        )

)

04-26-2022 @ 22:47:01 - Calculo Online - Correios URL: http://ws.correios.com.br/calculador/CalcPrecoPrazo.aspx?nCdServico=03220&nCdEmpresa=22047719&sDsSenha=Imp3ri@l237&sCepDestino=87511000&sCepOrigem=96412830&nVlAltura=10,00&nVlLargura=35,00&nVlDiametro=0&nVlComprimento=40,00&nVlPeso=4,50&nCdFormato=1&sCdMaoPropria=N&nVlValorDeclarado=0,00&sCdAvisoRecebimento=N&StrRetorno=xml
04-26-2022 @ 22:47:01 - Debug Correios Resposta: SimpleXMLElement Object
(
    [cServico] => SimpleXMLElement Object
        (
            [Codigo] => 03220
            [Valor] => 0,00
            [PrazoEntrega] => 0
            [ValorSemAdicionais] => 0,00
            [ValorMaoPropria] => 0,00
            [ValorAvisoRecebimento] => 0,00
            [ValorValorDeclarado] => 0,00
            [EntregaDomiciliar] => SimpleXMLElement Object
                (
                )

            [EntregaSabado] => SimpleXMLElement Object
                (
                )

            [obsFim] => SimpleXMLElement Object
                (
                )

            [Erro] => 999
            [MsgErro] => SimpleXMLElement Object
                (
                )

        )

)

04-27-2022 @ 00:06:23 - Calculo Online - Correios URL: http://ws.correios.com.br/calculador/CalcPrecoPrazo.aspx?nCdServico=03220&nCdEmpresa=22047719&sDsSenha=Imp3ri@l237&sCepDestino=13090751&sCepOrigem=96412830&nVlAltura=10,00&nVlLargura=40,00&nVlDiametro=0&nVlComprimento=40,00&nVlPeso=5,00&nCdFormato=1&sCdMaoPropria=N&nVlValorDeclarado=0,00&sCdAvisoRecebimento=N&StrRetorno=xml
04-27-2022 @ 00:06:23 - Debug Correios Resposta: SimpleXMLElement Object
(
    [cServico] => SimpleXMLElement Object
        (
            [Codigo] => 03220
            [Valor] => 102,06
            [PrazoEntrega] => 2
            [ValorSemAdicionais] => 102,06
            [ValorMaoPropria] => 0,00
            [ValorAvisoRecebimento] => 0,00
            [ValorValorDeclarado] => 0,00
            [EntregaDomiciliar] => S
            [EntregaSabado] => N
            [obsFim] => SimpleXMLElement Object
                (
                )

            [Erro] => 0
            [MsgErro] => SimpleXMLElement Object
                (
                )

        )

)

04-27-2022 @ 02:33:00 - Calculo Online - Correios URL: http://ws.correios.com.br/calculador/CalcPrecoPrazo.aspx?nCdServico=03220&nCdEmpresa=22047719&sDsSenha=Imp3ri@l237&sCepDestino=84035900&sCepOrigem=96412830&nVlAltura=8,00&nVlLargura=40,00&nVlDiametro=0&nVlComprimento=40,00&nVlPeso=2,00&nCdFormato=1&sCdMaoPropria=N&nVlValorDeclarado=0,00&sCdAvisoRecebimento=N&StrRetorno=xml
04-27-2022 @ 02:33:00 - Debug Correios Resposta: SimpleXMLElement Object
(
    [cServico] => SimpleXMLElement Object
        (
            [Codigo] => 03220
            [Valor] => 64,64
            [PrazoEntrega] => 4
            [ValorSemAdicionais] => 64,64
            [ValorMaoPropria] => 0,00
            [ValorAvisoRecebimento] => 0,00
            [ValorValorDeclarado] => 0,00
            [EntregaDomiciliar] => S
            [EntregaSabado] => N
            [obsFim] => SimpleXMLElement Object
                (
                )

            [Erro] => 0
            [MsgErro] => SimpleXMLElement Object
                (
                )

        )

)

04-27-2022 @ 08:35:46 - Calculo Online - Correios URL: http://ws.correios.com.br/calculador/CalcPrecoPrazo.aspx?nCdServico=03220&nCdEmpresa=22047719&sDsSenha=Imp3ri@l237&sCepDestino=96750000&sCepOrigem=96412830&nVlAltura=10,00&nVlLargura=23,00&nVlDiametro=0&nVlComprimento=30,00&nVlPeso=0,40&nCdFormato=1&sCdMaoPropria=N&nVlValorDeclarado=0,00&sCdAvisoRecebimento=N&StrRetorno=xml
04-27-2022 @ 08:35:46 - Debug Correios Resposta: SimpleXMLElement Object
(
    [cServico] => SimpleXMLElement Object
        (
            [Codigo] => 03220
            [Valor] => 22,09
            [PrazoEntrega] => 4
            [ValorSemAdicionais] => 22,09
            [ValorMaoPropria] => 0,00
            [ValorAvisoRecebimento] => 0,00
            [ValorValorDeclarado] => 0,00
            [EntregaDomiciliar] => S
            [EntregaSabado] => N
            [obsFim] => SimpleXMLElement Object
                (
                )

            [Erro] => 0
            [MsgErro] => SimpleXMLElement Object
                (
                )

        )

)

04-27-2022 @ 08:35:49 - Calculo Online - Correios URL: http://ws.correios.com.br/calculador/CalcPrecoPrazo.aspx?nCdServico=03220&nCdEmpresa=22047719&sDsSenha=Imp3ri@l237&sCepDestino=96750000&sCepOrigem=96412830&nVlAltura=10,00&nVlLargura=23,00&nVlDiametro=0&nVlComprimento=30,00&nVlPeso=0,40&nCdFormato=1&sCdMaoPropria=N&nVlValorDeclarado=0,00&sCdAvisoRecebimento=N&StrRetorno=xml
04-27-2022 @ 08:35:49 - Debug Correios Resposta: SimpleXMLElement Object
(
    [cServico] => SimpleXMLElement Object
        (
            [Codigo] => 03220
            [Valor] => 22,09
            [PrazoEntrega] => 4
            [ValorSemAdicionais] => 22,09
            [ValorMaoPropria] => 0,00
            [ValorAvisoRecebimento] => 0,00
            [ValorValorDeclarado] => 0,00
            [EntregaDomiciliar] => S
            [EntregaSabado] => N
            [obsFim] => SimpleXMLElement Object
                (
                )

            [Erro] => 0
            [MsgErro] => SimpleXMLElement Object
                (
                )

        )

)

04-27-2022 @ 08:36:55 - Calculo Online - Correios URL: http://ws.correios.com.br/calculador/CalcPrecoPrazo.aspx?nCdServico=03220&nCdEmpresa=22047719&sDsSenha=Imp3ri@l237&sCepDestino=88052400&sCepOrigem=96412830&nVlAltura=10,00&nVlLargura=23,00&nVlDiametro=0&nVlComprimento=30,00&nVlPeso=0,40&nCdFormato=1&sCdMaoPropria=N&nVlValorDeclarado=0,00&sCdAvisoRecebimento=N&StrRetorno=xml
04-27-2022 @ 08:36:55 - Debug Correios Resposta: SimpleXMLElement Object
(
    [cServico] => SimpleXMLElement Object
        (
            [Codigo] => 03220
            [Valor] => 50,38
            [PrazoEntrega] => 2
            [ValorSemAdicionais] => 50,38
            [ValorMaoPropria] => 0,00
            [ValorAvisoRecebimento] => 0,00
            [ValorValorDeclarado] => 0,00
            [EntregaDomiciliar] => S
            [EntregaSabado] => N
            [obsFim] => SimpleXMLElement Object
                (
                )

            [Erro] => 0
            [MsgErro] => SimpleXMLElement Object
                (
                )

        )

)

04-27-2022 @ 08:38:21 - Calculo Online - Correios URL: http://ws.correios.com.br/calculador/CalcPrecoPrazo.aspx?nCdServico=03220&nCdEmpresa=22047719&sDsSenha=Imp3ri@l237&sCepDestino=88052400&sCepOrigem=96412830&nVlAltura=10,00&nVlLargura=23,00&nVlDiametro=0&nVlComprimento=30,00&nVlPeso=0,40&nCdFormato=1&sCdMaoPropria=N&nVlValorDeclarado=0,00&sCdAvisoRecebimento=N&StrRetorno=xml
04-27-2022 @ 08:38:21 - Debug Correios Resposta: SimpleXMLElement Object
(
    [cServico] => SimpleXMLElement Object
        (
            [Codigo] => 03220
            [Valor] => 50,38
            [PrazoEntrega] => 2
            [ValorSemAdicionais] => 50,38
            [ValorMaoPropria] => 0,00
            [ValorAvisoRecebimento] => 0,00
            [ValorValorDeclarado] => 0,00
            [EntregaDomiciliar] => S
            [EntregaSabado] => N
            [obsFim] => SimpleXMLElement Object
                (
                )

            [Erro] => 0
            [MsgErro] => SimpleXMLElement Object
                (
                )

        )

)

04-27-2022 @ 08:38:26 - Calculo Online - Correios URL: http://ws.correios.com.br/calculador/CalcPrecoPrazo.aspx?nCdServico=03220&nCdEmpresa=22047719&sDsSenha=Imp3ri@l237&sCepDestino=88052400&sCepOrigem=96412830&nVlAltura=10,00&nVlLargura=23,00&nVlDiametro=0&nVlComprimento=30,00&nVlPeso=0,40&nCdFormato=1&sCdMaoPropria=N&nVlValorDeclarado=0,00&sCdAvisoRecebimento=N&StrRetorno=xml
04-27-2022 @ 08:38:26 - Debug Correios Resposta: SimpleXMLElement Object
(
    [cServico] => SimpleXMLElement Object
        (
            [Codigo] => 03220
            [Valor] => 50,38
            [PrazoEntrega] => 2
            [ValorSemAdicionais] => 50,38
            [ValorMaoPropria] => 0,00
            [ValorAvisoRecebimento] => 0,00
            [ValorValorDeclarado] => 0,00
            [EntregaDomiciliar] => S
            [EntregaSabado] => N
            [obsFim] => SimpleXMLElement Object
                (
                )

            [Erro] => 0
            [MsgErro] => SimpleXMLElement Object
                (
                )

        )

)

04-27-2022 @ 10:18:53 - Calculo Online - Correios URL: http://ws.correios.com.br/calculador/CalcPrecoPrazo.aspx?nCdServico=03220&nCdEmpresa=22047719&sDsSenha=Imp3ri@l237&sCepDestino=89160226&sCepOrigem=96412830&nVlAltura=41,50&nVlLargura=41,50&nVlDiametro=0&nVlComprimento=40,00&nVlPeso=11,48&nCdFormato=1&sCdMaoPropria=N&nVlValorDeclarado=0,00&sCdAvisoRecebimento=N&StrRetorno=xml
04-27-2022 @ 10:18:53 - Debug Correios Resposta: SimpleXMLElement Object
(
    [cServico] => SimpleXMLElement Object
        (
            [Codigo] => 03220
            [Valor] => 176,48
            [PrazoEntrega] => 3
            [ValorSemAdicionais] => 176,48
            [ValorMaoPropria] => 0,00
            [ValorAvisoRecebimento] => 0,00
            [ValorValorDeclarado] => 0,00
            [EntregaDomiciliar] => S
            [EntregaSabado] => N
            [obsFim] => SimpleXMLElement Object
                (
                )

            [Erro] => 0
            [MsgErro] => SimpleXMLElement Object
                (
                )

        )

)

04-27-2022 @ 10:21:58 - Calculo Online - Correios URL: http://ws.correios.com.br/calculador/CalcPrecoPrazo.aspx?nCdServico=03220&nCdEmpresa=22047719&sDsSenha=Imp3ri@l237&sCepDestino=13423470&sCepOrigem=96412830&nVlAltura=10,00&nVlLargura=25,00&nVlDiametro=0&nVlComprimento=33,00&nVlPeso=1,00&nCdFormato=1&sCdMaoPropria=N&nVlValorDeclarado=0,00&sCdAvisoRecebimento=N&StrRetorno=xml
04-27-2022 @ 10:21:58 - Debug Correios Resposta: SimpleXMLElement Object
(
    [cServico] => SimpleXMLElement Object
        (
            [Codigo] => 03220
            [Valor] => 51,69
            [PrazoEntrega] => 3
            [ValorSemAdicionais] => 51,69
            [ValorMaoPropria] => 0,00
            [ValorAvisoRecebimento] => 0,00
            [ValorValorDeclarado] => 0,00
            [EntregaDomiciliar] => S
            [EntregaSabado] => N
            [obsFim] => SimpleXMLElement Object
                (
                )

            [Erro] => 0
            [MsgErro] => SimpleXMLElement Object
                (
                )

        )

)

04-27-2022 @ 11:40:36 - Calculo Online - Correios URL: http://ws.correios.com.br/calculador/CalcPrecoPrazo.aspx?nCdServico=03220&nCdEmpresa=22047719&sDsSenha=Imp3ri@l237&sCepDestino=15050410&sCepOrigem=96412830&nVlAltura=15,00&nVlLargura=60,00&nVlDiametro=0&nVlComprimento=60,00&nVlPeso=11,00&nCdFormato=1&sCdMaoPropria=N&nVlValorDeclarado=0,00&sCdAvisoRecebimento=N&StrRetorno=xml
04-27-2022 @ 11:40:36 - Debug Correios Resposta: SimpleXMLElement Object
(
    [cServico] => SimpleXMLElement Object
        (
            [Codigo] => 03220
            [Valor] => 158,94
            [PrazoEntrega] => 2
            [ValorSemAdicionais] => 158,94
            [ValorMaoPropria] => 0,00
            [ValorAvisoRecebimento] => 0,00
            [ValorValorDeclarado] => 0,00
            [EntregaDomiciliar] => S
            [EntregaSabado] => N
            [obsFim] => SimpleXMLElement Object
                (
                )

            [Erro] => 0
            [MsgErro] => SimpleXMLElement Object
                (
                )

        )

)

04-27-2022 @ 11:57:22 - Calculo Online - Correios URL: http://ws.correios.com.br/calculador/CalcPrecoPrazo.aspx?nCdServico=03220&nCdEmpresa=22047719&sDsSenha=Imp3ri@l237&sCepDestino=06458020&sCepOrigem=96412830&nVlAltura=10,00&nVlLargura=35,00&nVlDiametro=0&nVlComprimento=40,00&nVlPeso=4,50&nCdFormato=1&sCdMaoPropria=N&nVlValorDeclarado=0,00&sCdAvisoRecebimento=N&StrRetorno=xml
04-27-2022 @ 11:57:22 - Debug Correios Resposta: SimpleXMLElement Object
(
    [cServico] => SimpleXMLElement Object
        (
            [Codigo] => 03220
            [Valor] => 102,06
            [PrazoEntrega] => 3
            [ValorSemAdicionais] => 102,06
            [ValorMaoPropria] => 0,00
            [ValorAvisoRecebimento] => 0,00
            [ValorValorDeclarado] => 0,00
            [EntregaDomiciliar] => S
            [EntregaSabado] => N
            [obsFim] => SimpleXMLElement Object
                (
                )

            [Erro] => 0
            [MsgErro] => SimpleXMLElement Object
                (
                )

        )

)

04-27-2022 @ 13:09:38 - Calculo Online - Correios URL: http://ws.correios.com.br/calculador/CalcPrecoPrazo.aspx?nCdServico=03220&nCdEmpresa=22047719&sDsSenha=Imp3ri@l237&sCepDestino=89155000&sCepOrigem=96412830&nVlAltura=8,00&nVlLargura=30,00&nVlDiametro=0&nVlComprimento=30,00&nVlPeso=2,00&nCdFormato=1&sCdMaoPropria=N&nVlValorDeclarado=0,00&sCdAvisoRecebimento=N&StrRetorno=xml
04-27-2022 @ 13:09:38 - Debug Correios Resposta: SimpleXMLElement Object
(
    [cServico] => SimpleXMLElement Object
        (
            [Codigo] => 03220
            [Valor] => 64,64
            [PrazoEntrega] => 6
            [ValorSemAdicionais] => 64,64
            [ValorMaoPropria] => 0,00
            [ValorAvisoRecebimento] => 0,00
            [ValorValorDeclarado] => 0,00
            [EntregaDomiciliar] => S
            [EntregaSabado] => N
            [obsFim] => SimpleXMLElement Object
                (
                )

            [Erro] => 0
            [MsgErro] => SimpleXMLElement Object
                (
                )

        )

)

04-27-2022 @ 13:57:26 - Calculo Online - Correios URL: http://ws.correios.com.br/calculador/CalcPrecoPrazo.aspx?nCdServico=03220&nCdEmpresa=22047719&sDsSenha=Imp3ri@l237&sCepDestino=14022038&sCepOrigem=96412830&nVlAltura=10,00&nVlLargura=30,00&nVlDiametro=0&nVlComprimento=30,00&nVlPeso=2,50&nCdFormato=1&sCdMaoPropria=N&nVlValorDeclarado=0,00&sCdAvisoRecebimento=N&StrRetorno=xml
04-27-2022 @ 13:57:26 - Debug Correios Resposta: SimpleXMLElement Object
(
    [cServico] => SimpleXMLElement Object
        (
            [Codigo] => 03220
            [Valor] => 77,46
            [PrazoEntrega] => 2
            [ValorSemAdicionais] => 77,46
            [ValorMaoPropria] => 0,00
            [ValorAvisoRecebimento] => 0,00
            [ValorValorDeclarado] => 0,00
            [EntregaDomiciliar] => S
            [EntregaSabado] => N
            [obsFim] => SimpleXMLElement Object
                (
                )

            [Erro] => 0
            [MsgErro] => SimpleXMLElement Object
                (
                )

        )

)

04-27-2022 @ 14:00:04 - Calculo Online - Correios URL: http://ws.correios.com.br/calculador/CalcPrecoPrazo.aspx?nCdServico=03220&nCdEmpresa=22047719&sDsSenha=Imp3ri@l237&sCepDestino=14022038&sCepOrigem=96412830&nVlAltura=10,00&nVlLargura=30,00&nVlDiametro=0&nVlComprimento=40,00&nVlPeso=2,00&nCdFormato=1&sCdMaoPropria=N&nVlValorDeclarado=0,00&sCdAvisoRecebimento=N&StrRetorno=xml
04-27-2022 @ 14:00:04 - Debug Correios Resposta: SimpleXMLElement Object
(
    [cServico] => SimpleXMLElement Object
        (
            [Codigo] => 03220
            [Valor] => 64,64
            [PrazoEntrega] => 2
            [ValorSemAdicionais] => 64,64
            [ValorMaoPropria] => 0,00
            [ValorAvisoRecebimento] => 0,00
            [ValorValorDeclarado] => 0,00
            [EntregaDomiciliar] => S
            [EntregaSabado] => N
            [obsFim] => SimpleXMLElement Object
                (
                )

            [Erro] => 0
            [MsgErro] => SimpleXMLElement Object
                (
                )

        )

)

04-27-2022 @ 15:51:27 - Calculo Online - Correios URL: http://ws.correios.com.br/calculador/CalcPrecoPrazo.aspx?nCdServico=03220&nCdEmpresa=22047719&sDsSenha=Imp3ri@l237&sCepDestino=90540140&sCepOrigem=96412830&nVlAltura=20,00&nVlLargura=25,00&nVlDiametro=0&nVlComprimento=30,00&nVlPeso=1,00&nCdFormato=1&sCdMaoPropria=N&nVlValorDeclarado=0,00&sCdAvisoRecebimento=N&StrRetorno=xml
04-27-2022 @ 15:51:27 - Debug Correios Resposta: SimpleXMLElement Object
(
    [cServico] => SimpleXMLElement Object
        (
            [Codigo] => 03220
            [Valor] => 24,05
            [PrazoEntrega] => 1
            [ValorSemAdicionais] => 24,05
            [ValorMaoPropria] => 0,00
            [ValorAvisoRecebimento] => 0,00
            [ValorValorDeclarado] => 0,00
            [EntregaDomiciliar] => S
            [EntregaSabado] => N
            [obsFim] => SimpleXMLElement Object
                (
                )

            [Erro] => 0
            [MsgErro] => SimpleXMLElement Object
                (
                )

        )

)

04-27-2022 @ 15:52:00 - Calculo Online - Correios URL: http://ws.correios.com.br/calculador/CalcPrecoPrazo.aspx?nCdServico=03220&nCdEmpresa=22047719&sDsSenha=Imp3ri@l237&sCepDestino=90540140&sCepOrigem=96412830&nVlAltura=31,60&nVlLargura=31,60&nVlDiametro=0&nVlComprimento=30,00&nVlPeso=2,00&nCdFormato=1&sCdMaoPropria=N&nVlValorDeclarado=0,00&sCdAvisoRecebimento=N&StrRetorno=xml
04-27-2022 @ 15:52:00 - Debug Correios Resposta: SimpleXMLElement Object
(
    [cServico] => SimpleXMLElement Object
        (
            [Codigo] => 03220
            [Valor] => 26,54
            [PrazoEntrega] => 1
            [ValorSemAdicionais] => 26,54
            [ValorMaoPropria] => 0,00
            [ValorAvisoRecebimento] => 0,00
            [ValorValorDeclarado] => 0,00
            [EntregaDomiciliar] => S
            [EntregaSabado] => N
            [obsFim] => SimpleXMLElement Object
                (
                )

            [Erro] => 0
            [MsgErro] => SimpleXMLElement Object
                (
                )

        )

)

04-27-2022 @ 15:57:03 - Calculo Online - Correios URL: http://ws.correios.com.br/calculador/CalcPrecoPrazo.aspx?nCdServico=03220&nCdEmpresa=22047719&sDsSenha=Imp3ri@l237&sCepDestino=71741805&sCepOrigem=96412830&nVlAltura=10,00&nVlLargura=30,00&nVlDiametro=0&nVlComprimento=40,00&nVlPeso=2,00&nCdFormato=1&sCdMaoPropria=N&nVlValorDeclarado=0,00&sCdAvisoRecebimento=N&StrRetorno=xml
04-27-2022 @ 15:57:03 - Debug Correios Resposta: SimpleXMLElement Object
(
    [cServico] => SimpleXMLElement Object
        (
            [Codigo] => 03220
            [Valor] => 112,80
            [PrazoEntrega] => 2
            [ValorSemAdicionais] => 112,80
            [ValorMaoPropria] => 0,00
            [ValorAvisoRecebimento] => 0,00
            [ValorValorDeclarado] => 0,00
            [EntregaDomiciliar] => S
            [EntregaSabado] => N
            [obsFim] => SimpleXMLElement Object
                (
                )

            [Erro] => 0
            [MsgErro] => SimpleXMLElement Object
                (
                )

        )

)

04-27-2022 @ 16:37:10 - Calculo Online - Correios URL: http://ws.correios.com.br/calculador/CalcPrecoPrazo.aspx?nCdServico=03220&nCdEmpresa=22047719&sDsSenha=Imp3ri@l237&sCepDestino=37902322&sCepOrigem=96412830&nVlAltura=10,00&nVlLargura=27,00&nVlDiametro=0&nVlComprimento=27,00&nVlPeso=1,00&nCdFormato=1&sCdMaoPropria=N&nVlValorDeclarado=0,00&sCdAvisoRecebimento=N&StrRetorno=xml
04-27-2022 @ 16:37:10 - Debug Correios Resposta: SimpleXMLElement Object
(
    [cServico] => SimpleXMLElement Object
        (
            [Codigo] => 03220
            [Valor] => 66,33
            [PrazoEntrega] => 3
            [ValorSemAdicionais] => 66,33
            [ValorMaoPropria] => 0,00
            [ValorAvisoRecebimento] => 0,00
            [ValorValorDeclarado] => 0,00
            [EntregaDomiciliar] => S
            [EntregaSabado] => N
            [obsFim] => SimpleXMLElement Object
                (
                )

            [Erro] => 0
            [MsgErro] => SimpleXMLElement Object
                (
                )

        )

)

04-27-2022 @ 17:57:34 - Calculo Online - Correios URL: http://ws.correios.com.br/calculador/CalcPrecoPrazo.aspx?nCdServico=03220&nCdEmpresa=22047719&sDsSenha=Imp3ri@l237&sCepDestino=15061660&sCepOrigem=96412830&nVlAltura=15,00&nVlLargura=50,00&nVlDiametro=0&nVlComprimento=60,00&nVlPeso=8,00&nCdFormato=1&sCdMaoPropria=N&nVlValorDeclarado=0,00&sCdAvisoRecebimento=N&StrRetorno=xml
04-27-2022 @ 17:57:34 - Debug Correios Resposta: SimpleXMLElement Object
(
    [cServico] => SimpleXMLElement Object
        (
            [Codigo] => 03220
            [Valor] => 127,56
            [PrazoEntrega] => 2
            [ValorSemAdicionais] => 127,56
            [ValorMaoPropria] => 0,00
            [ValorAvisoRecebimento] => 0,00
            [ValorValorDeclarado] => 0,00
            [EntregaDomiciliar] => S
            [EntregaSabado] => N
            [obsFim] => SimpleXMLElement Object
                (
                )

            [Erro] => 0
            [MsgErro] => SimpleXMLElement Object
                (
                )

        )

)

04-27-2022 @ 18:09:15 - Calculo Online - Correios URL: http://ws.correios.com.br/calculador/CalcPrecoPrazo.aspx?nCdServico=03220&nCdEmpresa=22047719&sDsSenha=Imp3ri@l237&sCepDestino=88870000&sCepOrigem=96412830&nVlAltura=8,00&nVlLargura=40,00&nVlDiametro=0&nVlComprimento=40,00&nVlPeso=2,50&nCdFormato=1&sCdMaoPropria=N&nVlValorDeclarado=0,00&sCdAvisoRecebimento=N&StrRetorno=xml
04-27-2022 @ 18:09:15 - Debug Correios Resposta: SimpleXMLElement Object
(
    [cServico] => SimpleXMLElement Object
        (
            [Codigo] => 03220
            [Valor] => 77,46
            [PrazoEntrega] => 6
            [ValorSemAdicionais] => 77,46
            [ValorMaoPropria] => 0,00
            [ValorAvisoRecebimento] => 0,00
            [ValorValorDeclarado] => 0,00
            [EntregaDomiciliar] => S
            [EntregaSabado] => N
            [obsFim] => SimpleXMLElement Object
                (
                )

            [Erro] => 0
            [MsgErro] => SimpleXMLElement Object
                (
                )

        )

)

04-27-2022 @ 18:44:49 - Calculo Online - Correios URL: http://ws.correios.com.br/calculador/CalcPrecoPrazo.aspx?nCdServico=03220&nCdEmpresa=22047719&sDsSenha=Imp3ri@l237&sCepDestino=15056750&sCepOrigem=96412830&nVlAltura=5,00&nVlLargura=25,00&nVlDiametro=0&nVlComprimento=30,00&nVlPeso=1,00&nCdFormato=1&sCdMaoPropria=N&nVlValorDeclarado=0,00&sCdAvisoRecebimento=N&StrRetorno=xml
04-27-2022 @ 18:44:49 - Debug Correios Resposta: SimpleXMLElement Object
(
    [cServico] => SimpleXMLElement Object
        (
            [Codigo] => 03220
            [Valor] => 51,69
            [PrazoEntrega] => 2
            [ValorSemAdicionais] => 51,69
            [ValorMaoPropria] => 0,00
            [ValorAvisoRecebimento] => 0,00
            [ValorValorDeclarado] => 0,00
            [EntregaDomiciliar] => S
            [EntregaSabado] => N
            [obsFim] => SimpleXMLElement Object
                (
                )

            [Erro] => 0
            [MsgErro] => SimpleXMLElement Object
                (
                )

        )

)

04-27-2022 @ 19:29:25 - Calculo Online - Correios URL: http://ws.correios.com.br/calculador/CalcPrecoPrazo.aspx?nCdServico=03220&nCdEmpresa=22047719&sDsSenha=Imp3ri@l237&sCepDestino=88870000&sCepOrigem=96412830&nVlAltura=10,00&nVlLargura=40,00&nVlDiametro=0&nVlComprimento=40,00&nVlPeso=3,00&nCdFormato=1&sCdMaoPropria=N&nVlValorDeclarado=0,00&sCdAvisoRecebimento=N&StrRetorno=xml
04-27-2022 @ 19:29:25 - Debug Correios Resposta: SimpleXMLElement Object
(
    [cServico] => SimpleXMLElement Object
        (
            [Codigo] => 03220
            [Valor] => 77,46
            [PrazoEntrega] => 6
            [ValorSemAdicionais] => 77,46
            [ValorMaoPropria] => 0,00
            [ValorAvisoRecebimento] => 0,00
            [ValorValorDeclarado] => 0,00
            [EntregaDomiciliar] => S
            [EntregaSabado] => N
            [obsFim] => SimpleXMLElement Object
                (
                )

            [Erro] => 0
            [MsgErro] => SimpleXMLElement Object
                (
                )

        )

)

04-27-2022 @ 19:48:11 - Calculo Online - Correios URL: http://ws.correios.com.br/calculador/CalcPrecoPrazo.aspx?nCdServico=03220&nCdEmpresa=22047719&sDsSenha=Imp3ri@l237&sCepDestino=18077381&sCepOrigem=96412830&nVlAltura=12,00&nVlLargura=40,00&nVlDiametro=0&nVlComprimento=50,00&nVlPeso=5,00&nCdFormato=1&sCdMaoPropria=N&nVlValorDeclarado=0,00&sCdAvisoRecebimento=N&StrRetorno=xml
04-27-2022 @ 19:48:11 - Debug Correios Resposta: SimpleXMLElement Object
(
    [cServico] => SimpleXMLElement Object
        (
            [Codigo] => 03220
            [Valor] => 102,06
            [PrazoEntrega] => 2
            [ValorSemAdicionais] => 102,06
            [ValorMaoPropria] => 0,00
            [ValorAvisoRecebimento] => 0,00
            [ValorValorDeclarado] => 0,00
            [EntregaDomiciliar] => S
            [EntregaSabado] => N
            [obsFim] => SimpleXMLElement Object
                (
                )

            [Erro] => 0
            [MsgErro] => SimpleXMLElement Object
                (
                )

        )

)

04-27-2022 @ 19:50:10 - Calculo Online - Correios URL: http://ws.correios.com.br/calculador/CalcPrecoPrazo.aspx?nCdServico=03220&nCdEmpresa=22047719&sDsSenha=Imp3ri@l237&sCepDestino=18077381&sCepOrigem=96412830&nVlAltura=12,00&nVlLargura=40,00&nVlDiametro=0&nVlComprimento=50,00&nVlPeso=5,00&nCdFormato=1&sCdMaoPropria=N&nVlValorDeclarado=0,00&sCdAvisoRecebimento=N&StrRetorno=xml
04-27-2022 @ 19:50:10 - Debug Correios Resposta: SimpleXMLElement Object
(
    [cServico] => SimpleXMLElement Object
        (
            [Codigo] => 03220
            [Valor] => 102,06
            [PrazoEntrega] => 2
            [ValorSemAdicionais] => 102,06
            [ValorMaoPropria] => 0,00
            [ValorAvisoRecebimento] => 0,00
            [ValorValorDeclarado] => 0,00
            [EntregaDomiciliar] => S
            [EntregaSabado] => N
            [obsFim] => SimpleXMLElement Object
                (
                )

            [Erro] => 0
            [MsgErro] => SimpleXMLElement Object
                (
                )

        )

)

04-27-2022 @ 19:52:14 - Calculo Online - Correios URL: http://ws.correios.com.br/calculador/CalcPrecoPrazo.aspx?nCdServico=03220&nCdEmpresa=22047719&sDsSenha=Imp3ri@l237&sCepDestino=18077381&sCepOrigem=96412830&nVlAltura=12,00&nVlLargura=40,00&nVlDiametro=0&nVlComprimento=50,00&nVlPeso=5,00&nCdFormato=1&sCdMaoPropria=N&nVlValorDeclarado=0,00&sCdAvisoRecebimento=N&StrRetorno=xml
04-27-2022 @ 19:52:14 - Debug Correios Resposta: SimpleXMLElement Object
(
    [cServico] => SimpleXMLElement Object
        (
            [Codigo] => 03220
            [Valor] => 102,06
            [PrazoEntrega] => 2
            [ValorSemAdicionais] => 102,06
            [ValorMaoPropria] => 0,00
            [ValorAvisoRecebimento] => 0,00
            [ValorValorDeclarado] => 0,00
            [EntregaDomiciliar] => S
            [EntregaSabado] => N
            [obsFim] => SimpleXMLElement Object
                (
                )

            [Erro] => 0
            [MsgErro] => SimpleXMLElement Object
                (
                )

        )

)

04-27-2022 @ 19:52:19 - Calculo Online - Correios URL: http://ws.correios.com.br/calculador/CalcPrecoPrazo.aspx?nCdServico=03220&nCdEmpresa=22047719&sDsSenha=Imp3ri@l237&sCepDestino=18077381&sCepOrigem=96412830&nVlAltura=12,00&nVlLargura=40,00&nVlDiametro=0&nVlComprimento=50,00&nVlPeso=5,00&nCdFormato=1&sCdMaoPropria=N&nVlValorDeclarado=0,00&sCdAvisoRecebimento=N&StrRetorno=xml
04-27-2022 @ 19:52:19 - Debug Correios Resposta: SimpleXMLElement Object
(
    [cServico] => SimpleXMLElement Object
        (
            [Codigo] => 03220
            [Valor] => 102,06
            [PrazoEntrega] => 2
            [ValorSemAdicionais] => 102,06
            [ValorMaoPropria] => 0,00
            [ValorAvisoRecebimento] => 0,00
            [ValorValorDeclarado] => 0,00
            [EntregaDomiciliar] => S
            [EntregaSabado] => N
            [obsFim] => SimpleXMLElement Object
                (
                )

            [Erro] => 0
            [MsgErro] => SimpleXMLElement Object
                (
                )

        )

)

04-27-2022 @ 19:52:22 - Calculo Online - Correios URL: http://ws.correios.com.br/calculador/CalcPrecoPrazo.aspx?nCdServico=03220&nCdEmpresa=22047719&sDsSenha=Imp3ri@l237&sCepDestino=18077381&sCepOrigem=96412830&nVlAltura=12,00&nVlLargura=40,00&nVlDiametro=0&nVlComprimento=50,00&nVlPeso=5,00&nCdFormato=1&sCdMaoPropria=N&nVlValorDeclarado=0,00&sCdAvisoRecebimento=N&StrRetorno=xml
04-27-2022 @ 19:52:22 - Debug Correios Resposta: SimpleXMLElement Object
(
    [cServico] => SimpleXMLElement Object
        (
            [Codigo] => 03220
            [Valor] => 102,06
            [PrazoEntrega] => 2
            [ValorSemAdicionais] => 102,06
            [ValorMaoPropria] => 0,00
            [ValorAvisoRecebimento] => 0,00
            [ValorValorDeclarado] => 0,00
            [EntregaDomiciliar] => S
            [EntregaSabado] => N
            [obsFim] => SimpleXMLElement Object
                (
                )

            [Erro] => 0
            [MsgErro] => SimpleXMLElement Object
                (
                )

        )

)

04-27-2022 @ 20:10:58 - Calculo Online - Correios URL: http://ws.correios.com.br/calculador/CalcPrecoPrazo.aspx?nCdServico=03220&nCdEmpresa=22047719&sDsSenha=Imp3ri@l237&sCepDestino=35177000&sCepOrigem=96412830&nVlAltura=37,00&nVlLargura=42,00&nVlDiametro=0&nVlComprimento=70,00&nVlPeso=18,13&nCdFormato=1&sCdMaoPropria=N&nVlValorDeclarado=0,00&sCdAvisoRecebimento=N&StrRetorno=xml
04-27-2022 @ 20:10:58 - Debug Correios Resposta: SimpleXMLElement Object
(
    [cServico] => SimpleXMLElement Object
        (
            [Codigo] => 03220
            [Valor] => 370,65
            [PrazoEntrega] => 6
            [ValorSemAdicionais] => 370,65
            [ValorMaoPropria] => 0,00
            [ValorAvisoRecebimento] => 0,00
            [ValorValorDeclarado] => 0,00
            [EntregaDomiciliar] => S
            [EntregaSabado] => N
            [obsFim] => SimpleXMLElement Object
                (
                )

            [Erro] => 0
            [MsgErro] => SimpleXMLElement Object
                (
                )

        )

)

