08-08-2021 @ 10:32:43 - Debug Cielo HTTP: 201
08-08-2021 @ 10:32:43 - Debug Cielo Enviados: Array
(
    [MerchantOrderId] => 12747
    [Customer] => Array
        (
            [Name] => Lucas Zambrin
            [Email] => zambrinlucas@gmail.com
        )

    [Payment] => Array
        (
            [Type] => CreditCard
            [Amount] => 75900
            [Currency] => BRL
            [Country] => BRA
            [Provider] => Cielo
            [ServiceTaxAmount] => 0
            [Installments] => 3
            [Interest] => ByMerchant
            [Capture] => true
            [Authenticate] => false
            [Recurrent] => false
            [SoftDescriptor] => IMPERIALTPTS
            [CreditCard] => Array
                (
                    [CardNumber] => 477176****1979
                    [Holder] => Lucas S Z Henrique
                    [ExpirationDate] => 10/2028
                    [SecurityCode] => 842
                    [SaveCard] => false
                    [Brand] => Visa
                )

        )

)

08-08-2021 @ 10:32:43 - Debug Cielo Recebido: RestClientCielo Object
(
    [options] => Array
        (
            [headers] => Array
                (
                    [Content-Type] => application/json
                    [Accept] => application/json
                    [MerchantId] => e3fd1919-faaa-4b5b-be5a-a1d95c4a9186
                    [MerchantKey] => YUbRrLs8R8QgDm4UrkICqDTYO46GhKRbRJ0PjgdU
                    [RequestId] => 
                )

            [parameters] => Array
                (
                )

            [curl_options] => Array
                (
                )

            [user_agent] => PHP RestClient/0.1.4
            [base_url] => https://api.cieloecommerce.cielo.com.br/1/
            [format] => 
            [format_regex] => /(\w+)\/(\w+)(;[.+])?/
            [decoders] => Array
                (
                    [json] => json_decode
                    [php] => unserialize
                )

            [username] => 
            [password] => 
        )

    [handle] => Resource id #186
    [response] => {"MerchantOrderId":"12747","Customer":{"Name":"Lucas Zambrin","Email":"zambrinlucas@gmail.com"},"Payment":{"ServiceTaxAmount":0,"Installments":3,"Interest":0,"Capture":true,"Authenticate":false,"Recurrent":false,"CreditCard":{"CardNumber":"477176******1979","Holder":"Lucas S Z Henrique","ExpirationDate":"10/2028","SaveCard":false,"Brand":"Visa","PaymentAccountReference":"V0010015821220487621284163663"},"Tid":"280720451613GHHGOD8C","ProofOfSale":"041003","AuthorizationCode":"069104","SoftDescriptor":"IMPERIALTPTS","Provider":"Cielo","Eci":"7","IsQrCode":false,"Amount":75900,"ReceivedDate":"2021-08-08 10:32:42","CapturedAmount":75900,"CapturedDate":"2021-08-08 10:32:42","Status":2,"IsSplitted":false,"ReturnMessage":"Transacao capturada com sucesso","ReturnCode":"00","PaymentId":"99ea26d1-fa02-47c6-a96d-240823f784e0","Type":"CreditCard","Currency":"BRL","Country":"BRA","Links":[{"Method":"GET","Rel":"self","Href":"https://apiquery.cieloecommerce.cielo.com.br/1/sales/99ea26d1-fa02-47c6-a96d-240823f784e0"},{"Method":"PUT","Rel":"void","Href":"https://api.cieloecommerce.cielo.com.br/1/sales/99ea26d1-fa02-47c6-a96d-240823f784e0/void"}]}}
    [headers] => 
    [info] => stdClass Object
        (
            [url] => https://api.cieloecommerce.cielo.com.br/1/sales
            [content_type] => application/json; charset=utf-8
            [http_code] => 201
            [header_size] => 365
            [request_size] => 790
            [filetime] => -1
            [ssl_verify_result] => 0
            [redirect_count] => 0
            [total_time] => 1.300514
            [namelookup_time] => 0.122195
            [connect_time] => 0.238853
            [pretransfer_time] => 0.483652
            [size_upload] => 511
            [size_download] => 1148
            [speed_download] => 883
            [speed_upload] => 393
            [download_content_length] => 1148
            [upload_content_length] => 511
            [starttransfer_time] => 1.300481
            [redirect_time] => 0
            [redirect_url] => 
            [primary_ip] => 20.195.168.97
            [certinfo] => Array
                (
                )

            [primary_port] => 443
            [local_ip] => 172.26.0.25
            [local_port] => 41356
            [http_version] => 2
            [protocol] => 2
            [ssl_verifyresult] => 0
            [scheme] => HTTPS
            [appconnect_time_us] => 483589
            [connect_time_us] => 238853
            [namelookup_time_us] => 122195
            [pretransfer_time_us] => 483652
            [redirect_time_us] => 0
            [starttransfer_time_us] => 1300481
            [total_time_us] => 1300514
        )

    [error] => 
    [status] => 201
    [decoded_response] => 
    [iterator_positon:RestClientCielo:private] => 
    [url] => https://api.cieloecommerce.cielo.com.br/1/sales
)

