03-22-2022 @ 21:12:24 - Calculo Online - Correios URL: http://ws.correios.com.br/calculador/CalcPrecoPrazo.aspx?nCdServico=03220&nCdEmpresa=22047719&sDsSenha=Imp3ri@l237&sCepDestino=99830000&sCepOrigem=96412830&nVlAltura=10,00&nVlLargura=25,00&nVlDiametro=0&nVlComprimento=35,00&nVlPeso=2,00&nCdFormato=1&sCdMaoPropria=N&nVlValorDeclarado=0,00&sCdAvisoRecebimento=N&StrRetorno=xml
03-22-2022 @ 21:12:24 - Debug Correios Resposta: SimpleXMLElement Object
(
    [cServico] => SimpleXMLElement Object
        (
            [Codigo] => 03220
            [Valor] => 26,54
            [PrazoEntrega] => 5
            [ValorSemAdicionais] => 26,54
            [ValorMaoPropria] => 0,00
            [ValorAvisoRecebimento] => 0,00
            [ValorValorDeclarado] => 0,00
            [EntregaDomiciliar] => N
            [EntregaSabado] => N
            [obsFim] => SimpleXMLElement Object
                (
                )

            [Erro] => 0
            [MsgErro] => SimpleXMLElement Object
                (
                )

        )

)

03-22-2022 @ 21:19:39 - Calculo Online - Correios URL: http://ws.correios.com.br/calculador/CalcPrecoPrazo.aspx?nCdServico=03220&nCdEmpresa=22047719&sDsSenha=Imp3ri@l237&sCepDestino=18117330&sCepOrigem=96412830&nVlAltura=15,00&nVlLargura=40,00&nVlDiametro=0&nVlComprimento=50,00&nVlPeso=5,00&nCdFormato=1&sCdMaoPropria=N&nVlValorDeclarado=0,00&sCdAvisoRecebimento=N&StrRetorno=xml
03-22-2022 @ 21:19:39 - Debug Correios Resposta: SimpleXMLElement Object
(
    [cServico] => SimpleXMLElement Object
        (
            [Codigo] => 03220
            [Valor] => 102,06
            [PrazoEntrega] => 3
            [ValorSemAdicionais] => 102,06
            [ValorMaoPropria] => 0,00
            [ValorAvisoRecebimento] => 0,00
            [ValorValorDeclarado] => 0,00
            [EntregaDomiciliar] => S
            [EntregaSabado] => N
            [obsFim] => SimpleXMLElement Object
                (
                )

            [Erro] => 0
            [MsgErro] => SimpleXMLElement Object
                (
                )

        )

)

03-22-2022 @ 21:51:27 - Calculo Online - Correios URL: http://ws.correios.com.br/calculador/CalcPrecoPrazo.aspx?nCdServico=03220&nCdEmpresa=22047719&sDsSenha=Imp3ri@l237&sCepDestino=75620000&sCepOrigem=96412830&nVlAltura=10,00&nVlLargura=35,00&nVlDiametro=0&nVlComprimento=40,00&nVlPeso=4,00&nCdFormato=1&sCdMaoPropria=N&nVlValorDeclarado=0,00&sCdAvisoRecebimento=N&StrRetorno=xml
03-22-2022 @ 21:51:27 - Debug Correios Resposta: SimpleXMLElement Object
(
    [cServico] => SimpleXMLElement Object
        (
            [Codigo] => 03220
            [Valor] => 158,44
            [PrazoEntrega] => 8
            [ValorSemAdicionais] => 158,44
            [ValorMaoPropria] => 0,00
            [ValorAvisoRecebimento] => 0,00
            [ValorValorDeclarado] => 0,00
            [EntregaDomiciliar] => S
            [EntregaSabado] => N
            [obsFim] => SimpleXMLElement Object
                (
                )

            [Erro] => 0
            [MsgErro] => SimpleXMLElement Object
                (
                )

        )

)

03-22-2022 @ 22:04:50 - Calculo Online - Correios URL: http://ws.correios.com.br/calculador/CalcPrecoPrazo.aspx?nCdServico=03220&nCdEmpresa=22047719&sDsSenha=Imp3ri@l237&sCepDestino=13183407&sCepOrigem=96412830&nVlAltura=40,00&nVlLargura=40,00&nVlDiametro=0&nVlComprimento=45,00&nVlPeso=12,00&nCdFormato=1&sCdMaoPropria=N&nVlValorDeclarado=0,00&sCdAvisoRecebimento=N&StrRetorno=xml
03-22-2022 @ 22:04:50 - Debug Correios Resposta: SimpleXMLElement Object
(
    [cServico] => SimpleXMLElement Object
        (
            [Codigo] => 03220
            [Valor] => 176,48
            [PrazoEntrega] => 8
            [ValorSemAdicionais] => 176,48
            [ValorMaoPropria] => 0,00
            [ValorAvisoRecebimento] => 0,00
            [ValorValorDeclarado] => 0,00
            [EntregaDomiciliar] => S
            [EntregaSabado] => S
            [obsFim] => O CEP de destino está sujeito a condições especiais de entrega pela  ECT e será realizada com o acréscimo de até 5 (cinco) dias úteis ao prazo regular.
            [Erro] => 011
            [MsgErro] => SimpleXMLElement Object
                (
                )

        )

)

03-22-2022 @ 23:08:46 - Calculo Online - Correios URL: http://ws.correios.com.br/calculador/CalcPrecoPrazo.aspx?nCdServico=03220&nCdEmpresa=22047719&sDsSenha=Imp3ri@l237&sCepDestino=88015130&sCepOrigem=96412830&nVlAltura=10,00&nVlLargura=40,00&nVlDiametro=0&nVlComprimento=40,00&nVlPeso=3,50&nCdFormato=1&sCdMaoPropria=N&nVlValorDeclarado=0,00&sCdAvisoRecebimento=N&StrRetorno=xml
03-22-2022 @ 23:08:46 - Debug Correios Resposta: SimpleXMLElement Object
(
    [cServico] => SimpleXMLElement Object
        (
            [Codigo] => 03220
            [Valor] => 84,38
            [PrazoEntrega] => 2
            [ValorSemAdicionais] => 84,38
            [ValorMaoPropria] => 0,00
            [ValorAvisoRecebimento] => 0,00
            [ValorValorDeclarado] => 0,00
            [EntregaDomiciliar] => S
            [EntregaSabado] => N
            [obsFim] => SimpleXMLElement Object
                (
                )

            [Erro] => 0
            [MsgErro] => SimpleXMLElement Object
                (
                )

        )

)

03-22-2022 @ 23:12:02 - Calculo Online - Correios URL: http://ws.correios.com.br/calculador/CalcPrecoPrazo.aspx?nCdServico=03220&nCdEmpresa=22047719&sDsSenha=Imp3ri@l237&sCepDestino=88015130&sCepOrigem=96412830&nVlAltura=10,00&nVlLargura=40,00&nVlDiametro=0&nVlComprimento=40,00&nVlPeso=3,50&nCdFormato=1&sCdMaoPropria=N&nVlValorDeclarado=0,00&sCdAvisoRecebimento=N&StrRetorno=xml
03-22-2022 @ 23:12:02 - Debug Correios Resposta: SimpleXMLElement Object
(
    [cServico] => SimpleXMLElement Object
        (
            [Codigo] => 03220
            [Valor] => 84,38
            [PrazoEntrega] => 2
            [ValorSemAdicionais] => 84,38
            [ValorMaoPropria] => 0,00
            [ValorAvisoRecebimento] => 0,00
            [ValorValorDeclarado] => 0,00
            [EntregaDomiciliar] => S
            [EntregaSabado] => N
            [obsFim] => SimpleXMLElement Object
                (
                )

            [Erro] => 0
            [MsgErro] => SimpleXMLElement Object
                (
                )

        )

)

03-22-2022 @ 23:13:48 - Calculo Online - Correios URL: http://ws.correios.com.br/calculador/CalcPrecoPrazo.aspx?nCdServico=03220&nCdEmpresa=22047719&sDsSenha=Imp3ri@l237&sCepDestino=88015130&sCepOrigem=96412830&nVlAltura=10,00&nVlLargura=40,00&nVlDiametro=0&nVlComprimento=40,00&nVlPeso=3,50&nCdFormato=1&sCdMaoPropria=N&nVlValorDeclarado=0,00&sCdAvisoRecebimento=N&StrRetorno=xml
03-22-2022 @ 23:13:48 - Debug Correios Resposta: SimpleXMLElement Object
(
    [cServico] => SimpleXMLElement Object
        (
            [Codigo] => 03220
            [Valor] => 84,38
            [PrazoEntrega] => 2
            [ValorSemAdicionais] => 84,38
            [ValorMaoPropria] => 0,00
            [ValorAvisoRecebimento] => 0,00
            [ValorValorDeclarado] => 0,00
            [EntregaDomiciliar] => S
            [EntregaSabado] => N
            [obsFim] => SimpleXMLElement Object
                (
                )

            [Erro] => 0
            [MsgErro] => SimpleXMLElement Object
                (
                )

        )

)

03-22-2022 @ 23:13:56 - Calculo Online - Correios URL: http://ws.correios.com.br/calculador/CalcPrecoPrazo.aspx?nCdServico=03220&nCdEmpresa=22047719&sDsSenha=Imp3ri@l237&sCepDestino=88015130&sCepOrigem=96412830&nVlAltura=10,00&nVlLargura=40,00&nVlDiametro=0&nVlComprimento=40,00&nVlPeso=3,50&nCdFormato=1&sCdMaoPropria=N&nVlValorDeclarado=0,00&sCdAvisoRecebimento=N&StrRetorno=xml
03-22-2022 @ 23:13:56 - Debug Correios Resposta: SimpleXMLElement Object
(
    [cServico] => SimpleXMLElement Object
        (
            [Codigo] => 03220
            [Valor] => 84,38
            [PrazoEntrega] => 2
            [ValorSemAdicionais] => 84,38
            [ValorMaoPropria] => 0,00
            [ValorAvisoRecebimento] => 0,00
            [ValorValorDeclarado] => 0,00
            [EntregaDomiciliar] => S
            [EntregaSabado] => N
            [obsFim] => SimpleXMLElement Object
                (
                )

            [Erro] => 0
            [MsgErro] => SimpleXMLElement Object
                (
                )

        )

)

03-22-2022 @ 23:26:15 - Calculo Online - Correios URL: http://ws.correios.com.br/calculador/CalcPrecoPrazo.aspx?nCdServico=03220&nCdEmpresa=22047719&sDsSenha=Imp3ri@l237&sCepDestino=04848400&sCepOrigem=96412830&nVlAltura=10,00&nVlLargura=40,00&nVlDiametro=0&nVlComprimento=40,00&nVlPeso=3,00&nCdFormato=1&sCdMaoPropria=N&nVlValorDeclarado=0,00&sCdAvisoRecebimento=N&StrRetorno=xml
03-22-2022 @ 23:26:15 - Debug Correios Resposta: SimpleXMLElement Object
(
    [cServico] => SimpleXMLElement Object
        (
            [Codigo] => 03220
            [Valor] => 77,46
            [PrazoEntrega] => 8
            [ValorSemAdicionais] => 77,46
            [ValorMaoPropria] => 0,00
            [ValorAvisoRecebimento] => 0,00
            [ValorValorDeclarado] => 0,00
            [EntregaDomiciliar] => S
            [EntregaSabado] => S
            [obsFim] => O CEP de destino está sujeito a condições especiais de entrega pela  ECT e será realizada com o acréscimo de até 5 (cinco) dias úteis ao prazo regular.
            [Erro] => 011
            [MsgErro] => SimpleXMLElement Object
                (
                )

        )

)

03-22-2022 @ 23:27:52 - Calculo Online - Correios URL: http://ws.correios.com.br/calculador/CalcPrecoPrazo.aspx?nCdServico=03220&nCdEmpresa=22047719&sDsSenha=Imp3ri@l237&sCepDestino=04747100&sCepOrigem=96412830&nVlAltura=10,00&nVlLargura=40,00&nVlDiametro=0&nVlComprimento=40,00&nVlPeso=3,00&nCdFormato=1&sCdMaoPropria=N&nVlValorDeclarado=0,00&sCdAvisoRecebimento=N&StrRetorno=xml
03-22-2022 @ 23:27:52 - Debug Correios Resposta: SimpleXMLElement Object
(
    [cServico] => SimpleXMLElement Object
        (
            [Codigo] => 03220
            [Valor] => 77,46
            [PrazoEntrega] => 3
            [ValorSemAdicionais] => 77,46
            [ValorMaoPropria] => 0,00
            [ValorAvisoRecebimento] => 0,00
            [ValorValorDeclarado] => 0,00
            [EntregaDomiciliar] => S
            [EntregaSabado] => N
            [obsFim] => SimpleXMLElement Object
                (
                )

            [Erro] => 0
            [MsgErro] => SimpleXMLElement Object
                (
                )

        )

)

03-22-2022 @ 23:29:20 - Calculo Online - Correios URL: http://ws.correios.com.br/calculador/CalcPrecoPrazo.aspx?nCdServico=03220&nCdEmpresa=22047719&sDsSenha=Imp3ri@l237&sCepDestino=88130505&sCepOrigem=96412830&nVlAltura=35,00&nVlLargura=35,00&nVlDiametro=0&nVlComprimento=45,00&nVlPeso=3,50&nCdFormato=1&sCdMaoPropria=N&nVlValorDeclarado=0,00&sCdAvisoRecebimento=N&StrRetorno=xml
03-22-2022 @ 23:29:20 - Debug Correios Resposta: SimpleXMLElement Object
(
    [cServico] => SimpleXMLElement Object
        (
            [Codigo] => 03220
            [Valor] => 141,40
            [PrazoEntrega] => 3
            [ValorSemAdicionais] => 141,40
            [ValorMaoPropria] => 0,00
            [ValorAvisoRecebimento] => 0,00
            [ValorValorDeclarado] => 0,00
            [EntregaDomiciliar] => S
            [EntregaSabado] => N
            [obsFim] => SimpleXMLElement Object
                (
                )

            [Erro] => 0
            [MsgErro] => SimpleXMLElement Object
                (
                )

        )

)

03-23-2022 @ 07:17:22 - Calculo Online - Correios URL: http://ws.correios.com.br/calculador/CalcPrecoPrazo.aspx?nCdServico=03220&nCdEmpresa=22047719&sDsSenha=Imp3ri@l237&sCepDestino=18650007&sCepOrigem=96412830&nVlAltura=7,00&nVlLargura=45,00&nVlDiametro=0&nVlComprimento=45,00&nVlPeso=1,00&nCdFormato=1&sCdMaoPropria=N&nVlValorDeclarado=0,00&sCdAvisoRecebimento=N&StrRetorno=xml
03-23-2022 @ 07:17:22 - Debug Correios Resposta: SimpleXMLElement Object
(
    [cServico] => SimpleXMLElement Object
        (
            [Codigo] => 03220
            [Valor] => 51,69
            [PrazoEntrega] => 6
            [ValorSemAdicionais] => 51,69
            [ValorMaoPropria] => 0,00
            [ValorAvisoRecebimento] => 0,00
            [ValorValorDeclarado] => 0,00
            [EntregaDomiciliar] => S
            [EntregaSabado] => N
            [obsFim] => SimpleXMLElement Object
                (
                )

            [Erro] => 0
            [MsgErro] => SimpleXMLElement Object
                (
                )

        )

)

03-23-2022 @ 08:03:52 - Calculo Online - Correios URL: http://ws.correios.com.br/calculador/CalcPrecoPrazo.aspx?nCdServico=03220&nCdEmpresa=22047719&sDsSenha=Imp3ri@l237&sCepDestino=80730460&sCepOrigem=96412830&nVlAltura=10,00&nVlLargura=35,00&nVlDiametro=0&nVlComprimento=40,00&nVlPeso=4,00&nCdFormato=1&sCdMaoPropria=N&nVlValorDeclarado=0,00&sCdAvisoRecebimento=N&StrRetorno=xml
03-23-2022 @ 08:03:52 - Debug Correios Resposta: SimpleXMLElement Object
(
    [cServico] => SimpleXMLElement Object
        (
            [Codigo] => 03220
            [Valor] => 84,38
            [PrazoEntrega] => 3
            [ValorSemAdicionais] => 84,38
            [ValorMaoPropria] => 0,00
            [ValorAvisoRecebimento] => 0,00
            [ValorValorDeclarado] => 0,00
            [EntregaDomiciliar] => S
            [EntregaSabado] => N
            [obsFim] => SimpleXMLElement Object
                (
                )

            [Erro] => 0
            [MsgErro] => SimpleXMLElement Object
                (
                )

        )

)

03-23-2022 @ 09:11:01 - Calculo Online - Correios URL: http://ws.correios.com.br/calculador/CalcPrecoPrazo.aspx?nCdServico=03220&nCdEmpresa=22047719&sDsSenha=Imp3ri@l237&sCepDestino=13990000&sCepOrigem=96412830&nVlAltura=10,00&nVlLargura=20,00&nVlDiametro=0&nVlComprimento=25,00&nVlPeso=1,00&nCdFormato=1&sCdMaoPropria=N&nVlValorDeclarado=0,00&sCdAvisoRecebimento=N&StrRetorno=xml
03-23-2022 @ 09:11:01 - Debug Correios Resposta: SimpleXMLElement Object
(
    [cServico] => SimpleXMLElement Object
        (
            [Codigo] => 03220
            [Valor] => 51,69
            [PrazoEntrega] => 7
            [ValorSemAdicionais] => 51,69
            [ValorMaoPropria] => 0,00
            [ValorAvisoRecebimento] => 0,00
            [ValorValorDeclarado] => 0,00
            [EntregaDomiciliar] => S
            [EntregaSabado] => N
            [obsFim] => SimpleXMLElement Object
                (
                )

            [Erro] => 0
            [MsgErro] => SimpleXMLElement Object
                (
                )

        )

)

03-23-2022 @ 09:17:12 - Calculo Online - Correios URL: http://ws.correios.com.br/calculador/CalcPrecoPrazo.aspx?nCdServico=03220&nCdEmpresa=22047719&sDsSenha=Imp3ri@l237&sCepDestino=80730460&sCepOrigem=96412830&nVlAltura=45,00&nVlLargura=48,30&nVlDiametro=0&nVlComprimento=48,30&nVlPeso=17,50&nCdFormato=1&sCdMaoPropria=N&nVlValorDeclarado=0,00&sCdAvisoRecebimento=N&StrRetorno=xml
03-23-2022 @ 09:17:12 - Debug Correios Resposta: SimpleXMLElement Object
(
    [cServico] => SimpleXMLElement Object
        (
            [Codigo] => 03220
            [Valor] => 281,72
            [PrazoEntrega] => 3
            [ValorSemAdicionais] => 281,72
            [ValorMaoPropria] => 0,00
            [ValorAvisoRecebimento] => 0,00
            [ValorValorDeclarado] => 0,00
            [EntregaDomiciliar] => S
            [EntregaSabado] => N
            [obsFim] => SimpleXMLElement Object
                (
                )

            [Erro] => 0
            [MsgErro] => SimpleXMLElement Object
                (
                )

        )

)

03-23-2022 @ 09:17:18 - Calculo Online - Correios URL: http://ws.correios.com.br/calculador/CalcPrecoPrazo.aspx?nCdServico=03220&nCdEmpresa=22047719&sDsSenha=Imp3ri@l237&sCepDestino=80730460&sCepOrigem=96412830&nVlAltura=45,00&nVlLargura=48,30&nVlDiametro=0&nVlComprimento=48,30&nVlPeso=17,50&nCdFormato=1&sCdMaoPropria=N&nVlValorDeclarado=0,00&sCdAvisoRecebimento=N&StrRetorno=xml
03-23-2022 @ 09:17:18 - Debug Correios Resposta: SimpleXMLElement Object
(
    [cServico] => SimpleXMLElement Object
        (
            [Codigo] => 03220
            [Valor] => 281,72
            [PrazoEntrega] => 3
            [ValorSemAdicionais] => 281,72
            [ValorMaoPropria] => 0,00
            [ValorAvisoRecebimento] => 0,00
            [ValorValorDeclarado] => 0,00
            [EntregaDomiciliar] => S
            [EntregaSabado] => N
            [obsFim] => SimpleXMLElement Object
                (
                )

            [Erro] => 0
            [MsgErro] => SimpleXMLElement Object
                (
                )

        )

)

03-23-2022 @ 09:20:16 - Calculo Online - Correios URL: http://ws.correios.com.br/calculador/CalcPrecoPrazo.aspx?nCdServico=03220&nCdEmpresa=22047719&sDsSenha=Imp3ri@l237&sCepDestino=80730460&sCepOrigem=96412830&nVlAltura=10,00&nVlLargura=35,00&nVlDiametro=0&nVlComprimento=40,00&nVlPeso=4,00&nCdFormato=1&sCdMaoPropria=N&nVlValorDeclarado=0,00&sCdAvisoRecebimento=N&StrRetorno=xml
03-23-2022 @ 09:20:16 - Debug Correios Resposta: SimpleXMLElement Object
(
    [cServico] => SimpleXMLElement Object
        (
            [Codigo] => 03220
            [Valor] => 84,38
            [PrazoEntrega] => 3
            [ValorSemAdicionais] => 84,38
            [ValorMaoPropria] => 0,00
            [ValorAvisoRecebimento] => 0,00
            [ValorValorDeclarado] => 0,00
            [EntregaDomiciliar] => S
            [EntregaSabado] => N
            [obsFim] => SimpleXMLElement Object
                (
                )

            [Erro] => 0
            [MsgErro] => SimpleXMLElement Object
                (
                )

        )

)

03-23-2022 @ 09:20:55 - Calculo Online - Correios URL: http://ws.correios.com.br/calculador/CalcPrecoPrazo.aspx?nCdServico=03220&nCdEmpresa=22047719&sDsSenha=Imp3ri@l237&sCepDestino=80730460&sCepOrigem=96412830&nVlAltura=10,00&nVlLargura=35,00&nVlDiametro=0&nVlComprimento=40,00&nVlPeso=4,00&nCdFormato=1&sCdMaoPropria=N&nVlValorDeclarado=0,00&sCdAvisoRecebimento=N&StrRetorno=xml
03-23-2022 @ 09:20:55 - Debug Correios Resposta: SimpleXMLElement Object
(
    [cServico] => SimpleXMLElement Object
        (
            [Codigo] => 03220
            [Valor] => 84,38
            [PrazoEntrega] => 3
            [ValorSemAdicionais] => 84,38
            [ValorMaoPropria] => 0,00
            [ValorAvisoRecebimento] => 0,00
            [ValorValorDeclarado] => 0,00
            [EntregaDomiciliar] => S
            [EntregaSabado] => N
            [obsFim] => SimpleXMLElement Object
                (
                )

            [Erro] => 0
            [MsgErro] => SimpleXMLElement Object
                (
                )

        )

)

03-23-2022 @ 09:21:04 - Calculo Online - Correios URL: http://ws.correios.com.br/calculador/CalcPrecoPrazo.aspx?nCdServico=03220&nCdEmpresa=22047719&sDsSenha=Imp3ri@l237&sCepDestino=80730460&sCepOrigem=96412830&nVlAltura=10,00&nVlLargura=35,00&nVlDiametro=0&nVlComprimento=40,00&nVlPeso=4,00&nCdFormato=1&sCdMaoPropria=N&nVlValorDeclarado=0,00&sCdAvisoRecebimento=N&StrRetorno=xml
03-23-2022 @ 09:21:04 - Debug Correios Resposta: SimpleXMLElement Object
(
    [cServico] => SimpleXMLElement Object
        (
            [Codigo] => 03220
            [Valor] => 84,38
            [PrazoEntrega] => 3
            [ValorSemAdicionais] => 84,38
            [ValorMaoPropria] => 0,00
            [ValorAvisoRecebimento] => 0,00
            [ValorValorDeclarado] => 0,00
            [EntregaDomiciliar] => S
            [EntregaSabado] => N
            [obsFim] => SimpleXMLElement Object
                (
                )

            [Erro] => 0
            [MsgErro] => SimpleXMLElement Object
                (
                )

        )

)

03-23-2022 @ 09:21:07 - Calculo Online - Correios URL: http://ws.correios.com.br/calculador/CalcPrecoPrazo.aspx?nCdServico=03220&nCdEmpresa=22047719&sDsSenha=Imp3ri@l237&sCepDestino=80730460&sCepOrigem=96412830&nVlAltura=10,00&nVlLargura=35,00&nVlDiametro=0&nVlComprimento=40,00&nVlPeso=4,00&nCdFormato=1&sCdMaoPropria=N&nVlValorDeclarado=0,00&sCdAvisoRecebimento=N&StrRetorno=xml
03-23-2022 @ 09:21:07 - Debug Correios Resposta: SimpleXMLElement Object
(
    [cServico] => SimpleXMLElement Object
        (
            [Codigo] => 03220
            [Valor] => 84,38
            [PrazoEntrega] => 3
            [ValorSemAdicionais] => 84,38
            [ValorMaoPropria] => 0,00
            [ValorAvisoRecebimento] => 0,00
            [ValorValorDeclarado] => 0,00
            [EntregaDomiciliar] => S
            [EntregaSabado] => N
            [obsFim] => SimpleXMLElement Object
                (
                )

            [Erro] => 0
            [MsgErro] => SimpleXMLElement Object
                (
                )

        )

)

03-23-2022 @ 09:21:09 - Calculo Online - Correios URL: http://ws.correios.com.br/calculador/CalcPrecoPrazo.aspx?nCdServico=03220&nCdEmpresa=22047719&sDsSenha=Imp3ri@l237&sCepDestino=80730460&sCepOrigem=96412830&nVlAltura=10,00&nVlLargura=35,00&nVlDiametro=0&nVlComprimento=40,00&nVlPeso=4,00&nCdFormato=1&sCdMaoPropria=N&nVlValorDeclarado=0,00&sCdAvisoRecebimento=N&StrRetorno=xml
03-23-2022 @ 09:21:09 - Debug Correios Resposta: SimpleXMLElement Object
(
    [cServico] => SimpleXMLElement Object
        (
            [Codigo] => 03220
            [Valor] => 84,38
            [PrazoEntrega] => 3
            [ValorSemAdicionais] => 84,38
            [ValorMaoPropria] => 0,00
            [ValorAvisoRecebimento] => 0,00
            [ValorValorDeclarado] => 0,00
            [EntregaDomiciliar] => S
            [EntregaSabado] => N
            [obsFim] => SimpleXMLElement Object
                (
                )

            [Erro] => 0
            [MsgErro] => SimpleXMLElement Object
                (
                )

        )

)

03-23-2022 @ 09:26:26 - Calculo Online - Correios URL: http://ws.correios.com.br/calculador/CalcPrecoPrazo.aspx?nCdServico=03220&nCdEmpresa=22047719&sDsSenha=Imp3ri@l237&sCepDestino=80730460&sCepOrigem=96412830&nVlAltura=10,00&nVlLargura=35,00&nVlDiametro=0&nVlComprimento=40,00&nVlPeso=4,00&nCdFormato=1&sCdMaoPropria=N&nVlValorDeclarado=0,00&sCdAvisoRecebimento=N&StrRetorno=xml
03-23-2022 @ 09:26:26 - Debug Correios Resposta: SimpleXMLElement Object
(
    [cServico] => SimpleXMLElement Object
        (
            [Codigo] => 03220
            [Valor] => 84,38
            [PrazoEntrega] => 3
            [ValorSemAdicionais] => 84,38
            [ValorMaoPropria] => 0,00
            [ValorAvisoRecebimento] => 0,00
            [ValorValorDeclarado] => 0,00
            [EntregaDomiciliar] => S
            [EntregaSabado] => N
            [obsFim] => SimpleXMLElement Object
                (
                )

            [Erro] => 0
            [MsgErro] => SimpleXMLElement Object
                (
                )

        )

)

03-23-2022 @ 09:26:32 - Calculo Online - Correios URL: http://ws.correios.com.br/calculador/CalcPrecoPrazo.aspx?nCdServico=03220&nCdEmpresa=22047719&sDsSenha=Imp3ri@l237&sCepDestino=80730460&sCepOrigem=96412830&nVlAltura=10,00&nVlLargura=35,00&nVlDiametro=0&nVlComprimento=40,00&nVlPeso=4,00&nCdFormato=1&sCdMaoPropria=N&nVlValorDeclarado=0,00&sCdAvisoRecebimento=N&StrRetorno=xml
03-23-2022 @ 09:26:32 - Debug Correios Resposta: SimpleXMLElement Object
(
    [cServico] => SimpleXMLElement Object
        (
            [Codigo] => 03220
            [Valor] => 84,38
            [PrazoEntrega] => 3
            [ValorSemAdicionais] => 84,38
            [ValorMaoPropria] => 0,00
            [ValorAvisoRecebimento] => 0,00
            [ValorValorDeclarado] => 0,00
            [EntregaDomiciliar] => S
            [EntregaSabado] => N
            [obsFim] => SimpleXMLElement Object
                (
                )

            [Erro] => 0
            [MsgErro] => SimpleXMLElement Object
                (
                )

        )

)

03-23-2022 @ 09:26:36 - Calculo Online - Correios URL: http://ws.correios.com.br/calculador/CalcPrecoPrazo.aspx?nCdServico=03220&nCdEmpresa=22047719&sDsSenha=Imp3ri@l237&sCepDestino=80730460&sCepOrigem=96412830&nVlAltura=10,00&nVlLargura=35,00&nVlDiametro=0&nVlComprimento=40,00&nVlPeso=4,00&nCdFormato=1&sCdMaoPropria=N&nVlValorDeclarado=0,00&sCdAvisoRecebimento=N&StrRetorno=xml
03-23-2022 @ 09:26:36 - Debug Correios Resposta: SimpleXMLElement Object
(
    [cServico] => SimpleXMLElement Object
        (
            [Codigo] => 03220
            [Valor] => 84,38
            [PrazoEntrega] => 3
            [ValorSemAdicionais] => 84,38
            [ValorMaoPropria] => 0,00
            [ValorAvisoRecebimento] => 0,00
            [ValorValorDeclarado] => 0,00
            [EntregaDomiciliar] => S
            [EntregaSabado] => N
            [obsFim] => SimpleXMLElement Object
                (
                )

            [Erro] => 0
            [MsgErro] => SimpleXMLElement Object
                (
                )

        )

)

03-23-2022 @ 10:03:07 - Calculo Online - Correios URL: http://ws.correios.com.br/calculador/CalcPrecoPrazo.aspx?nCdServico=03220&nCdEmpresa=22047719&sDsSenha=Imp3ri@l237&sCepDestino=95190000&sCepOrigem=96412830&nVlAltura=49,00&nVlLargura=49,00&nVlDiametro=0&nVlComprimento=68,00&nVlPeso=27,21&nCdFormato=1&sCdMaoPropria=N&nVlValorDeclarado=0,00&sCdAvisoRecebimento=N&StrRetorno=xml
03-23-2022 @ 10:03:07 - Debug Correios Resposta: SimpleXMLElement Object
(
    [cServico] => SimpleXMLElement Object
        (
            [Codigo] => 03220
            [Valor] => 156,41
            [PrazoEntrega] => 6
            [ValorSemAdicionais] => 156,41
            [ValorMaoPropria] => 0,00
            [ValorAvisoRecebimento] => 0,00
            [ValorValorDeclarado] => 0,00
            [EntregaDomiciliar] => S
            [EntregaSabado] => N
            [obsFim] => SimpleXMLElement Object
                (
                )

            [Erro] => 0
            [MsgErro] => SimpleXMLElement Object
                (
                )

        )

)

03-23-2022 @ 10:03:25 - Calculo Online - Correios URL: http://ws.correios.com.br/calculador/CalcPrecoPrazo.aspx?nCdServico=03220&nCdEmpresa=22047719&sDsSenha=Imp3ri@l237&sCepDestino=85884000&sCepOrigem=96412830&nVlAltura=49,00&nVlLargura=49,00&nVlDiametro=0&nVlComprimento=68,00&nVlPeso=27,21&nCdFormato=1&sCdMaoPropria=N&nVlValorDeclarado=0,00&sCdAvisoRecebimento=N&StrRetorno=xml
03-23-2022 @ 10:03:25 - Debug Correios Resposta: SimpleXMLElement Object
(
    [cServico] => SimpleXMLElement Object
        (
            [Codigo] => 03220
            [Valor] => 457,12
            [PrazoEntrega] => 4
            [ValorSemAdicionais] => 457,12
            [ValorMaoPropria] => 0,00
            [ValorAvisoRecebimento] => 0,00
            [ValorValorDeclarado] => 0,00
            [EntregaDomiciliar] => S
            [EntregaSabado] => N
            [obsFim] => SimpleXMLElement Object
                (
                )

            [Erro] => 0
            [MsgErro] => SimpleXMLElement Object
                (
                )

        )

)

03-23-2022 @ 10:03:37 - Calculo Online - Correios URL: http://ws.correios.com.br/calculador/CalcPrecoPrazo.aspx?nCdServico=03220&nCdEmpresa=22047719&sDsSenha=Imp3ri@l237&sCepDestino=30570350&sCepOrigem=96412830&nVlAltura=15,00&nVlLargura=60,00&nVlDiametro=0&nVlComprimento=65,00&nVlPeso=13,00&nCdFormato=1&sCdMaoPropria=N&nVlValorDeclarado=0,00&sCdAvisoRecebimento=N&StrRetorno=xml
03-23-2022 @ 10:03:37 - Debug Correios Resposta: SimpleXMLElement Object
(
    [cServico] => SimpleXMLElement Object
        (
            [Codigo] => 03220
            [Valor] => 240,33
            [PrazoEntrega] => 2
            [ValorSemAdicionais] => 240,33
            [ValorMaoPropria] => 0,00
            [ValorAvisoRecebimento] => 0,00
            [ValorValorDeclarado] => 0,00
            [EntregaDomiciliar] => S
            [EntregaSabado] => N
            [obsFim] => SimpleXMLElement Object
                (
                )

            [Erro] => 0
            [MsgErro] => SimpleXMLElement Object
                (
                )

        )

)

03-23-2022 @ 10:06:48 - Calculo Online - Correios URL: http://ws.correios.com.br/calculador/CalcPrecoPrazo.aspx?nCdServico=03220&nCdEmpresa=22047719&sDsSenha=Imp3ri@l237&sCepDestino=96030280&sCepOrigem=96412830&nVlAltura=10,00&nVlLargura=23,00&nVlDiametro=0&nVlComprimento=30,00&nVlPeso=0,40&nCdFormato=1&sCdMaoPropria=N&nVlValorDeclarado=0,00&sCdAvisoRecebimento=N&StrRetorno=xml
03-23-2022 @ 10:06:48 - Debug Correios Resposta: SimpleXMLElement Object
(
    [cServico] => SimpleXMLElement Object
        (
            [Codigo] => 03220
            [Valor] => 22,09
            [PrazoEntrega] => 2
            [ValorSemAdicionais] => 22,09
            [ValorMaoPropria] => 0,00
            [ValorAvisoRecebimento] => 0,00
            [ValorValorDeclarado] => 0,00
            [EntregaDomiciliar] => S
            [EntregaSabado] => N
            [obsFim] => SimpleXMLElement Object
                (
                )

            [Erro] => 0
            [MsgErro] => SimpleXMLElement Object
                (
                )

        )

)

03-23-2022 @ 10:17:47 - Calculo Online - Correios URL: http://ws.correios.com.br/calculador/CalcPrecoPrazo.aspx?nCdServico=03220&nCdEmpresa=22047719&sDsSenha=Imp3ri@l237&sCepDestino=01034000&sCepOrigem=96412830&nVlAltura=7,00&nVlLargura=45,00&nVlDiametro=0&nVlComprimento=45,00&nVlPeso=1,00&nCdFormato=1&sCdMaoPropria=N&nVlValorDeclarado=0,00&sCdAvisoRecebimento=N&StrRetorno=xml
03-23-2022 @ 10:17:47 - Debug Correios Resposta: SimpleXMLElement Object
(
    [cServico] => SimpleXMLElement Object
        (
            [Codigo] => 03220
            [Valor] => 51,69
            [PrazoEntrega] => 3
            [ValorSemAdicionais] => 51,69
            [ValorMaoPropria] => 0,00
            [ValorAvisoRecebimento] => 0,00
            [ValorValorDeclarado] => 0,00
            [EntregaDomiciliar] => S
            [EntregaSabado] => N
            [obsFim] => SimpleXMLElement Object
                (
                )

            [Erro] => 0
            [MsgErro] => SimpleXMLElement Object
                (
                )

        )

)

03-23-2022 @ 10:24:07 - Calculo Online - Correios URL: http://ws.correios.com.br/calculador/CalcPrecoPrazo.aspx?nCdServico=03220&nCdEmpresa=22047719&sDsSenha=Imp3ri@l237&sCepDestino=96405410&sCepOrigem=96412830&nVlAltura=7,00&nVlLargura=45,00&nVlDiametro=0&nVlComprimento=45,00&nVlPeso=1,00&nCdFormato=1&sCdMaoPropria=N&nVlValorDeclarado=0,00&sCdAvisoRecebimento=N&StrRetorno=xml
03-23-2022 @ 10:24:07 - Debug Correios Resposta: SimpleXMLElement Object
(
    [cServico] => SimpleXMLElement Object
        (
            [Codigo] => 03220
            [Valor] => 13,64
            [PrazoEntrega] => 1
            [ValorSemAdicionais] => 13,64
            [ValorMaoPropria] => 0,00
            [ValorAvisoRecebimento] => 0,00
            [ValorValorDeclarado] => 0,00
            [EntregaDomiciliar] => S
            [EntregaSabado] => N
            [obsFim] => SimpleXMLElement Object
                (
                )

            [Erro] => 0
            [MsgErro] => SimpleXMLElement Object
                (
                )

        )

)

03-23-2022 @ 10:42:14 - Calculo Online - Correios URL: http://ws.correios.com.br/calculador/CalcPrecoPrazo.aspx?nCdServico=03220&nCdEmpresa=22047719&sDsSenha=Imp3ri@l237&sCepDestino=89590000&sCepOrigem=96412830&nVlAltura=10,00&nVlLargura=30,00&nVlDiametro=0&nVlComprimento=30,00&nVlPeso=3,00&nCdFormato=1&sCdMaoPropria=N&nVlValorDeclarado=0,00&sCdAvisoRecebimento=N&StrRetorno=xml
03-23-2022 @ 10:42:14 - Debug Correios Resposta: SimpleXMLElement Object
(
    [cServico] => SimpleXMLElement Object
        (
            [Codigo] => 03220
            [Valor] => 77,46
            [PrazoEntrega] => 6
            [ValorSemAdicionais] => 77,46
            [ValorMaoPropria] => 0,00
            [ValorAvisoRecebimento] => 0,00
            [ValorValorDeclarado] => 0,00
            [EntregaDomiciliar] => S
            [EntregaSabado] => N
            [obsFim] => SimpleXMLElement Object
                (
                )

            [Erro] => 0
            [MsgErro] => SimpleXMLElement Object
                (
                )

        )

)

03-23-2022 @ 11:06:46 - Calculo Online - Correios URL: http://ws.correios.com.br/calculador/CalcPrecoPrazo.aspx?nCdServico=03220&nCdEmpresa=22047719&sDsSenha=Imp3ri@l237&sCepDestino=01331020&sCepOrigem=96412830&nVlAltura=10,00&nVlLargura=30,00&nVlDiametro=0&nVlComprimento=30,00&nVlPeso=2,00&nCdFormato=1&sCdMaoPropria=N&nVlValorDeclarado=0,00&sCdAvisoRecebimento=N&StrRetorno=xml
03-23-2022 @ 11:06:46 - Debug Correios Resposta: SimpleXMLElement Object
(
    [cServico] => SimpleXMLElement Object
        (
            [Codigo] => 03220
            [Valor] => 64,64
            [PrazoEntrega] => 3
            [ValorSemAdicionais] => 64,64
            [ValorMaoPropria] => 0,00
            [ValorAvisoRecebimento] => 0,00
            [ValorValorDeclarado] => 0,00
            [EntregaDomiciliar] => S
            [EntregaSabado] => N
            [obsFim] => SimpleXMLElement Object
                (
                )

            [Erro] => 0
            [MsgErro] => SimpleXMLElement Object
                (
                )

        )

)

03-23-2022 @ 11:10:15 - Calculo Online - Correios URL: http://ws.correios.com.br/calculador/CalcPrecoPrazo.aspx?nCdServico=03220&nCdEmpresa=22047719&sDsSenha=Imp3ri@l237&sCepDestino=01331020&sCepOrigem=96412830&nVlAltura=10,00&nVlLargura=30,00&nVlDiametro=0&nVlComprimento=30,00&nVlPeso=2,00&nCdFormato=1&sCdMaoPropria=N&nVlValorDeclarado=0,00&sCdAvisoRecebimento=N&StrRetorno=xml
03-23-2022 @ 11:10:15 - Debug Correios Resposta: SimpleXMLElement Object
(
    [cServico] => SimpleXMLElement Object
        (
            [Codigo] => 03220
            [Valor] => 64,64
            [PrazoEntrega] => 3
            [ValorSemAdicionais] => 64,64
            [ValorMaoPropria] => 0,00
            [ValorAvisoRecebimento] => 0,00
            [ValorValorDeclarado] => 0,00
            [EntregaDomiciliar] => S
            [EntregaSabado] => N
            [obsFim] => SimpleXMLElement Object
                (
                )

            [Erro] => 0
            [MsgErro] => SimpleXMLElement Object
                (
                )

        )

)

03-23-2022 @ 11:10:17 - Calculo Online - Correios URL: http://ws.correios.com.br/calculador/CalcPrecoPrazo.aspx?nCdServico=03220&nCdEmpresa=22047719&sDsSenha=Imp3ri@l237&sCepDestino=01331020&sCepOrigem=96412830&nVlAltura=10,00&nVlLargura=30,00&nVlDiametro=0&nVlComprimento=30,00&nVlPeso=2,00&nCdFormato=1&sCdMaoPropria=N&nVlValorDeclarado=0,00&sCdAvisoRecebimento=N&StrRetorno=xml
03-23-2022 @ 11:10:17 - Debug Correios Resposta: SimpleXMLElement Object
(
    [cServico] => SimpleXMLElement Object
        (
            [Codigo] => 03220
            [Valor] => 64,64
            [PrazoEntrega] => 3
            [ValorSemAdicionais] => 64,64
            [ValorMaoPropria] => 0,00
            [ValorAvisoRecebimento] => 0,00
            [ValorValorDeclarado] => 0,00
            [EntregaDomiciliar] => S
            [EntregaSabado] => N
            [obsFim] => SimpleXMLElement Object
                (
                )

            [Erro] => 0
            [MsgErro] => SimpleXMLElement Object
                (
                )

        )

)

03-23-2022 @ 12:53:20 - Calculo Online - Correios URL: http://ws.correios.com.br/calculador/CalcPrecoPrazo.aspx?nCdServico=03220&nCdEmpresa=22047719&sDsSenha=Imp3ri@l237&sCepDestino=99830000&sCepOrigem=96412830&nVlAltura=10,00&nVlLargura=25,00&nVlDiametro=0&nVlComprimento=35,00&nVlPeso=2,00&nCdFormato=1&sCdMaoPropria=N&nVlValorDeclarado=0,00&sCdAvisoRecebimento=N&StrRetorno=xml
03-23-2022 @ 12:53:20 - Debug Correios Resposta: SimpleXMLElement Object
(
    [cServico] => SimpleXMLElement Object
        (
            [Codigo] => 03220
            [Valor] => 26,54
            [PrazoEntrega] => 5
            [ValorSemAdicionais] => 26,54
            [ValorMaoPropria] => 0,00
            [ValorAvisoRecebimento] => 0,00
            [ValorValorDeclarado] => 0,00
            [EntregaDomiciliar] => N
            [EntregaSabado] => N
            [obsFim] => SimpleXMLElement Object
                (
                )

            [Erro] => 0
            [MsgErro] => SimpleXMLElement Object
                (
                )

        )

)

03-23-2022 @ 12:53:24 - Calculo Online - Correios URL: http://ws.correios.com.br/calculador/CalcPrecoPrazo.aspx?nCdServico=03220&nCdEmpresa=22047719&sDsSenha=Imp3ri@l237&sCepDestino=99830000&sCepOrigem=96412830&nVlAltura=10,00&nVlLargura=25,00&nVlDiametro=0&nVlComprimento=35,00&nVlPeso=2,00&nCdFormato=1&sCdMaoPropria=N&nVlValorDeclarado=0,00&sCdAvisoRecebimento=N&StrRetorno=xml
03-23-2022 @ 12:53:24 - Debug Correios Resposta: SimpleXMLElement Object
(
    [cServico] => SimpleXMLElement Object
        (
            [Codigo] => 03220
            [Valor] => 26,54
            [PrazoEntrega] => 5
            [ValorSemAdicionais] => 26,54
            [ValorMaoPropria] => 0,00
            [ValorAvisoRecebimento] => 0,00
            [ValorValorDeclarado] => 0,00
            [EntregaDomiciliar] => N
            [EntregaSabado] => N
            [obsFim] => SimpleXMLElement Object
                (
                )

            [Erro] => 0
            [MsgErro] => SimpleXMLElement Object
                (
                )

        )

)

03-23-2022 @ 12:53:26 - Calculo Online - Correios URL: http://ws.correios.com.br/calculador/CalcPrecoPrazo.aspx?nCdServico=03220&nCdEmpresa=22047719&sDsSenha=Imp3ri@l237&sCepDestino=99830000&sCepOrigem=96412830&nVlAltura=10,00&nVlLargura=25,00&nVlDiametro=0&nVlComprimento=35,00&nVlPeso=2,00&nCdFormato=1&sCdMaoPropria=N&nVlValorDeclarado=0,00&sCdAvisoRecebimento=N&StrRetorno=xml
03-23-2022 @ 12:53:26 - Debug Correios Resposta: SimpleXMLElement Object
(
    [cServico] => SimpleXMLElement Object
        (
            [Codigo] => 03220
            [Valor] => 26,54
            [PrazoEntrega] => 5
            [ValorSemAdicionais] => 26,54
            [ValorMaoPropria] => 0,00
            [ValorAvisoRecebimento] => 0,00
            [ValorValorDeclarado] => 0,00
            [EntregaDomiciliar] => N
            [EntregaSabado] => N
            [obsFim] => SimpleXMLElement Object
                (
                )

            [Erro] => 0
            [MsgErro] => SimpleXMLElement Object
                (
                )

        )

)

03-23-2022 @ 13:28:35 - Calculo Online - Correios URL: http://ws.correios.com.br/calculador/CalcPrecoPrazo.aspx?nCdServico=03220&nCdEmpresa=22047719&sDsSenha=Imp3ri@l237&sCepDestino=20720170&sCepOrigem=96412830&nVlAltura=10,00&nVlLargura=20,00&nVlDiametro=0&nVlComprimento=25,00&nVlPeso=1,00&nCdFormato=1&sCdMaoPropria=N&nVlValorDeclarado=0,00&sCdAvisoRecebimento=N&StrRetorno=xml
03-23-2022 @ 13:28:35 - Debug Correios Resposta: SimpleXMLElement Object
(
    [cServico] => SimpleXMLElement Object
        (
            [Codigo] => 03220
            [Valor] => 66,33
            [PrazoEntrega] => 3
            [ValorSemAdicionais] => 66,33
            [ValorMaoPropria] => 0,00
            [ValorAvisoRecebimento] => 0,00
            [ValorValorDeclarado] => 0,00
            [EntregaDomiciliar] => S
            [EntregaSabado] => N
            [obsFim] => SimpleXMLElement Object
                (
                )

            [Erro] => 0
            [MsgErro] => SimpleXMLElement Object
                (
                )

        )

)

03-23-2022 @ 14:07:40 - Calculo Online - Correios URL: http://ws.correios.com.br/calculador/CalcPrecoPrazo.aspx?nCdServico=03220&nCdEmpresa=22047719&sDsSenha=Imp3ri@l237&sCepDestino=85851180&sCepOrigem=96412830&nVlAltura=10,00&nVlLargura=20,00&nVlDiametro=0&nVlComprimento=25,00&nVlPeso=1,00&nCdFormato=1&sCdMaoPropria=N&nVlValorDeclarado=0,00&sCdAvisoRecebimento=N&StrRetorno=xml
03-23-2022 @ 14:07:40 - Debug Correios Resposta: SimpleXMLElement Object
(
    [cServico] => SimpleXMLElement Object
        (
            [Codigo] => 03220
            [Valor] => 51,69
            [PrazoEntrega] => 4
            [ValorSemAdicionais] => 51,69
            [ValorMaoPropria] => 0,00
            [ValorAvisoRecebimento] => 0,00
            [ValorValorDeclarado] => 0,00
            [EntregaDomiciliar] => S
            [EntregaSabado] => N
            [obsFim] => SimpleXMLElement Object
                (
                )

            [Erro] => 0
            [MsgErro] => SimpleXMLElement Object
                (
                )

        )

)

03-23-2022 @ 14:09:04 - Calculo Online - Correios URL: http://ws.correios.com.br/calculador/CalcPrecoPrazo.aspx?nCdServico=03220&nCdEmpresa=22047719&sDsSenha=Imp3ri@l237&sCepDestino=85851180&sCepOrigem=96412830&nVlAltura=10,00&nVlLargura=20,00&nVlDiametro=0&nVlComprimento=25,00&nVlPeso=1,00&nCdFormato=1&sCdMaoPropria=N&nVlValorDeclarado=0,00&sCdAvisoRecebimento=N&StrRetorno=xml
03-23-2022 @ 14:09:04 - Debug Correios Resposta: SimpleXMLElement Object
(
    [cServico] => SimpleXMLElement Object
        (
            [Codigo] => 03220
            [Valor] => 51,69
            [PrazoEntrega] => 4
            [ValorSemAdicionais] => 51,69
            [ValorMaoPropria] => 0,00
            [ValorAvisoRecebimento] => 0,00
            [ValorValorDeclarado] => 0,00
            [EntregaDomiciliar] => S
            [EntregaSabado] => N
            [obsFim] => SimpleXMLElement Object
                (
                )

            [Erro] => 0
            [MsgErro] => SimpleXMLElement Object
                (
                )

        )

)

03-23-2022 @ 14:13:36 - Calculo Online - Correios URL: http://ws.correios.com.br/calculador/CalcPrecoPrazo.aspx?nCdServico=03220&nCdEmpresa=22047719&sDsSenha=Imp3ri@l237&sCepDestino=37014270&sCepOrigem=96412830&nVlAltura=10,00&nVlLargura=40,00&nVlDiametro=0&nVlComprimento=50,00&nVlPeso=3,00&nCdFormato=1&sCdMaoPropria=N&nVlValorDeclarado=0,00&sCdAvisoRecebimento=N&StrRetorno=xml
03-23-2022 @ 14:13:36 - Debug Correios Resposta: SimpleXMLElement Object
(
    [cServico] => SimpleXMLElement Object
        (
            [Codigo] => 03220
            [Valor] => 95,20
            [PrazoEntrega] => 3
            [ValorSemAdicionais] => 95,20
            [ValorMaoPropria] => 0,00
            [ValorAvisoRecebimento] => 0,00
            [ValorValorDeclarado] => 0,00
            [EntregaDomiciliar] => S
            [EntregaSabado] => N
            [obsFim] => SimpleXMLElement Object
                (
                )

            [Erro] => 0
            [MsgErro] => SimpleXMLElement Object
                (
                )

        )

)

03-23-2022 @ 14:23:46 - Calculo Online - Correios URL: http://ws.correios.com.br/calculador/CalcPrecoPrazo.aspx?nCdServico=03220&nCdEmpresa=22047719&sDsSenha=Imp3ri@l237&sCepDestino=74210030&sCepOrigem=96412830&nVlAltura=37,50&nVlLargura=37,50&nVlDiametro=0&nVlComprimento=35,00&nVlPeso=5,00&nCdFormato=1&sCdMaoPropria=N&nVlValorDeclarado=0,00&sCdAvisoRecebimento=N&StrRetorno=xml
03-23-2022 @ 14:23:46 - Debug Correios Resposta: SimpleXMLElement Object
(
    [cServico] => SimpleXMLElement Object
        (
            [Codigo] => 03220
            [Valor] => 250,10
            [PrazoEntrega] => 3
            [ValorSemAdicionais] => 250,10
            [ValorMaoPropria] => 0,00
            [ValorAvisoRecebimento] => 0,00
            [ValorValorDeclarado] => 0,00
            [EntregaDomiciliar] => S
            [EntregaSabado] => N
            [obsFim] => SimpleXMLElement Object
                (
                )

            [Erro] => 0
            [MsgErro] => SimpleXMLElement Object
                (
                )

        )

)

03-23-2022 @ 14:25:08 - Calculo Online - Correios URL: http://ws.correios.com.br/calculador/CalcPrecoPrazo.aspx?nCdServico=03220&nCdEmpresa=22047719&sDsSenha=Imp3ri@l237&sCepDestino=74210030&sCepOrigem=96412830&nVlAltura=10,00&nVlLargura=25,00&nVlDiametro=0&nVlComprimento=35,00&nVlPeso=2,00&nCdFormato=1&sCdMaoPropria=N&nVlValorDeclarado=0,00&sCdAvisoRecebimento=N&StrRetorno=xml
03-23-2022 @ 14:25:08 - Debug Correios Resposta: SimpleXMLElement Object
(
    [cServico] => SimpleXMLElement Object
        (
            [Codigo] => 03220
            [Valor] => 112,80
            [PrazoEntrega] => 3
            [ValorSemAdicionais] => 112,80
            [ValorMaoPropria] => 0,00
            [ValorAvisoRecebimento] => 0,00
            [ValorValorDeclarado] => 0,00
            [EntregaDomiciliar] => S
            [EntregaSabado] => N
            [obsFim] => SimpleXMLElement Object
                (
                )

            [Erro] => 0
            [MsgErro] => SimpleXMLElement Object
                (
                )

        )

)

03-23-2022 @ 14:28:30 - Calculo Online - Correios URL: http://ws.correios.com.br/calculador/CalcPrecoPrazo.aspx?nCdServico=03220&nCdEmpresa=22047719&sDsSenha=Imp3ri@l237&sCepDestino=74210030&sCepOrigem=96412830&nVlAltura=33,00&nVlLargura=35,00&nVlDiametro=0&nVlComprimento=35,00&nVlPeso=3,00&nCdFormato=1&sCdMaoPropria=N&nVlValorDeclarado=0,00&sCdAvisoRecebimento=N&StrRetorno=xml
03-23-2022 @ 14:28:30 - Debug Correios Resposta: SimpleXMLElement Object
(
    [cServico] => SimpleXMLElement Object
        (
            [Codigo] => 03220
            [Valor] => 212,27
            [PrazoEntrega] => 3
            [ValorSemAdicionais] => 212,27
            [ValorMaoPropria] => 0,00
            [ValorAvisoRecebimento] => 0,00
            [ValorValorDeclarado] => 0,00
            [EntregaDomiciliar] => S
            [EntregaSabado] => N
            [obsFim] => SimpleXMLElement Object
                (
                )

            [Erro] => 0
            [MsgErro] => SimpleXMLElement Object
                (
                )

        )

)

03-23-2022 @ 14:28:45 - Calculo Online - Correios URL: http://ws.correios.com.br/calculador/CalcPrecoPrazo.aspx?nCdServico=03220&nCdEmpresa=22047719&sDsSenha=Imp3ri@l237&sCepDestino=74210030&sCepOrigem=96412830&nVlAltura=37,50&nVlLargura=37,50&nVlDiametro=0&nVlComprimento=35,00&nVlPeso=5,00&nCdFormato=1&sCdMaoPropria=N&nVlValorDeclarado=0,00&sCdAvisoRecebimento=N&StrRetorno=xml
03-23-2022 @ 14:28:45 - Debug Correios Resposta: SimpleXMLElement Object
(
    [cServico] => SimpleXMLElement Object
        (
            [Codigo] => 03220
            [Valor] => 250,10
            [PrazoEntrega] => 3
            [ValorSemAdicionais] => 250,10
            [ValorMaoPropria] => 0,00
            [ValorAvisoRecebimento] => 0,00
            [ValorValorDeclarado] => 0,00
            [EntregaDomiciliar] => S
            [EntregaSabado] => N
            [obsFim] => SimpleXMLElement Object
                (
                )

            [Erro] => 0
            [MsgErro] => SimpleXMLElement Object
                (
                )

        )

)

03-23-2022 @ 14:28:59 - Calculo Online - Correios URL: http://ws.correios.com.br/calculador/CalcPrecoPrazo.aspx?nCdServico=03220&nCdEmpresa=22047719&sDsSenha=Imp3ri@l237&sCepDestino=74210030&sCepOrigem=96412830&nVlAltura=33,00&nVlLargura=35,00&nVlDiametro=0&nVlComprimento=35,00&nVlPeso=3,00&nCdFormato=1&sCdMaoPropria=N&nVlValorDeclarado=0,00&sCdAvisoRecebimento=N&StrRetorno=xml
03-23-2022 @ 14:28:59 - Debug Correios Resposta: SimpleXMLElement Object
(
    [cServico] => SimpleXMLElement Object
        (
            [Codigo] => 03220
            [Valor] => 212,27
            [PrazoEntrega] => 3
            [ValorSemAdicionais] => 212,27
            [ValorMaoPropria] => 0,00
            [ValorAvisoRecebimento] => 0,00
            [ValorValorDeclarado] => 0,00
            [EntregaDomiciliar] => S
            [EntregaSabado] => N
            [obsFim] => SimpleXMLElement Object
                (
                )

            [Erro] => 0
            [MsgErro] => SimpleXMLElement Object
                (
                )

        )

)

03-23-2022 @ 14:35:06 - Calculo Online - Correios URL: http://ws.correios.com.br/calculador/CalcPrecoPrazo.aspx?nCdServico=03220&nCdEmpresa=22047719&sDsSenha=Imp3ri@l237&sCepDestino=74210030&sCepOrigem=96412830&nVlAltura=36,90&nVlLargura=36,90&nVlDiametro=0&nVlComprimento=40,00&nVlPeso=9,08&nCdFormato=1&sCdMaoPropria=N&nVlValorDeclarado=0,00&sCdAvisoRecebimento=N&StrRetorno=xml
03-23-2022 @ 14:35:06 - Debug Correios Resposta: SimpleXMLElement Object
(
    [cServico] => SimpleXMLElement Object
        (
            [Codigo] => 03220
            [Valor] => 266,01
            [PrazoEntrega] => 3
            [ValorSemAdicionais] => 266,01
            [ValorMaoPropria] => 0,00
            [ValorAvisoRecebimento] => 0,00
            [ValorValorDeclarado] => 0,00
            [EntregaDomiciliar] => S
            [EntregaSabado] => N
            [obsFim] => SimpleXMLElement Object
                (
                )

            [Erro] => 0
            [MsgErro] => SimpleXMLElement Object
                (
                )

        )

)

03-23-2022 @ 14:37:12 - Calculo Online - Correios URL: http://ws.correios.com.br/calculador/CalcPrecoPrazo.aspx?nCdServico=03220&nCdEmpresa=22047719&sDsSenha=Imp3ri@l237&sCepDestino=74210030&sCepOrigem=96412830&nVlAltura=33,00&nVlLargura=35,00&nVlDiametro=0&nVlComprimento=35,00&nVlPeso=3,00&nCdFormato=1&sCdMaoPropria=N&nVlValorDeclarado=0,00&sCdAvisoRecebimento=N&StrRetorno=xml
03-23-2022 @ 14:37:12 - Debug Correios Resposta: SimpleXMLElement Object
(
    [cServico] => SimpleXMLElement Object
        (
            [Codigo] => 03220
            [Valor] => 212,27
            [PrazoEntrega] => 3
            [ValorSemAdicionais] => 212,27
            [ValorMaoPropria] => 0,00
            [ValorAvisoRecebimento] => 0,00
            [ValorValorDeclarado] => 0,00
            [EntregaDomiciliar] => S
            [EntregaSabado] => N
            [obsFim] => SimpleXMLElement Object
                (
                )

            [Erro] => 0
            [MsgErro] => SimpleXMLElement Object
                (
                )

        )

)

03-23-2022 @ 14:38:10 - Calculo Online - Correios URL: http://ws.correios.com.br/calculador/CalcPrecoPrazo.aspx?nCdServico=03220&nCdEmpresa=22047719&sDsSenha=Imp3ri@l237&sCepDestino=74210030&sCepOrigem=96412830&nVlAltura=33,00&nVlLargura=35,00&nVlDiametro=0&nVlComprimento=35,00&nVlPeso=3,00&nCdFormato=1&sCdMaoPropria=N&nVlValorDeclarado=0,00&sCdAvisoRecebimento=N&StrRetorno=xml
03-23-2022 @ 14:38:10 - Debug Correios Resposta: SimpleXMLElement Object
(
    [cServico] => SimpleXMLElement Object
        (
            [Codigo] => 03220
            [Valor] => 212,27
            [PrazoEntrega] => 3
            [ValorSemAdicionais] => 212,27
            [ValorMaoPropria] => 0,00
            [ValorAvisoRecebimento] => 0,00
            [ValorValorDeclarado] => 0,00
            [EntregaDomiciliar] => S
            [EntregaSabado] => N
            [obsFim] => SimpleXMLElement Object
                (
                )

            [Erro] => 0
            [MsgErro] => SimpleXMLElement Object
                (
                )

        )

)

03-23-2022 @ 14:49:42 - Calculo Online - Correios URL: http://ws.correios.com.br/calculador/CalcPrecoPrazo.aspx?nCdServico=03220&nCdEmpresa=22047719&sDsSenha=Imp3ri@l237&sCepDestino=22745271&sCepOrigem=96412830&nVlAltura=37,00&nVlLargura=42,00&nVlDiametro=0&nVlComprimento=70,00&nVlPeso=18,13&nCdFormato=1&sCdMaoPropria=N&nVlValorDeclarado=0,00&sCdAvisoRecebimento=N&StrRetorno=xml
03-23-2022 @ 14:49:42 - Debug Correios Resposta: SimpleXMLElement Object
(
    [cServico] => SimpleXMLElement Object
        (
            [Codigo] => 03220
            [Valor] => 370,65
            [PrazoEntrega] => 3
            [ValorSemAdicionais] => 370,65
            [ValorMaoPropria] => 0,00
            [ValorAvisoRecebimento] => 0,00
            [ValorValorDeclarado] => 0,00
            [EntregaDomiciliar] => S
            [EntregaSabado] => N
            [obsFim] => SimpleXMLElement Object
                (
                )

            [Erro] => 0
            [MsgErro] => SimpleXMLElement Object
                (
                )

        )

)

03-23-2022 @ 14:51:22 - Calculo Online - Correios URL: http://ws.correios.com.br/calculador/CalcPrecoPrazo.aspx?nCdServico=03220&nCdEmpresa=22047719&sDsSenha=Imp3ri@l237&sCepDestino=22751475&sCepOrigem=96412830&nVlAltura=40,00&nVlLargura=40,00&nVlDiametro=0&nVlComprimento=45,00&nVlPeso=12,00&nCdFormato=1&sCdMaoPropria=N&nVlValorDeclarado=0,00&sCdAvisoRecebimento=N&StrRetorno=xml
03-23-2022 @ 14:51:22 - Debug Correios Resposta: SimpleXMLElement Object
(
    [cServico] => SimpleXMLElement Object
        (
            [Codigo] => 03220
            [Valor] => 218,61
            [PrazoEntrega] => 3
            [ValorSemAdicionais] => 218,61
            [ValorMaoPropria] => 0,00
            [ValorAvisoRecebimento] => 0,00
            [ValorValorDeclarado] => 0,00
            [EntregaDomiciliar] => S
            [EntregaSabado] => N
            [obsFim] => SimpleXMLElement Object
                (
                )

            [Erro] => 0
            [MsgErro] => SimpleXMLElement Object
                (
                )

        )

)

03-23-2022 @ 15:15:57 - Calculo Online - Correios URL: http://ws.correios.com.br/calculador/CalcPrecoPrazo.aspx?nCdServico=03220&nCdEmpresa=22047719&sDsSenha=Imp3ri@l237&sCepDestino=13214470&sCepOrigem=96412830&nVlAltura=46,20&nVlLargura=46,20&nVlDiametro=0&nVlComprimento=70,00&nVlPeso=24,90&nCdFormato=1&sCdMaoPropria=N&nVlValorDeclarado=0,00&sCdAvisoRecebimento=N&StrRetorno=xml
03-23-2022 @ 15:15:57 - Debug Correios Resposta: SimpleXMLElement Object
(
    [cServico] => SimpleXMLElement Object
        (
            [Codigo] => 03220
            [Valor] => 404,50
            [PrazoEntrega] => 7
            [ValorSemAdicionais] => 404,50
            [ValorMaoPropria] => 0,00
            [ValorAvisoRecebimento] => 0,00
            [ValorValorDeclarado] => 0,00
            [EntregaDomiciliar] => S
            [EntregaSabado] => S
            [obsFim] => O CEP de destino está sujeito a condições especiais de entrega pela  ECT e será realizada com o acréscimo de até 5 (cinco) dias úteis ao prazo regular.
            [Erro] => 011
            [MsgErro] => SimpleXMLElement Object
                (
                )

        )

)

03-23-2022 @ 15:19:17 - Calculo Online - Correios URL: http://ws.correios.com.br/calculador/CalcPrecoPrazo.aspx?nCdServico=03220&nCdEmpresa=22047719&sDsSenha=Imp3ri@l237&sCepDestino=13215456&sCepOrigem=96412830&nVlAltura=46,20&nVlLargura=46,20&nVlDiametro=0&nVlComprimento=70,00&nVlPeso=24,90&nCdFormato=1&sCdMaoPropria=N&nVlValorDeclarado=0,00&sCdAvisoRecebimento=N&StrRetorno=xml
03-23-2022 @ 15:19:17 - Debug Correios Resposta: SimpleXMLElement Object
(
    [cServico] => SimpleXMLElement Object
        (
            [Codigo] => 03220
            [Valor] => 404,50
            [PrazoEntrega] => 7
            [ValorSemAdicionais] => 404,50
            [ValorMaoPropria] => 0,00
            [ValorAvisoRecebimento] => 0,00
            [ValorValorDeclarado] => 0,00
            [EntregaDomiciliar] => S
            [EntregaSabado] => S
            [obsFim] => O CEP de destino está sujeito a condições especiais de entrega pela  ECT e será realizada com o acréscimo de até 5 (cinco) dias úteis ao prazo regular.
            [Erro] => 011
            [MsgErro] => SimpleXMLElement Object
                (
                )

        )

)

03-23-2022 @ 15:19:51 - Calculo Online - Correios URL: http://ws.correios.com.br/calculador/CalcPrecoPrazo.aspx?nCdServico=03220&nCdEmpresa=22047719&sDsSenha=Imp3ri@l237&sCepDestino=13214470&sCepOrigem=96412830&nVlAltura=46,20&nVlLargura=46,20&nVlDiametro=0&nVlComprimento=70,00&nVlPeso=24,90&nCdFormato=1&sCdMaoPropria=N&nVlValorDeclarado=0,00&sCdAvisoRecebimento=N&StrRetorno=xml
03-23-2022 @ 15:19:51 - Debug Correios Resposta: SimpleXMLElement Object
(
    [cServico] => SimpleXMLElement Object
        (
            [Codigo] => 03220
            [Valor] => 404,50
            [PrazoEntrega] => 7
            [ValorSemAdicionais] => 404,50
            [ValorMaoPropria] => 0,00
            [ValorAvisoRecebimento] => 0,00
            [ValorValorDeclarado] => 0,00
            [EntregaDomiciliar] => S
            [EntregaSabado] => S
            [obsFim] => O CEP de destino está sujeito a condições especiais de entrega pela  ECT e será realizada com o acréscimo de até 5 (cinco) dias úteis ao prazo regular.
            [Erro] => 011
            [MsgErro] => SimpleXMLElement Object
                (
                )

        )

)

03-23-2022 @ 15:21:07 - Calculo Online - Correios URL: http://ws.correios.com.br/calculador/CalcPrecoPrazo.aspx?nCdServico=03220&nCdEmpresa=22047719&sDsSenha=Imp3ri@l237&sCepDestino=13214470&sCepOrigem=96412830&nVlAltura=33,00&nVlLargura=35,00&nVlDiametro=0&nVlComprimento=35,00&nVlPeso=3,00&nCdFormato=1&sCdMaoPropria=N&nVlValorDeclarado=0,00&sCdAvisoRecebimento=N&StrRetorno=xml
03-23-2022 @ 15:21:07 - Debug Correios Resposta: SimpleXMLElement Object
(
    [cServico] => SimpleXMLElement Object
        (
            [Codigo] => 03220
            [Valor] => 114,62
            [PrazoEntrega] => 7
            [ValorSemAdicionais] => 114,62
            [ValorMaoPropria] => 0,00
            [ValorAvisoRecebimento] => 0,00
            [ValorValorDeclarado] => 0,00
            [EntregaDomiciliar] => S
            [EntregaSabado] => S
            [obsFim] => O CEP de destino está sujeito a condições especiais de entrega pela  ECT e será realizada com o acréscimo de até 5 (cinco) dias úteis ao prazo regular.
            [Erro] => 011
            [MsgErro] => SimpleXMLElement Object
                (
                )

        )

)

03-23-2022 @ 15:22:53 - Calculo Online - Correios URL: http://ws.correios.com.br/calculador/CalcPrecoPrazo.aspx?nCdServico=03220&nCdEmpresa=22047719&sDsSenha=Imp3ri@l237&sCepDestino=13215456&sCepOrigem=96412830&nVlAltura=37,00&nVlLargura=42,00&nVlDiametro=0&nVlComprimento=70,00&nVlPeso=18,13&nCdFormato=1&sCdMaoPropria=N&nVlValorDeclarado=0,00&sCdAvisoRecebimento=N&StrRetorno=xml
03-23-2022 @ 15:22:53 - Debug Correios Resposta: SimpleXMLElement Object
(
    [cServico] => SimpleXMLElement Object
        (
            [Codigo] => 03220
            [Valor] => 299,26
            [PrazoEntrega] => 7
            [ValorSemAdicionais] => 299,26
            [ValorMaoPropria] => 0,00
            [ValorAvisoRecebimento] => 0,00
            [ValorValorDeclarado] => 0,00
            [EntregaDomiciliar] => S
            [EntregaSabado] => S
            [obsFim] => O CEP de destino está sujeito a condições especiais de entrega pela  ECT e será realizada com o acréscimo de até 5 (cinco) dias úteis ao prazo regular.
            [Erro] => 011
            [MsgErro] => SimpleXMLElement Object
                (
                )

        )

)

03-23-2022 @ 15:24:26 - Calculo Online - Correios URL: http://ws.correios.com.br/calculador/CalcPrecoPrazo.aspx?nCdServico=03220&nCdEmpresa=22047719&sDsSenha=Imp3ri@l237&sCepDestino=13215456&sCepOrigem=96412830&nVlAltura=46,20&nVlLargura=46,20&nVlDiametro=0&nVlComprimento=70,00&nVlPeso=24,90&nCdFormato=1&sCdMaoPropria=N&nVlValorDeclarado=0,00&sCdAvisoRecebimento=N&StrRetorno=xml
03-23-2022 @ 15:24:26 - Debug Correios Resposta: SimpleXMLElement Object
(
    [cServico] => SimpleXMLElement Object
        (
            [Codigo] => 03220
            [Valor] => 404,50
            [PrazoEntrega] => 7
            [ValorSemAdicionais] => 404,50
            [ValorMaoPropria] => 0,00
            [ValorAvisoRecebimento] => 0,00
            [ValorValorDeclarado] => 0,00
            [EntregaDomiciliar] => S
            [EntregaSabado] => S
            [obsFim] => O CEP de destino está sujeito a condições especiais de entrega pela  ECT e será realizada com o acréscimo de até 5 (cinco) dias úteis ao prazo regular.
            [Erro] => 011
            [MsgErro] => SimpleXMLElement Object
                (
                )

        )

)

03-23-2022 @ 15:26:17 - Calculo Online - Correios URL: http://ws.correios.com.br/calculador/CalcPrecoPrazo.aspx?nCdServico=03220&nCdEmpresa=22047719&sDsSenha=Imp3ri@l237&sCepDestino=13215456&sCepOrigem=96412830&nVlAltura=46,20&nVlLargura=46,20&nVlDiametro=0&nVlComprimento=70,00&nVlPeso=24,90&nCdFormato=1&sCdMaoPropria=N&nVlValorDeclarado=0,00&sCdAvisoRecebimento=N&StrRetorno=xml
03-23-2022 @ 15:26:17 - Debug Correios Resposta: SimpleXMLElement Object
(
    [cServico] => SimpleXMLElement Object
        (
            [Codigo] => 03220
            [Valor] => 404,50
            [PrazoEntrega] => 7
            [ValorSemAdicionais] => 404,50
            [ValorMaoPropria] => 0,00
            [ValorAvisoRecebimento] => 0,00
            [ValorValorDeclarado] => 0,00
            [EntregaDomiciliar] => S
            [EntregaSabado] => S
            [obsFim] => O CEP de destino está sujeito a condições especiais de entrega pela  ECT e será realizada com o acréscimo de até 5 (cinco) dias úteis ao prazo regular.
            [Erro] => 011
            [MsgErro] => SimpleXMLElement Object
                (
                )

        )

)

03-23-2022 @ 15:26:24 - Calculo Online - Correios URL: http://ws.correios.com.br/calculador/CalcPrecoPrazo.aspx?nCdServico=03220&nCdEmpresa=22047719&sDsSenha=Imp3ri@l237&sCepDestino=13215456&sCepOrigem=96412830&nVlAltura=46,20&nVlLargura=46,20&nVlDiametro=0&nVlComprimento=70,00&nVlPeso=24,90&nCdFormato=1&sCdMaoPropria=N&nVlValorDeclarado=0,00&sCdAvisoRecebimento=N&StrRetorno=xml
03-23-2022 @ 15:26:24 - Debug Correios Resposta: SimpleXMLElement Object
(
    [cServico] => SimpleXMLElement Object
        (
            [Codigo] => 03220
            [Valor] => 404,50
            [PrazoEntrega] => 7
            [ValorSemAdicionais] => 404,50
            [ValorMaoPropria] => 0,00
            [ValorAvisoRecebimento] => 0,00
            [ValorValorDeclarado] => 0,00
            [EntregaDomiciliar] => S
            [EntregaSabado] => S
            [obsFim] => O CEP de destino está sujeito a condições especiais de entrega pela  ECT e será realizada com o acréscimo de até 5 (cinco) dias úteis ao prazo regular.
            [Erro] => 011
            [MsgErro] => SimpleXMLElement Object
                (
                )

        )

)

03-23-2022 @ 15:26:39 - Calculo Online - Correios URL: http://ws.correios.com.br/calculador/CalcPrecoPrazo.aspx?nCdServico=03220&nCdEmpresa=22047719&sDsSenha=Imp3ri@l237&sCepDestino=13215456&sCepOrigem=96412830&nVlAltura=46,20&nVlLargura=46,20&nVlDiametro=0&nVlComprimento=70,00&nVlPeso=24,90&nCdFormato=1&sCdMaoPropria=N&nVlValorDeclarado=0,00&sCdAvisoRecebimento=N&StrRetorno=xml
03-23-2022 @ 15:26:39 - Debug Correios Resposta: SimpleXMLElement Object
(
    [cServico] => SimpleXMLElement Object
        (
            [Codigo] => 03220
            [Valor] => 404,50
            [PrazoEntrega] => 7
            [ValorSemAdicionais] => 404,50
            [ValorMaoPropria] => 0,00
            [ValorAvisoRecebimento] => 0,00
            [ValorValorDeclarado] => 0,00
            [EntregaDomiciliar] => S
            [EntregaSabado] => S
            [obsFim] => O CEP de destino está sujeito a condições especiais de entrega pela  ECT e será realizada com o acréscimo de até 5 (cinco) dias úteis ao prazo regular.
            [Erro] => 011
            [MsgErro] => SimpleXMLElement Object
                (
                )

        )

)

03-23-2022 @ 15:26:42 - Calculo Online - Correios URL: http://ws.correios.com.br/calculador/CalcPrecoPrazo.aspx?nCdServico=03220&nCdEmpresa=22047719&sDsSenha=Imp3ri@l237&sCepDestino=13215456&sCepOrigem=96412830&nVlAltura=46,20&nVlLargura=46,20&nVlDiametro=0&nVlComprimento=70,00&nVlPeso=24,90&nCdFormato=1&sCdMaoPropria=N&nVlValorDeclarado=0,00&sCdAvisoRecebimento=N&StrRetorno=xml
03-23-2022 @ 15:26:42 - Debug Correios Resposta: SimpleXMLElement Object
(
    [cServico] => SimpleXMLElement Object
        (
            [Codigo] => 03220
            [Valor] => 404,50
            [PrazoEntrega] => 7
            [ValorSemAdicionais] => 404,50
            [ValorMaoPropria] => 0,00
            [ValorAvisoRecebimento] => 0,00
            [ValorValorDeclarado] => 0,00
            [EntregaDomiciliar] => S
            [EntregaSabado] => S
            [obsFim] => O CEP de destino está sujeito a condições especiais de entrega pela  ECT e será realizada com o acréscimo de até 5 (cinco) dias úteis ao prazo regular.
            [Erro] => 011
            [MsgErro] => SimpleXMLElement Object
                (
                )

        )

)

03-23-2022 @ 15:26:53 - Calculo Online - Correios URL: http://ws.correios.com.br/calculador/CalcPrecoPrazo.aspx?nCdServico=03220&nCdEmpresa=22047719&sDsSenha=Imp3ri@l237&sCepDestino=13215456&sCepOrigem=96412830&nVlAltura=46,20&nVlLargura=46,20&nVlDiametro=0&nVlComprimento=70,00&nVlPeso=24,90&nCdFormato=1&sCdMaoPropria=N&nVlValorDeclarado=0,00&sCdAvisoRecebimento=N&StrRetorno=xml
03-23-2022 @ 15:26:53 - Debug Correios Resposta: SimpleXMLElement Object
(
    [cServico] => SimpleXMLElement Object
        (
            [Codigo] => 03220
            [Valor] => 404,50
            [PrazoEntrega] => 7
            [ValorSemAdicionais] => 404,50
            [ValorMaoPropria] => 0,00
            [ValorAvisoRecebimento] => 0,00
            [ValorValorDeclarado] => 0,00
            [EntregaDomiciliar] => S
            [EntregaSabado] => S
            [obsFim] => O CEP de destino está sujeito a condições especiais de entrega pela  ECT e será realizada com o acréscimo de até 5 (cinco) dias úteis ao prazo regular.
            [Erro] => 011
            [MsgErro] => SimpleXMLElement Object
                (
                )

        )

)

03-23-2022 @ 15:27:01 - Calculo Online - Correios URL: http://ws.correios.com.br/calculador/CalcPrecoPrazo.aspx?nCdServico=03220&nCdEmpresa=22047719&sDsSenha=Imp3ri@l237&sCepDestino=13215456&sCepOrigem=96412830&nVlAltura=46,20&nVlLargura=46,20&nVlDiametro=0&nVlComprimento=70,00&nVlPeso=24,90&nCdFormato=1&sCdMaoPropria=N&nVlValorDeclarado=0,00&sCdAvisoRecebimento=N&StrRetorno=xml
03-23-2022 @ 15:27:01 - Debug Correios Resposta: SimpleXMLElement Object
(
    [cServico] => SimpleXMLElement Object
        (
            [Codigo] => 03220
            [Valor] => 404,50
            [PrazoEntrega] => 7
            [ValorSemAdicionais] => 404,50
            [ValorMaoPropria] => 0,00
            [ValorAvisoRecebimento] => 0,00
            [ValorValorDeclarado] => 0,00
            [EntregaDomiciliar] => S
            [EntregaSabado] => S
            [obsFim] => O CEP de destino está sujeito a condições especiais de entrega pela  ECT e será realizada com o acréscimo de até 5 (cinco) dias úteis ao prazo regular.
            [Erro] => 011
            [MsgErro] => SimpleXMLElement Object
                (
                )

        )

)

03-23-2022 @ 15:33:01 - Calculo Online - Correios URL: http://ws.correios.com.br/calculador/CalcPrecoPrazo.aspx?nCdServico=03220&nCdEmpresa=22047719&sDsSenha=Imp3ri@l237&sCepDestino=85884000&sCepOrigem=96412830&nVlAltura=46,20&nVlLargura=46,20&nVlDiametro=0&nVlComprimento=70,00&nVlPeso=24,90&nCdFormato=1&sCdMaoPropria=N&nVlValorDeclarado=0,00&sCdAvisoRecebimento=N&StrRetorno=xml
03-23-2022 @ 15:33:01 - Debug Correios Resposta: SimpleXMLElement Object
(
    [cServico] => SimpleXMLElement Object
        (
            [Codigo] => 03220
            [Valor] => 404,50
            [PrazoEntrega] => 4
            [ValorSemAdicionais] => 404,50
            [ValorMaoPropria] => 0,00
            [ValorAvisoRecebimento] => 0,00
            [ValorValorDeclarado] => 0,00
            [EntregaDomiciliar] => S
            [EntregaSabado] => N
            [obsFim] => SimpleXMLElement Object
                (
                )

            [Erro] => 0
            [MsgErro] => SimpleXMLElement Object
                (
                )

        )

)

03-23-2022 @ 15:34:33 - Calculo Online - Correios URL: http://ws.correios.com.br/calculador/CalcPrecoPrazo.aspx?nCdServico=03220&nCdEmpresa=22047719&sDsSenha=Imp3ri@l237&sCepDestino=13215456&sCepOrigem=96412830&nVlAltura=46,20&nVlLargura=46,20&nVlDiametro=0&nVlComprimento=70,00&nVlPeso=24,90&nCdFormato=1&sCdMaoPropria=N&nVlValorDeclarado=0,00&sCdAvisoRecebimento=N&StrRetorno=xml
03-23-2022 @ 15:34:33 - Debug Correios Resposta: SimpleXMLElement Object
(
    [cServico] => SimpleXMLElement Object
        (
            [Codigo] => 03220
            [Valor] => 404,50
            [PrazoEntrega] => 7
            [ValorSemAdicionais] => 404,50
            [ValorMaoPropria] => 0,00
            [ValorAvisoRecebimento] => 0,00
            [ValorValorDeclarado] => 0,00
            [EntregaDomiciliar] => S
            [EntregaSabado] => S
            [obsFim] => O CEP de destino está sujeito a condições especiais de entrega pela  ECT e será realizada com o acréscimo de até 5 (cinco) dias úteis ao prazo regular.
            [Erro] => 011
            [MsgErro] => SimpleXMLElement Object
                (
                )

        )

)

03-23-2022 @ 15:35:08 - Calculo Online - Correios URL: http://ws.correios.com.br/calculador/CalcPrecoPrazo.aspx?nCdServico=03220&nCdEmpresa=22047719&sDsSenha=Imp3ri@l237&sCepDestino=13215456&sCepOrigem=96412830&nVlAltura=37,00&nVlLargura=42,00&nVlDiametro=0&nVlComprimento=70,00&nVlPeso=18,13&nCdFormato=1&sCdMaoPropria=N&nVlValorDeclarado=0,00&sCdAvisoRecebimento=N&StrRetorno=xml
03-23-2022 @ 15:35:08 - Debug Correios Resposta: SimpleXMLElement Object
(
    [cServico] => SimpleXMLElement Object
        (
            [Codigo] => 03220
            [Valor] => 299,26
            [PrazoEntrega] => 7
            [ValorSemAdicionais] => 299,26
            [ValorMaoPropria] => 0,00
            [ValorAvisoRecebimento] => 0,00
            [ValorValorDeclarado] => 0,00
            [EntregaDomiciliar] => S
            [EntregaSabado] => S
            [obsFim] => O CEP de destino está sujeito a condições especiais de entrega pela  ECT e será realizada com o acréscimo de até 5 (cinco) dias úteis ao prazo regular.
            [Erro] => 011
            [MsgErro] => SimpleXMLElement Object
                (
                )

        )

)

03-23-2022 @ 15:35:44 - Calculo Online - Correios URL: http://ws.correios.com.br/calculador/CalcPrecoPrazo.aspx?nCdServico=03220&nCdEmpresa=22047719&sDsSenha=Imp3ri@l237&sCepDestino=13215456&sCepOrigem=96412830&nVlAltura=46,20&nVlLargura=46,20&nVlDiametro=0&nVlComprimento=70,00&nVlPeso=24,90&nCdFormato=1&sCdMaoPropria=N&nVlValorDeclarado=0,00&sCdAvisoRecebimento=N&StrRetorno=xml
03-23-2022 @ 15:35:44 - Debug Correios Resposta: SimpleXMLElement Object
(
    [cServico] => SimpleXMLElement Object
        (
            [Codigo] => 03220
            [Valor] => 404,50
            [PrazoEntrega] => 7
            [ValorSemAdicionais] => 404,50
            [ValorMaoPropria] => 0,00
            [ValorAvisoRecebimento] => 0,00
            [ValorValorDeclarado] => 0,00
            [EntregaDomiciliar] => S
            [EntregaSabado] => S
            [obsFim] => O CEP de destino está sujeito a condições especiais de entrega pela  ECT e será realizada com o acréscimo de até 5 (cinco) dias úteis ao prazo regular.
            [Erro] => 011
            [MsgErro] => SimpleXMLElement Object
                (
                )

        )

)

03-23-2022 @ 15:52:15 - Calculo Online - Correios URL: http://ws.correios.com.br/calculador/CalcPrecoPrazo.aspx?nCdServico=03220&nCdEmpresa=22047719&sDsSenha=Imp3ri@l237&sCepDestino=13091140&sCepOrigem=96412830&nVlAltura=10,00&nVlLargura=25,00&nVlDiametro=0&nVlComprimento=33,00&nVlPeso=1,00&nCdFormato=1&sCdMaoPropria=N&nVlValorDeclarado=0,00&sCdAvisoRecebimento=N&StrRetorno=xml
03-23-2022 @ 15:52:15 - Debug Correios Resposta: SimpleXMLElement Object
(
    [cServico] => SimpleXMLElement Object
        (
            [Codigo] => 03220
            [Valor] => 51,69
            [PrazoEntrega] => 2
            [ValorSemAdicionais] => 51,69
            [ValorMaoPropria] => 0,00
            [ValorAvisoRecebimento] => 0,00
            [ValorValorDeclarado] => 0,00
            [EntregaDomiciliar] => S
            [EntregaSabado] => N
            [obsFim] => SimpleXMLElement Object
                (
                )

            [Erro] => 0
            [MsgErro] => SimpleXMLElement Object
                (
                )

        )

)

03-23-2022 @ 15:54:25 - Calculo Online - Correios URL: http://ws.correios.com.br/calculador/CalcPrecoPrazo.aspx?nCdServico=03220&nCdEmpresa=22047719&sDsSenha=Imp3ri@l237&sCepDestino=37014270&sCepOrigem=96412830&nVlAltura=12,00&nVlLargura=50,00&nVlDiametro=0&nVlComprimento=60,00&nVlPeso=8,00&nCdFormato=1&sCdMaoPropria=N&nVlValorDeclarado=0,00&sCdAvisoRecebimento=N&StrRetorno=xml
03-23-2022 @ 15:54:25 - Debug Correios Resposta: SimpleXMLElement Object
(
    [cServico] => SimpleXMLElement Object
        (
            [Codigo] => 03220
            [Valor] => 156,51
            [PrazoEntrega] => 3
            [ValorSemAdicionais] => 156,51
            [ValorMaoPropria] => 0,00
            [ValorAvisoRecebimento] => 0,00
            [ValorValorDeclarado] => 0,00
            [EntregaDomiciliar] => S
            [EntregaSabado] => N
            [obsFim] => SimpleXMLElement Object
                (
                )

            [Erro] => 0
            [MsgErro] => SimpleXMLElement Object
                (
                )

        )

)

03-23-2022 @ 16:07:52 - Calculo Online - Correios URL: http://ws.correios.com.br/calculador/CalcPrecoPrazo.aspx?nCdServico=03220&nCdEmpresa=22047719&sDsSenha=Imp3ri@l237&sCepDestino=68005130&sCepOrigem=96412830&nVlAltura=10,00&nVlLargura=40,00&nVlDiametro=0&nVlComprimento=40,00&nVlPeso=3,50&nCdFormato=1&sCdMaoPropria=N&nVlValorDeclarado=0,00&sCdAvisoRecebimento=N&StrRetorno=xml
03-23-2022 @ 16:07:52 - Debug Correios Resposta: SimpleXMLElement Object
(
    [cServico] => SimpleXMLElement Object
        (
            [Codigo] => 03220
            [Valor] => 158,44
            [PrazoEntrega] => 13
            [ValorSemAdicionais] => 158,44
            [ValorMaoPropria] => 0,00
            [ValorAvisoRecebimento] => 0,00
            [ValorValorDeclarado] => 0,00
            [EntregaDomiciliar] => S
            [EntregaSabado] => N
            [obsFim] => SimpleXMLElement Object
                (
                )

            [Erro] => 0
            [MsgErro] => SimpleXMLElement Object
                (
                )

        )

)

03-23-2022 @ 17:28:57 - Calculo Online - Correios URL: http://ws.correios.com.br/calculador/CalcPrecoPrazo.aspx?nCdServico=03220&nCdEmpresa=22047719&sDsSenha=Imp3ri@l237&sCepDestino=37014270&sCepOrigem=96412830&nVlAltura=15,00&nVlLargura=50,00&nVlDiametro=0&nVlComprimento=60,00&nVlPeso=8,00&nCdFormato=1&sCdMaoPropria=N&nVlValorDeclarado=0,00&sCdAvisoRecebimento=N&StrRetorno=xml
03-23-2022 @ 17:28:57 - Debug Correios Resposta: SimpleXMLElement Object
(
    [cServico] => SimpleXMLElement Object
        (
            [Codigo] => 03220
            [Valor] => 156,51
            [PrazoEntrega] => 3
            [ValorSemAdicionais] => 156,51
            [ValorMaoPropria] => 0,00
            [ValorAvisoRecebimento] => 0,00
            [ValorValorDeclarado] => 0,00
            [EntregaDomiciliar] => S
            [EntregaSabado] => N
            [obsFim] => SimpleXMLElement Object
                (
                )

            [Erro] => 0
            [MsgErro] => SimpleXMLElement Object
                (
                )

        )

)

03-23-2022 @ 17:32:42 - Calculo Online - Correios URL: http://ws.correios.com.br/calculador/CalcPrecoPrazo.aspx?nCdServico=03220&nCdEmpresa=22047719&sDsSenha=Imp3ri@l237&sCepDestino=38444321&sCepOrigem=96412830&nVlAltura=15,00&nVlLargura=60,00&nVlDiametro=0&nVlComprimento=65,00&nVlPeso=13,00&nCdFormato=1&sCdMaoPropria=N&nVlValorDeclarado=0,00&sCdAvisoRecebimento=N&StrRetorno=xml
03-23-2022 @ 17:32:42 - Debug Correios Resposta: SimpleXMLElement Object
(
    [cServico] => SimpleXMLElement Object
        (
            [Codigo] => 03220
            [Valor] => 240,33
            [PrazoEntrega] => 3
            [ValorSemAdicionais] => 240,33
            [ValorMaoPropria] => 0,00
            [ValorAvisoRecebimento] => 0,00
            [ValorValorDeclarado] => 0,00
            [EntregaDomiciliar] => S
            [EntregaSabado] => N
            [obsFim] => SimpleXMLElement Object
                (
                )

            [Erro] => 0
            [MsgErro] => SimpleXMLElement Object
                (
                )

        )

)

03-23-2022 @ 17:35:58 - Calculo Online - Correios URL: http://ws.correios.com.br/calculador/CalcPrecoPrazo.aspx?nCdServico=03220&nCdEmpresa=22047719&sDsSenha=Imp3ri@l237&sCepDestino=38444321&sCepOrigem=96412830&nVlAltura=15,00&nVlLargura=60,00&nVlDiametro=0&nVlComprimento=65,00&nVlPeso=13,00&nCdFormato=1&sCdMaoPropria=N&nVlValorDeclarado=0,00&sCdAvisoRecebimento=N&StrRetorno=xml
03-23-2022 @ 17:35:58 - Debug Correios Resposta: SimpleXMLElement Object
(
    [cServico] => SimpleXMLElement Object
        (
            [Codigo] => 03220
            [Valor] => 240,33
            [PrazoEntrega] => 3
            [ValorSemAdicionais] => 240,33
            [ValorMaoPropria] => 0,00
            [ValorAvisoRecebimento] => 0,00
            [ValorValorDeclarado] => 0,00
            [EntregaDomiciliar] => S
            [EntregaSabado] => N
            [obsFim] => SimpleXMLElement Object
                (
                )

            [Erro] => 0
            [MsgErro] => SimpleXMLElement Object
                (
                )

        )

)

03-23-2022 @ 18:19:13 - Calculo Online - Correios URL: http://ws.correios.com.br/calculador/CalcPrecoPrazo.aspx?nCdServico=03220&nCdEmpresa=22047719&sDsSenha=Imp3ri@l237&sCepDestino=95700378&sCepOrigem=96412830&nVlAltura=8,00&nVlLargura=40,00&nVlDiametro=0&nVlComprimento=40,00&nVlPeso=2,00&nCdFormato=1&sCdMaoPropria=N&nVlValorDeclarado=0,00&sCdAvisoRecebimento=N&StrRetorno=xml
03-23-2022 @ 18:19:13 - Debug Correios Resposta: SimpleXMLElement Object
(
    [cServico] => SimpleXMLElement Object
        (
            [Codigo] => 03220
            [Valor] => 26,54
            [PrazoEntrega] => 2
            [ValorSemAdicionais] => 26,54
            [ValorMaoPropria] => 0,00
            [ValorAvisoRecebimento] => 0,00
            [ValorValorDeclarado] => 0,00
            [EntregaDomiciliar] => S
            [EntregaSabado] => N
            [obsFim] => SimpleXMLElement Object
                (
                )

            [Erro] => 0
            [MsgErro] => SimpleXMLElement Object
                (
                )

        )

)

03-23-2022 @ 18:40:20 - Calculo Online - Correios URL: http://ws.correios.com.br/calculador/CalcPrecoPrazo.aspx?nCdServico=03220&nCdEmpresa=22047719&sDsSenha=Imp3ri@l237&sCepDestino=89239220&sCepOrigem=96412830&nVlAltura=45,00&nVlLargura=45,00&nVlDiametro=0&nVlComprimento=45,00&nVlPeso=3,50&nCdFormato=1&sCdMaoPropria=N&nVlValorDeclarado=0,00&sCdAvisoRecebimento=N&StrRetorno=xml
03-23-2022 @ 18:40:20 - Debug Correios Resposta: SimpleXMLElement Object
(
    [cServico] => SimpleXMLElement Object
        (
            [Codigo] => 03220
            [Valor] => 246,64
            [PrazoEntrega] => 3
            [ValorSemAdicionais] => 246,64
            [ValorMaoPropria] => 0,00
            [ValorAvisoRecebimento] => 0,00
            [ValorValorDeclarado] => 0,00
            [EntregaDomiciliar] => S
            [EntregaSabado] => N
            [obsFim] => SimpleXMLElement Object
                (
                )

            [Erro] => 0
            [MsgErro] => SimpleXMLElement Object
                (
                )

        )

)

03-23-2022 @ 19:02:58 - Calculo Online - Correios URL: http://ws.correios.com.br/calculador/CalcPrecoPrazo.aspx?nCdServico=03220&nCdEmpresa=22047719&sDsSenha=Imp3ri@l237&sCepDestino=01034000&sCepOrigem=96412830&nVlAltura=15,00&nVlLargura=40,00&nVlDiametro=0&nVlComprimento=50,00&nVlPeso=5,00&nCdFormato=1&sCdMaoPropria=N&nVlValorDeclarado=0,00&sCdAvisoRecebimento=N&StrRetorno=xml
03-23-2022 @ 19:02:58 - Debug Correios Resposta: SimpleXMLElement Object
(
    [cServico] => SimpleXMLElement Object
        (
            [Codigo] => 03220
            [Valor] => 102,06
            [PrazoEntrega] => 3
            [ValorSemAdicionais] => 102,06
            [ValorMaoPropria] => 0,00
            [ValorAvisoRecebimento] => 0,00
            [ValorValorDeclarado] => 0,00
            [EntregaDomiciliar] => S
            [EntregaSabado] => N
            [obsFim] => SimpleXMLElement Object
                (
                )

            [Erro] => 0
            [MsgErro] => SimpleXMLElement Object
                (
                )

        )

)

03-23-2022 @ 19:04:03 - Calculo Online - Correios URL: http://ws.correios.com.br/calculador/CalcPrecoPrazo.aspx?nCdServico=03220&nCdEmpresa=22047719&sDsSenha=Imp3ri@l237&sCepDestino=01034000&sCepOrigem=96412830&nVlAltura=15,00&nVlLargura=35,00&nVlDiametro=0&nVlComprimento=40,00&nVlPeso=3,00&nCdFormato=1&sCdMaoPropria=N&nVlValorDeclarado=0,00&sCdAvisoRecebimento=N&StrRetorno=xml
03-23-2022 @ 19:04:03 - Debug Correios Resposta: SimpleXMLElement Object
(
    [cServico] => SimpleXMLElement Object
        (
            [Codigo] => 03220
            [Valor] => 77,46
            [PrazoEntrega] => 3
            [ValorSemAdicionais] => 77,46
            [ValorMaoPropria] => 0,00
            [ValorAvisoRecebimento] => 0,00
            [ValorValorDeclarado] => 0,00
            [EntregaDomiciliar] => S
            [EntregaSabado] => N
            [obsFim] => SimpleXMLElement Object
                (
                )

            [Erro] => 0
            [MsgErro] => SimpleXMLElement Object
                (
                )

        )

)

03-23-2022 @ 19:04:46 - Calculo Online - Correios URL: http://ws.correios.com.br/calculador/CalcPrecoPrazo.aspx?nCdServico=03220&nCdEmpresa=22047719&sDsSenha=Imp3ri@l237&sCepDestino=01034000&sCepOrigem=96412830&nVlAltura=15,00&nVlLargura=40,00&nVlDiametro=0&nVlComprimento=50,00&nVlPeso=5,00&nCdFormato=1&sCdMaoPropria=N&nVlValorDeclarado=0,00&sCdAvisoRecebimento=N&StrRetorno=xml
03-23-2022 @ 19:04:46 - Debug Correios Resposta: SimpleXMLElement Object
(
    [cServico] => SimpleXMLElement Object
        (
            [Codigo] => 03220
            [Valor] => 102,06
            [PrazoEntrega] => 3
            [ValorSemAdicionais] => 102,06
            [ValorMaoPropria] => 0,00
            [ValorAvisoRecebimento] => 0,00
            [ValorValorDeclarado] => 0,00
            [EntregaDomiciliar] => S
            [EntregaSabado] => N
            [obsFim] => SimpleXMLElement Object
                (
                )

            [Erro] => 0
            [MsgErro] => SimpleXMLElement Object
                (
                )

        )

)

03-23-2022 @ 19:20:50 - Calculo Online - Correios URL: http://ws.correios.com.br/calculador/CalcPrecoPrazo.aspx?nCdServico=03220&nCdEmpresa=22047719&sDsSenha=Imp3ri@l237&sCepDestino=97545360&sCepOrigem=96412830&nVlAltura=10,00&nVlLargura=23,00&nVlDiametro=0&nVlComprimento=30,00&nVlPeso=0,40&nCdFormato=1&sCdMaoPropria=N&nVlValorDeclarado=0,00&sCdAvisoRecebimento=N&StrRetorno=xml
03-23-2022 @ 19:20:50 - Debug Correios Resposta: SimpleXMLElement Object
(
    [cServico] => SimpleXMLElement Object
        (
            [Codigo] => 03220
            [Valor] => 22,09
            [PrazoEntrega] => 3
            [ValorSemAdicionais] => 22,09
            [ValorMaoPropria] => 0,00
            [ValorAvisoRecebimento] => 0,00
            [ValorValorDeclarado] => 0,00
            [EntregaDomiciliar] => S
            [EntregaSabado] => N
            [obsFim] => SimpleXMLElement Object
                (
                )

            [Erro] => 0
            [MsgErro] => SimpleXMLElement Object
                (
                )

        )

)

03-23-2022 @ 19:28:49 - Calculo Online - Correios URL: http://ws.correios.com.br/calculador/CalcPrecoPrazo.aspx?nCdServico=03220&nCdEmpresa=22047719&sDsSenha=Imp3ri@l237&sCepDestino=97545360&sCepOrigem=96412830&nVlAltura=10,00&nVlLargura=23,00&nVlDiametro=0&nVlComprimento=30,00&nVlPeso=0,40&nCdFormato=1&sCdMaoPropria=N&nVlValorDeclarado=0,00&sCdAvisoRecebimento=N&StrRetorno=xml
03-23-2022 @ 19:28:49 - Debug Correios Resposta: SimpleXMLElement Object
(
    [cServico] => SimpleXMLElement Object
        (
            [Codigo] => 03220
            [Valor] => 22,09
            [PrazoEntrega] => 3
            [ValorSemAdicionais] => 22,09
            [ValorMaoPropria] => 0,00
            [ValorAvisoRecebimento] => 0,00
            [ValorValorDeclarado] => 0,00
            [EntregaDomiciliar] => S
            [EntregaSabado] => N
            [obsFim] => SimpleXMLElement Object
                (
                )

            [Erro] => 0
            [MsgErro] => SimpleXMLElement Object
                (
                )

        )

)

03-23-2022 @ 19:28:52 - Calculo Online - Correios URL: http://ws.correios.com.br/calculador/CalcPrecoPrazo.aspx?nCdServico=03220&nCdEmpresa=22047719&sDsSenha=Imp3ri@l237&sCepDestino=97545360&sCepOrigem=96412830&nVlAltura=10,00&nVlLargura=23,00&nVlDiametro=0&nVlComprimento=30,00&nVlPeso=0,40&nCdFormato=1&sCdMaoPropria=N&nVlValorDeclarado=0,00&sCdAvisoRecebimento=N&StrRetorno=xml
03-23-2022 @ 19:28:52 - Debug Correios Resposta: SimpleXMLElement Object
(
    [cServico] => SimpleXMLElement Object
        (
            [Codigo] => 03220
            [Valor] => 22,09
            [PrazoEntrega] => 3
            [ValorSemAdicionais] => 22,09
            [ValorMaoPropria] => 0,00
            [ValorAvisoRecebimento] => 0,00
            [ValorValorDeclarado] => 0,00
            [EntregaDomiciliar] => S
            [EntregaSabado] => N
            [obsFim] => SimpleXMLElement Object
                (
                )

            [Erro] => 0
            [MsgErro] => SimpleXMLElement Object
                (
                )

        )

)

03-23-2022 @ 20:02:23 - Calculo Online - Correios URL: http://ws.correios.com.br/calculador/CalcPrecoPrazo.aspx?nCdServico=03220&nCdEmpresa=22047719&sDsSenha=Imp3ri@l237&sCepDestino=96015000&sCepOrigem=96412830&nVlAltura=10,00&nVlLargura=25,00&nVlDiametro=0&nVlComprimento=33,00&nVlPeso=1,00&nCdFormato=1&sCdMaoPropria=N&nVlValorDeclarado=0,00&sCdAvisoRecebimento=N&StrRetorno=xml
03-23-2022 @ 20:02:23 - Debug Correios Resposta: SimpleXMLElement Object
(
    [cServico] => SimpleXMLElement Object
        (
            [Codigo] => 03220
            [Valor] => 24,05
            [PrazoEntrega] => 2
            [ValorSemAdicionais] => 24,05
            [ValorMaoPropria] => 0,00
            [ValorAvisoRecebimento] => 0,00
            [ValorValorDeclarado] => 0,00
            [EntregaDomiciliar] => S
            [EntregaSabado] => N
            [obsFim] => SimpleXMLElement Object
                (
                )

            [Erro] => 0
            [MsgErro] => SimpleXMLElement Object
                (
                )

        )

)

03-23-2022 @ 20:03:22 - Calculo Online - Correios URL: http://ws.correios.com.br/calculador/CalcPrecoPrazo.aspx?nCdServico=03220&nCdEmpresa=22047719&sDsSenha=Imp3ri@l237&sCepDestino=96015000&sCepOrigem=96412830&nVlAltura=15,00&nVlLargura=50,00&nVlDiametro=0&nVlComprimento=60,00&nVlPeso=8,00&nCdFormato=1&sCdMaoPropria=N&nVlValorDeclarado=0,00&sCdAvisoRecebimento=N&StrRetorno=xml
03-23-2022 @ 20:03:22 - Debug Correios Resposta: SimpleXMLElement Object
(
    [cServico] => SimpleXMLElement Object
        (
            [Codigo] => 03220
            [Valor] => 42,57
            [PrazoEntrega] => 2
            [ValorSemAdicionais] => 42,57
            [ValorMaoPropria] => 0,00
            [ValorAvisoRecebimento] => 0,00
            [ValorValorDeclarado] => 0,00
            [EntregaDomiciliar] => S
            [EntregaSabado] => N
            [obsFim] => SimpleXMLElement Object
                (
                )

            [Erro] => 0
            [MsgErro] => SimpleXMLElement Object
                (
                )

        )

)

03-23-2022 @ 20:03:39 - Calculo Online - Correios URL: http://ws.correios.com.br/calculador/CalcPrecoPrazo.aspx?nCdServico=03220&nCdEmpresa=22047719&sDsSenha=Imp3ri@l237&sCepDestino=96020080&sCepOrigem=96412830&nVlAltura=15,00&nVlLargura=50,00&nVlDiametro=0&nVlComprimento=60,00&nVlPeso=8,00&nCdFormato=1&sCdMaoPropria=N&nVlValorDeclarado=0,00&sCdAvisoRecebimento=N&StrRetorno=xml
03-23-2022 @ 20:03:39 - Debug Correios Resposta: SimpleXMLElement Object
(
    [cServico] => SimpleXMLElement Object
        (
            [Codigo] => 03220
            [Valor] => 42,57
            [PrazoEntrega] => 2
            [ValorSemAdicionais] => 42,57
            [ValorMaoPropria] => 0,00
            [ValorAvisoRecebimento] => 0,00
            [ValorValorDeclarado] => 0,00
            [EntregaDomiciliar] => S
            [EntregaSabado] => N
            [obsFim] => SimpleXMLElement Object
                (
                )

            [Erro] => 0
            [MsgErro] => SimpleXMLElement Object
                (
                )

        )

)

03-23-2022 @ 20:04:21 - Calculo Online - Correios URL: http://ws.correios.com.br/calculador/CalcPrecoPrazo.aspx?nCdServico=03220&nCdEmpresa=22047719&sDsSenha=Imp3ri@l237&sCepDestino=96020080&sCepOrigem=96412830&nVlAltura=15,00&nVlLargura=50,00&nVlDiametro=0&nVlComprimento=60,00&nVlPeso=8,00&nCdFormato=1&sCdMaoPropria=N&nVlValorDeclarado=0,00&sCdAvisoRecebimento=N&StrRetorno=xml
03-23-2022 @ 20:04:21 - Debug Correios Resposta: SimpleXMLElement Object
(
    [cServico] => SimpleXMLElement Object
        (
            [Codigo] => 03220
            [Valor] => 42,57
            [PrazoEntrega] => 2
            [ValorSemAdicionais] => 42,57
            [ValorMaoPropria] => 0,00
            [ValorAvisoRecebimento] => 0,00
            [ValorValorDeclarado] => 0,00
            [EntregaDomiciliar] => S
            [EntregaSabado] => N
            [obsFim] => SimpleXMLElement Object
                (
                )

            [Erro] => 0
            [MsgErro] => SimpleXMLElement Object
                (
                )

        )

)

03-23-2022 @ 20:04:50 - Calculo Online - Correios URL: http://ws.correios.com.br/calculador/CalcPrecoPrazo.aspx?nCdServico=03220&nCdEmpresa=22047719&sDsSenha=Imp3ri@l237&sCepDestino=96015000&sCepOrigem=96412830&nVlAltura=15,00&nVlLargura=50,00&nVlDiametro=0&nVlComprimento=60,00&nVlPeso=8,00&nCdFormato=1&sCdMaoPropria=N&nVlValorDeclarado=0,00&sCdAvisoRecebimento=N&StrRetorno=xml
03-23-2022 @ 20:04:50 - Debug Correios Resposta: SimpleXMLElement Object
(
    [cServico] => SimpleXMLElement Object
        (
            [Codigo] => 03220
            [Valor] => 42,57
            [PrazoEntrega] => 2
            [ValorSemAdicionais] => 42,57
            [ValorMaoPropria] => 0,00
            [ValorAvisoRecebimento] => 0,00
            [ValorValorDeclarado] => 0,00
            [EntregaDomiciliar] => S
            [EntregaSabado] => N
            [obsFim] => SimpleXMLElement Object
                (
                )

            [Erro] => 0
            [MsgErro] => SimpleXMLElement Object
                (
                )

        )

)

03-23-2022 @ 20:05:35 - Calculo Online - Correios URL: http://ws.correios.com.br/calculador/CalcPrecoPrazo.aspx?nCdServico=03220&nCdEmpresa=22047719&sDsSenha=Imp3ri@l237&sCepDestino=96450000&sCepOrigem=96412830&nVlAltura=15,00&nVlLargura=50,00&nVlDiametro=0&nVlComprimento=60,00&nVlPeso=8,00&nCdFormato=1&sCdMaoPropria=N&nVlValorDeclarado=0,00&sCdAvisoRecebimento=N&StrRetorno=xml
03-23-2022 @ 20:05:35 - Debug Correios Resposta: SimpleXMLElement Object
(
    [cServico] => SimpleXMLElement Object
        (
            [Codigo] => 03220
            [Valor] => 42,57
            [PrazoEntrega] => 5
            [ValorSemAdicionais] => 42,57
            [ValorMaoPropria] => 0,00
            [ValorAvisoRecebimento] => 0,00
            [ValorValorDeclarado] => 0,00
            [EntregaDomiciliar] => S
            [EntregaSabado] => N
            [obsFim] => SimpleXMLElement Object
                (
                )

            [Erro] => 0
            [MsgErro] => SimpleXMLElement Object
                (
                )

        )

)

03-23-2022 @ 20:11:40 - Calculo Online - Correios URL: http://ws.correios.com.br/calculador/CalcPrecoPrazo.aspx?nCdServico=03220&nCdEmpresa=22047719&sDsSenha=Imp3ri@l237&sCepDestino=88061026&sCepOrigem=96412830&nVlAltura=15,00&nVlLargura=55,00&nVlDiametro=0&nVlComprimento=65,00&nVlPeso=10,00&nCdFormato=1&sCdMaoPropria=N&nVlValorDeclarado=0,00&sCdAvisoRecebimento=N&StrRetorno=xml
03-23-2022 @ 20:11:40 - Debug Correios Resposta: SimpleXMLElement Object
(
    [cServico] => SimpleXMLElement Object
        (
            [Codigo] => 03220
            [Valor] => 141,40
            [PrazoEntrega] => 2
            [ValorSemAdicionais] => 141,40
            [ValorMaoPropria] => 0,00
            [ValorAvisoRecebimento] => 0,00
            [ValorValorDeclarado] => 0,00
            [EntregaDomiciliar] => S
            [EntregaSabado] => N
            [obsFim] => SimpleXMLElement Object
                (
                )

            [Erro] => 0
            [MsgErro] => SimpleXMLElement Object
                (
                )

        )

)

03-23-2022 @ 20:25:33 - Calculo Online - Correios URL: http://ws.correios.com.br/calculador/CalcPrecoPrazo.aspx?nCdServico=03220&nCdEmpresa=22047719&sDsSenha=Imp3ri@l237&sCepDestino=39442206&sCepOrigem=96412830&nVlAltura=12,00&nVlLargura=50,00&nVlDiametro=0&nVlComprimento=50,00&nVlPeso=7,00&nCdFormato=1&sCdMaoPropria=N&nVlValorDeclarado=0,00&sCdAvisoRecebimento=N&StrRetorno=xml
03-23-2022 @ 20:25:33 - Debug Correios Resposta: SimpleXMLElement Object
(
    [cServico] => SimpleXMLElement Object
        (
            [Codigo] => 03220
            [Valor] => 141,14
            [PrazoEntrega] => 6
            [ValorSemAdicionais] => 141,14
            [ValorMaoPropria] => 0,00
            [ValorAvisoRecebimento] => 0,00
            [ValorValorDeclarado] => 0,00
            [EntregaDomiciliar] => S
            [EntregaSabado] => N
            [obsFim] => SimpleXMLElement Object
                (
                )

            [Erro] => 0
            [MsgErro] => SimpleXMLElement Object
                (
                )

        )

)

