07-22-2021 @ 13:11:22 - Debug Cielo HTTP: 201
07-22-2021 @ 13:11:22 - Debug Cielo Enviados: Array
(
    [MerchantOrderId] => 11733
    [Customer] => Array
        (
            [Name] => Francieli Carbone
            [Email] => francieliviotta@gmail.com
        )

    [Payment] => Array
        (
            [Type] => CreditCard
            [Amount] => 9844
            [Currency] => BRL
            [Country] => BRA
            [Provider] => Cielo
            [ServiceTaxAmount] => 0
            [Installments] => 1
            [Interest] => ByMerchant
            [Capture] => true
            [Authenticate] => false
            [Recurrent] => false
            [SoftDescriptor] => IMPERIALTPTS
            [CreditCard] => Array
                (
                    [CardNumber] => 550209****9603
                    [Holder] => francieli v carbone
                    [ExpirationDate] => 02/2027
                    [SecurityCode] => 737
                    [SaveCard] => false
                    [Brand] => Master
                )

        )

)

07-22-2021 @ 13:11:22 - Debug Cielo Recebido: RestClientCielo Object
(
    [options] => Array
        (
            [headers] => Array
                (
                    [Content-Type] => application/json
                    [Accept] => application/json
                    [MerchantId] => e3fd1919-faaa-4b5b-be5a-a1d95c4a9186
                    [MerchantKey] => YUbRrLs8R8QgDm4UrkICqDTYO46GhKRbRJ0PjgdU
                    [RequestId] => 
                )

            [parameters] => Array
                (
                )

            [curl_options] => Array
                (
                )

            [user_agent] => PHP RestClient/0.1.4
            [base_url] => https://api.cieloecommerce.cielo.com.br/1/
            [format] => 
            [format_regex] => /(\w+)\/(\w+)(;[.+])?/
            [decoders] => Array
                (
                    [json] => json_decode
                    [php] => unserialize
                )

            [username] => 
            [password] => 
        )

    [handle] => Resource id #178
    [response] => {"MerchantOrderId":"11733","Customer":{"Name":"Francieli Carbone","Email":"francieliviotta@gmail.com"},"Payment":{"ServiceTaxAmount":0,"Installments":1,"Interest":0,"Capture":true,"Authenticate":false,"Recurrent":false,"CreditCard":{"CardNumber":"550209******9603","Holder":"francieli v carbone","ExpirationDate":"02/2027","SaveCard":false,"Brand":"Master"},"Tid":"2807204516130LD652MC","ProofOfSale":"030009","AuthorizationCode":"787618","SoftDescriptor":"IMPERIALTPTS","Provider":"Cielo","Eci":"0","IsQrCode":false,"Amount":9844,"ReceivedDate":"2021-07-22 13:11:20","CapturedAmount":9844,"CapturedDate":"2021-07-22 13:11:21","Status":2,"IsSplitted":false,"ReturnMessage":"Transacao capturada com sucesso","ReturnCode":"00","PaymentId":"7ebdc771-baef-48ac-8192-a9e4c32f15fb","Type":"CreditCard","Currency":"BRL","Country":"BRA","Links":[{"Method":"GET","Rel":"self","Href":"https://apiquery.cieloecommerce.cielo.com.br/1/sales/7ebdc771-baef-48ac-8192-a9e4c32f15fb"},{"Method":"PUT","Rel":"void","Href":"https://api.cieloecommerce.cielo.com.br/1/sales/7ebdc771-baef-48ac-8192-a9e4c32f15fb/void"}]}}
    [headers] => 
    [info] => stdClass Object
        (
            [url] => https://api.cieloecommerce.cielo.com.br/1/sales
            [content_type] => application/json; charset=utf-8
            [http_code] => 201
            [header_size] => 366
            [request_size] => 799
            [filetime] => -1
            [ssl_verify_result] => 0
            [redirect_count] => 0
            [total_time] => 2.41129
            [namelookup_time] => 0.088504
            [connect_time] => 0.205277
            [pretransfer_time] => 0.450105
            [size_upload] => 520
            [size_download] => 1098
            [speed_download] => 455
            [speed_upload] => 215
            [download_content_length] => 1098
            [upload_content_length] => 520
            [starttransfer_time] => 2.411257
            [redirect_time] => 0
            [redirect_url] => 
            [primary_ip] => 20.195.168.97
            [certinfo] => Array
                (
                )

            [primary_port] => 443
            [local_ip] => 172.26.12.140
            [local_port] => 35198
            [http_version] => 2
            [protocol] => 2
            [ssl_verifyresult] => 0
            [scheme] => HTTPS
            [appconnect_time_us] => 450037
            [connect_time_us] => 205277
            [namelookup_time_us] => 88504
            [pretransfer_time_us] => 450105
            [redirect_time_us] => 0
            [starttransfer_time_us] => 2411257
            [total_time_us] => 2411290
        )

    [error] => 
    [status] => 201
    [decoded_response] => 
    [iterator_positon:RestClientCielo:private] => 
    [url] => https://api.cieloecommerce.cielo.com.br/1/sales
)

07-22-2021 @ 14:21:35 - Debug Cielo HTTP: 201
07-22-2021 @ 14:21:35 - Debug Cielo Enviados: Array
(
    [MerchantOrderId] => 11735
    [Customer] => Array
        (
            [Name] => Soange Cassemiro
            [Email] => sol69kasemiro@hotmail.com
        )

    [Payment] => Array
        (
            [Type] => CreditCard
            [Amount] => 13012
            [Currency] => BRL
            [Country] => BRA
            [Provider] => Cielo
            [ServiceTaxAmount] => 0
            [Installments] => 2
            [Interest] => ByMerchant
            [Capture] => true
            [Authenticate] => false
            [Recurrent] => false
            [SoftDescriptor] => IMPERIALTPTS
            [CreditCard] => Array
                (
                    [CardNumber] => 516292****0429
                    [Holder] => solange v cassemiro 
                    [ExpirationDate] => 11/2028
                    [SecurityCode] => 947
                    [SaveCard] => false
                    [Brand] => Master
                )

        )

)

07-22-2021 @ 14:21:35 - Debug Cielo Recebido: RestClientCielo Object
(
    [options] => Array
        (
            [headers] => Array
                (
                    [Content-Type] => application/json
                    [Accept] => application/json
                    [MerchantId] => e3fd1919-faaa-4b5b-be5a-a1d95c4a9186
                    [MerchantKey] => YUbRrLs8R8QgDm4UrkICqDTYO46GhKRbRJ0PjgdU
                    [RequestId] => 
                )

            [parameters] => Array
                (
                )

            [curl_options] => Array
                (
                )

            [user_agent] => PHP RestClient/0.1.4
            [base_url] => https://api.cieloecommerce.cielo.com.br/1/
            [format] => 
            [format_regex] => /(\w+)\/(\w+)(;[.+])?/
            [decoders] => Array
                (
                    [json] => json_decode
                    [php] => unserialize
                )

            [username] => 
            [password] => 
        )

    [handle] => Resource id #178
    [response] => {"MerchantOrderId":"11735","Customer":{"Name":"Soange Cassemiro","Email":"sol69kasemiro@hotmail.com"},"Payment":{"ServiceTaxAmount":0,"Installments":2,"Interest":0,"Capture":true,"Authenticate":false,"Recurrent":false,"CreditCard":{"CardNumber":"516292******0429","Holder":"solange v cassemiro ","ExpirationDate":"11/2028","SaveCard":false,"Brand":"Master"},"Tid":"2807204516130LDCPE6C","ProofOfSale":"031003","AuthorizationCode":"028370","SoftDescriptor":"IMPERIALTPTS","Provider":"Cielo","Eci":"0","IsQrCode":false,"Amount":13012,"ReceivedDate":"2021-07-22 14:21:34","CapturedAmount":13012,"CapturedDate":"2021-07-22 14:21:34","Status":2,"IsSplitted":false,"ReturnMessage":"Transacao capturada com sucesso","ReturnCode":"00","PaymentId":"f39fec37-5d5b-4f0b-bc78-084a68963838","Type":"CreditCard","Currency":"BRL","Country":"BRA","Links":[{"Method":"GET","Rel":"self","Href":"https://apiquery.cieloecommerce.cielo.com.br/1/sales/f39fec37-5d5b-4f0b-bc78-084a68963838"},{"Method":"PUT","Rel":"void","Href":"https://api.cieloecommerce.cielo.com.br/1/sales/f39fec37-5d5b-4f0b-bc78-084a68963838/void"}]}}
    [headers] => 
    [info] => stdClass Object
        (
            [url] => https://api.cieloecommerce.cielo.com.br/1/sales
            [content_type] => application/json; charset=utf-8
            [http_code] => 201
            [header_size] => 366
            [request_size] => 800
            [filetime] => -1
            [ssl_verify_result] => 0
            [redirect_count] => 0
            [total_time] => 2.105265
            [namelookup_time] => 0.094982
            [connect_time] => 0.212864
            [pretransfer_time] => 0.459794
            [size_upload] => 521
            [size_download] => 1100
            [speed_download] => 522
            [speed_upload] => 247
            [download_content_length] => 1100
            [upload_content_length] => 521
            [starttransfer_time] => 2.105233
            [redirect_time] => 0
            [redirect_url] => 
            [primary_ip] => 20.195.168.97
            [certinfo] => Array
                (
                )

            [primary_port] => 443
            [local_ip] => 172.26.12.140
            [local_port] => 37242
            [http_version] => 2
            [protocol] => 2
            [ssl_verifyresult] => 0
            [scheme] => HTTPS
            [appconnect_time_us] => 459722
            [connect_time_us] => 212864
            [namelookup_time_us] => 94982
            [pretransfer_time_us] => 459794
            [redirect_time_us] => 0
            [starttransfer_time_us] => 2105233
            [total_time_us] => 2105265
        )

    [error] => 
    [status] => 201
    [decoded_response] => 
    [iterator_positon:RestClientCielo:private] => 
    [url] => https://api.cieloecommerce.cielo.com.br/1/sales
)

07-22-2021 @ 19:30:30 - Debug Cielo HTTP: 201
07-22-2021 @ 19:30:30 - Debug Cielo Enviados: Array
(
    [MerchantOrderId] => 11752
    [Customer] => Array
        (
            [Name] => CLARISSA MARTINEZ
            [Email] => clarisrm@yahoo.com.br
        )

    [Payment] => Array
        (
            [Type] => CreditCard
            [Amount] => 24994
            [Currency] => BRL
            [Country] => BRA
            [Provider] => Cielo
            [ServiceTaxAmount] => 0
            [Installments] => 4
            [Interest] => ByMerchant
            [Capture] => true
            [Authenticate] => false
            [Recurrent] => false
            [SoftDescriptor] => IMPERIALTPTS
            [CreditCard] => Array
                (
                    [CardNumber] => 498401****6919
                    [Holder] => CLARISSA MARTINEZ
                    [ExpirationDate] => 07/2025
                    [SecurityCode] => 404
                    [SaveCard] => false
                    [Brand] => Visa
                )

        )

)

07-22-2021 @ 19:30:30 - Debug Cielo Recebido: RestClientCielo Object
(
    [options] => Array
        (
            [headers] => Array
                (
                    [Content-Type] => application/json
                    [Accept] => application/json
                    [MerchantId] => e3fd1919-faaa-4b5b-be5a-a1d95c4a9186
                    [MerchantKey] => YUbRrLs8R8QgDm4UrkICqDTYO46GhKRbRJ0PjgdU
                    [RequestId] => 
                )

            [parameters] => Array
                (
                )

            [curl_options] => Array
                (
                )

            [user_agent] => PHP RestClient/0.1.4
            [base_url] => https://api.cieloecommerce.cielo.com.br/1/
            [format] => 
            [format_regex] => /(\w+)\/(\w+)(;[.+])?/
            [decoders] => Array
                (
                    [json] => json_decode
                    [php] => unserialize
                )

            [username] => 
            [password] => 
        )

    [handle] => Resource id #172
    [response] => {"MerchantOrderId":"11752","Customer":{"Name":"CLARISSA MARTINEZ","Email":"clarisrm@yahoo.com.br"},"Payment":{"ServiceTaxAmount":0,"Installments":4,"Interest":0,"Capture":true,"Authenticate":false,"Recurrent":false,"CreditCard":{"CardNumber":"498401******6919","Holder":"CLARISSA MARTINEZ","ExpirationDate":"07/2025","SaveCard":false,"Brand":"Visa","PaymentAccountReference":"V0010015820236532013789159264"},"Tid":"2807204516130LE4GU0C","ProofOfSale":"030011","AuthorizationCode":"407844","SoftDescriptor":"IMPERIALTPTS","Provider":"Cielo","Eci":"7","IsQrCode":false,"Amount":24994,"ReceivedDate":"2021-07-22 19:30:29","CapturedAmount":24994,"CapturedDate":"2021-07-22 19:30:29","Status":2,"IsSplitted":false,"ReturnMessage":"Transacao capturada com sucesso","ReturnCode":"00","PaymentId":"b50586cc-241b-44b5-a562-4651e21e0021","Type":"CreditCard","Currency":"BRL","Country":"BRA","Links":[{"Method":"GET","Rel":"self","Href":"https://apiquery.cieloecommerce.cielo.com.br/1/sales/b50586cc-241b-44b5-a562-4651e21e0021"},{"Method":"PUT","Rel":"void","Href":"https://api.cieloecommerce.cielo.com.br/1/sales/b50586cc-241b-44b5-a562-4651e21e0021/void"}]}}
    [headers] => 
    [info] => stdClass Object
        (
            [url] => https://api.cieloecommerce.cielo.com.br/1/sales
            [content_type] => application/json; charset=utf-8
            [http_code] => 201
            [header_size] => 365
            [request_size] => 792
            [filetime] => -1
            [ssl_verify_result] => 0
            [redirect_count] => 0
            [total_time] => 1.558964
            [namelookup_time] => 0.124376
            [connect_time] => 0.242944
            [pretransfer_time] => 0.501068
            [size_upload] => 513
            [size_download] => 1150
            [speed_download] => 738
            [speed_upload] => 329
            [download_content_length] => 1150
            [upload_content_length] => 513
            [starttransfer_time] => 1.558935
            [redirect_time] => 0
            [redirect_url] => 
            [primary_ip] => 20.195.168.97
            [certinfo] => Array
                (
                )

            [primary_port] => 443
            [local_ip] => 172.26.12.140
            [local_port] => 45148
            [http_version] => 2
            [protocol] => 2
            [ssl_verifyresult] => 0
            [scheme] => HTTPS
            [appconnect_time_us] => 501016
            [connect_time_us] => 242944
            [namelookup_time_us] => 124376
            [pretransfer_time_us] => 501068
            [redirect_time_us] => 0
            [starttransfer_time_us] => 1558935
            [total_time_us] => 1558964
        )

    [error] => 
    [status] => 201
    [decoded_response] => 
    [iterator_positon:RestClientCielo:private] => 
    [url] => https://api.cieloecommerce.cielo.com.br/1/sales
)

