11-03-2021 @ 11:16:00 - Debug Cielo HTTP: 201
11-03-2021 @ 11:16:00 - Debug Cielo Enviados: Array
(
    [MerchantOrderId] => 15800
    [Customer] => Array
        (
            [Name] => Jose Roberto Pessim
            [Email] => jrobertopessim@gmail.com
        )

    [Payment] => Array
        (
            [Type] => CreditCard
            [Amount] => 109900
            [Currency] => BRL
            [Country] => BRA
            [Provider] => Cielo
            [ServiceTaxAmount] => 0
            [Installments] => 5
            [Interest] => ByMerchant
            [Capture] => true
            [Authenticate] => false
            [Recurrent] => false
            [SoftDescriptor] => IMPERIALTPTS
            [CreditCard] => Array
                (
                    [CardNumber] => 549167****9524
                    [Holder] => Jose Roberto Pessim
                    [ExpirationDate] => 09/2025
                    [SecurityCode] => 673
                    [SaveCard] => false
                    [Brand] => Master
                )

        )

)

11-03-2021 @ 11:16:00 - Debug Cielo Recebido: RestClientCielo Object
(
    [options] => Array
        (
            [headers] => Array
                (
                    [Content-Type] => application/json
                    [Accept] => application/json
                    [MerchantId] => e3fd1919-faaa-4b5b-be5a-a1d95c4a9186
                    [MerchantKey] => YUbRrLs8R8QgDm4UrkICqDTYO46GhKRbRJ0PjgdU
                    [RequestId] => 
                )

            [parameters] => Array
                (
                )

            [curl_options] => Array
                (
                )

            [user_agent] => PHP RestClient/0.1.4
            [base_url] => https://api.cieloecommerce.cielo.com.br/1/
            [format] => 
            [format_regex] => /(\w+)\/(\w+)(;[.+])?/
            [decoders] => Array
                (
                    [json] => json_decode
                    [php] => unserialize
                )

            [username] => 
            [password] => 
        )

    [handle] => Resource id #438
    [response] => {"MerchantOrderId":"15800","Customer":{"Name":"Jose Roberto Pessim","Email":"jrobertopessim@gmail.com"},"Payment":{"ServiceTaxAmount":0,"Installments":5,"Interest":0,"Capture":true,"Authenticate":false,"Recurrent":false,"CreditCard":{"CardNumber":"549167******9524","Holder":"Jose Roberto Pessim","ExpirationDate":"09/2025","SaveCard":false,"Brand":"Master","PaymentAccountReference":"50012F8FT6BOH5HF0MM7PELOC68N9"},"Tid":"2807204516161QGKH2RC","ProofOfSale":"102007","AuthorizationCode":"046576","SoftDescriptor":"IMPERIALTPTS","Provider":"Cielo","Eci":"0","IsQrCode":false,"Amount":109900,"ReceivedDate":"2021-11-03 11:15:59","CapturedAmount":109900,"CapturedDate":"2021-11-03 11:15:59","Status":2,"IsSplitted":false,"ReturnMessage":"Transacao capturada com sucesso","ReturnCode":"00","PaymentId":"7275799d-b224-4c81-9153-102c1756cf6e","Type":"CreditCard","Currency":"BRL","Country":"BRA","Links":[{"Method":"GET","Rel":"self","Href":"https://apiquery.cieloecommerce.cielo.com.br/1/sales/7275799d-b224-4c81-9153-102c1756cf6e"},{"Method":"PUT","Rel":"void","Href":"https://api.cieloecommerce.cielo.com.br/1/sales/7275799d-b224-4c81-9153-102c1756cf6e/void"}]}}
    [headers] => 
    [info] => stdClass Object
        (
            [url] => https://api.cieloecommerce.cielo.com.br/1/sales
            [content_type] => application/json; charset=utf-8
            [http_code] => 201
            [header_size] => 366
            [request_size] => 802
            [filetime] => -1
            [ssl_verify_result] => 0
            [redirect_count] => 0
            [total_time] => 2.805778
            [namelookup_time] => 0.003159
            [connect_time] => 0.113151
            [pretransfer_time] => 0.344781
            [size_upload] => 523
            [size_download] => 1161
            [speed_download] => 413
            [speed_upload] => 186
            [download_content_length] => 1161
            [upload_content_length] => 523
            [starttransfer_time] => 2.805727
            [redirect_time] => 0
            [redirect_url] => 
            [primary_ip] => 20.40.33.251
            [certinfo] => Array
                (
                )

            [primary_port] => 443
            [local_ip] => 172.26.0.25
            [local_port] => 59970
            [http_version] => 2
            [protocol] => 2
            [ssl_verifyresult] => 0
            [scheme] => HTTPS
            [appconnect_time_us] => 344698
            [connect_time_us] => 113151
            [namelookup_time_us] => 3159
            [pretransfer_time_us] => 344781
            [redirect_time_us] => 0
            [starttransfer_time_us] => 2805727
            [total_time_us] => 2805778
        )

    [error] => 
    [status] => 201
    [decoded_response] => 
    [iterator_positon:RestClientCielo:private] => 
    [url] => https://api.cieloecommerce.cielo.com.br/1/sales
)

11-03-2021 @ 18:20:14 - Debug Cielo HTTP: 201
11-03-2021 @ 18:20:14 - Debug Cielo Enviados: Array
(
    [MerchantOrderId] => 15802
    [Customer] => Array
        (
            [Name] => Tamires Barbosa Wegner
            [Email] => tamiresbarbosa54@gmail.com
        )

    [Payment] => Array
        (
            [Type] => CreditCard
            [Amount] => 19061
            [Currency] => BRL
            [Country] => BRA
            [Provider] => Cielo
            [ServiceTaxAmount] => 0
            [Installments] => 3
            [Interest] => ByMerchant
            [Capture] => true
            [Authenticate] => false
            [Recurrent] => false
            [SoftDescriptor] => IMPERIALTPTS
            [CreditCard] => Array
                (
                    [CardNumber] => 545368****5321
                    [Holder] => Tamires B Wegner
                    [ExpirationDate] => 08/2028
                    [SecurityCode] => 217
                    [SaveCard] => false
                    [Brand] => Master
                )

        )

)

11-03-2021 @ 18:20:14 - Debug Cielo Recebido: RestClientCielo Object
(
    [options] => Array
        (
            [headers] => Array
                (
                    [Content-Type] => application/json
                    [Accept] => application/json
                    [MerchantId] => e3fd1919-faaa-4b5b-be5a-a1d95c4a9186
                    [MerchantKey] => YUbRrLs8R8QgDm4UrkICqDTYO46GhKRbRJ0PjgdU
                    [RequestId] => 
                )

            [parameters] => Array
                (
                )

            [curl_options] => Array
                (
                )

            [user_agent] => PHP RestClient/0.1.4
            [base_url] => https://api.cieloecommerce.cielo.com.br/1/
            [format] => 
            [format_regex] => /(\w+)\/(\w+)(;[.+])?/
            [decoders] => Array
                (
                    [json] => json_decode
                    [php] => unserialize
                )

            [username] => 
            [password] => 
        )

    [handle] => Resource id #439
    [response] => {"MerchantOrderId":"15802","Customer":{"Name":"Tamires Barbosa Wegner","Email":"tamiresbarbosa54@gmail.com"},"Payment":{"ServiceTaxAmount":0,"Installments":3,"Interest":0,"Capture":true,"Authenticate":false,"Recurrent":false,"CreditCard":{"CardNumber":"545368******5321","Holder":"Tamires B Wegner","ExpirationDate":"08/2028","SaveCard":false,"Brand":"Master"},"Tid":"2807204516161QHLHPJC","ProofOfSale":"105003","AuthorizationCode":"091882","SoftDescriptor":"IMPERIALTPTS","Provider":"Cielo","Eci":"0","IsQrCode":false,"Amount":19061,"ReceivedDate":"2021-11-03 18:20:12","CapturedAmount":19061,"CapturedDate":"2021-11-03 18:20:13","Status":2,"IsSplitted":false,"ReturnMessage":"Transacao capturada com sucesso","ReturnCode":"00","PaymentId":"5a1db19b-9adf-4bbf-82a3-2b330a2d038f","Type":"CreditCard","Currency":"BRL","Country":"BRA","Links":[{"Method":"GET","Rel":"self","Href":"https://apiquery.cieloecommerce.cielo.com.br/1/sales/5a1db19b-9adf-4bbf-82a3-2b330a2d038f"},{"Method":"PUT","Rel":"void","Href":"https://api.cieloecommerce.cielo.com.br/1/sales/5a1db19b-9adf-4bbf-82a3-2b330a2d038f/void"}]}}
    [headers] => 
    [info] => stdClass Object
        (
            [url] => https://api.cieloecommerce.cielo.com.br/1/sales
            [content_type] => application/json; charset=utf-8
            [http_code] => 201
            [header_size] => 366
            [request_size] => 803
            [filetime] => -1
            [ssl_verify_result] => 0
            [redirect_count] => 0
            [total_time] => 2.891443
            [namelookup_time] => 0.003267
            [connect_time] => 0.120841
            [pretransfer_time] => 0.367679
            [size_upload] => 524
            [size_download] => 1103
            [speed_download] => 381
            [speed_upload] => 181
            [download_content_length] => 1103
            [upload_content_length] => 524
            [starttransfer_time] => 2.891404
            [redirect_time] => 0
            [redirect_url] => 
            [primary_ip] => 20.195.168.97
            [certinfo] => Array
                (
                )

            [primary_port] => 443
            [local_ip] => 172.26.0.25
            [local_port] => 53056
            [http_version] => 2
            [protocol] => 2
            [ssl_verifyresult] => 0
            [scheme] => HTTPS
            [appconnect_time_us] => 367597
            [connect_time_us] => 120841
            [namelookup_time_us] => 3267
            [pretransfer_time_us] => 367679
            [redirect_time_us] => 0
            [starttransfer_time_us] => 2891404
            [total_time_us] => 2891443
        )

    [error] => 
    [status] => 201
    [decoded_response] => 
    [iterator_positon:RestClientCielo:private] => 
    [url] => https://api.cieloecommerce.cielo.com.br/1/sales
)

