06-06-2022 @ 21:16:53 - Calculo Online - Correios URL: http://ws.correios.com.br/calculador/CalcPrecoPrazo.aspx?nCdServico=03298&nCdEmpresa=22047719&sDsSenha=Imp3ri@l237&sCepDestino=36204412&sCepOrigem=96412830&nVlAltura=10,00&nVlLargura=40,00&nVlDiametro=0&nVlComprimento=50,00&nVlPeso=3,50&nCdFormato=1&sCdMaoPropria=N&nVlValorDeclarado=0,00&sCdAvisoRecebimento=N&StrRetorno=xml
06-06-2022 @ 21:16:53 - Debug Correios Resposta: SimpleXMLElement Object
(
    [cServico] => SimpleXMLElement Object
        (
            [Codigo] => 03298
            [Valor] => 48,30
            [PrazoEntrega] => 7
            [ValorSemAdicionais] => 48,30
            [ValorMaoPropria] => 0,00
            [ValorAvisoRecebimento] => 0,00
            [ValorValorDeclarado] => 0,00
            [EntregaDomiciliar] => S
            [EntregaSabado] => N
            [obsFim] => SimpleXMLElement Object
                (
                )

            [Erro] => 0
            [MsgErro] => SimpleXMLElement Object
                (
                )

        )

)

06-06-2022 @ 22:04:14 - Calculo Online - Correios URL: http://ws.correios.com.br/calculador/CalcPrecoPrazo.aspx?nCdServico=03298&nCdEmpresa=22047719&sDsSenha=Imp3ri@l237&sCepDestino=22060020&sCepOrigem=96412830&nVlAltura=8,00&nVlLargura=40,00&nVlDiametro=0&nVlComprimento=40,00&nVlPeso=2,00&nCdFormato=1&sCdMaoPropria=N&nVlValorDeclarado=0,00&sCdAvisoRecebimento=N&StrRetorno=xml
06-06-2022 @ 22:04:14 - Debug Correios Resposta: SimpleXMLElement Object
(
    [cServico] => SimpleXMLElement Object
        (
            [Codigo] => 03298
            [Valor] => 33,85
            [PrazoEntrega] => 7
            [ValorSemAdicionais] => 33,85
            [ValorMaoPropria] => 0,00
            [ValorAvisoRecebimento] => 0,00
            [ValorValorDeclarado] => 0,00
            [EntregaDomiciliar] => S
            [EntregaSabado] => N
            [obsFim] => SimpleXMLElement Object
                (
                )

            [Erro] => 0
            [MsgErro] => SimpleXMLElement Object
                (
                )

        )

)

06-06-2022 @ 22:44:23 - Calculo Online - Correios URL: http://ws.correios.com.br/calculador/CalcPrecoPrazo.aspx?nCdServico=03298&nCdEmpresa=22047719&sDsSenha=Imp3ri@l237&sCepDestino=05334000&sCepOrigem=96412830&nVlAltura=10,00&nVlLargura=40,00&nVlDiametro=0&nVlComprimento=50,00&nVlPeso=3,00&nCdFormato=1&sCdMaoPropria=N&nVlValorDeclarado=0,00&sCdAvisoRecebimento=N&StrRetorno=xml
06-06-2022 @ 22:44:23 - Debug Correios Resposta: SimpleXMLElement Object
(
    [cServico] => SimpleXMLElement Object
        (
            [Codigo] => 03298
            [Valor] => 33,04
            [PrazoEntrega] => 7
            [ValorSemAdicionais] => 33,04
            [ValorMaoPropria] => 0,00
            [ValorAvisoRecebimento] => 0,00
            [ValorValorDeclarado] => 0,00
            [EntregaDomiciliar] => S
            [EntregaSabado] => N
            [obsFim] => SimpleXMLElement Object
                (
                )

            [Erro] => 0
            [MsgErro] => SimpleXMLElement Object
                (
                )

        )

)

06-06-2022 @ 22:51:08 - Calculo Online - Correios URL: http://ws.correios.com.br/calculador/CalcPrecoPrazo.aspx?nCdServico=03298&nCdEmpresa=22047719&sDsSenha=Imp3ri@l237&sCepDestino=17032010&sCepOrigem=96412830&nVlAltura=45,00&nVlLargura=55,60&nVlDiametro=0&nVlComprimento=55,60&nVlPeso=23,19&nCdFormato=1&sCdMaoPropria=N&nVlValorDeclarado=0,00&sCdAvisoRecebimento=N&StrRetorno=xml
06-06-2022 @ 22:51:08 - Debug Correios Resposta: SimpleXMLElement Object
(
    [cServico] => SimpleXMLElement Object
        (
            [Codigo] => 03298
            [Valor] => 202,86
            [PrazoEntrega] => 6
            [ValorSemAdicionais] => 202,86
            [ValorMaoPropria] => 0,00
            [ValorAvisoRecebimento] => 0,00
            [ValorValorDeclarado] => 0,00
            [EntregaDomiciliar] => S
            [EntregaSabado] => N
            [obsFim] => SimpleXMLElement Object
                (
                )

            [Erro] => 0
            [MsgErro] => SimpleXMLElement Object
                (
                )

        )

)

06-06-2022 @ 22:51:12 - Calculo Online - Correios URL: http://ws.correios.com.br/calculador/CalcPrecoPrazo.aspx?nCdServico=03298&nCdEmpresa=22047719&sDsSenha=Imp3ri@l237&sCepDestino=17032010&sCepOrigem=96412830&nVlAltura=45,00&nVlLargura=55,60&nVlDiametro=0&nVlComprimento=55,60&nVlPeso=23,19&nCdFormato=1&sCdMaoPropria=N&nVlValorDeclarado=0,00&sCdAvisoRecebimento=N&StrRetorno=xml
06-06-2022 @ 22:51:12 - Debug Correios Resposta: SimpleXMLElement Object
(
    [cServico] => SimpleXMLElement Object
        (
            [Codigo] => 03298
            [Valor] => 202,86
            [PrazoEntrega] => 6
            [ValorSemAdicionais] => 202,86
            [ValorMaoPropria] => 0,00
            [ValorAvisoRecebimento] => 0,00
            [ValorValorDeclarado] => 0,00
            [EntregaDomiciliar] => S
            [EntregaSabado] => N
            [obsFim] => SimpleXMLElement Object
                (
                )

            [Erro] => 0
            [MsgErro] => SimpleXMLElement Object
                (
                )

        )

)

06-07-2022 @ 05:44:20 - Calculo Online - Correios URL: http://ws.correios.com.br/calculador/CalcPrecoPrazo.aspx?nCdServico=03298&nCdEmpresa=22047719&sDsSenha=Imp3ri@l237&sCepDestino=25010240&sCepOrigem=96412830&nVlAltura=15,00&nVlLargura=40,00&nVlDiametro=0&nVlComprimento=50,00&nVlPeso=5,00&nCdFormato=1&sCdMaoPropria=N&nVlValorDeclarado=0,00&sCdAvisoRecebimento=N&StrRetorno=xml
06-07-2022 @ 05:44:20 - Debug Correios Resposta: SimpleXMLElement Object
(
    [cServico] => SimpleXMLElement Object
        (
            [Codigo] => 03298
            [Valor] => 50,53
            [PrazoEntrega] => 13
            [ValorSemAdicionais] => 50,53
            [ValorMaoPropria] => 0,00
            [ValorAvisoRecebimento] => 0,00
            [ValorValorDeclarado] => 0,00
            [EntregaDomiciliar] => S
            [EntregaSabado] => N
            [obsFim] => O CEP de destino está sujeito a condições especiais de entrega pela  ECT e será realizada com o acréscimo de até 5 (cinco) dias úteis ao prazo regular.
            [Erro] => 011
            [MsgErro] => SimpleXMLElement Object
                (
                )

        )

)

06-07-2022 @ 05:48:43 - Calculo Online - Correios URL: http://ws.correios.com.br/calculador/CalcPrecoPrazo.aspx?nCdServico=03298&nCdEmpresa=22047719&sDsSenha=Imp3ri@l237&sCepDestino=25010240&sCepOrigem=96412830&nVlAltura=15,00&nVlLargura=40,00&nVlDiametro=0&nVlComprimento=50,00&nVlPeso=5,00&nCdFormato=1&sCdMaoPropria=N&nVlValorDeclarado=0,00&sCdAvisoRecebimento=N&StrRetorno=xml
06-07-2022 @ 05:48:43 - Debug Correios Resposta: SimpleXMLElement Object
(
    [cServico] => SimpleXMLElement Object
        (
            [Codigo] => 03298
            [Valor] => 50,53
            [PrazoEntrega] => 13
            [ValorSemAdicionais] => 50,53
            [ValorMaoPropria] => 0,00
            [ValorAvisoRecebimento] => 0,00
            [ValorValorDeclarado] => 0,00
            [EntregaDomiciliar] => S
            [EntregaSabado] => N
            [obsFim] => O CEP de destino está sujeito a condições especiais de entrega pela  ECT e será realizada com o acréscimo de até 5 (cinco) dias úteis ao prazo regular.
            [Erro] => 011
            [MsgErro] => SimpleXMLElement Object
                (
                )

        )

)

06-07-2022 @ 05:49:09 - Calculo Online - Correios URL: http://ws.correios.com.br/calculador/CalcPrecoPrazo.aspx?nCdServico=03298&nCdEmpresa=22047719&sDsSenha=Imp3ri@l237&sCepDestino=25010240&sCepOrigem=96412830&nVlAltura=15,00&nVlLargura=40,00&nVlDiametro=0&nVlComprimento=50,00&nVlPeso=5,00&nCdFormato=1&sCdMaoPropria=N&nVlValorDeclarado=0,00&sCdAvisoRecebimento=N&StrRetorno=xml
06-07-2022 @ 05:49:09 - Debug Correios Resposta: SimpleXMLElement Object
(
    [cServico] => SimpleXMLElement Object
        (
            [Codigo] => 03298
            [Valor] => 50,53
            [PrazoEntrega] => 13
            [ValorSemAdicionais] => 50,53
            [ValorMaoPropria] => 0,00
            [ValorAvisoRecebimento] => 0,00
            [ValorValorDeclarado] => 0,00
            [EntregaDomiciliar] => S
            [EntregaSabado] => N
            [obsFim] => O CEP de destino está sujeito a condições especiais de entrega pela  ECT e será realizada com o acréscimo de até 5 (cinco) dias úteis ao prazo regular.
            [Erro] => 011
            [MsgErro] => SimpleXMLElement Object
                (
                )

        )

)

06-07-2022 @ 05:49:12 - Calculo Online - Correios URL: http://ws.correios.com.br/calculador/CalcPrecoPrazo.aspx?nCdServico=03298&nCdEmpresa=22047719&sDsSenha=Imp3ri@l237&sCepDestino=25010240&sCepOrigem=96412830&nVlAltura=15,00&nVlLargura=40,00&nVlDiametro=0&nVlComprimento=50,00&nVlPeso=5,00&nCdFormato=1&sCdMaoPropria=N&nVlValorDeclarado=0,00&sCdAvisoRecebimento=N&StrRetorno=xml
06-07-2022 @ 05:49:12 - Debug Correios Resposta: SimpleXMLElement Object
(
    [cServico] => SimpleXMLElement Object
        (
            [Codigo] => 03298
            [Valor] => 50,53
            [PrazoEntrega] => 13
            [ValorSemAdicionais] => 50,53
            [ValorMaoPropria] => 0,00
            [ValorAvisoRecebimento] => 0,00
            [ValorValorDeclarado] => 0,00
            [EntregaDomiciliar] => S
            [EntregaSabado] => N
            [obsFim] => O CEP de destino está sujeito a condições especiais de entrega pela  ECT e será realizada com o acréscimo de até 5 (cinco) dias úteis ao prazo regular.
            [Erro] => 011
            [MsgErro] => SimpleXMLElement Object
                (
                )

        )

)

06-07-2022 @ 05:49:15 - Calculo Online - Correios URL: http://ws.correios.com.br/calculador/CalcPrecoPrazo.aspx?nCdServico=03298&nCdEmpresa=22047719&sDsSenha=Imp3ri@l237&sCepDestino=25010240&sCepOrigem=96412830&nVlAltura=15,00&nVlLargura=40,00&nVlDiametro=0&nVlComprimento=50,00&nVlPeso=5,00&nCdFormato=1&sCdMaoPropria=N&nVlValorDeclarado=0,00&sCdAvisoRecebimento=N&StrRetorno=xml
06-07-2022 @ 05:49:15 - Debug Correios Resposta: SimpleXMLElement Object
(
    [cServico] => SimpleXMLElement Object
        (
            [Codigo] => 03298
            [Valor] => 50,53
            [PrazoEntrega] => 13
            [ValorSemAdicionais] => 50,53
            [ValorMaoPropria] => 0,00
            [ValorAvisoRecebimento] => 0,00
            [ValorValorDeclarado] => 0,00
            [EntregaDomiciliar] => S
            [EntregaSabado] => N
            [obsFim] => O CEP de destino está sujeito a condições especiais de entrega pela  ECT e será realizada com o acréscimo de até 5 (cinco) dias úteis ao prazo regular.
            [Erro] => 011
            [MsgErro] => SimpleXMLElement Object
                (
                )

        )

)

06-07-2022 @ 05:49:21 - Calculo Online - Correios URL: http://ws.correios.com.br/calculador/CalcPrecoPrazo.aspx?nCdServico=03298&nCdEmpresa=22047719&sDsSenha=Imp3ri@l237&sCepDestino=25010240&sCepOrigem=96412830&nVlAltura=15,00&nVlLargura=40,00&nVlDiametro=0&nVlComprimento=50,00&nVlPeso=5,00&nCdFormato=1&sCdMaoPropria=N&nVlValorDeclarado=0,00&sCdAvisoRecebimento=N&StrRetorno=xml
06-07-2022 @ 05:49:21 - Debug Correios Resposta: SimpleXMLElement Object
(
    [cServico] => SimpleXMLElement Object
        (
            [Codigo] => 03298
            [Valor] => 50,53
            [PrazoEntrega] => 13
            [ValorSemAdicionais] => 50,53
            [ValorMaoPropria] => 0,00
            [ValorAvisoRecebimento] => 0,00
            [ValorValorDeclarado] => 0,00
            [EntregaDomiciliar] => S
            [EntregaSabado] => N
            [obsFim] => O CEP de destino está sujeito a condições especiais de entrega pela  ECT e será realizada com o acréscimo de até 5 (cinco) dias úteis ao prazo regular.
            [Erro] => 011
            [MsgErro] => SimpleXMLElement Object
                (
                )

        )

)

06-07-2022 @ 05:49:24 - Calculo Online - Correios URL: http://ws.correios.com.br/calculador/CalcPrecoPrazo.aspx?nCdServico=03298&nCdEmpresa=22047719&sDsSenha=Imp3ri@l237&sCepDestino=25010240&sCepOrigem=96412830&nVlAltura=15,00&nVlLargura=40,00&nVlDiametro=0&nVlComprimento=50,00&nVlPeso=5,00&nCdFormato=1&sCdMaoPropria=N&nVlValorDeclarado=0,00&sCdAvisoRecebimento=N&StrRetorno=xml
06-07-2022 @ 05:49:24 - Debug Correios Resposta: SimpleXMLElement Object
(
    [cServico] => SimpleXMLElement Object
        (
            [Codigo] => 03298
            [Valor] => 50,53
            [PrazoEntrega] => 13
            [ValorSemAdicionais] => 50,53
            [ValorMaoPropria] => 0,00
            [ValorAvisoRecebimento] => 0,00
            [ValorValorDeclarado] => 0,00
            [EntregaDomiciliar] => S
            [EntregaSabado] => N
            [obsFim] => O CEP de destino está sujeito a condições especiais de entrega pela  ECT e será realizada com o acréscimo de até 5 (cinco) dias úteis ao prazo regular.
            [Erro] => 011
            [MsgErro] => SimpleXMLElement Object
                (
                )

        )

)

06-07-2022 @ 07:40:43 - Calculo Online - Correios URL: http://ws.correios.com.br/calculador/CalcPrecoPrazo.aspx?nCdServico=03298&nCdEmpresa=22047719&sDsSenha=Imp3ri@l237&sCepDestino=36061140&sCepOrigem=96412830&nVlAltura=15,00&nVlLargura=60,00&nVlDiametro=0&nVlComprimento=65,00&nVlPeso=13,00&nCdFormato=1&sCdMaoPropria=N&nVlValorDeclarado=0,00&sCdAvisoRecebimento=N&StrRetorno=xml
06-07-2022 @ 07:40:43 - Debug Correios Resposta: SimpleXMLElement Object
(
    [cServico] => SimpleXMLElement Object
        (
            [Codigo] => 03298
            [Valor] => 114,34
            [PrazoEntrega] => 7
            [ValorSemAdicionais] => 114,34
            [ValorMaoPropria] => 0,00
            [ValorAvisoRecebimento] => 0,00
            [ValorValorDeclarado] => 0,00
            [EntregaDomiciliar] => S
            [EntregaSabado] => N
            [obsFim] => SimpleXMLElement Object
                (
                )

            [Erro] => 0
            [MsgErro] => SimpleXMLElement Object
                (
                )

        )

)

06-07-2022 @ 08:08:23 - Calculo Online - Correios URL: http://ws.correios.com.br/calculador/CalcPrecoPrazo.aspx?nCdServico=03298&nCdEmpresa=22047719&sDsSenha=Imp3ri@l237&sCepDestino=72015545&sCepOrigem=96412830&nVlAltura=40,00&nVlLargura=40,00&nVlDiametro=0&nVlComprimento=45,00&nVlPeso=12,00&nCdFormato=1&sCdMaoPropria=N&nVlValorDeclarado=0,00&sCdAvisoRecebimento=N&StrRetorno=xml
06-07-2022 @ 08:08:23 - Debug Correios Resposta: SimpleXMLElement Object
(
    [cServico] => SimpleXMLElement Object
        (
            [Codigo] => 03298
            [Valor] => 166,07
            [PrazoEntrega] => 6
            [ValorSemAdicionais] => 166,07
            [ValorMaoPropria] => 0,00
            [ValorAvisoRecebimento] => 0,00
            [ValorValorDeclarado] => 0,00
            [EntregaDomiciliar] => S
            [EntregaSabado] => N
            [obsFim] => SimpleXMLElement Object
                (
                )

            [Erro] => 0
            [MsgErro] => SimpleXMLElement Object
                (
                )

        )

)

06-07-2022 @ 08:37:02 - Calculo Online - Correios URL: http://ws.correios.com.br/calculador/CalcPrecoPrazo.aspx?nCdServico=03298&nCdEmpresa=22047719&sDsSenha=Imp3ri@l237&sCepDestino=99270000&sCepOrigem=96412830&nVlAltura=10,00&nVlLargura=40,00&nVlDiametro=0&nVlComprimento=50,00&nVlPeso=3,50&nCdFormato=1&sCdMaoPropria=N&nVlValorDeclarado=0,00&sCdAvisoRecebimento=N&StrRetorno=xml
06-07-2022 @ 08:37:02 - Debug Correios Resposta: SimpleXMLElement Object
(
    [cServico] => SimpleXMLElement Object
        (
            [Codigo] => 03298
            [Valor] => 24,25
            [PrazoEntrega] => 7
            [ValorSemAdicionais] => 24,25
            [ValorMaoPropria] => 0,00
            [ValorAvisoRecebimento] => 0,00
            [ValorValorDeclarado] => 0,00
            [EntregaDomiciliar] => S
            [EntregaSabado] => N
            [obsFim] => Para as localidades com CEP único, com terminação 000, ou seja, que não possuem CEPs por logradouro, considera-se entrega domiciliária aquela prevista nos termos da Portaria nº 2.729/2021 do Ministério das Comunicações.
            [Erro] => 0
            [MsgErro] => SimpleXMLElement Object
                (
                )

        )

)

06-07-2022 @ 08:44:17 - Calculo Online - Correios URL: http://ws.correios.com.br/calculador/CalcPrecoPrazo.aspx?nCdServico=03298&nCdEmpresa=22047719&sDsSenha=Imp3ri@l237&sCepDestino=37750000&sCepOrigem=96412830&nVlAltura=20,00&nVlLargura=50,00&nVlDiametro=0&nVlComprimento=50,00&nVlPeso=8,33&nCdFormato=1&sCdMaoPropria=N&nVlValorDeclarado=0,00&sCdAvisoRecebimento=N&StrRetorno=xml
06-07-2022 @ 08:44:17 - Debug Correios Resposta: SimpleXMLElement Object
(
    [cServico] => SimpleXMLElement Object
        (
            [Codigo] => 03298
            [Valor] => 81,68
            [PrazoEntrega] => 7
            [ValorSemAdicionais] => 81,68
            [ValorMaoPropria] => 0,00
            [ValorAvisoRecebimento] => 0,00
            [ValorValorDeclarado] => 0,00
            [EntregaDomiciliar] => S
            [EntregaSabado] => N
            [obsFim] => Para as localidades com CEP único, com terminação 000, ou seja, que não possuem CEPs por logradouro, considera-se entrega domiciliária aquela prevista nos termos da Portaria nº 2.729/2021 do Ministério das Comunicações.
            [Erro] => 0
            [MsgErro] => SimpleXMLElement Object
                (
                )

        )

)

06-07-2022 @ 09:18:26 - Calculo Online - Correios URL: http://ws.correios.com.br/calculador/CalcPrecoPrazo.aspx?nCdServico=03298&nCdEmpresa=22047719&sDsSenha=Imp3ri@l237&sCepDestino=14098820&sCepOrigem=96412830&nVlAltura=10,00&nVlLargura=50,00&nVlDiametro=0&nVlComprimento=50,00&nVlPeso=4,00&nCdFormato=1&sCdMaoPropria=N&nVlValorDeclarado=0,00&sCdAvisoRecebimento=N&StrRetorno=xml
06-07-2022 @ 09:18:26 - Debug Correios Resposta: SimpleXMLElement Object
(
    [cServico] => SimpleXMLElement Object
        (
            [Codigo] => 03298
            [Valor] => 42,36
            [PrazoEntrega] => 6
            [ValorSemAdicionais] => 42,36
            [ValorMaoPropria] => 0,00
            [ValorAvisoRecebimento] => 0,00
            [ValorValorDeclarado] => 0,00
            [EntregaDomiciliar] => N
            [EntregaSabado] => N
            [obsFim] => SimpleXMLElement Object
                (
                )

            [Erro] => 0
            [MsgErro] => SimpleXMLElement Object
                (
                )

        )

)

06-07-2022 @ 09:58:27 - Calculo Online - Correios URL: http://ws.correios.com.br/calculador/CalcPrecoPrazo.aspx?nCdServico=03298&nCdEmpresa=22047719&sDsSenha=Imp3ri@l237&sCepDestino=73370043&sCepOrigem=96412830&nVlAltura=10,00&nVlLargura=40,00&nVlDiametro=0&nVlComprimento=40,00&nVlPeso=3,50&nCdFormato=1&sCdMaoPropria=N&nVlValorDeclarado=0,00&sCdAvisoRecebimento=N&StrRetorno=xml
06-07-2022 @ 09:58:27 - Debug Correios Resposta: SimpleXMLElement Object
(
    [cServico] => SimpleXMLElement Object
        (
            [Codigo] => 03298
            [Valor] => 87,92
            [PrazoEntrega] => 6
            [ValorSemAdicionais] => 87,92
            [ValorMaoPropria] => 0,00
            [ValorAvisoRecebimento] => 0,00
            [ValorValorDeclarado] => 0,00
            [EntregaDomiciliar] => S
            [EntregaSabado] => N
            [obsFim] => SimpleXMLElement Object
                (
                )

            [Erro] => 0
            [MsgErro] => SimpleXMLElement Object
                (
                )

        )

)

06-07-2022 @ 10:02:36 - Calculo Online - Correios URL: http://ws.correios.com.br/calculador/CalcPrecoPrazo.aspx?nCdServico=03298&nCdEmpresa=22047719&sDsSenha=Imp3ri@l237&sCepDestino=13700000&sCepOrigem=96412830&nVlAltura=37,00&nVlLargura=42,00&nVlDiametro=0&nVlComprimento=70,00&nVlPeso=18,13&nCdFormato=1&sCdMaoPropria=N&nVlValorDeclarado=0,00&sCdAvisoRecebimento=N&StrRetorno=xml
06-07-2022 @ 10:02:36 - Debug Correios Resposta: SimpleXMLElement Object
(
    [cServico] => SimpleXMLElement Object
        (
            [Codigo] => 03298
            [Valor] => 156,91
            [PrazoEntrega] => 10
            [ValorSemAdicionais] => 156,91
            [ValorMaoPropria] => 0,00
            [ValorAvisoRecebimento] => 0,00
            [ValorValorDeclarado] => 0,00
            [EntregaDomiciliar] => S
            [EntregaSabado] => N
            [obsFim] => Para as localidades com CEP único, com terminação 000, ou seja, que não possuem CEPs por logradouro, considera-se entrega domiciliária aquela prevista nos termos da Portaria nº 2.729/2021 do Ministério das Comunicações.
            [Erro] => 0
            [MsgErro] => SimpleXMLElement Object
                (
                )

        )

)

06-07-2022 @ 10:03:29 - Calculo Online - Correios URL: http://ws.correios.com.br/calculador/CalcPrecoPrazo.aspx?nCdServico=03298&nCdEmpresa=22047719&sDsSenha=Imp3ri@l237&sCepDestino=13700000&sCepOrigem=96412830&nVlAltura=37,00&nVlLargura=42,00&nVlDiametro=0&nVlComprimento=70,00&nVlPeso=18,13&nCdFormato=1&sCdMaoPropria=N&nVlValorDeclarado=0,00&sCdAvisoRecebimento=N&StrRetorno=xml
06-07-2022 @ 10:03:29 - Debug Correios Resposta: SimpleXMLElement Object
(
    [cServico] => SimpleXMLElement Object
        (
            [Codigo] => 03298
            [Valor] => 156,91
            [PrazoEntrega] => 10
            [ValorSemAdicionais] => 156,91
            [ValorMaoPropria] => 0,00
            [ValorAvisoRecebimento] => 0,00
            [ValorValorDeclarado] => 0,00
            [EntregaDomiciliar] => S
            [EntregaSabado] => N
            [obsFim] => Para as localidades com CEP único, com terminação 000, ou seja, que não possuem CEPs por logradouro, considera-se entrega domiciliária aquela prevista nos termos da Portaria nº 2.729/2021 do Ministério das Comunicações.
            [Erro] => 0
            [MsgErro] => SimpleXMLElement Object
                (
                )

        )

)

06-07-2022 @ 10:04:30 - Calculo Online - Correios URL: http://ws.correios.com.br/calculador/CalcPrecoPrazo.aspx?nCdServico=03298&nCdEmpresa=22047719&sDsSenha=Imp3ri@l237&sCepDestino=13700000&sCepOrigem=96412830&nVlAltura=37,00&nVlLargura=42,00&nVlDiametro=0&nVlComprimento=70,00&nVlPeso=18,13&nCdFormato=1&sCdMaoPropria=N&nVlValorDeclarado=0,00&sCdAvisoRecebimento=N&StrRetorno=xml
06-07-2022 @ 10:04:30 - Debug Correios Resposta: SimpleXMLElement Object
(
    [cServico] => SimpleXMLElement Object
        (
            [Codigo] => 03298
            [Valor] => 156,91
            [PrazoEntrega] => 10
            [ValorSemAdicionais] => 156,91
            [ValorMaoPropria] => 0,00
            [ValorAvisoRecebimento] => 0,00
            [ValorValorDeclarado] => 0,00
            [EntregaDomiciliar] => S
            [EntregaSabado] => N
            [obsFim] => Para as localidades com CEP único, com terminação 000, ou seja, que não possuem CEPs por logradouro, considera-se entrega domiciliária aquela prevista nos termos da Portaria nº 2.729/2021 do Ministério das Comunicações.
            [Erro] => 0
            [MsgErro] => SimpleXMLElement Object
                (
                )

        )

)

06-07-2022 @ 10:04:43 - Calculo Online - Correios URL: http://ws.correios.com.br/calculador/CalcPrecoPrazo.aspx?nCdServico=03298&nCdEmpresa=22047719&sDsSenha=Imp3ri@l237&sCepDestino=13700000&sCepOrigem=96412830&nVlAltura=37,00&nVlLargura=42,00&nVlDiametro=0&nVlComprimento=70,00&nVlPeso=18,13&nCdFormato=1&sCdMaoPropria=N&nVlValorDeclarado=0,00&sCdAvisoRecebimento=N&StrRetorno=xml
06-07-2022 @ 10:04:43 - Debug Correios Resposta: SimpleXMLElement Object
(
    [cServico] => SimpleXMLElement Object
        (
            [Codigo] => 03298
            [Valor] => 156,91
            [PrazoEntrega] => 10
            [ValorSemAdicionais] => 156,91
            [ValorMaoPropria] => 0,00
            [ValorAvisoRecebimento] => 0,00
            [ValorValorDeclarado] => 0,00
            [EntregaDomiciliar] => S
            [EntregaSabado] => N
            [obsFim] => Para as localidades com CEP único, com terminação 000, ou seja, que não possuem CEPs por logradouro, considera-se entrega domiciliária aquela prevista nos termos da Portaria nº 2.729/2021 do Ministério das Comunicações.
            [Erro] => 0
            [MsgErro] => SimpleXMLElement Object
                (
                )

        )

)

06-07-2022 @ 10:05:50 - Calculo Online - Correios URL: http://ws.correios.com.br/calculador/CalcPrecoPrazo.aspx?nCdServico=03298&nCdEmpresa=22047719&sDsSenha=Imp3ri@l237&sCepDestino=27937050&sCepOrigem=96412830&nVlAltura=49,20&nVlLargura=49,20&nVlDiametro=0&nVlComprimento=70,00&nVlPeso=28,24&nCdFormato=1&sCdMaoPropria=N&nVlValorDeclarado=0,00&sCdAvisoRecebimento=N&StrRetorno=xml
06-07-2022 @ 10:05:50 - Debug Correios Resposta: SimpleXMLElement Object
(
    [cServico] => SimpleXMLElement Object
        (
            [Codigo] => 03298
            [Valor] => 279,78
            [PrazoEntrega] => 8
            [ValorSemAdicionais] => 279,78
            [ValorMaoPropria] => 0,00
            [ValorAvisoRecebimento] => 0,00
            [ValorValorDeclarado] => 0,00
            [EntregaDomiciliar] => S
            [EntregaSabado] => N
            [obsFim] => SimpleXMLElement Object
                (
                )

            [Erro] => 0
            [MsgErro] => SimpleXMLElement Object
                (
                )

        )

)

06-07-2022 @ 10:08:07 - Calculo Online - Correios URL: http://ws.correios.com.br/calculador/CalcPrecoPrazo.aspx?nCdServico=03298&nCdEmpresa=22047719&sDsSenha=Imp3ri@l237&sCepDestino=27937050&sCepOrigem=96412830&nVlAltura=42,60&nVlLargura=42,60&nVlDiametro=0&nVlComprimento=70,00&nVlPeso=21,17&nCdFormato=1&sCdMaoPropria=N&nVlValorDeclarado=0,00&sCdAvisoRecebimento=N&StrRetorno=xml
06-07-2022 @ 10:08:07 - Debug Correios Resposta: SimpleXMLElement Object
(
    [cServico] => SimpleXMLElement Object
        (
            [Codigo] => 03298
            [Valor] => 207,40
            [PrazoEntrega] => 8
            [ValorSemAdicionais] => 207,40
            [ValorMaoPropria] => 0,00
            [ValorAvisoRecebimento] => 0,00
            [ValorValorDeclarado] => 0,00
            [EntregaDomiciliar] => S
            [EntregaSabado] => N
            [obsFim] => SimpleXMLElement Object
                (
                )

            [Erro] => 0
            [MsgErro] => SimpleXMLElement Object
                (
                )

        )

)

06-07-2022 @ 10:08:12 - Calculo Online - Correios URL: http://ws.correios.com.br/calculador/CalcPrecoPrazo.aspx?nCdServico=03298&nCdEmpresa=22047719&sDsSenha=Imp3ri@l237&sCepDestino=27937050&sCepOrigem=96412830&nVlAltura=46,00&nVlLargura=46,00&nVlDiametro=0&nVlComprimento=70,00&nVlPeso=24,69&nCdFormato=1&sCdMaoPropria=N&nVlValorDeclarado=0,00&sCdAvisoRecebimento=N&StrRetorno=xml
06-07-2022 @ 10:08:12 - Debug Correios Resposta: SimpleXMLElement Object
(
    [cServico] => SimpleXMLElement Object
        (
            [Codigo] => 03298
            [Valor] => 238,42
            [PrazoEntrega] => 8
            [ValorSemAdicionais] => 238,42
            [ValorMaoPropria] => 0,00
            [ValorAvisoRecebimento] => 0,00
            [ValorValorDeclarado] => 0,00
            [EntregaDomiciliar] => S
            [EntregaSabado] => N
            [obsFim] => SimpleXMLElement Object
                (
                )

            [Erro] => 0
            [MsgErro] => SimpleXMLElement Object
                (
                )

        )

)

06-07-2022 @ 10:08:32 - Calculo Online - Correios URL: http://ws.correios.com.br/calculador/CalcPrecoPrazo.aspx?nCdServico=03298&nCdEmpresa=22047719&sDsSenha=Imp3ri@l237&sCepDestino=27937050&sCepOrigem=96412830&nVlAltura=46,00&nVlLargura=46,00&nVlDiametro=0&nVlComprimento=70,00&nVlPeso=24,69&nCdFormato=1&sCdMaoPropria=N&nVlValorDeclarado=0,00&sCdAvisoRecebimento=N&StrRetorno=xml
06-07-2022 @ 10:08:32 - Debug Correios Resposta: SimpleXMLElement Object
(
    [cServico] => SimpleXMLElement Object
        (
            [Codigo] => 03298
            [Valor] => 238,42
            [PrazoEntrega] => 8
            [ValorSemAdicionais] => 238,42
            [ValorMaoPropria] => 0,00
            [ValorAvisoRecebimento] => 0,00
            [ValorValorDeclarado] => 0,00
            [EntregaDomiciliar] => S
            [EntregaSabado] => N
            [obsFim] => SimpleXMLElement Object
                (
                )

            [Erro] => 0
            [MsgErro] => SimpleXMLElement Object
                (
                )

        )

)

06-07-2022 @ 10:09:01 - Calculo Online - Correios URL: http://ws.correios.com.br/calculador/CalcPrecoPrazo.aspx?nCdServico=03298&nCdEmpresa=22047719&sDsSenha=Imp3ri@l237&sCepDestino=27937050&sCepOrigem=96412830&nVlAltura=42,60&nVlLargura=42,60&nVlDiametro=0&nVlComprimento=70,00&nVlPeso=21,17&nCdFormato=1&sCdMaoPropria=N&nVlValorDeclarado=0,00&sCdAvisoRecebimento=N&StrRetorno=xml
06-07-2022 @ 10:09:01 - Debug Correios Resposta: SimpleXMLElement Object
(
    [cServico] => SimpleXMLElement Object
        (
            [Codigo] => 03298
            [Valor] => 207,40
            [PrazoEntrega] => 8
            [ValorSemAdicionais] => 207,40
            [ValorMaoPropria] => 0,00
            [ValorAvisoRecebimento] => 0,00
            [ValorValorDeclarado] => 0,00
            [EntregaDomiciliar] => S
            [EntregaSabado] => N
            [obsFim] => SimpleXMLElement Object
                (
                )

            [Erro] => 0
            [MsgErro] => SimpleXMLElement Object
                (
                )

        )

)

06-07-2022 @ 10:09:02 - Calculo Online - Correios URL: http://ws.correios.com.br/calculador/CalcPrecoPrazo.aspx?nCdServico=03298&nCdEmpresa=22047719&sDsSenha=Imp3ri@l237&sCepDestino=13700000&sCepOrigem=96412830&nVlAltura=37,00&nVlLargura=42,00&nVlDiametro=0&nVlComprimento=70,00&nVlPeso=18,13&nCdFormato=1&sCdMaoPropria=N&nVlValorDeclarado=0,00&sCdAvisoRecebimento=N&StrRetorno=xml
06-07-2022 @ 10:09:02 - Debug Correios Resposta: SimpleXMLElement Object
(
    [cServico] => SimpleXMLElement Object
        (
            [Codigo] => 03298
            [Valor] => 156,91
            [PrazoEntrega] => 10
            [ValorSemAdicionais] => 156,91
            [ValorMaoPropria] => 0,00
            [ValorAvisoRecebimento] => 0,00
            [ValorValorDeclarado] => 0,00
            [EntregaDomiciliar] => S
            [EntregaSabado] => N
            [obsFim] => Para as localidades com CEP único, com terminação 000, ou seja, que não possuem CEPs por logradouro, considera-se entrega domiciliária aquela prevista nos termos da Portaria nº 2.729/2021 do Ministério das Comunicações.
            [Erro] => 0
            [MsgErro] => SimpleXMLElement Object
                (
                )

        )

)

06-07-2022 @ 10:09:11 - Calculo Online - Correios URL: http://ws.correios.com.br/calculador/CalcPrecoPrazo.aspx?nCdServico=03298&nCdEmpresa=22047719&sDsSenha=Imp3ri@l237&sCepDestino=27937050&sCepOrigem=96412830&nVlAltura=39,00&nVlLargura=39,00&nVlDiametro=0&nVlComprimento=70,00&nVlPeso=17,75&nCdFormato=1&sCdMaoPropria=N&nVlValorDeclarado=0,00&sCdAvisoRecebimento=N&StrRetorno=xml
06-07-2022 @ 10:09:11 - Debug Correios Resposta: SimpleXMLElement Object
(
    [cServico] => SimpleXMLElement Object
        (
            [Codigo] => 03298
            [Valor] => 166,04
            [PrazoEntrega] => 8
            [ValorSemAdicionais] => 166,04
            [ValorMaoPropria] => 0,00
            [ValorAvisoRecebimento] => 0,00
            [ValorValorDeclarado] => 0,00
            [EntregaDomiciliar] => S
            [EntregaSabado] => N
            [obsFim] => SimpleXMLElement Object
                (
                )

            [Erro] => 0
            [MsgErro] => SimpleXMLElement Object
                (
                )

        )

)

06-07-2022 @ 10:09:23 - Calculo Online - Correios URL: http://ws.correios.com.br/calculador/CalcPrecoPrazo.aspx?nCdServico=03298&nCdEmpresa=22047719&sDsSenha=Imp3ri@l237&sCepDestino=27937050&sCepOrigem=96412830&nVlAltura=34,90&nVlLargura=34,90&nVlDiametro=0&nVlComprimento=70,00&nVlPeso=14,21&nCdFormato=1&sCdMaoPropria=N&nVlValorDeclarado=0,00&sCdAvisoRecebimento=N&StrRetorno=xml
06-07-2022 @ 10:09:23 - Debug Correios Resposta: SimpleXMLElement Object
(
    [cServico] => SimpleXMLElement Object
        (
            [Codigo] => 03298
            [Valor] => 135,02
            [PrazoEntrega] => 8
            [ValorSemAdicionais] => 135,02
            [ValorMaoPropria] => 0,00
            [ValorAvisoRecebimento] => 0,00
            [ValorValorDeclarado] => 0,00
            [EntregaDomiciliar] => S
            [EntregaSabado] => N
            [obsFim] => SimpleXMLElement Object
                (
                )

            [Erro] => 0
            [MsgErro] => SimpleXMLElement Object
                (
                )

        )

)

06-07-2022 @ 10:09:47 - Calculo Online - Correios URL: http://ws.correios.com.br/calculador/CalcPrecoPrazo.aspx?nCdServico=03298&nCdEmpresa=22047719&sDsSenha=Imp3ri@l237&sCepDestino=27937050&sCepOrigem=96412830&nVlAltura=34,30&nVlLargura=34,30&nVlDiametro=0&nVlComprimento=70,00&nVlPeso=13,73&nCdFormato=1&sCdMaoPropria=N&nVlValorDeclarado=0,00&sCdAvisoRecebimento=N&StrRetorno=xml
06-07-2022 @ 10:09:47 - Debug Correios Resposta: SimpleXMLElement Object
(
    [cServico] => SimpleXMLElement Object
        (
            [Codigo] => 03298
            [Valor] => 124,68
            [PrazoEntrega] => 8
            [ValorSemAdicionais] => 124,68
            [ValorMaoPropria] => 0,00
            [ValorAvisoRecebimento] => 0,00
            [ValorValorDeclarado] => 0,00
            [EntregaDomiciliar] => S
            [EntregaSabado] => N
            [obsFim] => SimpleXMLElement Object
                (
                )

            [Erro] => 0
            [MsgErro] => SimpleXMLElement Object
                (
                )

        )

)

06-07-2022 @ 10:10:30 - Calculo Online - Correios URL: http://ws.correios.com.br/calculador/CalcPrecoPrazo.aspx?nCdServico=03298&nCdEmpresa=22047719&sDsSenha=Imp3ri@l237&sCepDestino=27937050&sCepOrigem=96412830&nVlAltura=25,00&nVlLargura=35,00&nVlDiametro=0&nVlComprimento=70,00&nVlPeso=10,21&nCdFormato=1&sCdMaoPropria=N&nVlValorDeclarado=0,00&sCdAvisoRecebimento=N&StrRetorno=xml
06-07-2022 @ 10:10:30 - Debug Correios Resposta: SimpleXMLElement Object
(
    [cServico] => SimpleXMLElement Object
        (
            [Codigo] => 03298
            [Valor] => 93,66
            [PrazoEntrega] => 8
            [ValorSemAdicionais] => 93,66
            [ValorMaoPropria] => 0,00
            [ValorAvisoRecebimento] => 0,00
            [ValorValorDeclarado] => 0,00
            [EntregaDomiciliar] => S
            [EntregaSabado] => N
            [obsFim] => SimpleXMLElement Object
                (
                )

            [Erro] => 0
            [MsgErro] => SimpleXMLElement Object
                (
                )

        )

)

06-07-2022 @ 10:10:31 - Calculo Online - Correios URL: http://ws.correios.com.br/calculador/CalcPrecoPrazo.aspx?nCdServico=03298&nCdEmpresa=22047719&sDsSenha=Imp3ri@l237&sCepDestino=27937050&sCepOrigem=96412830&nVlAltura=25,00&nVlLargura=35,00&nVlDiametro=0&nVlComprimento=70,00&nVlPeso=10,21&nCdFormato=1&sCdMaoPropria=N&nVlValorDeclarado=0,00&sCdAvisoRecebimento=N&StrRetorno=xml
06-07-2022 @ 10:10:31 - Debug Correios Resposta: SimpleXMLElement Object
(
    [cServico] => SimpleXMLElement Object
        (
            [Codigo] => 03298
            [Valor] => 93,66
            [PrazoEntrega] => 8
            [ValorSemAdicionais] => 93,66
            [ValorMaoPropria] => 0,00
            [ValorAvisoRecebimento] => 0,00
            [ValorValorDeclarado] => 0,00
            [EntregaDomiciliar] => S
            [EntregaSabado] => N
            [obsFim] => SimpleXMLElement Object
                (
                )

            [Erro] => 0
            [MsgErro] => SimpleXMLElement Object
                (
                )

        )

)

06-07-2022 @ 10:10:45 - Calculo Online - Correios URL: http://ws.correios.com.br/calculador/CalcPrecoPrazo.aspx?nCdServico=03298&nCdEmpresa=22047719&sDsSenha=Imp3ri@l237&sCepDestino=95190000&sCepOrigem=96412830&nVlAltura=25,00&nVlLargura=35,00&nVlDiametro=0&nVlComprimento=70,00&nVlPeso=10,21&nCdFormato=1&sCdMaoPropria=N&nVlValorDeclarado=0,00&sCdAvisoRecebimento=N&StrRetorno=xml
06-07-2022 @ 10:10:45 - Debug Correios Resposta: SimpleXMLElement Object
(
    [cServico] => SimpleXMLElement Object
        (
            [Codigo] => 03298
            [Valor] => 35,83
            [PrazoEntrega] => 7
            [ValorSemAdicionais] => 35,83
            [ValorMaoPropria] => 0,00
            [ValorAvisoRecebimento] => 0,00
            [ValorValorDeclarado] => 0,00
            [EntregaDomiciliar] => S
            [EntregaSabado] => N
            [obsFim] => Para as localidades com CEP único, com terminação 000, ou seja, que não possuem CEPs por logradouro, considera-se entrega domiciliária aquela prevista nos termos da Portaria nº 2.729/2021 do Ministério das Comunicações.
            [Erro] => 0
            [MsgErro] => SimpleXMLElement Object
                (
                )

        )

)

06-07-2022 @ 11:47:48 - Calculo Online - Correios URL: http://ws.correios.com.br/calculador/CalcPrecoPrazo.aspx?nCdServico=03298&nCdEmpresa=22047719&sDsSenha=Imp3ri@l237&sCepDestino=78068390&sCepOrigem=96412830&nVlAltura=15,00&nVlLargura=30,00&nVlDiametro=0&nVlComprimento=40,00&nVlPeso=3,00&nCdFormato=1&sCdMaoPropria=N&nVlValorDeclarado=0,00&sCdAvisoRecebimento=N&StrRetorno=xml
06-07-2022 @ 11:47:48 - Debug Correios Resposta: SimpleXMLElement Object
(
    [cServico] => SimpleXMLElement Object
        (
            [Codigo] => 03298
            [Valor] => 77,69
            [PrazoEntrega] => 9
            [ValorSemAdicionais] => 77,69
            [ValorMaoPropria] => 0,00
            [ValorAvisoRecebimento] => 0,00
            [ValorValorDeclarado] => 0,00
            [EntregaDomiciliar] => S
            [EntregaSabado] => N
            [obsFim] => SimpleXMLElement Object
                (
                )

            [Erro] => 0
            [MsgErro] => SimpleXMLElement Object
                (
                )

        )

)

06-07-2022 @ 11:59:18 - Calculo Online - Correios URL: http://ws.correios.com.br/calculador/CalcPrecoPrazo.aspx?nCdServico=03298&nCdEmpresa=22047719&sDsSenha=Imp3ri@l237&sCepDestino=88400000&sCepOrigem=96412830&nVlAltura=10,00&nVlLargura=35,00&nVlDiametro=0&nVlComprimento=40,00&nVlPeso=2,00&nCdFormato=1&sCdMaoPropria=N&nVlValorDeclarado=0,00&sCdAvisoRecebimento=N&StrRetorno=xml
06-07-2022 @ 11:59:18 - Debug Correios Resposta: SimpleXMLElement Object
(
    [cServico] => SimpleXMLElement Object
        (
            [Codigo] => 03298
            [Valor] => 28,66
            [PrazoEntrega] => 10
            [ValorSemAdicionais] => 28,66
            [ValorMaoPropria] => 0,00
            [ValorAvisoRecebimento] => 0,00
            [ValorValorDeclarado] => 0,00
            [EntregaDomiciliar] => S
            [EntregaSabado] => N
            [obsFim] => Para as localidades com CEP único, com terminação 000, ou seja, que não possuem CEPs por logradouro, considera-se entrega domiciliária aquela prevista nos termos da Portaria nº 2.729/2021 do Ministério das Comunicações.
            [Erro] => 0
            [MsgErro] => SimpleXMLElement Object
                (
                )

        )

)

06-07-2022 @ 12:38:08 - Calculo Online - Correios URL: http://ws.correios.com.br/calculador/CalcPrecoPrazo.aspx?nCdServico=03298&nCdEmpresa=22047719&sDsSenha=Imp3ri@l237&sCepDestino=02520200&sCepOrigem=96412830&nVlAltura=10,00&nVlLargura=30,00&nVlDiametro=0&nVlComprimento=50,00&nVlPeso=3,00&nCdFormato=1&sCdMaoPropria=N&nVlValorDeclarado=0,00&sCdAvisoRecebimento=N&StrRetorno=xml
06-07-2022 @ 12:38:08 - Debug Correios Resposta: SimpleXMLElement Object
(
    [cServico] => SimpleXMLElement Object
        (
            [Codigo] => 03298
            [Valor] => 33,04
            [PrazoEntrega] => 7
            [ValorSemAdicionais] => 33,04
            [ValorMaoPropria] => 0,00
            [ValorAvisoRecebimento] => 0,00
            [ValorValorDeclarado] => 0,00
            [EntregaDomiciliar] => S
            [EntregaSabado] => N
            [obsFim] => SimpleXMLElement Object
                (
                )

            [Erro] => 0
            [MsgErro] => SimpleXMLElement Object
                (
                )

        )

)

06-07-2022 @ 12:55:02 - Calculo Online - Correios URL: http://ws.correios.com.br/calculador/CalcPrecoPrazo.aspx?nCdServico=03298&nCdEmpresa=22047719&sDsSenha=Imp3ri@l237&sCepDestino=13487437&sCepOrigem=96412830&nVlAltura=35,00&nVlLargura=35,00&nVlDiametro=0&nVlComprimento=45,00&nVlPeso=3,50&nCdFormato=1&sCdMaoPropria=N&nVlValorDeclarado=0,00&sCdAvisoRecebimento=N&StrRetorno=xml
06-07-2022 @ 12:55:02 - Debug Correios Resposta: SimpleXMLElement Object
(
    [cServico] => SimpleXMLElement Object
        (
            [Codigo] => 03298
            [Valor] => 74,20
            [PrazoEntrega] => 7
            [ValorSemAdicionais] => 74,20
            [ValorMaoPropria] => 0,00
            [ValorAvisoRecebimento] => 0,00
            [ValorValorDeclarado] => 0,00
            [EntregaDomiciliar] => S
            [EntregaSabado] => N
            [obsFim] => SimpleXMLElement Object
                (
                )

            [Erro] => 0
            [MsgErro] => SimpleXMLElement Object
                (
                )

        )

)

06-07-2022 @ 13:20:28 - Calculo Online - Correios URL: http://ws.correios.com.br/calculador/CalcPrecoPrazo.aspx?nCdServico=03298&nCdEmpresa=22047719&sDsSenha=Imp3ri@l237&sCepDestino=22060020&sCepOrigem=96412830&nVlAltura=10,00&nVlLargura=30,00&nVlDiametro=0&nVlComprimento=30,00&nVlPeso=3,00&nCdFormato=1&sCdMaoPropria=N&nVlValorDeclarado=0,00&sCdAvisoRecebimento=N&StrRetorno=xml
06-07-2022 @ 13:20:28 - Debug Correios Resposta: SimpleXMLElement Object
(
    [cServico] => SimpleXMLElement Object
        (
            [Codigo] => 03298
            [Valor] => 38,76
            [PrazoEntrega] => 7
            [ValorSemAdicionais] => 38,76
            [ValorMaoPropria] => 0,00
            [ValorAvisoRecebimento] => 0,00
            [ValorValorDeclarado] => 0,00
            [EntregaDomiciliar] => S
            [EntregaSabado] => N
            [obsFim] => SimpleXMLElement Object
                (
                )

            [Erro] => 0
            [MsgErro] => SimpleXMLElement Object
                (
                )

        )

)

06-07-2022 @ 13:26:19 - Calculo Online - Correios URL: http://ws.correios.com.br/calculador/CalcPrecoPrazo.aspx?nCdServico=03298&nCdEmpresa=22047719&sDsSenha=Imp3ri@l237&sCepDestino=22060020&sCepOrigem=96412830&nVlAltura=10,00&nVlLargura=30,00&nVlDiametro=0&nVlComprimento=30,00&nVlPeso=3,00&nCdFormato=1&sCdMaoPropria=N&nVlValorDeclarado=0,00&sCdAvisoRecebimento=N&StrRetorno=xml
06-07-2022 @ 13:26:19 - Debug Correios Resposta: SimpleXMLElement Object
(
    [cServico] => SimpleXMLElement Object
        (
            [Codigo] => 03298
            [Valor] => 38,76
            [PrazoEntrega] => 7
            [ValorSemAdicionais] => 38,76
            [ValorMaoPropria] => 0,00
            [ValorAvisoRecebimento] => 0,00
            [ValorValorDeclarado] => 0,00
            [EntregaDomiciliar] => S
            [EntregaSabado] => N
            [obsFim] => SimpleXMLElement Object
                (
                )

            [Erro] => 0
            [MsgErro] => SimpleXMLElement Object
                (
                )

        )

)

06-07-2022 @ 13:26:23 - Calculo Online - Correios URL: http://ws.correios.com.br/calculador/CalcPrecoPrazo.aspx?nCdServico=03298&nCdEmpresa=22047719&sDsSenha=Imp3ri@l237&sCepDestino=22060020&sCepOrigem=96412830&nVlAltura=10,00&nVlLargura=30,00&nVlDiametro=0&nVlComprimento=30,00&nVlPeso=3,00&nCdFormato=1&sCdMaoPropria=N&nVlValorDeclarado=0,00&sCdAvisoRecebimento=N&StrRetorno=xml
06-07-2022 @ 13:26:23 - Debug Correios Resposta: SimpleXMLElement Object
(
    [cServico] => SimpleXMLElement Object
        (
            [Codigo] => 03298
            [Valor] => 38,76
            [PrazoEntrega] => 7
            [ValorSemAdicionais] => 38,76
            [ValorMaoPropria] => 0,00
            [ValorAvisoRecebimento] => 0,00
            [ValorValorDeclarado] => 0,00
            [EntregaDomiciliar] => S
            [EntregaSabado] => N
            [obsFim] => SimpleXMLElement Object
                (
                )

            [Erro] => 0
            [MsgErro] => SimpleXMLElement Object
                (
                )

        )

)

06-07-2022 @ 14:17:51 - Calculo Online - Correios URL: http://ws.correios.com.br/calculador/CalcPrecoPrazo.aspx?nCdServico=03298&nCdEmpresa=22047719&sDsSenha=Imp3ri@l237&sCepDestino=70658458&sCepOrigem=96412830&nVlAltura=15,00&nVlLargura=50,00&nVlDiametro=0&nVlComprimento=60,00&nVlPeso=8,00&nCdFormato=1&sCdMaoPropria=N&nVlValorDeclarado=0,00&sCdAvisoRecebimento=N&StrRetorno=xml
06-07-2022 @ 14:17:51 - Debug Correios Resposta: SimpleXMLElement Object
(
    [cServico] => SimpleXMLElement Object
        (
            [Codigo] => 03298
            [Valor] => 127,49
            [PrazoEntrega] => 6
            [ValorSemAdicionais] => 127,49
            [ValorMaoPropria] => 0,00
            [ValorAvisoRecebimento] => 0,00
            [ValorValorDeclarado] => 0,00
            [EntregaDomiciliar] => S
            [EntregaSabado] => N
            [obsFim] => SimpleXMLElement Object
                (
                )

            [Erro] => 0
            [MsgErro] => SimpleXMLElement Object
                (
                )

        )

)

06-07-2022 @ 14:21:32 - Calculo Online - Correios URL: http://ws.correios.com.br/calculador/CalcPrecoPrazo.aspx?nCdServico=03298&nCdEmpresa=22047719&sDsSenha=Imp3ri@l237&sCepDestino=15910000&sCepOrigem=96412830&nVlAltura=30,00&nVlLargura=35,00&nVlDiametro=0&nVlComprimento=35,00&nVlPeso=3,50&nCdFormato=1&sCdMaoPropria=N&nVlValorDeclarado=0,00&sCdAvisoRecebimento=N&StrRetorno=xml
06-07-2022 @ 14:21:32 - Debug Correios Resposta: SimpleXMLElement Object
(
    [cServico] => SimpleXMLElement Object
        (
            [Codigo] => 03298
            [Valor] => 54,92
            [PrazoEntrega] => 7
            [ValorSemAdicionais] => 54,92
            [ValorMaoPropria] => 0,00
            [ValorAvisoRecebimento] => 0,00
            [ValorValorDeclarado] => 0,00
            [EntregaDomiciliar] => S
            [EntregaSabado] => N
            [obsFim] => Para as localidades com CEP único, com terminação 000, ou seja, que não possuem CEPs por logradouro, considera-se entrega domiciliária aquela prevista nos termos da Portaria nº 2.729/2021 do Ministério das Comunicações.
            [Erro] => 0
            [MsgErro] => SimpleXMLElement Object
                (
                )

        )

)

06-07-2022 @ 14:35:51 - Calculo Online - Correios URL: http://ws.correios.com.br/calculador/CalcPrecoPrazo.aspx?nCdServico=03298&nCdEmpresa=22047719&sDsSenha=Imp3ri@l237&sCepDestino=41810820&sCepOrigem=96412830&nVlAltura=56,60&nVlLargura=56,60&nVlDiametro=0&nVlComprimento=45,00&nVlPeso=24,03&nCdFormato=1&sCdMaoPropria=N&nVlValorDeclarado=0,00&sCdAvisoRecebimento=N&StrRetorno=xml
06-07-2022 @ 14:35:51 - Debug Correios Resposta: SimpleXMLElement Object
(
    [cServico] => SimpleXMLElement Object
        (
            [Codigo] => 03298
            [Valor] => 380,57
            [PrazoEntrega] => 7
            [ValorSemAdicionais] => 380,57
            [ValorMaoPropria] => 0,00
            [ValorAvisoRecebimento] => 0,00
            [ValorValorDeclarado] => 0,00
            [EntregaDomiciliar] => S
            [EntregaSabado] => N
            [obsFim] => SimpleXMLElement Object
                (
                )

            [Erro] => 0
            [MsgErro] => SimpleXMLElement Object
                (
                )

        )

)

06-07-2022 @ 15:35:20 - Calculo Online - Correios URL: http://ws.correios.com.br/calculador/CalcPrecoPrazo.aspx?nCdServico=03298&nCdEmpresa=22047719&sDsSenha=Imp3ri@l237&sCepDestino=87060280&sCepOrigem=96412830&nVlAltura=5,00&nVlLargura=25,00&nVlDiametro=0&nVlComprimento=30,00&nVlPeso=1,00&nCdFormato=1&sCdMaoPropria=N&nVlValorDeclarado=0,00&sCdAvisoRecebimento=N&StrRetorno=xml
06-07-2022 @ 15:35:20 - Debug Correios Resposta: SimpleXMLElement Object
(
    [cServico] => SimpleXMLElement Object
        (
            [Codigo] => 03298
            [Valor] => 24,15
            [PrazoEntrega] => 8
            [ValorSemAdicionais] => 24,15
            [ValorMaoPropria] => 0,00
            [ValorAvisoRecebimento] => 0,00
            [ValorValorDeclarado] => 0,00
            [EntregaDomiciliar] => S
            [EntregaSabado] => N
            [obsFim] => SimpleXMLElement Object
                (
                )

            [Erro] => 0
            [MsgErro] => SimpleXMLElement Object
                (
                )

        )

)

06-07-2022 @ 15:37:35 - Calculo Online - Correios URL: http://ws.correios.com.br/calculador/CalcPrecoPrazo.aspx?nCdServico=03298&nCdEmpresa=22047719&sDsSenha=Imp3ri@l237&sCepDestino=09251100&sCepOrigem=96412830&nVlAltura=8,00&nVlLargura=30,00&nVlDiametro=0&nVlComprimento=30,00&nVlPeso=2,00&nCdFormato=1&sCdMaoPropria=N&nVlValorDeclarado=0,00&sCdAvisoRecebimento=N&StrRetorno=xml
06-07-2022 @ 15:37:35 - Debug Correios Resposta: SimpleXMLElement Object
(
    [cServico] => SimpleXMLElement Object
        (
            [Codigo] => 03298
            [Valor] => 28,66
            [PrazoEntrega] => 6
            [ValorSemAdicionais] => 28,66
            [ValorMaoPropria] => 0,00
            [ValorAvisoRecebimento] => 0,00
            [ValorValorDeclarado] => 0,00
            [EntregaDomiciliar] => S
            [EntregaSabado] => N
            [obsFim] => SimpleXMLElement Object
                (
                )

            [Erro] => 0
            [MsgErro] => SimpleXMLElement Object
                (
                )

        )

)

06-07-2022 @ 15:47:12 - Calculo Online - Correios URL: http://ws.correios.com.br/calculador/CalcPrecoPrazo.aspx?nCdServico=03298&nCdEmpresa=22047719&sDsSenha=Imp3ri@l237&sCepDestino=09251100&sCepOrigem=96412830&nVlAltura=8,00&nVlLargura=30,00&nVlDiametro=0&nVlComprimento=30,00&nVlPeso=2,00&nCdFormato=1&sCdMaoPropria=N&nVlValorDeclarado=0,00&sCdAvisoRecebimento=N&StrRetorno=xml
06-07-2022 @ 15:47:12 - Debug Correios Resposta: SimpleXMLElement Object
(
    [cServico] => SimpleXMLElement Object
        (
            [Codigo] => 03298
            [Valor] => 28,66
            [PrazoEntrega] => 6
            [ValorSemAdicionais] => 28,66
            [ValorMaoPropria] => 0,00
            [ValorAvisoRecebimento] => 0,00
            [ValorValorDeclarado] => 0,00
            [EntregaDomiciliar] => S
            [EntregaSabado] => N
            [obsFim] => SimpleXMLElement Object
                (
                )

            [Erro] => 0
            [MsgErro] => SimpleXMLElement Object
                (
                )

        )

)

06-07-2022 @ 16:24:53 - Calculo Online - Correios URL: http://ws.correios.com.br/calculador/CalcPrecoPrazo.aspx?nCdServico=03298&nCdEmpresa=22047719&sDsSenha=Imp3ri@l237&sCepDestino=97400000&sCepOrigem=96412830&nVlAltura=10,00&nVlLargura=35,00&nVlDiametro=0&nVlComprimento=40,00&nVlPeso=2,00&nCdFormato=1&sCdMaoPropria=N&nVlValorDeclarado=0,00&sCdAvisoRecebimento=N&StrRetorno=xml
06-07-2022 @ 16:24:53 - Debug Correios Resposta: SimpleXMLElement Object
(
    [cServico] => SimpleXMLElement Object
        (
            [Codigo] => 03298
            [Valor] => 19,00
            [PrazoEntrega] => 7
            [ValorSemAdicionais] => 19,00
            [ValorMaoPropria] => 0,00
            [ValorAvisoRecebimento] => 0,00
            [ValorValorDeclarado] => 0,00
            [EntregaDomiciliar] => S
            [EntregaSabado] => N
            [obsFim] => Para as localidades com CEP único, com terminação 000, ou seja, que não possuem CEPs por logradouro, considera-se entrega domiciliária aquela prevista nos termos da Portaria nº 2.729/2021 do Ministério das Comunicações.
            [Erro] => 0
            [MsgErro] => SimpleXMLElement Object
                (
                )

        )

)

06-07-2022 @ 16:27:12 - Calculo Online - Correios URL: http://ws.correios.com.br/calculador/CalcPrecoPrazo.aspx?nCdServico=03298&nCdEmpresa=22047719&sDsSenha=Imp3ri@l237&sCepDestino=97400000&sCepOrigem=96412830&nVlAltura=26,90&nVlLargura=26,90&nVlDiametro=0&nVlComprimento=40,00&nVlPeso=4,00&nCdFormato=1&sCdMaoPropria=N&nVlValorDeclarado=0,00&sCdAvisoRecebimento=N&StrRetorno=xml
06-07-2022 @ 16:27:12 - Debug Correios Resposta: SimpleXMLElement Object
(
    [cServico] => SimpleXMLElement Object
        (
            [Codigo] => 03298
            [Valor] => 24,25
            [PrazoEntrega] => 7
            [ValorSemAdicionais] => 24,25
            [ValorMaoPropria] => 0,00
            [ValorAvisoRecebimento] => 0,00
            [ValorValorDeclarado] => 0,00
            [EntregaDomiciliar] => S
            [EntregaSabado] => N
            [obsFim] => Para as localidades com CEP único, com terminação 000, ou seja, que não possuem CEPs por logradouro, considera-se entrega domiciliária aquela prevista nos termos da Portaria nº 2.729/2021 do Ministério das Comunicações.
            [Erro] => 0
            [MsgErro] => SimpleXMLElement Object
                (
                )

        )

)

06-07-2022 @ 16:27:45 - Calculo Online - Correios URL: http://ws.correios.com.br/calculador/CalcPrecoPrazo.aspx?nCdServico=03298&nCdEmpresa=22047719&sDsSenha=Imp3ri@l237&sCepDestino=97400000&sCepOrigem=96412830&nVlAltura=26,90&nVlLargura=26,90&nVlDiametro=0&nVlComprimento=40,00&nVlPeso=4,00&nCdFormato=1&sCdMaoPropria=N&nVlValorDeclarado=0,00&sCdAvisoRecebimento=N&StrRetorno=xml
06-07-2022 @ 16:27:45 - Debug Correios Resposta: SimpleXMLElement Object
(
    [cServico] => SimpleXMLElement Object
        (
            [Codigo] => 03298
            [Valor] => 24,25
            [PrazoEntrega] => 7
            [ValorSemAdicionais] => 24,25
            [ValorMaoPropria] => 0,00
            [ValorAvisoRecebimento] => 0,00
            [ValorValorDeclarado] => 0,00
            [EntregaDomiciliar] => S
            [EntregaSabado] => N
            [obsFim] => Para as localidades com CEP único, com terminação 000, ou seja, que não possuem CEPs por logradouro, considera-se entrega domiciliária aquela prevista nos termos da Portaria nº 2.729/2021 do Ministério das Comunicações.
            [Erro] => 0
            [MsgErro] => SimpleXMLElement Object
                (
                )

        )

)

06-07-2022 @ 16:28:22 - Calculo Online - Correios URL: http://ws.correios.com.br/calculador/CalcPrecoPrazo.aspx?nCdServico=03298&nCdEmpresa=22047719&sDsSenha=Imp3ri@l237&sCepDestino=97400000&sCepOrigem=96412830&nVlAltura=26,90&nVlLargura=26,90&nVlDiametro=0&nVlComprimento=40,00&nVlPeso=4,00&nCdFormato=1&sCdMaoPropria=N&nVlValorDeclarado=0,00&sCdAvisoRecebimento=N&StrRetorno=xml
06-07-2022 @ 16:28:22 - Debug Correios Resposta: SimpleXMLElement Object
(
    [cServico] => SimpleXMLElement Object
        (
            [Codigo] => 03298
            [Valor] => 24,25
            [PrazoEntrega] => 7
            [ValorSemAdicionais] => 24,25
            [ValorMaoPropria] => 0,00
            [ValorAvisoRecebimento] => 0,00
            [ValorValorDeclarado] => 0,00
            [EntregaDomiciliar] => S
            [EntregaSabado] => N
            [obsFim] => Para as localidades com CEP único, com terminação 000, ou seja, que não possuem CEPs por logradouro, considera-se entrega domiciliária aquela prevista nos termos da Portaria nº 2.729/2021 do Ministério das Comunicações.
            [Erro] => 0
            [MsgErro] => SimpleXMLElement Object
                (
                )

        )

)

06-07-2022 @ 16:30:17 - Calculo Online - Correios URL: http://ws.correios.com.br/calculador/CalcPrecoPrazo.aspx?nCdServico=03298&nCdEmpresa=22047719&sDsSenha=Imp3ri@l237&sCepDestino=97400000&sCepOrigem=96412830&nVlAltura=28,60&nVlLargura=28,60&nVlDiametro=0&nVlComprimento=40,00&nVlPeso=5,00&nCdFormato=1&sCdMaoPropria=N&nVlValorDeclarado=0,00&sCdAvisoRecebimento=N&StrRetorno=xml
06-07-2022 @ 16:30:17 - Debug Correios Resposta: SimpleXMLElement Object
(
    [cServico] => SimpleXMLElement Object
        (
            [Codigo] => 03298
            [Valor] => 27,35
            [PrazoEntrega] => 7
            [ValorSemAdicionais] => 27,35
            [ValorMaoPropria] => 0,00
            [ValorAvisoRecebimento] => 0,00
            [ValorValorDeclarado] => 0,00
            [EntregaDomiciliar] => S
            [EntregaSabado] => N
            [obsFim] => Para as localidades com CEP único, com terminação 000, ou seja, que não possuem CEPs por logradouro, considera-se entrega domiciliária aquela prevista nos termos da Portaria nº 2.729/2021 do Ministério das Comunicações.
            [Erro] => 0
            [MsgErro] => SimpleXMLElement Object
                (
                )

        )

)

06-07-2022 @ 16:36:57 - Calculo Online - Correios URL: http://ws.correios.com.br/calculador/CalcPrecoPrazo.aspx?nCdServico=03298&nCdEmpresa=22047719&sDsSenha=Imp3ri@l237&sCepDestino=88052100&sCepOrigem=96412830&nVlAltura=42,40&nVlLargura=42,40&nVlDiametro=0&nVlComprimento=30,00&nVlPeso=4,50&nCdFormato=1&sCdMaoPropria=N&nVlValorDeclarado=0,00&sCdAvisoRecebimento=N&StrRetorno=xml
06-07-2022 @ 16:36:57 - Debug Correios Resposta: SimpleXMLElement Object
(
    [cServico] => SimpleXMLElement Object
        (
            [Codigo] => 03298
            [Valor] => 72,76
            [PrazoEntrega] => 6
            [ValorSemAdicionais] => 72,76
            [ValorMaoPropria] => 0,00
            [ValorAvisoRecebimento] => 0,00
            [ValorValorDeclarado] => 0,00
            [EntregaDomiciliar] => S
            [EntregaSabado] => N
            [obsFim] => SimpleXMLElement Object
                (
                )

            [Erro] => 0
            [MsgErro] => SimpleXMLElement Object
                (
                )

        )

)

06-07-2022 @ 16:41:13 - Calculo Online - Correios URL: http://ws.correios.com.br/calculador/CalcPrecoPrazo.aspx?nCdServico=03298&nCdEmpresa=22047719&sDsSenha=Imp3ri@l237&sCepDestino=88052100&sCepOrigem=96412830&nVlAltura=54,80&nVlLargura=54,80&nVlDiametro=0&nVlComprimento=30,00&nVlPeso=15,02&nCdFormato=1&sCdMaoPropria=N&nVlValorDeclarado=0,00&sCdAvisoRecebimento=N&StrRetorno=xml
06-07-2022 @ 16:41:13 - Debug Correios Resposta: SimpleXMLElement Object
(
    [cServico] => SimpleXMLElement Object
        (
            [Codigo] => 03298
            [Valor] => 129,34
            [PrazoEntrega] => 6
            [ValorSemAdicionais] => 129,34
            [ValorMaoPropria] => 0,00
            [ValorAvisoRecebimento] => 0,00
            [ValorValorDeclarado] => 0,00
            [EntregaDomiciliar] => S
            [EntregaSabado] => N
            [obsFim] => SimpleXMLElement Object
                (
                )

            [Erro] => 0
            [MsgErro] => SimpleXMLElement Object
                (
                )

        )

)

06-07-2022 @ 17:06:43 - Calculo Online - Correios URL: http://ws.correios.com.br/calculador/CalcPrecoPrazo.aspx?nCdServico=03298&nCdEmpresa=22047719&sDsSenha=Imp3ri@l237&sCepDestino=88750000&sCepOrigem=96412830&nVlAltura=8,00&nVlLargura=40,00&nVlDiametro=0&nVlComprimento=40,00&nVlPeso=2,50&nCdFormato=1&sCdMaoPropria=N&nVlValorDeclarado=0,00&sCdAvisoRecebimento=N&StrRetorno=xml
06-07-2022 @ 17:06:43 - Debug Correios Resposta: SimpleXMLElement Object
(
    [cServico] => SimpleXMLElement Object
        (
            [Codigo] => 03298
            [Valor] => 33,04
            [PrazoEntrega] => 10
            [ValorSemAdicionais] => 33,04
            [ValorMaoPropria] => 0,00
            [ValorAvisoRecebimento] => 0,00
            [ValorValorDeclarado] => 0,00
            [EntregaDomiciliar] => S
            [EntregaSabado] => N
            [obsFim] => Para as localidades com CEP único, com terminação 000, ou seja, que não possuem CEPs por logradouro, considera-se entrega domiciliária aquela prevista nos termos da Portaria nº 2.729/2021 do Ministério das Comunicações.
            [Erro] => 0
            [MsgErro] => SimpleXMLElement Object
                (
                )

        )

)

06-07-2022 @ 17:12:33 - Calculo Online - Correios URL: http://ws.correios.com.br/calculador/CalcPrecoPrazo.aspx?nCdServico=03298&nCdEmpresa=22047719&sDsSenha=Imp3ri@l237&sCepDestino=81690300&sCepOrigem=96412830&nVlAltura=33,10&nVlLargura=33,10&nVlDiametro=0&nVlComprimento=45,00&nVlPeso=8,22&nCdFormato=1&sCdMaoPropria=N&nVlValorDeclarado=0,00&sCdAvisoRecebimento=N&StrRetorno=xml
06-07-2022 @ 17:12:33 - Debug Correios Resposta: SimpleXMLElement Object
(
    [cServico] => SimpleXMLElement Object
        (
            [Codigo] => 03298
            [Valor] => 72,76
            [PrazoEntrega] => 7
            [ValorSemAdicionais] => 72,76
            [ValorMaoPropria] => 0,00
            [ValorAvisoRecebimento] => 0,00
            [ValorValorDeclarado] => 0,00
            [EntregaDomiciliar] => S
            [EntregaSabado] => N
            [obsFim] => SimpleXMLElement Object
                (
                )

            [Erro] => 0
            [MsgErro] => SimpleXMLElement Object
                (
                )

        )

)

06-07-2022 @ 17:12:43 - Calculo Online - Correios URL: http://ws.correios.com.br/calculador/CalcPrecoPrazo.aspx?nCdServico=03298&nCdEmpresa=22047719&sDsSenha=Imp3ri@l237&sCepDestino=81690300&sCepOrigem=96412830&nVlAltura=25,10&nVlLargura=25,10&nVlDiametro=0&nVlComprimento=45,00&nVlPeso=2,00&nCdFormato=1&sCdMaoPropria=N&nVlValorDeclarado=0,00&sCdAvisoRecebimento=N&StrRetorno=xml
06-07-2022 @ 17:12:43 - Debug Correios Resposta: SimpleXMLElement Object
(
    [cServico] => SimpleXMLElement Object
        (
            [Codigo] => 03298
            [Valor] => 28,66
            [PrazoEntrega] => 7
            [ValorSemAdicionais] => 28,66
            [ValorMaoPropria] => 0,00
            [ValorAvisoRecebimento] => 0,00
            [ValorValorDeclarado] => 0,00
            [EntregaDomiciliar] => S
            [EntregaSabado] => N
            [obsFim] => SimpleXMLElement Object
                (
                )

            [Erro] => 0
            [MsgErro] => SimpleXMLElement Object
                (
                )

        )

)

06-07-2022 @ 17:17:19 - Calculo Online - Correios URL: http://ws.correios.com.br/calculador/CalcPrecoPrazo.aspx?nCdServico=03298&nCdEmpresa=22047719&sDsSenha=Imp3ri@l237&sCepDestino=88750000&sCepOrigem=96412830&nVlAltura=8,00&nVlLargura=40,00&nVlDiametro=0&nVlComprimento=40,00&nVlPeso=2,50&nCdFormato=1&sCdMaoPropria=N&nVlValorDeclarado=0,00&sCdAvisoRecebimento=N&StrRetorno=xml
06-07-2022 @ 17:17:19 - Debug Correios Resposta: SimpleXMLElement Object
(
    [cServico] => SimpleXMLElement Object
        (
            [Codigo] => 03298
            [Valor] => 33,04
            [PrazoEntrega] => 10
            [ValorSemAdicionais] => 33,04
            [ValorMaoPropria] => 0,00
            [ValorAvisoRecebimento] => 0,00
            [ValorValorDeclarado] => 0,00
            [EntregaDomiciliar] => S
            [EntregaSabado] => N
            [obsFim] => Para as localidades com CEP único, com terminação 000, ou seja, que não possuem CEPs por logradouro, considera-se entrega domiciliária aquela prevista nos termos da Portaria nº 2.729/2021 do Ministério das Comunicações.
            [Erro] => 0
            [MsgErro] => SimpleXMLElement Object
                (
                )

        )

)

06-07-2022 @ 17:26:50 - Calculo Online - Correios URL: http://ws.correios.com.br/calculador/CalcPrecoPrazo.aspx?nCdServico=03298&nCdEmpresa=22047719&sDsSenha=Imp3ri@l237&sCepDestino=81690300&sCepOrigem=96412830&nVlAltura=26,80&nVlLargura=26,80&nVlDiametro=0&nVlComprimento=40,00&nVlPeso=6,00&nCdFormato=1&sCdMaoPropria=N&nVlValorDeclarado=0,00&sCdAvisoRecebimento=N&StrRetorno=xml
06-07-2022 @ 17:26:50 - Debug Correios Resposta: SimpleXMLElement Object
(
    [cServico] => SimpleXMLElement Object
        (
            [Codigo] => 03298
            [Valor] => 51,39
            [PrazoEntrega] => 7
            [ValorSemAdicionais] => 51,39
            [ValorMaoPropria] => 0,00
            [ValorAvisoRecebimento] => 0,00
            [ValorValorDeclarado] => 0,00
            [EntregaDomiciliar] => S
            [EntregaSabado] => N
            [obsFim] => SimpleXMLElement Object
                (
                )

            [Erro] => 0
            [MsgErro] => SimpleXMLElement Object
                (
                )

        )

)

06-07-2022 @ 17:47:20 - Calculo Online - Correios URL: http://ws.correios.com.br/calculador/CalcPrecoPrazo.aspx?nCdServico=03298&nCdEmpresa=22047719&sDsSenha=Imp3ri@l237&sCepDestino=88750000&sCepOrigem=96412830&nVlAltura=10,00&nVlLargura=30,00&nVlDiametro=0&nVlComprimento=30,00&nVlPeso=2,00&nCdFormato=1&sCdMaoPropria=N&nVlValorDeclarado=0,00&sCdAvisoRecebimento=N&StrRetorno=xml
06-07-2022 @ 17:47:20 - Debug Correios Resposta: SimpleXMLElement Object
(
    [cServico] => SimpleXMLElement Object
        (
            [Codigo] => 03298
            [Valor] => 28,66
            [PrazoEntrega] => 10
            [ValorSemAdicionais] => 28,66
            [ValorMaoPropria] => 0,00
            [ValorAvisoRecebimento] => 0,00
            [ValorValorDeclarado] => 0,00
            [EntregaDomiciliar] => S
            [EntregaSabado] => N
            [obsFim] => Para as localidades com CEP único, com terminação 000, ou seja, que não possuem CEPs por logradouro, considera-se entrega domiciliária aquela prevista nos termos da Portaria nº 2.729/2021 do Ministério das Comunicações.
            [Erro] => 0
            [MsgErro] => SimpleXMLElement Object
                (
                )

        )

)

06-07-2022 @ 17:50:09 - Calculo Online - Correios URL: http://ws.correios.com.br/calculador/CalcPrecoPrazo.aspx?nCdServico=03298&nCdEmpresa=22047719&sDsSenha=Imp3ri@l237&sCepDestino=70277170&sCepOrigem=96412830&nVlAltura=15,00&nVlLargura=50,00&nVlDiametro=0&nVlComprimento=60,00&nVlPeso=8,00&nCdFormato=1&sCdMaoPropria=N&nVlValorDeclarado=0,00&sCdAvisoRecebimento=N&StrRetorno=xml
06-07-2022 @ 17:50:09 - Debug Correios Resposta: SimpleXMLElement Object
(
    [cServico] => SimpleXMLElement Object
        (
            [Codigo] => 03298
            [Valor] => 127,49
            [PrazoEntrega] => 6
            [ValorSemAdicionais] => 127,49
            [ValorMaoPropria] => 0,00
            [ValorAvisoRecebimento] => 0,00
            [ValorValorDeclarado] => 0,00
            [EntregaDomiciliar] => S
            [EntregaSabado] => N
            [obsFim] => SimpleXMLElement Object
                (
                )

            [Erro] => 0
            [MsgErro] => SimpleXMLElement Object
                (
                )

        )

)

06-07-2022 @ 17:51:09 - Calculo Online - Correios URL: http://ws.correios.com.br/calculador/CalcPrecoPrazo.aspx?nCdServico=03298&nCdEmpresa=22047719&sDsSenha=Imp3ri@l237&sCepDestino=70277170&sCepOrigem=96412830&nVlAltura=15,00&nVlLargura=50,00&nVlDiametro=0&nVlComprimento=60,00&nVlPeso=8,00&nCdFormato=1&sCdMaoPropria=N&nVlValorDeclarado=0,00&sCdAvisoRecebimento=N&StrRetorno=xml
06-07-2022 @ 17:51:09 - Debug Correios Resposta: SimpleXMLElement Object
(
    [cServico] => SimpleXMLElement Object
        (
            [Codigo] => 03298
            [Valor] => 127,49
            [PrazoEntrega] => 6
            [ValorSemAdicionais] => 127,49
            [ValorMaoPropria] => 0,00
            [ValorAvisoRecebimento] => 0,00
            [ValorValorDeclarado] => 0,00
            [EntregaDomiciliar] => S
            [EntregaSabado] => N
            [obsFim] => SimpleXMLElement Object
                (
                )

            [Erro] => 0
            [MsgErro] => SimpleXMLElement Object
                (
                )

        )

)

06-07-2022 @ 17:51:54 - Calculo Online - Correios URL: http://ws.correios.com.br/calculador/CalcPrecoPrazo.aspx?nCdServico=03298&nCdEmpresa=22047719&sDsSenha=Imp3ri@l237&sCepDestino=70277170&sCepOrigem=96412830&nVlAltura=15,00&nVlLargura=50,00&nVlDiametro=0&nVlComprimento=60,00&nVlPeso=8,00&nCdFormato=1&sCdMaoPropria=N&nVlValorDeclarado=0,00&sCdAvisoRecebimento=N&StrRetorno=xml
06-07-2022 @ 17:51:54 - Debug Correios Resposta: SimpleXMLElement Object
(
    [cServico] => SimpleXMLElement Object
        (
            [Codigo] => 03298
            [Valor] => 127,49
            [PrazoEntrega] => 6
            [ValorSemAdicionais] => 127,49
            [ValorMaoPropria] => 0,00
            [ValorAvisoRecebimento] => 0,00
            [ValorValorDeclarado] => 0,00
            [EntregaDomiciliar] => S
            [EntregaSabado] => N
            [obsFim] => SimpleXMLElement Object
                (
                )

            [Erro] => 0
            [MsgErro] => SimpleXMLElement Object
                (
                )

        )

)

06-07-2022 @ 18:02:43 - Calculo Online - Correios URL: http://ws.correios.com.br/calculador/CalcPrecoPrazo.aspx?nCdServico=03298&nCdEmpresa=22047719&sDsSenha=Imp3ri@l237&sCepDestino=88052100&sCepOrigem=96412830&nVlAltura=69,30&nVlLargura=69,30&nVlDiametro=0&nVlComprimento=30,00&nVlPeso=24,01&nCdFormato=1&sCdMaoPropria=N&nVlValorDeclarado=0,00&sCdAvisoRecebimento=N&StrRetorno=xml
06-07-2022 @ 18:02:43 - Debug Correios Resposta: SimpleXMLElement Object
(
    [cServico] => SimpleXMLElement Object
        (
            [Codigo] => 03298
            [Valor] => 212,05
            [PrazoEntrega] => 6
            [ValorSemAdicionais] => 212,05
            [ValorMaoPropria] => 0,00
            [ValorAvisoRecebimento] => 0,00
            [ValorValorDeclarado] => 0,00
            [EntregaDomiciliar] => S
            [EntregaSabado] => N
            [obsFim] => SimpleXMLElement Object
                (
                )

            [Erro] => 0
            [MsgErro] => SimpleXMLElement Object
                (
                )

        )

)

06-07-2022 @ 18:03:36 - Calculo Online - Correios URL: http://ws.correios.com.br/calculador/CalcPrecoPrazo.aspx?nCdServico=03298&nCdEmpresa=22047719&sDsSenha=Imp3ri@l237&sCepDestino=88052100&sCepOrigem=96412830&nVlAltura=56,30&nVlLargura=56,30&nVlDiametro=0&nVlComprimento=35,00&nVlPeso=18,49&nCdFormato=1&sCdMaoPropria=N&nVlValorDeclarado=0,00&sCdAvisoRecebimento=N&StrRetorno=xml
06-07-2022 @ 18:03:36 - Debug Correios Resposta: SimpleXMLElement Object
(
    [cServico] => SimpleXMLElement Object
        (
            [Codigo] => 03298
            [Valor] => 156,91
            [PrazoEntrega] => 6
            [ValorSemAdicionais] => 156,91
            [ValorMaoPropria] => 0,00
            [ValorAvisoRecebimento] => 0,00
            [ValorValorDeclarado] => 0,00
            [EntregaDomiciliar] => S
            [EntregaSabado] => N
            [obsFim] => SimpleXMLElement Object
                (
                )

            [Erro] => 0
            [MsgErro] => SimpleXMLElement Object
                (
                )

        )

)

06-07-2022 @ 18:06:21 - Calculo Online - Correios URL: http://ws.correios.com.br/calculador/CalcPrecoPrazo.aspx?nCdServico=03298&nCdEmpresa=22047719&sDsSenha=Imp3ri@l237&sCepDestino=88052100&sCepOrigem=96412830&nVlAltura=68,70&nVlLargura=68,70&nVlDiametro=0&nVlComprimento=35,00&nVlPeso=27,53&nCdFormato=1&sCdMaoPropria=N&nVlValorDeclarado=0,00&sCdAvisoRecebimento=N&StrRetorno=xml
06-07-2022 @ 18:06:21 - Debug Correios Resposta: SimpleXMLElement Object
(
    [cServico] => SimpleXMLElement Object
        (
            [Codigo] => 03298
            [Valor] => 239,62
            [PrazoEntrega] => 6
            [ValorSemAdicionais] => 239,62
            [ValorMaoPropria] => 0,00
            [ValorAvisoRecebimento] => 0,00
            [ValorValorDeclarado] => 0,00
            [EntregaDomiciliar] => S
            [EntregaSabado] => N
            [obsFim] => SimpleXMLElement Object
                (
                )

            [Erro] => 0
            [MsgErro] => SimpleXMLElement Object
                (
                )

        )

)

06-07-2022 @ 18:11:58 - Calculo Online - Correios URL: http://ws.correios.com.br/calculador/CalcPrecoPrazo.aspx?nCdServico=03298&nCdEmpresa=22047719&sDsSenha=Imp3ri@l237&sCepDestino=88052100&sCepOrigem=96412830&nVlAltura=48,10&nVlLargura=48,10&nVlDiametro=0&nVlComprimento=35,00&nVlPeso=13,50&nCdFormato=1&sCdMaoPropria=N&nVlValorDeclarado=0,00&sCdAvisoRecebimento=N&StrRetorno=xml
06-07-2022 @ 18:11:58 - Debug Correios Resposta: SimpleXMLElement Object
(
    [cServico] => SimpleXMLElement Object
        (
            [Codigo] => 03298
            [Valor] => 110,96
            [PrazoEntrega] => 6
            [ValorSemAdicionais] => 110,96
            [ValorMaoPropria] => 0,00
            [ValorAvisoRecebimento] => 0,00
            [ValorValorDeclarado] => 0,00
            [EntregaDomiciliar] => S
            [EntregaSabado] => N
            [obsFim] => SimpleXMLElement Object
                (
                )

            [Erro] => 0
            [MsgErro] => SimpleXMLElement Object
                (
                )

        )

)

06-07-2022 @ 18:12:47 - Calculo Online - Correios URL: http://ws.correios.com.br/calculador/CalcPrecoPrazo.aspx?nCdServico=03298&nCdEmpresa=22047719&sDsSenha=Imp3ri@l237&sCepDestino=88052100&sCepOrigem=96412830&nVlAltura=56,30&nVlLargura=56,30&nVlDiametro=0&nVlComprimento=35,00&nVlPeso=18,49&nCdFormato=1&sCdMaoPropria=N&nVlValorDeclarado=0,00&sCdAvisoRecebimento=N&StrRetorno=xml
06-07-2022 @ 18:12:47 - Debug Correios Resposta: SimpleXMLElement Object
(
    [cServico] => SimpleXMLElement Object
        (
            [Codigo] => 03298
            [Valor] => 156,91
            [PrazoEntrega] => 6
            [ValorSemAdicionais] => 156,91
            [ValorMaoPropria] => 0,00
            [ValorAvisoRecebimento] => 0,00
            [ValorValorDeclarado] => 0,00
            [EntregaDomiciliar] => S
            [EntregaSabado] => N
            [obsFim] => SimpleXMLElement Object
                (
                )

            [Erro] => 0
            [MsgErro] => SimpleXMLElement Object
                (
                )

        )

)

06-07-2022 @ 18:12:51 - Calculo Online - Correios URL: http://ws.correios.com.br/calculador/CalcPrecoPrazo.aspx?nCdServico=03298&nCdEmpresa=22047719&sDsSenha=Imp3ri@l237&sCepDestino=88052100&sCepOrigem=96412830&nVlAltura=54,80&nVlLargura=54,80&nVlDiametro=0&nVlComprimento=35,00&nVlPeso=17,52&nCdFormato=1&sCdMaoPropria=N&nVlValorDeclarado=0,00&sCdAvisoRecebimento=N&StrRetorno=xml
06-07-2022 @ 18:12:51 - Debug Correios Resposta: SimpleXMLElement Object
(
    [cServico] => SimpleXMLElement Object
        (
            [Codigo] => 03298
            [Valor] => 147,72
            [PrazoEntrega] => 6
            [ValorSemAdicionais] => 147,72
            [ValorMaoPropria] => 0,00
            [ValorAvisoRecebimento] => 0,00
            [ValorValorDeclarado] => 0,00
            [EntregaDomiciliar] => S
            [EntregaSabado] => N
            [obsFim] => SimpleXMLElement Object
                (
                )

            [Erro] => 0
            [MsgErro] => SimpleXMLElement Object
                (
                )

        )

)

06-07-2022 @ 18:12:53 - Calculo Online - Correios URL: http://ws.correios.com.br/calculador/CalcPrecoPrazo.aspx?nCdServico=03298&nCdEmpresa=22047719&sDsSenha=Imp3ri@l237&sCepDestino=88052100&sCepOrigem=96412830&nVlAltura=38,20&nVlLargura=38,20&nVlDiametro=0&nVlComprimento=35,00&nVlPeso=8,51&nCdFormato=1&sCdMaoPropria=N&nVlValorDeclarado=0,00&sCdAvisoRecebimento=N&StrRetorno=xml
06-07-2022 @ 18:12:53 - Debug Correios Resposta: SimpleXMLElement Object
(
    [cServico] => SimpleXMLElement Object
        (
            [Codigo] => 03298
            [Valor] => 72,76
            [PrazoEntrega] => 6
            [ValorSemAdicionais] => 72,76
            [ValorMaoPropria] => 0,00
            [ValorAvisoRecebimento] => 0,00
            [ValorValorDeclarado] => 0,00
            [EntregaDomiciliar] => S
            [EntregaSabado] => N
            [obsFim] => SimpleXMLElement Object
                (
                )

            [Erro] => 0
            [MsgErro] => SimpleXMLElement Object
                (
                )

        )

)

06-07-2022 @ 18:13:00 - Calculo Online - Correios URL: http://ws.correios.com.br/calculador/CalcPrecoPrazo.aspx?nCdServico=03298&nCdEmpresa=22047719&sDsSenha=Imp3ri@l237&sCepDestino=88052100&sCepOrigem=96412830&nVlAltura=38,20&nVlLargura=38,20&nVlDiametro=0&nVlComprimento=35,00&nVlPeso=8,51&nCdFormato=1&sCdMaoPropria=N&nVlValorDeclarado=0,00&sCdAvisoRecebimento=N&StrRetorno=xml
06-07-2022 @ 18:13:00 - Debug Correios Resposta: SimpleXMLElement Object
(
    [cServico] => SimpleXMLElement Object
        (
            [Codigo] => 03298
            [Valor] => 72,76
            [PrazoEntrega] => 6
            [ValorSemAdicionais] => 72,76
            [ValorMaoPropria] => 0,00
            [ValorAvisoRecebimento] => 0,00
            [ValorValorDeclarado] => 0,00
            [EntregaDomiciliar] => S
            [EntregaSabado] => N
            [obsFim] => SimpleXMLElement Object
                (
                )

            [Erro] => 0
            [MsgErro] => SimpleXMLElement Object
                (
                )

        )

)

06-07-2022 @ 18:13:01 - Calculo Online - Correios URL: http://ws.correios.com.br/calculador/CalcPrecoPrazo.aspx?nCdServico=03298&nCdEmpresa=22047719&sDsSenha=Imp3ri@l237&sCepDestino=88052100&sCepOrigem=96412830&nVlAltura=38,20&nVlLargura=38,20&nVlDiametro=0&nVlComprimento=35,00&nVlPeso=8,51&nCdFormato=1&sCdMaoPropria=N&nVlValorDeclarado=0,00&sCdAvisoRecebimento=N&StrRetorno=xml
06-07-2022 @ 18:13:01 - Debug Correios Resposta: SimpleXMLElement Object
(
    [cServico] => SimpleXMLElement Object
        (
            [Codigo] => 03298
            [Valor] => 72,76
            [PrazoEntrega] => 6
            [ValorSemAdicionais] => 72,76
            [ValorMaoPropria] => 0,00
            [ValorAvisoRecebimento] => 0,00
            [ValorValorDeclarado] => 0,00
            [EntregaDomiciliar] => S
            [EntregaSabado] => N
            [obsFim] => SimpleXMLElement Object
                (
                )

            [Erro] => 0
            [MsgErro] => SimpleXMLElement Object
                (
                )

        )

)

06-07-2022 @ 18:13:07 - Calculo Online - Correios URL: http://ws.correios.com.br/calculador/CalcPrecoPrazo.aspx?nCdServico=03298&nCdEmpresa=22047719&sDsSenha=Imp3ri@l237&sCepDestino=88052100&sCepOrigem=96412830&nVlAltura=48,10&nVlLargura=48,10&nVlDiametro=0&nVlComprimento=35,00&nVlPeso=13,50&nCdFormato=1&sCdMaoPropria=N&nVlValorDeclarado=0,00&sCdAvisoRecebimento=N&StrRetorno=xml
06-07-2022 @ 18:13:07 - Debug Correios Resposta: SimpleXMLElement Object
(
    [cServico] => SimpleXMLElement Object
        (
            [Codigo] => 03298
            [Valor] => 110,96
            [PrazoEntrega] => 6
            [ValorSemAdicionais] => 110,96
            [ValorMaoPropria] => 0,00
            [ValorAvisoRecebimento] => 0,00
            [ValorValorDeclarado] => 0,00
            [EntregaDomiciliar] => S
            [EntregaSabado] => N
            [obsFim] => SimpleXMLElement Object
                (
                )

            [Erro] => 0
            [MsgErro] => SimpleXMLElement Object
                (
                )

        )

)

06-07-2022 @ 18:13:09 - Calculo Online - Correios URL: http://ws.correios.com.br/calculador/CalcPrecoPrazo.aspx?nCdServico=03298&nCdEmpresa=22047719&sDsSenha=Imp3ri@l237&sCepDestino=88052100&sCepOrigem=96412830&nVlAltura=54,80&nVlLargura=54,80&nVlDiametro=0&nVlComprimento=35,00&nVlPeso=17,52&nCdFormato=1&sCdMaoPropria=N&nVlValorDeclarado=0,00&sCdAvisoRecebimento=N&StrRetorno=xml
06-07-2022 @ 18:13:09 - Debug Correios Resposta: SimpleXMLElement Object
(
    [cServico] => SimpleXMLElement Object
        (
            [Codigo] => 03298
            [Valor] => 147,72
            [PrazoEntrega] => 6
            [ValorSemAdicionais] => 147,72
            [ValorMaoPropria] => 0,00
            [ValorAvisoRecebimento] => 0,00
            [ValorValorDeclarado] => 0,00
            [EntregaDomiciliar] => S
            [EntregaSabado] => N
            [obsFim] => SimpleXMLElement Object
                (
                )

            [Erro] => 0
            [MsgErro] => SimpleXMLElement Object
                (
                )

        )

)

06-07-2022 @ 18:13:51 - Calculo Online - Correios URL: http://ws.correios.com.br/calculador/CalcPrecoPrazo.aspx?nCdServico=03298&nCdEmpresa=22047719&sDsSenha=Imp3ri@l237&sCepDestino=88052100&sCepOrigem=96412830&nVlAltura=48,10&nVlLargura=48,10&nVlDiametro=0&nVlComprimento=35,00&nVlPeso=13,50&nCdFormato=1&sCdMaoPropria=N&nVlValorDeclarado=0,00&sCdAvisoRecebimento=N&StrRetorno=xml
06-07-2022 @ 18:13:51 - Debug Correios Resposta: SimpleXMLElement Object
(
    [cServico] => SimpleXMLElement Object
        (
            [Codigo] => 03298
            [Valor] => 110,96
            [PrazoEntrega] => 6
            [ValorSemAdicionais] => 110,96
            [ValorMaoPropria] => 0,00
            [ValorAvisoRecebimento] => 0,00
            [ValorValorDeclarado] => 0,00
            [EntregaDomiciliar] => S
            [EntregaSabado] => N
            [obsFim] => SimpleXMLElement Object
                (
                )

            [Erro] => 0
            [MsgErro] => SimpleXMLElement Object
                (
                )

        )

)

06-07-2022 @ 18:13:53 - Calculo Online - Correios URL: http://ws.correios.com.br/calculador/CalcPrecoPrazo.aspx?nCdServico=03298&nCdEmpresa=22047719&sDsSenha=Imp3ri@l237&sCepDestino=88052100&sCepOrigem=96412830&nVlAltura=54,80&nVlLargura=54,80&nVlDiametro=0&nVlComprimento=35,00&nVlPeso=17,52&nCdFormato=1&sCdMaoPropria=N&nVlValorDeclarado=0,00&sCdAvisoRecebimento=N&StrRetorno=xml
06-07-2022 @ 18:13:53 - Debug Correios Resposta: SimpleXMLElement Object
(
    [cServico] => SimpleXMLElement Object
        (
            [Codigo] => 03298
            [Valor] => 147,72
            [PrazoEntrega] => 6
            [ValorSemAdicionais] => 147,72
            [ValorMaoPropria] => 0,00
            [ValorAvisoRecebimento] => 0,00
            [ValorValorDeclarado] => 0,00
            [EntregaDomiciliar] => S
            [EntregaSabado] => N
            [obsFim] => SimpleXMLElement Object
                (
                )

            [Erro] => 0
            [MsgErro] => SimpleXMLElement Object
                (
                )

        )

)

06-07-2022 @ 18:13:59 - Calculo Online - Correios URL: http://ws.correios.com.br/calculador/CalcPrecoPrazo.aspx?nCdServico=03298&nCdEmpresa=22047719&sDsSenha=Imp3ri@l237&sCepDestino=96400461&sCepOrigem=96412830&nVlAltura=22,40&nVlLargura=22,40&nVlDiametro=0&nVlComprimento=30,00&nVlPeso=4,00&nCdFormato=1&sCdMaoPropria=N&nVlValorDeclarado=0,00&sCdAvisoRecebimento=N&StrRetorno=xml
06-07-2022 @ 18:13:59 - Debug Correios Resposta: SimpleXMLElement Object
(
    [cServico] => SimpleXMLElement Object
        (
            [Codigo] => 03298
            [Valor] => 24,50
            [PrazoEntrega] => 5
            [ValorSemAdicionais] => 24,50
            [ValorMaoPropria] => 0,00
            [ValorAvisoRecebimento] => 0,00
            [ValorValorDeclarado] => 0,00
            [EntregaDomiciliar] => S
            [EntregaSabado] => N
            [obsFim] => SimpleXMLElement Object
                (
                )

            [Erro] => 0
            [MsgErro] => SimpleXMLElement Object
                (
                )

        )

)

06-07-2022 @ 18:15:49 - Calculo Online - Correios URL: http://ws.correios.com.br/calculador/CalcPrecoPrazo.aspx?nCdServico=03298&nCdEmpresa=22047719&sDsSenha=Imp3ri@l237&sCepDestino=88052100&sCepOrigem=96412830&nVlAltura=46,30&nVlLargura=46,30&nVlDiametro=0&nVlComprimento=35,00&nVlPeso=12,50&nCdFormato=1&sCdMaoPropria=N&nVlValorDeclarado=0,00&sCdAvisoRecebimento=N&StrRetorno=xml
06-07-2022 @ 18:15:49 - Debug Correios Resposta: SimpleXMLElement Object
(
    [cServico] => SimpleXMLElement Object
        (
            [Codigo] => 03298
            [Valor] => 101,77
            [PrazoEntrega] => 6
            [ValorSemAdicionais] => 101,77
            [ValorMaoPropria] => 0,00
            [ValorAvisoRecebimento] => 0,00
            [ValorValorDeclarado] => 0,00
            [EntregaDomiciliar] => S
            [EntregaSabado] => N
            [obsFim] => SimpleXMLElement Object
                (
                )

            [Erro] => 0
            [MsgErro] => SimpleXMLElement Object
                (
                )

        )

)

06-07-2022 @ 18:16:25 - Calculo Online - Correios URL: http://ws.correios.com.br/calculador/CalcPrecoPrazo.aspx?nCdServico=03298&nCdEmpresa=22047719&sDsSenha=Imp3ri@l237&sCepDestino=88052100&sCepOrigem=96412830&nVlAltura=46,30&nVlLargura=46,30&nVlDiametro=0&nVlComprimento=35,00&nVlPeso=12,50&nCdFormato=1&sCdMaoPropria=N&nVlValorDeclarado=0,00&sCdAvisoRecebimento=N&StrRetorno=xml
06-07-2022 @ 18:16:25 - Debug Correios Resposta: SimpleXMLElement Object
(
    [cServico] => SimpleXMLElement Object
        (
            [Codigo] => 03298
            [Valor] => 101,77
            [PrazoEntrega] => 6
            [ValorSemAdicionais] => 101,77
            [ValorMaoPropria] => 0,00
            [ValorAvisoRecebimento] => 0,00
            [ValorValorDeclarado] => 0,00
            [EntregaDomiciliar] => S
            [EntregaSabado] => N
            [obsFim] => SimpleXMLElement Object
                (
                )

            [Erro] => 0
            [MsgErro] => SimpleXMLElement Object
                (
                )

        )

)

06-07-2022 @ 18:17:58 - Calculo Online - Correios URL: http://ws.correios.com.br/calculador/CalcPrecoPrazo.aspx?nCdServico=03298&nCdEmpresa=22047719&sDsSenha=Imp3ri@l237&sCepDestino=82630170&sCepOrigem=96412830&nVlAltura=42,40&nVlLargura=42,40&nVlDiametro=0&nVlComprimento=30,00&nVlPeso=4,50&nCdFormato=1&sCdMaoPropria=N&nVlValorDeclarado=0,00&sCdAvisoRecebimento=N&StrRetorno=xml
06-07-2022 @ 18:17:58 - Debug Correios Resposta: SimpleXMLElement Object
(
    [cServico] => SimpleXMLElement Object
        (
            [Codigo] => 03298
            [Valor] => 72,76
            [PrazoEntrega] => 7
            [ValorSemAdicionais] => 72,76
            [ValorMaoPropria] => 0,00
            [ValorAvisoRecebimento] => 0,00
            [ValorValorDeclarado] => 0,00
            [EntregaDomiciliar] => S
            [EntregaSabado] => N
            [obsFim] => SimpleXMLElement Object
                (
                )

            [Erro] => 0
            [MsgErro] => SimpleXMLElement Object
                (
                )

        )

)

06-07-2022 @ 18:20:59 - Calculo Online - Correios URL: http://ws.correios.com.br/calculador/CalcPrecoPrazo.aspx?nCdServico=03298&nCdEmpresa=22047719&sDsSenha=Imp3ri@l237&sCepDestino=96400461&sCepOrigem=96412830&nVlAltura=42,10&nVlLargura=42,10&nVlDiametro=0&nVlComprimento=70,00&nVlPeso=20,68&nCdFormato=1&sCdMaoPropria=N&nVlValorDeclarado=0,00&sCdAvisoRecebimento=N&StrRetorno=xml
06-07-2022 @ 18:20:59 - Debug Correios Resposta: SimpleXMLElement Object
(
    [cServico] => SimpleXMLElement Object
        (
            [Codigo] => 03298
            [Valor] => 76,20
            [PrazoEntrega] => 5
            [ValorSemAdicionais] => 76,20
            [ValorMaoPropria] => 0,00
            [ValorAvisoRecebimento] => 0,00
            [ValorValorDeclarado] => 0,00
            [EntregaDomiciliar] => S
            [EntregaSabado] => N
            [obsFim] => SimpleXMLElement Object
                (
                )

            [Erro] => 0
            [MsgErro] => SimpleXMLElement Object
                (
                )

        )

)

06-07-2022 @ 18:21:21 - Calculo Online - Correios URL: http://ws.correios.com.br/calculador/CalcPrecoPrazo.aspx?nCdServico=03298&nCdEmpresa=22047719&sDsSenha=Imp3ri@l237&sCepDestino=96400461&sCepOrigem=96412830&nVlAltura=22,40&nVlLargura=22,40&nVlDiametro=0&nVlComprimento=30,00&nVlPeso=4,00&nCdFormato=1&sCdMaoPropria=N&nVlValorDeclarado=0,00&sCdAvisoRecebimento=N&StrRetorno=xml
06-07-2022 @ 18:21:21 - Debug Correios Resposta: SimpleXMLElement Object
(
    [cServico] => SimpleXMLElement Object
        (
            [Codigo] => 03298
            [Valor] => 24,50
            [PrazoEntrega] => 5
            [ValorSemAdicionais] => 24,50
            [ValorMaoPropria] => 0,00
            [ValorAvisoRecebimento] => 0,00
            [ValorValorDeclarado] => 0,00
            [EntregaDomiciliar] => S
            [EntregaSabado] => N
            [obsFim] => SimpleXMLElement Object
                (
                )

            [Erro] => 0
            [MsgErro] => SimpleXMLElement Object
                (
                )

        )

)

06-07-2022 @ 19:39:23 - Calculo Online - Correios URL: http://ws.correios.com.br/calculador/CalcPrecoPrazo.aspx?nCdServico=03298&nCdEmpresa=22047719&sDsSenha=Imp3ri@l237&sCepDestino=85139300&sCepOrigem=96412830&nVlAltura=37,40&nVlLargura=37,40&nVlDiametro=0&nVlComprimento=50,00&nVlPeso=12,50&nCdFormato=1&sCdMaoPropria=N&nVlValorDeclarado=0,00&sCdAvisoRecebimento=N&StrRetorno=xml
06-07-2022 @ 19:39:23 - Debug Correios Resposta: SimpleXMLElement Object
(
    [cServico] => SimpleXMLElement Object
        (
            [Codigo] => 03298
            [Valor] => 101,77
            [PrazoEntrega] => 8
            [ValorSemAdicionais] => 101,77
            [ValorMaoPropria] => 0,00
            [ValorAvisoRecebimento] => 0,00
            [ValorValorDeclarado] => 0,00
            [EntregaDomiciliar] => N
            [EntregaSabado] => N
            [obsFim] => SimpleXMLElement Object
                (
                )

            [Erro] => 0
            [MsgErro] => SimpleXMLElement Object
                (
                )

        )

)

06-07-2022 @ 19:57:07 - Calculo Online - Correios URL: http://ws.correios.com.br/calculador/CalcPrecoPrazo.aspx?nCdServico=03298&nCdEmpresa=22047719&sDsSenha=Imp3ri@l237&sCepDestino=96210010&sCepOrigem=96412830&nVlAltura=15,00&nVlLargura=40,00&nVlDiametro=0&nVlComprimento=40,00&nVlPeso=1,25&nCdFormato=1&sCdMaoPropria=N&nVlValorDeclarado=0,00&sCdAvisoRecebimento=N&StrRetorno=xml
06-07-2022 @ 19:57:07 - Debug Correios Resposta: SimpleXMLElement Object
(
    [cServico] => SimpleXMLElement Object
        (
            [Codigo] => 03298
            [Valor] => 19,00
            [PrazoEntrega] => 6
            [ValorSemAdicionais] => 19,00
            [ValorMaoPropria] => 0,00
            [ValorAvisoRecebimento] => 0,00
            [ValorValorDeclarado] => 0,00
            [EntregaDomiciliar] => S
            [EntregaSabado] => N
            [obsFim] => SimpleXMLElement Object
                (
                )

            [Erro] => 0
            [MsgErro] => SimpleXMLElement Object
                (
                )

        )

)

06-07-2022 @ 20:36:34 - Calculo Online - Correios URL: http://ws.correios.com.br/calculador/CalcPrecoPrazo.aspx?nCdServico=03298&nCdEmpresa=22047719&sDsSenha=Imp3ri@l237&sCepDestino=04330060&sCepOrigem=96412830&nVlAltura=8,00&nVlLargura=30,00&nVlDiametro=0&nVlComprimento=40,00&nVlPeso=1,50&nCdFormato=1&sCdMaoPropria=N&nVlValorDeclarado=0,00&sCdAvisoRecebimento=N&StrRetorno=xml
06-07-2022 @ 20:36:34 - Debug Correios Resposta: SimpleXMLElement Object
(
    [cServico] => SimpleXMLElement Object
        (
            [Codigo] => 03298
            [Valor] => 28,66
            [PrazoEntrega] => 7
            [ValorSemAdicionais] => 28,66
            [ValorMaoPropria] => 0,00
            [ValorAvisoRecebimento] => 0,00
            [ValorValorDeclarado] => 0,00
            [EntregaDomiciliar] => S
            [EntregaSabado] => N
            [obsFim] => SimpleXMLElement Object
                (
                )

            [Erro] => 0
            [MsgErro] => SimpleXMLElement Object
                (
                )

        )

)

06-07-2022 @ 20:53:39 - Calculo Online - Correios URL: http://ws.correios.com.br/calculador/CalcPrecoPrazo.aspx?nCdServico=03298&nCdEmpresa=22047719&sDsSenha=Imp3ri@l237&sCepDestino=30441048&sCepOrigem=96412830&nVlAltura=23,20&nVlLargura=23,20&nVlDiametro=0&nVlComprimento=27,00&nVlPeso=2,00&nCdFormato=1&sCdMaoPropria=N&nVlValorDeclarado=0,00&sCdAvisoRecebimento=N&StrRetorno=xml
06-07-2022 @ 20:53:39 - Debug Correios Resposta: SimpleXMLElement Object
(
    [cServico] => SimpleXMLElement Object
        (
            [Codigo] => 03298
            [Valor] => 33,85
            [PrazoEntrega] => 6
            [ValorSemAdicionais] => 33,85
            [ValorMaoPropria] => 0,00
            [ValorAvisoRecebimento] => 0,00
            [ValorValorDeclarado] => 0,00
            [EntregaDomiciliar] => S
            [EntregaSabado] => N
            [obsFim] => SimpleXMLElement Object
                (
                )

            [Erro] => 0
            [MsgErro] => SimpleXMLElement Object
                (
                )

        )

)

