01-22-2022 @ 09:41:43 - Debug Cielo HTTP: 201
01-22-2022 @ 09:41:43 - Debug Cielo Enviados: Array
(
    [MerchantOrderId] => 17841
    [Customer] => Array
        (
            [Name] => Juliana Figueiro
            [Email] => julianaassgovjuridico@hotmail.com
        )

    [Payment] => Array
        (
            [Type] => CreditCard
            [Amount] => 45301
            [Currency] => BRL
            [Country] => BRA
            [Provider] => Cielo
            [ServiceTaxAmount] => 0
            [Installments] => 1
            [Interest] => ByMerchant
            [Capture] => true
            [Authenticate] => false
            [Recurrent] => false
            [SoftDescriptor] => IMPERIALTPTS
            [CreditCard] => Array
                (
                    [CardNumber] => 516291****0927
                    [Holder] => juliana f da costa
                    [ExpirationDate] => 12/2029
                    [SecurityCode] => 747
                    [SaveCard] => false
                    [Brand] => Master
                )

        )

)

01-22-2022 @ 09:41:43 - Debug Cielo Recebido: RestClientCielo Object
(
    [options] => Array
        (
            [headers] => Array
                (
                    [Content-Type] => application/json
                    [Accept] => application/json
                    [MerchantId] => e3fd1919-faaa-4b5b-be5a-a1d95c4a9186
                    [MerchantKey] => YUbRrLs8R8QgDm4UrkICqDTYO46GhKRbRJ0PjgdU
                    [RequestId] => 
                )

            [parameters] => Array
                (
                )

            [curl_options] => Array
                (
                )

            [user_agent] => PHP RestClient/0.1.4
            [base_url] => https://api.cieloecommerce.cielo.com.br/1/
            [format] => 
            [format_regex] => /(\w+)\/(\w+)(;[.+])?/
            [decoders] => Array
                (
                    [json] => json_decode
                    [php] => unserialize
                )

            [username] => 
            [password] => 
        )

    [handle] => Resource id #1685
    [response] => {"MerchantOrderId":"17841","Customer":{"Name":"Juliana Figueiro","Email":"julianaassgovjuridico@hotmail.com"},"Payment":{"ServiceTaxAmount":0,"Installments":1,"Interest":0,"Capture":true,"Authenticate":false,"Recurrent":false,"CreditCard":{"CardNumber":"516291******0927","Holder":"juliana f da costa","ExpirationDate":"12/2029","SaveCard":false,"Brand":"Master","PaymentAccountReference":"500113AYA8E0WJ7ZKHRZ22ARNBMCZ"},"Tid":"28072045161QR9C6CLTC","ProofOfSale":"136001","AuthorizationCode":"011470","SoftDescriptor":"IMPERIALTPTS","Provider":"Cielo","Eci":"0","IsQrCode":false,"Amount":45301,"ReceivedDate":"2022-01-22 09:41:42","CapturedAmount":45301,"CapturedDate":"2022-01-22 09:41:43","Status":2,"IsSplitted":false,"ReturnMessage":"Transacao capturada com sucesso","ReturnCode":"00","PaymentId":"3cacd3cb-689f-45f2-8830-c605ac73a994","Type":"CreditCard","Currency":"BRL","Country":"BRA","Links":[{"Method":"GET","Rel":"self","Href":"https://apiquery.cieloecommerce.cielo.com.br/1/sales/3cacd3cb-689f-45f2-8830-c605ac73a994"},{"Method":"PUT","Rel":"void","Href":"https://api.cieloecommerce.cielo.com.br/1/sales/3cacd3cb-689f-45f2-8830-c605ac73a994/void"}]}}
    [headers] => 
    [info] => stdClass Object
        (
            [url] => https://api.cieloecommerce.cielo.com.br/1/sales
            [content_type] => application/json; charset=utf-8
            [http_code] => 201
            [header_size] => 365
            [request_size] => 806
            [filetime] => -1
            [ssl_verify_result] => 0
            [redirect_count] => 0
            [total_time] => 1.423156
            [namelookup_time] => 0.122628
            [connect_time] => 0.240377
            [pretransfer_time] => 0.485893
            [size_upload] => 527
            [size_download] => 1164
            [speed_download] => 817
            [speed_upload] => 370
            [download_content_length] => 1164
            [upload_content_length] => 527
            [starttransfer_time] => 1.423125
            [redirect_time] => 0
            [redirect_url] => 
            [primary_ip] => 20.195.168.97
            [certinfo] => Array
                (
                )

            [primary_port] => 443
            [local_ip] => 172.26.1.59
            [local_port] => 33532
            [http_version] => 2
            [protocol] => 2
            [ssl_verifyresult] => 0
            [scheme] => HTTPS
            [appconnect_time_us] => 485823
            [connect_time_us] => 240377
            [namelookup_time_us] => 122628
            [pretransfer_time_us] => 485893
            [redirect_time_us] => 0
            [starttransfer_time_us] => 1423125
            [total_time_us] => 1423156
        )

    [error] => 
    [status] => 201
    [decoded_response] => 
    [iterator_positon:RestClientCielo:private] => 
    [url] => https://api.cieloecommerce.cielo.com.br/1/sales
)

01-22-2022 @ 16:45:02 - Debug Cielo HTTP: 201
01-22-2022 @ 16:45:02 - Debug Cielo Enviados: Array
(
    [MerchantOrderId] => 17842
    [Customer] => Array
        (
            [Name] => Danielle laste
            [Email] => daniellelaste3588@gmail.com
        )

    [Payment] => Array
        (
            [Type] => CreditCard
            [Amount] => 67900
            [Currency] => BRL
            [Country] => BRA
            [Provider] => Cielo
            [ServiceTaxAmount] => 0
            [Installments] => 10
            [Interest] => ByMerchant
            [Capture] => true
            [Authenticate] => false
            [Recurrent] => false
            [SoftDescriptor] => IMPERIALTPTS
            [CreditCard] => Array
                (
                    [CardNumber] => 498401****1549
                    [Holder] => Danielle s laste
                    [ExpirationDate] => 05/2026
                    [SecurityCode] => 260
                    [SaveCard] => false
                    [Brand] => Visa
                )

        )

)

01-22-2022 @ 16:45:02 - Debug Cielo Recebido: RestClientCielo Object
(
    [options] => Array
        (
            [headers] => Array
                (
                    [Content-Type] => application/json
                    [Accept] => application/json
                    [MerchantId] => e3fd1919-faaa-4b5b-be5a-a1d95c4a9186
                    [MerchantKey] => YUbRrLs8R8QgDm4UrkICqDTYO46GhKRbRJ0PjgdU
                    [RequestId] => 
                )

            [parameters] => Array
                (
                )

            [curl_options] => Array
                (
                )

            [user_agent] => PHP RestClient/0.1.4
            [base_url] => https://api.cieloecommerce.cielo.com.br/1/
            [format] => 
            [format_regex] => /(\w+)\/(\w+)(;[.+])?/
            [decoders] => Array
                (
                    [json] => json_decode
                    [php] => unserialize
                )

            [username] => 
            [password] => 
        )

    [handle] => Resource id #1428
    [response] => {"MerchantOrderId":"17842","Customer":{"Name":"Danielle laste","Email":"daniellelaste3588@gmail.com"},"Payment":{"ServiceTaxAmount":0,"Installments":10,"Interest":0,"Capture":true,"Authenticate":false,"Recurrent":false,"CreditCard":{"CardNumber":"498401******1549","Holder":"Danielle s laste","ExpirationDate":"05/2026","SaveCard":false,"Brand":"Visa","PaymentAccountReference":"V0010013821192031649756992548"},"Tid":"28072045161QR9DC4J6C","ProofOfSale":"133003","AuthorizationCode":"163899","SoftDescriptor":"IMPERIALTPTS","Provider":"Cielo","Eci":"7","IsQrCode":false,"Amount":67900,"ReceivedDate":"2022-01-22 16:45:01","CapturedAmount":67900,"CapturedDate":"2022-01-22 16:45:01","Status":2,"IsSplitted":false,"ReturnMessage":"Transacao capturada com sucesso","ReturnCode":"00","PaymentId":"5c0f0558-06cd-4515-9e06-2484991417f2","Type":"CreditCard","Currency":"BRL","Country":"BRA","Links":[{"Method":"GET","Rel":"self","Href":"https://apiquery.cieloecommerce.cielo.com.br/1/sales/5c0f0558-06cd-4515-9e06-2484991417f2"},{"Method":"PUT","Rel":"void","Href":"https://api.cieloecommerce.cielo.com.br/1/sales/5c0f0558-06cd-4515-9e06-2484991417f2/void"}]}}
    [headers] => 
    [info] => stdClass Object
        (
            [url] => https://api.cieloecommerce.cielo.com.br/1/sales
            [content_type] => application/json; charset=utf-8
            [http_code] => 201
            [header_size] => 365
            [request_size] => 795
            [filetime] => -1
            [ssl_verify_result] => 0
            [redirect_count] => 0
            [total_time] => 1.602689
            [namelookup_time] => 0.139798
            [connect_time] => 0.256098
            [pretransfer_time] => 0.499816
            [size_upload] => 516
            [size_download] => 1153
            [speed_download] => 719
            [speed_upload] => 322
            [download_content_length] => 1153
            [upload_content_length] => 516
            [starttransfer_time] => 1.602661
            [redirect_time] => 0
            [redirect_url] => 
            [primary_ip] => 20.195.168.97
            [certinfo] => Array
                (
                )

            [primary_port] => 443
            [local_ip] => 172.26.1.59
            [local_port] => 42432
            [http_version] => 2
            [protocol] => 2
            [ssl_verifyresult] => 0
            [scheme] => HTTPS
            [appconnect_time_us] => 499742
            [connect_time_us] => 256098
            [namelookup_time_us] => 139798
            [pretransfer_time_us] => 499816
            [redirect_time_us] => 0
            [starttransfer_time_us] => 1602661
            [total_time_us] => 1602689
        )

    [error] => 
    [status] => 201
    [decoded_response] => 
    [iterator_positon:RestClientCielo:private] => 
    [url] => https://api.cieloecommerce.cielo.com.br/1/sales
)

01-22-2022 @ 17:00:35 - Debug Cielo HTTP: 201
01-22-2022 @ 17:00:35 - Debug Cielo Enviados: Array
(
    [MerchantOrderId] => 17843
    [Customer] => Array
        (
            [Name] => JOSE DINIZ GOULART BORGES
            [Email] => diniz.jdgb@gmail.com
        )

    [Payment] => Array
        (
            [Type] => CreditCard
            [Amount] => 132900
            [Currency] => BRL
            [Country] => BRA
            [Provider] => Cielo
            [ServiceTaxAmount] => 0
            [Installments] => 12
            [Interest] => ByMerchant
            [Capture] => true
            [Authenticate] => false
            [Recurrent] => false
            [SoftDescriptor] => IMPERIALTPTS
            [CreditCard] => Array
                (
                    [CardNumber] => 425850****5686
                    [Holder] => JOSE DINIZ G BORG
                    [ExpirationDate] => 08/2028
                    [SecurityCode] => 936
                    [SaveCard] => false
                    [Brand] => Visa
                )

        )

)

01-22-2022 @ 17:00:35 - Debug Cielo Recebido: RestClientCielo Object
(
    [options] => Array
        (
            [headers] => Array
                (
                    [Content-Type] => application/json
                    [Accept] => application/json
                    [MerchantId] => e3fd1919-faaa-4b5b-be5a-a1d95c4a9186
                    [MerchantKey] => YUbRrLs8R8QgDm4UrkICqDTYO46GhKRbRJ0PjgdU
                    [RequestId] => 
                )

            [parameters] => Array
                (
                )

            [curl_options] => Array
                (
                )

            [user_agent] => PHP RestClient/0.1.4
            [base_url] => https://api.cieloecommerce.cielo.com.br/1/
            [format] => 
            [format_regex] => /(\w+)\/(\w+)(;[.+])?/
            [decoders] => Array
                (
                    [json] => json_decode
                    [php] => unserialize
                )

            [username] => 
            [password] => 
        )

    [handle] => Resource id #1387
    [response] => {"MerchantOrderId":"17843","Customer":{"Name":"JOSE DINIZ GOULART BORGES","Email":"diniz.jdgb@gmail.com"},"Payment":{"ServiceTaxAmount":0,"Installments":12,"Interest":0,"Capture":true,"Authenticate":false,"Recurrent":false,"CreditCard":{"CardNumber":"425850******5686","Holder":"JOSE DINIZ G BORG","ExpirationDate":"08/2028","SaveCard":false,"Brand":"Visa","PaymentAccountReference":"V0010014620147020599900327939"},"Tid":"28072045161QR9DCU28C","ProofOfSale":"134005","AuthorizationCode":"003383","SoftDescriptor":"IMPERIALTPTS","Provider":"Cielo","Eci":"7","IsQrCode":false,"Amount":132900,"ReceivedDate":"2022-01-22 17:00:34","CapturedAmount":132900,"CapturedDate":"2022-01-22 17:00:34","Status":2,"IsSplitted":false,"ReturnMessage":"Transacao capturada com sucesso","ReturnCode":"00","PaymentId":"b1ef903b-a2a0-4a21-9c71-f395afa491b0","Type":"CreditCard","Currency":"BRL","Country":"BRA","Links":[{"Method":"GET","Rel":"self","Href":"https://apiquery.cieloecommerce.cielo.com.br/1/sales/b1ef903b-a2a0-4a21-9c71-f395afa491b0"},{"Method":"PUT","Rel":"void","Href":"https://api.cieloecommerce.cielo.com.br/1/sales/b1ef903b-a2a0-4a21-9c71-f395afa491b0/void"}]}}
    [headers] => 
    [info] => stdClass Object
        (
            [url] => https://api.cieloecommerce.cielo.com.br/1/sales
            [content_type] => application/json; charset=utf-8
            [http_code] => 201
            [header_size] => 365
            [request_size] => 801
            [filetime] => -1
            [ssl_verify_result] => 0
            [redirect_count] => 0
            [total_time] => 1.252291
            [namelookup_time] => 0.132237
            [connect_time] => 0.248439
            [pretransfer_time] => 0.49288
            [size_upload] => 522
            [size_download] => 1160
            [speed_download] => 926
            [speed_upload] => 416
            [download_content_length] => 1160
            [upload_content_length] => 522
            [starttransfer_time] => 1.252253
            [redirect_time] => 0
            [redirect_url] => 
            [primary_ip] => 20.195.168.97
            [certinfo] => Array
                (
                )

            [primary_port] => 443
            [local_ip] => 172.26.1.59
            [local_port] => 42900
            [http_version] => 2
            [protocol] => 2
            [ssl_verifyresult] => 0
            [scheme] => HTTPS
            [appconnect_time_us] => 492806
            [connect_time_us] => 248439
            [namelookup_time_us] => 132237
            [pretransfer_time_us] => 492880
            [redirect_time_us] => 0
            [starttransfer_time_us] => 1252253
            [total_time_us] => 1252291
        )

    [error] => 
    [status] => 201
    [decoded_response] => 
    [iterator_positon:RestClientCielo:private] => 
    [url] => https://api.cieloecommerce.cielo.com.br/1/sales
)

01-22-2022 @ 18:08:47 - Debug Cielo HTTP: 201
01-22-2022 @ 18:08:47 - Debug Cielo Enviados: Array
(
    [MerchantOrderId] => 17844
    [Customer] => Array
        (
            [Name] => marcia cordeiro
            [Email] => marcia_piovezan2011@hotmail.com
        )

    [Payment] => Array
        (
            [Type] => CreditCard
            [Amount] => 372600
            [Currency] => BRL
            [Country] => BRA
            [Provider] => Cielo
            [ServiceTaxAmount] => 0
            [Installments] => 12
            [Interest] => ByMerchant
            [Capture] => true
            [Authenticate] => false
            [Recurrent] => false
            [SoftDescriptor] => IMPERIALTPTS
            [CreditCard] => Array
                (
                    [CardNumber] => 650907****1575
                    [Holder] => andira k p s ltda
                    [ExpirationDate] => 11/2024
                    [SecurityCode] => 823
                    [SaveCard] => false
                    [Brand] => Elo
                )

        )

)

01-22-2022 @ 18:08:47 - Debug Cielo Recebido: RestClientCielo Object
(
    [options] => Array
        (
            [headers] => Array
                (
                    [Content-Type] => application/json
                    [Accept] => application/json
                    [MerchantId] => e3fd1919-faaa-4b5b-be5a-a1d95c4a9186
                    [MerchantKey] => YUbRrLs8R8QgDm4UrkICqDTYO46GhKRbRJ0PjgdU
                    [RequestId] => 
                )

            [parameters] => Array
                (
                )

            [curl_options] => Array
                (
                )

            [user_agent] => PHP RestClient/0.1.4
            [base_url] => https://api.cieloecommerce.cielo.com.br/1/
            [format] => 
            [format_regex] => /(\w+)\/(\w+)(;[.+])?/
            [decoders] => Array
                (
                    [json] => json_decode
                    [php] => unserialize
                )

            [username] => 
            [password] => 
        )

    [handle] => Resource id #1475
    [response] => {"MerchantOrderId":"17844","Customer":{"Name":"marcia cordeiro","Email":"marcia_piovezan2011@hotmail.com"},"Payment":{"ServiceTaxAmount":0,"Installments":12,"Interest":0,"Capture":true,"Authenticate":false,"Recurrent":false,"CreditCard":{"CardNumber":"650907******1575","Holder":"andira k p s ltda","ExpirationDate":"11/2024","SaveCard":false,"Brand":"Elo"},"Tid":"28072045161QR9DICNEC","ProofOfSale":"133005","AuthorizationCode":"423341","SoftDescriptor":"IMPERIALTPTS","Provider":"Cielo","Eci":"7","IsQrCode":false,"Amount":372600,"ReceivedDate":"2022-01-22 18:08:46","CapturedAmount":372600,"CapturedDate":"2022-01-22 18:08:46","Status":2,"IsSplitted":false,"ReturnMessage":"Transacao capturada com sucesso","ReturnCode":"00","PaymentId":"f39ed1fe-d923-4ae4-a1cf-eb0f51827520","Type":"CreditCard","Currency":"BRL","Country":"BRA","Links":[{"Method":"GET","Rel":"self","Href":"https://apiquery.cieloecommerce.cielo.com.br/1/sales/f39ed1fe-d923-4ae4-a1cf-eb0f51827520"},{"Method":"PUT","Rel":"void","Href":"https://api.cieloecommerce.cielo.com.br/1/sales/f39ed1fe-d923-4ae4-a1cf-eb0f51827520/void"}]}}
    [headers] => 
    [info] => stdClass Object
        (
            [url] => https://api.cieloecommerce.cielo.com.br/1/sales
            [content_type] => application/json; charset=utf-8
            [http_code] => 201
            [header_size] => 366
            [request_size] => 801
            [filetime] => -1
            [ssl_verify_result] => 0
            [redirect_count] => 0
            [total_time] => 1.969912
            [namelookup_time] => 0.005539
            [connect_time] => 0.122482
            [pretransfer_time] => 0.368249
            [size_upload] => 522
            [size_download] => 1102
            [speed_download] => 559
            [speed_upload] => 265
            [download_content_length] => 1102
            [upload_content_length] => 522
            [starttransfer_time] => 1.969883
            [redirect_time] => 0
            [redirect_url] => 
            [primary_ip] => 20.195.168.97
            [certinfo] => Array
                (
                )

            [primary_port] => 443
            [local_ip] => 172.26.1.59
            [local_port] => 45496
            [http_version] => 2
            [protocol] => 2
            [ssl_verifyresult] => 0
            [scheme] => HTTPS
            [appconnect_time_us] => 368173
            [connect_time_us] => 122482
            [namelookup_time_us] => 5539
            [pretransfer_time_us] => 368249
            [redirect_time_us] => 0
            [starttransfer_time_us] => 1969883
            [total_time_us] => 1969912
        )

    [error] => 
    [status] => 201
    [decoded_response] => 
    [iterator_positon:RestClientCielo:private] => 
    [url] => https://api.cieloecommerce.cielo.com.br/1/sales
)

