09-28-2021 @ 11:13:03 - Debug Cielo HTTP: 201
09-28-2021 @ 11:13:03 - Debug Cielo Enviados: Array
(
    [MerchantOrderId] => 14330
    [Customer] => Array
        (
            [Name] => RENANN SOCCOL TURRI
            [Email] => CONTATO@KREMPREENDIMENTOS.COM.BR
        )

    [Payment] => Array
        (
            [Type] => CreditCard
            [Amount] => 49000
            [Currency] => BRL
            [Country] => BRA
            [Provider] => Cielo
            [ServiceTaxAmount] => 0
            [Installments] => 1
            [Interest] => ByMerchant
            [Capture] => true
            [Authenticate] => false
            [Recurrent] => false
            [SoftDescriptor] => IMPERIALTPTS
            [CreditCard] => Array
                (
                    [CardNumber] => 496045****0113
                    [Holder] => renann soccol turri
                    [ExpirationDate] => 09/2027
                    [SecurityCode] => 285
                    [SaveCard] => false
                    [Brand] => Visa
                )

        )

)

09-28-2021 @ 11:13:03 - Debug Cielo Recebido: RestClientCielo Object
(
    [options] => Array
        (
            [headers] => Array
                (
                    [Content-Type] => application/json
                    [Accept] => application/json
                    [MerchantId] => e3fd1919-faaa-4b5b-be5a-a1d95c4a9186
                    [MerchantKey] => YUbRrLs8R8QgDm4UrkICqDTYO46GhKRbRJ0PjgdU
                    [RequestId] => 
                )

            [parameters] => Array
                (
                )

            [curl_options] => Array
                (
                )

            [user_agent] => PHP RestClient/0.1.4
            [base_url] => https://api.cieloecommerce.cielo.com.br/1/
            [format] => 
            [format_regex] => /(\w+)\/(\w+)(;[.+])?/
            [decoders] => Array
                (
                    [json] => json_decode
                    [php] => unserialize
                )

            [username] => 
            [password] => 
        )

    [handle] => Resource id #432
    [response] => {"MerchantOrderId":"14330","Customer":{"Name":"RENANN SOCCOL TURRI","Email":"CONTATO@KREMPREENDIMENTOS.COM.BR"},"Payment":{"ServiceTaxAmount":0,"Installments":1,"Interest":0,"Capture":true,"Authenticate":false,"Recurrent":false,"CreditCard":{"CardNumber":"496045******0113","Holder":"renann soccol turri","ExpirationDate":"09/2027","SaveCard":false,"Brand":"Visa","PaymentAccountReference":"V0010013820344773022360173612"},"Tid":"2807204516150624MEPC","ProofOfSale":"082001","AuthorizationCode":"038360","SoftDescriptor":"IMPERIALTPTS","Provider":"Cielo","Eci":"7","IsQrCode":false,"Amount":49000,"ReceivedDate":"2021-09-28 11:13:02","CapturedAmount":49000,"CapturedDate":"2021-09-28 11:13:02","Status":2,"IsSplitted":false,"ReturnMessage":"Transacao capturada com sucesso","ReturnCode":"00","PaymentId":"48dbd437-daf7-493b-8c9d-2bc2ec8aef85","Type":"CreditCard","Currency":"BRL","Country":"BRA","Links":[{"Method":"GET","Rel":"self","Href":"https://apiquery.cieloecommerce.cielo.com.br/1/sales/48dbd437-daf7-493b-8c9d-2bc2ec8aef85"},{"Method":"PUT","Rel":"void","Href":"https://api.cieloecommerce.cielo.com.br/1/sales/48dbd437-daf7-493b-8c9d-2bc2ec8aef85/void"}]}}
    [headers] => 
    [info] => stdClass Object
        (
            [url] => https://api.cieloecommerce.cielo.com.br/1/sales
            [content_type] => application/json; charset=utf-8
            [http_code] => 201
            [header_size] => 365
            [request_size] => 807
            [filetime] => -1
            [ssl_verify_result] => 0
            [redirect_count] => 0
            [total_time] => 1.386872
            [namelookup_time] => 0.097836
            [connect_time] => 0.215666
            [pretransfer_time] => 0.463059
            [size_upload] => 528
            [size_download] => 1165
            [speed_download] => 840
            [speed_upload] => 380
            [download_content_length] => 1165
            [upload_content_length] => 528
            [starttransfer_time] => 1.386842
            [redirect_time] => 0
            [redirect_url] => 
            [primary_ip] => 20.195.168.97
            [certinfo] => Array
                (
                )

            [primary_port] => 443
            [local_ip] => 172.26.0.25
            [local_port] => 33382
            [http_version] => 2
            [protocol] => 2
            [ssl_verifyresult] => 0
            [scheme] => HTTPS
            [appconnect_time_us] => 462991
            [connect_time_us] => 215666
            [namelookup_time_us] => 97836
            [pretransfer_time_us] => 463059
            [redirect_time_us] => 0
            [starttransfer_time_us] => 1386842
            [total_time_us] => 1386872
        )

    [error] => 
    [status] => 201
    [decoded_response] => 
    [iterator_positon:RestClientCielo:private] => 
    [url] => https://api.cieloecommerce.cielo.com.br/1/sales
)

