12-09-2021 @ 19:03:45 - Debug Cielo HTTP: 201
12-09-2021 @ 19:03:45 - Debug Cielo Enviados: Array
(
    [MerchantOrderId] => 16861
    [Customer] => Array
        (
            [Name] => Michelle Berner
            [Email] => michelleberner@hotmail.com
        )

    [Payment] => Array
        (
            [Type] => CreditCard
            [Amount] => 32341
            [Currency] => BRL
            [Country] => BRA
            [Provider] => Cielo
            [ServiceTaxAmount] => 0
            [Installments] => 6
            [Interest] => ByMerchant
            [Capture] => true
            [Authenticate] => false
            [Recurrent] => false
            [SoftDescriptor] => IMPERIALTPTS
            [CreditCard] => Array
                (
                    [CardNumber] => 498406****7344
                    [Holder] => Michelle Berner
                    [ExpirationDate] => 08/2025
                    [SecurityCode] => 110
                    [SaveCard] => false
                    [Brand] => Visa
                )

        )

)

12-09-2021 @ 19:03:45 - Debug Cielo Recebido: RestClientCielo Object
(
    [options] => Array
        (
            [headers] => Array
                (
                    [Content-Type] => application/json
                    [Accept] => application/json
                    [MerchantId] => e3fd1919-faaa-4b5b-be5a-a1d95c4a9186
                    [MerchantKey] => YUbRrLs8R8QgDm4UrkICqDTYO46GhKRbRJ0PjgdU
                    [RequestId] => 
                )

            [parameters] => Array
                (
                )

            [curl_options] => Array
                (
                )

            [user_agent] => PHP RestClient/0.1.4
            [base_url] => https://api.cieloecommerce.cielo.com.br/1/
            [format] => 
            [format_regex] => /(\w+)\/(\w+)(;[.+])?/
            [decoders] => Array
                (
                    [json] => json_decode
                    [php] => unserialize
                )

            [username] => 
            [password] => 
        )

    [handle] => Resource id #1801
    [response] => {"MerchantOrderId":"16861","Customer":{"Name":"Michelle Berner","Email":"michelleberner@hotmail.com"},"Payment":{"ServiceTaxAmount":0,"Installments":6,"Interest":0,"Capture":true,"Authenticate":false,"Recurrent":false,"CreditCard":{"CardNumber":"498406******7344","Holder":"Michelle Berner","ExpirationDate":"08/2025","SaveCard":false,"Brand":"Visa","PaymentAccountReference":"V0010013020302691082692372532"},"Tid":"2807204516172P70QPTC","ProofOfSale":"118001","AuthorizationCode":"287887","SoftDescriptor":"IMPERIALTPTS","Provider":"Cielo","Eci":"7","IsQrCode":false,"Amount":32341,"ReceivedDate":"2021-12-09 19:03:44","CapturedAmount":32341,"CapturedDate":"2021-12-09 19:03:44","Status":2,"IsSplitted":false,"ReturnMessage":"Transacao capturada com sucesso","ReturnCode":"00","PaymentId":"851c3860-0a58-4a46-8e3d-2b74d02137b2","Type":"CreditCard","Currency":"BRL","Country":"BRA","Links":[{"Method":"GET","Rel":"self","Href":"https://apiquery.cieloecommerce.cielo.com.br/1/sales/851c3860-0a58-4a46-8e3d-2b74d02137b2"},{"Method":"PUT","Rel":"void","Href":"https://api.cieloecommerce.cielo.com.br/1/sales/851c3860-0a58-4a46-8e3d-2b74d02137b2/void"}]}}
    [headers] => 
    [info] => stdClass Object
        (
            [url] => https://api.cieloecommerce.cielo.com.br/1/sales
            [content_type] => application/json; charset=utf-8
            [http_code] => 201
            [header_size] => 366
            [request_size] => 793
            [filetime] => -1
            [ssl_verify_result] => 0
            [redirect_count] => 0
            [total_time] => 1.602858
            [namelookup_time] => 0.003596
            [connect_time] => 0.121728
            [pretransfer_time] => 0.369607
            [size_upload] => 514
            [size_download] => 1151
            [speed_download] => 718
            [speed_upload] => 320
            [download_content_length] => 1151
            [upload_content_length] => 514
            [starttransfer_time] => 1.602818
            [redirect_time] => 0
            [redirect_url] => 
            [primary_ip] => 20.195.168.97
            [certinfo] => Array
                (
                )

            [primary_port] => 443
            [local_ip] => 172.26.1.59
            [local_port] => 39324
            [http_version] => 2
            [protocol] => 2
            [ssl_verifyresult] => 0
            [scheme] => HTTPS
            [appconnect_time_us] => 369534
            [connect_time_us] => 121728
            [namelookup_time_us] => 3596
            [pretransfer_time_us] => 369607
            [redirect_time_us] => 0
            [starttransfer_time_us] => 1602818
            [total_time_us] => 1602858
        )

    [error] => 
    [status] => 201
    [decoded_response] => 
    [iterator_positon:RestClientCielo:private] => 
    [url] => https://api.cieloecommerce.cielo.com.br/1/sales
)

