05-15-2022 @ 21:34:15 - Erro Correios Online URL: http://ws.correios.com.br/calculador/CalcPrecoPrazo.aspx?nCdServico=03220&nCdEmpresa=22047719&sDsSenha=Imp3ri@l237&sCepDestino=91060100&sCepOrigem=96412830&nVlAltura=8,00&nVlLargura=30,00&nVlDiametro=0&nVlComprimento=30,00&nVlPeso=2,00&nCdFormato=1&sCdMaoPropria=N&nVlValorDeclarado=0,00&sCdAvisoRecebimento=N&StrRetorno=xml
05-15-2022 @ 21:34:15 - Erro ao Conectar nos Correios: WP_Error Object
(
    [errors] => Array
        (
            [http_request_failed] => Array
                (
                    [0] => cURL error 28: Operation timed out after 10000 milliseconds with 0 bytes received
                )

        )

    [error_data] => Array
        (
        )

    [additional_data:protected] => Array
        (
        )

)

05-15-2022 @ 22:06:48 - Erro Correios Online URL: http://ws.correios.com.br/calculador/CalcPrecoPrazo.aspx?nCdServico=03220&nCdEmpresa=22047719&sDsSenha=Imp3ri@l237&sCepDestino=03405040&sCepOrigem=96412830&nVlAltura=45,80&nVlLargura=45,80&nVlDiametro=0&nVlComprimento=35,00&nVlPeso=12,24&nCdFormato=1&sCdMaoPropria=N&nVlValorDeclarado=0,00&sCdAvisoRecebimento=N&StrRetorno=xml
05-15-2022 @ 22:06:48 - Erro ao Conectar nos Correios: WP_Error Object
(
    [errors] => Array
        (
            [http_request_failed] => Array
                (
                    [0] => cURL error 28: Operation timed out after 10001 milliseconds with 0 bytes received
                )

        )

    [error_data] => Array
        (
        )

    [additional_data:protected] => Array
        (
        )

)

05-15-2022 @ 22:07:26 - Calculo Online - Correios URL: http://ws.correios.com.br/calculador/CalcPrecoPrazo.aspx?nCdServico=03220&nCdEmpresa=22047719&sDsSenha=Imp3ri@l237&sCepDestino=03405040&sCepOrigem=96412830&nVlAltura=45,80&nVlLargura=45,80&nVlDiametro=0&nVlComprimento=35,00&nVlPeso=12,24&nCdFormato=1&sCdMaoPropria=N&nVlValorDeclarado=0,00&sCdAvisoRecebimento=N&StrRetorno=xml
05-15-2022 @ 22:07:26 - Debug Correios Resposta: SimpleXMLElement Object
(
    [cServico] => SimpleXMLElement Object
        (
            [Codigo] => 03220
            [Valor] => 0,00
            [PrazoEntrega] => 0
            [ValorSemAdicionais] => 0,00
            [ValorMaoPropria] => 0,00
            [ValorAvisoRecebimento] => 0,00
            [ValorValorDeclarado] => 0,00
            [EntregaDomiciliar] => SimpleXMLElement Object
                (
                )

            [EntregaSabado] => SimpleXMLElement Object
                (
                )

            [obsFim] => SimpleXMLElement Object
                (
                )

            [Erro] => -888
            [MsgErro] => SimpleXMLElement Object
                (
                )

        )

)

05-15-2022 @ 22:09:52 - Erro Correios Online URL: http://ws.correios.com.br/calculador/CalcPrecoPrazo.aspx?nCdServico=03220&nCdEmpresa=22047719&sDsSenha=Imp3ri@l237&sCepDestino=03405040&sCepOrigem=96412830&nVlAltura=45,80&nVlLargura=45,80&nVlDiametro=0&nVlComprimento=35,00&nVlPeso=12,24&nCdFormato=1&sCdMaoPropria=N&nVlValorDeclarado=0,00&sCdAvisoRecebimento=N&StrRetorno=xml
05-15-2022 @ 22:09:52 - Erro ao Conectar nos Correios: WP_Error Object
(
    [errors] => Array
        (
            [http_request_failed] => Array
                (
                    [0] => cURL error 28: Operation timed out after 10000 milliseconds with 0 bytes received
                )

        )

    [error_data] => Array
        (
        )

    [additional_data:protected] => Array
        (
        )

)

05-15-2022 @ 22:10:39 - Erro Correios Online URL: http://ws.correios.com.br/calculador/CalcPrecoPrazo.aspx?nCdServico=03220&nCdEmpresa=22047719&sDsSenha=Imp3ri@l237&sCepDestino=03405040&sCepOrigem=96412830&nVlAltura=45,80&nVlLargura=45,80&nVlDiametro=0&nVlComprimento=35,00&nVlPeso=12,24&nCdFormato=1&sCdMaoPropria=N&nVlValorDeclarado=0,00&sCdAvisoRecebimento=N&StrRetorno=xml
05-15-2022 @ 22:10:39 - Erro ao Conectar nos Correios: WP_Error Object
(
    [errors] => Array
        (
            [http_request_failed] => Array
                (
                    [0] => cURL error 28: Operation timed out after 10001 milliseconds with 0 bytes received
                )

        )

    [error_data] => Array
        (
        )

    [additional_data:protected] => Array
        (
        )

)

05-15-2022 @ 22:10:51 - Calculo Online - Correios URL: http://ws.correios.com.br/calculador/CalcPrecoPrazo.aspx?nCdServico=03220&nCdEmpresa=22047719&sDsSenha=Imp3ri@l237&sCepDestino=03405040&sCepOrigem=96412830&nVlAltura=45,80&nVlLargura=45,80&nVlDiametro=0&nVlComprimento=35,00&nVlPeso=12,24&nCdFormato=1&sCdMaoPropria=N&nVlValorDeclarado=0,00&sCdAvisoRecebimento=N&StrRetorno=xml
05-15-2022 @ 22:10:51 - Debug Correios Resposta: SimpleXMLElement Object
(
    [cServico] => SimpleXMLElement Object
        (
            [Codigo] => 03220
            [Valor] => 0,00
            [PrazoEntrega] => 0
            [ValorSemAdicionais] => 0,00
            [ValorMaoPropria] => 0,00
            [ValorAvisoRecebimento] => 0,00
            [ValorValorDeclarado] => 0,00
            [EntregaDomiciliar] => SimpleXMLElement Object
                (
                )

            [EntregaSabado] => SimpleXMLElement Object
                (
                )

            [obsFim] => SimpleXMLElement Object
                (
                )

            [Erro] => -888
            [MsgErro] => SimpleXMLElement Object
                (
                )

        )

)

05-15-2022 @ 22:11:13 - Erro Correios Online URL: http://ws.correios.com.br/calculador/CalcPrecoPrazo.aspx?nCdServico=03220&nCdEmpresa=22047719&sDsSenha=Imp3ri@l237&sCepDestino=03325000&sCepOrigem=96412830&nVlAltura=45,80&nVlLargura=45,80&nVlDiametro=0&nVlComprimento=35,00&nVlPeso=12,24&nCdFormato=1&sCdMaoPropria=N&nVlValorDeclarado=0,00&sCdAvisoRecebimento=N&StrRetorno=xml
05-15-2022 @ 22:11:13 - Erro ao Conectar nos Correios: WP_Error Object
(
    [errors] => Array
        (
            [http_request_failed] => Array
                (
                    [0] => cURL error 28: Operation timed out after 10001 milliseconds with 0 bytes received
                )

        )

    [error_data] => Array
        (
        )

    [additional_data:protected] => Array
        (
        )

)

05-15-2022 @ 22:11:25 - Calculo Online - Correios URL: http://ws.correios.com.br/calculador/CalcPrecoPrazo.aspx?nCdServico=03220&nCdEmpresa=22047719&sDsSenha=Imp3ri@l237&sCepDestino=03405040&sCepOrigem=96412830&nVlAltura=45,80&nVlLargura=45,80&nVlDiametro=0&nVlComprimento=35,00&nVlPeso=12,24&nCdFormato=1&sCdMaoPropria=N&nVlValorDeclarado=0,00&sCdAvisoRecebimento=N&StrRetorno=xml
05-15-2022 @ 22:11:25 - Debug Correios Resposta: SimpleXMLElement Object
(
    [cServico] => SimpleXMLElement Object
        (
            [Codigo] => 03220
            [Valor] => 0,00
            [PrazoEntrega] => 0
            [ValorSemAdicionais] => 0,00
            [ValorMaoPropria] => 0,00
            [ValorAvisoRecebimento] => 0,00
            [ValorValorDeclarado] => 0,00
            [EntregaDomiciliar] => SimpleXMLElement Object
                (
                )

            [EntregaSabado] => SimpleXMLElement Object
                (
                )

            [obsFim] => SimpleXMLElement Object
                (
                )

            [Erro] => -888
            [MsgErro] => SimpleXMLElement Object
                (
                )

        )

)

05-15-2022 @ 22:11:47 - Erro Correios Online URL: http://ws.correios.com.br/calculador/CalcPrecoPrazo.aspx?nCdServico=03220&nCdEmpresa=22047719&sDsSenha=Imp3ri@l237&sCepDestino=03405040&sCepOrigem=96412830&nVlAltura=45,80&nVlLargura=45,80&nVlDiametro=0&nVlComprimento=35,00&nVlPeso=12,24&nCdFormato=1&sCdMaoPropria=N&nVlValorDeclarado=0,00&sCdAvisoRecebimento=N&StrRetorno=xml
05-15-2022 @ 22:11:47 - Erro ao Conectar nos Correios: WP_Error Object
(
    [errors] => Array
        (
            [http_request_failed] => Array
                (
                    [0] => cURL error 28: Operation timed out after 10000 milliseconds with 0 bytes received
                )

        )

    [error_data] => Array
        (
        )

    [additional_data:protected] => Array
        (
        )

)

05-15-2022 @ 22:11:58 - Calculo Online - Correios URL: http://ws.correios.com.br/calculador/CalcPrecoPrazo.aspx?nCdServico=03220&nCdEmpresa=22047719&sDsSenha=Imp3ri@l237&sCepDestino=03325000&sCepOrigem=96412830&nVlAltura=45,80&nVlLargura=45,80&nVlDiametro=0&nVlComprimento=35,00&nVlPeso=12,24&nCdFormato=1&sCdMaoPropria=N&nVlValorDeclarado=0,00&sCdAvisoRecebimento=N&StrRetorno=xml
05-15-2022 @ 22:11:58 - Debug Correios Resposta: SimpleXMLElement Object
(
    [cServico] => SimpleXMLElement Object
        (
            [Codigo] => 03220
            [Valor] => 0,00
            [PrazoEntrega] => 0
            [ValorSemAdicionais] => 0,00
            [ValorMaoPropria] => 0,00
            [ValorAvisoRecebimento] => 0,00
            [ValorValorDeclarado] => 0,00
            [EntregaDomiciliar] => SimpleXMLElement Object
                (
                )

            [EntregaSabado] => SimpleXMLElement Object
                (
                )

            [obsFim] => SimpleXMLElement Object
                (
                )

            [Erro] => -888
            [MsgErro] => SimpleXMLElement Object
                (
                )

        )

)

05-15-2022 @ 22:12:10 - Erro Correios Online URL: http://ws.correios.com.br/calculador/CalcPrecoPrazo.aspx?nCdServico=03220&nCdEmpresa=22047719&sDsSenha=Imp3ri@l237&sCepDestino=03405040&sCepOrigem=96412830&nVlAltura=45,80&nVlLargura=45,80&nVlDiametro=0&nVlComprimento=35,00&nVlPeso=12,24&nCdFormato=1&sCdMaoPropria=N&nVlValorDeclarado=0,00&sCdAvisoRecebimento=N&StrRetorno=xml
05-15-2022 @ 22:12:10 - Erro ao Conectar nos Correios: WP_Error Object
(
    [errors] => Array
        (
            [http_request_failed] => Array
                (
                    [0] => cURL error 28: Operation timed out after 10001 milliseconds with 0 bytes received
                )

        )

    [error_data] => Array
        (
        )

    [additional_data:protected] => Array
        (
        )

)

05-15-2022 @ 22:12:32 - Erro Correios Online URL: http://ws.correios.com.br/calculador/CalcPrecoPrazo.aspx?nCdServico=03220&nCdEmpresa=22047719&sDsSenha=Imp3ri@l237&sCepDestino=03405040&sCepOrigem=96412830&nVlAltura=45,80&nVlLargura=45,80&nVlDiametro=0&nVlComprimento=35,00&nVlPeso=12,24&nCdFormato=1&sCdMaoPropria=N&nVlValorDeclarado=0,00&sCdAvisoRecebimento=N&StrRetorno=xml
05-15-2022 @ 22:12:32 - Erro ao Conectar nos Correios: WP_Error Object
(
    [errors] => Array
        (
            [http_request_failed] => Array
                (
                    [0] => cURL error 28: Operation timed out after 10000 milliseconds with 0 bytes received
                )

        )

    [error_data] => Array
        (
        )

    [additional_data:protected] => Array
        (
        )

)

05-15-2022 @ 22:12:54 - Erro Correios Online URL: http://ws.correios.com.br/calculador/CalcPrecoPrazo.aspx?nCdServico=03220&nCdEmpresa=22047719&sDsSenha=Imp3ri@l237&sCepDestino=03405040&sCepOrigem=96412830&nVlAltura=45,80&nVlLargura=45,80&nVlDiametro=0&nVlComprimento=35,00&nVlPeso=12,24&nCdFormato=1&sCdMaoPropria=N&nVlValorDeclarado=0,00&sCdAvisoRecebimento=N&StrRetorno=xml
05-15-2022 @ 22:12:54 - Erro ao Conectar nos Correios: WP_Error Object
(
    [errors] => Array
        (
            [http_request_failed] => Array
                (
                    [0] => cURL error 28: Operation timed out after 10001 milliseconds with 0 bytes received
                )

        )

    [error_data] => Array
        (
        )

    [additional_data:protected] => Array
        (
        )

)

05-15-2022 @ 22:13:16 - Erro Correios Online URL: http://ws.correios.com.br/calculador/CalcPrecoPrazo.aspx?nCdServico=03220&nCdEmpresa=22047719&sDsSenha=Imp3ri@l237&sCepDestino=03405040&sCepOrigem=96412830&nVlAltura=45,80&nVlLargura=45,80&nVlDiametro=0&nVlComprimento=35,00&nVlPeso=12,24&nCdFormato=1&sCdMaoPropria=N&nVlValorDeclarado=0,00&sCdAvisoRecebimento=N&StrRetorno=xml
05-15-2022 @ 22:13:16 - Erro ao Conectar nos Correios: WP_Error Object
(
    [errors] => Array
        (
            [http_request_failed] => Array
                (
                    [0] => cURL error 28: Operation timed out after 10000 milliseconds with 0 bytes received
                )

        )

    [error_data] => Array
        (
        )

    [additional_data:protected] => Array
        (
        )

)

05-15-2022 @ 22:13:37 - Erro Correios Online URL: http://ws.correios.com.br/calculador/CalcPrecoPrazo.aspx?nCdServico=03220&nCdEmpresa=22047719&sDsSenha=Imp3ri@l237&sCepDestino=03325000&sCepOrigem=96412830&nVlAltura=45,80&nVlLargura=45,80&nVlDiametro=0&nVlComprimento=35,00&nVlPeso=12,24&nCdFormato=1&sCdMaoPropria=N&nVlValorDeclarado=0,00&sCdAvisoRecebimento=N&StrRetorno=xml
05-15-2022 @ 22:13:37 - Erro ao Conectar nos Correios: WP_Error Object
(
    [errors] => Array
        (
            [http_request_failed] => Array
                (
                    [0] => cURL error 28: Operation timed out after 10000 milliseconds with 0 bytes received
                )

        )

    [error_data] => Array
        (
        )

    [additional_data:protected] => Array
        (
        )

)

05-15-2022 @ 22:14:37 - Erro Correios Online URL: http://ws.correios.com.br/calculador/CalcPrecoPrazo.aspx?nCdServico=03220&nCdEmpresa=22047719&sDsSenha=Imp3ri@l237&sCepDestino=03325000&sCepOrigem=96412830&nVlAltura=45,80&nVlLargura=45,80&nVlDiametro=0&nVlComprimento=35,00&nVlPeso=12,24&nCdFormato=1&sCdMaoPropria=N&nVlValorDeclarado=0,00&sCdAvisoRecebimento=N&StrRetorno=xml
05-15-2022 @ 22:14:37 - Erro ao Conectar nos Correios: WP_Error Object
(
    [errors] => Array
        (
            [http_request_failed] => Array
                (
                    [0] => cURL error 28: Operation timed out after 10001 milliseconds with 0 bytes received
                )

        )

    [error_data] => Array
        (
        )

    [additional_data:protected] => Array
        (
        )

)

05-15-2022 @ 22:14:59 - Erro Correios Online URL: http://ws.correios.com.br/calculador/CalcPrecoPrazo.aspx?nCdServico=03220&nCdEmpresa=22047719&sDsSenha=Imp3ri@l237&sCepDestino=03325000&sCepOrigem=96412830&nVlAltura=45,80&nVlLargura=45,80&nVlDiametro=0&nVlComprimento=35,00&nVlPeso=12,24&nCdFormato=1&sCdMaoPropria=N&nVlValorDeclarado=0,00&sCdAvisoRecebimento=N&StrRetorno=xml
05-15-2022 @ 22:14:59 - Erro ao Conectar nos Correios: WP_Error Object
(
    [errors] => Array
        (
            [http_request_failed] => Array
                (
                    [0] => cURL error 28: Operation timed out after 10000 milliseconds with 0 bytes received
                )

        )

    [error_data] => Array
        (
        )

    [additional_data:protected] => Array
        (
        )

)

05-15-2022 @ 22:15:20 - Erro Correios Online URL: http://ws.correios.com.br/calculador/CalcPrecoPrazo.aspx?nCdServico=03220&nCdEmpresa=22047719&sDsSenha=Imp3ri@l237&sCepDestino=03405040&sCepOrigem=96412830&nVlAltura=45,80&nVlLargura=45,80&nVlDiametro=0&nVlComprimento=35,00&nVlPeso=12,24&nCdFormato=1&sCdMaoPropria=N&nVlValorDeclarado=0,00&sCdAvisoRecebimento=N&StrRetorno=xml
05-15-2022 @ 22:15:20 - Erro ao Conectar nos Correios: WP_Error Object
(
    [errors] => Array
        (
            [http_request_failed] => Array
                (
                    [0] => cURL error 28: Operation timed out after 10001 milliseconds with 0 bytes received
                )

        )

    [error_data] => Array
        (
        )

    [additional_data:protected] => Array
        (
        )

)

05-15-2022 @ 22:15:42 - Erro Correios Online URL: http://ws.correios.com.br/calculador/CalcPrecoPrazo.aspx?nCdServico=03220&nCdEmpresa=22047719&sDsSenha=Imp3ri@l237&sCepDestino=03405040&sCepOrigem=96412830&nVlAltura=45,80&nVlLargura=45,80&nVlDiametro=0&nVlComprimento=35,00&nVlPeso=12,24&nCdFormato=1&sCdMaoPropria=N&nVlValorDeclarado=0,00&sCdAvisoRecebimento=N&StrRetorno=xml
05-15-2022 @ 22:15:42 - Erro ao Conectar nos Correios: WP_Error Object
(
    [errors] => Array
        (
            [http_request_failed] => Array
                (
                    [0] => cURL error 28: Operation timed out after 10000 milliseconds with 0 bytes received
                )

        )

    [error_data] => Array
        (
        )

    [additional_data:protected] => Array
        (
        )

)

05-15-2022 @ 22:15:58 - Calculo Online - Correios URL: http://ws.correios.com.br/calculador/CalcPrecoPrazo.aspx?nCdServico=03220&nCdEmpresa=22047719&sDsSenha=Imp3ri@l237&sCepDestino=03405040&sCepOrigem=96412830&nVlAltura=45,80&nVlLargura=45,80&nVlDiametro=0&nVlComprimento=35,00&nVlPeso=12,24&nCdFormato=1&sCdMaoPropria=N&nVlValorDeclarado=0,00&sCdAvisoRecebimento=N&StrRetorno=xml
05-15-2022 @ 22:15:58 - Debug Correios Resposta: SimpleXMLElement Object
(
    [cServico] => SimpleXMLElement Object
        (
            [Codigo] => 03220
            [Valor] => 194,02
            [PrazoEntrega] => 3
            [ValorSemAdicionais] => 194,02
            [ValorMaoPropria] => 0,00
            [ValorAvisoRecebimento] => 0,00
            [ValorValorDeclarado] => 0,00
            [EntregaDomiciliar] => S
            [EntregaSabado] => S
            [obsFim] => SimpleXMLElement Object
                (
                )

            [Erro] => 0
            [MsgErro] => SimpleXMLElement Object
                (
                )

        )

)

05-15-2022 @ 22:16:19 - Erro Correios Online URL: http://ws.correios.com.br/calculador/CalcPrecoPrazo.aspx?nCdServico=03220&nCdEmpresa=22047719&sDsSenha=Imp3ri@l237&sCepDestino=03405040&sCepOrigem=96412830&nVlAltura=45,80&nVlLargura=45,80&nVlDiametro=0&nVlComprimento=35,00&nVlPeso=12,24&nCdFormato=1&sCdMaoPropria=N&nVlValorDeclarado=0,00&sCdAvisoRecebimento=N&StrRetorno=xml
05-15-2022 @ 22:16:19 - Erro ao Conectar nos Correios: WP_Error Object
(
    [errors] => Array
        (
            [http_request_failed] => Array
                (
                    [0] => cURL error 28: Operation timed out after 10001 milliseconds with 0 bytes received
                )

        )

    [error_data] => Array
        (
        )

    [additional_data:protected] => Array
        (
        )

)

05-15-2022 @ 22:16:41 - Erro Correios Online URL: http://ws.correios.com.br/calculador/CalcPrecoPrazo.aspx?nCdServico=03220&nCdEmpresa=22047719&sDsSenha=Imp3ri@l237&sCepDestino=03405040&sCepOrigem=96412830&nVlAltura=45,80&nVlLargura=45,80&nVlDiametro=0&nVlComprimento=35,00&nVlPeso=12,24&nCdFormato=1&sCdMaoPropria=N&nVlValorDeclarado=0,00&sCdAvisoRecebimento=N&StrRetorno=xml
05-15-2022 @ 22:16:41 - Erro ao Conectar nos Correios: WP_Error Object
(
    [errors] => Array
        (
            [http_request_failed] => Array
                (
                    [0] => cURL error 28: Operation timed out after 10000 milliseconds with 0 bytes received
                )

        )

    [error_data] => Array
        (
        )

    [additional_data:protected] => Array
        (
        )

)

05-15-2022 @ 22:17:03 - Erro Correios Online URL: http://ws.correios.com.br/calculador/CalcPrecoPrazo.aspx?nCdServico=03220&nCdEmpresa=22047719&sDsSenha=Imp3ri@l237&sCepDestino=03405040&sCepOrigem=96412830&nVlAltura=45,80&nVlLargura=45,80&nVlDiametro=0&nVlComprimento=35,00&nVlPeso=12,24&nCdFormato=1&sCdMaoPropria=N&nVlValorDeclarado=0,00&sCdAvisoRecebimento=N&StrRetorno=xml
05-15-2022 @ 22:17:03 - Erro ao Conectar nos Correios: WP_Error Object
(
    [errors] => Array
        (
            [http_request_failed] => Array
                (
                    [0] => cURL error 28: Operation timed out after 10000 milliseconds with 0 bytes received
                )

        )

    [error_data] => Array
        (
        )

    [additional_data:protected] => Array
        (
        )

)

05-15-2022 @ 22:22:57 - Erro Correios Online URL: http://ws.correios.com.br/calculador/CalcPrecoPrazo.aspx?nCdServico=03220&nCdEmpresa=22047719&sDsSenha=Imp3ri@l237&sCepDestino=03405040&sCepOrigem=96412830&nVlAltura=45,80&nVlLargura=45,80&nVlDiametro=0&nVlComprimento=35,00&nVlPeso=12,24&nCdFormato=1&sCdMaoPropria=N&nVlValorDeclarado=0,00&sCdAvisoRecebimento=N&StrRetorno=xml
05-15-2022 @ 22:22:57 - Erro ao Conectar nos Correios: WP_Error Object
(
    [errors] => Array
        (
            [http_request_failed] => Array
                (
                    [0] => cURL error 28: Operation timed out after 10000 milliseconds with 0 bytes received
                )

        )

    [error_data] => Array
        (
        )

    [additional_data:protected] => Array
        (
        )

)

05-15-2022 @ 22:24:13 - Erro Correios Online URL: http://ws.correios.com.br/calculador/CalcPrecoPrazo.aspx?nCdServico=03220&nCdEmpresa=22047719&sDsSenha=Imp3ri@l237&sCepDestino=03325000&sCepOrigem=96412830&nVlAltura=45,80&nVlLargura=45,80&nVlDiametro=0&nVlComprimento=35,00&nVlPeso=12,24&nCdFormato=1&sCdMaoPropria=N&nVlValorDeclarado=0,00&sCdAvisoRecebimento=N&StrRetorno=xml
05-15-2022 @ 22:24:13 - Erro ao Conectar nos Correios: WP_Error Object
(
    [errors] => Array
        (
            [http_request_failed] => Array
                (
                    [0] => cURL error 28: Operation timed out after 10000 milliseconds with 0 bytes received
                )

        )

    [error_data] => Array
        (
        )

    [additional_data:protected] => Array
        (
        )

)

05-15-2022 @ 22:24:34 - Erro Correios Online URL: http://ws.correios.com.br/calculador/CalcPrecoPrazo.aspx?nCdServico=03220&nCdEmpresa=22047719&sDsSenha=Imp3ri@l237&sCepDestino=03325000&sCepOrigem=96412830&nVlAltura=45,80&nVlLargura=45,80&nVlDiametro=0&nVlComprimento=35,00&nVlPeso=12,24&nCdFormato=1&sCdMaoPropria=N&nVlValorDeclarado=0,00&sCdAvisoRecebimento=N&StrRetorno=xml
05-15-2022 @ 22:24:34 - Erro ao Conectar nos Correios: WP_Error Object
(
    [errors] => Array
        (
            [http_request_failed] => Array
                (
                    [0] => cURL error 28: Operation timed out after 10001 milliseconds with 0 bytes received
                )

        )

    [error_data] => Array
        (
        )

    [additional_data:protected] => Array
        (
        )

)

05-15-2022 @ 22:24:56 - Erro Correios Online URL: http://ws.correios.com.br/calculador/CalcPrecoPrazo.aspx?nCdServico=03220&nCdEmpresa=22047719&sDsSenha=Imp3ri@l237&sCepDestino=03325000&sCepOrigem=96412830&nVlAltura=45,80&nVlLargura=45,80&nVlDiametro=0&nVlComprimento=35,00&nVlPeso=12,24&nCdFormato=1&sCdMaoPropria=N&nVlValorDeclarado=0,00&sCdAvisoRecebimento=N&StrRetorno=xml
05-15-2022 @ 22:24:56 - Erro ao Conectar nos Correios: WP_Error Object
(
    [errors] => Array
        (
            [http_request_failed] => Array
                (
                    [0] => cURL error 28: Operation timed out after 10000 milliseconds with 0 bytes received
                )

        )

    [error_data] => Array
        (
        )

    [additional_data:protected] => Array
        (
        )

)

05-15-2022 @ 22:25:17 - Erro Correios Online URL: http://ws.correios.com.br/calculador/CalcPrecoPrazo.aspx?nCdServico=03220&nCdEmpresa=22047719&sDsSenha=Imp3ri@l237&sCepDestino=03405040&sCepOrigem=96412830&nVlAltura=45,80&nVlLargura=45,80&nVlDiametro=0&nVlComprimento=35,00&nVlPeso=12,24&nCdFormato=1&sCdMaoPropria=N&nVlValorDeclarado=0,00&sCdAvisoRecebimento=N&StrRetorno=xml
05-15-2022 @ 22:25:17 - Erro ao Conectar nos Correios: WP_Error Object
(
    [errors] => Array
        (
            [http_request_failed] => Array
                (
                    [0] => cURL error 28: Operation timed out after 10001 milliseconds with 0 bytes received
                )

        )

    [error_data] => Array
        (
        )

    [additional_data:protected] => Array
        (
        )

)

05-15-2022 @ 22:25:39 - Erro Correios Online URL: http://ws.correios.com.br/calculador/CalcPrecoPrazo.aspx?nCdServico=03220&nCdEmpresa=22047719&sDsSenha=Imp3ri@l237&sCepDestino=03405040&sCepOrigem=96412830&nVlAltura=45,80&nVlLargura=45,80&nVlDiametro=0&nVlComprimento=35,00&nVlPeso=12,24&nCdFormato=1&sCdMaoPropria=N&nVlValorDeclarado=0,00&sCdAvisoRecebimento=N&StrRetorno=xml
05-15-2022 @ 22:25:39 - Erro ao Conectar nos Correios: WP_Error Object
(
    [errors] => Array
        (
            [http_request_failed] => Array
                (
                    [0] => cURL error 28: Operation timed out after 10001 milliseconds with 0 bytes received
                )

        )

    [error_data] => Array
        (
        )

    [additional_data:protected] => Array
        (
        )

)

05-15-2022 @ 23:07:02 - Erro Correios Online URL: http://ws.correios.com.br/calculador/CalcPrecoPrazo.aspx?nCdServico=03220&nCdEmpresa=22047719&sDsSenha=Imp3ri@l237&sCepDestino=96780024&sCepOrigem=96412830&nVlAltura=15,00&nVlLargura=50,00&nVlDiametro=0&nVlComprimento=60,00&nVlPeso=8,00&nCdFormato=1&sCdMaoPropria=N&nVlValorDeclarado=0,00&sCdAvisoRecebimento=N&StrRetorno=xml
05-15-2022 @ 23:07:02 - Erro ao Conectar nos Correios: WP_Error Object
(
    [errors] => Array
        (
            [http_request_failed] => Array
                (
                    [0] => cURL error 28: Operation timed out after 10001 milliseconds with 0 bytes received
                )

        )

    [error_data] => Array
        (
        )

    [additional_data:protected] => Array
        (
        )

)

05-15-2022 @ 23:46:23 - Erro Correios Online URL: http://ws.correios.com.br/calculador/CalcPrecoPrazo.aspx?nCdServico=03220&nCdEmpresa=22047719&sDsSenha=Imp3ri@l237&sCepDestino=90035010&sCepOrigem=96412830&nVlAltura=10,00&nVlLargura=23,00&nVlDiametro=0&nVlComprimento=30,00&nVlPeso=0,40&nCdFormato=1&sCdMaoPropria=N&nVlValorDeclarado=0,00&sCdAvisoRecebimento=N&StrRetorno=xml
05-15-2022 @ 23:46:23 - Erro ao Conectar nos Correios: WP_Error Object
(
    [errors] => Array
        (
            [http_request_failed] => Array
                (
                    [0] => cURL error 28: Operation timed out after 10000 milliseconds with 0 bytes received
                )

        )

    [error_data] => Array
        (
        )

    [additional_data:protected] => Array
        (
        )

)

05-15-2022 @ 23:52:03 - Calculo Online - Correios URL: http://ws.correios.com.br/calculador/CalcPrecoPrazo.aspx?nCdServico=03220&nCdEmpresa=22047719&sDsSenha=Imp3ri@l237&sCepDestino=06708740&sCepOrigem=96412830&nVlAltura=20,00&nVlLargura=65,00&nVlDiametro=0&nVlComprimento=70,00&nVlPeso=20,00&nCdFormato=1&sCdMaoPropria=N&nVlValorDeclarado=0,00&sCdAvisoRecebimento=N&StrRetorno=xml
05-15-2022 @ 23:52:03 - Debug Correios Resposta: SimpleXMLElement Object
(
    [cServico] => SimpleXMLElement Object
        (
            [Codigo] => 03220
            [Valor] => 316,80
            [PrazoEntrega] => 3
            [ValorSemAdicionais] => 316,80
            [ValorMaoPropria] => 0,00
            [ValorAvisoRecebimento] => 0,00
            [ValorValorDeclarado] => 0,00
            [EntregaDomiciliar] => N
            [EntregaSabado] => S
            [obsFim] => SimpleXMLElement Object
                (
                )

            [Erro] => 0
            [MsgErro] => SimpleXMLElement Object
                (
                )

        )

)

05-16-2022 @ 05:12:13 - Calculo Online - Correios URL: http://ws.correios.com.br/calculador/CalcPrecoPrazo.aspx?nCdServico=03220&nCdEmpresa=22047719&sDsSenha=Imp3ri@l237&sCepDestino=95177130&sCepOrigem=96412830&nVlAltura=5,00&nVlLargura=25,00&nVlDiametro=0&nVlComprimento=30,00&nVlPeso=1,00&nCdFormato=1&sCdMaoPropria=N&nVlValorDeclarado=0,00&sCdAvisoRecebimento=N&StrRetorno=xml
05-16-2022 @ 05:12:13 - Debug Correios Resposta: SimpleXMLElement Object
(
    [cServico] => SimpleXMLElement Object
        (
            [Codigo] => 03220
            [Valor] => 24,05
            [PrazoEntrega] => 2
            [ValorSemAdicionais] => 24,05
            [ValorMaoPropria] => 0,00
            [ValorAvisoRecebimento] => 0,00
            [ValorValorDeclarado] => 0,00
            [EntregaDomiciliar] => S
            [EntregaSabado] => N
            [obsFim] => SimpleXMLElement Object
                (
                )

            [Erro] => 0
            [MsgErro] => SimpleXMLElement Object
                (
                )

        )

)

05-16-2022 @ 06:25:49 - Calculo Online - Correios URL: http://ws.correios.com.br/calculador/CalcPrecoPrazo.aspx?nCdServico=03220&nCdEmpresa=22047719&sDsSenha=Imp3ri@l237&sCepDestino=99950000&sCepOrigem=96412830&nVlAltura=10,00&nVlLargura=25,00&nVlDiametro=0&nVlComprimento=35,00&nVlPeso=2,00&nCdFormato=1&sCdMaoPropria=N&nVlValorDeclarado=0,00&sCdAvisoRecebimento=N&StrRetorno=xml
05-16-2022 @ 06:25:49 - Debug Correios Resposta: SimpleXMLElement Object
(
    [cServico] => SimpleXMLElement Object
        (
            [Codigo] => 03220
            [Valor] => 26,54
            [PrazoEntrega] => 5
            [ValorSemAdicionais] => 26,54
            [ValorMaoPropria] => 0,00
            [ValorAvisoRecebimento] => 0,00
            [ValorValorDeclarado] => 0,00
            [EntregaDomiciliar] => S
            [EntregaSabado] => N
            [obsFim] => Para as localidades com CEP único, com terminação 000, ou seja, que não possuem CEPs por logradouro, considera-se entrega domiciliária aquela prevista nos termos da Portaria nº 2.729/2021 do Ministério das Comunicações.
            [Erro] => 0
            [MsgErro] => SimpleXMLElement Object
                (
                )

        )

)

05-16-2022 @ 07:10:53 - Calculo Online - Correios URL: http://ws.correios.com.br/calculador/CalcPrecoPrazo.aspx?nCdServico=03220&nCdEmpresa=22047719&sDsSenha=Imp3ri@l237&sCepDestino=89031470&sCepOrigem=96412830&nVlAltura=5,00&nVlLargura=25,00&nVlDiametro=0&nVlComprimento=30,00&nVlPeso=1,00&nCdFormato=1&sCdMaoPropria=N&nVlValorDeclarado=0,00&sCdAvisoRecebimento=N&StrRetorno=xml
05-16-2022 @ 07:10:53 - Debug Correios Resposta: SimpleXMLElement Object
(
    [cServico] => SimpleXMLElement Object
        (
            [Codigo] => 03220
            [Valor] => 51,69
            [PrazoEntrega] => 3
            [ValorSemAdicionais] => 51,69
            [ValorMaoPropria] => 0,00
            [ValorAvisoRecebimento] => 0,00
            [ValorValorDeclarado] => 0,00
            [EntregaDomiciliar] => S
            [EntregaSabado] => S
            [obsFim] => SimpleXMLElement Object
                (
                )

            [Erro] => 0
            [MsgErro] => SimpleXMLElement Object
                (
                )

        )

)

05-16-2022 @ 08:08:28 - Erro Correios Online URL: http://ws.correios.com.br/calculador/CalcPrecoPrazo.aspx?nCdServico=03220&nCdEmpresa=22047719&sDsSenha=Imp3ri@l237&sCepDestino=38184022&sCepOrigem=96412830&nVlAltura=10,00&nVlLargura=30,00&nVlDiametro=0&nVlComprimento=40,00&nVlPeso=3,00&nCdFormato=1&sCdMaoPropria=N&nVlValorDeclarado=0,00&sCdAvisoRecebimento=N&StrRetorno=xml
05-16-2022 @ 08:08:28 - Erro ao Conectar nos Correios: WP_Error Object
(
    [errors] => Array
        (
            [http_request_failed] => Array
                (
                    [0] => cURL error 28: Operation timed out after 10000 milliseconds with 0 bytes received
                )

        )

    [error_data] => Array
        (
        )

    [additional_data:protected] => Array
        (
        )

)

05-16-2022 @ 08:08:39 - Erro Correios Online URL: http://ws.correios.com.br/calculador/CalcPrecoPrazo.aspx?nCdServico=03220&nCdEmpresa=22047719&sDsSenha=Imp3ri@l237&sCepDestino=38174022&sCepOrigem=96412830&nVlAltura=10,00&nVlLargura=30,00&nVlDiametro=0&nVlComprimento=40,00&nVlPeso=3,00&nCdFormato=1&sCdMaoPropria=N&nVlValorDeclarado=0,00&sCdAvisoRecebimento=N&StrRetorno=xml
05-16-2022 @ 08:08:39 - Erro ao Conectar nos Correios: WP_Error Object
(
    [errors] => Array
        (
            [http_request_failed] => Array
                (
                    [0] => cURL error 28: Operation timed out after 10001 milliseconds with 0 bytes received
                )

        )

    [error_data] => Array
        (
        )

    [additional_data:protected] => Array
        (
        )

)

05-16-2022 @ 08:32:19 - Calculo Online - Correios URL: http://ws.correios.com.br/calculador/CalcPrecoPrazo.aspx?nCdServico=03220&nCdEmpresa=22047719&sDsSenha=Imp3ri@l237&sCepDestino=89206500&sCepOrigem=96412830&nVlAltura=5,00&nVlLargura=25,00&nVlDiametro=0&nVlComprimento=30,00&nVlPeso=1,00&nCdFormato=1&sCdMaoPropria=N&nVlValorDeclarado=0,00&sCdAvisoRecebimento=N&StrRetorno=xml
05-16-2022 @ 08:32:19 - Debug Correios Resposta: SimpleXMLElement Object
(
    [cServico] => SimpleXMLElement Object
        (
            [Codigo] => 03220
            [Valor] => 51,69
            [PrazoEntrega] => 3
            [ValorSemAdicionais] => 51,69
            [ValorMaoPropria] => 0,00
            [ValorAvisoRecebimento] => 0,00
            [ValorValorDeclarado] => 0,00
            [EntregaDomiciliar] => S
            [EntregaSabado] => S
            [obsFim] => SimpleXMLElement Object
                (
                )

            [Erro] => 0
            [MsgErro] => SimpleXMLElement Object
                (
                )

        )

)

05-16-2022 @ 08:48:56 - Calculo Online - Correios URL: http://ws.correios.com.br/calculador/CalcPrecoPrazo.aspx?nCdServico=03220&nCdEmpresa=22047719&sDsSenha=Imp3ri@l237&sCepDestino=87710230&sCepOrigem=96412830&nVlAltura=10,00&nVlLargura=35,00&nVlDiametro=0&nVlComprimento=40,00&nVlPeso=4,50&nCdFormato=1&sCdMaoPropria=N&nVlValorDeclarado=0,00&sCdAvisoRecebimento=N&StrRetorno=xml
05-16-2022 @ 08:48:56 - Debug Correios Resposta: SimpleXMLElement Object
(
    [cServico] => SimpleXMLElement Object
        (
            [Codigo] => 03220
            [Valor] => 102,06
            [PrazoEntrega] => 4
            [ValorSemAdicionais] => 102,06
            [ValorMaoPropria] => 0,00
            [ValorAvisoRecebimento] => 0,00
            [ValorValorDeclarado] => 0,00
            [EntregaDomiciliar] => S
            [EntregaSabado] => N
            [obsFim] => SimpleXMLElement Object
                (
                )

            [Erro] => 0
            [MsgErro] => SimpleXMLElement Object
                (
                )

        )

)

05-16-2022 @ 08:48:59 - Calculo Online - Correios URL: http://ws.correios.com.br/calculador/CalcPrecoPrazo.aspx?nCdServico=03220&nCdEmpresa=22047719&sDsSenha=Imp3ri@l237&sCepDestino=87710230&sCepOrigem=96412830&nVlAltura=10,00&nVlLargura=35,00&nVlDiametro=0&nVlComprimento=40,00&nVlPeso=4,50&nCdFormato=1&sCdMaoPropria=N&nVlValorDeclarado=0,00&sCdAvisoRecebimento=N&StrRetorno=xml
05-16-2022 @ 08:48:59 - Debug Correios Resposta: SimpleXMLElement Object
(
    [cServico] => SimpleXMLElement Object
        (
            [Codigo] => 03220
            [Valor] => 102,06
            [PrazoEntrega] => 4
            [ValorSemAdicionais] => 102,06
            [ValorMaoPropria] => 0,00
            [ValorAvisoRecebimento] => 0,00
            [ValorValorDeclarado] => 0,00
            [EntregaDomiciliar] => S
            [EntregaSabado] => N
            [obsFim] => SimpleXMLElement Object
                (
                )

            [Erro] => 0
            [MsgErro] => SimpleXMLElement Object
                (
                )

        )

)

05-16-2022 @ 09:14:11 - Calculo Online - Correios URL: http://ws.correios.com.br/calculador/CalcPrecoPrazo.aspx?nCdServico=03220&nCdEmpresa=22047719&sDsSenha=Imp3ri@l237&sCepDestino=97070360&sCepOrigem=96412830&nVlAltura=5,00&nVlLargura=25,00&nVlDiametro=0&nVlComprimento=30,00&nVlPeso=1,00&nCdFormato=1&sCdMaoPropria=N&nVlValorDeclarado=0,00&sCdAvisoRecebimento=N&StrRetorno=xml
05-16-2022 @ 09:14:11 - Debug Correios Resposta: SimpleXMLElement Object
(
    [cServico] => SimpleXMLElement Object
        (
            [Codigo] => 03220
            [Valor] => 24,05
            [PrazoEntrega] => 2
            [ValorSemAdicionais] => 24,05
            [ValorMaoPropria] => 0,00
            [ValorAvisoRecebimento] => 0,00
            [ValorValorDeclarado] => 0,00
            [EntregaDomiciliar] => S
            [EntregaSabado] => S
            [obsFim] => SimpleXMLElement Object
                (
                )

            [Erro] => 0
            [MsgErro] => SimpleXMLElement Object
                (
                )

        )

)

05-16-2022 @ 09:33:08 - Calculo Online - Correios URL: http://ws.correios.com.br/calculador/CalcPrecoPrazo.aspx?nCdServico=03220&nCdEmpresa=22047719&sDsSenha=Imp3ri@l237&sCepDestino=25720170&sCepOrigem=96412830&nVlAltura=15,00&nVlLargura=50,00&nVlDiametro=0&nVlComprimento=60,00&nVlPeso=8,00&nCdFormato=1&sCdMaoPropria=N&nVlValorDeclarado=0,00&sCdAvisoRecebimento=N&StrRetorno=xml
05-16-2022 @ 09:33:08 - Debug Correios Resposta: SimpleXMLElement Object
(
    [cServico] => SimpleXMLElement Object
        (
            [Codigo] => 03220
            [Valor] => 156,51
            [PrazoEntrega] => 4
            [ValorSemAdicionais] => 156,51
            [ValorMaoPropria] => 0,00
            [ValorAvisoRecebimento] => 0,00
            [ValorValorDeclarado] => 0,00
            [EntregaDomiciliar] => S
            [EntregaSabado] => S
            [obsFim] => SimpleXMLElement Object
                (
                )

            [Erro] => 0
            [MsgErro] => SimpleXMLElement Object
                (
                )

        )

)

05-16-2022 @ 09:58:05 - Calculo Online - Correios URL: http://ws.correios.com.br/calculador/CalcPrecoPrazo.aspx?nCdServico=03220&nCdEmpresa=22047719&sDsSenha=Imp3ri@l237&sCepDestino=13091606&sCepOrigem=96412830&nVlAltura=15,00&nVlLargura=20,00&nVlDiametro=0&nVlComprimento=20,00&nVlPeso=1,00&nCdFormato=1&sCdMaoPropria=N&nVlValorDeclarado=0,00&sCdAvisoRecebimento=N&StrRetorno=xml
05-16-2022 @ 09:58:05 - Debug Correios Resposta: SimpleXMLElement Object
(
    [cServico] => SimpleXMLElement Object
        (
            [Codigo] => 03220
            [Valor] => 51,69
            [PrazoEntrega] => 2
            [ValorSemAdicionais] => 51,69
            [ValorMaoPropria] => 0,00
            [ValorAvisoRecebimento] => 0,00
            [ValorValorDeclarado] => 0,00
            [EntregaDomiciliar] => S
            [EntregaSabado] => S
            [obsFim] => SimpleXMLElement Object
                (
                )

            [Erro] => 0
            [MsgErro] => SimpleXMLElement Object
                (
                )

        )

)

05-16-2022 @ 10:21:55 - Calculo Online - Correios URL: http://ws.correios.com.br/calculador/CalcPrecoPrazo.aspx?nCdServico=03220&nCdEmpresa=22047719&sDsSenha=Imp3ri@l237&sCepDestino=25955650&sCepOrigem=96412830&nVlAltura=5,00&nVlLargura=25,00&nVlDiametro=0&nVlComprimento=30,00&nVlPeso=1,00&nCdFormato=1&sCdMaoPropria=N&nVlValorDeclarado=0,00&sCdAvisoRecebimento=N&StrRetorno=xml
05-16-2022 @ 10:21:55 - Debug Correios Resposta: SimpleXMLElement Object
(
    [cServico] => SimpleXMLElement Object
        (
            [Codigo] => 03220
            [Valor] => 66,33
            [PrazoEntrega] => 4
            [ValorSemAdicionais] => 66,33
            [ValorMaoPropria] => 0,00
            [ValorAvisoRecebimento] => 0,00
            [ValorValorDeclarado] => 0,00
            [EntregaDomiciliar] => S
            [EntregaSabado] => S
            [obsFim] => SimpleXMLElement Object
                (
                )

            [Erro] => 0
            [MsgErro] => SimpleXMLElement Object
                (
                )

        )

)

05-16-2022 @ 10:25:26 - Calculo Online - Correios URL: http://ws.correios.com.br/calculador/CalcPrecoPrazo.aspx?nCdServico=03220&nCdEmpresa=22047719&sDsSenha=Imp3ri@l237&sCepDestino=89820000&sCepOrigem=96412830&nVlAltura=5,00&nVlLargura=25,00&nVlDiametro=0&nVlComprimento=30,00&nVlPeso=1,00&nCdFormato=1&sCdMaoPropria=N&nVlValorDeclarado=0,00&sCdAvisoRecebimento=N&StrRetorno=xml
05-16-2022 @ 10:25:26 - Debug Correios Resposta: SimpleXMLElement Object
(
    [cServico] => SimpleXMLElement Object
        (
            [Codigo] => 03220
            [Valor] => 51,69
            [PrazoEntrega] => 3
            [ValorSemAdicionais] => 51,69
            [ValorMaoPropria] => 0,00
            [ValorAvisoRecebimento] => 0,00
            [ValorValorDeclarado] => 0,00
            [EntregaDomiciliar] => S
            [EntregaSabado] => N
            [obsFim] => Para as localidades com CEP único, com terminação 000, ou seja, que não possuem CEPs por logradouro, considera-se entrega domiciliária aquela prevista nos termos da Portaria nº 2.729/2021 do Ministério das Comunicações.
            [Erro] => 0
            [MsgErro] => SimpleXMLElement Object
                (
                )

        )

)

05-16-2022 @ 10:29:58 - Calculo Online - Correios URL: http://ws.correios.com.br/calculador/CalcPrecoPrazo.aspx?nCdServico=03220&nCdEmpresa=22047719&sDsSenha=Imp3ri@l237&sCepDestino=89820000&sCepOrigem=96412830&nVlAltura=15,80&nVlLargura=15,80&nVlDiametro=0&nVlComprimento=30,00&nVlPeso=2,00&nCdFormato=1&sCdMaoPropria=N&nVlValorDeclarado=0,00&sCdAvisoRecebimento=N&StrRetorno=xml
05-16-2022 @ 10:29:58 - Debug Correios Resposta: SimpleXMLElement Object
(
    [cServico] => SimpleXMLElement Object
        (
            [Codigo] => 03220
            [Valor] => 64,64
            [PrazoEntrega] => 3
            [ValorSemAdicionais] => 64,64
            [ValorMaoPropria] => 0,00
            [ValorAvisoRecebimento] => 0,00
            [ValorValorDeclarado] => 0,00
            [EntregaDomiciliar] => S
            [EntregaSabado] => N
            [obsFim] => Para as localidades com CEP único, com terminação 000, ou seja, que não possuem CEPs por logradouro, considera-se entrega domiciliária aquela prevista nos termos da Portaria nº 2.729/2021 do Ministério das Comunicações.
            [Erro] => 0
            [MsgErro] => SimpleXMLElement Object
                (
                )

        )

)

05-16-2022 @ 10:30:59 - Calculo Online - Correios URL: http://ws.correios.com.br/calculador/CalcPrecoPrazo.aspx?nCdServico=03220&nCdEmpresa=22047719&sDsSenha=Imp3ri@l237&sCepDestino=89820000&sCepOrigem=96412830&nVlAltura=27,40&nVlLargura=27,40&nVlDiametro=0&nVlComprimento=30,00&nVlPeso=3,00&nCdFormato=1&sCdMaoPropria=N&nVlValorDeclarado=0,00&sCdAvisoRecebimento=N&StrRetorno=xml
05-16-2022 @ 10:30:59 - Debug Correios Resposta: SimpleXMLElement Object
(
    [cServico] => SimpleXMLElement Object
        (
            [Codigo] => 03220
            [Valor] => 77,46
            [PrazoEntrega] => 3
            [ValorSemAdicionais] => 77,46
            [ValorMaoPropria] => 0,00
            [ValorAvisoRecebimento] => 0,00
            [ValorValorDeclarado] => 0,00
            [EntregaDomiciliar] => S
            [EntregaSabado] => N
            [obsFim] => Para as localidades com CEP único, com terminação 000, ou seja, que não possuem CEPs por logradouro, considera-se entrega domiciliária aquela prevista nos termos da Portaria nº 2.729/2021 do Ministério das Comunicações.
            [Erro] => 0
            [MsgErro] => SimpleXMLElement Object
                (
                )

        )

)

05-16-2022 @ 10:33:39 - Calculo Online - Correios URL: http://ws.correios.com.br/calculador/CalcPrecoPrazo.aspx?nCdServico=03220&nCdEmpresa=22047719&sDsSenha=Imp3ri@l237&sCepDestino=89820000&sCepOrigem=96412830&nVlAltura=15,80&nVlLargura=15,80&nVlDiametro=0&nVlComprimento=30,00&nVlPeso=2,00&nCdFormato=1&sCdMaoPropria=N&nVlValorDeclarado=0,00&sCdAvisoRecebimento=N&StrRetorno=xml
05-16-2022 @ 10:33:39 - Debug Correios Resposta: SimpleXMLElement Object
(
    [cServico] => SimpleXMLElement Object
        (
            [Codigo] => 03220
            [Valor] => 64,64
            [PrazoEntrega] => 3
            [ValorSemAdicionais] => 64,64
            [ValorMaoPropria] => 0,00
            [ValorAvisoRecebimento] => 0,00
            [ValorValorDeclarado] => 0,00
            [EntregaDomiciliar] => S
            [EntregaSabado] => N
            [obsFim] => Para as localidades com CEP único, com terminação 000, ou seja, que não possuem CEPs por logradouro, considera-se entrega domiciliária aquela prevista nos termos da Portaria nº 2.729/2021 do Ministério das Comunicações.
            [Erro] => 0
            [MsgErro] => SimpleXMLElement Object
                (
                )

        )

)

05-16-2022 @ 11:03:12 - Calculo Online - Correios URL: http://ws.correios.com.br/calculador/CalcPrecoPrazo.aspx?nCdServico=03220&nCdEmpresa=22047719&sDsSenha=Imp3ri@l237&sCepDestino=89820000&sCepOrigem=96412830&nVlAltura=5,00&nVlLargura=25,00&nVlDiametro=0&nVlComprimento=30,00&nVlPeso=1,00&nCdFormato=1&sCdMaoPropria=N&nVlValorDeclarado=0,00&sCdAvisoRecebimento=N&StrRetorno=xml
05-16-2022 @ 11:03:12 - Debug Correios Resposta: SimpleXMLElement Object
(
    [cServico] => SimpleXMLElement Object
        (
            [Codigo] => 03220
            [Valor] => 51,69
            [PrazoEntrega] => 3
            [ValorSemAdicionais] => 51,69
            [ValorMaoPropria] => 0,00
            [ValorAvisoRecebimento] => 0,00
            [ValorValorDeclarado] => 0,00
            [EntregaDomiciliar] => S
            [EntregaSabado] => N
            [obsFim] => Para as localidades com CEP único, com terminação 000, ou seja, que não possuem CEPs por logradouro, considera-se entrega domiciliária aquela prevista nos termos da Portaria nº 2.729/2021 do Ministério das Comunicações.
            [Erro] => 0
            [MsgErro] => SimpleXMLElement Object
                (
                )

        )

)

05-16-2022 @ 11:05:26 - Calculo Online - Correios URL: http://ws.correios.com.br/calculador/CalcPrecoPrazo.aspx?nCdServico=03220&nCdEmpresa=22047719&sDsSenha=Imp3ri@l237&sCepDestino=89820000&sCepOrigem=96412830&nVlAltura=5,00&nVlLargura=25,00&nVlDiametro=0&nVlComprimento=30,00&nVlPeso=1,00&nCdFormato=1&sCdMaoPropria=N&nVlValorDeclarado=0,00&sCdAvisoRecebimento=N&StrRetorno=xml
05-16-2022 @ 11:05:26 - Debug Correios Resposta: SimpleXMLElement Object
(
    [cServico] => SimpleXMLElement Object
        (
            [Codigo] => 03220
            [Valor] => 51,69
            [PrazoEntrega] => 3
            [ValorSemAdicionais] => 51,69
            [ValorMaoPropria] => 0,00
            [ValorAvisoRecebimento] => 0,00
            [ValorValorDeclarado] => 0,00
            [EntregaDomiciliar] => S
            [EntregaSabado] => N
            [obsFim] => Para as localidades com CEP único, com terminação 000, ou seja, que não possuem CEPs por logradouro, considera-se entrega domiciliária aquela prevista nos termos da Portaria nº 2.729/2021 do Ministério das Comunicações.
            [Erro] => 0
            [MsgErro] => SimpleXMLElement Object
                (
                )

        )

)

05-16-2022 @ 11:07:57 - Calculo Online - Correios URL: http://ws.correios.com.br/calculador/CalcPrecoPrazo.aspx?nCdServico=03220&nCdEmpresa=22047719&sDsSenha=Imp3ri@l237&sCepDestino=89820000&sCepOrigem=96412830&nVlAltura=15,80&nVlLargura=15,80&nVlDiametro=0&nVlComprimento=30,00&nVlPeso=2,00&nCdFormato=1&sCdMaoPropria=N&nVlValorDeclarado=0,00&sCdAvisoRecebimento=N&StrRetorno=xml
05-16-2022 @ 11:07:57 - Debug Correios Resposta: SimpleXMLElement Object
(
    [cServico] => SimpleXMLElement Object
        (
            [Codigo] => 03220
            [Valor] => 64,64
            [PrazoEntrega] => 3
            [ValorSemAdicionais] => 64,64
            [ValorMaoPropria] => 0,00
            [ValorAvisoRecebimento] => 0,00
            [ValorValorDeclarado] => 0,00
            [EntregaDomiciliar] => S
            [EntregaSabado] => N
            [obsFim] => Para as localidades com CEP único, com terminação 000, ou seja, que não possuem CEPs por logradouro, considera-se entrega domiciliária aquela prevista nos termos da Portaria nº 2.729/2021 do Ministério das Comunicações.
            [Erro] => 0
            [MsgErro] => SimpleXMLElement Object
                (
                )

        )

)

05-16-2022 @ 11:08:20 - Erro Correios Online URL: http://ws.correios.com.br/calculador/CalcPrecoPrazo.aspx?nCdServico=03220&nCdEmpresa=22047719&sDsSenha=Imp3ri@l237&sCepDestino=89820000&sCepOrigem=96412830&nVlAltura=5,00&nVlLargura=25,00&nVlDiametro=0&nVlComprimento=30,00&nVlPeso=1,00&nCdFormato=1&sCdMaoPropria=N&nVlValorDeclarado=0,00&sCdAvisoRecebimento=N&StrRetorno=xml
05-16-2022 @ 11:08:20 - Erro ao Conectar nos Correios: WP_Error Object
(
    [errors] => Array
        (
            [http_request_failed] => Array
                (
                    [0] => cURL error 28: Operation timed out after 10001 milliseconds with 0 bytes received
                )

        )

    [error_data] => Array
        (
        )

    [additional_data:protected] => Array
        (
        )

)

05-16-2022 @ 11:54:54 - Calculo Online - Correios URL: http://ws.correios.com.br/calculador/CalcPrecoPrazo.aspx?nCdServico=03220&nCdEmpresa=22047719&sDsSenha=Imp3ri@l237&sCepDestino=95041520&sCepOrigem=96412830&nVlAltura=34,60&nVlLargura=34,60&nVlDiametro=0&nVlComprimento=35,00&nVlPeso=7,00&nCdFormato=1&sCdMaoPropria=N&nVlValorDeclarado=0,00&sCdAvisoRecebimento=N&StrRetorno=xml
05-16-2022 @ 11:54:54 - Debug Correios Resposta: SimpleXMLElement Object
(
    [cServico] => SimpleXMLElement Object
        (
            [Codigo] => 03220
            [Valor] => 39,81
            [PrazoEntrega] => 2
            [ValorSemAdicionais] => 39,81
            [ValorMaoPropria] => 0,00
            [ValorAvisoRecebimento] => 0,00
            [ValorValorDeclarado] => 0,00
            [EntregaDomiciliar] => S
            [EntregaSabado] => S
            [obsFim] => SimpleXMLElement Object
                (
                )

            [Erro] => 0
            [MsgErro] => SimpleXMLElement Object
                (
                )

        )

)

05-16-2022 @ 11:56:41 - Calculo Online - Correios URL: http://ws.correios.com.br/calculador/CalcPrecoPrazo.aspx?nCdServico=03220&nCdEmpresa=22047719&sDsSenha=Imp3ri@l237&sCepDestino=18045460&sCepOrigem=96412830&nVlAltura=10,00&nVlLargura=35,00&nVlDiametro=0&nVlComprimento=40,00&nVlPeso=4,50&nCdFormato=1&sCdMaoPropria=N&nVlValorDeclarado=0,00&sCdAvisoRecebimento=N&StrRetorno=xml
05-16-2022 @ 11:56:41 - Debug Correios Resposta: SimpleXMLElement Object
(
    [cServico] => SimpleXMLElement Object
        (
            [Codigo] => 03220
            [Valor] => 102,06
            [PrazoEntrega] => 2
            [ValorSemAdicionais] => 102,06
            [ValorMaoPropria] => 0,00
            [ValorAvisoRecebimento] => 0,00
            [ValorValorDeclarado] => 0,00
            [EntregaDomiciliar] => S
            [EntregaSabado] => S
            [obsFim] => SimpleXMLElement Object
                (
                )

            [Erro] => 0
            [MsgErro] => SimpleXMLElement Object
                (
                )

        )

)

05-16-2022 @ 12:23:15 - Calculo Online - Correios URL: http://ws.correios.com.br/calculador/CalcPrecoPrazo.aspx?nCdServico=03220&nCdEmpresa=22047719&sDsSenha=Imp3ri@l237&sCepDestino=89813824&sCepOrigem=96412830&nVlAltura=10,00&nVlLargura=23,00&nVlDiametro=0&nVlComprimento=30,00&nVlPeso=0,40&nCdFormato=1&sCdMaoPropria=N&nVlValorDeclarado=0,00&sCdAvisoRecebimento=N&StrRetorno=xml
05-16-2022 @ 12:23:15 - Debug Correios Resposta: SimpleXMLElement Object
(
    [cServico] => SimpleXMLElement Object
        (
            [Codigo] => 03220
            [Valor] => 50,38
            [PrazoEntrega] => 3
            [ValorSemAdicionais] => 50,38
            [ValorMaoPropria] => 0,00
            [ValorAvisoRecebimento] => 0,00
            [ValorValorDeclarado] => 0,00
            [EntregaDomiciliar] => S
            [EntregaSabado] => S
            [obsFim] => SimpleXMLElement Object
                (
                )

            [Erro] => 0
            [MsgErro] => SimpleXMLElement Object
                (
                )

        )

)

05-16-2022 @ 13:36:58 - Calculo Online - Correios URL: http://ws.correios.com.br/calculador/CalcPrecoPrazo.aspx?nCdServico=03220&nCdEmpresa=22047719&sDsSenha=Imp3ri@l237&sCepDestino=99220000&sCepOrigem=96412830&nVlAltura=10,00&nVlLargura=23,00&nVlDiametro=0&nVlComprimento=30,00&nVlPeso=0,40&nCdFormato=1&sCdMaoPropria=N&nVlValorDeclarado=0,00&sCdAvisoRecebimento=N&StrRetorno=xml
05-16-2022 @ 13:36:58 - Debug Correios Resposta: SimpleXMLElement Object
(
    [cServico] => SimpleXMLElement Object
        (
            [Codigo] => 03220
            [Valor] => 22,09
            [PrazoEntrega] => 5
            [ValorSemAdicionais] => 22,09
            [ValorMaoPropria] => 0,00
            [ValorAvisoRecebimento] => 0,00
            [ValorValorDeclarado] => 0,00
            [EntregaDomiciliar] => S
            [EntregaSabado] => N
            [obsFim] => Para as localidades com CEP único, com terminação 000, ou seja, que não possuem CEPs por logradouro, considera-se entrega domiciliária aquela prevista nos termos da Portaria nº 2.729/2021 do Ministério das Comunicações.
            [Erro] => 0
            [MsgErro] => SimpleXMLElement Object
                (
                )

        )

)

05-16-2022 @ 14:17:33 - Calculo Online - Correios URL: http://ws.correios.com.br/calculador/CalcPrecoPrazo.aspx?nCdServico=03220&nCdEmpresa=22047719&sDsSenha=Imp3ri@l237&sCepDestino=88220000&sCepOrigem=96412830&nVlAltura=10,00&nVlLargura=35,00&nVlDiametro=0&nVlComprimento=40,00&nVlPeso=4,50&nCdFormato=1&sCdMaoPropria=N&nVlValorDeclarado=0,00&sCdAvisoRecebimento=N&StrRetorno=xml
05-16-2022 @ 14:17:33 - Debug Correios Resposta: SimpleXMLElement Object
(
    [cServico] => SimpleXMLElement Object
        (
            [Codigo] => 03220
            [Valor] => 102,06
            [PrazoEntrega] => 3
            [ValorSemAdicionais] => 102,06
            [ValorMaoPropria] => 0,00
            [ValorAvisoRecebimento] => 0,00
            [ValorValorDeclarado] => 0,00
            [EntregaDomiciliar] => S
            [EntregaSabado] => N
            [obsFim] => Para as localidades com CEP único, com terminação 000, ou seja, que não possuem CEPs por logradouro, considera-se entrega domiciliária aquela prevista nos termos da Portaria nº 2.729/2021 do Ministério das Comunicações.
            [Erro] => 0
            [MsgErro] => SimpleXMLElement Object
                (
                )

        )

)

05-16-2022 @ 14:50:13 - Calculo Online - Correios URL: http://ws.correios.com.br/calculador/CalcPrecoPrazo.aspx?nCdServico=03220&nCdEmpresa=22047719&sDsSenha=Imp3ri@l237&sCepDestino=03325000&sCepOrigem=96412830&nVlAltura=45,80&nVlLargura=45,80&nVlDiametro=0&nVlComprimento=35,00&nVlPeso=12,24&nCdFormato=1&sCdMaoPropria=N&nVlValorDeclarado=0,00&sCdAvisoRecebimento=N&StrRetorno=xml
05-16-2022 @ 14:50:13 - Debug Correios Resposta: SimpleXMLElement Object
(
    [cServico] => SimpleXMLElement Object
        (
            [Codigo] => 03220
            [Valor] => 194,02
            [PrazoEntrega] => 3
            [ValorSemAdicionais] => 194,02
            [ValorMaoPropria] => 0,00
            [ValorAvisoRecebimento] => 0,00
            [ValorValorDeclarado] => 0,00
            [EntregaDomiciliar] => S
            [EntregaSabado] => S
            [obsFim] => SimpleXMLElement Object
                (
                )

            [Erro] => 0
            [MsgErro] => SimpleXMLElement Object
                (
                )

        )

)

05-16-2022 @ 14:51:24 - Calculo Online - Correios URL: http://ws.correios.com.br/calculador/CalcPrecoPrazo.aspx?nCdServico=03220&nCdEmpresa=22047719&sDsSenha=Imp3ri@l237&sCepDestino=03405040&sCepOrigem=96412830&nVlAltura=45,80&nVlLargura=45,80&nVlDiametro=0&nVlComprimento=35,00&nVlPeso=12,24&nCdFormato=1&sCdMaoPropria=N&nVlValorDeclarado=0,00&sCdAvisoRecebimento=N&StrRetorno=xml
05-16-2022 @ 14:51:24 - Debug Correios Resposta: SimpleXMLElement Object
(
    [cServico] => SimpleXMLElement Object
        (
            [Codigo] => 03220
            [Valor] => 194,02
            [PrazoEntrega] => 3
            [ValorSemAdicionais] => 194,02
            [ValorMaoPropria] => 0,00
            [ValorAvisoRecebimento] => 0,00
            [ValorValorDeclarado] => 0,00
            [EntregaDomiciliar] => S
            [EntregaSabado] => S
            [obsFim] => SimpleXMLElement Object
                (
                )

            [Erro] => 0
            [MsgErro] => SimpleXMLElement Object
                (
                )

        )

)

05-16-2022 @ 14:57:31 - Calculo Online - Correios URL: http://ws.correios.com.br/calculador/CalcPrecoPrazo.aspx?nCdServico=03220&nCdEmpresa=22047719&sDsSenha=Imp3ri@l237&sCepDestino=37701313&sCepOrigem=96412830&nVlAltura=10,00&nVlLargura=23,00&nVlDiametro=0&nVlComprimento=30,00&nVlPeso=0,40&nCdFormato=1&sCdMaoPropria=N&nVlValorDeclarado=0,00&sCdAvisoRecebimento=N&StrRetorno=xml
05-16-2022 @ 14:57:31 - Debug Correios Resposta: SimpleXMLElement Object
(
    [cServico] => SimpleXMLElement Object
        (
            [Codigo] => 03220
            [Valor] => 64,50
            [PrazoEntrega] => 3
            [ValorSemAdicionais] => 64,50
            [ValorMaoPropria] => 0,00
            [ValorAvisoRecebimento] => 0,00
            [ValorValorDeclarado] => 0,00
            [EntregaDomiciliar] => S
            [EntregaSabado] => S
            [obsFim] => SimpleXMLElement Object
                (
                )

            [Erro] => 0
            [MsgErro] => SimpleXMLElement Object
                (
                )

        )

)

05-16-2022 @ 15:00:00 - Calculo Online - Correios URL: http://ws.correios.com.br/calculador/CalcPrecoPrazo.aspx?nCdServico=03220&nCdEmpresa=22047719&sDsSenha=Imp3ri@l237&sCepDestino=37701313&sCepOrigem=96412830&nVlAltura=10,00&nVlLargura=23,00&nVlDiametro=0&nVlComprimento=30,00&nVlPeso=0,40&nCdFormato=1&sCdMaoPropria=N&nVlValorDeclarado=0,00&sCdAvisoRecebimento=N&StrRetorno=xml
05-16-2022 @ 15:00:00 - Debug Correios Resposta: SimpleXMLElement Object
(
    [cServico] => SimpleXMLElement Object
        (
            [Codigo] => 03220
            [Valor] => 64,50
            [PrazoEntrega] => 3
            [ValorSemAdicionais] => 64,50
            [ValorMaoPropria] => 0,00
            [ValorAvisoRecebimento] => 0,00
            [ValorValorDeclarado] => 0,00
            [EntregaDomiciliar] => S
            [EntregaSabado] => S
            [obsFim] => SimpleXMLElement Object
                (
                )

            [Erro] => 0
            [MsgErro] => SimpleXMLElement Object
                (
                )

        )

)

05-16-2022 @ 15:15:45 - Calculo Online - Correios URL: http://ws.correios.com.br/calculador/CalcPrecoPrazo.aspx?nCdServico=03220&nCdEmpresa=22047719&sDsSenha=Imp3ri@l237&sCepDestino=15115000&sCepOrigem=96412830&nVlAltura=10,00&nVlLargura=25,00&nVlDiametro=0&nVlComprimento=35,00&nVlPeso=2,00&nCdFormato=1&sCdMaoPropria=N&nVlValorDeclarado=0,00&sCdAvisoRecebimento=N&StrRetorno=xml
05-16-2022 @ 15:15:45 - Debug Correios Resposta: SimpleXMLElement Object
(
    [cServico] => SimpleXMLElement Object
        (
            [Codigo] => 03220
            [Valor] => 64,64
            [PrazoEntrega] => 6
            [ValorSemAdicionais] => 64,64
            [ValorMaoPropria] => 0,00
            [ValorAvisoRecebimento] => 0,00
            [ValorValorDeclarado] => 0,00
            [EntregaDomiciliar] => S
            [EntregaSabado] => N
            [obsFim] => Para as localidades com CEP único, com terminação 000, ou seja, que não possuem CEPs por logradouro, considera-se entrega domiciliária aquela prevista nos termos da Portaria nº 2.729/2021 do Ministério das Comunicações.
            [Erro] => 0
            [MsgErro] => SimpleXMLElement Object
                (
                )

        )

)

05-16-2022 @ 15:34:52 - Calculo Online - Correios URL: http://ws.correios.com.br/calculador/CalcPrecoPrazo.aspx?nCdServico=03220&nCdEmpresa=22047719&sDsSenha=Imp3ri@l237&sCepDestino=25955650&sCepOrigem=96412830&nVlAltura=5,00&nVlLargura=25,00&nVlDiametro=0&nVlComprimento=30,00&nVlPeso=1,00&nCdFormato=1&sCdMaoPropria=N&nVlValorDeclarado=0,00&sCdAvisoRecebimento=N&StrRetorno=xml
05-16-2022 @ 15:34:52 - Debug Correios Resposta: SimpleXMLElement Object
(
    [cServico] => SimpleXMLElement Object
        (
            [Codigo] => 03220
            [Valor] => 66,33
            [PrazoEntrega] => 4
            [ValorSemAdicionais] => 66,33
            [ValorMaoPropria] => 0,00
            [ValorAvisoRecebimento] => 0,00
            [ValorValorDeclarado] => 0,00
            [EntregaDomiciliar] => S
            [EntregaSabado] => S
            [obsFim] => SimpleXMLElement Object
                (
                )

            [Erro] => 0
            [MsgErro] => SimpleXMLElement Object
                (
                )

        )

)

05-16-2022 @ 15:55:23 - Calculo Online - Correios URL: http://ws.correios.com.br/calculador/CalcPrecoPrazo.aspx?nCdServico=03220&nCdEmpresa=22047719&sDsSenha=Imp3ri@l237&sCepDestino=95041520&sCepOrigem=96412830&nVlAltura=36,20&nVlLargura=36,20&nVlDiametro=0&nVlComprimento=35,00&nVlPeso=8,00&nCdFormato=1&sCdMaoPropria=N&nVlValorDeclarado=0,00&sCdAvisoRecebimento=N&StrRetorno=xml
05-16-2022 @ 15:55:23 - Debug Correios Resposta: SimpleXMLElement Object
(
    [cServico] => SimpleXMLElement Object
        (
            [Codigo] => 03220
            [Valor] => 42,57
            [PrazoEntrega] => 2
            [ValorSemAdicionais] => 42,57
            [ValorMaoPropria] => 0,00
            [ValorAvisoRecebimento] => 0,00
            [ValorValorDeclarado] => 0,00
            [EntregaDomiciliar] => S
            [EntregaSabado] => S
            [obsFim] => SimpleXMLElement Object
                (
                )

            [Erro] => 0
            [MsgErro] => SimpleXMLElement Object
                (
                )

        )

)

05-16-2022 @ 15:55:26 - Calculo Online - Correios URL: http://ws.correios.com.br/calculador/CalcPrecoPrazo.aspx?nCdServico=03220&nCdEmpresa=22047719&sDsSenha=Imp3ri@l237&sCepDestino=95041520&sCepOrigem=96412830&nVlAltura=36,20&nVlLargura=36,20&nVlDiametro=0&nVlComprimento=35,00&nVlPeso=8,00&nCdFormato=1&sCdMaoPropria=N&nVlValorDeclarado=0,00&sCdAvisoRecebimento=N&StrRetorno=xml
05-16-2022 @ 15:55:26 - Debug Correios Resposta: SimpleXMLElement Object
(
    [cServico] => SimpleXMLElement Object
        (
            [Codigo] => 03220
            [Valor] => 42,57
            [PrazoEntrega] => 2
            [ValorSemAdicionais] => 42,57
            [ValorMaoPropria] => 0,00
            [ValorAvisoRecebimento] => 0,00
            [ValorValorDeclarado] => 0,00
            [EntregaDomiciliar] => S
            [EntregaSabado] => S
            [obsFim] => SimpleXMLElement Object
                (
                )

            [Erro] => 0
            [MsgErro] => SimpleXMLElement Object
                (
                )

        )

)

05-16-2022 @ 15:55:34 - Calculo Online - Correios URL: http://ws.correios.com.br/calculador/CalcPrecoPrazo.aspx?nCdServico=03220&nCdEmpresa=22047719&sDsSenha=Imp3ri@l237&sCepDestino=95041520&sCepOrigem=96412830&nVlAltura=37,60&nVlLargura=37,60&nVlDiametro=0&nVlComprimento=35,00&nVlPeso=8,50&nCdFormato=1&sCdMaoPropria=N&nVlValorDeclarado=0,00&sCdAvisoRecebimento=N&StrRetorno=xml
05-16-2022 @ 15:55:34 - Debug Correios Resposta: SimpleXMLElement Object
(
    [cServico] => SimpleXMLElement Object
        (
            [Codigo] => 03220
            [Valor] => 45,36
            [PrazoEntrega] => 2
            [ValorSemAdicionais] => 45,36
            [ValorMaoPropria] => 0,00
            [ValorAvisoRecebimento] => 0,00
            [ValorValorDeclarado] => 0,00
            [EntregaDomiciliar] => S
            [EntregaSabado] => S
            [obsFim] => SimpleXMLElement Object
                (
                )

            [Erro] => 0
            [MsgErro] => SimpleXMLElement Object
                (
                )

        )

)

05-16-2022 @ 16:01:00 - Calculo Online - Correios URL: http://ws.correios.com.br/calculador/CalcPrecoPrazo.aspx?nCdServico=03220&nCdEmpresa=22047719&sDsSenha=Imp3ri@l237&sCepDestino=95041520&sCepOrigem=96412830&nVlAltura=48,80&nVlLargura=48,80&nVlDiametro=0&nVlComprimento=35,00&nVlPeso=17,50&nCdFormato=1&sCdMaoPropria=N&nVlValorDeclarado=0,00&sCdAvisoRecebimento=N&StrRetorno=xml
05-16-2022 @ 16:01:00 - Debug Correios Resposta: SimpleXMLElement Object
(
    [cServico] => SimpleXMLElement Object
        (
            [Codigo] => 03220
            [Valor] => 96,41
            [PrazoEntrega] => 2
            [ValorSemAdicionais] => 96,41
            [ValorMaoPropria] => 0,00
            [ValorAvisoRecebimento] => 0,00
            [ValorValorDeclarado] => 0,00
            [EntregaDomiciliar] => S
            [EntregaSabado] => S
            [obsFim] => SimpleXMLElement Object
                (
                )

            [Erro] => 0
            [MsgErro] => SimpleXMLElement Object
                (
                )

        )

)

05-16-2022 @ 16:02:36 - Calculo Online - Correios URL: http://ws.correios.com.br/calculador/CalcPrecoPrazo.aspx?nCdServico=03220&nCdEmpresa=22047719&sDsSenha=Imp3ri@l237&sCepDestino=95041520&sCepOrigem=96412830&nVlAltura=49,90&nVlLargura=49,90&nVlDiametro=0&nVlComprimento=35,00&nVlPeso=18,50&nCdFormato=1&sCdMaoPropria=N&nVlValorDeclarado=0,00&sCdAvisoRecebimento=N&StrRetorno=xml
05-16-2022 @ 16:02:36 - Debug Correios Resposta: SimpleXMLElement Object
(
    [cServico] => SimpleXMLElement Object
        (
            [Codigo] => 03220
            [Valor] => 102,41
            [PrazoEntrega] => 2
            [ValorSemAdicionais] => 102,41
            [ValorMaoPropria] => 0,00
            [ValorAvisoRecebimento] => 0,00
            [ValorValorDeclarado] => 0,00
            [EntregaDomiciliar] => S
            [EntregaSabado] => S
            [obsFim] => SimpleXMLElement Object
                (
                )

            [Erro] => 0
            [MsgErro] => SimpleXMLElement Object
                (
                )

        )

)

05-16-2022 @ 16:02:42 - Calculo Online - Correios URL: http://ws.correios.com.br/calculador/CalcPrecoPrazo.aspx?nCdServico=03220&nCdEmpresa=22047719&sDsSenha=Imp3ri@l237&sCepDestino=95041520&sCepOrigem=96412830&nVlAltura=50,90&nVlLargura=50,90&nVlDiametro=0&nVlComprimento=35,00&nVlPeso=19,00&nCdFormato=1&sCdMaoPropria=N&nVlValorDeclarado=0,00&sCdAvisoRecebimento=N&StrRetorno=xml
05-16-2022 @ 16:02:42 - Debug Correios Resposta: SimpleXMLElement Object
(
    [cServico] => SimpleXMLElement Object
        (
            [Codigo] => 03220
            [Valor] => 102,41
            [PrazoEntrega] => 2
            [ValorSemAdicionais] => 102,41
            [ValorMaoPropria] => 0,00
            [ValorAvisoRecebimento] => 0,00
            [ValorValorDeclarado] => 0,00
            [EntregaDomiciliar] => S
            [EntregaSabado] => S
            [obsFim] => SimpleXMLElement Object
                (
                )

            [Erro] => 0
            [MsgErro] => SimpleXMLElement Object
                (
                )

        )

)

05-16-2022 @ 16:03:18 - Calculo Online - Correios URL: http://ws.correios.com.br/calculador/CalcPrecoPrazo.aspx?nCdServico=03220&nCdEmpresa=22047719&sDsSenha=Imp3ri@l237&sCepDestino=95041520&sCepOrigem=96412830&nVlAltura=52,00&nVlLargura=52,00&nVlDiametro=0&nVlComprimento=35,00&nVlPeso=19,50&nCdFormato=1&sCdMaoPropria=N&nVlValorDeclarado=0,00&sCdAvisoRecebimento=N&StrRetorno=xml
05-16-2022 @ 16:03:18 - Debug Correios Resposta: SimpleXMLElement Object
(
    [cServico] => SimpleXMLElement Object
        (
            [Codigo] => 03220
            [Valor] => 108,41
            [PrazoEntrega] => 2
            [ValorSemAdicionais] => 108,41
            [ValorMaoPropria] => 0,00
            [ValorAvisoRecebimento] => 0,00
            [ValorValorDeclarado] => 0,00
            [EntregaDomiciliar] => S
            [EntregaSabado] => S
            [obsFim] => SimpleXMLElement Object
                (
                )

            [Erro] => 0
            [MsgErro] => SimpleXMLElement Object
                (
                )

        )

)

05-16-2022 @ 16:03:21 - Calculo Online - Correios URL: http://ws.correios.com.br/calculador/CalcPrecoPrazo.aspx?nCdServico=03220&nCdEmpresa=22047719&sDsSenha=Imp3ri@l237&sCepDestino=95041520&sCepOrigem=96412830&nVlAltura=52,00&nVlLargura=52,00&nVlDiametro=0&nVlComprimento=35,00&nVlPeso=20,00&nCdFormato=1&sCdMaoPropria=N&nVlValorDeclarado=0,00&sCdAvisoRecebimento=N&StrRetorno=xml
05-16-2022 @ 16:03:21 - Debug Correios Resposta: SimpleXMLElement Object
(
    [cServico] => SimpleXMLElement Object
        (
            [Codigo] => 03220
            [Valor] => 108,41
            [PrazoEntrega] => 2
            [ValorSemAdicionais] => 108,41
            [ValorMaoPropria] => 0,00
            [ValorAvisoRecebimento] => 0,00
            [ValorValorDeclarado] => 0,00
            [EntregaDomiciliar] => S
            [EntregaSabado] => S
            [obsFim] => SimpleXMLElement Object
                (
                )

            [Erro] => 0
            [MsgErro] => SimpleXMLElement Object
                (
                )

        )

)

05-16-2022 @ 16:04:54 - Calculo Online - Correios URL: http://ws.correios.com.br/calculador/CalcPrecoPrazo.aspx?nCdServico=03220&nCdEmpresa=22047719&sDsSenha=Imp3ri@l237&sCepDestino=95041520&sCepOrigem=96412830&nVlAltura=54,00&nVlLargura=54,00&nVlDiametro=0&nVlComprimento=35,00&nVlPeso=21,00&nCdFormato=1&sCdMaoPropria=N&nVlValorDeclarado=0,00&sCdAvisoRecebimento=N&StrRetorno=xml
05-16-2022 @ 16:04:54 - Debug Correios Resposta: SimpleXMLElement Object
(
    [cServico] => SimpleXMLElement Object
        (
            [Codigo] => 03220
            [Valor] => 114,41
            [PrazoEntrega] => 2
            [ValorSemAdicionais] => 114,41
            [ValorMaoPropria] => 0,00
            [ValorAvisoRecebimento] => 0,00
            [ValorValorDeclarado] => 0,00
            [EntregaDomiciliar] => S
            [EntregaSabado] => S
            [obsFim] => SimpleXMLElement Object
                (
                )

            [Erro] => 0
            [MsgErro] => SimpleXMLElement Object
                (
                )

        )

)

05-16-2022 @ 16:12:13 - Calculo Online - Correios URL: http://ws.correios.com.br/calculador/CalcPrecoPrazo.aspx?nCdServico=03220&nCdEmpresa=22047719&sDsSenha=Imp3ri@l237&sCepDestino=95041520&sCepOrigem=96412830&nVlAltura=55,00&nVlLargura=55,00&nVlDiametro=0&nVlComprimento=35,00&nVlPeso=21,50&nCdFormato=1&sCdMaoPropria=N&nVlValorDeclarado=0,00&sCdAvisoRecebimento=N&StrRetorno=xml
05-16-2022 @ 16:12:13 - Debug Correios Resposta: SimpleXMLElement Object
(
    [cServico] => SimpleXMLElement Object
        (
            [Codigo] => 03220
            [Valor] => 120,41
            [PrazoEntrega] => 2
            [ValorSemAdicionais] => 120,41
            [ValorMaoPropria] => 0,00
            [ValorAvisoRecebimento] => 0,00
            [ValorValorDeclarado] => 0,00
            [EntregaDomiciliar] => S
            [EntregaSabado] => S
            [obsFim] => SimpleXMLElement Object
                (
                )

            [Erro] => 0
            [MsgErro] => SimpleXMLElement Object
                (
                )

        )

)

05-16-2022 @ 16:12:16 - Calculo Online - Correios URL: http://ws.correios.com.br/calculador/CalcPrecoPrazo.aspx?nCdServico=03220&nCdEmpresa=22047719&sDsSenha=Imp3ri@l237&sCepDestino=95041520&sCepOrigem=96412830&nVlAltura=55,00&nVlLargura=55,00&nVlDiametro=0&nVlComprimento=35,00&nVlPeso=21,50&nCdFormato=1&sCdMaoPropria=N&nVlValorDeclarado=0,00&sCdAvisoRecebimento=N&StrRetorno=xml
05-16-2022 @ 16:12:16 - Debug Correios Resposta: SimpleXMLElement Object
(
    [cServico] => SimpleXMLElement Object
        (
            [Codigo] => 03220
            [Valor] => 120,41
            [PrazoEntrega] => 2
            [ValorSemAdicionais] => 120,41
            [ValorMaoPropria] => 0,00
            [ValorAvisoRecebimento] => 0,00
            [ValorValorDeclarado] => 0,00
            [EntregaDomiciliar] => S
            [EntregaSabado] => S
            [obsFim] => SimpleXMLElement Object
                (
                )

            [Erro] => 0
            [MsgErro] => SimpleXMLElement Object
                (
                )

        )

)

05-16-2022 @ 16:13:37 - Calculo Online - Correios URL: http://ws.correios.com.br/calculador/CalcPrecoPrazo.aspx?nCdServico=03220&nCdEmpresa=22047719&sDsSenha=Imp3ri@l237&sCepDestino=95041520&sCepOrigem=96412830&nVlAltura=55,90&nVlLargura=55,90&nVlDiametro=0&nVlComprimento=35,00&nVlPeso=22,00&nCdFormato=1&sCdMaoPropria=N&nVlValorDeclarado=0,00&sCdAvisoRecebimento=N&StrRetorno=xml
05-16-2022 @ 16:13:37 - Debug Correios Resposta: SimpleXMLElement Object
(
    [cServico] => SimpleXMLElement Object
        (
            [Codigo] => 03220
            [Valor] => 120,41
            [PrazoEntrega] => 2
            [ValorSemAdicionais] => 120,41
            [ValorMaoPropria] => 0,00
            [ValorAvisoRecebimento] => 0,00
            [ValorValorDeclarado] => 0,00
            [EntregaDomiciliar] => S
            [EntregaSabado] => S
            [obsFim] => SimpleXMLElement Object
                (
                )

            [Erro] => 0
            [MsgErro] => SimpleXMLElement Object
                (
                )

        )

)

05-16-2022 @ 16:30:27 - Calculo Online - Correios URL: http://ws.correios.com.br/calculador/CalcPrecoPrazo.aspx?nCdServico=03220&nCdEmpresa=22047719&sDsSenha=Imp3ri@l237&sCepDestino=85501058&sCepOrigem=96412830&nVlAltura=34,60&nVlLargura=34,60&nVlDiametro=0&nVlComprimento=30,00&nVlPeso=3,00&nCdFormato=1&sCdMaoPropria=N&nVlValorDeclarado=0,00&sCdAvisoRecebimento=N&StrRetorno=xml
05-16-2022 @ 16:30:27 - Debug Correios Resposta: SimpleXMLElement Object
(
    [cServico] => SimpleXMLElement Object
        (
            [Codigo] => 03220
            [Valor] => 107,83
            [PrazoEntrega] => 4
            [ValorSemAdicionais] => 107,83
            [ValorMaoPropria] => 0,00
            [ValorAvisoRecebimento] => 0,00
            [ValorValorDeclarado] => 0,00
            [EntregaDomiciliar] => S
            [EntregaSabado] => N
            [obsFim] => SimpleXMLElement Object
                (
                )

            [Erro] => 0
            [MsgErro] => SimpleXMLElement Object
                (
                )

        )

)

05-16-2022 @ 17:09:30 - Erro Correios Online URL: http://ws.correios.com.br/calculador/CalcPrecoPrazo.aspx?nCdServico=03220&nCdEmpresa=22047719&sDsSenha=Imp3ri@l237&sCepDestino=88820000&sCepOrigem=96412830&nVlAltura=10,00&nVlLargura=30,00&nVlDiametro=0&nVlComprimento=30,00&nVlPeso=2,00&nCdFormato=1&sCdMaoPropria=N&nVlValorDeclarado=0,00&sCdAvisoRecebimento=N&StrRetorno=xml
05-16-2022 @ 17:09:30 - Erro ao Conectar nos Correios: WP_Error Object
(
    [errors] => Array
        (
            [http_request_failed] => Array
                (
                    [0] => cURL error 56: Recv failure: Connection reset by peer
                )

        )

    [error_data] => Array
        (
        )

    [additional_data:protected] => Array
        (
        )

)

05-16-2022 @ 17:09:32 - Erro Correios Online URL: http://ws.correios.com.br/calculador/CalcPrecoPrazo.aspx?nCdServico=03220&nCdEmpresa=22047719&sDsSenha=Imp3ri@l237&sCepDestino=88820000&sCepOrigem=96412830&nVlAltura=10,00&nVlLargura=30,00&nVlDiametro=0&nVlComprimento=30,00&nVlPeso=2,00&nCdFormato=1&sCdMaoPropria=N&nVlValorDeclarado=0,00&sCdAvisoRecebimento=N&StrRetorno=xml
05-16-2022 @ 17:09:32 - Erro ao Conectar nos Correios: WP_Error Object
(
    [errors] => Array
        (
            [http_request_failed] => Array
                (
                    [0] => cURL error 56: Recv failure: Connection reset by peer
                )

        )

    [error_data] => Array
        (
        )

    [additional_data:protected] => Array
        (
        )

)

05-16-2022 @ 17:12:55 - Erro Correios Online URL: http://ws.correios.com.br/calculador/CalcPrecoPrazo.aspx?nCdServico=03220&nCdEmpresa=22047719&sDsSenha=Imp3ri@l237&sCepDestino=94425370&sCepOrigem=96412830&nVlAltura=10,00&nVlLargura=23,00&nVlDiametro=0&nVlComprimento=30,00&nVlPeso=0,40&nCdFormato=1&sCdMaoPropria=N&nVlValorDeclarado=0,00&sCdAvisoRecebimento=N&StrRetorno=xml
05-16-2022 @ 17:12:55 - Erro ao Conectar nos Correios: WP_Error Object
(
    [errors] => Array
        (
            [http_request_failed] => Array
                (
                    [0] => cURL error 56: Recv failure: Connection reset by peer
                )

        )

    [error_data] => Array
        (
        )

    [additional_data:protected] => Array
        (
        )

)

05-16-2022 @ 17:40:59 - Erro Correios Online URL: http://ws.correios.com.br/calculador/CalcPrecoPrazo.aspx?nCdServico=03220&nCdEmpresa=22047719&sDsSenha=Imp3ri@l237&sCepDestino=96405410&sCepOrigem=96412830&nVlAltura=10,00&nVlLargura=20,00&nVlDiametro=0&nVlComprimento=45,00&nVlPeso=0,60&nCdFormato=1&sCdMaoPropria=N&nVlValorDeclarado=0,00&sCdAvisoRecebimento=N&StrRetorno=xml
05-16-2022 @ 17:40:59 - Erro ao Conectar nos Correios: WP_Error Object
(
    [errors] => Array
        (
            [http_request_failed] => Array
                (
                    [0] => cURL error 56: Recv failure: Connection reset by peer
                )

        )

    [error_data] => Array
        (
        )

    [additional_data:protected] => Array
        (
        )

)

05-16-2022 @ 17:49:05 - Erro Correios Online URL: http://ws.correios.com.br/calculador/CalcPrecoPrazo.aspx?nCdServico=03220&nCdEmpresa=22047719&sDsSenha=Imp3ri@l237&sCepDestino=38613206&sCepOrigem=96412830&nVlAltura=10,00&nVlLargura=25,00&nVlDiametro=0&nVlComprimento=35,00&nVlPeso=2,00&nCdFormato=1&sCdMaoPropria=N&nVlValorDeclarado=0,00&sCdAvisoRecebimento=N&StrRetorno=xml
05-16-2022 @ 17:49:05 - Erro ao Conectar nos Correios: WP_Error Object
(
    [errors] => Array
        (
            [http_request_failed] => Array
                (
                    [0] => cURL error 56: Recv failure: Connection reset by peer
                )

        )

    [error_data] => Array
        (
        )

    [additional_data:protected] => Array
        (
        )

)

05-16-2022 @ 18:29:26 - Calculo Online - Correios URL: http://ws.correios.com.br/calculador/CalcPrecoPrazo.aspx?nCdServico=03220&nCdEmpresa=22047719&sDsSenha=Imp3ri@l237&sCepDestino=03081015&sCepOrigem=96412830&nVlAltura=8,00&nVlLargura=40,00&nVlDiametro=0&nVlComprimento=40,00&nVlPeso=2,50&nCdFormato=1&sCdMaoPropria=N&nVlValorDeclarado=0,00&sCdAvisoRecebimento=N&StrRetorno=xml
05-16-2022 @ 18:29:26 - Debug Correios Resposta: SimpleXMLElement Object
(
    [cServico] => SimpleXMLElement Object
        (
            [Codigo] => 03220
            [Valor] => 77,46
            [PrazoEntrega] => 3
            [ValorSemAdicionais] => 77,46
            [ValorMaoPropria] => 0,00
            [ValorAvisoRecebimento] => 0,00
            [ValorValorDeclarado] => 0,00
            [EntregaDomiciliar] => S
            [EntregaSabado] => S
            [obsFim] => SimpleXMLElement Object
                (
                )

            [Erro] => 0
            [MsgErro] => SimpleXMLElement Object
                (
                )

        )

)

05-16-2022 @ 19:07:09 - Calculo Online - Correios URL: http://ws.correios.com.br/calculador/CalcPrecoPrazo.aspx?nCdServico=03220&nCdEmpresa=22047719&sDsSenha=Imp3ri@l237&sCepDestino=09041410&sCepOrigem=96412830&nVlAltura=40,00&nVlLargura=40,00&nVlDiametro=0&nVlComprimento=45,00&nVlPeso=12,00&nCdFormato=1&sCdMaoPropria=N&nVlValorDeclarado=0,00&sCdAvisoRecebimento=N&StrRetorno=xml
05-16-2022 @ 19:07:09 - Debug Correios Resposta: SimpleXMLElement Object
(
    [cServico] => SimpleXMLElement Object
        (
            [Codigo] => 03220
            [Valor] => 176,48
            [PrazoEntrega] => 2
            [ValorSemAdicionais] => 176,48
            [ValorMaoPropria] => 0,00
            [ValorAvisoRecebimento] => 0,00
            [ValorValorDeclarado] => 0,00
            [EntregaDomiciliar] => S
            [EntregaSabado] => S
            [obsFim] => SimpleXMLElement Object
                (
                )

            [Erro] => 0
            [MsgErro] => SimpleXMLElement Object
                (
                )

        )

)

05-16-2022 @ 20:20:09 - Calculo Online - Correios URL: http://ws.correios.com.br/calculador/CalcPrecoPrazo.aspx?nCdServico=03220&nCdEmpresa=22047719&sDsSenha=Imp3ri@l237&sCepDestino=96400500&sCepOrigem=96412830&nVlAltura=21,40&nVlLargura=21,40&nVlDiametro=0&nVlComprimento=30,00&nVlPeso=0,80&nCdFormato=1&sCdMaoPropria=N&nVlValorDeclarado=0,00&sCdAvisoRecebimento=N&StrRetorno=xml
05-16-2022 @ 20:20:09 - Debug Correios Resposta: SimpleXMLElement Object
(
    [cServico] => SimpleXMLElement Object
        (
            [Codigo] => 03220
            [Valor] => 13,64
            [PrazoEntrega] => 1
            [ValorSemAdicionais] => 13,64
            [ValorMaoPropria] => 0,00
            [ValorAvisoRecebimento] => 0,00
            [ValorValorDeclarado] => 0,00
            [EntregaDomiciliar] => S
            [EntregaSabado] => N
            [obsFim] => SimpleXMLElement Object
                (
                )

            [Erro] => 0
            [MsgErro] => SimpleXMLElement Object
                (
                )

        )

)

05-16-2022 @ 20:38:05 - Calculo Online - Correios URL: http://ws.correios.com.br/calculador/CalcPrecoPrazo.aspx?nCdServico=03220&nCdEmpresa=22047719&sDsSenha=Imp3ri@l237&sCepDestino=89900000&sCepOrigem=96412830&nVlAltura=10,00&nVlLargura=40,00&nVlDiametro=0&nVlComprimento=40,00&nVlPeso=3,50&nCdFormato=1&sCdMaoPropria=N&nVlValorDeclarado=0,00&sCdAvisoRecebimento=N&StrRetorno=xml
05-16-2022 @ 20:38:05 - Debug Correios Resposta: SimpleXMLElement Object
(
    [cServico] => SimpleXMLElement Object
        (
            [Codigo] => 03220
            [Valor] => 84,38
            [PrazoEntrega] => 7
            [ValorSemAdicionais] => 84,38
            [ValorMaoPropria] => 0,00
            [ValorAvisoRecebimento] => 0,00
            [ValorValorDeclarado] => 0,00
            [EntregaDomiciliar] => S
            [EntregaSabado] => N
            [obsFim] => Para as localidades com CEP único, com terminação 000, ou seja, que não possuem CEPs por logradouro, considera-se entrega domiciliária aquela prevista nos termos da Portaria nº 2.729/2021 do Ministério das Comunicações.
            [Erro] => 0
            [MsgErro] => SimpleXMLElement Object
                (
                )

        )

)

05-16-2022 @ 20:43:16 - Calculo Online - Correios URL: http://ws.correios.com.br/calculador/CalcPrecoPrazo.aspx?nCdServico=03220&nCdEmpresa=22047719&sDsSenha=Imp3ri@l237&sCepDestino=29300100&sCepOrigem=96412830&nVlAltura=15,00&nVlLargura=35,00&nVlDiametro=0&nVlComprimento=40,00&nVlPeso=3,00&nCdFormato=1&sCdMaoPropria=N&nVlValorDeclarado=0,00&sCdAvisoRecebimento=N&StrRetorno=xml
05-16-2022 @ 20:43:16 - Debug Correios Resposta: SimpleXMLElement Object
(
    [cServico] => SimpleXMLElement Object
        (
            [Codigo] => 03220
            [Valor] => 121,79
            [PrazoEntrega] => 3
            [ValorSemAdicionais] => 121,79
            [ValorMaoPropria] => 0,00
            [ValorAvisoRecebimento] => 0,00
            [ValorValorDeclarado] => 0,00
            [EntregaDomiciliar] => S
            [EntregaSabado] => S
            [obsFim] => SimpleXMLElement Object
                (
                )

            [Erro] => 0
            [MsgErro] => SimpleXMLElement Object
                (
                )

        )

)

