05-09-2022 @ 21:01:15 - Calculo Online - Correios URL: http://ws.correios.com.br/calculador/CalcPrecoPrazo.aspx?nCdServico=03298&nCdEmpresa=22047719&sDsSenha=Imp3ri@l237&sCepDestino=96300000&sCepOrigem=96412830&nVlAltura=34,60&nVlLargura=34,60&nVlDiametro=0&nVlComprimento=30,00&nVlPeso=3,00&nCdFormato=1&sCdMaoPropria=N&nVlValorDeclarado=0,00&sCdAvisoRecebimento=N&StrRetorno=xml
05-09-2022 @ 21:01:15 - Debug Correios Resposta: SimpleXMLElement Object
(
    [cServico] => SimpleXMLElement Object
        (
            [Codigo] => 03298
            [Valor] => 27,35
            [PrazoEntrega] => 7
            [ValorSemAdicionais] => 27,35
            [ValorMaoPropria] => 0,00
            [ValorAvisoRecebimento] => 0,00
            [ValorValorDeclarado] => 0,00
            [EntregaDomiciliar] => S
            [EntregaSabado] => N
            [obsFim] => Para as localidades com CEP único, com terminação 000, ou seja, que não possuem CEPs por logradouro, considera-se entrega domiciliária aquela prevista nos termos da Portaria nº 2.729/2021 do Ministério das Comunicações.
            [Erro] => 0
            [MsgErro] => SimpleXMLElement Object
                (
                )

        )

)

05-09-2022 @ 21:13:00 - Calculo Online - Correios URL: http://ws.correios.com.br/calculador/CalcPrecoPrazo.aspx?nCdServico=03298&nCdEmpresa=22047719&sDsSenha=Imp3ri@l237&sCepDestino=93228150&sCepOrigem=96412830&nVlAltura=10,00&nVlLargura=23,00&nVlDiametro=0&nVlComprimento=30,00&nVlPeso=0,40&nCdFormato=1&sCdMaoPropria=N&nVlValorDeclarado=0,00&sCdAvisoRecebimento=N&StrRetorno=xml
05-09-2022 @ 21:13:00 - Debug Correios Resposta: SimpleXMLElement Object
(
    [cServico] => SimpleXMLElement Object
        (
            [Codigo] => 03298
            [Valor] => 16,84
            [PrazoEntrega] => 6
            [ValorSemAdicionais] => 16,84
            [ValorMaoPropria] => 0,00
            [ValorAvisoRecebimento] => 0,00
            [ValorValorDeclarado] => 0,00
            [EntregaDomiciliar] => S
            [EntregaSabado] => N
            [obsFim] => SimpleXMLElement Object
                (
                )

            [Erro] => 0
            [MsgErro] => SimpleXMLElement Object
                (
                )

        )

)

05-09-2022 @ 21:57:53 - Calculo Online - Correios URL: http://ws.correios.com.br/calculador/CalcPrecoPrazo.aspx?nCdServico=03298&nCdEmpresa=22047719&sDsSenha=Imp3ri@l237&sCepDestino=80320250&sCepOrigem=96412830&nVlAltura=5,00&nVlLargura=25,00&nVlDiametro=0&nVlComprimento=30,00&nVlPeso=1,00&nCdFormato=1&sCdMaoPropria=N&nVlValorDeclarado=0,00&sCdAvisoRecebimento=N&StrRetorno=xml
05-09-2022 @ 21:57:53 - Debug Correios Resposta: SimpleXMLElement Object
(
    [cServico] => SimpleXMLElement Object
        (
            [Codigo] => 03298
            [Valor] => 24,15
            [PrazoEntrega] => 7
            [ValorSemAdicionais] => 24,15
            [ValorMaoPropria] => 0,00
            [ValorAvisoRecebimento] => 0,00
            [ValorValorDeclarado] => 0,00
            [EntregaDomiciliar] => S
            [EntregaSabado] => N
            [obsFim] => SimpleXMLElement Object
                (
                )

            [Erro] => 0
            [MsgErro] => SimpleXMLElement Object
                (
                )

        )

)

05-10-2022 @ 01:11:28 - Erro Correios Online URL: http://ws.correios.com.br/calculador/CalcPrecoPrazo.aspx?nCdServico=03298&nCdEmpresa=22047719&sDsSenha=Imp3ri@l237&sCepDestino=04580051&sCepOrigem=96412830&nVlAltura=15,00&nVlLargura=40,00&nVlDiametro=0&nVlComprimento=40,00&nVlPeso=1,25&nCdFormato=1&sCdMaoPropria=N&nVlValorDeclarado=0,00&sCdAvisoRecebimento=N&StrRetorno=xml
05-10-2022 @ 01:11:28 - Erro ao Conectar nos Correios: WP_Error Object
(
    [errors] => Array
        (
            [http_request_failed] => Array
                (
                    [0] => cURL error 28: Operation timed out after 10000 milliseconds with 0 bytes received
                )

        )

    [error_data] => Array
        (
        )

    [additional_data:protected] => Array
        (
        )

)

05-10-2022 @ 06:46:30 - Calculo Online - Correios URL: http://ws.correios.com.br/calculador/CalcPrecoPrazo.aspx?nCdServico=03298&nCdEmpresa=22047719&sDsSenha=Imp3ri@l237&sCepDestino=09185759&sCepOrigem=96412830&nVlAltura=20,00&nVlLargura=40,00&nVlDiametro=0&nVlComprimento=68,00&nVlPeso=9,07&nCdFormato=1&sCdMaoPropria=N&nVlValorDeclarado=0,00&sCdAvisoRecebimento=N&StrRetorno=xml
05-10-2022 @ 06:46:30 - Debug Correios Resposta: SimpleXMLElement Object
(
    [cServico] => SimpleXMLElement Object
        (
            [Codigo] => 03298
            [Valor] => 74,20
            [PrazoEntrega] => 6
            [ValorSemAdicionais] => 74,20
            [ValorMaoPropria] => 0,00
            [ValorAvisoRecebimento] => 0,00
            [ValorValorDeclarado] => 0,00
            [EntregaDomiciliar] => N
            [EntregaSabado] => N
            [obsFim] => SimpleXMLElement Object
                (
                )

            [Erro] => 0
            [MsgErro] => SimpleXMLElement Object
                (
                )

        )

)

05-10-2022 @ 07:54:51 - Calculo Online - Correios URL: http://ws.correios.com.br/calculador/CalcPrecoPrazo.aspx?nCdServico=03298&nCdEmpresa=22047719&sDsSenha=Imp3ri@l237&sCepDestino=99950000&sCepOrigem=96412830&nVlAltura=8,00&nVlLargura=32,00&nVlDiametro=0&nVlComprimento=32,00&nVlPeso=2,50&nCdFormato=1&sCdMaoPropria=N&nVlValorDeclarado=0,00&sCdAvisoRecebimento=N&StrRetorno=xml
05-10-2022 @ 07:54:51 - Debug Correios Resposta: SimpleXMLElement Object
(
    [cServico] => SimpleXMLElement Object
        (
            [Codigo] => 03298
            [Valor] => 22,72
            [PrazoEntrega] => 7
            [ValorSemAdicionais] => 22,72
            [ValorMaoPropria] => 0,00
            [ValorAvisoRecebimento] => 0,00
            [ValorValorDeclarado] => 0,00
            [EntregaDomiciliar] => S
            [EntregaSabado] => N
            [obsFim] => Para as localidades com CEP único, com terminação 000, ou seja, que não possuem CEPs por logradouro, considera-se entrega domiciliária aquela prevista nos termos da Portaria nº 2.729/2021 do Ministério das Comunicações.
            [Erro] => 0
            [MsgErro] => SimpleXMLElement Object
                (
                )

        )

)

05-10-2022 @ 07:54:54 - Calculo Online - Correios URL: http://ws.correios.com.br/calculador/CalcPrecoPrazo.aspx?nCdServico=03298&nCdEmpresa=22047719&sDsSenha=Imp3ri@l237&sCepDestino=99950000&sCepOrigem=96412830&nVlAltura=8,00&nVlLargura=32,00&nVlDiametro=0&nVlComprimento=32,00&nVlPeso=2,50&nCdFormato=1&sCdMaoPropria=N&nVlValorDeclarado=0,00&sCdAvisoRecebimento=N&StrRetorno=xml
05-10-2022 @ 07:54:54 - Debug Correios Resposta: SimpleXMLElement Object
(
    [cServico] => SimpleXMLElement Object
        (
            [Codigo] => 03298
            [Valor] => 22,72
            [PrazoEntrega] => 7
            [ValorSemAdicionais] => 22,72
            [ValorMaoPropria] => 0,00
            [ValorAvisoRecebimento] => 0,00
            [ValorValorDeclarado] => 0,00
            [EntregaDomiciliar] => S
            [EntregaSabado] => N
            [obsFim] => Para as localidades com CEP único, com terminação 000, ou seja, que não possuem CEPs por logradouro, considera-se entrega domiciliária aquela prevista nos termos da Portaria nº 2.729/2021 do Ministério das Comunicações.
            [Erro] => 0
            [MsgErro] => SimpleXMLElement Object
                (
                )

        )

)

05-10-2022 @ 07:55:02 - Calculo Online - Correios URL: http://ws.correios.com.br/calculador/CalcPrecoPrazo.aspx?nCdServico=03298&nCdEmpresa=22047719&sDsSenha=Imp3ri@l237&sCepDestino=99950000&sCepOrigem=96412830&nVlAltura=8,00&nVlLargura=32,00&nVlDiametro=0&nVlComprimento=32,00&nVlPeso=2,50&nCdFormato=1&sCdMaoPropria=N&nVlValorDeclarado=0,00&sCdAvisoRecebimento=N&StrRetorno=xml
05-10-2022 @ 07:55:02 - Debug Correios Resposta: SimpleXMLElement Object
(
    [cServico] => SimpleXMLElement Object
        (
            [Codigo] => 03298
            [Valor] => 22,72
            [PrazoEntrega] => 7
            [ValorSemAdicionais] => 22,72
            [ValorMaoPropria] => 0,00
            [ValorAvisoRecebimento] => 0,00
            [ValorValorDeclarado] => 0,00
            [EntregaDomiciliar] => S
            [EntregaSabado] => N
            [obsFim] => Para as localidades com CEP único, com terminação 000, ou seja, que não possuem CEPs por logradouro, considera-se entrega domiciliária aquela prevista nos termos da Portaria nº 2.729/2021 do Ministério das Comunicações.
            [Erro] => 0
            [MsgErro] => SimpleXMLElement Object
                (
                )

        )

)

05-10-2022 @ 08:38:02 - Calculo Online - Correios URL: http://ws.correios.com.br/calculador/CalcPrecoPrazo.aspx?nCdServico=03298&nCdEmpresa=22047719&sDsSenha=Imp3ri@l237&sCepDestino=97590000&sCepOrigem=96412830&nVlAltura=8,00&nVlLargura=30,00&nVlDiametro=0&nVlComprimento=40,00&nVlPeso=2,00&nCdFormato=1&sCdMaoPropria=N&nVlValorDeclarado=0,00&sCdAvisoRecebimento=N&StrRetorno=xml
05-10-2022 @ 08:38:02 - Debug Correios Resposta: SimpleXMLElement Object
(
    [cServico] => SimpleXMLElement Object
        (
            [Codigo] => 03298
            [Valor] => 19,00
            [PrazoEntrega] => 6
            [ValorSemAdicionais] => 19,00
            [ValorMaoPropria] => 0,00
            [ValorAvisoRecebimento] => 0,00
            [ValorValorDeclarado] => 0,00
            [EntregaDomiciliar] => S
            [EntregaSabado] => N
            [obsFim] => Para as localidades com CEP único, com terminação 000, ou seja, que não possuem CEPs por logradouro, considera-se entrega domiciliária aquela prevista nos termos da Portaria nº 2.729/2021 do Ministério das Comunicações.
            [Erro] => 0
            [MsgErro] => SimpleXMLElement Object
                (
                )

        )

)

05-10-2022 @ 08:58:52 - Calculo Online - Correios URL: http://ws.correios.com.br/calculador/CalcPrecoPrazo.aspx?nCdServico=03298&nCdEmpresa=22047719&sDsSenha=Imp3ri@l237&sCepDestino=87501170&sCepOrigem=96412830&nVlAltura=10,00&nVlLargura=40,00&nVlDiametro=0&nVlComprimento=50,00&nVlPeso=3,00&nCdFormato=1&sCdMaoPropria=N&nVlValorDeclarado=0,00&sCdAvisoRecebimento=N&StrRetorno=xml
05-10-2022 @ 08:58:52 - Debug Correios Resposta: SimpleXMLElement Object
(
    [cServico] => SimpleXMLElement Object
        (
            [Codigo] => 03298
            [Valor] => 33,04
            [PrazoEntrega] => 8
            [ValorSemAdicionais] => 33,04
            [ValorMaoPropria] => 0,00
            [ValorAvisoRecebimento] => 0,00
            [ValorValorDeclarado] => 0,00
            [EntregaDomiciliar] => S
            [EntregaSabado] => N
            [obsFim] => SimpleXMLElement Object
                (
                )

            [Erro] => 0
            [MsgErro] => SimpleXMLElement Object
                (
                )

        )

)

05-10-2022 @ 09:03:59 - Calculo Online - Correios URL: http://ws.correios.com.br/calculador/CalcPrecoPrazo.aspx?nCdServico=03298&nCdEmpresa=22047719&sDsSenha=Imp3ri@l237&sCepDestino=08090540&sCepOrigem=96412830&nVlAltura=10,00&nVlLargura=35,00&nVlDiametro=0&nVlComprimento=35,00&nVlPeso=3,00&nCdFormato=1&sCdMaoPropria=N&nVlValorDeclarado=0,00&sCdAvisoRecebimento=N&StrRetorno=xml
05-10-2022 @ 09:03:59 - Debug Correios Resposta: SimpleXMLElement Object
(
    [cServico] => SimpleXMLElement Object
        (
            [Codigo] => 03298
            [Valor] => 33,04
            [PrazoEntrega] => 12
            [ValorSemAdicionais] => 33,04
            [ValorMaoPropria] => 0,00
            [ValorAvisoRecebimento] => 0,00
            [ValorValorDeclarado] => 0,00
            [EntregaDomiciliar] => S
            [EntregaSabado] => N
            [obsFim] => O CEP de destino está sujeito a condições especiais de entrega pela  ECT e será realizada com o acréscimo de até 5 (cinco) dias úteis ao prazo regular.
            [Erro] => 011
            [MsgErro] => SimpleXMLElement Object
                (
                )

        )

)

05-10-2022 @ 09:35:49 - Calculo Online - Correios URL: http://ws.correios.com.br/calculador/CalcPrecoPrazo.aspx?nCdServico=03298&nCdEmpresa=22047719&sDsSenha=Imp3ri@l237&sCepDestino=89052000&sCepOrigem=96412830&nVlAltura=10,00&nVlLargura=23,00&nVlDiametro=0&nVlComprimento=30,00&nVlPeso=0,40&nCdFormato=1&sCdMaoPropria=N&nVlValorDeclarado=0,00&sCdAvisoRecebimento=N&StrRetorno=xml
05-10-2022 @ 09:35:49 - Debug Correios Resposta: SimpleXMLElement Object
(
    [cServico] => SimpleXMLElement Object
        (
            [Codigo] => 03298
            [Valor] => 22,79
            [PrazoEntrega] => 7
            [ValorSemAdicionais] => 22,79
            [ValorMaoPropria] => 0,00
            [ValorAvisoRecebimento] => 0,00
            [ValorValorDeclarado] => 0,00
            [EntregaDomiciliar] => S
            [EntregaSabado] => N
            [obsFim] => SimpleXMLElement Object
                (
                )

            [Erro] => 0
            [MsgErro] => SimpleXMLElement Object
                (
                )

        )

)

05-10-2022 @ 09:35:55 - Calculo Online - Correios URL: http://ws.correios.com.br/calculador/CalcPrecoPrazo.aspx?nCdServico=03298&nCdEmpresa=22047719&sDsSenha=Imp3ri@l237&sCepDestino=89052000&sCepOrigem=96412830&nVlAltura=10,00&nVlLargura=23,00&nVlDiametro=0&nVlComprimento=30,00&nVlPeso=0,40&nCdFormato=1&sCdMaoPropria=N&nVlValorDeclarado=0,00&sCdAvisoRecebimento=N&StrRetorno=xml
05-10-2022 @ 09:35:55 - Debug Correios Resposta: SimpleXMLElement Object
(
    [cServico] => SimpleXMLElement Object
        (
            [Codigo] => 03298
            [Valor] => 22,79
            [PrazoEntrega] => 7
            [ValorSemAdicionais] => 22,79
            [ValorMaoPropria] => 0,00
            [ValorAvisoRecebimento] => 0,00
            [ValorValorDeclarado] => 0,00
            [EntregaDomiciliar] => S
            [EntregaSabado] => N
            [obsFim] => SimpleXMLElement Object
                (
                )

            [Erro] => 0
            [MsgErro] => SimpleXMLElement Object
                (
                )

        )

)

05-10-2022 @ 10:07:39 - Calculo Online - Correios URL: http://ws.correios.com.br/calculador/CalcPrecoPrazo.aspx?nCdServico=03298&nCdEmpresa=22047719&sDsSenha=Imp3ri@l237&sCepDestino=22230060&sCepOrigem=96412830&nVlAltura=40,00&nVlLargura=40,00&nVlDiametro=0&nVlComprimento=68,00&nVlPeso=18,13&nCdFormato=1&sCdMaoPropria=N&nVlValorDeclarado=0,00&sCdAvisoRecebimento=N&StrRetorno=xml
05-10-2022 @ 10:07:39 - Debug Correios Resposta: SimpleXMLElement Object
(
    [cServico] => SimpleXMLElement Object
        (
            [Codigo] => 03298
            [Valor] => 176,38
            [PrazoEntrega] => 7
            [ValorSemAdicionais] => 176,38
            [ValorMaoPropria] => 0,00
            [ValorAvisoRecebimento] => 0,00
            [ValorValorDeclarado] => 0,00
            [EntregaDomiciliar] => S
            [EntregaSabado] => N
            [obsFim] => SimpleXMLElement Object
                (
                )

            [Erro] => 0
            [MsgErro] => SimpleXMLElement Object
                (
                )

        )

)

05-10-2022 @ 10:17:34 - Calculo Online - Correios URL: http://ws.correios.com.br/calculador/CalcPrecoPrazo.aspx?nCdServico=03298&nCdEmpresa=22047719&sDsSenha=Imp3ri@l237&sCepDestino=22230060&sCepOrigem=96412830&nVlAltura=45,20&nVlLargura=45,20&nVlDiametro=0&nVlComprimento=68,00&nVlPeso=23,15&nCdFormato=1&sCdMaoPropria=N&nVlValorDeclarado=0,00&sCdAvisoRecebimento=N&StrRetorno=xml
05-10-2022 @ 10:17:34 - Debug Correios Resposta: SimpleXMLElement Object
(
    [cServico] => SimpleXMLElement Object
        (
            [Codigo] => 03298
            [Valor] => 228,08
            [PrazoEntrega] => 7
            [ValorSemAdicionais] => 228,08
            [ValorMaoPropria] => 0,00
            [ValorAvisoRecebimento] => 0,00
            [ValorValorDeclarado] => 0,00
            [EntregaDomiciliar] => S
            [EntregaSabado] => N
            [obsFim] => SimpleXMLElement Object
                (
                )

            [Erro] => 0
            [MsgErro] => SimpleXMLElement Object
                (
                )

        )

)

05-10-2022 @ 10:17:43 - Calculo Online - Correios URL: http://ws.correios.com.br/calculador/CalcPrecoPrazo.aspx?nCdServico=03298&nCdEmpresa=22047719&sDsSenha=Imp3ri@l237&sCepDestino=22230060&sCepOrigem=96412830&nVlAltura=31,60&nVlLargura=31,60&nVlDiametro=0&nVlComprimento=30,00&nVlPeso=2,00&nCdFormato=1&sCdMaoPropria=N&nVlValorDeclarado=0,00&sCdAvisoRecebimento=N&StrRetorno=xml
05-10-2022 @ 10:17:43 - Debug Correios Resposta: SimpleXMLElement Object
(
    [cServico] => SimpleXMLElement Object
        (
            [Codigo] => 03298
            [Valor] => 33,85
            [PrazoEntrega] => 7
            [ValorSemAdicionais] => 33,85
            [ValorMaoPropria] => 0,00
            [ValorAvisoRecebimento] => 0,00
            [ValorValorDeclarado] => 0,00
            [EntregaDomiciliar] => S
            [EntregaSabado] => N
            [obsFim] => SimpleXMLElement Object
                (
                )

            [Erro] => 0
            [MsgErro] => SimpleXMLElement Object
                (
                )

        )

)

05-10-2022 @ 10:18:01 - Calculo Online - Correios URL: http://ws.correios.com.br/calculador/CalcPrecoPrazo.aspx?nCdServico=03298&nCdEmpresa=22047719&sDsSenha=Imp3ri@l237&sCepDestino=30431315&sCepOrigem=96412830&nVlAltura=31,60&nVlLargura=31,60&nVlDiametro=0&nVlComprimento=30,00&nVlPeso=2,00&nCdFormato=1&sCdMaoPropria=N&nVlValorDeclarado=0,00&sCdAvisoRecebimento=N&StrRetorno=xml
05-10-2022 @ 10:18:01 - Debug Correios Resposta: SimpleXMLElement Object
(
    [cServico] => SimpleXMLElement Object
        (
            [Codigo] => 03298
            [Valor] => 33,85
            [PrazoEntrega] => 6
            [ValorSemAdicionais] => 33,85
            [ValorMaoPropria] => 0,00
            [ValorAvisoRecebimento] => 0,00
            [ValorValorDeclarado] => 0,00
            [EntregaDomiciliar] => S
            [EntregaSabado] => N
            [obsFim] => SimpleXMLElement Object
                (
                )

            [Erro] => 0
            [MsgErro] => SimpleXMLElement Object
                (
                )

        )

)

05-10-2022 @ 10:23:23 - Calculo Online - Correios URL: http://ws.correios.com.br/calculador/CalcPrecoPrazo.aspx?nCdServico=03298&nCdEmpresa=22047719&sDsSenha=Imp3ri@l237&sCepDestino=08090540&sCepOrigem=96412830&nVlAltura=10,00&nVlLargura=35,00&nVlDiametro=0&nVlComprimento=35,00&nVlPeso=3,00&nCdFormato=1&sCdMaoPropria=N&nVlValorDeclarado=0,00&sCdAvisoRecebimento=N&StrRetorno=xml
05-10-2022 @ 10:23:23 - Debug Correios Resposta: SimpleXMLElement Object
(
    [cServico] => SimpleXMLElement Object
        (
            [Codigo] => 03298
            [Valor] => 33,04
            [PrazoEntrega] => 12
            [ValorSemAdicionais] => 33,04
            [ValorMaoPropria] => 0,00
            [ValorAvisoRecebimento] => 0,00
            [ValorValorDeclarado] => 0,00
            [EntregaDomiciliar] => S
            [EntregaSabado] => N
            [obsFim] => O CEP de destino está sujeito a condições especiais de entrega pela  ECT e será realizada com o acréscimo de até 5 (cinco) dias úteis ao prazo regular.
            [Erro] => 011
            [MsgErro] => SimpleXMLElement Object
                (
                )

        )

)

05-10-2022 @ 10:23:40 - Erro Correios Online URL: http://ws.correios.com.br/calculador/CalcPrecoPrazo.aspx?nCdServico=03298&nCdEmpresa=22047719&sDsSenha=Imp3ri@l237&sCepDestino=30431315&sCepOrigem=96412830&nVlAltura=20,00&nVlLargura=50,00&nVlDiametro=0&nVlComprimento=50,00&nVlPeso=8,33&nCdFormato=1&sCdMaoPropria=N&nVlValorDeclarado=0,00&sCdAvisoRecebimento=N&StrRetorno=xml
05-10-2022 @ 10:23:40 - Erro ao Conectar nos Correios: WP_Error Object
(
    [errors] => Array
        (
            [http_request_failed] => Array
                (
                    [0] => cURL error 28: Operation timed out after 10001 milliseconds with 0 bytes received
                )

        )

    [error_data] => Array
        (
        )

    [additional_data:protected] => Array
        (
        )

)

05-10-2022 @ 10:23:52 - Calculo Online - Correios URL: http://ws.correios.com.br/calculador/CalcPrecoPrazo.aspx?nCdServico=03298&nCdEmpresa=22047719&sDsSenha=Imp3ri@l237&sCepDestino=30431315&sCepOrigem=96412830&nVlAltura=20,00&nVlLargura=50,00&nVlDiametro=0&nVlComprimento=50,00&nVlPeso=8,33&nCdFormato=1&sCdMaoPropria=N&nVlValorDeclarado=0,00&sCdAvisoRecebimento=N&StrRetorno=xml
05-10-2022 @ 10:23:52 - Debug Correios Resposta: SimpleXMLElement Object
(
    [cServico] => SimpleXMLElement Object
        (
            [Codigo] => 03298
            [Valor] => 81,68
            [PrazoEntrega] => 6
            [ValorSemAdicionais] => 81,68
            [ValorMaoPropria] => 0,00
            [ValorAvisoRecebimento] => 0,00
            [ValorValorDeclarado] => 0,00
            [EntregaDomiciliar] => S
            [EntregaSabado] => N
            [obsFim] => SimpleXMLElement Object
                (
                )

            [Erro] => 0
            [MsgErro] => SimpleXMLElement Object
                (
                )

        )

)

05-10-2022 @ 10:24:06 - Calculo Online - Correios URL: http://ws.correios.com.br/calculador/CalcPrecoPrazo.aspx?nCdServico=03298&nCdEmpresa=22047719&sDsSenha=Imp3ri@l237&sCepDestino=06519085&sCepOrigem=96412830&nVlAltura=20,00&nVlLargura=50,00&nVlDiametro=0&nVlComprimento=50,00&nVlPeso=8,33&nCdFormato=1&sCdMaoPropria=N&nVlValorDeclarado=0,00&sCdAvisoRecebimento=N&StrRetorno=xml
05-10-2022 @ 10:24:06 - Debug Correios Resposta: SimpleXMLElement Object
(
    [cServico] => SimpleXMLElement Object
        (
            [Codigo] => 03298
            [Valor] => 72,76
            [PrazoEntrega] => 7
            [ValorSemAdicionais] => 72,76
            [ValorMaoPropria] => 0,00
            [ValorAvisoRecebimento] => 0,00
            [ValorValorDeclarado] => 0,00
            [EntregaDomiciliar] => S
            [EntregaSabado] => N
            [obsFim] => SimpleXMLElement Object
                (
                )

            [Erro] => 0
            [MsgErro] => SimpleXMLElement Object
                (
                )

        )

)

05-10-2022 @ 10:45:56 - Calculo Online - Correios URL: http://ws.correios.com.br/calculador/CalcPrecoPrazo.aspx?nCdServico=03298&nCdEmpresa=22047719&sDsSenha=Imp3ri@l237&sCepDestino=99500000&sCepOrigem=96412830&nVlAltura=10,00&nVlLargura=30,00&nVlDiametro=0&nVlComprimento=40,00&nVlPeso=2,00&nCdFormato=1&sCdMaoPropria=N&nVlValorDeclarado=0,00&sCdAvisoRecebimento=N&StrRetorno=xml
05-10-2022 @ 10:45:56 - Debug Correios Resposta: SimpleXMLElement Object
(
    [cServico] => SimpleXMLElement Object
        (
            [Codigo] => 03298
            [Valor] => 19,00
            [PrazoEntrega] => 6
            [ValorSemAdicionais] => 19,00
            [ValorMaoPropria] => 0,00
            [ValorAvisoRecebimento] => 0,00
            [ValorValorDeclarado] => 0,00
            [EntregaDomiciliar] => S
            [EntregaSabado] => N
            [obsFim] => Para as localidades com CEP único, com terminação 000, ou seja, que não possuem CEPs por logradouro, considera-se entrega domiciliária aquela prevista nos termos da Portaria nº 2.729/2021 do Ministério das Comunicações.
            [Erro] => 0
            [MsgErro] => SimpleXMLElement Object
                (
                )

        )

)

05-10-2022 @ 10:52:21 - Calculo Online - Correios URL: http://ws.correios.com.br/calculador/CalcPrecoPrazo.aspx?nCdServico=03298&nCdEmpresa=22047719&sDsSenha=Imp3ri@l237&sCepDestino=91920350&sCepOrigem=96412830&nVlAltura=10,00&nVlLargura=23,00&nVlDiametro=0&nVlComprimento=30,00&nVlPeso=0,40&nCdFormato=1&sCdMaoPropria=N&nVlValorDeclarado=0,00&sCdAvisoRecebimento=N&StrRetorno=xml
05-10-2022 @ 10:52:21 - Debug Correios Resposta: SimpleXMLElement Object
(
    [cServico] => SimpleXMLElement Object
        (
            [Codigo] => 03298
            [Valor] => 16,84
            [PrazoEntrega] => 5
            [ValorSemAdicionais] => 16,84
            [ValorMaoPropria] => 0,00
            [ValorAvisoRecebimento] => 0,00
            [ValorValorDeclarado] => 0,00
            [EntregaDomiciliar] => S
            [EntregaSabado] => N
            [obsFim] => SimpleXMLElement Object
                (
                )

            [Erro] => 0
            [MsgErro] => SimpleXMLElement Object
                (
                )

        )

)

05-10-2022 @ 10:58:24 - Calculo Online - Correios URL: http://ws.correios.com.br/calculador/CalcPrecoPrazo.aspx?nCdServico=03298&nCdEmpresa=22047719&sDsSenha=Imp3ri@l237&sCepDestino=13528142&sCepOrigem=96412830&nVlAltura=10,00&nVlLargura=23,00&nVlDiametro=0&nVlComprimento=30,00&nVlPeso=0,40&nCdFormato=1&sCdMaoPropria=N&nVlValorDeclarado=0,00&sCdAvisoRecebimento=N&StrRetorno=xml
05-10-2022 @ 10:58:24 - Debug Correios Resposta: SimpleXMLElement Object
(
    [cServico] => SimpleXMLElement Object
        (
            [Codigo] => 03298
            [Valor] => 22,79
            [PrazoEntrega] => 10
            [ValorSemAdicionais] => 22,79
            [ValorMaoPropria] => 0,00
            [ValorAvisoRecebimento] => 0,00
            [ValorValorDeclarado] => 0,00
            [EntregaDomiciliar] => S
            [EntregaSabado] => N
            [obsFim] => SimpleXMLElement Object
                (
                )

            [Erro] => 0
            [MsgErro] => SimpleXMLElement Object
                (
                )

        )

)

05-10-2022 @ 11:01:07 - Calculo Online - Correios URL: http://ws.correios.com.br/calculador/CalcPrecoPrazo.aspx?nCdServico=03298&nCdEmpresa=22047719&sDsSenha=Imp3ri@l237&sCepDestino=13528142&sCepOrigem=96412830&nVlAltura=10,00&nVlLargura=23,00&nVlDiametro=0&nVlComprimento=30,00&nVlPeso=0,40&nCdFormato=1&sCdMaoPropria=N&nVlValorDeclarado=0,00&sCdAvisoRecebimento=N&StrRetorno=xml
05-10-2022 @ 11:01:07 - Debug Correios Resposta: SimpleXMLElement Object
(
    [cServico] => SimpleXMLElement Object
        (
            [Codigo] => 03298
            [Valor] => 22,79
            [PrazoEntrega] => 10
            [ValorSemAdicionais] => 22,79
            [ValorMaoPropria] => 0,00
            [ValorAvisoRecebimento] => 0,00
            [ValorValorDeclarado] => 0,00
            [EntregaDomiciliar] => S
            [EntregaSabado] => N
            [obsFim] => SimpleXMLElement Object
                (
                )

            [Erro] => 0
            [MsgErro] => SimpleXMLElement Object
                (
                )

        )

)

05-10-2022 @ 11:03:21 - Calculo Online - Correios URL: http://ws.correios.com.br/calculador/CalcPrecoPrazo.aspx?nCdServico=03298&nCdEmpresa=22047719&sDsSenha=Imp3ri@l237&sCepDestino=92030370&sCepOrigem=96412830&nVlAltura=8,00&nVlLargura=30,00&nVlDiametro=0&nVlComprimento=30,00&nVlPeso=2,00&nCdFormato=1&sCdMaoPropria=N&nVlValorDeclarado=0,00&sCdAvisoRecebimento=N&StrRetorno=xml
05-10-2022 @ 11:03:21 - Debug Correios Resposta: SimpleXMLElement Object
(
    [cServico] => SimpleXMLElement Object
        (
            [Codigo] => 03298
            [Valor] => 19,00
            [PrazoEntrega] => 6
            [ValorSemAdicionais] => 19,00
            [ValorMaoPropria] => 0,00
            [ValorAvisoRecebimento] => 0,00
            [ValorValorDeclarado] => 0,00
            [EntregaDomiciliar] => S
            [EntregaSabado] => N
            [obsFim] => SimpleXMLElement Object
                (
                )

            [Erro] => 0
            [MsgErro] => SimpleXMLElement Object
                (
                )

        )

)

05-10-2022 @ 11:21:30 - Calculo Online - Correios URL: http://ws.correios.com.br/calculador/CalcPrecoPrazo.aspx?nCdServico=03298&nCdEmpresa=22047719&sDsSenha=Imp3ri@l237&sCepDestino=92030370&sCepOrigem=96412830&nVlAltura=8,00&nVlLargura=30,00&nVlDiametro=0&nVlComprimento=30,00&nVlPeso=2,00&nCdFormato=1&sCdMaoPropria=N&nVlValorDeclarado=0,00&sCdAvisoRecebimento=N&StrRetorno=xml
05-10-2022 @ 11:21:30 - Debug Correios Resposta: SimpleXMLElement Object
(
    [cServico] => SimpleXMLElement Object
        (
            [Codigo] => 03298
            [Valor] => 19,00
            [PrazoEntrega] => 6
            [ValorSemAdicionais] => 19,00
            [ValorMaoPropria] => 0,00
            [ValorAvisoRecebimento] => 0,00
            [ValorValorDeclarado] => 0,00
            [EntregaDomiciliar] => S
            [EntregaSabado] => N
            [obsFim] => SimpleXMLElement Object
                (
                )

            [Erro] => 0
            [MsgErro] => SimpleXMLElement Object
                (
                )

        )

)

05-10-2022 @ 11:21:33 - Calculo Online - Correios URL: http://ws.correios.com.br/calculador/CalcPrecoPrazo.aspx?nCdServico=03298&nCdEmpresa=22047719&sDsSenha=Imp3ri@l237&sCepDestino=92030370&sCepOrigem=96412830&nVlAltura=8,00&nVlLargura=30,00&nVlDiametro=0&nVlComprimento=30,00&nVlPeso=2,00&nCdFormato=1&sCdMaoPropria=N&nVlValorDeclarado=0,00&sCdAvisoRecebimento=N&StrRetorno=xml
05-10-2022 @ 11:21:33 - Debug Correios Resposta: SimpleXMLElement Object
(
    [cServico] => SimpleXMLElement Object
        (
            [Codigo] => 03298
            [Valor] => 19,00
            [PrazoEntrega] => 6
            [ValorSemAdicionais] => 19,00
            [ValorMaoPropria] => 0,00
            [ValorAvisoRecebimento] => 0,00
            [ValorValorDeclarado] => 0,00
            [EntregaDomiciliar] => S
            [EntregaSabado] => N
            [obsFim] => SimpleXMLElement Object
                (
                )

            [Erro] => 0
            [MsgErro] => SimpleXMLElement Object
                (
                )

        )

)

05-10-2022 @ 11:22:21 - Calculo Online - Correios URL: http://ws.correios.com.br/calculador/CalcPrecoPrazo.aspx?nCdServico=03298&nCdEmpresa=22047719&sDsSenha=Imp3ri@l237&sCepDestino=92030370&sCepOrigem=96412830&nVlAltura=8,00&nVlLargura=30,00&nVlDiametro=0&nVlComprimento=30,00&nVlPeso=2,00&nCdFormato=1&sCdMaoPropria=N&nVlValorDeclarado=0,00&sCdAvisoRecebimento=N&StrRetorno=xml
05-10-2022 @ 11:22:21 - Debug Correios Resposta: SimpleXMLElement Object
(
    [cServico] => SimpleXMLElement Object
        (
            [Codigo] => 03298
            [Valor] => 19,00
            [PrazoEntrega] => 6
            [ValorSemAdicionais] => 19,00
            [ValorMaoPropria] => 0,00
            [ValorAvisoRecebimento] => 0,00
            [ValorValorDeclarado] => 0,00
            [EntregaDomiciliar] => S
            [EntregaSabado] => N
            [obsFim] => SimpleXMLElement Object
                (
                )

            [Erro] => 0
            [MsgErro] => SimpleXMLElement Object
                (
                )

        )

)

05-10-2022 @ 11:22:24 - Calculo Online - Correios URL: http://ws.correios.com.br/calculador/CalcPrecoPrazo.aspx?nCdServico=03298&nCdEmpresa=22047719&sDsSenha=Imp3ri@l237&sCepDestino=92030370&sCepOrigem=96412830&nVlAltura=8,00&nVlLargura=30,00&nVlDiametro=0&nVlComprimento=30,00&nVlPeso=2,00&nCdFormato=1&sCdMaoPropria=N&nVlValorDeclarado=0,00&sCdAvisoRecebimento=N&StrRetorno=xml
05-10-2022 @ 11:22:24 - Debug Correios Resposta: SimpleXMLElement Object
(
    [cServico] => SimpleXMLElement Object
        (
            [Codigo] => 03298
            [Valor] => 19,00
            [PrazoEntrega] => 6
            [ValorSemAdicionais] => 19,00
            [ValorMaoPropria] => 0,00
            [ValorAvisoRecebimento] => 0,00
            [ValorValorDeclarado] => 0,00
            [EntregaDomiciliar] => S
            [EntregaSabado] => N
            [obsFim] => SimpleXMLElement Object
                (
                )

            [Erro] => 0
            [MsgErro] => SimpleXMLElement Object
                (
                )

        )

)

05-10-2022 @ 11:22:31 - Calculo Online - Correios URL: http://ws.correios.com.br/calculador/CalcPrecoPrazo.aspx?nCdServico=03298&nCdEmpresa=22047719&sDsSenha=Imp3ri@l237&sCepDestino=92030370&sCepOrigem=96412830&nVlAltura=8,00&nVlLargura=30,00&nVlDiametro=0&nVlComprimento=30,00&nVlPeso=2,00&nCdFormato=1&sCdMaoPropria=N&nVlValorDeclarado=0,00&sCdAvisoRecebimento=N&StrRetorno=xml
05-10-2022 @ 11:22:31 - Debug Correios Resposta: SimpleXMLElement Object
(
    [cServico] => SimpleXMLElement Object
        (
            [Codigo] => 03298
            [Valor] => 19,00
            [PrazoEntrega] => 6
            [ValorSemAdicionais] => 19,00
            [ValorMaoPropria] => 0,00
            [ValorAvisoRecebimento] => 0,00
            [ValorValorDeclarado] => 0,00
            [EntregaDomiciliar] => S
            [EntregaSabado] => N
            [obsFim] => SimpleXMLElement Object
                (
                )

            [Erro] => 0
            [MsgErro] => SimpleXMLElement Object
                (
                )

        )

)

05-10-2022 @ 11:22:34 - Calculo Online - Correios URL: http://ws.correios.com.br/calculador/CalcPrecoPrazo.aspx?nCdServico=03298&nCdEmpresa=22047719&sDsSenha=Imp3ri@l237&sCepDestino=92030370&sCepOrigem=96412830&nVlAltura=8,00&nVlLargura=30,00&nVlDiametro=0&nVlComprimento=30,00&nVlPeso=2,00&nCdFormato=1&sCdMaoPropria=N&nVlValorDeclarado=0,00&sCdAvisoRecebimento=N&StrRetorno=xml
05-10-2022 @ 11:22:34 - Debug Correios Resposta: SimpleXMLElement Object
(
    [cServico] => SimpleXMLElement Object
        (
            [Codigo] => 03298
            [Valor] => 19,00
            [PrazoEntrega] => 6
            [ValorSemAdicionais] => 19,00
            [ValorMaoPropria] => 0,00
            [ValorAvisoRecebimento] => 0,00
            [ValorValorDeclarado] => 0,00
            [EntregaDomiciliar] => S
            [EntregaSabado] => N
            [obsFim] => SimpleXMLElement Object
                (
                )

            [Erro] => 0
            [MsgErro] => SimpleXMLElement Object
                (
                )

        )

)

05-10-2022 @ 11:22:37 - Calculo Online - Correios URL: http://ws.correios.com.br/calculador/CalcPrecoPrazo.aspx?nCdServico=03298&nCdEmpresa=22047719&sDsSenha=Imp3ri@l237&sCepDestino=92030370&sCepOrigem=96412830&nVlAltura=8,00&nVlLargura=30,00&nVlDiametro=0&nVlComprimento=30,00&nVlPeso=2,00&nCdFormato=1&sCdMaoPropria=N&nVlValorDeclarado=0,00&sCdAvisoRecebimento=N&StrRetorno=xml
05-10-2022 @ 11:22:37 - Debug Correios Resposta: SimpleXMLElement Object
(
    [cServico] => SimpleXMLElement Object
        (
            [Codigo] => 03298
            [Valor] => 19,00
            [PrazoEntrega] => 6
            [ValorSemAdicionais] => 19,00
            [ValorMaoPropria] => 0,00
            [ValorAvisoRecebimento] => 0,00
            [ValorValorDeclarado] => 0,00
            [EntregaDomiciliar] => S
            [EntregaSabado] => N
            [obsFim] => SimpleXMLElement Object
                (
                )

            [Erro] => 0
            [MsgErro] => SimpleXMLElement Object
                (
                )

        )

)

05-10-2022 @ 11:22:42 - Calculo Online - Correios URL: http://ws.correios.com.br/calculador/CalcPrecoPrazo.aspx?nCdServico=03298&nCdEmpresa=22047719&sDsSenha=Imp3ri@l237&sCepDestino=92030370&sCepOrigem=96412830&nVlAltura=8,00&nVlLargura=30,00&nVlDiametro=0&nVlComprimento=30,00&nVlPeso=2,00&nCdFormato=1&sCdMaoPropria=N&nVlValorDeclarado=0,00&sCdAvisoRecebimento=N&StrRetorno=xml
05-10-2022 @ 11:22:42 - Debug Correios Resposta: SimpleXMLElement Object
(
    [cServico] => SimpleXMLElement Object
        (
            [Codigo] => 03298
            [Valor] => 19,00
            [PrazoEntrega] => 6
            [ValorSemAdicionais] => 19,00
            [ValorMaoPropria] => 0,00
            [ValorAvisoRecebimento] => 0,00
            [ValorValorDeclarado] => 0,00
            [EntregaDomiciliar] => S
            [EntregaSabado] => N
            [obsFim] => SimpleXMLElement Object
                (
                )

            [Erro] => 0
            [MsgErro] => SimpleXMLElement Object
                (
                )

        )

)

05-10-2022 @ 11:23:24 - Calculo Online - Correios URL: http://ws.correios.com.br/calculador/CalcPrecoPrazo.aspx?nCdServico=03298&nCdEmpresa=22047719&sDsSenha=Imp3ri@l237&sCepDestino=15385000&sCepOrigem=96412830&nVlAltura=20,00&nVlLargura=40,00&nVlDiametro=0&nVlComprimento=68,00&nVlPeso=9,07&nCdFormato=1&sCdMaoPropria=N&nVlValorDeclarado=0,00&sCdAvisoRecebimento=N&StrRetorno=xml
05-10-2022 @ 11:23:24 - Debug Correios Resposta: SimpleXMLElement Object
(
    [cServico] => SimpleXMLElement Object
        (
            [Codigo] => 03298
            [Valor] => 74,20
            [PrazoEntrega] => 10
            [ValorSemAdicionais] => 74,20
            [ValorMaoPropria] => 0,00
            [ValorAvisoRecebimento] => 0,00
            [ValorValorDeclarado] => 0,00
            [EntregaDomiciliar] => S
            [EntregaSabado] => N
            [obsFim] => Para as localidades com CEP único, com terminação 000, ou seja, que não possuem CEPs por logradouro, considera-se entrega domiciliária aquela prevista nos termos da Portaria nº 2.729/2021 do Ministério das Comunicações.
            [Erro] => 0
            [MsgErro] => SimpleXMLElement Object
                (
                )

        )

)

05-10-2022 @ 11:27:10 - Calculo Online - Correios URL: http://ws.correios.com.br/calculador/CalcPrecoPrazo.aspx?nCdServico=03298&nCdEmpresa=22047719&sDsSenha=Imp3ri@l237&sCepDestino=96450000&sCepOrigem=96412830&nVlAltura=10,00&nVlLargura=10,00&nVlDiametro=0&nVlComprimento=15,00&nVlPeso=11,00&nCdFormato=1&sCdMaoPropria=N&nVlValorDeclarado=0,00&sCdAvisoRecebimento=N&StrRetorno=xml
05-10-2022 @ 11:27:10 - Debug Correios Resposta: SimpleXMLElement Object
(
    [cServico] => SimpleXMLElement Object
        (
            [Codigo] => 03298
            [Valor] => 35,83
            [PrazoEntrega] => 6
            [ValorSemAdicionais] => 35,83
            [ValorMaoPropria] => 0,00
            [ValorAvisoRecebimento] => 0,00
            [ValorValorDeclarado] => 0,00
            [EntregaDomiciliar] => S
            [EntregaSabado] => N
            [obsFim] => Para as localidades com CEP único, com terminação 000, ou seja, que não possuem CEPs por logradouro, considera-se entrega domiciliária aquela prevista nos termos da Portaria nº 2.729/2021 do Ministério das Comunicações.
            [Erro] => 0
            [MsgErro] => SimpleXMLElement Object
                (
                )

        )

)

05-10-2022 @ 11:33:09 - Calculo Online - Correios URL: http://ws.correios.com.br/calculador/CalcPrecoPrazo.aspx?nCdServico=03298&nCdEmpresa=22047719&sDsSenha=Imp3ri@l237&sCepDestino=15385000&sCepOrigem=96412830&nVlAltura=10,00&nVlLargura=35,00&nVlDiametro=0&nVlComprimento=40,00&nVlPeso=2,00&nCdFormato=1&sCdMaoPropria=N&nVlValorDeclarado=0,00&sCdAvisoRecebimento=N&StrRetorno=xml
05-10-2022 @ 11:33:09 - Debug Correios Resposta: SimpleXMLElement Object
(
    [cServico] => SimpleXMLElement Object
        (
            [Codigo] => 03298
            [Valor] => 28,66
            [PrazoEntrega] => 10
            [ValorSemAdicionais] => 28,66
            [ValorMaoPropria] => 0,00
            [ValorAvisoRecebimento] => 0,00
            [ValorValorDeclarado] => 0,00
            [EntregaDomiciliar] => S
            [EntregaSabado] => N
            [obsFim] => Para as localidades com CEP único, com terminação 000, ou seja, que não possuem CEPs por logradouro, considera-se entrega domiciliária aquela prevista nos termos da Portaria nº 2.729/2021 do Ministério das Comunicações.
            [Erro] => 0
            [MsgErro] => SimpleXMLElement Object
                (
                )

        )

)

05-10-2022 @ 11:36:51 - Calculo Online - Correios URL: http://ws.correios.com.br/calculador/CalcPrecoPrazo.aspx?nCdServico=03298&nCdEmpresa=22047719&sDsSenha=Imp3ri@l237&sCepDestino=15385000&sCepOrigem=96412830&nVlAltura=35,00&nVlLargura=35,00&nVlDiametro=0&nVlComprimento=45,00&nVlPeso=3,50&nCdFormato=1&sCdMaoPropria=N&nVlValorDeclarado=0,00&sCdAvisoRecebimento=N&StrRetorno=xml
05-10-2022 @ 11:36:51 - Debug Correios Resposta: SimpleXMLElement Object
(
    [cServico] => SimpleXMLElement Object
        (
            [Codigo] => 03298
            [Valor] => 74,20
            [PrazoEntrega] => 10
            [ValorSemAdicionais] => 74,20
            [ValorMaoPropria] => 0,00
            [ValorAvisoRecebimento] => 0,00
            [ValorValorDeclarado] => 0,00
            [EntregaDomiciliar] => S
            [EntregaSabado] => N
            [obsFim] => Para as localidades com CEP único, com terminação 000, ou seja, que não possuem CEPs por logradouro, considera-se entrega domiciliária aquela prevista nos termos da Portaria nº 2.729/2021 do Ministério das Comunicações.
            [Erro] => 0
            [MsgErro] => SimpleXMLElement Object
                (
                )

        )

)

05-10-2022 @ 11:52:46 - Calculo Online - Correios URL: http://ws.correios.com.br/calculador/CalcPrecoPrazo.aspx?nCdServico=03298&nCdEmpresa=22047719&sDsSenha=Imp3ri@l237&sCepDestino=81540440&sCepOrigem=96412830&nVlAltura=10,00&nVlLargura=23,00&nVlDiametro=0&nVlComprimento=30,00&nVlPeso=0,40&nCdFormato=1&sCdMaoPropria=N&nVlValorDeclarado=0,00&sCdAvisoRecebimento=N&StrRetorno=xml
05-10-2022 @ 11:52:46 - Debug Correios Resposta: SimpleXMLElement Object
(
    [cServico] => SimpleXMLElement Object
        (
            [Codigo] => 03298
            [Valor] => 22,79
            [PrazoEntrega] => 7
            [ValorSemAdicionais] => 22,79
            [ValorMaoPropria] => 0,00
            [ValorAvisoRecebimento] => 0,00
            [ValorValorDeclarado] => 0,00
            [EntregaDomiciliar] => S
            [EntregaSabado] => N
            [obsFim] => SimpleXMLElement Object
                (
                )

            [Erro] => 0
            [MsgErro] => SimpleXMLElement Object
                (
                )

        )

)

05-10-2022 @ 12:39:00 - Calculo Online - Correios URL: http://ws.correios.com.br/calculador/CalcPrecoPrazo.aspx?nCdServico=03298&nCdEmpresa=22047719&sDsSenha=Imp3ri@l237&sCepDestino=96530000&sCepOrigem=96412830&nVlAltura=45,00&nVlLargura=45,00&nVlDiametro=0&nVlComprimento=45,00&nVlPeso=3,50&nCdFormato=1&sCdMaoPropria=N&nVlValorDeclarado=0,00&sCdAvisoRecebimento=N&StrRetorno=xml
05-10-2022 @ 12:39:00 - Debug Correios Resposta: SimpleXMLElement Object
(
    [cServico] => SimpleXMLElement Object
        (
            [Codigo] => 03298
            [Valor] => 55,58
            [PrazoEntrega] => 6
            [ValorSemAdicionais] => 55,58
            [ValorMaoPropria] => 0,00
            [ValorAvisoRecebimento] => 0,00
            [ValorValorDeclarado] => 0,00
            [EntregaDomiciliar] => S
            [EntregaSabado] => N
            [obsFim] => Para as localidades com CEP único, com terminação 000, ou seja, que não possuem CEPs por logradouro, considera-se entrega domiciliária aquela prevista nos termos da Portaria nº 2.729/2021 do Ministério das Comunicações.
            [Erro] => 0
            [MsgErro] => SimpleXMLElement Object
                (
                )

        )

)

05-10-2022 @ 12:41:07 - Calculo Online - Correios URL: http://ws.correios.com.br/calculador/CalcPrecoPrazo.aspx?nCdServico=03298&nCdEmpresa=22047719&sDsSenha=Imp3ri@l237&sCepDestino=98803390&sCepOrigem=96412830&nVlAltura=10,00&nVlLargura=23,00&nVlDiametro=0&nVlComprimento=30,00&nVlPeso=0,40&nCdFormato=1&sCdMaoPropria=N&nVlValorDeclarado=0,00&sCdAvisoRecebimento=N&StrRetorno=xml
05-10-2022 @ 12:41:07 - Debug Correios Resposta: SimpleXMLElement Object
(
    [cServico] => SimpleXMLElement Object
        (
            [Codigo] => 03298
            [Valor] => 16,84
            [PrazoEntrega] => 6
            [ValorSemAdicionais] => 16,84
            [ValorMaoPropria] => 0,00
            [ValorAvisoRecebimento] => 0,00
            [ValorValorDeclarado] => 0,00
            [EntregaDomiciliar] => N
            [EntregaSabado] => N
            [obsFim] => SimpleXMLElement Object
                (
                )

            [Erro] => 0
            [MsgErro] => SimpleXMLElement Object
                (
                )

        )

)

05-10-2022 @ 13:28:42 - Calculo Online - Correios URL: http://ws.correios.com.br/calculador/CalcPrecoPrazo.aspx?nCdServico=03298&nCdEmpresa=22047719&sDsSenha=Imp3ri@l237&sCepDestino=20230026&sCepOrigem=96412830&nVlAltura=20,00&nVlLargura=55,00&nVlDiametro=0&nVlComprimento=80,00&nVlPeso=14,67&nCdFormato=1&sCdMaoPropria=N&nVlValorDeclarado=0,00&sCdAvisoRecebimento=N&StrRetorno=xml
05-10-2022 @ 13:28:42 - Debug Correios Resposta: SimpleXMLElement Object
(
    [cServico] => SimpleXMLElement Object
        (
            [Codigo] => 03298
            [Valor] => 155,02
            [PrazoEntrega] => 7
            [ValorSemAdicionais] => 155,02
            [ValorMaoPropria] => 0,00
            [ValorAvisoRecebimento] => 0,00
            [ValorValorDeclarado] => 0,00
            [EntregaDomiciliar] => S
            [EntregaSabado] => N
            [obsFim] => SimpleXMLElement Object
                (
                )

            [Erro] => 0
            [MsgErro] => SimpleXMLElement Object
                (
                )

        )

)

05-10-2022 @ 13:49:03 - Calculo Online - Correios URL: http://ws.correios.com.br/calculador/CalcPrecoPrazo.aspx?nCdServico=03298&nCdEmpresa=22047719&sDsSenha=Imp3ri@l237&sCepDestino=08553110&sCepOrigem=96412830&nVlAltura=10,00&nVlLargura=30,00&nVlDiametro=0&nVlComprimento=50,00&nVlPeso=3,00&nCdFormato=1&sCdMaoPropria=N&nVlValorDeclarado=0,00&sCdAvisoRecebimento=N&StrRetorno=xml
05-10-2022 @ 13:49:03 - Debug Correios Resposta: SimpleXMLElement Object
(
    [cServico] => SimpleXMLElement Object
        (
            [Codigo] => 03298
            [Valor] => 33,04
            [PrazoEntrega] => 7
            [ValorSemAdicionais] => 33,04
            [ValorMaoPropria] => 0,00
            [ValorAvisoRecebimento] => 0,00
            [ValorValorDeclarado] => 0,00
            [EntregaDomiciliar] => S
            [EntregaSabado] => N
            [obsFim] => SimpleXMLElement Object
                (
                )

            [Erro] => 0
            [MsgErro] => SimpleXMLElement Object
                (
                )

        )

)

05-10-2022 @ 13:50:04 - Calculo Online - Correios URL: http://ws.correios.com.br/calculador/CalcPrecoPrazo.aspx?nCdServico=03298&nCdEmpresa=22047719&sDsSenha=Imp3ri@l237&sCepDestino=90035140&sCepOrigem=96412830&nVlAltura=10,00&nVlLargura=20,00&nVlDiametro=0&nVlComprimento=25,00&nVlPeso=1,00&nCdFormato=1&sCdMaoPropria=N&nVlValorDeclarado=0,00&sCdAvisoRecebimento=N&StrRetorno=xml
05-10-2022 @ 13:50:04 - Debug Correios Resposta: SimpleXMLElement Object
(
    [cServico] => SimpleXMLElement Object
        (
            [Codigo] => 03298
            [Valor] => 18,05
            [PrazoEntrega] => 5
            [ValorSemAdicionais] => 18,05
            [ValorMaoPropria] => 0,00
            [ValorAvisoRecebimento] => 0,00
            [ValorValorDeclarado] => 0,00
            [EntregaDomiciliar] => S
            [EntregaSabado] => N
            [obsFim] => SimpleXMLElement Object
                (
                )

            [Erro] => 0
            [MsgErro] => SimpleXMLElement Object
                (
                )

        )

)

05-10-2022 @ 13:52:12 - Calculo Online - Correios URL: http://ws.correios.com.br/calculador/CalcPrecoPrazo.aspx?nCdServico=03298&nCdEmpresa=22047719&sDsSenha=Imp3ri@l237&sCepDestino=58400100&sCepOrigem=96412830&nVlAltura=35,00&nVlLargura=35,00&nVlDiametro=0&nVlComprimento=45,00&nVlPeso=3,50&nCdFormato=1&sCdMaoPropria=N&nVlValorDeclarado=0,00&sCdAvisoRecebimento=N&StrRetorno=xml
05-10-2022 @ 13:52:12 - Debug Correios Resposta: SimpleXMLElement Object
(
    [cServico] => SimpleXMLElement Object
        (
            [Codigo] => 03298
            [Valor] => 133,07
            [PrazoEntrega] => 9
            [ValorSemAdicionais] => 133,07
            [ValorMaoPropria] => 0,00
            [ValorAvisoRecebimento] => 0,00
            [ValorValorDeclarado] => 0,00
            [EntregaDomiciliar] => S
            [EntregaSabado] => N
            [obsFim] => SimpleXMLElement Object
                (
                )

            [Erro] => 0
            [MsgErro] => SimpleXMLElement Object
                (
                )

        )

)

05-10-2022 @ 14:12:12 - Calculo Online - Correios URL: http://ws.correios.com.br/calculador/CalcPrecoPrazo.aspx?nCdServico=03298&nCdEmpresa=22047719&sDsSenha=Imp3ri@l237&sCepDestino=96300000&sCepOrigem=96412830&nVlAltura=34,60&nVlLargura=34,60&nVlDiametro=0&nVlComprimento=30,00&nVlPeso=3,00&nCdFormato=1&sCdMaoPropria=N&nVlValorDeclarado=0,00&sCdAvisoRecebimento=N&StrRetorno=xml
05-10-2022 @ 14:12:12 - Debug Correios Resposta: SimpleXMLElement Object
(
    [cServico] => SimpleXMLElement Object
        (
            [Codigo] => 03298
            [Valor] => 27,35
            [PrazoEntrega] => 7
            [ValorSemAdicionais] => 27,35
            [ValorMaoPropria] => 0,00
            [ValorAvisoRecebimento] => 0,00
            [ValorValorDeclarado] => 0,00
            [EntregaDomiciliar] => S
            [EntregaSabado] => N
            [obsFim] => Para as localidades com CEP único, com terminação 000, ou seja, que não possuem CEPs por logradouro, considera-se entrega domiciliária aquela prevista nos termos da Portaria nº 2.729/2021 do Ministério das Comunicações.
            [Erro] => 0
            [MsgErro] => SimpleXMLElement Object
                (
                )

        )

)

05-10-2022 @ 14:19:51 - Calculo Online - Correios URL: http://ws.correios.com.br/calculador/CalcPrecoPrazo.aspx?nCdServico=03298&nCdEmpresa=22047719&sDsSenha=Imp3ri@l237&sCepDestino=34007386&sCepOrigem=96412830&nVlAltura=19,40&nVlLargura=19,40&nVlDiametro=0&nVlComprimento=30,00&nVlPeso=1,50&nCdFormato=1&sCdMaoPropria=N&nVlValorDeclarado=0,00&sCdAvisoRecebimento=N&StrRetorno=xml
05-10-2022 @ 14:19:51 - Debug Correios Resposta: SimpleXMLElement Object
(
    [cServico] => SimpleXMLElement Object
        (
            [Codigo] => 03298
            [Valor] => 33,85
            [PrazoEntrega] => 7
            [ValorSemAdicionais] => 33,85
            [ValorMaoPropria] => 0,00
            [ValorAvisoRecebimento] => 0,00
            [ValorValorDeclarado] => 0,00
            [EntregaDomiciliar] => S
            [EntregaSabado] => N
            [obsFim] => SimpleXMLElement Object
                (
                )

            [Erro] => 0
            [MsgErro] => SimpleXMLElement Object
                (
                )

        )

)

05-10-2022 @ 14:28:43 - Calculo Online - Correios URL: http://ws.correios.com.br/calculador/CalcPrecoPrazo.aspx?nCdServico=03298&nCdEmpresa=22047719&sDsSenha=Imp3ri@l237&sCepDestino=34007386&sCepOrigem=96412830&nVlAltura=52,70&nVlLargura=52,70&nVlDiametro=0&nVlComprimento=30,00&nVlPeso=13,89&nCdFormato=1&sCdMaoPropria=N&nVlValorDeclarado=0,00&sCdAvisoRecebimento=N&StrRetorno=xml
05-10-2022 @ 14:28:43 - Debug Correios Resposta: SimpleXMLElement Object
(
    [cServico] => SimpleXMLElement Object
        (
            [Codigo] => 03298
            [Valor] => 124,68
            [PrazoEntrega] => 7
            [ValorSemAdicionais] => 124,68
            [ValorMaoPropria] => 0,00
            [ValorAvisoRecebimento] => 0,00
            [ValorValorDeclarado] => 0,00
            [EntregaDomiciliar] => S
            [EntregaSabado] => N
            [obsFim] => SimpleXMLElement Object
                (
                )

            [Erro] => 0
            [MsgErro] => SimpleXMLElement Object
                (
                )

        )

)

05-10-2022 @ 14:30:52 - Calculo Online - Correios URL: http://ws.correios.com.br/calculador/CalcPrecoPrazo.aspx?nCdServico=03298&nCdEmpresa=22047719&sDsSenha=Imp3ri@l237&sCepDestino=90035140&sCepOrigem=96412830&nVlAltura=15,00&nVlLargura=30,00&nVlDiametro=0&nVlComprimento=40,00&nVlPeso=3,00&nCdFormato=1&sCdMaoPropria=N&nVlValorDeclarado=0,00&sCdAvisoRecebimento=N&StrRetorno=xml
05-10-2022 @ 14:30:52 - Debug Correios Resposta: SimpleXMLElement Object
(
    [cServico] => SimpleXMLElement Object
        (
            [Codigo] => 03298
            [Valor] => 22,72
            [PrazoEntrega] => 5
            [ValorSemAdicionais] => 22,72
            [ValorMaoPropria] => 0,00
            [ValorAvisoRecebimento] => 0,00
            [ValorValorDeclarado] => 0,00
            [EntregaDomiciliar] => S
            [EntregaSabado] => N
            [obsFim] => SimpleXMLElement Object
                (
                )

            [Erro] => 0
            [MsgErro] => SimpleXMLElement Object
                (
                )

        )

)

05-10-2022 @ 14:31:02 - Calculo Online - Correios URL: http://ws.correios.com.br/calculador/CalcPrecoPrazo.aspx?nCdServico=03298&nCdEmpresa=22047719&sDsSenha=Imp3ri@l237&sCepDestino=90035140&sCepOrigem=96412830&nVlAltura=15,00&nVlLargura=30,00&nVlDiametro=0&nVlComprimento=40,00&nVlPeso=3,00&nCdFormato=1&sCdMaoPropria=N&nVlValorDeclarado=0,00&sCdAvisoRecebimento=N&StrRetorno=xml
05-10-2022 @ 14:31:02 - Debug Correios Resposta: SimpleXMLElement Object
(
    [cServico] => SimpleXMLElement Object
        (
            [Codigo] => 03298
            [Valor] => 22,72
            [PrazoEntrega] => 5
            [ValorSemAdicionais] => 22,72
            [ValorMaoPropria] => 0,00
            [ValorAvisoRecebimento] => 0,00
            [ValorValorDeclarado] => 0,00
            [EntregaDomiciliar] => S
            [EntregaSabado] => N
            [obsFim] => SimpleXMLElement Object
                (
                )

            [Erro] => 0
            [MsgErro] => SimpleXMLElement Object
                (
                )

        )

)

05-10-2022 @ 14:32:24 - Calculo Online - Correios URL: http://ws.correios.com.br/calculador/CalcPrecoPrazo.aspx?nCdServico=03298&nCdEmpresa=22047719&sDsSenha=Imp3ri@l237&sCepDestino=90035140&sCepOrigem=96412830&nVlAltura=15,00&nVlLargura=30,00&nVlDiametro=0&nVlComprimento=40,00&nVlPeso=3,00&nCdFormato=1&sCdMaoPropria=N&nVlValorDeclarado=0,00&sCdAvisoRecebimento=N&StrRetorno=xml
05-10-2022 @ 14:32:24 - Debug Correios Resposta: SimpleXMLElement Object
(
    [cServico] => SimpleXMLElement Object
        (
            [Codigo] => 03298
            [Valor] => 22,72
            [PrazoEntrega] => 5
            [ValorSemAdicionais] => 22,72
            [ValorMaoPropria] => 0,00
            [ValorAvisoRecebimento] => 0,00
            [ValorValorDeclarado] => 0,00
            [EntregaDomiciliar] => S
            [EntregaSabado] => N
            [obsFim] => SimpleXMLElement Object
                (
                )

            [Erro] => 0
            [MsgErro] => SimpleXMLElement Object
                (
                )

        )

)

05-10-2022 @ 14:54:05 - Calculo Online - Correios URL: http://ws.correios.com.br/calculador/CalcPrecoPrazo.aspx?nCdServico=03298&nCdEmpresa=22047719&sDsSenha=Imp3ri@l237&sCepDestino=69037107&sCepOrigem=96412830&nVlAltura=15,00&nVlLargura=50,00&nVlDiametro=0&nVlComprimento=50,00&nVlPeso=8,50&nCdFormato=1&sCdMaoPropria=N&nVlValorDeclarado=0,00&sCdAvisoRecebimento=N&StrRetorno=xml
05-10-2022 @ 14:54:05 - Debug Correios Resposta: SimpleXMLElement Object
(
    [cServico] => SimpleXMLElement Object
        (
            [Codigo] => 03298
            [Valor] => 130,74
            [PrazoEntrega] => 22
            [ValorSemAdicionais] => 130,74
            [ValorMaoPropria] => 0,00
            [ValorAvisoRecebimento] => 0,00
            [ValorValorDeclarado] => 0,00
            [EntregaDomiciliar] => S
            [EntregaSabado] => N
            [obsFim] => SimpleXMLElement Object
                (
                )

            [Erro] => 0
            [MsgErro] => SimpleXMLElement Object
                (
                )

        )

)

05-10-2022 @ 14:59:23 - Calculo Online - Correios URL: http://ws.correios.com.br/calculador/CalcPrecoPrazo.aspx?nCdServico=03298&nCdEmpresa=22047719&sDsSenha=Imp3ri@l237&sCepDestino=95305000&sCepOrigem=96412830&nVlAltura=5,00&nVlLargura=25,00&nVlDiametro=0&nVlComprimento=30,00&nVlPeso=1,00&nCdFormato=1&sCdMaoPropria=N&nVlValorDeclarado=0,00&sCdAvisoRecebimento=N&StrRetorno=xml
05-10-2022 @ 14:59:23 - Debug Correios Resposta: SimpleXMLElement Object
(
    [cServico] => SimpleXMLElement Object
        (
            [Codigo] => 03298
            [Valor] => 18,05
            [PrazoEntrega] => 6
            [ValorSemAdicionais] => 18,05
            [ValorMaoPropria] => 0,00
            [ValorAvisoRecebimento] => 0,00
            [ValorValorDeclarado] => 0,00
            [EntregaDomiciliar] => S
            [EntregaSabado] => N
            [obsFim] => Para as localidades com CEP único, com terminação 000, ou seja, que não possuem CEPs por logradouro, considera-se entrega domiciliária aquela prevista nos termos da Portaria nº 2.729/2021 do Ministério das Comunicações.
            [Erro] => 0
            [MsgErro] => SimpleXMLElement Object
                (
                )

        )

)

05-10-2022 @ 15:14:16 - Calculo Online - Correios URL: http://ws.correios.com.br/calculador/CalcPrecoPrazo.aspx?nCdServico=03298&nCdEmpresa=22047719&sDsSenha=Imp3ri@l237&sCepDestino=69037107&sCepOrigem=96412830&nVlAltura=30,00&nVlLargura=70,00&nVlDiametro=0&nVlComprimento=70,00&nVlPeso=24,50&nCdFormato=1&sCdMaoPropria=N&nVlValorDeclarado=0,00&sCdAvisoRecebimento=N&StrRetorno=xml
05-10-2022 @ 15:14:16 - Debug Correios Resposta: SimpleXMLElement Object
(
    [cServico] => SimpleXMLElement Object
        (
            [Codigo] => 03298
            [Valor] => 380,57
            [PrazoEntrega] => 22
            [ValorSemAdicionais] => 380,57
            [ValorMaoPropria] => 0,00
            [ValorAvisoRecebimento] => 0,00
            [ValorValorDeclarado] => 0,00
            [EntregaDomiciliar] => S
            [EntregaSabado] => N
            [obsFim] => SimpleXMLElement Object
                (
                )

            [Erro] => 0
            [MsgErro] => SimpleXMLElement Object
                (
                )

        )

)

05-10-2022 @ 15:54:26 - Calculo Online - Correios URL: http://ws.correios.com.br/calculador/CalcPrecoPrazo.aspx?nCdServico=03298&nCdEmpresa=22047719&sDsSenha=Imp3ri@l237&sCepDestino=95098340&sCepOrigem=96412830&nVlAltura=10,00&nVlLargura=50,00&nVlDiametro=0&nVlComprimento=50,00&nVlPeso=3,50&nCdFormato=1&sCdMaoPropria=N&nVlValorDeclarado=0,00&sCdAvisoRecebimento=N&StrRetorno=xml
05-10-2022 @ 15:54:26 - Debug Correios Resposta: SimpleXMLElement Object
(
    [cServico] => SimpleXMLElement Object
        (
            [Codigo] => 03298
            [Valor] => 24,25
            [PrazoEntrega] => 6
            [ValorSemAdicionais] => 24,25
            [ValorMaoPropria] => 0,00
            [ValorAvisoRecebimento] => 0,00
            [ValorValorDeclarado] => 0,00
            [EntregaDomiciliar] => N
            [EntregaSabado] => N
            [obsFim] => SimpleXMLElement Object
                (
                )

            [Erro] => 0
            [MsgErro] => SimpleXMLElement Object
                (
                )

        )

)

05-10-2022 @ 15:55:16 - Calculo Online - Correios URL: http://ws.correios.com.br/calculador/CalcPrecoPrazo.aspx?nCdServico=03298&nCdEmpresa=22047719&sDsSenha=Imp3ri@l237&sCepDestino=78217590&sCepOrigem=96412830&nVlAltura=15,00&nVlLargura=50,00&nVlDiametro=0&nVlComprimento=60,00&nVlPeso=8,00&nCdFormato=1&sCdMaoPropria=N&nVlValorDeclarado=0,00&sCdAvisoRecebimento=N&StrRetorno=xml
05-10-2022 @ 15:55:16 - Debug Correios Resposta: SimpleXMLElement Object
(
    [cServico] => SimpleXMLElement Object
        (
            [Codigo] => 03298
            [Valor] => 127,49
            [PrazoEntrega] => 12
            [ValorSemAdicionais] => 127,49
            [ValorMaoPropria] => 0,00
            [ValorAvisoRecebimento] => 0,00
            [ValorValorDeclarado] => 0,00
            [EntregaDomiciliar] => S
            [EntregaSabado] => N
            [obsFim] => SimpleXMLElement Object
                (
                )

            [Erro] => 0
            [MsgErro] => SimpleXMLElement Object
                (
                )

        )

)

05-10-2022 @ 17:33:28 - Calculo Online - Correios URL: http://ws.correios.com.br/calculador/CalcPrecoPrazo.aspx?nCdServico=03298&nCdEmpresa=22047719&sDsSenha=Imp3ri@l237&sCepDestino=90035140&sCepOrigem=96412830&nVlAltura=15,00&nVlLargura=30,00&nVlDiametro=0&nVlComprimento=40,00&nVlPeso=3,00&nCdFormato=1&sCdMaoPropria=N&nVlValorDeclarado=0,00&sCdAvisoRecebimento=N&StrRetorno=xml
05-10-2022 @ 17:33:28 - Debug Correios Resposta: SimpleXMLElement Object
(
    [cServico] => SimpleXMLElement Object
        (
            [Codigo] => 03298
            [Valor] => 22,72
            [PrazoEntrega] => 5
            [ValorSemAdicionais] => 22,72
            [ValorMaoPropria] => 0,00
            [ValorAvisoRecebimento] => 0,00
            [ValorValorDeclarado] => 0,00
            [EntregaDomiciliar] => S
            [EntregaSabado] => N
            [obsFim] => SimpleXMLElement Object
                (
                )

            [Erro] => 0
            [MsgErro] => SimpleXMLElement Object
                (
                )

        )

)

05-10-2022 @ 17:48:48 - Calculo Online - Correios URL: http://ws.correios.com.br/calculador/CalcPrecoPrazo.aspx?nCdServico=03298&nCdEmpresa=22047719&sDsSenha=Imp3ri@l237&sCepDestino=09080320&sCepOrigem=96412830&nVlAltura=20,00&nVlLargura=25,00&nVlDiametro=0&nVlComprimento=30,00&nVlPeso=1,00&nCdFormato=1&sCdMaoPropria=N&nVlValorDeclarado=0,00&sCdAvisoRecebimento=N&StrRetorno=xml
05-10-2022 @ 17:48:48 - Debug Correios Resposta: SimpleXMLElement Object
(
    [cServico] => SimpleXMLElement Object
        (
            [Codigo] => 03298
            [Valor] => 24,15
            [PrazoEntrega] => 6
            [ValorSemAdicionais] => 24,15
            [ValorMaoPropria] => 0,00
            [ValorAvisoRecebimento] => 0,00
            [ValorValorDeclarado] => 0,00
            [EntregaDomiciliar] => S
            [EntregaSabado] => N
            [obsFim] => SimpleXMLElement Object
                (
                )

            [Erro] => 0
            [MsgErro] => SimpleXMLElement Object
                (
                )

        )

)

05-10-2022 @ 17:50:27 - Calculo Online - Correios URL: http://ws.correios.com.br/calculador/CalcPrecoPrazo.aspx?nCdServico=03298&nCdEmpresa=22047719&sDsSenha=Imp3ri@l237&sCepDestino=90035140&sCepOrigem=96412830&nVlAltura=15,00&nVlLargura=30,00&nVlDiametro=0&nVlComprimento=40,00&nVlPeso=3,00&nCdFormato=1&sCdMaoPropria=N&nVlValorDeclarado=0,00&sCdAvisoRecebimento=N&StrRetorno=xml
05-10-2022 @ 17:50:27 - Debug Correios Resposta: SimpleXMLElement Object
(
    [cServico] => SimpleXMLElement Object
        (
            [Codigo] => 03298
            [Valor] => 22,72
            [PrazoEntrega] => 5
            [ValorSemAdicionais] => 22,72
            [ValorMaoPropria] => 0,00
            [ValorAvisoRecebimento] => 0,00
            [ValorValorDeclarado] => 0,00
            [EntregaDomiciliar] => S
            [EntregaSabado] => N
            [obsFim] => SimpleXMLElement Object
                (
                )

            [Erro] => 0
            [MsgErro] => SimpleXMLElement Object
                (
                )

        )

)

05-10-2022 @ 18:07:55 - Calculo Online - Correios URL: http://ws.correios.com.br/calculador/CalcPrecoPrazo.aspx?nCdServico=03298&nCdEmpresa=22047719&sDsSenha=Imp3ri@l237&sCepDestino=08553110&sCepOrigem=96412830&nVlAltura=26,80&nVlLargura=26,80&nVlDiametro=0&nVlComprimento=50,00&nVlPeso=6,50&nCdFormato=1&sCdMaoPropria=N&nVlValorDeclarado=0,00&sCdAvisoRecebimento=N&StrRetorno=xml
05-10-2022 @ 18:07:55 - Debug Correios Resposta: SimpleXMLElement Object
(
    [cServico] => SimpleXMLElement Object
        (
            [Codigo] => 03298
            [Valor] => 54,92
            [PrazoEntrega] => 7
            [ValorSemAdicionais] => 54,92
            [ValorMaoPropria] => 0,00
            [ValorAvisoRecebimento] => 0,00
            [ValorValorDeclarado] => 0,00
            [EntregaDomiciliar] => S
            [EntregaSabado] => N
            [obsFim] => SimpleXMLElement Object
                (
                )

            [Erro] => 0
            [MsgErro] => SimpleXMLElement Object
                (
                )

        )

)

05-10-2022 @ 18:08:26 - Calculo Online - Correios URL: http://ws.correios.com.br/calculador/CalcPrecoPrazo.aspx?nCdServico=03298&nCdEmpresa=22047719&sDsSenha=Imp3ri@l237&sCepDestino=08553110&sCepOrigem=96412830&nVlAltura=20,00&nVlLargura=30,00&nVlDiametro=0&nVlComprimento=35,00&nVlPeso=3,50&nCdFormato=1&sCdMaoPropria=N&nVlValorDeclarado=0,00&sCdAvisoRecebimento=N&StrRetorno=xml
05-10-2022 @ 18:08:26 - Debug Correios Resposta: SimpleXMLElement Object
(
    [cServico] => SimpleXMLElement Object
        (
            [Codigo] => 03298
            [Valor] => 42,36
            [PrazoEntrega] => 7
            [ValorSemAdicionais] => 42,36
            [ValorMaoPropria] => 0,00
            [ValorAvisoRecebimento] => 0,00
            [ValorValorDeclarado] => 0,00
            [EntregaDomiciliar] => S
            [EntregaSabado] => N
            [obsFim] => SimpleXMLElement Object
                (
                )

            [Erro] => 0
            [MsgErro] => SimpleXMLElement Object
                (
                )

        )

)

05-10-2022 @ 18:08:45 - Calculo Online - Correios URL: http://ws.correios.com.br/calculador/CalcPrecoPrazo.aspx?nCdServico=03298&nCdEmpresa=22047719&sDsSenha=Imp3ri@l237&sCepDestino=08553110&sCepOrigem=96412830&nVlAltura=36,90&nVlLargura=36,90&nVlDiametro=0&nVlComprimento=80,00&nVlPeso=18,15&nCdFormato=1&sCdMaoPropria=N&nVlValorDeclarado=0,00&sCdAvisoRecebimento=N&StrRetorno=xml
05-10-2022 @ 18:08:45 - Debug Correios Resposta: SimpleXMLElement Object
(
    [cServico] => SimpleXMLElement Object
        (
            [Codigo] => 03298
            [Valor] => 176,91
            [PrazoEntrega] => 7
            [ValorSemAdicionais] => 176,91
            [ValorMaoPropria] => 0,00
            [ValorAvisoRecebimento] => 0,00
            [ValorValorDeclarado] => 0,00
            [EntregaDomiciliar] => S
            [EntregaSabado] => N
            [obsFim] => SimpleXMLElement Object
                (
                )

            [Erro] => 0
            [MsgErro] => SimpleXMLElement Object
                (
                )

        )

)

05-10-2022 @ 18:09:00 - Calculo Online - Correios URL: http://ws.correios.com.br/calculador/CalcPrecoPrazo.aspx?nCdServico=03298&nCdEmpresa=22047719&sDsSenha=Imp3ri@l237&sCepDestino=88330040&sCepOrigem=96412830&nVlAltura=36,90&nVlLargura=36,90&nVlDiametro=0&nVlComprimento=80,00&nVlPeso=18,15&nCdFormato=1&sCdMaoPropria=N&nVlValorDeclarado=0,00&sCdAvisoRecebimento=N&StrRetorno=xml
05-10-2022 @ 18:09:00 - Debug Correios Resposta: SimpleXMLElement Object
(
    [cServico] => SimpleXMLElement Object
        (
            [Codigo] => 03298
            [Valor] => 176,91
            [PrazoEntrega] => 7
            [ValorSemAdicionais] => 176,91
            [ValorMaoPropria] => 0,00
            [ValorAvisoRecebimento] => 0,00
            [ValorValorDeclarado] => 0,00
            [EntregaDomiciliar] => S
            [EntregaSabado] => N
            [obsFim] => SimpleXMLElement Object
                (
                )

            [Erro] => 0
            [MsgErro] => SimpleXMLElement Object
                (
                )

        )

)

05-10-2022 @ 18:18:48 - Calculo Online - Correios URL: http://ws.correios.com.br/calculador/CalcPrecoPrazo.aspx?nCdServico=03298&nCdEmpresa=22047719&sDsSenha=Imp3ri@l237&sCepDestino=89990000&sCepOrigem=96412830&nVlAltura=20,00&nVlLargura=65,00&nVlDiametro=0&nVlComprimento=70,00&nVlPeso=20,00&nCdFormato=1&sCdMaoPropria=N&nVlValorDeclarado=0,00&sCdAvisoRecebimento=N&StrRetorno=xml
05-10-2022 @ 18:18:48 - Debug Correios Resposta: SimpleXMLElement Object
(
    [cServico] => SimpleXMLElement Object
        (
            [Codigo] => 03298
            [Valor] => 166,10
            [PrazoEntrega] => 11
            [ValorSemAdicionais] => 166,10
            [ValorMaoPropria] => 0,00
            [ValorAvisoRecebimento] => 0,00
            [ValorValorDeclarado] => 0,00
            [EntregaDomiciliar] => S
            [EntregaSabado] => N
            [obsFim] => Para as localidades com CEP único, com terminação 000, ou seja, que não possuem CEPs por logradouro, considera-se entrega domiciliária aquela prevista nos termos da Portaria nº 2.729/2021 do Ministério das Comunicações.
            [Erro] => 0
            [MsgErro] => SimpleXMLElement Object
                (
                )

        )

)

05-10-2022 @ 18:29:13 - Calculo Online - Correios URL: http://ws.correios.com.br/calculador/CalcPrecoPrazo.aspx?nCdServico=03298&nCdEmpresa=22047719&sDsSenha=Imp3ri@l237&sCepDestino=34007386&sCepOrigem=96412830&nVlAltura=19,40&nVlLargura=19,40&nVlDiametro=0&nVlComprimento=30,00&nVlPeso=1,50&nCdFormato=1&sCdMaoPropria=N&nVlValorDeclarado=0,00&sCdAvisoRecebimento=N&StrRetorno=xml
05-10-2022 @ 18:29:13 - Debug Correios Resposta: SimpleXMLElement Object
(
    [cServico] => SimpleXMLElement Object
        (
            [Codigo] => 03298
            [Valor] => 33,85
            [PrazoEntrega] => 7
            [ValorSemAdicionais] => 33,85
            [ValorMaoPropria] => 0,00
            [ValorAvisoRecebimento] => 0,00
            [ValorValorDeclarado] => 0,00
            [EntregaDomiciliar] => S
            [EntregaSabado] => N
            [obsFim] => SimpleXMLElement Object
                (
                )

            [Erro] => 0
            [MsgErro] => SimpleXMLElement Object
                (
                )

        )

)

