03-24-2022 @ 22:43:33 - Calculo Online - Correios URL: http://ws.correios.com.br/calculador/CalcPrecoPrazo.aspx?nCdServico=03220&nCdEmpresa=22047719&sDsSenha=Imp3ri@l237&sCepDestino=88880000&sCepOrigem=96412830&nVlAltura=8,00&nVlLargura=30,00&nVlDiametro=0&nVlComprimento=30,00&nVlPeso=2,00&nCdFormato=1&sCdMaoPropria=N&nVlValorDeclarado=0,00&sCdAvisoRecebimento=N&StrRetorno=xml
03-24-2022 @ 22:43:33 - Debug Correios Resposta: SimpleXMLElement Object
(
    [cServico] => SimpleXMLElement Object
        (
            [Codigo] => 03220
            [Valor] => 64,64
            [PrazoEntrega] => 6
            [ValorSemAdicionais] => 64,64
            [ValorMaoPropria] => 0,00
            [ValorAvisoRecebimento] => 0,00
            [ValorValorDeclarado] => 0,00
            [EntregaDomiciliar] => S
            [EntregaSabado] => N
            [obsFim] => SimpleXMLElement Object
                (
                )

            [Erro] => 0
            [MsgErro] => SimpleXMLElement Object
                (
                )

        )

)

03-24-2022 @ 23:23:10 - Calculo Online - Correios URL: http://ws.correios.com.br/calculador/CalcPrecoPrazo.aspx?nCdServico=03220&nCdEmpresa=22047719&sDsSenha=Imp3ri@l237&sCepDestino=70272030&sCepOrigem=96412830&nVlAltura=10,00&nVlLargura=40,00&nVlDiametro=0&nVlComprimento=40,00&nVlPeso=4,50&nCdFormato=1&sCdMaoPropria=N&nVlValorDeclarado=0,00&sCdAvisoRecebimento=N&StrRetorno=xml
03-24-2022 @ 23:23:10 - Debug Correios Resposta: SimpleXMLElement Object
(
    [cServico] => SimpleXMLElement Object
        (
            [Codigo] => 03220
            [Valor] => 183,42
            [PrazoEntrega] => 2
            [ValorSemAdicionais] => 183,42
            [ValorMaoPropria] => 0,00
            [ValorAvisoRecebimento] => 0,00
            [ValorValorDeclarado] => 0,00
            [EntregaDomiciliar] => S
            [EntregaSabado] => N
            [obsFim] => SimpleXMLElement Object
                (
                )

            [Erro] => 0
            [MsgErro] => SimpleXMLElement Object
                (
                )

        )

)

03-24-2022 @ 23:42:37 - Calculo Online - Correios URL: http://ws.correios.com.br/calculador/CalcPrecoPrazo.aspx?nCdServico=03220&nCdEmpresa=22047719&sDsSenha=Imp3ri@l237&sCepDestino=30310300&sCepOrigem=96412830&nVlAltura=10,00&nVlLargura=30,00&nVlDiametro=0&nVlComprimento=40,00&nVlPeso=2,00&nCdFormato=1&sCdMaoPropria=N&nVlValorDeclarado=0,00&sCdAvisoRecebimento=N&StrRetorno=xml
03-24-2022 @ 23:42:37 - Debug Correios Resposta: SimpleXMLElement Object
(
    [cServico] => SimpleXMLElement Object
        (
            [Codigo] => 03220
            [Valor] => 82,05
            [PrazoEntrega] => 2
            [ValorSemAdicionais] => 82,05
            [ValorMaoPropria] => 0,00
            [ValorAvisoRecebimento] => 0,00
            [ValorValorDeclarado] => 0,00
            [EntregaDomiciliar] => S
            [EntregaSabado] => N
            [obsFim] => SimpleXMLElement Object
                (
                )

            [Erro] => 0
            [MsgErro] => SimpleXMLElement Object
                (
                )

        )

)

03-25-2022 @ 01:00:09 - Calculo Online - Correios URL: http://ws.correios.com.br/calculador/CalcPrecoPrazo.aspx?nCdServico=03220&nCdEmpresa=22047719&sDsSenha=Imp3ri@l237&sCepDestino=96015000&sCepOrigem=96412830&nVlAltura=37,00&nVlLargura=42,00&nVlDiametro=0&nVlComprimento=70,00&nVlPeso=18,13&nCdFormato=1&sCdMaoPropria=N&nVlValorDeclarado=0,00&sCdAvisoRecebimento=N&StrRetorno=xml
03-25-2022 @ 01:00:09 - Debug Correios Resposta: SimpleXMLElement Object
(
    [cServico] => SimpleXMLElement Object
        (
            [Codigo] => 03220
            [Valor] => 102,41
            [PrazoEntrega] => 2
            [ValorSemAdicionais] => 102,41
            [ValorMaoPropria] => 0,00
            [ValorAvisoRecebimento] => 0,00
            [ValorValorDeclarado] => 0,00
            [EntregaDomiciliar] => S
            [EntregaSabado] => N
            [obsFim] => SimpleXMLElement Object
                (
                )

            [Erro] => 0
            [MsgErro] => SimpleXMLElement Object
                (
                )

        )

)

03-25-2022 @ 05:52:49 - Calculo Online - Correios URL: http://ws.correios.com.br/calculador/CalcPrecoPrazo.aspx?nCdServico=03220&nCdEmpresa=22047719&sDsSenha=Imp3ri@l237&sCepDestino=79041080&sCepOrigem=96412830&nVlAltura=34,60&nVlLargura=34,60&nVlDiametro=0&nVlComprimento=30,00&nVlPeso=3,00&nCdFormato=1&sCdMaoPropria=N&nVlValorDeclarado=0,00&sCdAvisoRecebimento=N&StrRetorno=xml
03-25-2022 @ 05:52:49 - Debug Correios Resposta: SimpleXMLElement Object
(
    [cServico] => SimpleXMLElement Object
        (
            [Codigo] => 03220
            [Valor] => 168,64
            [PrazoEntrega] => 3
            [ValorSemAdicionais] => 168,64
            [ValorMaoPropria] => 0,00
            [ValorAvisoRecebimento] => 0,00
            [ValorValorDeclarado] => 0,00
            [EntregaDomiciliar] => S
            [EntregaSabado] => N
            [obsFim] => SimpleXMLElement Object
                (
                )

            [Erro] => 0
            [MsgErro] => SimpleXMLElement Object
                (
                )

        )

)

03-25-2022 @ 05:52:52 - Calculo Online - Correios URL: http://ws.correios.com.br/calculador/CalcPrecoPrazo.aspx?nCdServico=03220&nCdEmpresa=22047719&sDsSenha=Imp3ri@l237&sCepDestino=79041080&sCepOrigem=96412830&nVlAltura=34,60&nVlLargura=34,60&nVlDiametro=0&nVlComprimento=30,00&nVlPeso=3,00&nCdFormato=1&sCdMaoPropria=N&nVlValorDeclarado=0,00&sCdAvisoRecebimento=N&StrRetorno=xml
03-25-2022 @ 05:52:52 - Debug Correios Resposta: SimpleXMLElement Object
(
    [cServico] => SimpleXMLElement Object
        (
            [Codigo] => 03220
            [Valor] => 168,64
            [PrazoEntrega] => 3
            [ValorSemAdicionais] => 168,64
            [ValorMaoPropria] => 0,00
            [ValorAvisoRecebimento] => 0,00
            [ValorValorDeclarado] => 0,00
            [EntregaDomiciliar] => S
            [EntregaSabado] => N
            [obsFim] => SimpleXMLElement Object
                (
                )

            [Erro] => 0
            [MsgErro] => SimpleXMLElement Object
                (
                )

        )

)

03-25-2022 @ 05:52:55 - Calculo Online - Correios URL: http://ws.correios.com.br/calculador/CalcPrecoPrazo.aspx?nCdServico=03220&nCdEmpresa=22047719&sDsSenha=Imp3ri@l237&sCepDestino=79041080&sCepOrigem=96412830&nVlAltura=34,60&nVlLargura=34,60&nVlDiametro=0&nVlComprimento=30,00&nVlPeso=3,00&nCdFormato=1&sCdMaoPropria=N&nVlValorDeclarado=0,00&sCdAvisoRecebimento=N&StrRetorno=xml
03-25-2022 @ 05:52:55 - Debug Correios Resposta: SimpleXMLElement Object
(
    [cServico] => SimpleXMLElement Object
        (
            [Codigo] => 03220
            [Valor] => 168,64
            [PrazoEntrega] => 3
            [ValorSemAdicionais] => 168,64
            [ValorMaoPropria] => 0,00
            [ValorAvisoRecebimento] => 0,00
            [ValorValorDeclarado] => 0,00
            [EntregaDomiciliar] => S
            [EntregaSabado] => N
            [obsFim] => SimpleXMLElement Object
                (
                )

            [Erro] => 0
            [MsgErro] => SimpleXMLElement Object
                (
                )

        )

)

03-25-2022 @ 05:58:05 - Calculo Online - Correios URL: http://ws.correios.com.br/calculador/CalcPrecoPrazo.aspx?nCdServico=03220&nCdEmpresa=22047719&sDsSenha=Imp3ri@l237&sCepDestino=40150550&sCepOrigem=96412830&nVlAltura=20,00&nVlLargura=40,00&nVlDiametro=0&nVlComprimento=68,00&nVlPeso=9,07&nCdFormato=1&sCdMaoPropria=N&nVlValorDeclarado=0,00&sCdAvisoRecebimento=N&StrRetorno=xml
03-25-2022 @ 05:58:05 - Debug Correios Resposta: SimpleXMLElement Object
(
    [cServico] => SimpleXMLElement Object
        (
            [Codigo] => 03220
            [Valor] => 266,01
            [PrazoEntrega] => 3
            [ValorSemAdicionais] => 266,01
            [ValorMaoPropria] => 0,00
            [ValorAvisoRecebimento] => 0,00
            [ValorValorDeclarado] => 0,00
            [EntregaDomiciliar] => S
            [EntregaSabado] => N
            [obsFim] => SimpleXMLElement Object
                (
                )

            [Erro] => 0
            [MsgErro] => SimpleXMLElement Object
                (
                )

        )

)

03-25-2022 @ 05:58:09 - Calculo Online - Correios URL: http://ws.correios.com.br/calculador/CalcPrecoPrazo.aspx?nCdServico=03220&nCdEmpresa=22047719&sDsSenha=Imp3ri@l237&sCepDestino=40150550&sCepOrigem=96412830&nVlAltura=20,00&nVlLargura=40,00&nVlDiametro=0&nVlComprimento=68,00&nVlPeso=9,07&nCdFormato=1&sCdMaoPropria=N&nVlValorDeclarado=0,00&sCdAvisoRecebimento=N&StrRetorno=xml
03-25-2022 @ 05:58:09 - Debug Correios Resposta: SimpleXMLElement Object
(
    [cServico] => SimpleXMLElement Object
        (
            [Codigo] => 03220
            [Valor] => 266,01
            [PrazoEntrega] => 3
            [ValorSemAdicionais] => 266,01
            [ValorMaoPropria] => 0,00
            [ValorAvisoRecebimento] => 0,00
            [ValorValorDeclarado] => 0,00
            [EntregaDomiciliar] => S
            [EntregaSabado] => N
            [obsFim] => SimpleXMLElement Object
                (
                )

            [Erro] => 0
            [MsgErro] => SimpleXMLElement Object
                (
                )

        )

)

03-25-2022 @ 07:50:14 - Calculo Online - Correios URL: http://ws.correios.com.br/calculador/CalcPrecoPrazo.aspx?nCdServico=03220&nCdEmpresa=22047719&sDsSenha=Imp3ri@l237&sCepDestino=22640012&sCepOrigem=96412830&nVlAltura=15,00&nVlLargura=50,00&nVlDiametro=0&nVlComprimento=60,00&nVlPeso=8,00&nCdFormato=1&sCdMaoPropria=N&nVlValorDeclarado=0,00&sCdAvisoRecebimento=N&StrRetorno=xml
03-25-2022 @ 07:50:14 - Debug Correios Resposta: SimpleXMLElement Object
(
    [cServico] => SimpleXMLElement Object
        (
            [Codigo] => 03220
            [Valor] => 156,51
            [PrazoEntrega] => 3
            [ValorSemAdicionais] => 156,51
            [ValorMaoPropria] => 0,00
            [ValorAvisoRecebimento] => 0,00
            [ValorValorDeclarado] => 0,00
            [EntregaDomiciliar] => S
            [EntregaSabado] => N
            [obsFim] => SimpleXMLElement Object
                (
                )

            [Erro] => 0
            [MsgErro] => SimpleXMLElement Object
                (
                )

        )

)

03-25-2022 @ 10:42:19 - Calculo Online - Correios URL: http://ws.correios.com.br/calculador/CalcPrecoPrazo.aspx?nCdServico=03220&nCdEmpresa=22047719&sDsSenha=Imp3ri@l237&sCepDestino=27213220&sCepOrigem=96412830&nVlAltura=10,00&nVlLargura=40,00&nVlDiametro=0&nVlComprimento=40,00&nVlPeso=3,50&nCdFormato=1&sCdMaoPropria=N&nVlValorDeclarado=0,00&sCdAvisoRecebimento=N&StrRetorno=xml
03-25-2022 @ 10:42:19 - Debug Correios Resposta: SimpleXMLElement Object
(
    [cServico] => SimpleXMLElement Object
        (
            [Codigo] => 03220
            [Valor] => 104,55
            [PrazoEntrega] => 4
            [ValorSemAdicionais] => 104,55
            [ValorMaoPropria] => 0,00
            [ValorAvisoRecebimento] => 0,00
            [ValorValorDeclarado] => 0,00
            [EntregaDomiciliar] => S
            [EntregaSabado] => N
            [obsFim] => SimpleXMLElement Object
                (
                )

            [Erro] => 0
            [MsgErro] => SimpleXMLElement Object
                (
                )

        )

)

03-25-2022 @ 10:50:43 - Calculo Online - Correios URL: http://ws.correios.com.br/calculador/CalcPrecoPrazo.aspx?nCdServico=03220&nCdEmpresa=22047719&sDsSenha=Imp3ri@l237&sCepDestino=85660000&sCepOrigem=96412830&nVlAltura=10,00&nVlLargura=20,00&nVlDiametro=0&nVlComprimento=25,00&nVlPeso=1,00&nCdFormato=1&sCdMaoPropria=N&nVlValorDeclarado=0,00&sCdAvisoRecebimento=N&StrRetorno=xml
03-25-2022 @ 10:50:43 - Debug Correios Resposta: SimpleXMLElement Object
(
    [cServico] => SimpleXMLElement Object
        (
            [Codigo] => 03220
            [Valor] => 51,69
            [PrazoEntrega] => 6
            [ValorSemAdicionais] => 51,69
            [ValorMaoPropria] => 0,00
            [ValorAvisoRecebimento] => 0,00
            [ValorValorDeclarado] => 0,00
            [EntregaDomiciliar] => S
            [EntregaSabado] => N
            [obsFim] => SimpleXMLElement Object
                (
                )

            [Erro] => 0
            [MsgErro] => SimpleXMLElement Object
                (
                )

        )

)

03-25-2022 @ 11:02:12 - Calculo Online - Correios URL: http://ws.correios.com.br/calculador/CalcPrecoPrazo.aspx?nCdServico=03220&nCdEmpresa=22047719&sDsSenha=Imp3ri@l237&sCepDestino=15600043&sCepOrigem=96412830&nVlAltura=10,00&nVlLargura=50,00&nVlDiametro=0&nVlComprimento=50,00&nVlPeso=4,50&nCdFormato=1&sCdMaoPropria=N&nVlValorDeclarado=0,00&sCdAvisoRecebimento=N&StrRetorno=xml
03-25-2022 @ 11:02:12 - Debug Correios Resposta: SimpleXMLElement Object
(
    [cServico] => SimpleXMLElement Object
        (
            [Codigo] => 03220
            [Valor] => 102,06
            [PrazoEntrega] => 3
            [ValorSemAdicionais] => 102,06
            [ValorMaoPropria] => 0,00
            [ValorAvisoRecebimento] => 0,00
            [ValorValorDeclarado] => 0,00
            [EntregaDomiciliar] => S
            [EntregaSabado] => N
            [obsFim] => SimpleXMLElement Object
                (
                )

            [Erro] => 0
            [MsgErro] => SimpleXMLElement Object
                (
                )

        )

)

03-25-2022 @ 12:27:58 - Erro Correios Online URL: http://ws.correios.com.br/calculador/CalcPrecoPrazo.aspx?nCdServico=03220&nCdEmpresa=22047719&sDsSenha=Imp3ri@l237&sCepDestino=95560000&sCepOrigem=96412830&nVlAltura=20,00&nVlLargura=40,00&nVlDiametro=0&nVlComprimento=68,00&nVlPeso=9,07&nCdFormato=1&sCdMaoPropria=N&nVlValorDeclarado=0,00&sCdAvisoRecebimento=N&StrRetorno=xml
03-25-2022 @ 12:27:58 - Erro ao Conectar nos Correios: WP_Error Object
(
    [errors] => Array
        (
            [http_request_failed] => Array
                (
                    [0] => cURL error 28: Operation timed out after 10000 milliseconds with 0 bytes received
                )

        )

    [error_data] => Array
        (
        )

    [additional_data:protected] => Array
        (
        )

)

03-25-2022 @ 12:36:08 - Calculo Online - Correios URL: http://ws.correios.com.br/calculador/CalcPrecoPrazo.aspx?nCdServico=03220&nCdEmpresa=22047719&sDsSenha=Imp3ri@l237&sCepDestino=13236310&sCepOrigem=96412830&nVlAltura=8,00&nVlLargura=30,00&nVlDiametro=0&nVlComprimento=40,00&nVlPeso=1,50&nCdFormato=1&sCdMaoPropria=N&nVlValorDeclarado=0,00&sCdAvisoRecebimento=N&StrRetorno=xml
03-25-2022 @ 12:36:08 - Debug Correios Resposta: SimpleXMLElement Object
(
    [cServico] => SimpleXMLElement Object
        (
            [Codigo] => 03220
            [Valor] => 64,64
            [PrazoEntrega] => 3
            [ValorSemAdicionais] => 64,64
            [ValorMaoPropria] => 0,00
            [ValorAvisoRecebimento] => 0,00
            [ValorValorDeclarado] => 0,00
            [EntregaDomiciliar] => S
            [EntregaSabado] => N
            [obsFim] => SimpleXMLElement Object
                (
                )

            [Erro] => 0
            [MsgErro] => SimpleXMLElement Object
                (
                )

        )

)

03-25-2022 @ 12:40:16 - Calculo Online - Correios URL: http://ws.correios.com.br/calculador/CalcPrecoPrazo.aspx?nCdServico=03220&nCdEmpresa=22047719&sDsSenha=Imp3ri@l237&sCepDestino=36592000&sCepOrigem=96412830&nVlAltura=10,00&nVlLargura=35,00&nVlDiametro=0&nVlComprimento=40,00&nVlPeso=4,00&nCdFormato=1&sCdMaoPropria=N&nVlValorDeclarado=0,00&sCdAvisoRecebimento=N&StrRetorno=xml
03-25-2022 @ 12:40:16 - Debug Correios Resposta: SimpleXMLElement Object
(
    [cServico] => SimpleXMLElement Object
        (
            [Codigo] => 03220
            [Valor] => 104,55
            [PrazoEntrega] => 7
            [ValorSemAdicionais] => 104,55
            [ValorMaoPropria] => 0,00
            [ValorAvisoRecebimento] => 0,00
            [ValorValorDeclarado] => 0,00
            [EntregaDomiciliar] => S
            [EntregaSabado] => N
            [obsFim] => SimpleXMLElement Object
                (
                )

            [Erro] => 0
            [MsgErro] => SimpleXMLElement Object
                (
                )

        )

)

03-25-2022 @ 12:41:34 - Calculo Online - Correios URL: http://ws.correios.com.br/calculador/CalcPrecoPrazo.aspx?nCdServico=03220&nCdEmpresa=22047719&sDsSenha=Imp3ri@l237&sCepDestino=36570290&sCepOrigem=96412830&nVlAltura=10,00&nVlLargura=35,00&nVlDiametro=0&nVlComprimento=40,00&nVlPeso=4,00&nCdFormato=1&sCdMaoPropria=N&nVlValorDeclarado=0,00&sCdAvisoRecebimento=N&StrRetorno=xml
03-25-2022 @ 12:41:34 - Debug Correios Resposta: SimpleXMLElement Object
(
    [cServico] => SimpleXMLElement Object
        (
            [Codigo] => 03220
            [Valor] => 104,55
            [PrazoEntrega] => 3
            [ValorSemAdicionais] => 104,55
            [ValorMaoPropria] => 0,00
            [ValorAvisoRecebimento] => 0,00
            [ValorValorDeclarado] => 0,00
            [EntregaDomiciliar] => S
            [EntregaSabado] => N
            [obsFim] => SimpleXMLElement Object
                (
                )

            [Erro] => 0
            [MsgErro] => SimpleXMLElement Object
                (
                )

        )

)

03-25-2022 @ 13:32:20 - Calculo Online - Correios URL: http://ws.correios.com.br/calculador/CalcPrecoPrazo.aspx?nCdServico=03220&nCdEmpresa=22047719&sDsSenha=Imp3ri@l237&sCepDestino=37148000&sCepOrigem=96412830&nVlAltura=10,00&nVlLargura=40,00&nVlDiametro=0&nVlComprimento=40,00&nVlPeso=3,50&nCdFormato=1&sCdMaoPropria=N&nVlValorDeclarado=0,00&sCdAvisoRecebimento=N&StrRetorno=xml
03-25-2022 @ 13:32:20 - Debug Correios Resposta: SimpleXMLElement Object
(
    [cServico] => SimpleXMLElement Object
        (
            [Codigo] => 03220
            [Valor] => 104,55
            [PrazoEntrega] => 6
            [ValorSemAdicionais] => 104,55
            [ValorMaoPropria] => 0,00
            [ValorAvisoRecebimento] => 0,00
            [ValorValorDeclarado] => 0,00
            [EntregaDomiciliar] => S
            [EntregaSabado] => N
            [obsFim] => SimpleXMLElement Object
                (
                )

            [Erro] => 0
            [MsgErro] => SimpleXMLElement Object
                (
                )

        )

)

03-25-2022 @ 13:32:41 - Calculo Online - Correios URL: http://ws.correios.com.br/calculador/CalcPrecoPrazo.aspx?nCdServico=03220&nCdEmpresa=22047719&sDsSenha=Imp3ri@l237&sCepDestino=29701610&sCepOrigem=96412830&nVlAltura=10,00&nVlLargura=40,00&nVlDiametro=0&nVlComprimento=40,00&nVlPeso=3,50&nCdFormato=1&sCdMaoPropria=N&nVlValorDeclarado=0,00&sCdAvisoRecebimento=N&StrRetorno=xml
03-25-2022 @ 13:32:41 - Debug Correios Resposta: SimpleXMLElement Object
(
    [cServico] => SimpleXMLElement Object
        (
            [Codigo] => 03220
            [Valor] => 134,96
            [PrazoEntrega] => 3
            [ValorSemAdicionais] => 134,96
            [ValorMaoPropria] => 0,00
            [ValorAvisoRecebimento] => 0,00
            [ValorValorDeclarado] => 0,00
            [EntregaDomiciliar] => S
            [EntregaSabado] => N
            [obsFim] => SimpleXMLElement Object
                (
                )

            [Erro] => 0
            [MsgErro] => SimpleXMLElement Object
                (
                )

        )

)

03-25-2022 @ 13:43:09 - Calculo Online - Correios URL: http://ws.correios.com.br/calculador/CalcPrecoPrazo.aspx?nCdServico=03220&nCdEmpresa=22047719&sDsSenha=Imp3ri@l237&sCepDestino=80410200&sCepOrigem=96412830&nVlAltura=15,00&nVlLargura=30,00&nVlDiametro=0&nVlComprimento=40,00&nVlPeso=3,00&nCdFormato=1&sCdMaoPropria=N&nVlValorDeclarado=0,00&sCdAvisoRecebimento=N&StrRetorno=xml
03-25-2022 @ 13:43:09 - Debug Correios Resposta: SimpleXMLElement Object
(
    [cServico] => SimpleXMLElement Object
        (
            [Codigo] => 03220
            [Valor] => 77,46
            [PrazoEntrega] => 3
            [ValorSemAdicionais] => 77,46
            [ValorMaoPropria] => 0,00
            [ValorAvisoRecebimento] => 0,00
            [ValorValorDeclarado] => 0,00
            [EntregaDomiciliar] => S
            [EntregaSabado] => N
            [obsFim] => SimpleXMLElement Object
                (
                )

            [Erro] => 0
            [MsgErro] => SimpleXMLElement Object
                (
                )

        )

)

03-25-2022 @ 14:01:23 - Calculo Online - Correios URL: http://ws.correios.com.br/calculador/CalcPrecoPrazo.aspx?nCdServico=03220&nCdEmpresa=22047719&sDsSenha=Imp3ri@l237&sCepDestino=36025150&sCepOrigem=96412830&nVlAltura=10,00&nVlLargura=27,00&nVlDiametro=0&nVlComprimento=27,00&nVlPeso=1,00&nCdFormato=1&sCdMaoPropria=N&nVlValorDeclarado=0,00&sCdAvisoRecebimento=N&StrRetorno=xml
03-25-2022 @ 14:01:23 - Debug Correios Resposta: SimpleXMLElement Object
(
    [cServico] => SimpleXMLElement Object
        (
            [Codigo] => 03220
            [Valor] => 66,33
            [PrazoEntrega] => 3
            [ValorSemAdicionais] => 66,33
            [ValorMaoPropria] => 0,00
            [ValorAvisoRecebimento] => 0,00
            [ValorValorDeclarado] => 0,00
            [EntregaDomiciliar] => S
            [EntregaSabado] => N
            [obsFim] => SimpleXMLElement Object
                (
                )

            [Erro] => 0
            [MsgErro] => SimpleXMLElement Object
                (
                )

        )

)

03-25-2022 @ 14:06:40 - Calculo Online - Correios URL: http://ws.correios.com.br/calculador/CalcPrecoPrazo.aspx?nCdServico=03220&nCdEmpresa=22047719&sDsSenha=Imp3ri@l237&sCepDestino=96015000&sCepOrigem=96412830&nVlAltura=10,00&nVlLargura=30,00&nVlDiametro=0&nVlComprimento=40,00&nVlPeso=2,00&nCdFormato=1&sCdMaoPropria=N&nVlValorDeclarado=0,00&sCdAvisoRecebimento=N&StrRetorno=xml
03-25-2022 @ 14:06:40 - Debug Correios Resposta: SimpleXMLElement Object
(
    [cServico] => SimpleXMLElement Object
        (
            [Codigo] => 03220
            [Valor] => 26,54
            [PrazoEntrega] => 2
            [ValorSemAdicionais] => 26,54
            [ValorMaoPropria] => 0,00
            [ValorAvisoRecebimento] => 0,00
            [ValorValorDeclarado] => 0,00
            [EntregaDomiciliar] => S
            [EntregaSabado] => N
            [obsFim] => SimpleXMLElement Object
                (
                )

            [Erro] => 0
            [MsgErro] => SimpleXMLElement Object
                (
                )

        )

)

03-25-2022 @ 14:08:47 - Calculo Online - Correios URL: http://ws.correios.com.br/calculador/CalcPrecoPrazo.aspx?nCdServico=03220&nCdEmpresa=22047719&sDsSenha=Imp3ri@l237&sCepDestino=96015000&sCepOrigem=96412830&nVlAltura=37,00&nVlLargura=42,00&nVlDiametro=0&nVlComprimento=70,00&nVlPeso=18,13&nCdFormato=1&sCdMaoPropria=N&nVlValorDeclarado=0,00&sCdAvisoRecebimento=N&StrRetorno=xml
03-25-2022 @ 14:08:47 - Debug Correios Resposta: SimpleXMLElement Object
(
    [cServico] => SimpleXMLElement Object
        (
            [Codigo] => 03220
            [Valor] => 102,41
            [PrazoEntrega] => 2
            [ValorSemAdicionais] => 102,41
            [ValorMaoPropria] => 0,00
            [ValorAvisoRecebimento] => 0,00
            [ValorValorDeclarado] => 0,00
            [EntregaDomiciliar] => S
            [EntregaSabado] => N
            [obsFim] => SimpleXMLElement Object
                (
                )

            [Erro] => 0
            [MsgErro] => SimpleXMLElement Object
                (
                )

        )

)

03-25-2022 @ 14:09:21 - Calculo Online - Correios URL: http://ws.correios.com.br/calculador/CalcPrecoPrazo.aspx?nCdServico=03220&nCdEmpresa=22047719&sDsSenha=Imp3ri@l237&sCepDestino=96015000&sCepOrigem=96412830&nVlAltura=10,00&nVlLargura=35,00&nVlDiametro=0&nVlComprimento=45,00&nVlPeso=5,00&nCdFormato=1&sCdMaoPropria=N&nVlValorDeclarado=0,00&sCdAvisoRecebimento=N&StrRetorno=xml
03-25-2022 @ 14:09:21 - Debug Correios Resposta: SimpleXMLElement Object
(
    [cServico] => SimpleXMLElement Object
        (
            [Codigo] => 03220
            [Valor] => 34,42
            [PrazoEntrega] => 2
            [ValorSemAdicionais] => 34,42
            [ValorMaoPropria] => 0,00
            [ValorAvisoRecebimento] => 0,00
            [ValorValorDeclarado] => 0,00
            [EntregaDomiciliar] => S
            [EntregaSabado] => N
            [obsFim] => SimpleXMLElement Object
                (
                )

            [Erro] => 0
            [MsgErro] => SimpleXMLElement Object
                (
                )

        )

)

03-25-2022 @ 14:09:46 - Calculo Online - Correios URL: http://ws.correios.com.br/calculador/CalcPrecoPrazo.aspx?nCdServico=03220&nCdEmpresa=22047719&sDsSenha=Imp3ri@l237&sCepDestino=96015000&sCepOrigem=96412830&nVlAltura=25,10&nVlLargura=25,10&nVlDiametro=0&nVlComprimento=45,00&nVlPeso=2,00&nCdFormato=1&sCdMaoPropria=N&nVlValorDeclarado=0,00&sCdAvisoRecebimento=N&StrRetorno=xml
03-25-2022 @ 14:09:46 - Debug Correios Resposta: SimpleXMLElement Object
(
    [cServico] => SimpleXMLElement Object
        (
            [Codigo] => 03220
            [Valor] => 26,54
            [PrazoEntrega] => 2
            [ValorSemAdicionais] => 26,54
            [ValorMaoPropria] => 0,00
            [ValorAvisoRecebimento] => 0,00
            [ValorValorDeclarado] => 0,00
            [EntregaDomiciliar] => S
            [EntregaSabado] => N
            [obsFim] => SimpleXMLElement Object
                (
                )

            [Erro] => 0
            [MsgErro] => SimpleXMLElement Object
                (
                )

        )

)

03-25-2022 @ 14:10:52 - Calculo Online - Correios URL: http://ws.correios.com.br/calculador/CalcPrecoPrazo.aspx?nCdServico=03220&nCdEmpresa=22047719&sDsSenha=Imp3ri@l237&sCepDestino=96015000&sCepOrigem=96412830&nVlAltura=34,60&nVlLargura=34,60&nVlDiametro=0&nVlComprimento=40,00&nVlPeso=7,98&nCdFormato=1&sCdMaoPropria=N&nVlValorDeclarado=0,00&sCdAvisoRecebimento=N&StrRetorno=xml
03-25-2022 @ 14:10:52 - Debug Correios Resposta: SimpleXMLElement Object
(
    [cServico] => SimpleXMLElement Object
        (
            [Codigo] => 03220
            [Valor] => 42,57
            [PrazoEntrega] => 2
            [ValorSemAdicionais] => 42,57
            [ValorMaoPropria] => 0,00
            [ValorAvisoRecebimento] => 0,00
            [ValorValorDeclarado] => 0,00
            [EntregaDomiciliar] => S
            [EntregaSabado] => N
            [obsFim] => SimpleXMLElement Object
                (
                )

            [Erro] => 0
            [MsgErro] => SimpleXMLElement Object
                (
                )

        )

)

03-25-2022 @ 14:10:55 - Calculo Online - Correios URL: http://ws.correios.com.br/calculador/CalcPrecoPrazo.aspx?nCdServico=03220&nCdEmpresa=22047719&sDsSenha=Imp3ri@l237&sCepDestino=96015000&sCepOrigem=96412830&nVlAltura=34,60&nVlLargura=34,60&nVlDiametro=0&nVlComprimento=40,00&nVlPeso=7,98&nCdFormato=1&sCdMaoPropria=N&nVlValorDeclarado=0,00&sCdAvisoRecebimento=N&StrRetorno=xml
03-25-2022 @ 14:10:55 - Debug Correios Resposta: SimpleXMLElement Object
(
    [cServico] => SimpleXMLElement Object
        (
            [Codigo] => 03220
            [Valor] => 42,57
            [PrazoEntrega] => 2
            [ValorSemAdicionais] => 42,57
            [ValorMaoPropria] => 0,00
            [ValorAvisoRecebimento] => 0,00
            [ValorValorDeclarado] => 0,00
            [EntregaDomiciliar] => S
            [EntregaSabado] => N
            [obsFim] => SimpleXMLElement Object
                (
                )

            [Erro] => 0
            [MsgErro] => SimpleXMLElement Object
                (
                )

        )

)

03-25-2022 @ 14:11:08 - Calculo Online - Correios URL: http://ws.correios.com.br/calculador/CalcPrecoPrazo.aspx?nCdServico=03220&nCdEmpresa=22047719&sDsSenha=Imp3ri@l237&sCepDestino=96015000&sCepOrigem=96412830&nVlAltura=8,00&nVlLargura=30,00&nVlDiametro=0&nVlComprimento=40,00&nVlPeso=1,50&nCdFormato=1&sCdMaoPropria=N&nVlValorDeclarado=0,00&sCdAvisoRecebimento=N&StrRetorno=xml
03-25-2022 @ 14:11:08 - Debug Correios Resposta: SimpleXMLElement Object
(
    [cServico] => SimpleXMLElement Object
        (
            [Codigo] => 03220
            [Valor] => 26,54
            [PrazoEntrega] => 2
            [ValorSemAdicionais] => 26,54
            [ValorMaoPropria] => 0,00
            [ValorAvisoRecebimento] => 0,00
            [ValorValorDeclarado] => 0,00
            [EntregaDomiciliar] => S
            [EntregaSabado] => N
            [obsFim] => SimpleXMLElement Object
                (
                )

            [Erro] => 0
            [MsgErro] => SimpleXMLElement Object
                (
                )

        )

)

03-25-2022 @ 14:12:05 - Calculo Online - Correios URL: http://ws.correios.com.br/calculador/CalcPrecoPrazo.aspx?nCdServico=03220&nCdEmpresa=22047719&sDsSenha=Imp3ri@l237&sCepDestino=96015000&sCepOrigem=96412830&nVlAltura=10,00&nVlLargura=35,00&nVlDiametro=0&nVlComprimento=40,00&nVlPeso=4,50&nCdFormato=1&sCdMaoPropria=N&nVlValorDeclarado=0,00&sCdAvisoRecebimento=N&StrRetorno=xml
03-25-2022 @ 14:12:05 - Debug Correios Resposta: SimpleXMLElement Object
(
    [cServico] => SimpleXMLElement Object
        (
            [Codigo] => 03220
            [Valor] => 34,42
            [PrazoEntrega] => 2
            [ValorSemAdicionais] => 34,42
            [ValorMaoPropria] => 0,00
            [ValorAvisoRecebimento] => 0,00
            [ValorValorDeclarado] => 0,00
            [EntregaDomiciliar] => S
            [EntregaSabado] => N
            [obsFim] => SimpleXMLElement Object
                (
                )

            [Erro] => 0
            [MsgErro] => SimpleXMLElement Object
                (
                )

        )

)

03-25-2022 @ 14:12:08 - Calculo Online - Correios URL: http://ws.correios.com.br/calculador/CalcPrecoPrazo.aspx?nCdServico=03220&nCdEmpresa=22047719&sDsSenha=Imp3ri@l237&sCepDestino=96015000&sCepOrigem=96412830&nVlAltura=8,00&nVlLargura=30,00&nVlDiametro=0&nVlComprimento=40,00&nVlPeso=1,50&nCdFormato=1&sCdMaoPropria=N&nVlValorDeclarado=0,00&sCdAvisoRecebimento=N&StrRetorno=xml
03-25-2022 @ 14:12:08 - Debug Correios Resposta: SimpleXMLElement Object
(
    [cServico] => SimpleXMLElement Object
        (
            [Codigo] => 03220
            [Valor] => 26,54
            [PrazoEntrega] => 2
            [ValorSemAdicionais] => 26,54
            [ValorMaoPropria] => 0,00
            [ValorAvisoRecebimento] => 0,00
            [ValorValorDeclarado] => 0,00
            [EntregaDomiciliar] => S
            [EntregaSabado] => N
            [obsFim] => SimpleXMLElement Object
                (
                )

            [Erro] => 0
            [MsgErro] => SimpleXMLElement Object
                (
                )

        )

)

03-25-2022 @ 14:12:21 - Calculo Online - Correios URL: http://ws.correios.com.br/calculador/CalcPrecoPrazo.aspx?nCdServico=03220&nCdEmpresa=22047719&sDsSenha=Imp3ri@l237&sCepDestino=96015000&sCepOrigem=96412830&nVlAltura=10,00&nVlLargura=50,00&nVlDiametro=0&nVlComprimento=50,00&nVlPeso=3,50&nCdFormato=1&sCdMaoPropria=N&nVlValorDeclarado=0,00&sCdAvisoRecebimento=N&StrRetorno=xml
03-25-2022 @ 14:12:21 - Debug Correios Resposta: SimpleXMLElement Object
(
    [cServico] => SimpleXMLElement Object
        (
            [Codigo] => 03220
            [Valor] => 31,92
            [PrazoEntrega] => 2
            [ValorSemAdicionais] => 31,92
            [ValorMaoPropria] => 0,00
            [ValorAvisoRecebimento] => 0,00
            [ValorValorDeclarado] => 0,00
            [EntregaDomiciliar] => S
            [EntregaSabado] => N
            [obsFim] => SimpleXMLElement Object
                (
                )

            [Erro] => 0
            [MsgErro] => SimpleXMLElement Object
                (
                )

        )

)

03-25-2022 @ 14:14:46 - Calculo Online - Correios URL: http://ws.correios.com.br/calculador/CalcPrecoPrazo.aspx?nCdServico=03220&nCdEmpresa=22047719&sDsSenha=Imp3ri@l237&sCepDestino=96015000&sCepOrigem=96412830&nVlAltura=10,00&nVlLargura=30,00&nVlDiametro=0&nVlComprimento=40,00&nVlPeso=2,00&nCdFormato=1&sCdMaoPropria=N&nVlValorDeclarado=0,00&sCdAvisoRecebimento=N&StrRetorno=xml
03-25-2022 @ 14:14:46 - Debug Correios Resposta: SimpleXMLElement Object
(
    [cServico] => SimpleXMLElement Object
        (
            [Codigo] => 03220
            [Valor] => 26,54
            [PrazoEntrega] => 2
            [ValorSemAdicionais] => 26,54
            [ValorMaoPropria] => 0,00
            [ValorAvisoRecebimento] => 0,00
            [ValorValorDeclarado] => 0,00
            [EntregaDomiciliar] => S
            [EntregaSabado] => N
            [obsFim] => SimpleXMLElement Object
                (
                )

            [Erro] => 0
            [MsgErro] => SimpleXMLElement Object
                (
                )

        )

)

03-25-2022 @ 14:14:51 - Calculo Online - Correios URL: http://ws.correios.com.br/calculador/CalcPrecoPrazo.aspx?nCdServico=03220&nCdEmpresa=22047719&sDsSenha=Imp3ri@l237&sCepDestino=96015000&sCepOrigem=96412830&nVlAltura=10,00&nVlLargura=30,00&nVlDiametro=0&nVlComprimento=40,00&nVlPeso=2,00&nCdFormato=1&sCdMaoPropria=N&nVlValorDeclarado=0,00&sCdAvisoRecebimento=N&StrRetorno=xml
03-25-2022 @ 14:14:51 - Debug Correios Resposta: SimpleXMLElement Object
(
    [cServico] => SimpleXMLElement Object
        (
            [Codigo] => 03220
            [Valor] => 26,54
            [PrazoEntrega] => 2
            [ValorSemAdicionais] => 26,54
            [ValorMaoPropria] => 0,00
            [ValorAvisoRecebimento] => 0,00
            [ValorValorDeclarado] => 0,00
            [EntregaDomiciliar] => S
            [EntregaSabado] => N
            [obsFim] => SimpleXMLElement Object
                (
                )

            [Erro] => 0
            [MsgErro] => SimpleXMLElement Object
                (
                )

        )

)

03-25-2022 @ 14:16:03 - Calculo Online - Correios URL: http://ws.correios.com.br/calculador/CalcPrecoPrazo.aspx?nCdServico=03220&nCdEmpresa=22047719&sDsSenha=Imp3ri@l237&sCepDestino=96015000&sCepOrigem=96412830&nVlAltura=10,00&nVlLargura=30,00&nVlDiametro=0&nVlComprimento=40,00&nVlPeso=2,00&nCdFormato=1&sCdMaoPropria=N&nVlValorDeclarado=0,00&sCdAvisoRecebimento=N&StrRetorno=xml
03-25-2022 @ 14:16:03 - Debug Correios Resposta: SimpleXMLElement Object
(
    [cServico] => SimpleXMLElement Object
        (
            [Codigo] => 03220
            [Valor] => 26,54
            [PrazoEntrega] => 2
            [ValorSemAdicionais] => 26,54
            [ValorMaoPropria] => 0,00
            [ValorAvisoRecebimento] => 0,00
            [ValorValorDeclarado] => 0,00
            [EntregaDomiciliar] => S
            [EntregaSabado] => N
            [obsFim] => SimpleXMLElement Object
                (
                )

            [Erro] => 0
            [MsgErro] => SimpleXMLElement Object
                (
                )

        )

)

03-25-2022 @ 14:18:37 - Calculo Online - Correios URL: http://ws.correios.com.br/calculador/CalcPrecoPrazo.aspx?nCdServico=03220&nCdEmpresa=22047719&sDsSenha=Imp3ri@l237&sCepDestino=95560000&sCepOrigem=96412830&nVlAltura=20,00&nVlLargura=40,00&nVlDiametro=0&nVlComprimento=68,00&nVlPeso=9,07&nCdFormato=1&sCdMaoPropria=N&nVlValorDeclarado=0,00&sCdAvisoRecebimento=N&StrRetorno=xml
03-25-2022 @ 14:18:37 - Debug Correios Resposta: SimpleXMLElement Object
(
    [cServico] => SimpleXMLElement Object
        (
            [Codigo] => 03220
            [Valor] => 48,41
            [PrazoEntrega] => 5
            [ValorSemAdicionais] => 48,41
            [ValorMaoPropria] => 0,00
            [ValorAvisoRecebimento] => 0,00
            [ValorValorDeclarado] => 0,00
            [EntregaDomiciliar] => S
            [EntregaSabado] => N
            [obsFim] => SimpleXMLElement Object
                (
                )

            [Erro] => 0
            [MsgErro] => SimpleXMLElement Object
                (
                )

        )

)

03-25-2022 @ 14:19:19 - Calculo Online - Correios URL: http://ws.correios.com.br/calculador/CalcPrecoPrazo.aspx?nCdServico=03220&nCdEmpresa=22047719&sDsSenha=Imp3ri@l237&sCepDestino=95560000&sCepOrigem=96412830&nVlAltura=40,00&nVlLargura=40,00&nVlDiametro=0&nVlComprimento=68,00&nVlPeso=18,13&nCdFormato=1&sCdMaoPropria=N&nVlValorDeclarado=0,00&sCdAvisoRecebimento=N&StrRetorno=xml
03-25-2022 @ 14:19:19 - Debug Correios Resposta: SimpleXMLElement Object
(
    [cServico] => SimpleXMLElement Object
        (
            [Codigo] => 03220
            [Valor] => 102,41
            [PrazoEntrega] => 5
            [ValorSemAdicionais] => 102,41
            [ValorMaoPropria] => 0,00
            [ValorAvisoRecebimento] => 0,00
            [ValorValorDeclarado] => 0,00
            [EntregaDomiciliar] => S
            [EntregaSabado] => N
            [obsFim] => SimpleXMLElement Object
                (
                )

            [Erro] => 0
            [MsgErro] => SimpleXMLElement Object
                (
                )

        )

)

03-25-2022 @ 14:21:44 - Calculo Online - Correios URL: http://ws.correios.com.br/calculador/CalcPrecoPrazo.aspx?nCdServico=03220&nCdEmpresa=22047719&sDsSenha=Imp3ri@l237&sCepDestino=91360450&sCepOrigem=96412830&nVlAltura=10,00&nVlLargura=25,00&nVlDiametro=0&nVlComprimento=35,00&nVlPeso=2,00&nCdFormato=1&sCdMaoPropria=N&nVlValorDeclarado=0,00&sCdAvisoRecebimento=N&StrRetorno=xml
03-25-2022 @ 14:21:44 - Debug Correios Resposta: SimpleXMLElement Object
(
    [cServico] => SimpleXMLElement Object
        (
            [Codigo] => 03220
            [Valor] => 26,54
            [PrazoEntrega] => 1
            [ValorSemAdicionais] => 26,54
            [ValorMaoPropria] => 0,00
            [ValorAvisoRecebimento] => 0,00
            [ValorValorDeclarado] => 0,00
            [EntregaDomiciliar] => S
            [EntregaSabado] => N
            [obsFim] => SimpleXMLElement Object
                (
                )

            [Erro] => 0
            [MsgErro] => SimpleXMLElement Object
                (
                )

        )

)

03-25-2022 @ 14:22:20 - Calculo Online - Correios URL: http://ws.correios.com.br/calculador/CalcPrecoPrazo.aspx?nCdServico=03220&nCdEmpresa=22047719&sDsSenha=Imp3ri@l237&sCepDestino=91360450&sCepOrigem=96412830&nVlAltura=37,50&nVlLargura=37,50&nVlDiametro=0&nVlComprimento=35,00&nVlPeso=5,00&nCdFormato=1&sCdMaoPropria=N&nVlValorDeclarado=0,00&sCdAvisoRecebimento=N&StrRetorno=xml
03-25-2022 @ 14:22:20 - Debug Correios Resposta: SimpleXMLElement Object
(
    [cServico] => SimpleXMLElement Object
        (
            [Codigo] => 03220
            [Valor] => 45,36
            [PrazoEntrega] => 1
            [ValorSemAdicionais] => 45,36
            [ValorMaoPropria] => 0,00
            [ValorAvisoRecebimento] => 0,00
            [ValorValorDeclarado] => 0,00
            [EntregaDomiciliar] => S
            [EntregaSabado] => N
            [obsFim] => SimpleXMLElement Object
                (
                )

            [Erro] => 0
            [MsgErro] => SimpleXMLElement Object
                (
                )

        )

)

03-25-2022 @ 14:23:34 - Calculo Online - Correios URL: http://ws.correios.com.br/calculador/CalcPrecoPrazo.aspx?nCdServico=03220&nCdEmpresa=22047719&sDsSenha=Imp3ri@l237&sCepDestino=74210030&sCepOrigem=96412830&nVlAltura=37,50&nVlLargura=37,50&nVlDiametro=0&nVlComprimento=35,00&nVlPeso=5,00&nCdFormato=1&sCdMaoPropria=N&nVlValorDeclarado=0,00&sCdAvisoRecebimento=N&StrRetorno=xml
03-25-2022 @ 14:23:34 - Debug Correios Resposta: SimpleXMLElement Object
(
    [cServico] => SimpleXMLElement Object
        (
            [Codigo] => 03220
            [Valor] => 250,10
            [PrazoEntrega] => 3
            [ValorSemAdicionais] => 250,10
            [ValorMaoPropria] => 0,00
            [ValorAvisoRecebimento] => 0,00
            [ValorValorDeclarado] => 0,00
            [EntregaDomiciliar] => S
            [EntregaSabado] => N
            [obsFim] => SimpleXMLElement Object
                (
                )

            [Erro] => 0
            [MsgErro] => SimpleXMLElement Object
                (
                )

        )

)

03-25-2022 @ 14:47:49 - Calculo Online - Correios URL: http://ws.correios.com.br/calculador/CalcPrecoPrazo.aspx?nCdServico=03220&nCdEmpresa=22047719&sDsSenha=Imp3ri@l237&sCepDestino=38408136&sCepOrigem=96412830&nVlAltura=8,00&nVlLargura=30,00&nVlDiametro=0&nVlComprimento=30,00&nVlPeso=2,00&nCdFormato=1&sCdMaoPropria=N&nVlValorDeclarado=0,00&sCdAvisoRecebimento=N&StrRetorno=xml
03-25-2022 @ 14:47:49 - Debug Correios Resposta: SimpleXMLElement Object
(
    [cServico] => SimpleXMLElement Object
        (
            [Codigo] => 03220
            [Valor] => 82,05
            [PrazoEntrega] => 3
            [ValorSemAdicionais] => 82,05
            [ValorMaoPropria] => 0,00
            [ValorAvisoRecebimento] => 0,00
            [ValorValorDeclarado] => 0,00
            [EntregaDomiciliar] => S
            [EntregaSabado] => N
            [obsFim] => SimpleXMLElement Object
                (
                )

            [Erro] => 0
            [MsgErro] => SimpleXMLElement Object
                (
                )

        )

)

03-25-2022 @ 15:01:26 - Calculo Online - Correios URL: http://ws.correios.com.br/calculador/CalcPrecoPrazo.aspx?nCdServico=03220&nCdEmpresa=22047719&sDsSenha=Imp3ri@l237&sCepDestino=95560000&sCepOrigem=96412830&nVlAltura=49,10&nVlLargura=49,10&nVlDiametro=0&nVlComprimento=68,00&nVlPeso=27,32&nCdFormato=1&sCdMaoPropria=N&nVlValorDeclarado=0,00&sCdAvisoRecebimento=N&StrRetorno=xml
03-25-2022 @ 15:01:26 - Debug Correios Resposta: SimpleXMLElement Object
(
    [cServico] => SimpleXMLElement Object
        (
            [Codigo] => 03220
            [Valor] => 156,41
            [PrazoEntrega] => 5
            [ValorSemAdicionais] => 156,41
            [ValorMaoPropria] => 0,00
            [ValorAvisoRecebimento] => 0,00
            [ValorValorDeclarado] => 0,00
            [EntregaDomiciliar] => S
            [EntregaSabado] => N
            [obsFim] => SimpleXMLElement Object
                (
                )

            [Erro] => 0
            [MsgErro] => SimpleXMLElement Object
                (
                )

        )

)

03-25-2022 @ 15:48:39 - Calculo Online - Correios URL: http://ws.correios.com.br/calculador/CalcPrecoPrazo.aspx?nCdServico=03220&nCdEmpresa=22047719&sDsSenha=Imp3ri@l237&sCepDestino=29055410&sCepOrigem=96412830&nVlAltura=12,00&nVlLargura=40,00&nVlDiametro=0&nVlComprimento=50,00&nVlPeso=5,00&nCdFormato=1&sCdMaoPropria=N&nVlValorDeclarado=0,00&sCdAvisoRecebimento=N&StrRetorno=xml
03-25-2022 @ 15:48:39 - Debug Correios Resposta: SimpleXMLElement Object
(
    [cServico] => SimpleXMLElement Object
        (
            [Codigo] => 03220
            [Valor] => 157,69
            [PrazoEntrega] => 3
            [ValorSemAdicionais] => 157,69
            [ValorMaoPropria] => 0,00
            [ValorAvisoRecebimento] => 0,00
            [ValorValorDeclarado] => 0,00
            [EntregaDomiciliar] => S
            [EntregaSabado] => N
            [obsFim] => SimpleXMLElement Object
                (
                )

            [Erro] => 0
            [MsgErro] => SimpleXMLElement Object
                (
                )

        )

)

03-25-2022 @ 15:49:12 - Calculo Online - Correios URL: http://ws.correios.com.br/calculador/CalcPrecoPrazo.aspx?nCdServico=03220&nCdEmpresa=22047719&sDsSenha=Imp3ri@l237&sCepDestino=96015000&sCepOrigem=96412830&nVlAltura=10,00&nVlLargura=30,00&nVlDiametro=0&nVlComprimento=40,00&nVlPeso=2,00&nCdFormato=1&sCdMaoPropria=N&nVlValorDeclarado=0,00&sCdAvisoRecebimento=N&StrRetorno=xml
03-25-2022 @ 15:49:12 - Debug Correios Resposta: SimpleXMLElement Object
(
    [cServico] => SimpleXMLElement Object
        (
            [Codigo] => 03220
            [Valor] => 26,54
            [PrazoEntrega] => 2
            [ValorSemAdicionais] => 26,54
            [ValorMaoPropria] => 0,00
            [ValorAvisoRecebimento] => 0,00
            [ValorValorDeclarado] => 0,00
            [EntregaDomiciliar] => S
            [EntregaSabado] => N
            [obsFim] => SimpleXMLElement Object
                (
                )

            [Erro] => 0
            [MsgErro] => SimpleXMLElement Object
                (
                )

        )

)

03-25-2022 @ 15:49:40 - Calculo Online - Correios URL: http://ws.correios.com.br/calculador/CalcPrecoPrazo.aspx?nCdServico=03220&nCdEmpresa=22047719&sDsSenha=Imp3ri@l237&sCepDestino=96015000&sCepOrigem=96412830&nVlAltura=8,00&nVlLargura=30,00&nVlDiametro=0&nVlComprimento=40,00&nVlPeso=1,50&nCdFormato=1&sCdMaoPropria=N&nVlValorDeclarado=0,00&sCdAvisoRecebimento=N&StrRetorno=xml
03-25-2022 @ 15:49:40 - Debug Correios Resposta: SimpleXMLElement Object
(
    [cServico] => SimpleXMLElement Object
        (
            [Codigo] => 03220
            [Valor] => 26,54
            [PrazoEntrega] => 2
            [ValorSemAdicionais] => 26,54
            [ValorMaoPropria] => 0,00
            [ValorAvisoRecebimento] => 0,00
            [ValorValorDeclarado] => 0,00
            [EntregaDomiciliar] => S
            [EntregaSabado] => N
            [obsFim] => SimpleXMLElement Object
                (
                )

            [Erro] => 0
            [MsgErro] => SimpleXMLElement Object
                (
                )

        )

)

03-25-2022 @ 15:50:44 - Calculo Online - Correios URL: http://ws.correios.com.br/calculador/CalcPrecoPrazo.aspx?nCdServico=03220&nCdEmpresa=22047719&sDsSenha=Imp3ri@l237&sCepDestino=96015000&sCepOrigem=96412830&nVlAltura=10,00&nVlLargura=30,00&nVlDiametro=0&nVlComprimento=40,00&nVlPeso=2,00&nCdFormato=1&sCdMaoPropria=N&nVlValorDeclarado=0,00&sCdAvisoRecebimento=N&StrRetorno=xml
03-25-2022 @ 15:50:44 - Debug Correios Resposta: SimpleXMLElement Object
(
    [cServico] => SimpleXMLElement Object
        (
            [Codigo] => 03220
            [Valor] => 26,54
            [PrazoEntrega] => 2
            [ValorSemAdicionais] => 26,54
            [ValorMaoPropria] => 0,00
            [ValorAvisoRecebimento] => 0,00
            [ValorValorDeclarado] => 0,00
            [EntregaDomiciliar] => S
            [EntregaSabado] => N
            [obsFim] => SimpleXMLElement Object
                (
                )

            [Erro] => 0
            [MsgErro] => SimpleXMLElement Object
                (
                )

        )

)

03-25-2022 @ 15:52:54 - Calculo Online - Correios URL: http://ws.correios.com.br/calculador/CalcPrecoPrazo.aspx?nCdServico=03220&nCdEmpresa=22047719&sDsSenha=Imp3ri@l237&sCepDestino=96015000&sCepOrigem=96412830&nVlAltura=10,00&nVlLargura=40,00&nVlDiametro=0&nVlComprimento=50,00&nVlPeso=3,50&nCdFormato=1&sCdMaoPropria=N&nVlValorDeclarado=0,00&sCdAvisoRecebimento=N&StrRetorno=xml
03-25-2022 @ 15:52:54 - Debug Correios Resposta: SimpleXMLElement Object
(
    [cServico] => SimpleXMLElement Object
        (
            [Codigo] => 03220
            [Valor] => 31,92
            [PrazoEntrega] => 2
            [ValorSemAdicionais] => 31,92
            [ValorMaoPropria] => 0,00
            [ValorAvisoRecebimento] => 0,00
            [ValorValorDeclarado] => 0,00
            [EntregaDomiciliar] => S
            [EntregaSabado] => N
            [obsFim] => SimpleXMLElement Object
                (
                )

            [Erro] => 0
            [MsgErro] => SimpleXMLElement Object
                (
                )

        )

)

03-25-2022 @ 15:53:07 - Calculo Online - Correios URL: http://ws.correios.com.br/calculador/CalcPrecoPrazo.aspx?nCdServico=03220&nCdEmpresa=22047719&sDsSenha=Imp3ri@l237&sCepDestino=96015000&sCepOrigem=96412830&nVlAltura=10,00&nVlLargura=40,00&nVlDiametro=0&nVlComprimento=50,00&nVlPeso=3,00&nCdFormato=1&sCdMaoPropria=N&nVlValorDeclarado=0,00&sCdAvisoRecebimento=N&StrRetorno=xml
03-25-2022 @ 15:53:07 - Debug Correios Resposta: SimpleXMLElement Object
(
    [cServico] => SimpleXMLElement Object
        (
            [Codigo] => 03220
            [Valor] => 29,01
            [PrazoEntrega] => 2
            [ValorSemAdicionais] => 29,01
            [ValorMaoPropria] => 0,00
            [ValorAvisoRecebimento] => 0,00
            [ValorValorDeclarado] => 0,00
            [EntregaDomiciliar] => S
            [EntregaSabado] => N
            [obsFim] => SimpleXMLElement Object
                (
                )

            [Erro] => 0
            [MsgErro] => SimpleXMLElement Object
                (
                )

        )

)

03-25-2022 @ 15:53:30 - Calculo Online - Correios URL: http://ws.correios.com.br/calculador/CalcPrecoPrazo.aspx?nCdServico=03220&nCdEmpresa=22047719&sDsSenha=Imp3ri@l237&sCepDestino=96015000&sCepOrigem=96412830&nVlAltura=8,00&nVlLargura=30,00&nVlDiametro=0&nVlComprimento=40,00&nVlPeso=1,50&nCdFormato=1&sCdMaoPropria=N&nVlValorDeclarado=0,00&sCdAvisoRecebimento=N&StrRetorno=xml
03-25-2022 @ 15:53:30 - Debug Correios Resposta: SimpleXMLElement Object
(
    [cServico] => SimpleXMLElement Object
        (
            [Codigo] => 03220
            [Valor] => 26,54
            [PrazoEntrega] => 2
            [ValorSemAdicionais] => 26,54
            [ValorMaoPropria] => 0,00
            [ValorAvisoRecebimento] => 0,00
            [ValorValorDeclarado] => 0,00
            [EntregaDomiciliar] => S
            [EntregaSabado] => N
            [obsFim] => SimpleXMLElement Object
                (
                )

            [Erro] => 0
            [MsgErro] => SimpleXMLElement Object
                (
                )

        )

)

03-25-2022 @ 15:53:51 - Calculo Online - Correios URL: http://ws.correios.com.br/calculador/CalcPrecoPrazo.aspx?nCdServico=03220&nCdEmpresa=22047719&sDsSenha=Imp3ri@l237&sCepDestino=96015000&sCepOrigem=96412830&nVlAltura=10,00&nVlLargura=30,00&nVlDiametro=0&nVlComprimento=40,00&nVlPeso=2,00&nCdFormato=1&sCdMaoPropria=N&nVlValorDeclarado=0,00&sCdAvisoRecebimento=N&StrRetorno=xml
03-25-2022 @ 15:53:51 - Debug Correios Resposta: SimpleXMLElement Object
(
    [cServico] => SimpleXMLElement Object
        (
            [Codigo] => 03220
            [Valor] => 26,54
            [PrazoEntrega] => 2
            [ValorSemAdicionais] => 26,54
            [ValorMaoPropria] => 0,00
            [ValorAvisoRecebimento] => 0,00
            [ValorValorDeclarado] => 0,00
            [EntregaDomiciliar] => S
            [EntregaSabado] => N
            [obsFim] => SimpleXMLElement Object
                (
                )

            [Erro] => 0
            [MsgErro] => SimpleXMLElement Object
                (
                )

        )

)

03-25-2022 @ 15:59:56 - Calculo Online - Correios URL: http://ws.correios.com.br/calculador/CalcPrecoPrazo.aspx?nCdServico=03220&nCdEmpresa=22047719&sDsSenha=Imp3ri@l237&sCepDestino=96450000&sCepOrigem=96412830&nVlAltura=10,00&nVlLargura=30,00&nVlDiametro=0&nVlComprimento=40,00&nVlPeso=2,00&nCdFormato=1&sCdMaoPropria=N&nVlValorDeclarado=0,00&sCdAvisoRecebimento=N&StrRetorno=xml
03-25-2022 @ 15:59:56 - Debug Correios Resposta: SimpleXMLElement Object
(
    [cServico] => SimpleXMLElement Object
        (
            [Codigo] => 03220
            [Valor] => 26,54
            [PrazoEntrega] => 5
            [ValorSemAdicionais] => 26,54
            [ValorMaoPropria] => 0,00
            [ValorAvisoRecebimento] => 0,00
            [ValorValorDeclarado] => 0,00
            [EntregaDomiciliar] => S
            [EntregaSabado] => N
            [obsFim] => SimpleXMLElement Object
                (
                )

            [Erro] => 0
            [MsgErro] => SimpleXMLElement Object
                (
                )

        )

)

03-25-2022 @ 16:00:41 - Calculo Online - Correios URL: http://ws.correios.com.br/calculador/CalcPrecoPrazo.aspx?nCdServico=03220&nCdEmpresa=22047719&sDsSenha=Imp3ri@l237&sCepDestino=13470416&sCepOrigem=96412830&nVlAltura=10,00&nVlLargura=40,00&nVlDiametro=0&nVlComprimento=40,00&nVlPeso=3,50&nCdFormato=1&sCdMaoPropria=N&nVlValorDeclarado=0,00&sCdAvisoRecebimento=N&StrRetorno=xml
03-25-2022 @ 16:00:41 - Debug Correios Resposta: SimpleXMLElement Object
(
    [cServico] => SimpleXMLElement Object
        (
            [Codigo] => 03220
            [Valor] => 84,38
            [PrazoEntrega] => 3
            [ValorSemAdicionais] => 84,38
            [ValorMaoPropria] => 0,00
            [ValorAvisoRecebimento] => 0,00
            [ValorValorDeclarado] => 0,00
            [EntregaDomiciliar] => S
            [EntregaSabado] => N
            [obsFim] => SimpleXMLElement Object
                (
                )

            [Erro] => 0
            [MsgErro] => SimpleXMLElement Object
                (
                )

        )

)

03-25-2022 @ 16:00:49 - Calculo Online - Correios URL: http://ws.correios.com.br/calculador/CalcPrecoPrazo.aspx?nCdServico=03220&nCdEmpresa=22047719&sDsSenha=Imp3ri@l237&sCepDestino=96450000&sCepOrigem=96412830&nVlAltura=10,00&nVlLargura=30,00&nVlDiametro=0&nVlComprimento=40,00&nVlPeso=2,00&nCdFormato=1&sCdMaoPropria=N&nVlValorDeclarado=0,00&sCdAvisoRecebimento=N&StrRetorno=xml
03-25-2022 @ 16:00:49 - Debug Correios Resposta: SimpleXMLElement Object
(
    [cServico] => SimpleXMLElement Object
        (
            [Codigo] => 03220
            [Valor] => 26,54
            [PrazoEntrega] => 5
            [ValorSemAdicionais] => 26,54
            [ValorMaoPropria] => 0,00
            [ValorAvisoRecebimento] => 0,00
            [ValorValorDeclarado] => 0,00
            [EntregaDomiciliar] => S
            [EntregaSabado] => N
            [obsFim] => SimpleXMLElement Object
                (
                )

            [Erro] => 0
            [MsgErro] => SimpleXMLElement Object
                (
                )

        )

)

03-25-2022 @ 16:01:28 - Calculo Online - Correios URL: http://ws.correios.com.br/calculador/CalcPrecoPrazo.aspx?nCdServico=03220&nCdEmpresa=22047719&sDsSenha=Imp3ri@l237&sCepDestino=96450000&sCepOrigem=96412830&nVlAltura=8,00&nVlLargura=30,00&nVlDiametro=0&nVlComprimento=40,00&nVlPeso=1,50&nCdFormato=1&sCdMaoPropria=N&nVlValorDeclarado=0,00&sCdAvisoRecebimento=N&StrRetorno=xml
03-25-2022 @ 16:01:28 - Debug Correios Resposta: SimpleXMLElement Object
(
    [cServico] => SimpleXMLElement Object
        (
            [Codigo] => 03220
            [Valor] => 26,54
            [PrazoEntrega] => 5
            [ValorSemAdicionais] => 26,54
            [ValorMaoPropria] => 0,00
            [ValorAvisoRecebimento] => 0,00
            [ValorValorDeclarado] => 0,00
            [EntregaDomiciliar] => S
            [EntregaSabado] => N
            [obsFim] => SimpleXMLElement Object
                (
                )

            [Erro] => 0
            [MsgErro] => SimpleXMLElement Object
                (
                )

        )

)

03-25-2022 @ 16:01:43 - Calculo Online - Correios URL: http://ws.correios.com.br/calculador/CalcPrecoPrazo.aspx?nCdServico=03220&nCdEmpresa=22047719&sDsSenha=Imp3ri@l237&sCepDestino=96450000&sCepOrigem=96412830&nVlAltura=21,90&nVlLargura=21,90&nVlDiametro=0&nVlComprimento=40,00&nVlPeso=3,00&nCdFormato=1&sCdMaoPropria=N&nVlValorDeclarado=0,00&sCdAvisoRecebimento=N&StrRetorno=xml
03-25-2022 @ 16:01:43 - Debug Correios Resposta: SimpleXMLElement Object
(
    [cServico] => SimpleXMLElement Object
        (
            [Codigo] => 03220
            [Valor] => 29,01
            [PrazoEntrega] => 5
            [ValorSemAdicionais] => 29,01
            [ValorMaoPropria] => 0,00
            [ValorAvisoRecebimento] => 0,00
            [ValorValorDeclarado] => 0,00
            [EntregaDomiciliar] => S
            [EntregaSabado] => N
            [obsFim] => SimpleXMLElement Object
                (
                )

            [Erro] => 0
            [MsgErro] => SimpleXMLElement Object
                (
                )

        )

)

03-25-2022 @ 16:01:51 - Calculo Online - Correios URL: http://ws.correios.com.br/calculador/CalcPrecoPrazo.aspx?nCdServico=03220&nCdEmpresa=22047719&sDsSenha=Imp3ri@l237&sCepDestino=96450000&sCepOrigem=96412830&nVlAltura=26,80&nVlLargura=26,80&nVlDiametro=0&nVlComprimento=40,00&nVlPeso=4,50&nCdFormato=1&sCdMaoPropria=N&nVlValorDeclarado=0,00&sCdAvisoRecebimento=N&StrRetorno=xml
03-25-2022 @ 16:01:51 - Debug Correios Resposta: SimpleXMLElement Object
(
    [cServico] => SimpleXMLElement Object
        (
            [Codigo] => 03220
            [Valor] => 34,42
            [PrazoEntrega] => 5
            [ValorSemAdicionais] => 34,42
            [ValorMaoPropria] => 0,00
            [ValorAvisoRecebimento] => 0,00
            [ValorValorDeclarado] => 0,00
            [EntregaDomiciliar] => S
            [EntregaSabado] => N
            [obsFim] => SimpleXMLElement Object
                (
                )

            [Erro] => 0
            [MsgErro] => SimpleXMLElement Object
                (
                )

        )

)

03-25-2022 @ 16:02:01 - Calculo Online - Correios URL: http://ws.correios.com.br/calculador/CalcPrecoPrazo.aspx?nCdServico=03220&nCdEmpresa=22047719&sDsSenha=Imp3ri@l237&sCepDestino=96450000&sCepOrigem=96412830&nVlAltura=31,00&nVlLargura=31,00&nVlDiametro=0&nVlComprimento=40,00&nVlPeso=6,41&nCdFormato=1&sCdMaoPropria=N&nVlValorDeclarado=0,00&sCdAvisoRecebimento=N&StrRetorno=xml
03-25-2022 @ 16:02:01 - Debug Correios Resposta: SimpleXMLElement Object
(
    [cServico] => SimpleXMLElement Object
        (
            [Codigo] => 03220
            [Valor] => 39,81
            [PrazoEntrega] => 5
            [ValorSemAdicionais] => 39,81
            [ValorMaoPropria] => 0,00
            [ValorAvisoRecebimento] => 0,00
            [ValorValorDeclarado] => 0,00
            [EntregaDomiciliar] => S
            [EntregaSabado] => N
            [obsFim] => SimpleXMLElement Object
                (
                )

            [Erro] => 0
            [MsgErro] => SimpleXMLElement Object
                (
                )

        )

)

03-25-2022 @ 16:11:03 - Calculo Online - Correios URL: http://ws.correios.com.br/calculador/CalcPrecoPrazo.aspx?nCdServico=03220&nCdEmpresa=22047719&sDsSenha=Imp3ri@l237&sCepDestino=05422010&sCepOrigem=96412830&nVlAltura=10,00&nVlLargura=40,00&nVlDiametro=0&nVlComprimento=50,00&nVlPeso=3,50&nCdFormato=1&sCdMaoPropria=N&nVlValorDeclarado=0,00&sCdAvisoRecebimento=N&StrRetorno=xml
03-25-2022 @ 16:11:03 - Debug Correios Resposta: SimpleXMLElement Object
(
    [cServico] => SimpleXMLElement Object
        (
            [Codigo] => 03220
            [Valor] => 84,38
            [PrazoEntrega] => 3
            [ValorSemAdicionais] => 84,38
            [ValorMaoPropria] => 0,00
            [ValorAvisoRecebimento] => 0,00
            [ValorValorDeclarado] => 0,00
            [EntregaDomiciliar] => S
            [EntregaSabado] => N
            [obsFim] => SimpleXMLElement Object
                (
                )

            [Erro] => 0
            [MsgErro] => SimpleXMLElement Object
                (
                )

        )

)

03-25-2022 @ 16:29:44 - Calculo Online - Correios URL: http://ws.correios.com.br/calculador/CalcPrecoPrazo.aspx?nCdServico=03220&nCdEmpresa=22047719&sDsSenha=Imp3ri@l237&sCepDestino=94070608&sCepOrigem=96412830&nVlAltura=45,00&nVlLargura=45,00&nVlDiametro=0&nVlComprimento=45,00&nVlPeso=3,50&nCdFormato=1&sCdMaoPropria=N&nVlValorDeclarado=0,00&sCdAvisoRecebimento=N&StrRetorno=xml
03-25-2022 @ 16:29:44 - Debug Correios Resposta: SimpleXMLElement Object
(
    [cServico] => SimpleXMLElement Object
        (
            [Codigo] => 03220
            [Valor] => 84,41
            [PrazoEntrega] => 2
            [ValorSemAdicionais] => 84,41
            [ValorMaoPropria] => 0,00
            [ValorAvisoRecebimento] => 0,00
            [ValorValorDeclarado] => 0,00
            [EntregaDomiciliar] => S
            [EntregaSabado] => N
            [obsFim] => SimpleXMLElement Object
                (
                )

            [Erro] => 0
            [MsgErro] => SimpleXMLElement Object
                (
                )

        )

)

03-25-2022 @ 17:21:59 - Calculo Online - Correios URL: http://ws.correios.com.br/calculador/CalcPrecoPrazo.aspx?nCdServico=03220&nCdEmpresa=22047719&sDsSenha=Imp3ri@l237&sCepDestino=88240000&sCepOrigem=96412830&nVlAltura=8,00&nVlLargura=40,00&nVlDiametro=0&nVlComprimento=40,00&nVlPeso=2,00&nCdFormato=1&sCdMaoPropria=N&nVlValorDeclarado=0,00&sCdAvisoRecebimento=N&StrRetorno=xml
03-25-2022 @ 17:21:59 - Debug Correios Resposta: SimpleXMLElement Object
(
    [cServico] => SimpleXMLElement Object
        (
            [Codigo] => 03220
            [Valor] => 64,64
            [PrazoEntrega] => 6
            [ValorSemAdicionais] => 64,64
            [ValorMaoPropria] => 0,00
            [ValorAvisoRecebimento] => 0,00
            [ValorValorDeclarado] => 0,00
            [EntregaDomiciliar] => S
            [EntregaSabado] => N
            [obsFim] => SimpleXMLElement Object
                (
                )

            [Erro] => 0
            [MsgErro] => SimpleXMLElement Object
                (
                )

        )

)

03-25-2022 @ 17:26:32 - Calculo Online - Correios URL: http://ws.correios.com.br/calculador/CalcPrecoPrazo.aspx?nCdServico=03220&nCdEmpresa=22047719&sDsSenha=Imp3ri@l237&sCepDestino=89825000&sCepOrigem=96412830&nVlAltura=10,00&nVlLargura=30,00&nVlDiametro=0&nVlComprimento=40,00&nVlPeso=2,00&nCdFormato=1&sCdMaoPropria=N&nVlValorDeclarado=0,00&sCdAvisoRecebimento=N&StrRetorno=xml
03-25-2022 @ 17:26:32 - Debug Correios Resposta: SimpleXMLElement Object
(
    [cServico] => SimpleXMLElement Object
        (
            [Codigo] => 03220
            [Valor] => 64,64
            [PrazoEntrega] => 6
            [ValorSemAdicionais] => 64,64
            [ValorMaoPropria] => 0,00
            [ValorAvisoRecebimento] => 0,00
            [ValorValorDeclarado] => 0,00
            [EntregaDomiciliar] => S
            [EntregaSabado] => N
            [obsFim] => SimpleXMLElement Object
                (
                )

            [Erro] => 0
            [MsgErro] => SimpleXMLElement Object
                (
                )

        )

)

03-25-2022 @ 17:59:20 - Calculo Online - Correios URL: http://ws.correios.com.br/calculador/CalcPrecoPrazo.aspx?nCdServico=03220&nCdEmpresa=22047719&sDsSenha=Imp3ri@l237&sCepDestino=12243040&sCepOrigem=96412830&nVlAltura=8,00&nVlLargura=30,00&nVlDiametro=0&nVlComprimento=40,00&nVlPeso=1,50&nCdFormato=1&sCdMaoPropria=N&nVlValorDeclarado=0,00&sCdAvisoRecebimento=N&StrRetorno=xml
03-25-2022 @ 17:59:20 - Debug Correios Resposta: SimpleXMLElement Object
(
    [cServico] => SimpleXMLElement Object
        (
            [Codigo] => 03220
            [Valor] => 64,64
            [PrazoEntrega] => 2
            [ValorSemAdicionais] => 64,64
            [ValorMaoPropria] => 0,00
            [ValorAvisoRecebimento] => 0,00
            [ValorValorDeclarado] => 0,00
            [EntregaDomiciliar] => S
            [EntregaSabado] => N
            [obsFim] => SimpleXMLElement Object
                (
                )

            [Erro] => 0
            [MsgErro] => SimpleXMLElement Object
                (
                )

        )

)

03-25-2022 @ 19:39:05 - Calculo Online - Correios URL: http://ws.correios.com.br/calculador/CalcPrecoPrazo.aspx?nCdServico=03220&nCdEmpresa=22047719&sDsSenha=Imp3ri@l237&sCepDestino=85906080&sCepOrigem=96412830&nVlAltura=37,70&nVlLargura=37,70&nVlDiametro=0&nVlComprimento=70,00&nVlPeso=20,00&nCdFormato=1&sCdMaoPropria=N&nVlValorDeclarado=0,00&sCdAvisoRecebimento=N&StrRetorno=xml
03-25-2022 @ 19:39:05 - Debug Correios Resposta: SimpleXMLElement Object
(
    [cServico] => SimpleXMLElement Object
        (
            [Codigo] => 03220
            [Valor] => 316,80
            [PrazoEntrega] => 4
            [ValorSemAdicionais] => 316,80
            [ValorMaoPropria] => 0,00
            [ValorAvisoRecebimento] => 0,00
            [ValorValorDeclarado] => 0,00
            [EntregaDomiciliar] => S
            [EntregaSabado] => N
            [obsFim] => SimpleXMLElement Object
                (
                )

            [Erro] => 0
            [MsgErro] => SimpleXMLElement Object
                (
                )

        )

)

