2021-11-21T01:29:56+00:00 INFO Array
(
    [Webhook Delivery] => Array
        (
            [Delivery ID] => dcdf16cdf5af15081859579e75f3b432
            [Date] => 21 de novembro de 2021 @ 01:29
            [URL] => https://www.bling.com.br/Api/v2/webhook/woocommerce/203702229/orders
            [Duration] => 5.77987
            [Request] => Array
                (
                    [Method] => POST
                    [Headers] => Array
                        (
                            [User-Agent] => WooCommerce/5.1.0 Hookshot (WordPress/5.8.2)
                            [Content-Type] => application/json
                            [X-WC-Webhook-Source] => https://imperialtapeteseinteriores.com.br/
                            [X-WC-Webhook-Topic] => order.created
                            [X-WC-Webhook-Resource] => order
                            [X-WC-Webhook-Event] => created
                            [X-WC-Webhook-Signature] => xRwfBxe+JgqWlDXK7vpQ9YqSIzf15BS5F2RPBeVvupA=
                            [X-WC-Webhook-ID] => 1
                            [X-WC-Webhook-Delivery-ID] => dcdf16cdf5af15081859579e75f3b432
                        )

                )

            [Body] => Webhook body is not logged unless WP_DEBUG mode is turned on. This is to avoid the storing of personal data in the logs.
            [Response] => Array
                (
                    [Code] => 200
                    [Message] => OK
                    [Headers] => Requests_Utility_CaseInsensitiveDictionary Object
                        (
                            [data:protected] => Array
                                (
                                    [date] => Sun, 21 Nov 2021 01:29:56 GMT
                                    [content-type] => application/xml
                                    [content-length] => 180
                                    [content-encoding] => gzip
                                    [vary] => Accept-Encoding
                                    [cache-control] => no-cache, public, must-revalidate, max-age=2592000
                                    [cf-cache-status] => DYNAMIC
                                    [expect-ct] => max-age=604800, report-uri="https://report-uri.cloudflare.com/cdn-cgi/beacon/expect-ct"
                                    [server] => cloudflare
                                    [cf-ray] => 6b1626427dfe59fe-IAD
                                )

                        )

                    [Body] => Webhook body is not logged unless WP_DEBUG mode is turned on. This is to avoid the storing of personal data in the logs.
                )

        )

)

2021-11-21T01:29:57+00:00 INFO Array
(
    [Webhook Delivery] => Array
        (
            [Delivery ID] => 134ecf9ad89d2db73b4fa05e78cba8c1
            [Date] => 21 de novembro de 2021 @ 01:29
            [URL] => https://www.bling.com.br/Api/v2/webhook/woocommerce/203702229/orders
            [Duration] => 0.29337
            [Request] => Array
                (
                    [Method] => POST
                    [Headers] => Array
                        (
                            [User-Agent] => WooCommerce/5.1.0 Hookshot (WordPress/5.8.2)
                            [Content-Type] => application/json
                            [X-WC-Webhook-Source] => https://imperialtapeteseinteriores.com.br/
                            [X-WC-Webhook-Topic] => order.updated
                            [X-WC-Webhook-Resource] => order
                            [X-WC-Webhook-Event] => updated
                            [X-WC-Webhook-Signature] => KSx/nhBXuIbZgMzgyKJOO6zNuskM98l6nHdPW1cmutc=
                            [X-WC-Webhook-ID] => 2
                            [X-WC-Webhook-Delivery-ID] => 134ecf9ad89d2db73b4fa05e78cba8c1
                        )

                )

            [Body] => Webhook body is not logged unless WP_DEBUG mode is turned on. This is to avoid the storing of personal data in the logs.
            [Response] => Array
                (
                    [Code] => 200
                    [Message] => OK
                    [Headers] => Requests_Utility_CaseInsensitiveDictionary Object
                        (
                            [data:protected] => Array
                                (
                                    [date] => Sun, 21 Nov 2021 01:29:57 GMT
                                    [content-type] => application/xml
                                    [content-length] => 178
                                    [content-encoding] => gzip
                                    [vary] => Accept-Encoding
                                    [cache-control] => no-cache, public, must-revalidate, max-age=2592000
                                    [cf-cache-status] => DYNAMIC
                                    [expect-ct] => max-age=604800, report-uri="https://report-uri.cloudflare.com/cdn-cgi/beacon/expect-ct"
                                    [server] => cloudflare
                                    [cf-ray] => 6b162663281c5a0a-IAD
                                )

                        )

                    [Body] => Webhook body is not logged unless WP_DEBUG mode is turned on. This is to avoid the storing of personal data in the logs.
                )

        )

)

2021-11-21T01:30:06+00:00 INFO Array
(
    [Webhook Delivery] => Array
        (
            [Delivery ID] => f6882d6d6693a0cfe5df720db787ff3a
            [Date] => 21 de novembro de 2021 @ 01:30
            [URL] => https://www.bling.com.br/Api/v2/webhook/woocommerce/203702229/products
            [Duration] => 9.00789
            [Request] => Array
                (
                    [Method] => POST
                    [Headers] => Array
                        (
                            [User-Agent] => WooCommerce/5.1.0 Hookshot (WordPress/5.8.2)
                            [Content-Type] => application/json
                            [X-WC-Webhook-Source] => https://imperialtapeteseinteriores.com.br/
                            [X-WC-Webhook-Topic] => product.updated
                            [X-WC-Webhook-Resource] => product
                            [X-WC-Webhook-Event] => updated
                            [X-WC-Webhook-Signature] => 1x0RF5gl59iGRnlv00/MihgoQvxImgzPzH1GCNt0FzE=
                            [X-WC-Webhook-ID] => 4
                            [X-WC-Webhook-Delivery-ID] => f6882d6d6693a0cfe5df720db787ff3a
                        )

                )

            [Body] => Webhook body is not logged unless WP_DEBUG mode is turned on. This is to avoid the storing of personal data in the logs.
            [Response] => Array
                (
                    [Code] => 200
                    [Message] => OK
                    [Headers] => Requests_Utility_CaseInsensitiveDictionary Object
                        (
                            [data:protected] => Array
                                (
                                    [date] => Sun, 21 Nov 2021 01:30:06 GMT
                                    [content-type] => application/xml
                                    [content-length] => 186
                                    [content-encoding] => gzip
                                    [vary] => Accept-Encoding
                                    [cache-control] => no-cache, public, must-revalidate, max-age=2592000
                                    [cf-cache-status] => DYNAMIC
                                    [expect-ct] => max-age=604800, report-uri="https://report-uri.cloudflare.com/cdn-cgi/beacon/expect-ct"
                                    [server] => cloudflare
                                    [cf-ray] => 6b1626653b08592f-IAD
                                )

                        )

                    [Body] => Webhook body is not logged unless WP_DEBUG mode is turned on. This is to avoid the storing of personal data in the logs.
                )

        )

)

2021-11-21T02:32:02+00:00 INFO Array
(
    [Webhook Delivery] => Array
        (
            [Delivery ID] => 34e0cd0d2f05ae1dc55e44192c84132c
            [Date] => 21 de novembro de 2021 @ 02:32
            [URL] => https://www.bling.com.br/Api/v2/webhook/woocommerce/203702229/orders
            [Duration] => 1.46637
            [Request] => Array
                (
                    [Method] => POST
                    [Headers] => Array
                        (
                            [User-Agent] => WooCommerce/5.1.0 Hookshot (WordPress/5.8.2)
                            [Content-Type] => application/json
                            [X-WC-Webhook-Source] => https://34.196.236.239/
                            [X-WC-Webhook-Topic] => order.updated
                            [X-WC-Webhook-Resource] => order
                            [X-WC-Webhook-Event] => updated
                            [X-WC-Webhook-Signature] => i8MvwDsqCCgATLl1JDOQPO7srnEeKC5rpwRnMb57o20=
                            [X-WC-Webhook-ID] => 2
                            [X-WC-Webhook-Delivery-ID] => 34e0cd0d2f05ae1dc55e44192c84132c
                        )

                )

            [Body] => Webhook body is not logged unless WP_DEBUG mode is turned on. This is to avoid the storing of personal data in the logs.
            [Response] => Array
                (
                    [Code] => 200
                    [Message] => OK
                    [Headers] => Requests_Utility_CaseInsensitiveDictionary Object
                        (
                            [data:protected] => Array
                                (
                                    [date] => Sun, 21 Nov 2021 02:32:02 GMT
                                    [content-type] => application/xml
                                    [content-length] => 177
                                    [content-encoding] => gzip
                                    [vary] => Accept-Encoding
                                    [cache-control] => no-cache, public, must-revalidate, max-age=2592000
                                    [cf-cache-status] => DYNAMIC
                                    [expect-ct] => max-age=604800, report-uri="https://report-uri.cloudflare.com/cdn-cgi/beacon/expect-ct"
                                    [server] => cloudflare
                                    [cf-ray] => 6b16814f6ee45cd7-IAD
                                )

                        )

                    [Body] => Webhook body is not logged unless WP_DEBUG mode is turned on. This is to avoid the storing of personal data in the logs.
                )

        )

)

2021-11-21T02:32:03+00:00 INFO Array
(
    [Webhook Delivery] => Array
        (
            [Delivery ID] => aca6445bf563f9d1bacf3e3d2cb2ac83
            [Date] => 21 de novembro de 2021 @ 02:32
            [URL] => https://www.bling.com.br/Api/v2/webhook/woocommerce/203702229/orders
            [Duration] => 1.11703
            [Request] => Array
                (
                    [Method] => POST
                    [Headers] => Array
                        (
                            [User-Agent] => WooCommerce/5.1.0 Hookshot (WordPress/5.8.2)
                            [Content-Type] => application/json
                            [X-WC-Webhook-Source] => https://34.196.236.239/
                            [X-WC-Webhook-Topic] => order.updated
                            [X-WC-Webhook-Resource] => order
                            [X-WC-Webhook-Event] => updated
                            [X-WC-Webhook-Signature] => +FD9+yRLdpy/OAlVsCab6NJyCQ3JvKQnJO0z/CSCba4=
                            [X-WC-Webhook-ID] => 2
                            [X-WC-Webhook-Delivery-ID] => aca6445bf563f9d1bacf3e3d2cb2ac83
                        )

                )

            [Body] => Webhook body is not logged unless WP_DEBUG mode is turned on. This is to avoid the storing of personal data in the logs.
            [Response] => Array
                (
                    [Code] => 200
                    [Message] => OK
                    [Headers] => Requests_Utility_CaseInsensitiveDictionary Object
                        (
                            [data:protected] => Array
                                (
                                    [date] => Sun, 21 Nov 2021 02:32:03 GMT
                                    [content-type] => application/xml
                                    [content-length] => 178
                                    [content-encoding] => gzip
                                    [vary] => Accept-Encoding
                                    [cache-control] => no-cache, public, must-revalidate, max-age=2592000
                                    [cf-cache-status] => DYNAMIC
                                    [expect-ct] => max-age=604800, report-uri="https://report-uri.cloudflare.com/cdn-cgi/beacon/expect-ct"
                                    [server] => cloudflare
                                    [cf-ray] => 6b1681570bfa5a28-IAD
                                )

                        )

                    [Body] => Webhook body is not logged unless WP_DEBUG mode is turned on. This is to avoid the storing of personal data in the logs.
                )

        )

)

2021-11-21T02:34:19+00:00 INFO Array
(
    [Webhook Delivery] => Array
        (
            [Delivery ID] => 2d6e6363c9cd4193ee0a34907a2390cc
            [Date] => 21 de novembro de 2021 @ 02:34
            [URL] => https://www.bling.com.br/Api/v2/webhook/woocommerce/203702229/orders
            [Duration] => 5.79094
            [Request] => Array
                (
                    [Method] => POST
                    [Headers] => Array
                        (
                            [User-Agent] => WooCommerce/5.1.0 Hookshot (WordPress/5.8.2)
                            [Content-Type] => application/json
                            [X-WC-Webhook-Source] => https://imperialtapeteseinteriores.com.br/
                            [X-WC-Webhook-Topic] => order.created
                            [X-WC-Webhook-Resource] => order
                            [X-WC-Webhook-Event] => created
                            [X-WC-Webhook-Signature] => DEmMvs5if76KbWAFXvxL69sdUcpbtkyaiRG6AO+LnVk=
                            [X-WC-Webhook-ID] => 1
                            [X-WC-Webhook-Delivery-ID] => 2d6e6363c9cd4193ee0a34907a2390cc
                        )

                )

            [Body] => Webhook body is not logged unless WP_DEBUG mode is turned on. This is to avoid the storing of personal data in the logs.
            [Response] => Array
                (
                    [Code] => 200
                    [Message] => OK
                    [Headers] => Requests_Utility_CaseInsensitiveDictionary Object
                        (
                            [data:protected] => Array
                                (
                                    [date] => Sun, 21 Nov 2021 02:34:19 GMT
                                    [content-type] => application/xml
                                    [content-length] => 180
                                    [content-encoding] => gzip
                                    [vary] => Accept-Encoding
                                    [cache-control] => no-cache, public, must-revalidate, max-age=2592000
                                    [cf-cache-status] => DYNAMIC
                                    [expect-ct] => max-age=604800, report-uri="https://report-uri.cloudflare.com/cdn-cgi/beacon/expect-ct"
                                    [server] => cloudflare
                                    [cf-ray] => 6b1684912d3acf58-IAD
                                )

                        )

                    [Body] => Webhook body is not logged unless WP_DEBUG mode is turned on. This is to avoid the storing of personal data in the logs.
                )

        )

)

2021-11-21T02:34:20+00:00 INFO Array
(
    [Webhook Delivery] => Array
        (
            [Delivery ID] => 330630f8671fb5a37b1be50c042a57d9
            [Date] => 21 de novembro de 2021 @ 02:34
            [URL] => https://www.bling.com.br/Api/v2/webhook/woocommerce/203702229/orders
            [Duration] => 1.0513
            [Request] => Array
                (
                    [Method] => POST
                    [Headers] => Array
                        (
                            [User-Agent] => WooCommerce/5.1.0 Hookshot (WordPress/5.8.2)
                            [Content-Type] => application/json
                            [X-WC-Webhook-Source] => https://imperialtapeteseinteriores.com.br/
                            [X-WC-Webhook-Topic] => order.updated
                            [X-WC-Webhook-Resource] => order
                            [X-WC-Webhook-Event] => updated
                            [X-WC-Webhook-Signature] => 2J+hANtiMdfIKOWENPnTospKrlFQoesXqxo9Q1ovUT4=
                            [X-WC-Webhook-ID] => 2
                            [X-WC-Webhook-Delivery-ID] => 330630f8671fb5a37b1be50c042a57d9
                        )

                )

            [Body] => Webhook body is not logged unless WP_DEBUG mode is turned on. This is to avoid the storing of personal data in the logs.
            [Response] => Array
                (
                    [Code] => 200
                    [Message] => OK
                    [Headers] => Requests_Utility_CaseInsensitiveDictionary Object
                        (
                            [data:protected] => Array
                                (
                                    [date] => Sun, 21 Nov 2021 02:34:20 GMT
                                    [content-type] => application/xml
                                    [content-length] => 178
                                    [content-encoding] => gzip
                                    [vary] => Accept-Encoding
                                    [cache-control] => no-cache, public, must-revalidate, max-age=2592000
                                    [cf-cache-status] => DYNAMIC
                                    [expect-ct] => max-age=604800, report-uri="https://report-uri.cloudflare.com/cdn-cgi/beacon/expect-ct"
                                    [server] => cloudflare
                                    [cf-ray] => 6b1684b29938e116-IAD
                                )

                        )

                    [Body] => Webhook body is not logged unless WP_DEBUG mode is turned on. This is to avoid the storing of personal data in the logs.
                )

        )

)

2021-11-21T02:34:36+00:00 INFO Array
(
    [Webhook Delivery] => Array
        (
            [Delivery ID] => c863ca8a634e7b39c8c68a566c32aa67
            [Date] => 21 de novembro de 2021 @ 02:34
            [URL] => https://www.bling.com.br/Api/v2/webhook/woocommerce/203702229/products
            [Duration] => 15.27611
            [Request] => Array
                (
                    [Method] => POST
                    [Headers] => Array
                        (
                            [User-Agent] => WooCommerce/5.1.0 Hookshot (WordPress/5.8.2)
                            [Content-Type] => application/json
                            [X-WC-Webhook-Source] => https://imperialtapeteseinteriores.com.br/
                            [X-WC-Webhook-Topic] => product.updated
                            [X-WC-Webhook-Resource] => product
                            [X-WC-Webhook-Event] => updated
                            [X-WC-Webhook-Signature] => WI3mqZzbMmyLujAAxmJjKy77+lG9HnQvb1DmeEzXNgw=
                            [X-WC-Webhook-ID] => 4
                            [X-WC-Webhook-Delivery-ID] => c863ca8a634e7b39c8c68a566c32aa67
                        )

                )

            [Body] => Webhook body is not logged unless WP_DEBUG mode is turned on. This is to avoid the storing of personal data in the logs.
            [Response] => Array
                (
                    [Code] => 200
                    [Message] => OK
                    [Headers] => Requests_Utility_CaseInsensitiveDictionary Object
                        (
                            [data:protected] => Array
                                (
                                    [date] => Sun, 21 Nov 2021 02:34:36 GMT
                                    [content-type] => application/xml
                                    [content-length] => 181
                                    [content-encoding] => gzip
                                    [vary] => Accept-Encoding
                                    [cache-control] => no-cache, public, must-revalidate, max-age=2592000
                                    [cf-cache-status] => DYNAMIC
                                    [expect-ct] => max-age=604800, report-uri="https://report-uri.cloudflare.com/cdn-cgi/beacon/expect-ct"
                                    [server] => cloudflare
                                    [cf-ray] => 6b1684b97ca95740-IAD
                                )

                        )

                    [Body] => Webhook body is not logged unless WP_DEBUG mode is turned on. This is to avoid the storing of personal data in the logs.
                )

        )

)

2021-11-21T19:51:47+00:00 INFO Array
(
    [Webhook Delivery] => Array
        (
            [Delivery ID] => 24e9d1104de6577cc933655477259113
            [Date] => 21 de novembro de 2021 @ 19:51
            [URL] => https://www.bling.com.br/Api/v2/webhook/woocommerce/203702229/orders
            [Duration] => 7.92077
            [Request] => Array
                (
                    [Method] => POST
                    [Headers] => Array
                        (
                            [User-Agent] => WooCommerce/5.1.0 Hookshot (WordPress/5.8.2)
                            [Content-Type] => application/json
                            [X-WC-Webhook-Source] => https://imperialtapeteseinteriores.com.br/
                            [X-WC-Webhook-Topic] => order.created
                            [X-WC-Webhook-Resource] => order
                            [X-WC-Webhook-Event] => created
                            [X-WC-Webhook-Signature] => yH+nJcrBJLTDU0f11NtD/RiesoKD22EuC7BBc4tMwz8=
                            [X-WC-Webhook-ID] => 1
                            [X-WC-Webhook-Delivery-ID] => 24e9d1104de6577cc933655477259113
                        )

                )

            [Body] => Webhook body is not logged unless WP_DEBUG mode is turned on. This is to avoid the storing of personal data in the logs.
            [Response] => Array
                (
                    [Code] => 200
                    [Message] => OK
                    [Headers] => Requests_Utility_CaseInsensitiveDictionary Object
                        (
                            [data:protected] => Array
                                (
                                    [date] => Sun, 21 Nov 2021 19:51:47 GMT
                                    [content-type] => application/xml
                                    [content-length] => 180
                                    [content-encoding] => gzip
                                    [vary] => Accept-Encoding
                                    [cache-control] => no-cache, public, must-revalidate, max-age=2592000
                                    [cf-cache-status] => DYNAMIC
                                    [expect-ct] => max-age=604800, report-uri="https://report-uri.cloudflare.com/cdn-cgi/beacon/expect-ct"
                                    [server] => cloudflare
                                    [cf-ray] => 6b1c743b39220688-IAD
                                )

                        )

                    [Body] => Webhook body is not logged unless WP_DEBUG mode is turned on. This is to avoid the storing of personal data in the logs.
                )

        )

)

2021-11-21T19:51:48+00:00 INFO Array
(
    [Webhook Delivery] => Array
        (
            [Delivery ID] => 605181feb42cf33f0a816c3ff58c14ed
            [Date] => 21 de novembro de 2021 @ 19:51
            [URL] => https://www.bling.com.br/Api/v2/webhook/woocommerce/203702229/orders
            [Duration] => 1.22606
            [Request] => Array
                (
                    [Method] => POST
                    [Headers] => Array
                        (
                            [User-Agent] => WooCommerce/5.1.0 Hookshot (WordPress/5.8.2)
                            [Content-Type] => application/json
                            [X-WC-Webhook-Source] => https://imperialtapeteseinteriores.com.br/
                            [X-WC-Webhook-Topic] => order.updated
                            [X-WC-Webhook-Resource] => order
                            [X-WC-Webhook-Event] => updated
                            [X-WC-Webhook-Signature] => E7S/zNnc+vmYcZVQx8LzkVtIuv8FkM3BmgACRg2WpTo=
                            [X-WC-Webhook-ID] => 2
                            [X-WC-Webhook-Delivery-ID] => 605181feb42cf33f0a816c3ff58c14ed
                        )

                )

            [Body] => Webhook body is not logged unless WP_DEBUG mode is turned on. This is to avoid the storing of personal data in the logs.
            [Response] => Array
                (
                    [Code] => 200
                    [Message] => OK
                    [Headers] => Requests_Utility_CaseInsensitiveDictionary Object
                        (
                            [data:protected] => Array
                                (
                                    [date] => Sun, 21 Nov 2021 19:51:48 GMT
                                    [content-type] => application/xml
                                    [content-length] => 179
                                    [content-encoding] => gzip
                                    [vary] => Accept-Encoding
                                    [cache-control] => no-cache, public, must-revalidate, max-age=2592000
                                    [cf-cache-status] => DYNAMIC
                                    [expect-ct] => max-age=604800, report-uri="https://report-uri.cloudflare.com/cdn-cgi/beacon/expect-ct"
                                    [server] => cloudflare
                                    [cf-ray] => 6b1c746b0a225b65-IAD
                                )

                        )

                    [Body] => Webhook body is not logged unless WP_DEBUG mode is turned on. This is to avoid the storing of personal data in the logs.
                )

        )

)

2021-11-21T19:51:54+00:00 INFO Array
(
    [Webhook Delivery] => Array
        (
            [Delivery ID] => 0cf465e0d27a3bd679671a46d40ca102
            [Date] => 21 de novembro de 2021 @ 19:51
            [URL] => https://www.bling.com.br/Api/v2/webhook/woocommerce/203702229/products
            [Duration] => 5.58088
            [Request] => Array
                (
                    [Method] => POST
                    [Headers] => Array
                        (
                            [User-Agent] => WooCommerce/5.1.0 Hookshot (WordPress/5.8.2)
                            [Content-Type] => application/json
                            [X-WC-Webhook-Source] => https://imperialtapeteseinteriores.com.br/
                            [X-WC-Webhook-Topic] => product.updated
                            [X-WC-Webhook-Resource] => product
                            [X-WC-Webhook-Event] => updated
                            [X-WC-Webhook-Signature] => YPUokGoTBLN9zEB+Or4oLFEmLLIlUcDy4yu8ffIUYmI=
                            [X-WC-Webhook-ID] => 4
                            [X-WC-Webhook-Delivery-ID] => 0cf465e0d27a3bd679671a46d40ca102
                        )

                )

            [Body] => Webhook body is not logged unless WP_DEBUG mode is turned on. This is to avoid the storing of personal data in the logs.
            [Response] => Array
                (
                    [Code] => 200
                    [Message] => OK
                    [Headers] => Requests_Utility_CaseInsensitiveDictionary Object
                        (
                            [data:protected] => Array
                                (
                                    [date] => Sun, 21 Nov 2021 19:51:54 GMT
                                    [content-type] => application/xml
                                    [content-length] => 186
                                    [content-encoding] => gzip
                                    [vary] => Accept-Encoding
                                    [cache-control] => no-cache, public, must-revalidate, max-age=2592000
                                    [cf-cache-status] => DYNAMIC
                                    [expect-ct] => max-age=604800, report-uri="https://report-uri.cloudflare.com/cdn-cgi/beacon/expect-ct"
                                    [server] => cloudflare
                                    [cf-ray] => 6b1c74730b876faf-IAD
                                )

                        )

                    [Body] => Webhook body is not logged unless WP_DEBUG mode is turned on. This is to avoid the storing of personal data in the logs.
                )

        )

)

2021-11-21T20:03:22+00:00 INFO Array
(
    [Webhook Delivery] => Array
        (
            [Delivery ID] => bc771b1a3d4a3d0b65d2a08b0b567a73
            [Date] => 21 de novembro de 2021 @ 20:03
            [URL] => https://www.bling.com.br/Api/v2/webhook/woocommerce/203702229/orders
            [Duration] => 2.00234
            [Request] => Array
                (
                    [Method] => POST
                    [Headers] => Array
                        (
                            [User-Agent] => WooCommerce/5.1.0 Hookshot (WordPress/5.8.2)
                            [Content-Type] => application/json
                            [X-WC-Webhook-Source] => https://imperialtapeteseinteriores.com.br/
                            [X-WC-Webhook-Topic] => order.updated
                            [X-WC-Webhook-Resource] => order
                            [X-WC-Webhook-Event] => updated
                            [X-WC-Webhook-Signature] => nKDidfqwEj7rtZKR/756pz/JDJMe93oxFrWjKGv/5Uc=
                            [X-WC-Webhook-ID] => 2
                            [X-WC-Webhook-Delivery-ID] => bc771b1a3d4a3d0b65d2a08b0b567a73
                        )

                )

            [Body] => Webhook body is not logged unless WP_DEBUG mode is turned on. This is to avoid the storing of personal data in the logs.
            [Response] => Array
                (
                    [Code] => 200
                    [Message] => OK
                    [Headers] => Requests_Utility_CaseInsensitiveDictionary Object
                        (
                            [data:protected] => Array
                                (
                                    [date] => Sun, 21 Nov 2021 20:03:22 GMT
                                    [content-type] => application/xml
                                    [content-length] => 180
                                    [content-encoding] => gzip
                                    [vary] => Accept-Encoding
                                    [cache-control] => no-cache, public, must-revalidate, max-age=2592000
                                    [cf-cache-status] => DYNAMIC
                                    [expect-ct] => max-age=604800, report-uri="https://report-uri.cloudflare.com/cdn-cgi/beacon/expect-ct"
                                    [server] => cloudflare
                                    [cf-ray] => 6b1c85574b64ceec-IAD
                                )

                        )

                    [Body] => Webhook body is not logged unless WP_DEBUG mode is turned on. This is to avoid the storing of personal data in the logs.
                )

        )

)

