2021-12-11T01:25:02+00:00 INFO Array
(
    [Webhook Delivery] => Array
        (
            [Delivery ID] => 9d072f79f0b200defed7f23dbfce6273
            [Date] => 11 de dezembro de 2021 @ 01:25
            [URL] => https://www.bling.com.br/Api/v2/webhook/woocommerce/203702229/products
            [Duration] => 37.47628
            [Request] => Array
                (
                    [Method] => POST
                    [Headers] => Array
                        (
                            [User-Agent] => WooCommerce/5.1.0 Hookshot (WordPress/5.8.2)
                            [Content-Type] => application/json
                            [X-WC-Webhook-Source] => https://imperialtapeteseinteriores.com.br/
                            [X-WC-Webhook-Topic] => product.updated
                            [X-WC-Webhook-Resource] => product
                            [X-WC-Webhook-Event] => updated
                            [X-WC-Webhook-Signature] => XgWj0AvDDdz1ylftWcKTYxjqDw6ESnQkQdsQ/D7BAYM=
                            [X-WC-Webhook-ID] => 4
                            [X-WC-Webhook-Delivery-ID] => 9d072f79f0b200defed7f23dbfce6273
                        )

                )

            [Body] => Webhook body is not logged unless WP_DEBUG mode is turned on. This is to avoid the storing of personal data in the logs.
            [Response] => Array
                (
                    [Code] => 200
                    [Message] => OK
                    [Headers] => Requests_Utility_CaseInsensitiveDictionary Object
                        (
                            [data:protected] => Array
                                (
                                    [date] => Sat, 11 Dec 2021 01:25:01 GMT
                                    [content-type] => application/xml
                                    [content-length] => 187
                                    [content-encoding] => gzip
                                    [vary] => Accept-Encoding
                                    [cache-control] => no-cache, public, must-revalidate, max-age=2592000
                                    [cf-cache-status] => DYNAMIC
                                    [expect-ct] => max-age=604800, report-uri="https://report-uri.cloudflare.com/cdn-cgi/beacon/expect-ct"
                                    [server] => cloudflare
                                    [cf-ray] => 6bbae9c67a555797-IAD
                                )

                        )

                    [Body] => Webhook body is not logged unless WP_DEBUG mode is turned on. This is to avoid the storing of personal data in the logs.
                )

        )

)

2021-12-11T12:15:55+00:00 INFO Array
(
    [Webhook Delivery] => Array
        (
            [Delivery ID] => d85cb9b988855a5e5da45419fe53ff00
            [Date] => 11 de dezembro de 2021 @ 12:15
            [URL] => https://www.bling.com.br/Api/v2/webhook/woocommerce/203702229/orders
            [Duration] => 7.57247
            [Request] => Array
                (
                    [Method] => POST
                    [Headers] => Array
                        (
                            [User-Agent] => WooCommerce/5.1.0 Hookshot (WordPress/5.8.2)
                            [Content-Type] => application/json
                            [X-WC-Webhook-Source] => https://imperialtapeteseinteriores.com.br/
                            [X-WC-Webhook-Topic] => order.created
                            [X-WC-Webhook-Resource] => order
                            [X-WC-Webhook-Event] => created
                            [X-WC-Webhook-Signature] => 9rQddMXFQw7hP15DNdjGDgCEWIjWi+l9RH5+OU2dzuY=
                            [X-WC-Webhook-ID] => 1
                            [X-WC-Webhook-Delivery-ID] => d85cb9b988855a5e5da45419fe53ff00
                        )

                )

            [Body] => Webhook body is not logged unless WP_DEBUG mode is turned on. This is to avoid the storing of personal data in the logs.
            [Response] => Array
                (
                    [Code] => 200
                    [Message] => OK
                    [Headers] => Requests_Utility_CaseInsensitiveDictionary Object
                        (
                            [data:protected] => Array
                                (
                                    [date] => Sat, 11 Dec 2021 12:15:55 GMT
                                    [content-type] => application/xml
                                    [content-length] => 179
                                    [content-encoding] => gzip
                                    [vary] => Accept-Encoding
                                    [cache-control] => no-cache, public, must-revalidate, max-age=2592000
                                    [cf-cache-status] => DYNAMIC
                                    [expect-ct] => max-age=604800, report-uri="https://report-uri.cloudflare.com/cdn-cgi/beacon/expect-ct"
                                    [content-security-policy-report-only] => script-src 'none'; report-uri /cdn-cgi/script_monitor/report?m=Z630E1d_aeQAjWekq52rEl8e5clkdXa3bdC66gSUIlA-1639224955-0-Af67Y_8Hc-kBmJAFWKS8GcAx5Q5iNn9_bTgtOOqyTK-WfgsejMX4mb_ciri9jvd_EA
                                    [server] => cloudflare
                                    [cf-ray] => 6bbea3f7c95f8280-IAD
                                )

                        )

                    [Body] => Webhook body is not logged unless WP_DEBUG mode is turned on. This is to avoid the storing of personal data in the logs.
                )

        )

)

2021-12-11T12:15:59+00:00 INFO Array
(
    [Webhook Delivery] => Array
        (
            [Delivery ID] => 8573d4b19fb90ef65055a9dc508c513e
            [Date] => 11 de dezembro de 2021 @ 12:15
            [URL] => https://www.bling.com.br/Api/v2/webhook/woocommerce/203702229/orders
            [Duration] => 4.29954
            [Request] => Array
                (
                    [Method] => POST
                    [Headers] => Array
                        (
                            [User-Agent] => WooCommerce/5.1.0 Hookshot (WordPress/5.8.2)
                            [Content-Type] => application/json
                            [X-WC-Webhook-Source] => https://imperialtapeteseinteriores.com.br/
                            [X-WC-Webhook-Topic] => order.updated
                            [X-WC-Webhook-Resource] => order
                            [X-WC-Webhook-Event] => updated
                            [X-WC-Webhook-Signature] => JWgJ8X2U0K2w98Oeo32UKgpTAFOK8fuRmryKSKZhJrg=
                            [X-WC-Webhook-ID] => 2
                            [X-WC-Webhook-Delivery-ID] => 8573d4b19fb90ef65055a9dc508c513e
                        )

                )

            [Body] => Webhook body is not logged unless WP_DEBUG mode is turned on. This is to avoid the storing of personal data in the logs.
            [Response] => Array
                (
                    [Code] => 200
                    [Message] => OK
                    [Headers] => Requests_Utility_CaseInsensitiveDictionary Object
                        (
                            [data:protected] => Array
                                (
                                    [date] => Sat, 11 Dec 2021 12:15:59 GMT
                                    [content-type] => application/xml
                                    [content-length] => 179
                                    [content-encoding] => gzip
                                    [vary] => Accept-Encoding
                                    [cache-control] => no-cache, public, must-revalidate, max-age=2592000
                                    [cf-cache-status] => DYNAMIC
                                    [expect-ct] => max-age=604800, report-uri="https://report-uri.cloudflare.com/cdn-cgi/beacon/expect-ct"
                                    [server] => cloudflare
                                    [cf-ray] => 6bbea4231cfc8203-IAD
                                )

                        )

                    [Body] => Webhook body is not logged unless WP_DEBUG mode is turned on. This is to avoid the storing of personal data in the logs.
                )

        )

)

2021-12-11T12:16:05+00:00 INFO Array
(
    [Webhook Delivery] => Array
        (
            [Delivery ID] => 149afdafe3b09398dbddd9f3059ffa9d
            [Date] => 11 de dezembro de 2021 @ 12:16
            [URL] => https://www.bling.com.br/Api/v2/webhook/woocommerce/203702229/products
            [Duration] => 5.65714
            [Request] => Array
                (
                    [Method] => POST
                    [Headers] => Array
                        (
                            [User-Agent] => WooCommerce/5.1.0 Hookshot (WordPress/5.8.2)
                            [Content-Type] => application/json
                            [X-WC-Webhook-Source] => https://imperialtapeteseinteriores.com.br/
                            [X-WC-Webhook-Topic] => product.updated
                            [X-WC-Webhook-Resource] => product
                            [X-WC-Webhook-Event] => updated
                            [X-WC-Webhook-Signature] => 1y9U/feffg+gDWi9ErRnSxYz+po0EtRAZl0OylxuusY=
                            [X-WC-Webhook-ID] => 4
                            [X-WC-Webhook-Delivery-ID] => 149afdafe3b09398dbddd9f3059ffa9d
                        )

                )

            [Body] => Webhook body is not logged unless WP_DEBUG mode is turned on. This is to avoid the storing of personal data in the logs.
            [Response] => Array
                (
                    [Code] => 200
                    [Message] => OK
                    [Headers] => Requests_Utility_CaseInsensitiveDictionary Object
                        (
                            [data:protected] => Array
                                (
                                    [date] => Sat, 11 Dec 2021 12:16:05 GMT
                                    [content-type] => application/xml
                                    [content-length] => 179
                                    [content-encoding] => gzip
                                    [vary] => Accept-Encoding
                                    [cache-control] => no-cache, public, must-revalidate, max-age=2592000
                                    [cf-cache-status] => DYNAMIC
                                    [expect-ct] => max-age=604800, report-uri="https://report-uri.cloudflare.com/cdn-cgi/beacon/expect-ct"
                                    [server] => cloudflare
                                    [cf-ray] => 6bbea43e3f7c8230-IAD
                                )

                        )

                    [Body] => Webhook body is not logged unless WP_DEBUG mode is turned on. This is to avoid the storing of personal data in the logs.
                )

        )

)

2021-12-11T12:43:06+00:00 INFO Array
(
    [Webhook Delivery] => Array
        (
            [Delivery ID] => dbd7e4e1046a15c51a312c4feb05ba89
            [Date] => 11 de dezembro de 2021 @ 12:43
            [URL] => https://www.bling.com.br/Api/v2/webhook/woocommerce/203702229/orders
            [Duration] => 1.38074
            [Request] => Array
                (
                    [Method] => POST
                    [Headers] => Array
                        (
                            [User-Agent] => WooCommerce/5.1.0 Hookshot (WordPress/5.8.2)
                            [Content-Type] => application/json
                            [X-WC-Webhook-Source] => https://imperialtapeteseinteriores.com.br/
                            [X-WC-Webhook-Topic] => order.updated
                            [X-WC-Webhook-Resource] => order
                            [X-WC-Webhook-Event] => updated
                            [X-WC-Webhook-Signature] => 7Gs6GqxqGh0To6s3VPzIYsPhm5jPNXtvrBTeLSrW1sA=
                            [X-WC-Webhook-ID] => 2
                            [X-WC-Webhook-Delivery-ID] => dbd7e4e1046a15c51a312c4feb05ba89
                        )

                )

            [Body] => Webhook body is not logged unless WP_DEBUG mode is turned on. This is to avoid the storing of personal data in the logs.
            [Response] => Array
                (
                    [Code] => 200
                    [Message] => OK
                    [Headers] => Requests_Utility_CaseInsensitiveDictionary Object
                        (
                            [data:protected] => Array
                                (
                                    [date] => Sat, 11 Dec 2021 12:43:06 GMT
                                    [content-type] => application/xml
                                    [content-length] => 158
                                    [content-encoding] => gzip
                                    [vary] => Accept-Encoding
                                    [cache-control] => no-cache, public, must-revalidate, max-age=2592000
                                    [cf-cache-status] => DYNAMIC
                                    [expect-ct] => max-age=604800, report-uri="https://report-uri.cloudflare.com/cdn-cgi/beacon/expect-ct"
                                    [server] => cloudflare
                                    [cf-ray] => 6bbecbeeae76827e-IAD
                                )

                        )

                    [Body] => Webhook body is not logged unless WP_DEBUG mode is turned on. This is to avoid the storing of personal data in the logs.
                )

        )

)

2021-12-11T12:59:09+00:00 INFO Array
(
    [Webhook Delivery] => Array
        (
            [Delivery ID] => 3c61dc74f006d7a4d1bf2d270fa717b3
            [Date] => 11 de dezembro de 2021 @ 12:59
            [URL] => https://www.bling.com.br/Api/v2/webhook/woocommerce/203702229/orders
            [Duration] => 1.37982
            [Request] => Array
                (
                    [Method] => POST
                    [Headers] => Array
                        (
                            [User-Agent] => WooCommerce/5.1.0 Hookshot (WordPress/5.8.2)
                            [Content-Type] => application/json
                            [X-WC-Webhook-Source] => https://imperialtapeteseinteriores.com.br/
                            [X-WC-Webhook-Topic] => order.updated
                            [X-WC-Webhook-Resource] => order
                            [X-WC-Webhook-Event] => updated
                            [X-WC-Webhook-Signature] => cCXCzs259dXupSpBa4OwgcFehu8ZpAnSySaF6+haYg8=
                            [X-WC-Webhook-ID] => 2
                            [X-WC-Webhook-Delivery-ID] => 3c61dc74f006d7a4d1bf2d270fa717b3
                        )

                )

            [Body] => Webhook body is not logged unless WP_DEBUG mode is turned on. This is to avoid the storing of personal data in the logs.
            [Response] => Array
                (
                    [Code] => 200
                    [Message] => OK
                    [Headers] => Requests_Utility_CaseInsensitiveDictionary Object
                        (
                            [data:protected] => Array
                                (
                                    [date] => Sat, 11 Dec 2021 12:59:09 GMT
                                    [content-type] => application/xml
                                    [content-length] => 158
                                    [content-encoding] => gzip
                                    [vary] => Accept-Encoding
                                    [cache-control] => no-cache, public, must-revalidate, max-age=2592000
                                    [cf-cache-status] => DYNAMIC
                                    [expect-ct] => max-age=604800, report-uri="https://report-uri.cloudflare.com/cdn-cgi/beacon/expect-ct"
                                    [server] => cloudflare
                                    [cf-ray] => 6bbee3744d72cf44-IAD
                                )

                        )

                    [Body] => Webhook body is not logged unless WP_DEBUG mode is turned on. This is to avoid the storing of personal data in the logs.
                )

        )

)

2021-12-11T14:26:31+00:00 INFO Array
(
    [Webhook Delivery] => Array
        (
            [Delivery ID] => 4146068555806f8eb8a0f512720fb4da
            [Date] => 11 de dezembro de 2021 @ 14:26
            [URL] => https://www.bling.com.br/Api/v2/webhook/woocommerce/203702229/products
            [Duration] => 8.76457
            [Request] => Array
                (
                    [Method] => POST
                    [Headers] => Array
                        (
                            [User-Agent] => WooCommerce/5.1.0 Hookshot (WordPress/5.8.2)
                            [Content-Type] => application/json
                            [X-WC-Webhook-Source] => https://imperialtapeteseinteriores.com.br/
                            [X-WC-Webhook-Topic] => product.updated
                            [X-WC-Webhook-Resource] => product
                            [X-WC-Webhook-Event] => updated
                            [X-WC-Webhook-Signature] => QqtozSYhkBEqCKNGbyWn4TjLRsEXYXfJye3+WBBw9iE=
                            [X-WC-Webhook-ID] => 4
                            [X-WC-Webhook-Delivery-ID] => 4146068555806f8eb8a0f512720fb4da
                        )

                )

            [Body] => Webhook body is not logged unless WP_DEBUG mode is turned on. This is to avoid the storing of personal data in the logs.
            [Response] => Array
                (
                    [Code] => 200
                    [Message] => OK
                    [Headers] => Requests_Utility_CaseInsensitiveDictionary Object
                        (
                            [data:protected] => Array
                                (
                                    [date] => Sat, 11 Dec 2021 14:26:31 GMT
                                    [content-type] => application/xml
                                    [content-length] => 180
                                    [content-encoding] => gzip
                                    [vary] => Accept-Encoding
                                    [cache-control] => no-cache, public, must-revalidate, max-age=2592000
                                    [cf-cache-status] => DYNAMIC
                                    [expect-ct] => max-age=604800, report-uri="https://report-uri.cloudflare.com/cdn-cgi/beacon/expect-ct"
                                    [server] => cloudflare
                                    [cf-ray] => 6bbf63432d7e56b0-IAD
                                )

                        )

                    [Body] => Webhook body is not logged unless WP_DEBUG mode is turned on. This is to avoid the storing of personal data in the logs.
                )

        )

)

2021-12-11T14:26:44+00:00 INFO Array
(
    [Webhook Delivery] => Array
        (
            [Delivery ID] => 1730e380ebc811998b46cf3636af7f63
            [Date] => 11 de dezembro de 2021 @ 14:26
            [URL] => https://www.bling.com.br/Api/v2/webhook/woocommerce/203702229/products
            [Duration] => 6.71902
            [Request] => Array
                (
                    [Method] => POST
                    [Headers] => Array
                        (
                            [User-Agent] => WooCommerce/5.1.0 Hookshot (WordPress/5.8.2)
                            [Content-Type] => application/json
                            [X-WC-Webhook-Source] => https://imperialtapeteseinteriores.com.br/
                            [X-WC-Webhook-Topic] => product.updated
                            [X-WC-Webhook-Resource] => product
                            [X-WC-Webhook-Event] => updated
                            [X-WC-Webhook-Signature] => +lYuGRQtHFbaK6vZr76uarr8iFpe7y0OdGLmqZ1CE6g=
                            [X-WC-Webhook-ID] => 4
                            [X-WC-Webhook-Delivery-ID] => 1730e380ebc811998b46cf3636af7f63
                        )

                )

            [Body] => Webhook body is not logged unless WP_DEBUG mode is turned on. This is to avoid the storing of personal data in the logs.
            [Response] => Array
                (
                    [Code] => 200
                    [Message] => OK
                    [Headers] => Requests_Utility_CaseInsensitiveDictionary Object
                        (
                            [data:protected] => Array
                                (
                                    [date] => Sat, 11 Dec 2021 14:26:44 GMT
                                    [content-type] => application/xml
                                    [content-length] => 188
                                    [content-encoding] => gzip
                                    [vary] => Accept-Encoding
                                    [cache-control] => no-cache, public, must-revalidate, max-age=2592000
                                    [cf-cache-status] => DYNAMIC
                                    [expect-ct] => max-age=604800, report-uri="https://report-uri.cloudflare.com/cdn-cgi/beacon/expect-ct"
                                    [server] => cloudflare
                                    [cf-ray] => 6bbf639bb8745c0a-IAD
                                )

                        )

                    [Body] => Webhook body is not logged unless WP_DEBUG mode is turned on. This is to avoid the storing of personal data in the logs.
                )

        )

)

2021-12-11T14:51:16+00:00 INFO Array
(
    [Webhook Delivery] => Array
        (
            [Delivery ID] => 812e5b71674cf0ae1aef55a80b346603
            [Date] => 11 de dezembro de 2021 @ 14:51
            [URL] => https://www.bling.com.br/Api/v2/webhook/woocommerce/203702229/products
            [Duration] => 2.71922
            [Request] => Array
                (
                    [Method] => POST
                    [Headers] => Array
                        (
                            [User-Agent] => WooCommerce/5.1.0 Hookshot (WordPress/5.8.2)
                            [Content-Type] => application/json
                            [X-WC-Webhook-Source] => https://imperialtapeteseinteriores.com.br/
                            [X-WC-Webhook-Topic] => product.updated
                            [X-WC-Webhook-Resource] => product
                            [X-WC-Webhook-Event] => updated
                            [X-WC-Webhook-Signature] => YxBhkaB+0EGqpz5DPS/BxjQNzS7C423JVS3RAOLk1fo=
                            [X-WC-Webhook-ID] => 4
                            [X-WC-Webhook-Delivery-ID] => 812e5b71674cf0ae1aef55a80b346603
                        )

                )

            [Body] => Webhook body is not logged unless WP_DEBUG mode is turned on. This is to avoid the storing of personal data in the logs.
            [Response] => Array
                (
                    [Code] => 200
                    [Message] => OK
                    [Headers] => Requests_Utility_CaseInsensitiveDictionary Object
                        (
                            [data:protected] => Array
                                (
                                    [date] => Sat, 11 Dec 2021 14:51:16 GMT
                                    [content-type] => application/xml
                                    [content-length] => 186
                                    [content-encoding] => gzip
                                    [vary] => Accept-Encoding
                                    [cache-control] => no-cache, public, must-revalidate, max-age=2592000
                                    [cf-cache-status] => DYNAMIC
                                    [expect-ct] => max-age=604800, report-uri="https://report-uri.cloudflare.com/cdn-cgi/beacon/expect-ct"
                                    [server] => cloudflare
                                    [cf-ray] => 6bbf87a1acb83811-IAD
                                )

                        )

                    [Body] => Webhook body is not logged unless WP_DEBUG mode is turned on. This is to avoid the storing of personal data in the logs.
                )

        )

)

2021-12-11T16:55:43+00:00 INFO Array
(
    [Webhook Delivery] => Array
        (
            [Delivery ID] => 673d554849d5d2bbe9f480d0d83ec5ee
            [Date] => 11 de dezembro de 2021 @ 16:55
            [URL] => https://www.bling.com.br/Api/v2/webhook/woocommerce/203702229/orders
            [Duration] => 5.94057
            [Request] => Array
                (
                    [Method] => POST
                    [Headers] => Array
                        (
                            [User-Agent] => WooCommerce/5.1.0 Hookshot (WordPress/5.8.2)
                            [Content-Type] => application/json
                            [X-WC-Webhook-Source] => https://imperialtapeteseinteriores.com.br/
                            [X-WC-Webhook-Topic] => order.created
                            [X-WC-Webhook-Resource] => order
                            [X-WC-Webhook-Event] => created
                            [X-WC-Webhook-Signature] => fFowlg6/F9MQtXKMAcSmtNH4fg87Wq9a3gjrIHPvkfw=
                            [X-WC-Webhook-ID] => 1
                            [X-WC-Webhook-Delivery-ID] => 673d554849d5d2bbe9f480d0d83ec5ee
                        )

                )

            [Body] => Webhook body is not logged unless WP_DEBUG mode is turned on. This is to avoid the storing of personal data in the logs.
            [Response] => Array
                (
                    [Code] => 200
                    [Message] => OK
                    [Headers] => Requests_Utility_CaseInsensitiveDictionary Object
                        (
                            [data:protected] => Array
                                (
                                    [date] => Sat, 11 Dec 2021 16:55:43 GMT
                                    [content-type] => application/xml
                                    [content-length] => 180
                                    [content-encoding] => gzip
                                    [vary] => Accept-Encoding
                                    [cache-control] => no-cache, public, must-revalidate, max-age=2592000
                                    [cf-cache-status] => DYNAMIC
                                    [expect-ct] => max-age=604800, report-uri="https://report-uri.cloudflare.com/cdn-cgi/beacon/expect-ct"
                                    [server] => cloudflare
                                    [cf-ray] => 6bc03ddef97c7ff4-IAD
                                )

                        )

                    [Body] => Webhook body is not logged unless WP_DEBUG mode is turned on. This is to avoid the storing of personal data in the logs.
                )

        )

)

2021-12-11T16:55:44+00:00 INFO Array
(
    [Webhook Delivery] => Array
        (
            [Delivery ID] => e69828714f978d34f4888f7492f68db9
            [Date] => 11 de dezembro de 2021 @ 16:55
            [URL] => https://www.bling.com.br/Api/v2/webhook/woocommerce/203702229/orders
            [Duration] => 0.95186
            [Request] => Array
                (
                    [Method] => POST
                    [Headers] => Array
                        (
                            [User-Agent] => WooCommerce/5.1.0 Hookshot (WordPress/5.8.2)
                            [Content-Type] => application/json
                            [X-WC-Webhook-Source] => https://imperialtapeteseinteriores.com.br/
                            [X-WC-Webhook-Topic] => order.updated
                            [X-WC-Webhook-Resource] => order
                            [X-WC-Webhook-Event] => updated
                            [X-WC-Webhook-Signature] => cSNbzLvXfWzYAo/R13FqqzJg7IDDKTH4G1Ljar7XHFc=
                            [X-WC-Webhook-ID] => 2
                            [X-WC-Webhook-Delivery-ID] => e69828714f978d34f4888f7492f68db9
                        )

                )

            [Body] => Webhook body is not logged unless WP_DEBUG mode is turned on. This is to avoid the storing of personal data in the logs.
            [Response] => Array
                (
                    [Code] => 200
                    [Message] => OK
                    [Headers] => Requests_Utility_CaseInsensitiveDictionary Object
                        (
                            [data:protected] => Array
                                (
                                    [date] => Sat, 11 Dec 2021 16:55:44 GMT
                                    [content-type] => application/xml
                                    [content-length] => 177
                                    [content-encoding] => gzip
                                    [vary] => Accept-Encoding
                                    [cache-control] => no-cache, public, must-revalidate, max-age=2592000
                                    [cf-cache-status] => DYNAMIC
                                    [expect-ct] => max-age=604800, report-uri="https://report-uri.cloudflare.com/cdn-cgi/beacon/expect-ct"
                                    [server] => cloudflare
                                    [cf-ray] => 6bc03e000f3759c8-IAD
                                )

                        )

                    [Body] => Webhook body is not logged unless WP_DEBUG mode is turned on. This is to avoid the storing of personal data in the logs.
                )

        )

)

2021-12-11T16:56:21+00:00 INFO Array
(
    [Webhook Delivery] => Array
        (
            [Delivery ID] => 0f64e72b776801c7867887d725b9daab
            [Date] => 11 de dezembro de 2021 @ 16:56
            [URL] => https://www.bling.com.br/Api/v2/webhook/woocommerce/203702229/products
            [Duration] => 37.4638
            [Request] => Array
                (
                    [Method] => POST
                    [Headers] => Array
                        (
                            [User-Agent] => WooCommerce/5.1.0 Hookshot (WordPress/5.8.2)
                            [Content-Type] => application/json
                            [X-WC-Webhook-Source] => https://imperialtapeteseinteriores.com.br/
                            [X-WC-Webhook-Topic] => product.updated
                            [X-WC-Webhook-Resource] => product
                            [X-WC-Webhook-Event] => updated
                            [X-WC-Webhook-Signature] => VX7fvQJFgE2TmZuM6k1THih3M0WQyvv6e6Hwc0sZDcw=
                            [X-WC-Webhook-ID] => 4
                            [X-WC-Webhook-Delivery-ID] => 0f64e72b776801c7867887d725b9daab
                        )

                )

            [Body] => Webhook body is not logged unless WP_DEBUG mode is turned on. This is to avoid the storing of personal data in the logs.
            [Response] => Array
                (
                    [Code] => 200
                    [Message] => OK
                    [Headers] => Requests_Utility_CaseInsensitiveDictionary Object
                        (
                            [data:protected] => Array
                                (
                                    [date] => Sat, 11 Dec 2021 16:56:21 GMT
                                    [content-type] => application/xml
                                    [content-length] => 190
                                    [content-encoding] => gzip
                                    [vary] => Accept-Encoding
                                    [cache-control] => no-cache, public, must-revalidate, max-age=2592000
                                    [cf-cache-status] => DYNAMIC
                                    [expect-ct] => max-age=604800, report-uri="https://report-uri.cloudflare.com/cdn-cgi/beacon/expect-ct"
                                    [server] => cloudflare
                                    [cf-ray] => 6bc03e064a636fe9-IAD
                                )

                        )

                    [Body] => Webhook body is not logged unless WP_DEBUG mode is turned on. This is to avoid the storing of personal data in the logs.
                )

        )

)

2021-12-11T16:58:15+00:00 INFO Array
(
    [Webhook Delivery] => Array
        (
            [Delivery ID] => 3ae1a63d0afd0ccd56f416598767a927
            [Date] => 11 de dezembro de 2021 @ 16:58
            [URL] => https://www.bling.com.br/Api/v2/webhook/woocommerce/203702229/orders
            [Duration] => 6.06129
            [Request] => Array
                (
                    [Method] => POST
                    [Headers] => Array
                        (
                            [User-Agent] => WooCommerce/5.1.0 Hookshot (WordPress/5.8.2)
                            [Content-Type] => application/json
                            [X-WC-Webhook-Source] => https://imperialtapeteseinteriores.com.br/
                            [X-WC-Webhook-Topic] => order.updated
                            [X-WC-Webhook-Resource] => order
                            [X-WC-Webhook-Event] => updated
                            [X-WC-Webhook-Signature] => S1lpebG50r60I/WA6cdC4b5ascdQQrp0RszfOoGL+Wc=
                            [X-WC-Webhook-ID] => 2
                            [X-WC-Webhook-Delivery-ID] => 3ae1a63d0afd0ccd56f416598767a927
                        )

                )

            [Body] => Webhook body is not logged unless WP_DEBUG mode is turned on. This is to avoid the storing of personal data in the logs.
            [Response] => Array
                (
                    [Code] => 200
                    [Message] => OK
                    [Headers] => Requests_Utility_CaseInsensitiveDictionary Object
                        (
                            [data:protected] => Array
                                (
                                    [date] => Sat, 11 Dec 2021 16:58:15 GMT
                                    [content-type] => application/xml
                                    [content-length] => 180
                                    [content-encoding] => gzip
                                    [vary] => Accept-Encoding
                                    [cache-control] => no-cache, public, must-revalidate, max-age=2592000
                                    [cf-cache-status] => DYNAMIC
                                    [expect-ct] => max-age=604800, report-uri="https://report-uri.cloudflare.com/cdn-cgi/beacon/expect-ct"
                                    [server] => cloudflare
                                    [cf-ray] => 6bc041936ab06ff8-IAD
                                )

                        )

                    [Body] => Webhook body is not logged unless WP_DEBUG mode is turned on. This is to avoid the storing of personal data in the logs.
                )

        )

)

2021-12-11T16:58:53+00:00 INFO Array
(
    [Webhook Delivery] => Array
        (
            [Delivery ID] => 94c8b17d0d93c88aa321ccbce7411513
            [Date] => 11 de dezembro de 2021 @ 16:58
            [URL] => https://www.bling.com.br/Api/v2/webhook/woocommerce/203702229/products
            [Duration] => 37.57772
            [Request] => Array
                (
                    [Method] => POST
                    [Headers] => Array
                        (
                            [User-Agent] => WooCommerce/5.1.0 Hookshot (WordPress/5.8.2)
                            [Content-Type] => application/json
                            [X-WC-Webhook-Source] => https://imperialtapeteseinteriores.com.br/
                            [X-WC-Webhook-Topic] => product.updated
                            [X-WC-Webhook-Resource] => product
                            [X-WC-Webhook-Event] => updated
                            [X-WC-Webhook-Signature] => VX7fvQJFgE2TmZuM6k1THih3M0WQyvv6e6Hwc0sZDcw=
                            [X-WC-Webhook-ID] => 4
                            [X-WC-Webhook-Delivery-ID] => 94c8b17d0d93c88aa321ccbce7411513
                        )

                )

            [Body] => Webhook body is not logged unless WP_DEBUG mode is turned on. This is to avoid the storing of personal data in the logs.
            [Response] => Array
                (
                    [Code] => 200
                    [Message] => OK
                    [Headers] => Requests_Utility_CaseInsensitiveDictionary Object
                        (
                            [data:protected] => Array
                                (
                                    [date] => Sat, 11 Dec 2021 16:58:53 GMT
                                    [content-type] => application/xml
                                    [content-length] => 190
                                    [content-encoding] => gzip
                                    [vary] => Accept-Encoding
                                    [cache-control] => no-cache, public, must-revalidate, max-age=2592000
                                    [cf-cache-status] => DYNAMIC
                                    [expect-ct] => max-age=604800, report-uri="https://report-uri.cloudflare.com/cdn-cgi/beacon/expect-ct"
                                    [content-security-policy-report-only] => script-src 'none'; report-uri /cdn-cgi/script_monitor/report?m=_fkGltovXNCwY6ry_OLh4qNCoDaLOMIEGx.horPAdr4-1639241933-0-ATmxuIX32yr9WhTQxxCFW0apvE9N50oHOGKa16amj-Hmnh8ow65sO3ZxnvPhF1ORGQ
                                    [server] => cloudflare
                                    [cf-ray] => 6bc041b85fed8003-IAD
                                )

                        )

                    [Body] => Webhook body is not logged unless WP_DEBUG mode is turned on. This is to avoid the storing of personal data in the logs.
                )

        )

)

2021-12-11T18:39:51+00:00 INFO Array
(
    [Webhook Delivery] => Array
        (
            [Delivery ID] => 545f57e30eb761c655a24d138b82dbeb
            [Date] => 11 de dezembro de 2021 @ 18:39
            [URL] => https://www.bling.com.br/Api/v2/webhook/woocommerce/203702229/orders
            [Duration] => 6.64292
            [Request] => Array
                (
                    [Method] => POST
                    [Headers] => Array
                        (
                            [User-Agent] => WooCommerce/5.1.0 Hookshot (WordPress/5.8.2)
                            [Content-Type] => application/json
                            [X-WC-Webhook-Source] => https://imperialtapeteseinteriores.com.br/
                            [X-WC-Webhook-Topic] => order.created
                            [X-WC-Webhook-Resource] => order
                            [X-WC-Webhook-Event] => created
                            [X-WC-Webhook-Signature] => WnpC7ENE1t8uqIizSfYX7YLza5HqiSOez4dkMANUB5I=
                            [X-WC-Webhook-ID] => 1
                            [X-WC-Webhook-Delivery-ID] => 545f57e30eb761c655a24d138b82dbeb
                        )

                )

            [Body] => Webhook body is not logged unless WP_DEBUG mode is turned on. This is to avoid the storing of personal data in the logs.
            [Response] => Array
                (
                    [Code] => 200
                    [Message] => OK
                    [Headers] => Requests_Utility_CaseInsensitiveDictionary Object
                        (
                            [data:protected] => Array
                                (
                                    [date] => Sat, 11 Dec 2021 18:39:51 GMT
                                    [content-type] => application/xml
                                    [content-length] => 180
                                    [content-encoding] => gzip
                                    [vary] => Accept-Encoding
                                    [cache-control] => no-cache, public, must-revalidate, max-age=2592000
                                    [cf-cache-status] => DYNAMIC
                                    [expect-ct] => max-age=604800, report-uri="https://report-uri.cloudflare.com/cdn-cgi/beacon/expect-ct"
                                    [server] => cloudflare
                                    [cf-ray] => 6bc0d663ad2d580f-IAD
                                )

                        )

                    [Body] => Webhook body is not logged unless WP_DEBUG mode is turned on. This is to avoid the storing of personal data in the logs.
                )

        )

)

2021-12-11T18:39:51+00:00 INFO Array
(
    [Webhook Delivery] => Array
        (
            [Delivery ID] => ecde97380913acd747f87dcf91ba31e0
            [Date] => 11 de dezembro de 2021 @ 18:39
            [URL] => https://www.bling.com.br/Api/v2/webhook/woocommerce/203702229/orders
            [Duration] => 0.30442
            [Request] => Array
                (
                    [Method] => POST
                    [Headers] => Array
                        (
                            [User-Agent] => WooCommerce/5.1.0 Hookshot (WordPress/5.8.2)
                            [Content-Type] => application/json
                            [X-WC-Webhook-Source] => https://imperialtapeteseinteriores.com.br/
                            [X-WC-Webhook-Topic] => order.updated
                            [X-WC-Webhook-Resource] => order
                            [X-WC-Webhook-Event] => updated
                            [X-WC-Webhook-Signature] => mfuPqyTh5xebheCR+Jk1jHcxUp763O36npgIG9fI4sY=
                            [X-WC-Webhook-ID] => 2
                            [X-WC-Webhook-Delivery-ID] => ecde97380913acd747f87dcf91ba31e0
                        )

                )

            [Body] => Webhook body is not logged unless WP_DEBUG mode is turned on. This is to avoid the storing of personal data in the logs.
            [Response] => Array
                (
                    [Code] => 200
                    [Message] => OK
                    [Headers] => Requests_Utility_CaseInsensitiveDictionary Object
                        (
                            [data:protected] => Array
                                (
                                    [date] => Sat, 11 Dec 2021 18:39:51 GMT
                                    [content-type] => application/xml
                                    [content-length] => 177
                                    [content-encoding] => gzip
                                    [vary] => Accept-Encoding
                                    [cache-control] => no-cache, public, must-revalidate, max-age=2592000
                                    [cf-cache-status] => DYNAMIC
                                    [expect-ct] => max-age=604800, report-uri="https://report-uri.cloudflare.com/cdn-cgi/beacon/expect-ct"
                                    [server] => cloudflare
                                    [cf-ray] => 6bc0d689fab456b0-IAD
                                )

                        )

                    [Body] => Webhook body is not logged unless WP_DEBUG mode is turned on. This is to avoid the storing of personal data in the logs.
                )

        )

)

2021-12-11T18:40:28+00:00 INFO Array
(
    [Webhook Delivery] => Array
        (
            [Delivery ID] => 69cde4ee7ab8bce535adb53887f8265a
            [Date] => 11 de dezembro de 2021 @ 18:40
            [URL] => https://www.bling.com.br/Api/v2/webhook/woocommerce/203702229/products
            [Duration] => 36.56607
            [Request] => Array
                (
                    [Method] => POST
                    [Headers] => Array
                        (
                            [User-Agent] => WooCommerce/5.1.0 Hookshot (WordPress/5.8.2)
                            [Content-Type] => application/json
                            [X-WC-Webhook-Source] => https://imperialtapeteseinteriores.com.br/
                            [X-WC-Webhook-Topic] => product.updated
                            [X-WC-Webhook-Resource] => product
                            [X-WC-Webhook-Event] => updated
                            [X-WC-Webhook-Signature] => jepW0UTVq1BHILMvfTHoVHrqNLeUI/dL/18yfDnK3zc=
                            [X-WC-Webhook-ID] => 4
                            [X-WC-Webhook-Delivery-ID] => 69cde4ee7ab8bce535adb53887f8265a
                        )

                )

            [Body] => Webhook body is not logged unless WP_DEBUG mode is turned on. This is to avoid the storing of personal data in the logs.
            [Response] => Array
                (
                    [Code] => 200
                    [Message] => OK
                    [Headers] => Requests_Utility_CaseInsensitiveDictionary Object
                        (
                            [data:protected] => Array
                                (
                                    [date] => Sat, 11 Dec 2021 18:40:28 GMT
                                    [content-type] => application/xml
                                    [content-length] => 189
                                    [content-encoding] => gzip
                                    [vary] => Accept-Encoding
                                    [cache-control] => no-cache, public, must-revalidate, max-age=2592000
                                    [cf-cache-status] => DYNAMIC
                                    [expect-ct] => max-age=604800, report-uri="https://report-uri.cloudflare.com/cdn-cgi/beacon/expect-ct"
                                    [server] => cloudflare
                                    [cf-ray] => 6bc0d68c2ef159fe-IAD
                                )

                        )

                    [Body] => Webhook body is not logged unless WP_DEBUG mode is turned on. This is to avoid the storing of personal data in the logs.
                )

        )

)

2021-12-11T18:43:02+00:00 INFO Array
(
    [Webhook Delivery] => Array
        (
            [Delivery ID] => 02f4361d893519614b0f2927450c72ec
            [Date] => 11 de dezembro de 2021 @ 18:43
            [URL] => https://www.bling.com.br/Api/v2/webhook/woocommerce/203702229/orders
            [Duration] => 2.32221
            [Request] => Array
                (
                    [Method] => POST
                    [Headers] => Array
                        (
                            [User-Agent] => WooCommerce/5.1.0 Hookshot (WordPress/5.8.2)
                            [Content-Type] => application/json
                            [X-WC-Webhook-Source] => https://sitemap.imperialtapeteseinteriores.com.br/
                            [X-WC-Webhook-Topic] => order.updated
                            [X-WC-Webhook-Resource] => order
                            [X-WC-Webhook-Event] => updated
                            [X-WC-Webhook-Signature] => Uxii3+cpvljndprG/10su3ZrEvVsj+crhcORsMs0LME=
                            [X-WC-Webhook-ID] => 2
                            [X-WC-Webhook-Delivery-ID] => 02f4361d893519614b0f2927450c72ec
                        )

                )

            [Body] => Webhook body is not logged unless WP_DEBUG mode is turned on. This is to avoid the storing of personal data in the logs.
            [Response] => Array
                (
                    [Code] => 200
                    [Message] => OK
                    [Headers] => Requests_Utility_CaseInsensitiveDictionary Object
                        (
                            [data:protected] => Array
                                (
                                    [date] => Sat, 11 Dec 2021 18:43:02 GMT
                                    [content-type] => application/xml
                                    [content-length] => 179
                                    [content-encoding] => gzip
                                    [vary] => Accept-Encoding
                                    [cache-control] => no-cache, public, must-revalidate, max-age=2592000
                                    [cf-cache-status] => DYNAMIC
                                    [expect-ct] => max-age=604800, report-uri="https://report-uri.cloudflare.com/cdn-cgi/beacon/expect-ct"
                                    [server] => cloudflare
                                    [cf-ray] => 6bc0db2589355c4d-IAD
                                )

                        )

                    [Body] => Webhook body is not logged unless WP_DEBUG mode is turned on. This is to avoid the storing of personal data in the logs.
                )

        )

)

2021-12-11T18:43:38+00:00 INFO Array
(
    [Webhook Delivery] => Array
        (
            [Delivery ID] => e3256bd36df316e6d9db8fc12cb228e7
            [Date] => 11 de dezembro de 2021 @ 18:43
            [URL] => https://www.bling.com.br/Api/v2/webhook/woocommerce/203702229/products
            [Duration] => 36.58643
            [Request] => Array
                (
                    [Method] => POST
                    [Headers] => Array
                        (
                            [User-Agent] => WooCommerce/5.1.0 Hookshot (WordPress/5.8.2)
                            [Content-Type] => application/json
                            [X-WC-Webhook-Source] => https://sitemap.imperialtapeteseinteriores.com.br/
                            [X-WC-Webhook-Topic] => product.updated
                            [X-WC-Webhook-Resource] => product
                            [X-WC-Webhook-Event] => updated
                            [X-WC-Webhook-Signature] => Jwm3WSN52ktxdb2j5FrOnqwuPSlakoUtrIbcMg6njnE=
                            [X-WC-Webhook-ID] => 4
                            [X-WC-Webhook-Delivery-ID] => e3256bd36df316e6d9db8fc12cb228e7
                        )

                )

            [Body] => Webhook body is not logged unless WP_DEBUG mode is turned on. This is to avoid the storing of personal data in the logs.
            [Response] => Array
                (
                    [Code] => 200
                    [Message] => OK
                    [Headers] => Requests_Utility_CaseInsensitiveDictionary Object
                        (
                            [data:protected] => Array
                                (
                                    [date] => Sat, 11 Dec 2021 18:43:38 GMT
                                    [content-type] => application/xml
                                    [content-length] => 189
                                    [content-encoding] => gzip
                                    [vary] => Accept-Encoding
                                    [cache-control] => no-cache, public, must-revalidate, max-age=2592000
                                    [cf-cache-status] => DYNAMIC
                                    [expect-ct] => max-age=604800, report-uri="https://report-uri.cloudflare.com/cdn-cgi/beacon/expect-ct"
                                    [server] => cloudflare
                                    [cf-ray] => 6bc0db332cfc82aa-IAD
                                )

                        )

                    [Body] => Webhook body is not logged unless WP_DEBUG mode is turned on. This is to avoid the storing of personal data in the logs.
                )

        )

)

2021-12-11T22:16:19+00:00 INFO Array
(
    [Webhook Delivery] => Array
        (
            [Delivery ID] => 73f98af0e8192ae4a6543460d6130bc1
            [Date] => 11 de dezembro de 2021 @ 22:16
            [URL] => https://www.bling.com.br/Api/v2/webhook/woocommerce/203702229/orders
            [Duration] => 6.39703
            [Request] => Array
                (
                    [Method] => POST
                    [Headers] => Array
                        (
                            [User-Agent] => WooCommerce/5.1.0 Hookshot (WordPress/5.8.2)
                            [Content-Type] => application/json
                            [X-WC-Webhook-Source] => https://imperialtapeteseinteriores.com.br/
                            [X-WC-Webhook-Topic] => order.created
                            [X-WC-Webhook-Resource] => order
                            [X-WC-Webhook-Event] => created
                            [X-WC-Webhook-Signature] => gwTGyVFGTEBeu9KKc9oWfYBqy5TrUNp8mcjX2Sf2+Ws=
                            [X-WC-Webhook-ID] => 1
                            [X-WC-Webhook-Delivery-ID] => 73f98af0e8192ae4a6543460d6130bc1
                        )

                )

            [Body] => Webhook body is not logged unless WP_DEBUG mode is turned on. This is to avoid the storing of personal data in the logs.
            [Response] => Array
                (
                    [Code] => 200
                    [Message] => OK
                    [Headers] => Requests_Utility_CaseInsensitiveDictionary Object
                        (
                            [data:protected] => Array
                                (
                                    [date] => Sat, 11 Dec 2021 22:16:19 GMT
                                    [content-type] => application/xml
                                    [content-length] => 179
                                    [content-encoding] => gzip
                                    [vary] => Accept-Encoding
                                    [cache-control] => no-cache, public, must-revalidate, max-age=2592000
                                    [cf-cache-status] => DYNAMIC
                                    [expect-ct] => max-age=604800, report-uri="https://report-uri.cloudflare.com/cdn-cgi/beacon/expect-ct"
                                    [server] => cloudflare
                                    [cf-ray] => 6bc2137e295937ff-IAD
                                )

                        )

                    [Body] => Webhook body is not logged unless WP_DEBUG mode is turned on. This is to avoid the storing of personal data in the logs.
                )

        )

)

2021-12-11T22:16:20+00:00 INFO Array
(
    [Webhook Delivery] => Array
        (
            [Delivery ID] => 122a12c003fb52472cbb86a447ec12de
            [Date] => 11 de dezembro de 2021 @ 22:16
            [URL] => https://www.bling.com.br/Api/v2/webhook/woocommerce/203702229/orders
            [Duration] => 0.26914
            [Request] => Array
                (
                    [Method] => POST
                    [Headers] => Array
                        (
                            [User-Agent] => WooCommerce/5.1.0 Hookshot (WordPress/5.8.2)
                            [Content-Type] => application/json
                            [X-WC-Webhook-Source] => https://imperialtapeteseinteriores.com.br/
                            [X-WC-Webhook-Topic] => order.updated
                            [X-WC-Webhook-Resource] => order
                            [X-WC-Webhook-Event] => updated
                            [X-WC-Webhook-Signature] => GPtczqPCebism+o685lkstwjCkxCTKFQtGHcq0VNgMI=
                            [X-WC-Webhook-ID] => 2
                            [X-WC-Webhook-Delivery-ID] => 122a12c003fb52472cbb86a447ec12de
                        )

                )

            [Body] => Webhook body is not logged unless WP_DEBUG mode is turned on. This is to avoid the storing of personal data in the logs.
            [Response] => Array
                (
                    [Code] => 200
                    [Message] => OK
                    [Headers] => Requests_Utility_CaseInsensitiveDictionary Object
                        (
                            [data:protected] => Array
                                (
                                    [date] => Sat, 11 Dec 2021 22:16:20 GMT
                                    [content-type] => application/xml
                                    [content-length] => 177
                                    [content-encoding] => gzip
                                    [vary] => Accept-Encoding
                                    [cache-control] => no-cache, public, must-revalidate, max-age=2592000
                                    [cf-cache-status] => DYNAMIC
                                    [expect-ct] => max-age=604800, report-uri="https://report-uri.cloudflare.com/cdn-cgi/beacon/expect-ct"
                                    [content-security-policy-report-only] => script-src 'none'; report-uri /cdn-cgi/script_monitor/report?m=D1qzF2jyRKoYOb7tzCOJ8yHCHETc75zhQ_0NvnTzu5k-1639260980-0-Adq5N8Q5Bi5P5C_1MIqqk_SK46Oj4NB8-7cccKZZZAfOUSxl3ew_14byQqNc7pbwCg
                                    [server] => cloudflare
                                    [cf-ray] => 6bc213a4de815b46-IAD
                                )

                        )

                    [Body] => Webhook body is not logged unless WP_DEBUG mode is turned on. This is to avoid the storing of personal data in the logs.
                )

        )

)

2021-12-11T22:17:19+00:00 INFO Array
(
    [Webhook Delivery] => Array
        (
            [Delivery ID] => a30a923896d474f222045f919a75d104
            [Date] => 11 de dezembro de 2021 @ 22:17
            [URL] => https://www.bling.com.br/Api/v2/webhook/woocommerce/203702229/products
            [Duration] => 59.31243
            [Request] => Array
                (
                    [Method] => POST
                    [Headers] => Array
                        (
                            [User-Agent] => WooCommerce/5.1.0 Hookshot (WordPress/5.8.2)
                            [Content-Type] => application/json
                            [X-WC-Webhook-Source] => https://imperialtapeteseinteriores.com.br/
                            [X-WC-Webhook-Topic] => product.updated
                            [X-WC-Webhook-Resource] => product
                            [X-WC-Webhook-Event] => updated
                            [X-WC-Webhook-Signature] => /03JFtsgywmLavNpJ87mluGpPPBzNVwUV/KNYQzsYDQ=
                            [X-WC-Webhook-ID] => 4
                            [X-WC-Webhook-Delivery-ID] => a30a923896d474f222045f919a75d104
                        )

                )

            [Body] => Webhook body is not logged unless WP_DEBUG mode is turned on. This is to avoid the storing of personal data in the logs.
            [Response] => Array
                (
                    [Code] => 200
                    [Message] => OK
                    [Headers] => Requests_Utility_CaseInsensitiveDictionary Object
                        (
                            [data:protected] => Array
                                (
                                    [date] => Sat, 11 Dec 2021 22:17:19 GMT
                                    [content-type] => application/xml
                                    [content-length] => 197
                                    [content-encoding] => gzip
                                    [vary] => Accept-Encoding
                                    [cache-control] => no-cache, public, must-revalidate, max-age=2592000
                                    [cf-cache-status] => DYNAMIC
                                    [expect-ct] => max-age=604800, report-uri="https://report-uri.cloudflare.com/cdn-cgi/beacon/expect-ct"
                                    [content-security-policy-report-only] => script-src 'none'; report-uri /cdn-cgi/script_monitor/report?m=MsXzgkh_QnnDVFsUfnMwnWzl2BjctsWdW2nDAUGCxEI-1639261039-0-ARj5x4_tImNv5b1h11UP_04VqyNDZs9wWVAvgvfEoIvtP_ObdBthdhuEs_QEZf5viA
                                    [server] => cloudflare
                                    [cf-ray] => 6bc213a6ed0757e8-IAD
                                )

                        )

                    [Body] => Webhook body is not logged unless WP_DEBUG mode is turned on. This is to avoid the storing of personal data in the logs.
                )

        )

)

