2022-02-20T10:32:01+00:00 INFO Array
(
    [Webhook Delivery] => Array
        (
            [Delivery ID] => 9fa8df7d63d7d70c3d6c52094f4a82ea
            [Date] => 20 de fevereiro de 2022 @ 10:32
            [URL] => https://www.bling.com.br/Api/v2/webhook/woocommerce/203702229/orders
            [Duration] => 4.59502
            [Request] => Array
                (
                    [Method] => POST
                    [Headers] => Array
                        (
                            [User-Agent] => WooCommerce/5.1.0 Hookshot (WordPress/5.9)
                            [Content-Type] => application/json
                            [X-WC-Webhook-Source] => https://imperialtapeteseinteriores.com.br/
                            [X-WC-Webhook-Topic] => order.updated
                            [X-WC-Webhook-Resource] => order
                            [X-WC-Webhook-Event] => updated
                            [X-WC-Webhook-Signature] => X69DQBsyl0wCecjlGZxzv44p4FrxWa19dZaKCs91YNw=
                            [X-WC-Webhook-ID] => 2
                            [X-WC-Webhook-Delivery-ID] => 9fa8df7d63d7d70c3d6c52094f4a82ea
                        )

                )

            [Body] => Webhook body is not logged unless WP_DEBUG mode is turned on. This is to avoid the storing of personal data in the logs.
            [Response] => Array
                (
                    [Code] => 200
                    [Message] => OK
                    [Headers] => Requests_Utility_CaseInsensitiveDictionary Object
                        (
                            [data:protected] => Array
                                (
                                    [date] => Sun, 20 Feb 2022 10:32:01 GMT
                                    [content-type] => application/xml
                                    [content-length] => 177
                                    [content-encoding] => gzip
                                    [vary] => Accept-Encoding
                                    [cache-control] => no-cache, public, must-revalidate, max-age=2592000
                                    [cf-cache-status] => DYNAMIC
                                    [expect-ct] => max-age=604800, report-uri="https://report-uri.cloudflare.com/cdn-cgi/beacon/expect-ct"
                                    [content-security-policy-report-only] => script-src 'none'; report-uri https://csp-reporting.cloudflare.com/cdn-cgi/script_monitor/report?m=hJVtX2SShSJGB2aFDJi3X66pKNyhocukQuU7m72qb_o-1645353121-0-AUU__cxFETxne3ofyHKxKup0Q-DfpBBgG9CtTe5KljOxLB7gg1nsJ2E5DluYqedv3pRic4yCcvMqFWHkxCxVpoY
                                    [server] => cloudflare
                                    [cf-ray] => 6e07117769788000-IAD
                                )

                        )

                    [Body] => Webhook body is not logged unless WP_DEBUG mode is turned on. This is to avoid the storing of personal data in the logs.
                )

        )

)

2022-02-20T19:45:00+00:00 INFO Array
(
    [Webhook Delivery] => Array
        (
            [Delivery ID] => 09f4f25e1861b9b180dac70d8075b017
            [Date] => 20 de fevereiro de 2022 @ 19:45
            [URL] => https://www.bling.com.br/Api/v2/webhook/woocommerce/203702229/orders
            [Duration] => 7.28932
            [Request] => Array
                (
                    [Method] => POST
                    [Headers] => Array
                        (
                            [User-Agent] => WooCommerce/5.1.0 Hookshot (WordPress/5.9)
                            [Content-Type] => application/json
                            [X-WC-Webhook-Source] => https://imperialtapeteseinteriores.com.br/
                            [X-WC-Webhook-Topic] => order.created
                            [X-WC-Webhook-Resource] => order
                            [X-WC-Webhook-Event] => created
                            [X-WC-Webhook-Signature] => Ze/CM/9DF0YXjPfi4frQbC7PrntDe+s1Q9RV2bUSAyg=
                            [X-WC-Webhook-ID] => 1
                            [X-WC-Webhook-Delivery-ID] => 09f4f25e1861b9b180dac70d8075b017
                        )

                )

            [Body] => Webhook body is not logged unless WP_DEBUG mode is turned on. This is to avoid the storing of personal data in the logs.
            [Response] => Array
                (
                    [Code] => 200
                    [Message] => OK
                    [Headers] => Requests_Utility_CaseInsensitiveDictionary Object
                        (
                            [data:protected] => Array
                                (
                                    [date] => Sun, 20 Feb 2022 19:45:00 GMT
                                    [content-type] => application/xml
                                    [content-length] => 179
                                    [content-encoding] => gzip
                                    [vary] => Accept-Encoding
                                    [cache-control] => no-cache, public, must-revalidate, max-age=2592000
                                    [cf-cache-status] => DYNAMIC
                                    [expect-ct] => max-age=604800, report-uri="https://report-uri.cloudflare.com/cdn-cgi/beacon/expect-ct"
                                    [server] => cloudflare
                                    [cf-ray] => 6e0a3b700f8681d6-IAD
                                )

                        )

                    [Body] => Webhook body is not logged unless WP_DEBUG mode is turned on. This is to avoid the storing of personal data in the logs.
                )

        )

)

2022-02-20T19:45:05+00:00 INFO Array
(
    [Webhook Delivery] => Array
        (
            [Delivery ID] => 1d16814fda00e9552cd4ac156f08e3aa
            [Date] => 20 de fevereiro de 2022 @ 19:45
            [URL] => https://www.bling.com.br/Api/v2/webhook/woocommerce/203702229/orders
            [Duration] => 4.45084
            [Request] => Array
                (
                    [Method] => POST
                    [Headers] => Array
                        (
                            [User-Agent] => WooCommerce/5.1.0 Hookshot (WordPress/5.9)
                            [Content-Type] => application/json
                            [X-WC-Webhook-Source] => https://imperialtapeteseinteriores.com.br/
                            [X-WC-Webhook-Topic] => order.updated
                            [X-WC-Webhook-Resource] => order
                            [X-WC-Webhook-Event] => updated
                            [X-WC-Webhook-Signature] => n0xD0nt4TG+8evQtkT/NNJ3GmWiheOwkMDybF14JYrk=
                            [X-WC-Webhook-ID] => 2
                            [X-WC-Webhook-Delivery-ID] => 1d16814fda00e9552cd4ac156f08e3aa
                        )

                )

            [Body] => Webhook body is not logged unless WP_DEBUG mode is turned on. This is to avoid the storing of personal data in the logs.
            [Response] => Array
                (
                    [Code] => 200
                    [Message] => OK
                    [Headers] => Requests_Utility_CaseInsensitiveDictionary Object
                        (
                            [data:protected] => Array
                                (
                                    [date] => Sun, 20 Feb 2022 19:45:05 GMT
                                    [content-type] => application/xml
                                    [content-length] => 180
                                    [content-encoding] => gzip
                                    [vary] => Accept-Encoding
                                    [cache-control] => no-cache, public, must-revalidate, max-age=2592000
                                    [cf-cache-status] => DYNAMIC
                                    [expect-ct] => max-age=604800, report-uri="https://report-uri.cloudflare.com/cdn-cgi/beacon/expect-ct"
                                    [server] => cloudflare
                                    [cf-ray] => 6e0a3b9c1e315a93-IAD
                                )

                        )

                    [Body] => Webhook body is not logged unless WP_DEBUG mode is turned on. This is to avoid the storing of personal data in the logs.
                )

        )

)

2022-02-20T19:45:05+00:00 INFO Array
(
    [Webhook Delivery] => Array
        (
            [Delivery ID] => c5e6f358d0ae69803f848a0a60724250
            [Date] => 20 de fevereiro de 2022 @ 19:45
            [URL] => https://www.bling.com.br/Api/v2/webhook/woocommerce/203702229/products
            [Duration] => 0.41876
            [Request] => Array
                (
                    [Method] => POST
                    [Headers] => Array
                        (
                            [User-Agent] => WooCommerce/5.1.0 Hookshot (WordPress/5.9)
                            [Content-Type] => application/json
                            [X-WC-Webhook-Source] => https://imperialtapeteseinteriores.com.br/
                            [X-WC-Webhook-Topic] => product.updated
                            [X-WC-Webhook-Resource] => product
                            [X-WC-Webhook-Event] => updated
                            [X-WC-Webhook-Signature] => lhSvggbBfm3Z1XQoFmL7yatBS2YLLbaHk/4uTAH97iI=
                            [X-WC-Webhook-ID] => 4
                            [X-WC-Webhook-Delivery-ID] => c5e6f358d0ae69803f848a0a60724250
                        )

                )

            [Body] => Webhook body is not logged unless WP_DEBUG mode is turned on. This is to avoid the storing of personal data in the logs.
            [Response] => Array
                (
                    [Code] => 200
                    [Message] => OK
                    [Headers] => Requests_Utility_CaseInsensitiveDictionary Object
                        (
                            [data:protected] => Array
                                (
                                    [date] => Sun, 20 Feb 2022 19:45:05 GMT
                                    [content-type] => application/xml
                                    [content-length] => 194
                                    [content-encoding] => gzip
                                    [vary] => Accept-Encoding
                                    [cache-control] => no-cache, public, must-revalidate, max-age=2592000
                                    [cf-cache-status] => DYNAMIC
                                    [expect-ct] => max-age=604800, report-uri="https://report-uri.cloudflare.com/cdn-cgi/beacon/expect-ct"
                                    [server] => cloudflare
                                    [cf-ray] => 6e0a3bb83b8e59df-IAD
                                )

                        )

                    [Body] => Webhook body is not logged unless WP_DEBUG mode is turned on. This is to avoid the storing of personal data in the logs.
                )

        )

)

2022-02-20T19:45:06+00:00 INFO Array
(
    [Webhook Delivery] => Array
        (
            [Delivery ID] => c5e6f358d0ae69803f848a0a60724250
            [Date] => 20 de fevereiro de 2022 @ 19:45
            [URL] => https://www.bling.com.br/Api/v2/webhook/woocommerce/203702229/products
            [Duration] => 0.37388
            [Request] => Array
                (
                    [Method] => POST
                    [Headers] => Array
                        (
                            [User-Agent] => WooCommerce/5.1.0 Hookshot (WordPress/5.9)
                            [Content-Type] => application/json
                            [X-WC-Webhook-Source] => https://imperialtapeteseinteriores.com.br/
                            [X-WC-Webhook-Topic] => product.updated
                            [X-WC-Webhook-Resource] => product
                            [X-WC-Webhook-Event] => updated
                            [X-WC-Webhook-Signature] => L6LJev5yx5La7LR7cYkq9Y+xU+Mh7CMUKQkcZZKkudE=
                            [X-WC-Webhook-ID] => 4
                            [X-WC-Webhook-Delivery-ID] => c5e6f358d0ae69803f848a0a60724250
                        )

                )

            [Body] => Webhook body is not logged unless WP_DEBUG mode is turned on. This is to avoid the storing of personal data in the logs.
            [Response] => Array
                (
                    [Code] => 200
                    [Message] => OK
                    [Headers] => Requests_Utility_CaseInsensitiveDictionary Object
                        (
                            [data:protected] => Array
                                (
                                    [date] => Sun, 20 Feb 2022 19:45:06 GMT
                                    [content-type] => application/xml
                                    [content-length] => 216
                                    [content-encoding] => gzip
                                    [vary] => Accept-Encoding
                                    [cache-control] => no-cache, public, must-revalidate, max-age=2592000
                                    [cf-cache-status] => DYNAMIC
                                    [expect-ct] => max-age=604800, report-uri="https://report-uri.cloudflare.com/cdn-cgi/beacon/expect-ct"
                                    [server] => cloudflare
                                    [cf-ray] => 6e0a3bbb3b875a63-IAD
                                )

                        )

                    [Body] => Webhook body is not logged unless WP_DEBUG mode is turned on. This is to avoid the storing of personal data in the logs.
                )

        )

)

2022-02-20T19:59:56+00:00 INFO Array
(
    [Webhook Delivery] => Array
        (
            [Delivery ID] => 45ea3491d3ea1517af98b99bf927fb36
            [Date] => 20 de fevereiro de 2022 @ 19:59
            [URL] => https://www.bling.com.br/Api/v2/webhook/woocommerce/203702229/orders
            [Duration] => 5.25124
            [Request] => Array
                (
                    [Method] => POST
                    [Headers] => Array
                        (
                            [User-Agent] => WooCommerce/5.1.0 Hookshot (WordPress/5.9)
                            [Content-Type] => application/json
                            [X-WC-Webhook-Source] => https://imperialtapeteseinteriores.com.br/
                            [X-WC-Webhook-Topic] => order.created
                            [X-WC-Webhook-Resource] => order
                            [X-WC-Webhook-Event] => created
                            [X-WC-Webhook-Signature] => Bvdg1of2kTTvCtdJNNb8uyjDO+wHLabEe9I+8Pizj9Y=
                            [X-WC-Webhook-ID] => 1
                            [X-WC-Webhook-Delivery-ID] => 45ea3491d3ea1517af98b99bf927fb36
                        )

                )

            [Body] => Webhook body is not logged unless WP_DEBUG mode is turned on. This is to avoid the storing of personal data in the logs.
            [Response] => Array
                (
                    [Code] => 200
                    [Message] => OK
                    [Headers] => Requests_Utility_CaseInsensitiveDictionary Object
                        (
                            [data:protected] => Array
                                (
                                    [date] => Sun, 20 Feb 2022 19:59:56 GMT
                                    [content-type] => application/xml
                                    [content-length] => 180
                                    [content-encoding] => gzip
                                    [vary] => Accept-Encoding
                                    [cache-control] => no-cache, public, must-revalidate, max-age=2592000
                                    [cf-cache-status] => DYNAMIC
                                    [expect-ct] => max-age=604800, report-uri="https://report-uri.cloudflare.com/cdn-cgi/beacon/expect-ct"
                                    [server] => cloudflare
                                    [cf-ray] => 6e0a515d88da381e-IAD
                                )

                        )

                    [Body] => Webhook body is not logged unless WP_DEBUG mode is turned on. This is to avoid the storing of personal data in the logs.
                )

        )

)

2022-02-20T20:00:01+00:00 INFO Array
(
    [Webhook Delivery] => Array
        (
            [Delivery ID] => 49928ec15affc072622087da041a98b0
            [Date] => 20 de fevereiro de 2022 @ 20:00
            [URL] => https://www.bling.com.br/Api/v2/webhook/woocommerce/203702229/orders
            [Duration] => 5.14515
            [Request] => Array
                (
                    [Method] => POST
                    [Headers] => Array
                        (
                            [User-Agent] => WooCommerce/5.1.0 Hookshot (WordPress/5.9)
                            [Content-Type] => application/json
                            [X-WC-Webhook-Source] => https://imperialtapeteseinteriores.com.br/
                            [X-WC-Webhook-Topic] => order.updated
                            [X-WC-Webhook-Resource] => order
                            [X-WC-Webhook-Event] => updated
                            [X-WC-Webhook-Signature] => drsvHtejq+pLtnVAlHKPtaAQPz9qZDQKxu4p5yC45ZA=
                            [X-WC-Webhook-ID] => 2
                            [X-WC-Webhook-Delivery-ID] => 49928ec15affc072622087da041a98b0
                        )

                )

            [Body] => Webhook body is not logged unless WP_DEBUG mode is turned on. This is to avoid the storing of personal data in the logs.
            [Response] => Array
                (
                    [Code] => 200
                    [Message] => OK
                    [Headers] => Requests_Utility_CaseInsensitiveDictionary Object
                        (
                            [data:protected] => Array
                                (
                                    [date] => Sun, 20 Feb 2022 20:00:01 GMT
                                    [content-type] => application/xml
                                    [content-length] => 180
                                    [content-encoding] => gzip
                                    [vary] => Accept-Encoding
                                    [cache-control] => no-cache, public, must-revalidate, max-age=2592000
                                    [cf-cache-status] => DYNAMIC
                                    [expect-ct] => max-age=604800, report-uri="https://report-uri.cloudflare.com/cdn-cgi/beacon/expect-ct"
                                    [server] => cloudflare
                                    [cf-ray] => 6e0a517b5e3d5cd7-IAD
                                )

                        )

                    [Body] => Webhook body is not logged unless WP_DEBUG mode is turned on. This is to avoid the storing of personal data in the logs.
                )

        )

)

2022-02-20T20:00:02+00:00 INFO Array
(
    [Webhook Delivery] => Array
        (
            [Delivery ID] => c058d791730aba636549a420e4b9233d
            [Date] => 20 de fevereiro de 2022 @ 20:00
            [URL] => https://www.bling.com.br/Api/v2/webhook/woocommerce/203702229/products
            [Duration] => 0.37027
            [Request] => Array
                (
                    [Method] => POST
                    [Headers] => Array
                        (
                            [User-Agent] => WooCommerce/5.1.0 Hookshot (WordPress/5.9)
                            [Content-Type] => application/json
                            [X-WC-Webhook-Source] => https://imperialtapeteseinteriores.com.br/
                            [X-WC-Webhook-Topic] => product.updated
                            [X-WC-Webhook-Resource] => product
                            [X-WC-Webhook-Event] => updated
                            [X-WC-Webhook-Signature] => RSAdixZ0jMdCXUR/sYveOCbVPYiCQPbrMJnbDjD4YeI=
                            [X-WC-Webhook-ID] => 4
                            [X-WC-Webhook-Delivery-ID] => c058d791730aba636549a420e4b9233d
                        )

                )

            [Body] => Webhook body is not logged unless WP_DEBUG mode is turned on. This is to avoid the storing of personal data in the logs.
            [Response] => Array
                (
                    [Code] => 200
                    [Message] => OK
                    [Headers] => Requests_Utility_CaseInsensitiveDictionary Object
                        (
                            [data:protected] => Array
                                (
                                    [date] => Sun, 20 Feb 2022 20:00:02 GMT
                                    [content-type] => application/xml
                                    [content-length] => 191
                                    [content-encoding] => gzip
                                    [vary] => Accept-Encoding
                                    [cache-control] => no-cache, public, must-revalidate, max-age=2592000
                                    [cf-cache-status] => DYNAMIC
                                    [expect-ct] => max-age=604800, report-uri="https://report-uri.cloudflare.com/cdn-cgi/beacon/expect-ct"
                                    [server] => cloudflare
                                    [cf-ray] => 6e0a519c9c3881af-IAD
                                )

                        )

                    [Body] => Webhook body is not logged unless WP_DEBUG mode is turned on. This is to avoid the storing of personal data in the logs.
                )

        )

)

2022-02-20T20:09:00+00:00 INFO Array
(
    [Webhook Delivery] => Array
        (
            [Delivery ID] => 51912087b83dbd561d39e19c2c4fcab4
            [Date] => 20 de fevereiro de 2022 @ 20:09
            [URL] => https://www.bling.com.br/Api/v2/webhook/woocommerce/203702229/orders
            [Duration] => 6.99781
            [Request] => Array
                (
                    [Method] => POST
                    [Headers] => Array
                        (
                            [User-Agent] => WooCommerce/5.1.0 Hookshot (WordPress/5.9)
                            [Content-Type] => application/json
                            [X-WC-Webhook-Source] => https://imperialtapeteseinteriores.com.br/
                            [X-WC-Webhook-Topic] => order.updated
                            [X-WC-Webhook-Resource] => order
                            [X-WC-Webhook-Event] => updated
                            [X-WC-Webhook-Signature] => YXoVCX91sS0FrLhpImYTletxRBZohWYCXLNOvHVr8E0=
                            [X-WC-Webhook-ID] => 2
                            [X-WC-Webhook-Delivery-ID] => 51912087b83dbd561d39e19c2c4fcab4
                        )

                )

            [Body] => Webhook body is not logged unless WP_DEBUG mode is turned on. This is to avoid the storing of personal data in the logs.
            [Response] => Array
                (
                    [Code] => 200
                    [Message] => OK
                    [Headers] => Requests_Utility_CaseInsensitiveDictionary Object
                        (
                            [data:protected] => Array
                                (
                                    [date] => Sun, 20 Feb 2022 20:09:00 GMT
                                    [content-type] => application/xml
                                    [content-length] => 179
                                    [content-encoding] => gzip
                                    [vary] => Accept-Encoding
                                    [cache-control] => no-cache, public, must-revalidate, max-age=2592000
                                    [cf-cache-status] => DYNAMIC
                                    [expect-ct] => max-age=604800, report-uri="https://report-uri.cloudflare.com/cdn-cgi/beacon/expect-ct"
                                    [server] => cloudflare
                                    [cf-ray] => 6e0a5e951da181b8-IAD
                                )

                        )

                    [Body] => Webhook body is not logged unless WP_DEBUG mode is turned on. This is to avoid the storing of personal data in the logs.
                )

        )

)

2022-02-20T20:09:00+00:00 INFO Array
(
    [Webhook Delivery] => Array
        (
            [Delivery ID] => b698b43b416aa909e43d0756722def7d
            [Date] => 20 de fevereiro de 2022 @ 20:09
            [URL] => https://www.bling.com.br/Api/v2/webhook/woocommerce/203702229/products
            [Duration] => 0.32362
            [Request] => Array
                (
                    [Method] => POST
                    [Headers] => Array
                        (
                            [User-Agent] => WooCommerce/5.1.0 Hookshot (WordPress/5.9)
                            [Content-Type] => application/json
                            [X-WC-Webhook-Source] => https://imperialtapeteseinteriores.com.br/
                            [X-WC-Webhook-Topic] => product.updated
                            [X-WC-Webhook-Resource] => product
                            [X-WC-Webhook-Event] => updated
                            [X-WC-Webhook-Signature] => Xci7ur5VTvyPqMk+GBkSfvWvK+mDVO+RV26jHsGJ5PI=
                            [X-WC-Webhook-ID] => 4
                            [X-WC-Webhook-Delivery-ID] => b698b43b416aa909e43d0756722def7d
                        )

                )

            [Body] => Webhook body is not logged unless WP_DEBUG mode is turned on. This is to avoid the storing of personal data in the logs.
            [Response] => Array
                (
                    [Code] => 200
                    [Message] => OK
                    [Headers] => Requests_Utility_CaseInsensitiveDictionary Object
                        (
                            [data:protected] => Array
                                (
                                    [date] => Sun, 20 Feb 2022 20:09:00 GMT
                                    [content-type] => application/xml
                                    [content-length] => 191
                                    [content-encoding] => gzip
                                    [vary] => Accept-Encoding
                                    [cache-control] => no-cache, public, must-revalidate, max-age=2592000
                                    [cf-cache-status] => DYNAMIC
                                    [expect-ct] => max-age=604800, report-uri="https://report-uri.cloudflare.com/cdn-cgi/beacon/expect-ct"
                                    [server] => cloudflare
                                    [cf-ray] => 6e0a5ec059a657cc-IAD
                                )

                        )

                    [Body] => Webhook body is not logged unless WP_DEBUG mode is turned on. This is to avoid the storing of personal data in the logs.
                )

        )

)

2022-02-20T23:28:32+00:00 INFO Array
(
    [Webhook Delivery] => Array
        (
            [Delivery ID] => 7e6e664c3b0ee5ce04206f2616416822
            [Date] => 20 de fevereiro de 2022 @ 23:28
            [URL] => https://www.bling.com.br/Api/v2/webhook/woocommerce/203702229/products
            [Duration] => 0.7938
            [Request] => Array
                (
                    [Method] => POST
                    [Headers] => Array
                        (
                            [User-Agent] => WooCommerce/5.1.0 Hookshot (WordPress/5.9)
                            [Content-Type] => application/json
                            [X-WC-Webhook-Source] => https://imperialtapeteseinteriores.com.br/
                            [X-WC-Webhook-Topic] => product.created
                            [X-WC-Webhook-Resource] => product
                            [X-WC-Webhook-Event] => created
                            [X-WC-Webhook-Signature] => 53xRXSfPFDCdN2z7b5uIoiHWncHyQpPbfH8VUHQw1iI=
                            [X-WC-Webhook-ID] => 3
                            [X-WC-Webhook-Delivery-ID] => 7e6e664c3b0ee5ce04206f2616416822
                        )

                )

            [Body] => Webhook body is not logged unless WP_DEBUG mode is turned on. This is to avoid the storing of personal data in the logs.
            [Response] => Array
                (
                    [Code] => 200
                    [Message] => OK
                    [Headers] => Requests_Utility_CaseInsensitiveDictionary Object
                        (
                            [data:protected] => Array
                                (
                                    [date] => Sun, 20 Feb 2022 23:28:32 GMT
                                    [content-type] => application/xml
                                    [content-length] => 212
                                    [content-encoding] => gzip
                                    [vary] => Accept-Encoding
                                    [cache-control] => no-cache, public, must-revalidate, max-age=2592000
                                    [cf-cache-status] => DYNAMIC
                                    [expect-ct] => max-age=604800, report-uri="https://report-uri.cloudflare.com/cdn-cgi/beacon/expect-ct"
                                    [server] => cloudflare
                                    [cf-ray] => 6e0b830a9a965aec-IAD
                                )

                        )

                    [Body] => Webhook body is not logged unless WP_DEBUG mode is turned on. This is to avoid the storing of personal data in the logs.
                )

        )

)

2022-02-20T23:33:36+00:00 INFO Array
(
    [Webhook Delivery] => Array
        (
            [Delivery ID] => 7da91902bd59305d33933fd8718060c6
            [Date] => 20 de fevereiro de 2022 @ 23:33
            [URL] => https://www.bling.com.br/Api/v2/webhook/woocommerce/203702229/products
            [Duration] => 0.98337
            [Request] => Array
                (
                    [Method] => POST
                    [Headers] => Array
                        (
                            [User-Agent] => WooCommerce/5.1.0 Hookshot (WordPress/5.9)
                            [Content-Type] => application/json
                            [X-WC-Webhook-Source] => https://imperialtapeteseinteriores.com.br/
                            [X-WC-Webhook-Topic] => product.updated
                            [X-WC-Webhook-Resource] => product
                            [X-WC-Webhook-Event] => updated
                            [X-WC-Webhook-Signature] => sw0H/89UKNk2F5qNrJL74eq79/jokFE9ZbnA69bDOYI=
                            [X-WC-Webhook-ID] => 4
                            [X-WC-Webhook-Delivery-ID] => 7da91902bd59305d33933fd8718060c6
                        )

                )

            [Body] => Webhook body is not logged unless WP_DEBUG mode is turned on. This is to avoid the storing of personal data in the logs.
            [Response] => Array
                (
                    [Code] => 200
                    [Message] => OK
                    [Headers] => Requests_Utility_CaseInsensitiveDictionary Object
                        (
                            [data:protected] => Array
                                (
                                    [date] => Sun, 20 Feb 2022 23:33:36 GMT
                                    [content-type] => application/xml
                                    [content-length] => 178
                                    [content-encoding] => gzip
                                    [vary] => Accept-Encoding
                                    [cache-control] => no-cache, public, must-revalidate, max-age=2592000
                                    [cf-cache-status] => DYNAMIC
                                    [expect-ct] => max-age=604800, report-uri="https://report-uri.cloudflare.com/cdn-cgi/beacon/expect-ct"
                                    [server] => cloudflare
                                    [cf-ray] => 6e0b8a729b628012-IAD
                                )

                        )

                    [Body] => Webhook body is not logged unless WP_DEBUG mode is turned on. This is to avoid the storing of personal data in the logs.
                )

        )

)

2022-02-20T23:33:36+00:00 INFO Array
(
    [Webhook Delivery] => Array
        (
            [Delivery ID] => fafac55480f997caec5dc173b2881885
            [Date] => 20 de fevereiro de 2022 @ 23:33
            [URL] => https://www.bling.com.br/Api/v2/webhook/woocommerce/203702229/products
            [Duration] => 0.32908
            [Request] => Array
                (
                    [Method] => POST
                    [Headers] => Array
                        (
                            [User-Agent] => WooCommerce/5.1.0 Hookshot (WordPress/5.9)
                            [Content-Type] => application/json
                            [X-WC-Webhook-Source] => https://imperialtapeteseinteriores.com.br/
                            [X-WC-Webhook-Topic] => product.created
                            [X-WC-Webhook-Resource] => product
                            [X-WC-Webhook-Event] => created
                            [X-WC-Webhook-Signature] => g7XJ5fvFaFwy6qML1aP6nQnz6AAZ2qrLKSasSi2ioEU=
                            [X-WC-Webhook-ID] => 3
                            [X-WC-Webhook-Delivery-ID] => fafac55480f997caec5dc173b2881885
                        )

                )

            [Body] => Webhook body is not logged unless WP_DEBUG mode is turned on. This is to avoid the storing of personal data in the logs.
            [Response] => Array
                (
                    [Code] => 200
                    [Message] => OK
                    [Headers] => Requests_Utility_CaseInsensitiveDictionary Object
                        (
                            [data:protected] => Array
                                (
                                    [date] => Sun, 20 Feb 2022 23:33:36 GMT
                                    [content-type] => application/xml
                                    [content-length] => 212
                                    [content-encoding] => gzip
                                    [vary] => Accept-Encoding
                                    [cache-control] => no-cache, public, must-revalidate, max-age=2592000
                                    [cf-cache-status] => DYNAMIC
                                    [expect-ct] => max-age=604800, report-uri="https://report-uri.cloudflare.com/cdn-cgi/beacon/expect-ct"
                                    [server] => cloudflare
                                    [cf-ray] => 6e0b8a755d4b82c0-IAD
                                )

                        )

                    [Body] => Webhook body is not logged unless WP_DEBUG mode is turned on. This is to avoid the storing of personal data in the logs.
                )

        )

)

2022-02-20T23:33:36+00:00 INFO Array
(
    [Webhook Delivery] => Array
        (
            [Delivery ID] => fafac55480f997caec5dc173b2881885
            [Date] => 20 de fevereiro de 2022 @ 23:33
            [URL] => https://www.bling.com.br/Api/v2/webhook/woocommerce/203702229/products
            [Duration] => 0.31744
            [Request] => Array
                (
                    [Method] => POST
                    [Headers] => Array
                        (
                            [User-Agent] => WooCommerce/5.1.0 Hookshot (WordPress/5.9)
                            [Content-Type] => application/json
                            [X-WC-Webhook-Source] => https://imperialtapeteseinteriores.com.br/
                            [X-WC-Webhook-Topic] => product.created
                            [X-WC-Webhook-Resource] => product
                            [X-WC-Webhook-Event] => created
                            [X-WC-Webhook-Signature] => IAkAh7AAPkVKyouPmpd/oFsqRul3VdH7fVyCL6C3YFs=
                            [X-WC-Webhook-ID] => 3
                            [X-WC-Webhook-Delivery-ID] => fafac55480f997caec5dc173b2881885
                        )

                )

            [Body] => Webhook body is not logged unless WP_DEBUG mode is turned on. This is to avoid the storing of personal data in the logs.
            [Response] => Array
                (
                    [Code] => 200
                    [Message] => OK
                    [Headers] => Requests_Utility_CaseInsensitiveDictionary Object
                        (
                            [data:protected] => Array
                                (
                                    [date] => Sun, 20 Feb 2022 23:33:36 GMT
                                    [content-type] => application/xml
                                    [content-length] => 212
                                    [content-encoding] => gzip
                                    [vary] => Accept-Encoding
                                    [cache-control] => no-cache, public, must-revalidate, max-age=2592000
                                    [cf-cache-status] => DYNAMIC
                                    [expect-ct] => max-age=604800, report-uri="https://report-uri.cloudflare.com/cdn-cgi/beacon/expect-ct"
                                    [server] => cloudflare
                                    [cf-ray] => 6e0b8a778d956ff1-IAD
                                )

                        )

                    [Body] => Webhook body is not logged unless WP_DEBUG mode is turned on. This is to avoid the storing of personal data in the logs.
                )

        )

)

2022-02-20T23:35:41+00:00 INFO Array
(
    [Webhook Delivery] => Array
        (
            [Delivery ID] => 466fca8a4ae1700c8fdb9dcfdb9b0816
            [Date] => 20 de fevereiro de 2022 @ 23:35
            [URL] => https://www.bling.com.br/Api/v2/webhook/woocommerce/203702229/products
            [Duration] => 0.91503
            [Request] => Array
                (
                    [Method] => POST
                    [Headers] => Array
                        (
                            [User-Agent] => WooCommerce/5.1.0 Hookshot (WordPress/5.9)
                            [Content-Type] => application/json
                            [X-WC-Webhook-Source] => https://imperialtapeteseinteriores.com.br/
                            [X-WC-Webhook-Topic] => product.updated
                            [X-WC-Webhook-Resource] => product
                            [X-WC-Webhook-Event] => updated
                            [X-WC-Webhook-Signature] => geKn9+ppDuGmvooNF7C32Wa+hECV0kQ3xDE5rMk8FCE=
                            [X-WC-Webhook-ID] => 4
                            [X-WC-Webhook-Delivery-ID] => 466fca8a4ae1700c8fdb9dcfdb9b0816
                        )

                )

            [Body] => Webhook body is not logged unless WP_DEBUG mode is turned on. This is to avoid the storing of personal data in the logs.
            [Response] => Array
                (
                    [Code] => 200
                    [Message] => OK
                    [Headers] => Requests_Utility_CaseInsensitiveDictionary Object
                        (
                            [data:protected] => Array
                                (
                                    [date] => Sun, 20 Feb 2022 23:35:41 GMT
                                    [content-type] => application/xml
                                    [content-length] => 178
                                    [content-encoding] => gzip
                                    [vary] => Accept-Encoding
                                    [cache-control] => no-cache, public, must-revalidate, max-age=2592000
                                    [cf-cache-status] => DYNAMIC
                                    [expect-ct] => max-age=604800, report-uri="https://report-uri.cloudflare.com/cdn-cgi/beacon/expect-ct"
                                    [server] => cloudflare
                                    [cf-ray] => 6e0b8d800efc5a8e-IAD
                                )

                        )

                    [Body] => Webhook body is not logged unless WP_DEBUG mode is turned on. This is to avoid the storing of personal data in the logs.
                )

        )

)

2022-02-20T23:36:51+00:00 INFO Array
(
    [Webhook Delivery] => Array
        (
            [Delivery ID] => 5baa8d6961f1313f9521abc69f8319f6
            [Date] => 20 de fevereiro de 2022 @ 23:36
            [URL] => https://www.bling.com.br/Api/v2/webhook/woocommerce/203702229/products
            [Duration] => 0.6507
            [Request] => Array
                (
                    [Method] => POST
                    [Headers] => Array
                        (
                            [User-Agent] => WooCommerce/5.1.0 Hookshot (WordPress/5.9)
                            [Content-Type] => application/json
                            [X-WC-Webhook-Source] => https://imperialtapeteseinteriores.com.br/
                            [X-WC-Webhook-Topic] => product.updated
                            [X-WC-Webhook-Resource] => product
                            [X-WC-Webhook-Event] => updated
                            [X-WC-Webhook-Signature] => +BsTyVD8MGM6dsjxKZXtrvBN/FSF8A4Ws3oPinbz/KI=
                            [X-WC-Webhook-ID] => 4
                            [X-WC-Webhook-Delivery-ID] => 5baa8d6961f1313f9521abc69f8319f6
                        )

                )

            [Body] => Webhook body is not logged unless WP_DEBUG mode is turned on. This is to avoid the storing of personal data in the logs.
            [Response] => Array
                (
                    [Code] => 200
                    [Message] => OK
                    [Headers] => Requests_Utility_CaseInsensitiveDictionary Object
                        (
                            [data:protected] => Array
                                (
                                    [date] => Sun, 20 Feb 2022 23:36:51 GMT
                                    [content-type] => application/xml
                                    [content-length] => 178
                                    [content-encoding] => gzip
                                    [vary] => Accept-Encoding
                                    [cache-control] => no-cache, public, must-revalidate, max-age=2592000
                                    [cf-cache-status] => DYNAMIC
                                    [expect-ct] => max-age=604800, report-uri="https://report-uri.cloudflare.com/cdn-cgi/beacon/expect-ct"
                                    [server] => cloudflare
                                    [cf-ray] => 6e0b8f35e9445de2-IAD
                                )

                        )

                    [Body] => Webhook body is not logged unless WP_DEBUG mode is turned on. This is to avoid the storing of personal data in the logs.
                )

        )

)

2022-02-20T23:39:54+00:00 INFO Array
(
    [Webhook Delivery] => Array
        (
            [Delivery ID] => d5d934f2ccee753e9e8ef275680186bb
            [Date] => 20 de fevereiro de 2022 @ 23:39
            [URL] => https://www.bling.com.br/Api/v2/webhook/woocommerce/203702229/products
            [Duration] => 0.53473
            [Request] => Array
                (
                    [Method] => POST
                    [Headers] => Array
                        (
                            [User-Agent] => WooCommerce/5.1.0 Hookshot (WordPress/5.9)
                            [Content-Type] => application/json
                            [X-WC-Webhook-Source] => https://imperialtapeteseinteriores.com.br/
                            [X-WC-Webhook-Topic] => product.created
                            [X-WC-Webhook-Resource] => product
                            [X-WC-Webhook-Event] => created
                            [X-WC-Webhook-Signature] => oBlLWEabfvUH/CDhR5DtGRf44dd9ZLWL7vgMgNXLekk=
                            [X-WC-Webhook-ID] => 3
                            [X-WC-Webhook-Delivery-ID] => d5d934f2ccee753e9e8ef275680186bb
                        )

                )

            [Body] => Webhook body is not logged unless WP_DEBUG mode is turned on. This is to avoid the storing of personal data in the logs.
            [Response] => Array
                (
                    [Code] => 200
                    [Message] => OK
                    [Headers] => Requests_Utility_CaseInsensitiveDictionary Object
                        (
                            [data:protected] => Array
                                (
                                    [date] => Sun, 20 Feb 2022 23:39:54 GMT
                                    [content-type] => application/xml
                                    [content-length] => 213
                                    [content-encoding] => gzip
                                    [vary] => Accept-Encoding
                                    [cache-control] => no-cache, public, must-revalidate, max-age=2592000
                                    [cf-cache-status] => DYNAMIC
                                    [expect-ct] => max-age=604800, report-uri="https://report-uri.cloudflare.com/cdn-cgi/beacon/expect-ct"
                                    [server] => cloudflare
                                    [cf-ray] => 6e0b93ae88cf8191-IAD
                                )

                        )

                    [Body] => Webhook body is not logged unless WP_DEBUG mode is turned on. This is to avoid the storing of personal data in the logs.
                )

        )

)

2022-02-20T23:41:36+00:00 INFO Array
(
    [Webhook Delivery] => Array
        (
            [Delivery ID] => 92593526eafbad1fa87e55792106ac60
            [Date] => 20 de fevereiro de 2022 @ 23:41
            [URL] => https://www.bling.com.br/Api/v2/webhook/woocommerce/203702229/products
            [Duration] => 0.81039
            [Request] => Array
                (
                    [Method] => POST
                    [Headers] => Array
                        (
                            [User-Agent] => WooCommerce/5.1.0 Hookshot (WordPress/5.9)
                            [Content-Type] => application/json
                            [X-WC-Webhook-Source] => https://imperialtapeteseinteriores.com.br/
                            [X-WC-Webhook-Topic] => product.created
                            [X-WC-Webhook-Resource] => product
                            [X-WC-Webhook-Event] => created
                            [X-WC-Webhook-Signature] => fmIaoYwCHCmKma49m8EH3GceIq1MYZ8LaQGtDP46t68=
                            [X-WC-Webhook-ID] => 3
                            [X-WC-Webhook-Delivery-ID] => 92593526eafbad1fa87e55792106ac60
                        )

                )

            [Body] => Webhook body is not logged unless WP_DEBUG mode is turned on. This is to avoid the storing of personal data in the logs.
            [Response] => Array
                (
                    [Code] => 200
                    [Message] => OK
                    [Headers] => Requests_Utility_CaseInsensitiveDictionary Object
                        (
                            [data:protected] => Array
                                (
                                    [date] => Sun, 20 Feb 2022 23:41:36 GMT
                                    [content-type] => application/xml
                                    [content-length] => 213
                                    [content-encoding] => gzip
                                    [vary] => Accept-Encoding
                                    [cache-control] => no-cache, public, must-revalidate, max-age=2592000
                                    [cf-cache-status] => DYNAMIC
                                    [expect-ct] => max-age=604800, report-uri="https://report-uri.cloudflare.com/cdn-cgi/beacon/expect-ct"
                                    [server] => cloudflare
                                    [cf-ray] => 6e0b962e7de85818-IAD
                                )

                        )

                    [Body] => Webhook body is not logged unless WP_DEBUG mode is turned on. This is to avoid the storing of personal data in the logs.
                )

        )

)

2022-02-20T23:41:37+00:00 INFO Array
(
    [Webhook Delivery] => Array
        (
            [Delivery ID] => 92593526eafbad1fa87e55792106ac60
            [Date] => 20 de fevereiro de 2022 @ 23:41
            [URL] => https://www.bling.com.br/Api/v2/webhook/woocommerce/203702229/products
            [Duration] => 0.62882
            [Request] => Array
                (
                    [Method] => POST
                    [Headers] => Array
                        (
                            [User-Agent] => WooCommerce/5.1.0 Hookshot (WordPress/5.9)
                            [Content-Type] => application/json
                            [X-WC-Webhook-Source] => https://imperialtapeteseinteriores.com.br/
                            [X-WC-Webhook-Topic] => product.created
                            [X-WC-Webhook-Resource] => product
                            [X-WC-Webhook-Event] => created
                            [X-WC-Webhook-Signature] => qug1STFnApGndgJe/ajnbLslkRckO6FtfF1BWi+wboQ=
                            [X-WC-Webhook-ID] => 3
                            [X-WC-Webhook-Delivery-ID] => 92593526eafbad1fa87e55792106ac60
                        )

                )

            [Body] => Webhook body is not logged unless WP_DEBUG mode is turned on. This is to avoid the storing of personal data in the logs.
            [Response] => Array
                (
                    [Code] => 200
                    [Message] => OK
                    [Headers] => Requests_Utility_CaseInsensitiveDictionary Object
                        (
                            [data:protected] => Array
                                (
                                    [date] => Sun, 20 Feb 2022 23:41:37 GMT
                                    [content-type] => application/xml
                                    [content-length] => 213
                                    [content-encoding] => gzip
                                    [vary] => Accept-Encoding
                                    [cache-control] => no-cache, public, must-revalidate, max-age=2592000
                                    [cf-cache-status] => DYNAMIC
                                    [expect-ct] => max-age=604800, report-uri="https://report-uri.cloudflare.com/cdn-cgi/beacon/expect-ct"
                                    [content-security-policy-report-only] => script-src 'none'; report-uri https://csp-reporting.cloudflare.com/cdn-cgi/script_monitor/report?m=eIdf67F61O.Iu7rHTBLbzMRHqTJg.x_KMNy4AwHq7Hk-1645400497-0-AfsulenkAFseE7mcIMC002kyZpS-qLs3YbtSeD0yZMi98uFWI9GQL3xTO6qgMXjGTIqlu1vJD4P0oIfOyxMRKws
                                    [server] => cloudflare
                                    [cf-ray] => 6e0b9630acb15a40-IAD
                                )

                        )

                    [Body] => Webhook body is not logged unless WP_DEBUG mode is turned on. This is to avoid the storing of personal data in the logs.
                )

        )

)

2022-02-20T23:42:50+00:00 INFO Array
(
    [Webhook Delivery] => Array
        (
            [Delivery ID] => c982dce8327610bbb81654cc306ba06b
            [Date] => 20 de fevereiro de 2022 @ 23:42
            [URL] => https://www.bling.com.br/Api/v2/webhook/woocommerce/203702229/products
            [Duration] => 0.8309
            [Request] => Array
                (
                    [Method] => POST
                    [Headers] => Array
                        (
                            [User-Agent] => WooCommerce/5.1.0 Hookshot (WordPress/5.9)
                            [Content-Type] => application/json
                            [X-WC-Webhook-Source] => https://imperialtapeteseinteriores.com.br/
                            [X-WC-Webhook-Topic] => product.updated
                            [X-WC-Webhook-Resource] => product
                            [X-WC-Webhook-Event] => updated
                            [X-WC-Webhook-Signature] => E5ApKZJKSU5YI8Kon45dD8So5iSUmqrjcwvGGDZAsns=
                            [X-WC-Webhook-ID] => 4
                            [X-WC-Webhook-Delivery-ID] => c982dce8327610bbb81654cc306ba06b
                        )

                )

            [Body] => Webhook body is not logged unless WP_DEBUG mode is turned on. This is to avoid the storing of personal data in the logs.
            [Response] => Array
                (
                    [Code] => 200
                    [Message] => OK
                    [Headers] => Requests_Utility_CaseInsensitiveDictionary Object
                        (
                            [data:protected] => Array
                                (
                                    [date] => Sun, 20 Feb 2022 23:42:50 GMT
                                    [content-type] => application/xml
                                    [content-length] => 178
                                    [content-encoding] => gzip
                                    [vary] => Accept-Encoding
                                    [cache-control] => no-cache, public, must-revalidate, max-age=2592000
                                    [cf-cache-status] => DYNAMIC
                                    [expect-ct] => max-age=604800, report-uri="https://report-uri.cloudflare.com/cdn-cgi/beacon/expect-ct"
                                    [server] => cloudflare
                                    [cf-ray] => 6e0b97fd8f2557e5-IAD
                                )

                        )

                    [Body] => Webhook body is not logged unless WP_DEBUG mode is turned on. This is to avoid the storing of personal data in the logs.
                )

        )

)

2022-02-20T23:43:52+00:00 INFO Array
(
    [Webhook Delivery] => Array
        (
            [Delivery ID] => be256c8418159e56db8ff080da7b741f
            [Date] => 20 de fevereiro de 2022 @ 23:43
            [URL] => https://www.bling.com.br/Api/v2/webhook/woocommerce/203702229/products
            [Duration] => 0.97053
            [Request] => Array
                (
                    [Method] => POST
                    [Headers] => Array
                        (
                            [User-Agent] => WooCommerce/5.1.0 Hookshot (WordPress/5.9)
                            [Content-Type] => application/json
                            [X-WC-Webhook-Source] => https://imperialtapeteseinteriores.com.br/
                            [X-WC-Webhook-Topic] => product.updated
                            [X-WC-Webhook-Resource] => product
                            [X-WC-Webhook-Event] => updated
                            [X-WC-Webhook-Signature] => xuxHRiE5Vzee6p0ISRF22iOMixlW0S2PtbWBbrgM09k=
                            [X-WC-Webhook-ID] => 4
                            [X-WC-Webhook-Delivery-ID] => be256c8418159e56db8ff080da7b741f
                        )

                )

            [Body] => Webhook body is not logged unless WP_DEBUG mode is turned on. This is to avoid the storing of personal data in the logs.
            [Response] => Array
                (
                    [Code] => 200
                    [Message] => OK
                    [Headers] => Requests_Utility_CaseInsensitiveDictionary Object
                        (
                            [data:protected] => Array
                                (
                                    [date] => Sun, 20 Feb 2022 23:43:52 GMT
                                    [content-type] => application/xml
                                    [content-length] => 178
                                    [content-encoding] => gzip
                                    [vary] => Accept-Encoding
                                    [cache-control] => no-cache, public, must-revalidate, max-age=2592000
                                    [cf-cache-status] => DYNAMIC
                                    [expect-ct] => max-age=604800, report-uri="https://report-uri.cloudflare.com/cdn-cgi/beacon/expect-ct"
                                    [server] => cloudflare
                                    [cf-ray] => 6e0b997e99fb5af9-IAD
                                )

                        )

                    [Body] => Webhook body is not logged unless WP_DEBUG mode is turned on. This is to avoid the storing of personal data in the logs.
                )

        )

)

2022-02-20T23:43:52+00:00 INFO Array
(
    [Webhook Delivery] => Array
        (
            [Delivery ID] => 1205b614b6a275059e5d489622f051a4
            [Date] => 20 de fevereiro de 2022 @ 23:43
            [URL] => https://www.bling.com.br/Api/v2/webhook/woocommerce/203702229/products
            [Duration] => 0.32075
            [Request] => Array
                (
                    [Method] => POST
                    [Headers] => Array
                        (
                            [User-Agent] => WooCommerce/5.1.0 Hookshot (WordPress/5.9)
                            [Content-Type] => application/json
                            [X-WC-Webhook-Source] => https://imperialtapeteseinteriores.com.br/
                            [X-WC-Webhook-Topic] => product.updated
                            [X-WC-Webhook-Resource] => product
                            [X-WC-Webhook-Event] => updated
                            [X-WC-Webhook-Signature] => AoY9w6ZTxlnPvEKGG6HZhDwAy5yLsm/NLZ4NaCdovMg=
                            [X-WC-Webhook-ID] => 4
                            [X-WC-Webhook-Delivery-ID] => 1205b614b6a275059e5d489622f051a4
                        )

                )

            [Body] => Webhook body is not logged unless WP_DEBUG mode is turned on. This is to avoid the storing of personal data in the logs.
            [Response] => Array
                (
                    [Code] => 200
                    [Message] => OK
                    [Headers] => Requests_Utility_CaseInsensitiveDictionary Object
                        (
                            [data:protected] => Array
                                (
                                    [date] => Sun, 20 Feb 2022 23:43:52 GMT
                                    [content-type] => application/xml
                                    [content-length] => 178
                                    [content-encoding] => gzip
                                    [vary] => Accept-Encoding
                                    [cache-control] => no-cache, public, must-revalidate, max-age=2592000
                                    [cf-cache-status] => DYNAMIC
                                    [expect-ct] => max-age=604800, report-uri="https://report-uri.cloudflare.com/cdn-cgi/beacon/expect-ct"
                                    [content-security-policy-report-only] => script-src 'none'; report-uri https://csp-reporting.cloudflare.com/cdn-cgi/script_monitor/report?m=iA35n4g7qNGT26DenrvU5hphsItYhUnSQd8G2j4YhFY-1645400632-0-AQPWxqBSRGMwBrXvxBnRPdMo_MmUAB6-lLkwRpHnFbhmEmHEBiMpBBrCkPKAMco57AkkmbceWMlbmu51TSq6-CM
                                    [server] => cloudflare
                                    [cf-ray] => 6e0b99812bdb590e-IAD
                                )

                        )

                    [Body] => Webhook body is not logged unless WP_DEBUG mode is turned on. This is to avoid the storing of personal data in the logs.
                )

        )

)

2022-02-20T23:44:53+00:00 INFO Array
(
    [Webhook Delivery] => Array
        (
            [Delivery ID] => 16acded1525b085965edd0df29470ad4
            [Date] => 20 de fevereiro de 2022 @ 23:44
            [URL] => https://www.bling.com.br/Api/v2/webhook/woocommerce/203702229/products
            [Duration] => 0.71182
            [Request] => Array
                (
                    [Method] => POST
                    [Headers] => Array
                        (
                            [User-Agent] => WooCommerce/5.1.0 Hookshot (WordPress/5.9)
                            [Content-Type] => application/json
                            [X-WC-Webhook-Source] => https://imperialtapeteseinteriores.com.br/
                            [X-WC-Webhook-Topic] => product.updated
                            [X-WC-Webhook-Resource] => product
                            [X-WC-Webhook-Event] => updated
                            [X-WC-Webhook-Signature] => PswOOaqR2es+tpJ2iPWJac7DDW0V64bJpQZ9fDlRyd4=
                            [X-WC-Webhook-ID] => 4
                            [X-WC-Webhook-Delivery-ID] => 16acded1525b085965edd0df29470ad4
                        )

                )

            [Body] => Webhook body is not logged unless WP_DEBUG mode is turned on. This is to avoid the storing of personal data in the logs.
            [Response] => Array
                (
                    [Code] => 200
                    [Message] => OK
                    [Headers] => Requests_Utility_CaseInsensitiveDictionary Object
                        (
                            [data:protected] => Array
                                (
                                    [date] => Sun, 20 Feb 2022 23:44:53 GMT
                                    [content-type] => application/xml
                                    [content-length] => 178
                                    [content-encoding] => gzip
                                    [vary] => Accept-Encoding
                                    [cache-control] => no-cache, public, must-revalidate, max-age=2592000
                                    [cf-cache-status] => DYNAMIC
                                    [expect-ct] => max-age=604800, report-uri="https://report-uri.cloudflare.com/cdn-cgi/beacon/expect-ct"
                                    [server] => cloudflare
                                    [cf-ray] => 6e0b9aff4e3757e2-IAD
                                )

                        )

                    [Body] => Webhook body is not logged unless WP_DEBUG mode is turned on. This is to avoid the storing of personal data in the logs.
                )

        )

)

2022-02-20T23:44:54+00:00 INFO Array
(
    [Webhook Delivery] => Array
        (
            [Delivery ID] => 9092960b26e8914a8195b0c9a847c3c2
            [Date] => 20 de fevereiro de 2022 @ 23:44
            [URL] => https://www.bling.com.br/Api/v2/webhook/woocommerce/203702229/products
            [Duration] => 0.40429
            [Request] => Array
                (
                    [Method] => POST
                    [Headers] => Array
                        (
                            [User-Agent] => WooCommerce/5.1.0 Hookshot (WordPress/5.9)
                            [Content-Type] => application/json
                            [X-WC-Webhook-Source] => https://imperialtapeteseinteriores.com.br/
                            [X-WC-Webhook-Topic] => product.updated
                            [X-WC-Webhook-Resource] => product
                            [X-WC-Webhook-Event] => updated
                            [X-WC-Webhook-Signature] => u88MaNAZCSSLsvIY08kL1eyJRamHgL+v53CI1FyW0Co=
                            [X-WC-Webhook-ID] => 4
                            [X-WC-Webhook-Delivery-ID] => 9092960b26e8914a8195b0c9a847c3c2
                        )

                )

            [Body] => Webhook body is not logged unless WP_DEBUG mode is turned on. This is to avoid the storing of personal data in the logs.
            [Response] => Array
                (
                    [Code] => 200
                    [Message] => OK
                    [Headers] => Requests_Utility_CaseInsensitiveDictionary Object
                        (
                            [data:protected] => Array
                                (
                                    [date] => Sun, 20 Feb 2022 23:44:54 GMT
                                    [content-type] => application/xml
                                    [content-length] => 178
                                    [content-encoding] => gzip
                                    [vary] => Accept-Encoding
                                    [cache-control] => no-cache, public, must-revalidate, max-age=2592000
                                    [cf-cache-status] => DYNAMIC
                                    [expect-ct] => max-age=604800, report-uri="https://report-uri.cloudflare.com/cdn-cgi/beacon/expect-ct"
                                    [server] => cloudflare
                                    [cf-ray] => 6e0b9b023f70801b-IAD
                                )

                        )

                    [Body] => Webhook body is not logged unless WP_DEBUG mode is turned on. This is to avoid the storing of personal data in the logs.
                )

        )

)

2022-02-20T23:45:55+00:00 INFO Array
(
    [Webhook Delivery] => Array
        (
            [Delivery ID] => 10531a422575dcecb5ca56f24795fc29
            [Date] => 20 de fevereiro de 2022 @ 23:45
            [URL] => https://www.bling.com.br/Api/v2/webhook/woocommerce/203702229/products
            [Duration] => 0.58157
            [Request] => Array
                (
                    [Method] => POST
                    [Headers] => Array
                        (
                            [User-Agent] => WooCommerce/5.1.0 Hookshot (WordPress/5.9)
                            [Content-Type] => application/json
                            [X-WC-Webhook-Source] => https://imperialtapeteseinteriores.com.br/
                            [X-WC-Webhook-Topic] => product.updated
                            [X-WC-Webhook-Resource] => product
                            [X-WC-Webhook-Event] => updated
                            [X-WC-Webhook-Signature] => hTfkz81IaevOS2mK398Pcnl/KpEaZxsB1q1COR9Krzs=
                            [X-WC-Webhook-ID] => 4
                            [X-WC-Webhook-Delivery-ID] => 10531a422575dcecb5ca56f24795fc29
                        )

                )

            [Body] => Webhook body is not logged unless WP_DEBUG mode is turned on. This is to avoid the storing of personal data in the logs.
            [Response] => Array
                (
                    [Code] => 200
                    [Message] => OK
                    [Headers] => Requests_Utility_CaseInsensitiveDictionary Object
                        (
                            [data:protected] => Array
                                (
                                    [date] => Sun, 20 Feb 2022 23:45:55 GMT
                                    [content-type] => application/xml
                                    [content-length] => 178
                                    [content-encoding] => gzip
                                    [vary] => Accept-Encoding
                                    [cache-control] => no-cache, public, must-revalidate, max-age=2592000
                                    [cf-cache-status] => DYNAMIC
                                    [expect-ct] => max-age=604800, report-uri="https://report-uri.cloudflare.com/cdn-cgi/beacon/expect-ct"
                                    [content-security-policy-report-only] => script-src 'none'; report-uri https://csp-reporting.cloudflare.com/cdn-cgi/script_monitor/report?m=mza9kY35FmHPIJcOUy33LAF1_xl8byrmcP.XYEPaUAE-1645400755-0-AbpoRo4_NavDCj3k6B8ZFw21xfSsh-Gf4U59BZs2uFh63Y7kPhl89lHuCSpVkFMoqYXMr2BsfHDg8YASlYzYmw4
                                    [server] => cloudflare
                                    [cf-ray] => 6e0b9c7efc30823e-IAD
                                )

                        )

                    [Body] => Webhook body is not logged unless WP_DEBUG mode is turned on. This is to avoid the storing of personal data in the logs.
                )

        )

)

2022-02-20T23:45:55+00:00 INFO Array
(
    [Webhook Delivery] => Array
        (
            [Delivery ID] => 53c308071b3c2aa7e3baba1a90779cac
            [Date] => 20 de fevereiro de 2022 @ 23:45
            [URL] => https://www.bling.com.br/Api/v2/webhook/woocommerce/203702229/products
            [Duration] => 0.3821
            [Request] => Array
                (
                    [Method] => POST
                    [Headers] => Array
                        (
                            [User-Agent] => WooCommerce/5.1.0 Hookshot (WordPress/5.9)
                            [Content-Type] => application/json
                            [X-WC-Webhook-Source] => https://imperialtapeteseinteriores.com.br/
                            [X-WC-Webhook-Topic] => product.updated
                            [X-WC-Webhook-Resource] => product
                            [X-WC-Webhook-Event] => updated
                            [X-WC-Webhook-Signature] => 1M3wDt1ZNpo0ZkcV/LQXNouadNnLemJ+5NEv4gUKWfY=
                            [X-WC-Webhook-ID] => 4
                            [X-WC-Webhook-Delivery-ID] => 53c308071b3c2aa7e3baba1a90779cac
                        )

                )

            [Body] => Webhook body is not logged unless WP_DEBUG mode is turned on. This is to avoid the storing of personal data in the logs.
            [Response] => Array
                (
                    [Code] => 200
                    [Message] => OK
                    [Headers] => Requests_Utility_CaseInsensitiveDictionary Object
                        (
                            [data:protected] => Array
                                (
                                    [date] => Sun, 20 Feb 2022 23:45:55 GMT
                                    [content-type] => application/xml
                                    [content-length] => 183
                                    [content-encoding] => gzip
                                    [vary] => Accept-Encoding
                                    [cache-control] => no-cache, public, must-revalidate, max-age=2592000
                                    [cf-cache-status] => DYNAMIC
                                    [expect-ct] => max-age=604800, report-uri="https://report-uri.cloudflare.com/cdn-cgi/beacon/expect-ct"
                                    [server] => cloudflare
                                    [cf-ray] => 6e0b9c81afda5d80-IAD
                                )

                        )

                    [Body] => Webhook body is not logged unless WP_DEBUG mode is turned on. This is to avoid the storing of personal data in the logs.
                )

        )

)

2022-02-20T23:48:52+00:00 INFO Array
(
    [Webhook Delivery] => Array
        (
            [Delivery ID] => 0ffb521d9c21062221c473b398ba730c
            [Date] => 20 de fevereiro de 2022 @ 23:48
            [URL] => https://www.bling.com.br/Api/v2/webhook/woocommerce/203702229/products
            [Duration] => 0.44032
            [Request] => Array
                (
                    [Method] => POST
                    [Headers] => Array
                        (
                            [User-Agent] => WooCommerce/5.1.0 Hookshot (WordPress/5.9)
                            [Content-Type] => application/json
                            [X-WC-Webhook-Source] => https://imperialtapeteseinteriores.com.br/
                            [X-WC-Webhook-Topic] => product.created
                            [X-WC-Webhook-Resource] => product
                            [X-WC-Webhook-Event] => created
                            [X-WC-Webhook-Signature] => hbFG6C6AXWbLWmBtoBSzL2azO5tMGiQB6ig0jNLcsq0=
                            [X-WC-Webhook-ID] => 3
                            [X-WC-Webhook-Delivery-ID] => 0ffb521d9c21062221c473b398ba730c
                        )

                )

            [Body] => Webhook body is not logged unless WP_DEBUG mode is turned on. This is to avoid the storing of personal data in the logs.
            [Response] => Array
                (
                    [Code] => 200
                    [Message] => OK
                    [Headers] => Requests_Utility_CaseInsensitiveDictionary Object
                        (
                            [data:protected] => Array
                                (
                                    [date] => Sun, 20 Feb 2022 23:48:52 GMT
                                    [content-type] => application/xml
                                    [content-length] => 217
                                    [content-encoding] => gzip
                                    [vary] => Accept-Encoding
                                    [cache-control] => no-cache, public, must-revalidate, max-age=2592000
                                    [cf-cache-status] => DYNAMIC
                                    [expect-ct] => max-age=604800, report-uri="https://report-uri.cloudflare.com/cdn-cgi/beacon/expect-ct"
                                    [server] => cloudflare
                                    [cf-ray] => 6e0ba0d43d3d7f86-IAD
                                )

                        )

                    [Body] => Webhook body is not logged unless WP_DEBUG mode is turned on. This is to avoid the storing of personal data in the logs.
                )

        )

)

2022-02-20T23:48:53+00:00 INFO Array
(
    [Webhook Delivery] => Array
        (
            [Delivery ID] => 0ffb521d9c21062221c473b398ba730c
            [Date] => 20 de fevereiro de 2022 @ 23:48
            [URL] => https://www.bling.com.br/Api/v2/webhook/woocommerce/203702229/products
            [Duration] => 0.36445
            [Request] => Array
                (
                    [Method] => POST
                    [Headers] => Array
                        (
                            [User-Agent] => WooCommerce/5.1.0 Hookshot (WordPress/5.9)
                            [Content-Type] => application/json
                            [X-WC-Webhook-Source] => https://imperialtapeteseinteriores.com.br/
                            [X-WC-Webhook-Topic] => product.created
                            [X-WC-Webhook-Resource] => product
                            [X-WC-Webhook-Event] => created
                            [X-WC-Webhook-Signature] => EgI7HR3MLGh2VNubJYw87MPs5lITfD5e0xWly2SuNfk=
                            [X-WC-Webhook-ID] => 3
                            [X-WC-Webhook-Delivery-ID] => 0ffb521d9c21062221c473b398ba730c
                        )

                )

            [Body] => Webhook body is not logged unless WP_DEBUG mode is turned on. This is to avoid the storing of personal data in the logs.
            [Response] => Array
                (
                    [Code] => 200
                    [Message] => OK
                    [Headers] => Requests_Utility_CaseInsensitiveDictionary Object
                        (
                            [data:protected] => Array
                                (
                                    [date] => Sun, 20 Feb 2022 23:48:53 GMT
                                    [content-type] => application/xml
                                    [content-length] => 217
                                    [content-encoding] => gzip
                                    [vary] => Accept-Encoding
                                    [cache-control] => no-cache, public, must-revalidate, max-age=2592000
                                    [cf-cache-status] => DYNAMIC
                                    [expect-ct] => max-age=604800, report-uri="https://report-uri.cloudflare.com/cdn-cgi/beacon/expect-ct"
                                    [content-security-policy-report-only] => script-src 'none'; report-uri https://csp-reporting.cloudflare.com/cdn-cgi/script_monitor/report?m=87HDTMRQh1wGF5maz.UjV6M90f_.BhaqC_nKLvlsh50-1645400933-0-AQZRJVyEyYI0-pYTOewmA7nPST6_0KKk9gpR7vY0aLN6IYqHURR9emOCerpE8p4nGBwkc-U-EUgKrnfSJuTZtV8
                                    [server] => cloudflare
                                    [cf-ray] => 6e0ba0d69c4c8224-IAD
                                )

                        )

                    [Body] => Webhook body is not logged unless WP_DEBUG mode is turned on. This is to avoid the storing of personal data in the logs.
                )

        )

)

2022-02-20T23:49:52+00:00 INFO Array
(
    [Webhook Delivery] => Array
        (
            [Delivery ID] => 7a30c0e3ff4717dfcd3a9aaa79a2ab08
            [Date] => 20 de fevereiro de 2022 @ 23:49
            [URL] => https://www.bling.com.br/Api/v2/webhook/woocommerce/203702229/products
            [Duration] => 0.41157
            [Request] => Array
                (
                    [Method] => POST
                    [Headers] => Array
                        (
                            [User-Agent] => WooCommerce/5.1.0 Hookshot (WordPress/5.9)
                            [Content-Type] => application/json
                            [X-WC-Webhook-Source] => https://imperialtapeteseinteriores.com.br/
                            [X-WC-Webhook-Topic] => product.created
                            [X-WC-Webhook-Resource] => product
                            [X-WC-Webhook-Event] => created
                            [X-WC-Webhook-Signature] => qmTMGks8UftL7zbQBc9w0l+9jBHfvaiChjxk6TXWtr8=
                            [X-WC-Webhook-ID] => 3
                            [X-WC-Webhook-Delivery-ID] => 7a30c0e3ff4717dfcd3a9aaa79a2ab08
                        )

                )

            [Body] => Webhook body is not logged unless WP_DEBUG mode is turned on. This is to avoid the storing of personal data in the logs.
            [Response] => Array
                (
                    [Code] => 200
                    [Message] => OK
                    [Headers] => Requests_Utility_CaseInsensitiveDictionary Object
                        (
                            [data:protected] => Array
                                (
                                    [date] => Sun, 20 Feb 2022 23:49:52 GMT
                                    [content-type] => application/xml
                                    [content-length] => 217
                                    [content-encoding] => gzip
                                    [vary] => Accept-Encoding
                                    [cache-control] => no-cache, public, must-revalidate, max-age=2592000
                                    [cf-cache-status] => DYNAMIC
                                    [expect-ct] => max-age=604800, report-uri="https://report-uri.cloudflare.com/cdn-cgi/beacon/expect-ct"
                                    [server] => cloudflare
                                    [cf-ray] => 6e0ba2480a0c81cf-IAD
                                )

                        )

                    [Body] => Webhook body is not logged unless WP_DEBUG mode is turned on. This is to avoid the storing of personal data in the logs.
                )

        )

)

2022-02-20T23:51:53+00:00 INFO Array
(
    [Webhook Delivery] => Array
        (
            [Delivery ID] => 6d4688c2bdc59949052232e484cfa2c8
            [Date] => 20 de fevereiro de 2022 @ 23:51
            [URL] => https://www.bling.com.br/Api/v2/webhook/woocommerce/203702229/products
            [Duration] => 0.74764
            [Request] => Array
                (
                    [Method] => POST
                    [Headers] => Array
                        (
                            [User-Agent] => WooCommerce/5.1.0 Hookshot (WordPress/5.9)
                            [Content-Type] => application/json
                            [X-WC-Webhook-Source] => https://imperialtapeteseinteriores.com.br/
                            [X-WC-Webhook-Topic] => product.created
                            [X-WC-Webhook-Resource] => product
                            [X-WC-Webhook-Event] => created
                            [X-WC-Webhook-Signature] => YXHnyJ9OorwcK6YmIM2ANjf+zWqp/3uLe6DBYCO0Giw=
                            [X-WC-Webhook-ID] => 3
                            [X-WC-Webhook-Delivery-ID] => 6d4688c2bdc59949052232e484cfa2c8
                        )

                )

            [Body] => Webhook body is not logged unless WP_DEBUG mode is turned on. This is to avoid the storing of personal data in the logs.
            [Response] => Array
                (
                    [Code] => 200
                    [Message] => OK
                    [Headers] => Requests_Utility_CaseInsensitiveDictionary Object
                        (
                            [data:protected] => Array
                                (
                                    [date] => Sun, 20 Feb 2022 23:51:53 GMT
                                    [content-type] => application/xml
                                    [content-length] => 217
                                    [content-encoding] => gzip
                                    [vary] => Accept-Encoding
                                    [cache-control] => no-cache, public, must-revalidate, max-age=2592000
                                    [cf-cache-status] => DYNAMIC
                                    [expect-ct] => max-age=604800, report-uri="https://report-uri.cloudflare.com/cdn-cgi/beacon/expect-ct"
                                    [server] => cloudflare
                                    [cf-ray] => 6e0ba53b2c97802a-IAD
                                )

                        )

                    [Body] => Webhook body is not logged unless WP_DEBUG mode is turned on. This is to avoid the storing of personal data in the logs.
                )

        )

)

2022-02-20T23:52:53+00:00 INFO Array
(
    [Webhook Delivery] => Array
        (
            [Delivery ID] => 28c760fed77a8486ac6d7ea98465352d
            [Date] => 20 de fevereiro de 2022 @ 23:52
            [URL] => https://www.bling.com.br/Api/v2/webhook/woocommerce/203702229/products
            [Duration] => 0.9051
            [Request] => Array
                (
                    [Method] => POST
                    [Headers] => Array
                        (
                            [User-Agent] => WooCommerce/5.1.0 Hookshot (WordPress/5.9)
                            [Content-Type] => application/json
                            [X-WC-Webhook-Source] => https://imperialtapeteseinteriores.com.br/
                            [X-WC-Webhook-Topic] => product.updated
                            [X-WC-Webhook-Resource] => product
                            [X-WC-Webhook-Event] => updated
                            [X-WC-Webhook-Signature] => GWSCxwJBn2GySfn4xyrp4cAihnzh+VC2LynJ2KsWsiI=
                            [X-WC-Webhook-ID] => 4
                            [X-WC-Webhook-Delivery-ID] => 28c760fed77a8486ac6d7ea98465352d
                        )

                )

            [Body] => Webhook body is not logged unless WP_DEBUG mode is turned on. This is to avoid the storing of personal data in the logs.
            [Response] => Array
                (
                    [Code] => 200
                    [Message] => OK
                    [Headers] => Requests_Utility_CaseInsensitiveDictionary Object
                        (
                            [data:protected] => Array
                                (
                                    [date] => Sun, 20 Feb 2022 23:52:53 GMT
                                    [content-type] => application/xml
                                    [content-length] => 181
                                    [content-encoding] => gzip
                                    [vary] => Accept-Encoding
                                    [cache-control] => no-cache, public, must-revalidate, max-age=2592000
                                    [cf-cache-status] => DYNAMIC
                                    [expect-ct] => max-age=604800, report-uri="https://report-uri.cloudflare.com/cdn-cgi/beacon/expect-ct"
                                    [server] => cloudflare
                                    [cf-ray] => 6e0ba6b69fb16ffb-IAD
                                )

                        )

                    [Body] => Webhook body is not logged unless WP_DEBUG mode is turned on. This is to avoid the storing of personal data in the logs.
                )

        )

)

2022-02-20T23:53:52+00:00 INFO Array
(
    [Webhook Delivery] => Array
        (
            [Delivery ID] => d2b238a747ea7b6ac1421f63834a413c
            [Date] => 20 de fevereiro de 2022 @ 23:53
            [URL] => https://www.bling.com.br/Api/v2/webhook/woocommerce/203702229/products
            [Duration] => 0.48456
            [Request] => Array
                (
                    [Method] => POST
                    [Headers] => Array
                        (
                            [User-Agent] => WooCommerce/5.1.0 Hookshot (WordPress/5.9)
                            [Content-Type] => application/json
                            [X-WC-Webhook-Source] => https://imperialtapeteseinteriores.com.br/
                            [X-WC-Webhook-Topic] => product.updated
                            [X-WC-Webhook-Resource] => product
                            [X-WC-Webhook-Event] => updated
                            [X-WC-Webhook-Signature] => t1ley7aL7yI7R9+6z77Q9h3Zn/MmHTCOd4AbOo8WBWk=
                            [X-WC-Webhook-ID] => 4
                            [X-WC-Webhook-Delivery-ID] => d2b238a747ea7b6ac1421f63834a413c
                        )

                )

            [Body] => Webhook body is not logged unless WP_DEBUG mode is turned on. This is to avoid the storing of personal data in the logs.
            [Response] => Array
                (
                    [Code] => 200
                    [Message] => OK
                    [Headers] => Requests_Utility_CaseInsensitiveDictionary Object
                        (
                            [data:protected] => Array
                                (
                                    [date] => Sun, 20 Feb 2022 23:53:52 GMT
                                    [content-type] => application/xml
                                    [content-length] => 181
                                    [content-encoding] => gzip
                                    [vary] => Accept-Encoding
                                    [cache-control] => no-cache, public, must-revalidate, max-age=2592000
                                    [cf-cache-status] => DYNAMIC
                                    [expect-ct] => max-age=604800, report-uri="https://report-uri.cloudflare.com/cdn-cgi/beacon/expect-ct"
                                    [server] => cloudflare
                                    [cf-ray] => 6e0ba824ba968244-IAD
                                )

                        )

                    [Body] => Webhook body is not logged unless WP_DEBUG mode is turned on. This is to avoid the storing of personal data in the logs.
                )

        )

)

2022-02-20T23:55:20+00:00 INFO Array
(
    [Webhook Delivery] => Array
        (
            [Delivery ID] => f0f243294ac2198270993eb1aa29d434
            [Date] => 20 de fevereiro de 2022 @ 23:55
            [URL] => https://www.bling.com.br/Api/v2/webhook/woocommerce/203702229/products
            [Duration] => 0.78436
            [Request] => Array
                (
                    [Method] => POST
                    [Headers] => Array
                        (
                            [User-Agent] => WooCommerce/5.1.0 Hookshot (WordPress/5.9)
                            [Content-Type] => application/json
                            [X-WC-Webhook-Source] => https://imperialtapeteseinteriores.com.br/
                            [X-WC-Webhook-Topic] => product.updated
                            [X-WC-Webhook-Resource] => product
                            [X-WC-Webhook-Event] => updated
                            [X-WC-Webhook-Signature] => mqQc532Yq4ipW40rMEh/zVcAqblsAspqpYPub5vrXH4=
                            [X-WC-Webhook-ID] => 4
                            [X-WC-Webhook-Delivery-ID] => f0f243294ac2198270993eb1aa29d434
                        )

                )

            [Body] => Webhook body is not logged unless WP_DEBUG mode is turned on. This is to avoid the storing of personal data in the logs.
            [Response] => Array
                (
                    [Code] => 200
                    [Message] => OK
                    [Headers] => Requests_Utility_CaseInsensitiveDictionary Object
                        (
                            [data:protected] => Array
                                (
                                    [date] => Sun, 20 Feb 2022 23:55:20 GMT
                                    [content-type] => application/xml
                                    [content-length] => 181
                                    [content-encoding] => gzip
                                    [vary] => Accept-Encoding
                                    [cache-control] => no-cache, public, must-revalidate, max-age=2592000
                                    [cf-cache-status] => DYNAMIC
                                    [expect-ct] => max-age=604800, report-uri="https://report-uri.cloudflare.com/cdn-cgi/beacon/expect-ct"
                                    [content-security-policy-report-only] => script-src 'none'; report-uri https://csp-reporting.cloudflare.com/cdn-cgi/script_monitor/report?m=SYoRsddk304j49Q7ZfZeudX_k0MDoIkJOb8gc9jJPKE-1645401320-0-AYC3yT-dV127-nVT7QmbtEhUESruynhRFrD1BZWeqMl0UEvVFEwOINI9dVnqXFK9U3Z44U03dmyvhHLvCzifBPc
                                    [server] => cloudflare
                                    [cf-ray] => 6e0baa497a0d81dc-IAD
                                )

                        )

                    [Body] => Webhook body is not logged unless WP_DEBUG mode is turned on. This is to avoid the storing of personal data in the logs.
                )

        )

)

2022-02-20T23:56:53+00:00 INFO Array
(
    [Webhook Delivery] => Array
        (
            [Delivery ID] => e3c3d5091ec1b5ca39e3128ed175812e
            [Date] => 20 de fevereiro de 2022 @ 23:56
            [URL] => https://www.bling.com.br/Api/v2/webhook/woocommerce/203702229/products
            [Duration] => 0.53284
            [Request] => Array
                (
                    [Method] => POST
                    [Headers] => Array
                        (
                            [User-Agent] => WooCommerce/5.1.0 Hookshot (WordPress/5.9)
                            [Content-Type] => application/json
                            [X-WC-Webhook-Source] => https://imperialtapeteseinteriores.com.br/
                            [X-WC-Webhook-Topic] => product.updated
                            [X-WC-Webhook-Resource] => product
                            [X-WC-Webhook-Event] => updated
                            [X-WC-Webhook-Signature] => +HOZdFHu0L1LLV5RIKHq0WrL3pnLAu2VLgSAKT0Gy1E=
                            [X-WC-Webhook-ID] => 4
                            [X-WC-Webhook-Delivery-ID] => e3c3d5091ec1b5ca39e3128ed175812e
                        )

                )

            [Body] => Webhook body is not logged unless WP_DEBUG mode is turned on. This is to avoid the storing of personal data in the logs.
            [Response] => Array
                (
                    [Code] => 200
                    [Message] => OK
                    [Headers] => Requests_Utility_CaseInsensitiveDictionary Object
                        (
                            [data:protected] => Array
                                (
                                    [date] => Sun, 20 Feb 2022 23:56:53 GMT
                                    [content-type] => application/xml
                                    [content-length] => 181
                                    [content-encoding] => gzip
                                    [vary] => Accept-Encoding
                                    [cache-control] => no-cache, public, must-revalidate, max-age=2592000
                                    [cf-cache-status] => DYNAMIC
                                    [expect-ct] => max-age=604800, report-uri="https://report-uri.cloudflare.com/cdn-cgi/beacon/expect-ct"
                                    [server] => cloudflare
                                    [cf-ray] => 6e0bac8f1ec081bb-IAD
                                )

                        )

                    [Body] => Webhook body is not logged unless WP_DEBUG mode is turned on. This is to avoid the storing of personal data in the logs.
                )

        )

)

2022-02-20T23:57:52+00:00 INFO Array
(
    [Webhook Delivery] => Array
        (
            [Delivery ID] => efbd08aeafc4c93e57987925b6a6629a
            [Date] => 20 de fevereiro de 2022 @ 23:57
            [URL] => https://www.bling.com.br/Api/v2/webhook/woocommerce/203702229/products
            [Duration] => 0.85256
            [Request] => Array
                (
                    [Method] => POST
                    [Headers] => Array
                        (
                            [User-Agent] => WooCommerce/5.1.0 Hookshot (WordPress/5.9)
                            [Content-Type] => application/json
                            [X-WC-Webhook-Source] => https://imperialtapeteseinteriores.com.br/
                            [X-WC-Webhook-Topic] => product.updated
                            [X-WC-Webhook-Resource] => product
                            [X-WC-Webhook-Event] => updated
                            [X-WC-Webhook-Signature] => 6KTh7XloYrx++aK/1UmSNIIj3/H7s9DMmmDMA3Z1+R8=
                            [X-WC-Webhook-ID] => 4
                            [X-WC-Webhook-Delivery-ID] => efbd08aeafc4c93e57987925b6a6629a
                        )

                )

            [Body] => Webhook body is not logged unless WP_DEBUG mode is turned on. This is to avoid the storing of personal data in the logs.
            [Response] => Array
                (
                    [Code] => 200
                    [Message] => OK
                    [Headers] => Requests_Utility_CaseInsensitiveDictionary Object
                        (
                            [data:protected] => Array
                                (
                                    [date] => Sun, 20 Feb 2022 23:57:52 GMT
                                    [content-type] => application/xml
                                    [content-length] => 181
                                    [content-encoding] => gzip
                                    [vary] => Accept-Encoding
                                    [cache-control] => no-cache, public, must-revalidate, max-age=2592000
                                    [cf-cache-status] => DYNAMIC
                                    [expect-ct] => max-age=604800, report-uri="https://report-uri.cloudflare.com/cdn-cgi/beacon/expect-ct"
                                    [server] => cloudflare
                                    [cf-ray] => 6e0badff0bba5800-IAD
                                )

                        )

                    [Body] => Webhook body is not logged unless WP_DEBUG mode is turned on. This is to avoid the storing of personal data in the logs.
                )

        )

)

