2021-09-20T00:11:46+00:00 INFO Array
(
    [Webhook Delivery] => Array
        (
            [Delivery ID] => d72255a4afa29219969f6523049f11e7
            [Date] => 20 de setembro de 2021 @ 00:11
            [URL] => https://www.bling.com.br/Api/v2/webhook/woocommerce/203702229/orders
            [Duration] => 6.71357
            [Request] => Array
                (
                    [Method] => POST
                    [Headers] => Array
                        (
                            [User-Agent] => WooCommerce/5.1.0 Hookshot (WordPress/5.8.1)
                            [Content-Type] => application/json
                            [X-WC-Webhook-Source] => https://imperialtapeteseinteriores.com.br/
                            [X-WC-Webhook-Topic] => order.created
                            [X-WC-Webhook-Resource] => order
                            [X-WC-Webhook-Event] => created
                            [X-WC-Webhook-Signature] => WscuUXxpe1EtF3WmMoCgALvrqMqmoBYPgN2z4Ur2Kto=
                            [X-WC-Webhook-ID] => 1
                            [X-WC-Webhook-Delivery-ID] => d72255a4afa29219969f6523049f11e7
                        )

                )

            [Body] => Webhook body is not logged unless WP_DEBUG mode is turned on. This is to avoid the storing of personal data in the logs.
            [Response] => Array
                (
                    [Code] => 200
                    [Message] => OK
                    [Headers] => Requests_Utility_CaseInsensitiveDictionary Object
                        (
                            [data:protected] => Array
                                (
                                    [date] => Mon, 20 Sep 2021 00:11:46 GMT
                                    [content-type] => application/xml
                                    [content-length] => 178
                                    [content-encoding] => gzip
                                    [vary] => Accept-Encoding
                                    [cache-control] => no-cache, public, must-revalidate, max-age=2592000
                                    [cf-cache-status] => DYNAMIC
                                    [expect-ct] => max-age=604800, report-uri="https://report-uri.cloudflare.com/cdn-cgi/beacon/expect-ct"
                                    [server] => cloudflare
                                    [cf-ray] => 6916d6753f13380c-IAD
                                )

                        )

                    [Body] => Webhook body is not logged unless WP_DEBUG mode is turned on. This is to avoid the storing of personal data in the logs.
                )

        )

)

2021-09-20T00:11:46+00:00 INFO Array
(
    [Webhook Delivery] => Array
        (
            [Delivery ID] => a2aa4990a695f24413deba90d30dd89f
            [Date] => 20 de setembro de 2021 @ 00:11
            [URL] => https://www.bling.com.br/Api/v2/webhook/woocommerce/203702229/orders
            [Duration] => 0.29146
            [Request] => Array
                (
                    [Method] => POST
                    [Headers] => Array
                        (
                            [User-Agent] => WooCommerce/5.1.0 Hookshot (WordPress/5.8.1)
                            [Content-Type] => application/json
                            [X-WC-Webhook-Source] => https://imperialtapeteseinteriores.com.br/
                            [X-WC-Webhook-Topic] => order.updated
                            [X-WC-Webhook-Resource] => order
                            [X-WC-Webhook-Event] => updated
                            [X-WC-Webhook-Signature] => GZ2RfmOopilbna7O4Q00AhayovBnQ2Kv68pXZD4+y4k=
                            [X-WC-Webhook-ID] => 2
                            [X-WC-Webhook-Delivery-ID] => a2aa4990a695f24413deba90d30dd89f
                        )

                )

            [Body] => Webhook body is not logged unless WP_DEBUG mode is turned on. This is to avoid the storing of personal data in the logs.
            [Response] => Array
                (
                    [Code] => 200
                    [Message] => OK
                    [Headers] => Requests_Utility_CaseInsensitiveDictionary Object
                        (
                            [data:protected] => Array
                                (
                                    [date] => Mon, 20 Sep 2021 00:11:46 GMT
                                    [content-type] => application/xml
                                    [content-length] => 178
                                    [content-encoding] => gzip
                                    [vary] => Accept-Encoding
                                    [cache-control] => no-cache, public, must-revalidate, max-age=2592000
                                    [cf-cache-status] => DYNAMIC
                                    [expect-ct] => max-age=604800, report-uri="https://report-uri.cloudflare.com/cdn-cgi/beacon/expect-ct"
                                    [server] => cloudflare
                                    [cf-ray] => 6916d69e1fd45a4c-IAD
                                )

                        )

                    [Body] => Webhook body is not logged unless WP_DEBUG mode is turned on. This is to avoid the storing of personal data in the logs.
                )

        )

)

2021-09-20T00:12:01+00:00 INFO Array
(
    [Webhook Delivery] => Array
        (
            [Delivery ID] => 6dce106675b06b4febcc538871970fc2
            [Date] => 20 de setembro de 2021 @ 00:12
            [URL] => https://www.bling.com.br/Api/v2/webhook/woocommerce/203702229/products
            [Duration] => 15.35573
            [Request] => Array
                (
                    [Method] => POST
                    [Headers] => Array
                        (
                            [User-Agent] => WooCommerce/5.1.0 Hookshot (WordPress/5.8.1)
                            [Content-Type] => application/json
                            [X-WC-Webhook-Source] => https://imperialtapeteseinteriores.com.br/
                            [X-WC-Webhook-Topic] => product.updated
                            [X-WC-Webhook-Resource] => product
                            [X-WC-Webhook-Event] => updated
                            [X-WC-Webhook-Signature] => zwfPlnfZMojEIuv4jkzaGICOkfqs2bO5YYklGNX6Oio=
                            [X-WC-Webhook-ID] => 4
                            [X-WC-Webhook-Delivery-ID] => 6dce106675b06b4febcc538871970fc2
                        )

                )

            [Body] => Webhook body is not logged unless WP_DEBUG mode is turned on. This is to avoid the storing of personal data in the logs.
            [Response] => Array
                (
                    [Code] => 200
                    [Message] => OK
                    [Headers] => Requests_Utility_CaseInsensitiveDictionary Object
                        (
                            [data:protected] => Array
                                (
                                    [date] => Mon, 20 Sep 2021 00:12:01 GMT
                                    [content-type] => application/xml
                                    [content-length] => 190
                                    [content-encoding] => gzip
                                    [vary] => Accept-Encoding
                                    [cache-control] => no-cache, public, must-revalidate, max-age=2592000
                                    [cf-cache-status] => DYNAMIC
                                    [expect-ct] => max-age=604800, report-uri="https://report-uri.cloudflare.com/cdn-cgi/beacon/expect-ct"
                                    [server] => cloudflare
                                    [cf-ray] => 6916d6a0385e5a75-IAD
                                )

                        )

                    [Body] => Webhook body is not logged unless WP_DEBUG mode is turned on. This is to avoid the storing of personal data in the logs.
                )

        )

)

2021-09-20T02:58:04+00:00 INFO Array
(
    [Webhook Delivery] => Array
        (
            [Delivery ID] => bc9764b7f3783123cf0730298ba31a34
            [Date] => 20 de setembro de 2021 @ 02:58
            [URL] => https://www.bling.com.br/Api/v2/webhook/woocommerce/203702229/orders
            [Duration] => 6.60324
            [Request] => Array
                (
                    [Method] => POST
                    [Headers] => Array
                        (
                            [User-Agent] => WooCommerce/5.1.0 Hookshot (WordPress/5.8.1)
                            [Content-Type] => application/json
                            [X-WC-Webhook-Source] => https://imperialtapeteseinteriores.com.br/
                            [X-WC-Webhook-Topic] => order.created
                            [X-WC-Webhook-Resource] => order
                            [X-WC-Webhook-Event] => created
                            [X-WC-Webhook-Signature] => Zyg9Sk9QHQLHRmhpEMDR9uVaVS3/t5Kr6zTQYZm0oSw=
                            [X-WC-Webhook-ID] => 1
                            [X-WC-Webhook-Delivery-ID] => bc9764b7f3783123cf0730298ba31a34
                        )

                )

            [Body] => Webhook body is not logged unless WP_DEBUG mode is turned on. This is to avoid the storing of personal data in the logs.
            [Response] => Array
                (
                    [Code] => 200
                    [Message] => OK
                    [Headers] => Requests_Utility_CaseInsensitiveDictionary Object
                        (
                            [data:protected] => Array
                                (
                                    [date] => Mon, 20 Sep 2021 02:58:04 GMT
                                    [content-type] => application/xml
                                    [content-length] => 181
                                    [content-encoding] => gzip
                                    [vary] => Accept-Encoding
                                    [cache-control] => no-cache, public, must-revalidate, max-age=2592000
                                    [cf-cache-status] => DYNAMIC
                                    [expect-ct] => max-age=604800, report-uri="https://report-uri.cloudflare.com/cdn-cgi/beacon/expect-ct"
                                    [server] => cloudflare
                                    [cf-ray] => 6917ca0f6d7757b5-IAD
                                )

                        )

                    [Body] => Webhook body is not logged unless WP_DEBUG mode is turned on. This is to avoid the storing of personal data in the logs.
                )

        )

)

2021-09-20T02:58:04+00:00 INFO Array
(
    [Webhook Delivery] => Array
        (
            [Delivery ID] => ef110592e8df067524f7eadfc8650441
            [Date] => 20 de setembro de 2021 @ 02:58
            [URL] => https://www.bling.com.br/Api/v2/webhook/woocommerce/203702229/orders
            [Duration] => 0.2897
            [Request] => Array
                (
                    [Method] => POST
                    [Headers] => Array
                        (
                            [User-Agent] => WooCommerce/5.1.0 Hookshot (WordPress/5.8.1)
                            [Content-Type] => application/json
                            [X-WC-Webhook-Source] => https://imperialtapeteseinteriores.com.br/
                            [X-WC-Webhook-Topic] => order.updated
                            [X-WC-Webhook-Resource] => order
                            [X-WC-Webhook-Event] => updated
                            [X-WC-Webhook-Signature] => N/y8/lsyP/2FhR+z/UKU/xB+CfPUn6dn5aVIboKFm/Y=
                            [X-WC-Webhook-ID] => 2
                            [X-WC-Webhook-Delivery-ID] => ef110592e8df067524f7eadfc8650441
                        )

                )

            [Body] => Webhook body is not logged unless WP_DEBUG mode is turned on. This is to avoid the storing of personal data in the logs.
            [Response] => Array
                (
                    [Code] => 200
                    [Message] => OK
                    [Headers] => Requests_Utility_CaseInsensitiveDictionary Object
                        (
                            [data:protected] => Array
                                (
                                    [date] => Mon, 20 Sep 2021 02:58:04 GMT
                                    [content-type] => application/xml
                                    [content-length] => 177
                                    [content-encoding] => gzip
                                    [vary] => Accept-Encoding
                                    [cache-control] => no-cache, public, must-revalidate, max-age=2592000
                                    [cf-cache-status] => DYNAMIC
                                    [expect-ct] => max-age=604800, report-uri="https://report-uri.cloudflare.com/cdn-cgi/beacon/expect-ct"
                                    [server] => cloudflare
                                    [cf-ray] => 6917ca38581f57ca-IAD
                                )

                        )

                    [Body] => Webhook body is not logged unless WP_DEBUG mode is turned on. This is to avoid the storing of personal data in the logs.
                )

        )

)

2021-09-20T03:00:06+00:00 INFO Array
(
    [Webhook Delivery] => Array
        (
            [Delivery ID] => 2a8bb97c8661929be5c827b4992e0930
            [Date] => 20 de setembro de 2021 @ 03:00
            [URL] => https://www.bling.com.br/Api/v2/webhook/woocommerce/203702229/orders
            [Duration] => 0.54276
            [Request] => Array
                (
                    [Method] => POST
                    [Headers] => Array
                        (
                            [User-Agent] => WooCommerce/5.1.0 Hookshot (WordPress/5.8.1)
                            [Content-Type] => application/json
                            [X-WC-Webhook-Source] => https://imperialtapeteseinteriores.com.br/
                            [X-WC-Webhook-Topic] => order.updated
                            [X-WC-Webhook-Resource] => order
                            [X-WC-Webhook-Event] => updated
                            [X-WC-Webhook-Signature] => N/y8/lsyP/2FhR+z/UKU/xB+CfPUn6dn5aVIboKFm/Y=
                            [X-WC-Webhook-ID] => 2
                            [X-WC-Webhook-Delivery-ID] => 2a8bb97c8661929be5c827b4992e0930
                        )

                )

            [Body] => Webhook body is not logged unless WP_DEBUG mode is turned on. This is to avoid the storing of personal data in the logs.
            [Response] => Array
                (
                    [Code] => 200
                    [Message] => OK
                    [Headers] => Requests_Utility_CaseInsensitiveDictionary Object
                        (
                            [data:protected] => Array
                                (
                                    [date] => Mon, 20 Sep 2021 03:00:06 GMT
                                    [content-type] => application/xml
                                    [content-length] => 183
                                    [content-encoding] => gzip
                                    [vary] => Accept-Encoding
                                    [cache-control] => no-cache, public, must-revalidate, max-age=2592000
                                    [cf-cache-status] => DYNAMIC
                                    [expect-ct] => max-age=604800, report-uri="https://report-uri.cloudflare.com/cdn-cgi/beacon/expect-ct"
                                    [server] => cloudflare
                                    [cf-ray] => 6917cd300be60633-IAD
                                )

                        )

                    [Body] => Webhook body is not logged unless WP_DEBUG mode is turned on. This is to avoid the storing of personal data in the logs.
                )

        )

)

2021-09-20T03:01:18+00:00 INFO Array
(
    [Webhook Delivery] => Array
        (
            [Delivery ID] => 774c37508a5248c3272705a05a408364
            [Date] => 20 de setembro de 2021 @ 03:01
            [URL] => https://www.bling.com.br/Api/v2/webhook/woocommerce/203702229/orders
            [Duration] => 0.48194
            [Request] => Array
                (
                    [Method] => POST
                    [Headers] => Array
                        (
                            [User-Agent] => WooCommerce/5.1.0 Hookshot (WordPress/5.8.1)
                            [Content-Type] => application/json
                            [X-WC-Webhook-Source] => https://imperialtapeteseinteriores.com.br/
                            [X-WC-Webhook-Topic] => order.updated
                            [X-WC-Webhook-Resource] => order
                            [X-WC-Webhook-Event] => updated
                            [X-WC-Webhook-Signature] => N/y8/lsyP/2FhR+z/UKU/xB+CfPUn6dn5aVIboKFm/Y=
                            [X-WC-Webhook-ID] => 2
                            [X-WC-Webhook-Delivery-ID] => 774c37508a5248c3272705a05a408364
                        )

                )

            [Body] => Webhook body is not logged unless WP_DEBUG mode is turned on. This is to avoid the storing of personal data in the logs.
            [Response] => Array
                (
                    [Code] => 200
                    [Message] => OK
                    [Headers] => Requests_Utility_CaseInsensitiveDictionary Object
                        (
                            [data:protected] => Array
                                (
                                    [date] => Mon, 20 Sep 2021 03:01:18 GMT
                                    [content-type] => application/xml
                                    [content-length] => 183
                                    [content-encoding] => gzip
                                    [vary] => Accept-Encoding
                                    [cache-control] => no-cache, public, must-revalidate, max-age=2592000
                                    [cf-cache-status] => DYNAMIC
                                    [expect-ct] => max-age=604800, report-uri="https://report-uri.cloudflare.com/cdn-cgi/beacon/expect-ct"
                                    [server] => cloudflare
                                    [cf-ray] => 6917cef4ea0b5a2d-IAD
                                )

                        )

                    [Body] => Webhook body is not logged unless WP_DEBUG mode is turned on. This is to avoid the storing of personal data in the logs.
                )

        )

)

2021-09-20T11:36:43+00:00 INFO Array
(
    [Webhook Delivery] => Array
        (
            [Delivery ID] => e59c42c70373ffeac83f128ee0db4109
            [Date] => 20 de setembro de 2021 @ 11:36
            [URL] => https://www.bling.com.br/Api/v2/webhook/woocommerce/203702229/orders
            [Duration] => 2.52445
            [Request] => Array
                (
                    [Method] => POST
                    [Headers] => Array
                        (
                            [User-Agent] => WooCommerce/5.1.0 Hookshot (WordPress/5.8.1)
                            [Content-Type] => application/json
                            [X-WC-Webhook-Source] => https://imperialtapeteseinteriores.com.br/
                            [X-WC-Webhook-Topic] => order.updated
                            [X-WC-Webhook-Resource] => order
                            [X-WC-Webhook-Event] => updated
                            [X-WC-Webhook-Signature] => jKbGvT52AZfRxUpdBMRTlpM1RvqZ1G8nWiri9QyZjv8=
                            [X-WC-Webhook-ID] => 2
                            [X-WC-Webhook-Delivery-ID] => e59c42c70373ffeac83f128ee0db4109
                        )

                )

            [Body] => Webhook body is not logged unless WP_DEBUG mode is turned on. This is to avoid the storing of personal data in the logs.
            [Response] => Array
                (
                    [Code] => 200
                    [Message] => OK
                    [Headers] => Requests_Utility_CaseInsensitiveDictionary Object
                        (
                            [data:protected] => Array
                                (
                                    [date] => Mon, 20 Sep 2021 11:36:43 GMT
                                    [content-type] => application/xml
                                    [content-length] => 183
                                    [content-encoding] => gzip
                                    [vary] => Accept-Encoding
                                    [cache-control] => no-cache, public, must-revalidate, max-age=2592000
                                    [cf-cache-status] => DYNAMIC
                                    [expect-ct] => max-age=604800, report-uri="https://report-uri.cloudflare.com/cdn-cgi/beacon/expect-ct"
                                    [server] => cloudflare
                                    [cf-ray] => 691ac1e6bd7d0678-IAD
                                )

                        )

                    [Body] => Webhook body is not logged unless WP_DEBUG mode is turned on. This is to avoid the storing of personal data in the logs.
                )

        )

)

2021-09-20T14:23:58+00:00 INFO Array
(
    [Webhook Delivery] => Array
        (
            [Delivery ID] => 409bf905d7b024c79540f98d70684fbe
            [Date] => 20 de setembro de 2021 @ 14:23
            [URL] => https://www.bling.com.br/Api/v2/webhook/woocommerce/203702229/orders
            [Duration] => 4.78427
            [Request] => Array
                (
                    [Method] => POST
                    [Headers] => Array
                        (
                            [User-Agent] => WooCommerce/5.1.0 Hookshot (WordPress/5.8.1)
                            [Content-Type] => application/json
                            [X-WC-Webhook-Source] => https://imperialtapeteseinteriores.com.br/
                            [X-WC-Webhook-Topic] => order.created
                            [X-WC-Webhook-Resource] => order
                            [X-WC-Webhook-Event] => created
                            [X-WC-Webhook-Signature] => y3u3l1bBqoMArWNdodDr/SgELis/rhL0EZwWsPFEfcE=
                            [X-WC-Webhook-ID] => 1
                            [X-WC-Webhook-Delivery-ID] => 409bf905d7b024c79540f98d70684fbe
                        )

                )

            [Body] => Webhook body is not logged unless WP_DEBUG mode is turned on. This is to avoid the storing of personal data in the logs.
            [Response] => Array
                (
                    [Code] => 200
                    [Message] => OK
                    [Headers] => Requests_Utility_CaseInsensitiveDictionary Object
                        (
                            [data:protected] => Array
                                (
                                    [date] => Mon, 20 Sep 2021 14:23:58 GMT
                                    [content-type] => application/xml
                                    [content-length] => 178
                                    [content-encoding] => gzip
                                    [vary] => Accept-Encoding
                                    [cache-control] => no-cache, public, must-revalidate, max-age=2592000
                                    [cf-cache-status] => DYNAMIC
                                    [expect-ct] => max-age=604800, report-uri="https://report-uri.cloudflare.com/cdn-cgi/beacon/expect-ct"
                                    [server] => cloudflare
                                    [cf-ray] => 691bb6d819e65c41-IAD
                                )

                        )

                    [Body] => Webhook body is not logged unless WP_DEBUG mode is turned on. This is to avoid the storing of personal data in the logs.
                )

        )

)

2021-09-20T14:23:58+00:00 INFO Array
(
    [Webhook Delivery] => Array
        (
            [Delivery ID] => f398b0f6f1c0c36e7816da68659f39b7
            [Date] => 20 de setembro de 2021 @ 14:23
            [URL] => https://www.bling.com.br/Api/v2/webhook/woocommerce/203702229/orders
            [Duration] => 0.4301
            [Request] => Array
                (
                    [Method] => POST
                    [Headers] => Array
                        (
                            [User-Agent] => WooCommerce/5.1.0 Hookshot (WordPress/5.8.1)
                            [Content-Type] => application/json
                            [X-WC-Webhook-Source] => https://imperialtapeteseinteriores.com.br/
                            [X-WC-Webhook-Topic] => order.updated
                            [X-WC-Webhook-Resource] => order
                            [X-WC-Webhook-Event] => updated
                            [X-WC-Webhook-Signature] => VEpMmZb6gwo6A6l4HFNWit6PVvgN7KJlF5NUrKRuW3I=
                            [X-WC-Webhook-ID] => 2
                            [X-WC-Webhook-Delivery-ID] => f398b0f6f1c0c36e7816da68659f39b7
                        )

                )

            [Body] => Webhook body is not logged unless WP_DEBUG mode is turned on. This is to avoid the storing of personal data in the logs.
            [Response] => Array
                (
                    [Code] => 200
                    [Message] => OK
                    [Headers] => Requests_Utility_CaseInsensitiveDictionary Object
                        (
                            [data:protected] => Array
                                (
                                    [date] => Mon, 20 Sep 2021 14:23:58 GMT
                                    [content-type] => application/xml
                                    [content-length] => 177
                                    [content-encoding] => gzip
                                    [vary] => Accept-Encoding
                                    [cache-control] => no-cache, public, must-revalidate, max-age=2592000
                                    [cf-cache-status] => DYNAMIC
                                    [expect-ct] => max-age=604800, report-uri="https://report-uri.cloudflare.com/cdn-cgi/beacon/expect-ct"
                                    [server] => cloudflare
                                    [cf-ray] => 691bb6f57e405a40-IAD
                                )

                        )

                    [Body] => Webhook body is not logged unless WP_DEBUG mode is turned on. This is to avoid the storing of personal data in the logs.
                )

        )

)

2021-09-20T14:24:58+00:00 INFO Array
(
    [Webhook Delivery] => Array
        (
            [Delivery ID] => 176d10d7becabf474bf1fc7bace488c5
            [Date] => 20 de setembro de 2021 @ 14:24
            [URL] => https://www.bling.com.br/Api/v2/webhook/woocommerce/203702229/products
            [Duration] => 60.02668
            [Request] => Array
                (
                    [Method] => POST
                    [Headers] => Array
                        (
                            [User-Agent] => WooCommerce/5.1.0 Hookshot (WordPress/5.8.1)
                            [Content-Type] => application/json
                            [X-WC-Webhook-Source] => https://imperialtapeteseinteriores.com.br/
                            [X-WC-Webhook-Topic] => product.updated
                            [X-WC-Webhook-Resource] => product
                            [X-WC-Webhook-Event] => updated
                            [X-WC-Webhook-Signature] => Y4P+uNOySQFMEum5ashVo192mfYJhxeFFsU+CgXO3iY=
                            [X-WC-Webhook-ID] => 4
                            [X-WC-Webhook-Delivery-ID] => 176d10d7becabf474bf1fc7bace488c5
                        )

                )

            [Body] => Webhook body is not logged unless WP_DEBUG mode is turned on. This is to avoid the storing of personal data in the logs.
            [Response] => Array
                (
                    [Code] => http_request_failed
                    [Message] => cURL error 28: Operation timed out after 60001 milliseconds with 0 bytes received
                    [Headers] => Array
                        (
                        )

                    [Body] => Webhook body is not logged unless WP_DEBUG mode is turned on. This is to avoid the storing of personal data in the logs.
                )

        )

)

2021-09-20T15:06:21+00:00 INFO Array
(
    [Webhook Delivery] => Array
        (
            [Delivery ID] => f92255c8ee304e08591f8e4ae1cabd8d
            [Date] => 20 de setembro de 2021 @ 15:06
            [URL] => https://www.bling.com.br/Api/v2/webhook/woocommerce/203702229/orders
            [Duration] => 4.67698
            [Request] => Array
                (
                    [Method] => POST
                    [Headers] => Array
                        (
                            [User-Agent] => WooCommerce/5.1.0 Hookshot (WordPress/5.8.1)
                            [Content-Type] => application/json
                            [X-WC-Webhook-Source] => https://imperialtapeteseinteriores.com.br/
                            [X-WC-Webhook-Topic] => order.created
                            [X-WC-Webhook-Resource] => order
                            [X-WC-Webhook-Event] => created
                            [X-WC-Webhook-Signature] => L03X0+L2NB7qNuFqJBi5PWSfdOgZ2YOMjFKvOC6Ab7k=
                            [X-WC-Webhook-ID] => 1
                            [X-WC-Webhook-Delivery-ID] => f92255c8ee304e08591f8e4ae1cabd8d
                        )

                )

            [Body] => Webhook body is not logged unless WP_DEBUG mode is turned on. This is to avoid the storing of personal data in the logs.
            [Response] => Array
                (
                    [Code] => 200
                    [Message] => OK
                    [Headers] => Requests_Utility_CaseInsensitiveDictionary Object
                        (
                            [data:protected] => Array
                                (
                                    [date] => Mon, 20 Sep 2021 15:06:21 GMT
                                    [content-type] => application/xml
                                    [content-length] => 179
                                    [content-encoding] => gzip
                                    [vary] => Accept-Encoding
                                    [cache-control] => no-cache, public, must-revalidate, max-age=2592000
                                    [cf-cache-status] => DYNAMIC
                                    [expect-ct] => max-age=604800, report-uri="https://report-uri.cloudflare.com/cdn-cgi/beacon/expect-ct"
                                    [server] => cloudflare
                                    [cf-ray] => 691bf4f1eb385c53-IAD
                                )

                        )

                    [Body] => Webhook body is not logged unless WP_DEBUG mode is turned on. This is to avoid the storing of personal data in the logs.
                )

        )

)

2021-09-20T15:06:22+00:00 INFO Array
(
    [Webhook Delivery] => Array
        (
            [Delivery ID] => 530d93e28174151779104f3daadf798f
            [Date] => 20 de setembro de 2021 @ 15:06
            [URL] => https://www.bling.com.br/Api/v2/webhook/woocommerce/203702229/orders
            [Duration] => 0.32692
            [Request] => Array
                (
                    [Method] => POST
                    [Headers] => Array
                        (
                            [User-Agent] => WooCommerce/5.1.0 Hookshot (WordPress/5.8.1)
                            [Content-Type] => application/json
                            [X-WC-Webhook-Source] => https://imperialtapeteseinteriores.com.br/
                            [X-WC-Webhook-Topic] => order.updated
                            [X-WC-Webhook-Resource] => order
                            [X-WC-Webhook-Event] => updated
                            [X-WC-Webhook-Signature] => xSUiNxccgCRUEQzjTw7AgcJhMvNafFpLHIQcy/MVd/o=
                            [X-WC-Webhook-ID] => 2
                            [X-WC-Webhook-Delivery-ID] => 530d93e28174151779104f3daadf798f
                        )

                )

            [Body] => Webhook body is not logged unless WP_DEBUG mode is turned on. This is to avoid the storing of personal data in the logs.
            [Response] => Array
                (
                    [Code] => 200
                    [Message] => OK
                    [Headers] => Requests_Utility_CaseInsensitiveDictionary Object
                        (
                            [data:protected] => Array
                                (
                                    [date] => Mon, 20 Sep 2021 15:06:22 GMT
                                    [content-type] => application/xml
                                    [content-length] => 178
                                    [content-encoding] => gzip
                                    [vary] => Accept-Encoding
                                    [cache-control] => no-cache, public, must-revalidate, max-age=2592000
                                    [cf-cache-status] => DYNAMIC
                                    [expect-ct] => max-age=604800, report-uri="https://report-uri.cloudflare.com/cdn-cgi/beacon/expect-ct"
                                    [server] => cloudflare
                                    [cf-ray] => 691bf50e4f675a69-IAD
                                )

                        )

                    [Body] => Webhook body is not logged unless WP_DEBUG mode is turned on. This is to avoid the storing of personal data in the logs.
                )

        )

)

2021-09-20T15:07:22+00:00 INFO Array
(
    [Webhook Delivery] => Array
        (
            [Delivery ID] => 616dfa4bd537dc1a16e502ae9e05d2fb
            [Date] => 20 de setembro de 2021 @ 15:07
            [URL] => https://www.bling.com.br/Api/v2/webhook/woocommerce/203702229/products
            [Duration] => 60.02649
            [Request] => Array
                (
                    [Method] => POST
                    [Headers] => Array
                        (
                            [User-Agent] => WooCommerce/5.1.0 Hookshot (WordPress/5.8.1)
                            [Content-Type] => application/json
                            [X-WC-Webhook-Source] => https://imperialtapeteseinteriores.com.br/
                            [X-WC-Webhook-Topic] => product.updated
                            [X-WC-Webhook-Resource] => product
                            [X-WC-Webhook-Event] => updated
                            [X-WC-Webhook-Signature] => JGbmglsK4E9JeQMq8ym4z41xMKDkEh6RnB0Hw1Mp7DQ=
                            [X-WC-Webhook-ID] => 4
                            [X-WC-Webhook-Delivery-ID] => 616dfa4bd537dc1a16e502ae9e05d2fb
                        )

                )

            [Body] => Webhook body is not logged unless WP_DEBUG mode is turned on. This is to avoid the storing of personal data in the logs.
            [Response] => Array
                (
                    [Code] => http_request_failed
                    [Message] => cURL error 28: Operation timed out after 60000 milliseconds with 0 bytes received
                    [Headers] => Array
                        (
                        )

                    [Body] => Webhook body is not logged unless WP_DEBUG mode is turned on. This is to avoid the storing of personal data in the logs.
                )

        )

)

2021-09-20T15:08:56+00:00 INFO Array
(
    [Webhook Delivery] => Array
        (
            [Delivery ID] => 4369abddf7e7806cb3becbfb2a1a6c13
            [Date] => 20 de setembro de 2021 @ 15:08
            [URL] => https://www.bling.com.br/Api/v2/webhook/woocommerce/203702229/products
            [Duration] => 25.08184
            [Request] => Array
                (
                    [Method] => POST
                    [Headers] => Array
                        (
                            [User-Agent] => WooCommerce/5.1.0 Hookshot (WordPress/5.8.1)
                            [Content-Type] => application/json
                            [X-WC-Webhook-Source] => https://imperialtapeteseinteriores.com.br/
                            [X-WC-Webhook-Topic] => product.updated
                            [X-WC-Webhook-Resource] => product
                            [X-WC-Webhook-Event] => updated
                            [X-WC-Webhook-Signature] => 9+ZfmXj1PkiFlYeqxw4kHcl4JqLDAXWVimf2DrgYcgc=
                            [X-WC-Webhook-ID] => 4
                            [X-WC-Webhook-Delivery-ID] => 4369abddf7e7806cb3becbfb2a1a6c13
                        )

                )

            [Body] => Webhook body is not logged unless WP_DEBUG mode is turned on. This is to avoid the storing of personal data in the logs.
            [Response] => Array
                (
                    [Code] => 200
                    [Message] => OK
                    [Headers] => Requests_Utility_CaseInsensitiveDictionary Object
                        (
                            [data:protected] => Array
                                (
                                    [date] => Mon, 20 Sep 2021 15:08:56 GMT
                                    [content-type] => application/xml
                                    [content-length] => 190
                                    [content-encoding] => gzip
                                    [vary] => Accept-Encoding
                                    [cache-control] => no-cache, public, must-revalidate, max-age=2592000
                                    [cf-cache-status] => DYNAMIC
                                    [expect-ct] => max-age=604800, report-uri="https://report-uri.cloudflare.com/cdn-cgi/beacon/expect-ct"
                                    [server] => cloudflare
                                    [cf-ray] => 691bf839ddfacf6c-IAD
                                )

                        )

                    [Body] => Webhook body is not logged unless WP_DEBUG mode is turned on. This is to avoid the storing of personal data in the logs.
                )

        )

)

2021-09-20T15:09:24+00:00 INFO Array
(
    [Webhook Delivery] => Array
        (
            [Delivery ID] => 65416976f7cda283765ddcd6574fd135
            [Date] => 20 de setembro de 2021 @ 15:09
            [URL] => https://www.bling.com.br/Api/v2/webhook/woocommerce/203702229/products
            [Duration] => 23.4573
            [Request] => Array
                (
                    [Method] => POST
                    [Headers] => Array
                        (
                            [User-Agent] => WooCommerce/5.1.0 Hookshot (WordPress/5.8.1)
                            [Content-Type] => application/json
                            [X-WC-Webhook-Source] => https://imperialtapeteseinteriores.com.br/
                            [X-WC-Webhook-Topic] => product.updated
                            [X-WC-Webhook-Resource] => product
                            [X-WC-Webhook-Event] => updated
                            [X-WC-Webhook-Signature] => cARpvlhcJNmk8Sp+2taoG3DwgBMW+X7HjECf7sbkIn0=
                            [X-WC-Webhook-ID] => 4
                            [X-WC-Webhook-Delivery-ID] => 65416976f7cda283765ddcd6574fd135
                        )

                )

            [Body] => Webhook body is not logged unless WP_DEBUG mode is turned on. This is to avoid the storing of personal data in the logs.
            [Response] => Array
                (
                    [Code] => 200
                    [Message] => OK
                    [Headers] => Requests_Utility_CaseInsensitiveDictionary Object
                        (
                            [data:protected] => Array
                                (
                                    [date] => Mon, 20 Sep 2021 15:09:24 GMT
                                    [content-type] => application/xml
                                    [content-length] => 178
                                    [content-encoding] => gzip
                                    [vary] => Accept-Encoding
                                    [cache-control] => no-cache, public, must-revalidate, max-age=2592000
                                    [cf-cache-status] => DYNAMIC
                                    [expect-ct] => max-age=604800, report-uri="https://report-uri.cloudflare.com/cdn-cgi/beacon/expect-ct"
                                    [server] => cloudflare
                                    [cf-ray] => 691bf8f08dc9c19d-IAD
                                )

                        )

                    [Body] => Webhook body is not logged unless WP_DEBUG mode is turned on. This is to avoid the storing of personal data in the logs.
                )

        )

)

2021-09-20T15:26:26+00:00 INFO Array
(
    [Webhook Delivery] => Array
        (
            [Delivery ID] => e538f30a8f75840f35e446e1c388b839
            [Date] => 20 de setembro de 2021 @ 15:26
            [URL] => https://www.bling.com.br/Api/v2/webhook/woocommerce/203702229/orders
            [Duration] => 4.45292
            [Request] => Array
                (
                    [Method] => POST
                    [Headers] => Array
                        (
                            [User-Agent] => WooCommerce/5.1.0 Hookshot (WordPress/5.8.1)
                            [Content-Type] => application/json
                            [X-WC-Webhook-Source] => https://imperialtapeteseinteriores.com.br/
                            [X-WC-Webhook-Topic] => order.created
                            [X-WC-Webhook-Resource] => order
                            [X-WC-Webhook-Event] => created
                            [X-WC-Webhook-Signature] => yHjT6O9v+mE1CUWuOm/C83nywvttgGqFnm32guQKzko=
                            [X-WC-Webhook-ID] => 1
                            [X-WC-Webhook-Delivery-ID] => e538f30a8f75840f35e446e1c388b839
                        )

                )

            [Body] => Webhook body is not logged unless WP_DEBUG mode is turned on. This is to avoid the storing of personal data in the logs.
            [Response] => Array
                (
                    [Code] => 200
                    [Message] => OK
                    [Headers] => Requests_Utility_CaseInsensitiveDictionary Object
                        (
                            [data:protected] => Array
                                (
                                    [date] => Mon, 20 Sep 2021 15:26:26 GMT
                                    [content-type] => application/xml
                                    [content-length] => 179
                                    [content-encoding] => gzip
                                    [vary] => Accept-Encoding
                                    [cache-control] => no-cache, public, must-revalidate, max-age=2592000
                                    [cf-cache-status] => DYNAMIC
                                    [expect-ct] => max-age=604800, report-uri="https://report-uri.cloudflare.com/cdn-cgi/beacon/expect-ct"
                                    [server] => cloudflare
                                    [cf-ray] => 691c125a8f005c3b-IAD
                                )

                        )

                    [Body] => Webhook body is not logged unless WP_DEBUG mode is turned on. This is to avoid the storing of personal data in the logs.
                )

        )

)

2021-09-20T15:26:26+00:00 INFO Array
(
    [Webhook Delivery] => Array
        (
            [Delivery ID] => 0d3bb3f18d789cf5c5b4fe05434bd9a3
            [Date] => 20 de setembro de 2021 @ 15:26
            [URL] => https://www.bling.com.br/Api/v2/webhook/woocommerce/203702229/orders
            [Duration] => 0.35548
            [Request] => Array
                (
                    [Method] => POST
                    [Headers] => Array
                        (
                            [User-Agent] => WooCommerce/5.1.0 Hookshot (WordPress/5.8.1)
                            [Content-Type] => application/json
                            [X-WC-Webhook-Source] => https://imperialtapeteseinteriores.com.br/
                            [X-WC-Webhook-Topic] => order.updated
                            [X-WC-Webhook-Resource] => order
                            [X-WC-Webhook-Event] => updated
                            [X-WC-Webhook-Signature] => q/qLjtY5Xrd4gYnfvQ0K9fQ0w3zxzl/7CHbRn1shqys=
                            [X-WC-Webhook-ID] => 2
                            [X-WC-Webhook-Delivery-ID] => 0d3bb3f18d789cf5c5b4fe05434bd9a3
                        )

                )

            [Body] => Webhook body is not logged unless WP_DEBUG mode is turned on. This is to avoid the storing of personal data in the logs.
            [Response] => Array
                (
                    [Code] => 200
                    [Message] => OK
                    [Headers] => Requests_Utility_CaseInsensitiveDictionary Object
                        (
                            [data:protected] => Array
                                (
                                    [date] => Mon, 20 Sep 2021 15:26:26 GMT
                                    [content-type] => application/xml
                                    [content-length] => 178
                                    [content-encoding] => gzip
                                    [vary] => Accept-Encoding
                                    [cache-control] => no-cache, public, must-revalidate, max-age=2592000
                                    [cf-cache-status] => DYNAMIC
                                    [expect-ct] => max-age=604800, report-uri="https://report-uri.cloudflare.com/cdn-cgi/beacon/expect-ct"
                                    [server] => cloudflare
                                    [cf-ray] => 691c12757fef0654-IAD
                                )

                        )

                    [Body] => Webhook body is not logged unless WP_DEBUG mode is turned on. This is to avoid the storing of personal data in the logs.
                )

        )

)

2021-09-20T15:27:15+00:00 INFO Array
(
    [Webhook Delivery] => Array
        (
            [Delivery ID] => 22eb6dd0c640abe8c806c28d7b08fbfd
            [Date] => 20 de setembro de 2021 @ 15:27
            [URL] => https://www.bling.com.br/Api/v2/webhook/woocommerce/203702229/products
            [Duration] => 49.07517
            [Request] => Array
                (
                    [Method] => POST
                    [Headers] => Array
                        (
                            [User-Agent] => WooCommerce/5.1.0 Hookshot (WordPress/5.8.1)
                            [Content-Type] => application/json
                            [X-WC-Webhook-Source] => https://imperialtapeteseinteriores.com.br/
                            [X-WC-Webhook-Topic] => product.updated
                            [X-WC-Webhook-Resource] => product
                            [X-WC-Webhook-Event] => updated
                            [X-WC-Webhook-Signature] => PBqFoA4wJ8wTDhxLZWQgnh7ZmdiHKeAkW+wSOTvWjvc=
                            [X-WC-Webhook-ID] => 4
                            [X-WC-Webhook-Delivery-ID] => 22eb6dd0c640abe8c806c28d7b08fbfd
                        )

                )

            [Body] => Webhook body is not logged unless WP_DEBUG mode is turned on. This is to avoid the storing of personal data in the logs.
            [Response] => Array
                (
                    [Code] => 200
                    [Message] => OK
                    [Headers] => Requests_Utility_CaseInsensitiveDictionary Object
                        (
                            [data:protected] => Array
                                (
                                    [date] => Mon, 20 Sep 2021 15:27:15 GMT
                                    [content-type] => application/xml
                                    [content-length] => 191
                                    [content-encoding] => gzip
                                    [vary] => Accept-Encoding
                                    [cache-control] => no-cache, public, must-revalidate, max-age=2592000
                                    [cf-cache-status] => DYNAMIC
                                    [expect-ct] => max-age=604800, report-uri="https://report-uri.cloudflare.com/cdn-cgi/beacon/expect-ct"
                                    [server] => cloudflare
                                    [cf-ray] => 691c12780d4a5914-IAD
                                )

                        )

                    [Body] => Webhook body is not logged unless WP_DEBUG mode is turned on. This is to avoid the storing of personal data in the logs.
                )

        )

)

2021-09-20T17:44:00+00:00 INFO Array
(
    [Webhook Delivery] => Array
        (
            [Delivery ID] => 3be236316d65b9b4da25ccedbfec2067
            [Date] => 20 de setembro de 2021 @ 17:44
            [URL] => https://www.bling.com.br/Api/v2/webhook/woocommerce/203702229/orders
            [Duration] => 6.52032
            [Request] => Array
                (
                    [Method] => POST
                    [Headers] => Array
                        (
                            [User-Agent] => WooCommerce/5.1.0 Hookshot (WordPress/5.8.1)
                            [Content-Type] => application/json
                            [X-WC-Webhook-Source] => https://imperialtapeteseinteriores.com.br/
                            [X-WC-Webhook-Topic] => order.created
                            [X-WC-Webhook-Resource] => order
                            [X-WC-Webhook-Event] => created
                            [X-WC-Webhook-Signature] => jDctsyEyymVWAZAxNkSWyS9tcpfc8FBqvPGYqGJSFz0=
                            [X-WC-Webhook-ID] => 1
                            [X-WC-Webhook-Delivery-ID] => 3be236316d65b9b4da25ccedbfec2067
                        )

                )

            [Body] => Webhook body is not logged unless WP_DEBUG mode is turned on. This is to avoid the storing of personal data in the logs.
            [Response] => Array
                (
                    [Code] => 200
                    [Message] => OK
                    [Headers] => Requests_Utility_CaseInsensitiveDictionary Object
                        (
                            [data:protected] => Array
                                (
                                    [date] => Mon, 20 Sep 2021 17:44:00 GMT
                                    [content-type] => application/xml
                                    [content-length] => 179
                                    [content-encoding] => gzip
                                    [vary] => Accept-Encoding
                                    [cache-control] => no-cache, public, must-revalidate, max-age=2592000
                                    [cf-cache-status] => DYNAMIC
                                    [expect-ct] => max-age=604800, report-uri="https://report-uri.cloudflare.com/cdn-cgi/beacon/expect-ct"
                                    [server] => cloudflare
                                    [cf-ray] => 691cdbd46a255aec-IAD
                                )

                        )

                    [Body] => Webhook body is not logged unless WP_DEBUG mode is turned on. This is to avoid the storing of personal data in the logs.
                )

        )

)

2021-09-20T17:44:01+00:00 INFO Array
(
    [Webhook Delivery] => Array
        (
            [Delivery ID] => 518290e7c0acc901015c93a573be15df
            [Date] => 20 de setembro de 2021 @ 17:44
            [URL] => https://www.bling.com.br/Api/v2/webhook/woocommerce/203702229/orders
            [Duration] => 0.42077
            [Request] => Array
                (
                    [Method] => POST
                    [Headers] => Array
                        (
                            [User-Agent] => WooCommerce/5.1.0 Hookshot (WordPress/5.8.1)
                            [Content-Type] => application/json
                            [X-WC-Webhook-Source] => https://imperialtapeteseinteriores.com.br/
                            [X-WC-Webhook-Topic] => order.updated
                            [X-WC-Webhook-Resource] => order
                            [X-WC-Webhook-Event] => updated
                            [X-WC-Webhook-Signature] => AiIRzmFtkleN2TtHFzxMu6nW0IPJ+ywqAhzWs4NukGE=
                            [X-WC-Webhook-ID] => 2
                            [X-WC-Webhook-Delivery-ID] => 518290e7c0acc901015c93a573be15df
                        )

                )

            [Body] => Webhook body is not logged unless WP_DEBUG mode is turned on. This is to avoid the storing of personal data in the logs.
            [Response] => Array
                (
                    [Code] => 200
                    [Message] => OK
                    [Headers] => Requests_Utility_CaseInsensitiveDictionary Object
                        (
                            [data:protected] => Array
                                (
                                    [date] => Mon, 20 Sep 2021 17:44:01 GMT
                                    [content-type] => application/xml
                                    [content-length] => 178
                                    [content-encoding] => gzip
                                    [vary] => Accept-Encoding
                                    [cache-control] => no-cache, public, must-revalidate, max-age=2592000
                                    [cf-cache-status] => DYNAMIC
                                    [expect-ct] => max-age=604800, report-uri="https://report-uri.cloudflare.com/cdn-cgi/beacon/expect-ct"
                                    [server] => cloudflare
                                    [cf-ray] => 691cdbfc8ab7cf60-IAD
                                )

                        )

                    [Body] => Webhook body is not logged unless WP_DEBUG mode is turned on. This is to avoid the storing of personal data in the logs.
                )

        )

)

2021-09-20T17:44:24+00:00 INFO Array
(
    [Webhook Delivery] => Array
        (
            [Delivery ID] => 01e3852e5ad76072f16f1def614ba7a2
            [Date] => 20 de setembro de 2021 @ 17:44
            [URL] => https://www.bling.com.br/Api/v2/webhook/woocommerce/203702229/products
            [Duration] => 23.379
            [Request] => Array
                (
                    [Method] => POST
                    [Headers] => Array
                        (
                            [User-Agent] => WooCommerce/5.1.0 Hookshot (WordPress/5.8.1)
                            [Content-Type] => application/json
                            [X-WC-Webhook-Source] => https://imperialtapeteseinteriores.com.br/
                            [X-WC-Webhook-Topic] => product.updated
                            [X-WC-Webhook-Resource] => product
                            [X-WC-Webhook-Event] => updated
                            [X-WC-Webhook-Signature] => fYVv5hjNqpBD7PyY/AU09I8y28zKmQMlPaqfoiklz+Q=
                            [X-WC-Webhook-ID] => 4
                            [X-WC-Webhook-Delivery-ID] => 01e3852e5ad76072f16f1def614ba7a2
                        )

                )

            [Body] => Webhook body is not logged unless WP_DEBUG mode is turned on. This is to avoid the storing of personal data in the logs.
            [Response] => Array
                (
                    [Code] => 200
                    [Message] => OK
                    [Headers] => Requests_Utility_CaseInsensitiveDictionary Object
                        (
                            [data:protected] => Array
                                (
                                    [date] => Mon, 20 Sep 2021 17:44:24 GMT
                                    [content-type] => application/xml
                                    [content-length] => 178
                                    [content-encoding] => gzip
                                    [vary] => Accept-Encoding
                                    [cache-control] => no-cache, public, must-revalidate, max-age=2592000
                                    [cf-cache-status] => DYNAMIC
                                    [expect-ct] => max-age=604800, report-uri="https://report-uri.cloudflare.com/cdn-cgi/beacon/expect-ct"
                                    [server] => cloudflare
                                    [cf-ray] => 691cdbff9b07062b-IAD
                                )

                        )

                    [Body] => Webhook body is not logged unless WP_DEBUG mode is turned on. This is to avoid the storing of personal data in the logs.
                )

        )

)

