2021-08-28T11:01:17+00:00 INFO Array
(
    [Webhook Delivery] => Array
        (
            [Delivery ID] => 689b3da08485c6eb23d50feeb738e023
            [Date] => 28 de agosto de 2021 @ 11:01
            [URL] => https://www.bling.com.br/Api/v2/webhook/woocommerce/203702229/orders
            [Duration] => 1.6221
            [Request] => Array
                (
                    [Method] => POST
                    [Headers] => Array
                        (
                            [User-Agent] => WooCommerce/5.1.0 Hookshot (WordPress/5.8)
                            [Content-Type] => application/json
                            [X-WC-Webhook-Source] => https://34.196.236.239/
                            [X-WC-Webhook-Topic] => order.updated
                            [X-WC-Webhook-Resource] => order
                            [X-WC-Webhook-Event] => updated
                            [X-WC-Webhook-Signature] => l/3O40sROyUg/7hpDbAwcazLrMrsxebhdH8BbvdO/Ks=
                            [X-WC-Webhook-ID] => 2
                            [X-WC-Webhook-Delivery-ID] => 689b3da08485c6eb23d50feeb738e023
                        )

                )

            [Body] => Webhook body is not logged unless WP_DEBUG mode is turned on. This is to avoid the storing of personal data in the logs.
            [Response] => Array
                (
                    [Code] => 200
                    [Message] => OK
                    [Headers] => Requests_Utility_CaseInsensitiveDictionary Object
                        (
                            [data:protected] => Array
                                (
                                    [date] => Sat, 28 Aug 2021 11:01:17 GMT
                                    [content-type] => application/xml
                                    [content-length] => 176
                                    [content-encoding] => gzip
                                    [vary] => Accept-Encoding
                                    [cache-control] => no-cache, public, must-revalidate, max-age=2592000
                                    [cf-cache-status] => DYNAMIC
                                    [expect-ct] => max-age=604800, report-uri="https://report-uri.cloudflare.com/cdn-cgi/beacon/expect-ct"
                                    [server] => cloudflare
                                    [cf-ray] => 685d0a67090056b0-IAD
                                )

                        )

                    [Body] => Webhook body is not logged unless WP_DEBUG mode is turned on. This is to avoid the storing of personal data in the logs.
                )

        )

)

2021-08-28T11:06:57+00:00 INFO Array
(
    [Webhook Delivery] => Array
        (
            [Delivery ID] => 23513cac17f07b284f81f76521e30883
            [Date] => 28 de agosto de 2021 @ 11:06
            [URL] => https://www.bling.com.br/Api/v2/webhook/woocommerce/203702229/orders
            [Duration] => 0.47514
            [Request] => Array
                (
                    [Method] => POST
                    [Headers] => Array
                        (
                            [User-Agent] => WooCommerce/5.1.0 Hookshot (WordPress/5.8)
                            [Content-Type] => application/json
                            [X-WC-Webhook-Source] => https://imperialtapeteseinteriores.com.br/
                            [X-WC-Webhook-Topic] => order.updated
                            [X-WC-Webhook-Resource] => order
                            [X-WC-Webhook-Event] => updated
                            [X-WC-Webhook-Signature] => OIOkOEMf1Y/7cyiKcxebntYD+XNVnv1cbhFnHyG8dK0=
                            [X-WC-Webhook-ID] => 2
                            [X-WC-Webhook-Delivery-ID] => 23513cac17f07b284f81f76521e30883
                        )

                )

            [Body] => Webhook body is not logged unless WP_DEBUG mode is turned on. This is to avoid the storing of personal data in the logs.
            [Response] => Array
                (
                    [Code] => 200
                    [Message] => OK
                    [Headers] => Requests_Utility_CaseInsensitiveDictionary Object
                        (
                            [data:protected] => Array
                                (
                                    [date] => Sat, 28 Aug 2021 11:06:57 GMT
                                    [content-type] => application/xml
                                    [content-length] => 177
                                    [content-encoding] => gzip
                                    [vary] => Accept-Encoding
                                    [cache-control] => no-cache, public, must-revalidate, max-age=2592000
                                    [cf-cache-status] => DYNAMIC
                                    [expect-ct] => max-age=604800, report-uri="https://report-uri.cloudflare.com/cdn-cgi/beacon/expect-ct"
                                    [server] => cloudflare
                                    [cf-ray] => 685d12bcdf04cf04-IAD
                                )

                        )

                    [Body] => Webhook body is not logged unless WP_DEBUG mode is turned on. This is to avoid the storing of personal data in the logs.
                )

        )

)

2021-08-28T12:39:41+00:00 INFO Array
(
    [Webhook Delivery] => Array
        (
            [Delivery ID] => 86437842d87335a7a4f960c3cf58c867
            [Date] => 28 de agosto de 2021 @ 12:39
            [URL] => https://www.bling.com.br/Api/v2/webhook/woocommerce/203702229/orders
            [Duration] => 0.51367
            [Request] => Array
                (
                    [Method] => POST
                    [Headers] => Array
                        (
                            [User-Agent] => WooCommerce/5.1.0 Hookshot (WordPress/5.8)
                            [Content-Type] => application/json
                            [X-WC-Webhook-Source] => https://imperialtapeteseinteriores.com.br/
                            [X-WC-Webhook-Topic] => order.updated
                            [X-WC-Webhook-Resource] => order
                            [X-WC-Webhook-Event] => updated
                            [X-WC-Webhook-Signature] => bzAkbGjvJNEhJG/9FOHRYTSEfl+7ERtUgVMC9hgKyqY=
                            [X-WC-Webhook-ID] => 2
                            [X-WC-Webhook-Delivery-ID] => 86437842d87335a7a4f960c3cf58c867
                        )

                )

            [Body] => Webhook body is not logged unless WP_DEBUG mode is turned on. This is to avoid the storing of personal data in the logs.
            [Response] => Array
                (
                    [Code] => 200
                    [Message] => OK
                    [Headers] => Requests_Utility_CaseInsensitiveDictionary Object
                        (
                            [data:protected] => Array
                                (
                                    [date] => Sat, 28 Aug 2021 12:39:41 GMT
                                    [content-type] => application/xml
                                    [content-length] => 158
                                    [content-encoding] => gzip
                                    [vary] => Accept-Encoding
                                    [cache-control] => no-cache, public, must-revalidate, max-age=2592000
                                    [cf-cache-status] => DYNAMIC
                                    [expect-ct] => max-age=604800, report-uri="https://report-uri.cloudflare.com/cdn-cgi/beacon/expect-ct"
                                    [server] => cloudflare
                                    [cf-ray] => 685d9a9558235c7d-IAD
                                )

                        )

                    [Body] => Webhook body is not logged unless WP_DEBUG mode is turned on. This is to avoid the storing of personal data in the logs.
                )

        )

)

2021-08-28T13:04:55+00:00 INFO Array
(
    [Webhook Delivery] => Array
        (
            [Delivery ID] => 0622a351b5373e2ecf022a29c16e65ef
            [Date] => 28 de agosto de 2021 @ 13:04
            [URL] => https://www.bling.com.br/Api/v2/webhook/woocommerce/203702229/products
            [Duration] => 10.44647
            [Request] => Array
                (
                    [Method] => POST
                    [Headers] => Array
                        (
                            [User-Agent] => WooCommerce/5.1.0 Hookshot (WordPress/5.8)
                            [Content-Type] => application/json
                            [X-WC-Webhook-Source] => https://imperialtapeteseinteriores.com.br/
                            [X-WC-Webhook-Topic] => product.updated
                            [X-WC-Webhook-Resource] => product
                            [X-WC-Webhook-Event] => updated
                            [X-WC-Webhook-Signature] => WO8BlkhP4z+isGBxdyTH/WccUaxqfub8EmTP1EJWBlY=
                            [X-WC-Webhook-ID] => 4
                            [X-WC-Webhook-Delivery-ID] => 0622a351b5373e2ecf022a29c16e65ef
                        )

                )

            [Body] => Webhook body is not logged unless WP_DEBUG mode is turned on. This is to avoid the storing of personal data in the logs.
            [Response] => Array
                (
                    [Code] => 200
                    [Message] => OK
                    [Headers] => Requests_Utility_CaseInsensitiveDictionary Object
                        (
                            [data:protected] => Array
                                (
                                    [date] => Sat, 28 Aug 2021 13:04:55 GMT
                                    [content-type] => application/xml
                                    [content-length] => 181
                                    [content-encoding] => gzip
                                    [vary] => Accept-Encoding
                                    [cache-control] => no-cache, public, must-revalidate, max-age=2592000
                                    [cf-cache-status] => DYNAMIC
                                    [expect-ct] => max-age=604800, report-uri="https://report-uri.cloudflare.com/cdn-cgi/beacon/expect-ct"
                                    [server] => cloudflare
                                    [cf-ray] => 685dbf4e7f765c1c-IAD
                                )

                        )

                    [Body] => Webhook body is not logged unless WP_DEBUG mode is turned on. This is to avoid the storing of personal data in the logs.
                )

        )

)

2021-08-28T13:22:51+00:00 INFO Array
(
    [Webhook Delivery] => Array
        (
            [Delivery ID] => ba247692bc72ca3bc84eade641290990
            [Date] => 28 de agosto de 2021 @ 13:22
            [URL] => https://www.bling.com.br/Api/v2/webhook/woocommerce/203702229/products
            [Duration] => 13.50069
            [Request] => Array
                (
                    [Method] => POST
                    [Headers] => Array
                        (
                            [User-Agent] => WooCommerce/5.1.0 Hookshot (WordPress/5.8)
                            [Content-Type] => application/json
                            [X-WC-Webhook-Source] => https://imperialtapeteseinteriores.com.br/
                            [X-WC-Webhook-Topic] => product.updated
                            [X-WC-Webhook-Resource] => product
                            [X-WC-Webhook-Event] => updated
                            [X-WC-Webhook-Signature] => HPm+A1wqZ1gYCmvYa31T0hPTh3rdecLVYt2T4S4lyp4=
                            [X-WC-Webhook-ID] => 4
                            [X-WC-Webhook-Delivery-ID] => ba247692bc72ca3bc84eade641290990
                        )

                )

            [Body] => Webhook body is not logged unless WP_DEBUG mode is turned on. This is to avoid the storing of personal data in the logs.
            [Response] => Array
                (
                    [Code] => 200
                    [Message] => OK
                    [Headers] => Requests_Utility_CaseInsensitiveDictionary Object
                        (
                            [data:protected] => Array
                                (
                                    [date] => Sat, 28 Aug 2021 13:22:51 GMT
                                    [content-type] => application/xml
                                    [content-length] => 200
                                    [content-encoding] => gzip
                                    [vary] => Accept-Encoding
                                    [cache-control] => no-cache, public, must-revalidate, max-age=2592000
                                    [cf-cache-status] => DYNAMIC
                                    [expect-ct] => max-age=604800, report-uri="https://report-uri.cloudflare.com/cdn-cgi/beacon/expect-ct"
                                    [server] => cloudflare
                                    [cf-ray] => 685dd9801dc137ed-IAD
                                )

                        )

                    [Body] => Webhook body is not logged unless WP_DEBUG mode is turned on. This is to avoid the storing of personal data in the logs.
                )

        )

)

2021-08-28T13:53:44+00:00 INFO Array
(
    [Webhook Delivery] => Array
        (
            [Delivery ID] => 0a007f71896fd67463cf0a58879b74cc
            [Date] => 28 de agosto de 2021 @ 13:53
            [URL] => https://www.bling.com.br/Api/v2/webhook/woocommerce/203702229/products
            [Duration] => 18.6281
            [Request] => Array
                (
                    [Method] => POST
                    [Headers] => Array
                        (
                            [User-Agent] => WooCommerce/5.1.0 Hookshot (WordPress/5.8)
                            [Content-Type] => application/json
                            [X-WC-Webhook-Source] => https://imperialtapeteseinteriores.com.br/
                            [X-WC-Webhook-Topic] => product.updated
                            [X-WC-Webhook-Resource] => product
                            [X-WC-Webhook-Event] => updated
                            [X-WC-Webhook-Signature] => mem1BVonCBDLwzY/r7jxK242pRdlZLFvrgmd9RJ/NsM=
                            [X-WC-Webhook-ID] => 4
                            [X-WC-Webhook-Delivery-ID] => 0a007f71896fd67463cf0a58879b74cc
                        )

                )

            [Body] => Webhook body is not logged unless WP_DEBUG mode is turned on. This is to avoid the storing of personal data in the logs.
            [Response] => Array
                (
                    [Code] => 200
                    [Message] => OK
                    [Headers] => Requests_Utility_CaseInsensitiveDictionary Object
                        (
                            [data:protected] => Array
                                (
                                    [date] => Sat, 28 Aug 2021 13:53:44 GMT
                                    [content-type] => application/xml
                                    [content-length] => 184
                                    [content-encoding] => gzip
                                    [vary] => Accept-Encoding
                                    [cache-control] => no-cache, public, must-revalidate, max-age=2592000
                                    [cf-cache-status] => DYNAMIC
                                    [expect-ct] => max-age=604800, report-uri="https://report-uri.cloudflare.com/cdn-cgi/beacon/expect-ct"
                                    [server] => cloudflare
                                    [cf-ray] => 685e069e9e6a57a8-IAD
                                )

                        )

                    [Body] => Webhook body is not logged unless WP_DEBUG mode is turned on. This is to avoid the storing of personal data in the logs.
                )

        )

)

2021-08-28T16:05:38+00:00 INFO Array
(
    [Webhook Delivery] => Array
        (
            [Delivery ID] => 9ab04b395505250ad4f0ec267342e8d1
            [Date] => 28 de agosto de 2021 @ 16:05
            [URL] => https://www.bling.com.br/Api/v2/webhook/woocommerce/203702229/orders
            [Duration] => 5.97471
            [Request] => Array
                (
                    [Method] => POST
                    [Headers] => Array
                        (
                            [User-Agent] => WooCommerce/5.1.0 Hookshot (WordPress/5.8)
                            [Content-Type] => application/json
                            [X-WC-Webhook-Source] => https://imperialtapeteseinteriores.com.br/
                            [X-WC-Webhook-Topic] => order.created
                            [X-WC-Webhook-Resource] => order
                            [X-WC-Webhook-Event] => created
                            [X-WC-Webhook-Signature] => kwritIWC2ta0pnr8qX1n/gc+Gi6Ija4FjybvaMmawq0=
                            [X-WC-Webhook-ID] => 1
                            [X-WC-Webhook-Delivery-ID] => 9ab04b395505250ad4f0ec267342e8d1
                        )

                )

            [Body] => Webhook body is not logged unless WP_DEBUG mode is turned on. This is to avoid the storing of personal data in the logs.
            [Response] => Array
                (
                    [Code] => 200
                    [Message] => OK
                    [Headers] => Requests_Utility_CaseInsensitiveDictionary Object
                        (
                            [data:protected] => Array
                                (
                                    [date] => Sat, 28 Aug 2021 16:05:38 GMT
                                    [content-type] => application/xml
                                    [content-length] => 180
                                    [content-encoding] => gzip
                                    [vary] => Accept-Encoding
                                    [cache-control] => no-cache, public, must-revalidate, max-age=2592000
                                    [cf-cache-status] => DYNAMIC
                                    [expect-ct] => max-age=604800, report-uri="https://report-uri.cloudflare.com/cdn-cgi/beacon/expect-ct"
                                    [server] => cloudflare
                                    [cf-ray] => 685ec823fb9e0658-IAD
                                )

                        )

                    [Body] => Webhook body is not logged unless WP_DEBUG mode is turned on. This is to avoid the storing of personal data in the logs.
                )

        )

)

2021-08-28T16:05:39+00:00 INFO Array
(
    [Webhook Delivery] => Array
        (
            [Delivery ID] => e73407f81804beb93847a4486e3f8e79
            [Date] => 28 de agosto de 2021 @ 16:05
            [URL] => https://www.bling.com.br/Api/v2/webhook/woocommerce/203702229/orders
            [Duration] => 0.31667
            [Request] => Array
                (
                    [Method] => POST
                    [Headers] => Array
                        (
                            [User-Agent] => WooCommerce/5.1.0 Hookshot (WordPress/5.8)
                            [Content-Type] => application/json
                            [X-WC-Webhook-Source] => https://imperialtapeteseinteriores.com.br/
                            [X-WC-Webhook-Topic] => order.updated
                            [X-WC-Webhook-Resource] => order
                            [X-WC-Webhook-Event] => updated
                            [X-WC-Webhook-Signature] => x+iOxMeoVAN8m7Pm10XXIS3cx1HTMmGx20bQwHAjndE=
                            [X-WC-Webhook-ID] => 2
                            [X-WC-Webhook-Delivery-ID] => e73407f81804beb93847a4486e3f8e79
                        )

                )

            [Body] => Webhook body is not logged unless WP_DEBUG mode is turned on. This is to avoid the storing of personal data in the logs.
            [Response] => Array
                (
                    [Code] => 200
                    [Message] => OK
                    [Headers] => Requests_Utility_CaseInsensitiveDictionary Object
                        (
                            [data:protected] => Array
                                (
                                    [date] => Sat, 28 Aug 2021 16:05:39 GMT
                                    [content-type] => application/xml
                                    [content-length] => 177
                                    [content-encoding] => gzip
                                    [vary] => Accept-Encoding
                                    [cache-control] => no-cache, public, must-revalidate, max-age=2592000
                                    [cf-cache-status] => DYNAMIC
                                    [expect-ct] => max-age=604800, report-uri="https://report-uri.cloudflare.com/cdn-cgi/beacon/expect-ct"
                                    [server] => cloudflare
                                    [cf-ray] => 685ec846ae235cef-IAD
                                )

                        )

                    [Body] => Webhook body is not logged unless WP_DEBUG mode is turned on. This is to avoid the storing of personal data in the logs.
                )

        )

)

2021-08-28T16:05:43+00:00 INFO Array
(
    [Webhook Delivery] => Array
        (
            [Delivery ID] => 0447d975b6e4eda5c20115acd62cb438
            [Date] => 28 de agosto de 2021 @ 16:05
            [URL] => https://www.bling.com.br/Api/v2/webhook/woocommerce/203702229/products
            [Duration] => 4.40909
            [Request] => Array
                (
                    [Method] => POST
                    [Headers] => Array
                        (
                            [User-Agent] => WooCommerce/5.1.0 Hookshot (WordPress/5.8)
                            [Content-Type] => application/json
                            [X-WC-Webhook-Source] => https://imperialtapeteseinteriores.com.br/
                            [X-WC-Webhook-Topic] => product.updated
                            [X-WC-Webhook-Resource] => product
                            [X-WC-Webhook-Event] => updated
                            [X-WC-Webhook-Signature] => atfCg0gL4ijUTvZjvMAHBz1jNXNQjchov7xdKmqPMy8=
                            [X-WC-Webhook-ID] => 4
                            [X-WC-Webhook-Delivery-ID] => 0447d975b6e4eda5c20115acd62cb438
                        )

                )

            [Body] => Webhook body is not logged unless WP_DEBUG mode is turned on. This is to avoid the storing of personal data in the logs.
            [Response] => Array
                (
                    [Code] => 200
                    [Message] => OK
                    [Headers] => Requests_Utility_CaseInsensitiveDictionary Object
                        (
                            [data:protected] => Array
                                (
                                    [date] => Sat, 28 Aug 2021 16:05:43 GMT
                                    [content-type] => application/xml
                                    [content-length] => 186
                                    [content-encoding] => gzip
                                    [vary] => Accept-Encoding
                                    [cache-control] => no-cache, public, must-revalidate, max-age=2592000
                                    [cf-cache-status] => DYNAMIC
                                    [expect-ct] => max-age=604800, report-uri="https://report-uri.cloudflare.com/cdn-cgi/beacon/expect-ct"
                                    [server] => cloudflare
                                    [cf-ray] => 685ec848e9a35cc5-IAD
                                )

                        )

                    [Body] => Webhook body is not logged unless WP_DEBUG mode is turned on. This is to avoid the storing of personal data in the logs.
                )

        )

)

2021-08-28T16:41:44+00:00 INFO Array
(
    [Webhook Delivery] => Array
        (
            [Delivery ID] => 8d2afcb1ca9be8bf699a518b3ddb32eb
            [Date] => 28 de agosto de 2021 @ 16:41
            [URL] => https://www.bling.com.br/Api/v2/webhook/woocommerce/203702229/orders
            [Duration] => 0.56769
            [Request] => Array
                (
                    [Method] => POST
                    [Headers] => Array
                        (
                            [User-Agent] => WooCommerce/5.1.0 Hookshot (WordPress/5.8)
                            [Content-Type] => application/json
                            [X-WC-Webhook-Source] => https://imperialtapeteseinteriores.com.br/
                            [X-WC-Webhook-Topic] => order.updated
                            [X-WC-Webhook-Resource] => order
                            [X-WC-Webhook-Event] => updated
                            [X-WC-Webhook-Signature] => JMLcdCYB6A/MuVwrHOwLEJ27ZnZfVDAgcl6W4bNJW0A=
                            [X-WC-Webhook-ID] => 2
                            [X-WC-Webhook-Delivery-ID] => 8d2afcb1ca9be8bf699a518b3ddb32eb
                        )

                )

            [Body] => Webhook body is not logged unless WP_DEBUG mode is turned on. This is to avoid the storing of personal data in the logs.
            [Response] => Array
                (
                    [Code] => 200
                    [Message] => OK
                    [Headers] => Requests_Utility_CaseInsensitiveDictionary Object
                        (
                            [data:protected] => Array
                                (
                                    [date] => Sat, 28 Aug 2021 16:41:44 GMT
                                    [content-type] => application/xml
                                    [content-length] => 179
                                    [content-encoding] => gzip
                                    [vary] => Accept-Encoding
                                    [cache-control] => no-cache, public, must-revalidate, max-age=2592000
                                    [cf-cache-status] => DYNAMIC
                                    [expect-ct] => max-age=604800, report-uri="https://report-uri.cloudflare.com/cdn-cgi/beacon/expect-ct"
                                    [server] => cloudflare
                                    [cf-ray] => 685efd206b1f5d8b-IAD
                                )

                        )

                    [Body] => Webhook body is not logged unless WP_DEBUG mode is turned on. This is to avoid the storing of personal data in the logs.
                )

        )

)

